[2025-05-07T23:36:38.511+0000] {taskinstance.py:1103} INFO - Dependencies all met for dep_context=non-requeueable deps ti=<TaskInstance: graph_analysis.build_graph manual__2025-05-07T23:14:36.293334+00:00 [queued]>
[2025-05-07T23:36:38.517+0000] {taskinstance.py:1103} INFO - Dependencies all met for dep_context=requeueable deps ti=<TaskInstance: graph_analysis.build_graph manual__2025-05-07T23:14:36.293334+00:00 [queued]>
[2025-05-07T23:36:38.517+0000] {taskinstance.py:1308} INFO - Starting attempt 2 of 2
[2025-05-07T23:36:38.526+0000] {taskinstance.py:1327} INFO - Executing <Task(SparkSubmitOperator): build_graph> on 2025-05-07 23:14:36.293334+00:00
[2025-05-07T23:36:38.529+0000] {standard_task_runner.py:57} INFO - Started process 14111 to run task
[2025-05-07T23:36:38.531+0000] {standard_task_runner.py:84} INFO - Running: ['airflow', 'tasks', 'run', 'graph_analysis', 'build_graph', 'manual__2025-05-07T23:14:36.293334+00:00', '--job-id', '294', '--raw', '--subdir', 'DAGS_FOLDER/graph_analysis.py', '--cfg-path', '/tmp/tmpmtkwrwav']
[2025-05-07T23:36:38.532+0000] {standard_task_runner.py:85} INFO - Job 294: Subtask build_graph
[2025-05-07T23:36:38.545+0000] {logging_mixin.py:150} WARNING - /home/airflow/.local/lib/python3.8/site-packages/airflow/settings.py:195 DeprecationWarning: The sql_alchemy_conn option in [core] has been moved to the sql_alchemy_conn option in [database] - the old setting has been used, but please update your config.
[2025-05-07T23:36:38.571+0000] {task_command.py:410} INFO - Running <TaskInstance: graph_analysis.build_graph manual__2025-05-07T23:14:36.293334+00:00 [running]> on host 3530b0b864fd
[2025-05-07T23:36:38.639+0000] {taskinstance.py:1545} INFO - Exporting env vars: AIRFLOW_CTX_DAG_OWNER='finbest' AIRFLOW_CTX_DAG_ID='graph_analysis' AIRFLOW_CTX_TASK_ID='build_graph' AIRFLOW_CTX_EXECUTION_DATE='2025-05-07T23:14:36.293334+00:00' AIRFLOW_CTX_TRY_NUMBER='2' AIRFLOW_CTX_DAG_RUN_ID='manual__2025-05-07T23:14:36.293334+00:00'
[2025-05-07T23:36:38.648+0000] {base.py:73} INFO - Using connection ID 'spark_default' for task execution.
[2025-05-07T23:36:38.649+0000] {spark_submit.py:401} INFO - Spark-Submit cmd: spark-submit --master spark://spark-master:7077 --conf spark.driver.maxResultSize=512m --conf spark.sql.shuffle.partitions=10 --packages org.postgresql:postgresql:42.6.0,graphframes:graphframes:0.8.2-spark3.2-s_2.12 --executor-cores 1 --executor-memory 1g --driver-memory 1g --name arrow-spark --verbose /opt/airflow/spark/build_graph.py --jdbc jdbc:postgresql://postgres:5432/finbest --user finbest --password ******
[2025-05-07T23:36:38.664+0000] {spark_submit.py:571} INFO - /opt/spark/bin/load-spark-env.sh: line 68: ps: command not found
[2025-05-07T23:36:40.963+0000] {spark_submit.py:571} INFO - Using properties file: null
[2025-05-07T23:36:41.049+0000] {spark_submit.py:571} INFO - WARNING: An illegal reflective access operation has occurred
[2025-05-07T23:36:41.049+0000] {spark_submit.py:571} INFO - WARNING: Illegal reflective access by org.apache.spark.unsafe.Platform (file:/opt/spark/jars/spark-unsafe_2.12-3.2.4.jar) to constructor java.nio.DirectByteBuffer(long,int)
[2025-05-07T23:36:41.049+0000] {spark_submit.py:571} INFO - WARNING: Please consider reporting this to the maintainers of org.apache.spark.unsafe.Platform
[2025-05-07T23:36:41.049+0000] {spark_submit.py:571} INFO - WARNING: Use --illegal-access=warn to enable warnings of further illegal reflective access operations
[2025-05-07T23:36:41.049+0000] {spark_submit.py:571} INFO - WARNING: All illegal access operations will be denied in a future release
[2025-05-07T23:36:41.097+0000] {spark_submit.py:571} INFO - Parsed arguments:
[2025-05-07T23:36:41.097+0000] {spark_submit.py:571} INFO - master                  spark://spark-master:7077
[2025-05-07T23:36:41.097+0000] {spark_submit.py:571} INFO - deployMode              null
[2025-05-07T23:36:41.097+0000] {spark_submit.py:571} INFO - executorMemory          1g
[2025-05-07T23:36:41.097+0000] {spark_submit.py:571} INFO - executorCores           1
[2025-05-07T23:36:41.098+0000] {spark_submit.py:571} INFO - totalExecutorCores      null
[2025-05-07T23:36:41.098+0000] {spark_submit.py:571} INFO - propertiesFile          null
[2025-05-07T23:36:41.098+0000] {spark_submit.py:571} INFO - driverMemory            1g
[2025-05-07T23:36:41.098+0000] {spark_submit.py:571} INFO - driverCores             null
[2025-05-07T23:36:41.098+0000] {spark_submit.py:571} INFO - driverExtraClassPath    null
[2025-05-07T23:36:41.098+0000] {spark_submit.py:571} INFO - driverExtraLibraryPath  null
[2025-05-07T23:36:41.098+0000] {spark_submit.py:571} INFO - driverExtraJavaOptions  null
[2025-05-07T23:36:41.098+0000] {spark_submit.py:571} INFO - supervise               false
[2025-05-07T23:36:41.098+0000] {spark_submit.py:571} INFO - queue                   null
[2025-05-07T23:36:41.098+0000] {spark_submit.py:571} INFO - numExecutors            null
[2025-05-07T23:36:41.098+0000] {spark_submit.py:571} INFO - files                   null
[2025-05-07T23:36:41.098+0000] {spark_submit.py:571} INFO - pyFiles                 null
[2025-05-07T23:36:41.099+0000] {spark_submit.py:571} INFO - archives                null
[2025-05-07T23:36:41.099+0000] {spark_submit.py:571} INFO - mainClass               null
[2025-05-07T23:36:41.099+0000] {spark_submit.py:571} INFO - primaryResource         file:/opt/airflow/spark/build_graph.py
[2025-05-07T23:36:41.099+0000] {spark_submit.py:571} INFO - name                    arrow-spark
[2025-05-07T23:36:41.099+0000] {spark_submit.py:571} INFO - childArgs               [--jdbc jdbc:postgresql://postgres:5432/finbest --user finbest --password ***]
[2025-05-07T23:36:41.103+0000] {spark_submit.py:571} INFO - jars                    null
[2025-05-07T23:36:41.103+0000] {spark_submit.py:571} INFO - packages                org.postgresql:postgresql:42.6.0,graphframes:graphframes:0.8.2-spark3.2-s_2.12
[2025-05-07T23:36:41.103+0000] {spark_submit.py:571} INFO - packagesExclusions      null
[2025-05-07T23:36:41.103+0000] {spark_submit.py:571} INFO - repositories            null
[2025-05-07T23:36:41.103+0000] {spark_submit.py:571} INFO - verbose                 true
[2025-05-07T23:36:41.103+0000] {spark_submit.py:571} INFO - 
[2025-05-07T23:36:41.103+0000] {spark_submit.py:571} INFO - Spark properties used, including those specified through
[2025-05-07T23:36:41.103+0000] {spark_submit.py:571} INFO - --conf and those from the properties file null:
[2025-05-07T23:36:41.103+0000] {spark_submit.py:571} INFO - (spark.driver.memory,1g)
[2025-05-07T23:36:41.103+0000] {spark_submit.py:571} INFO - (spark.driver.maxResultSize,512m)
[2025-05-07T23:36:41.104+0000] {spark_submit.py:571} INFO - (spark.sql.shuffle.partitions,10)
[2025-05-07T23:36:41.104+0000] {spark_submit.py:571} INFO - 
[2025-05-07T23:36:41.104+0000] {spark_submit.py:571} INFO - 
[2025-05-07T23:36:41.231+0000] {spark_submit.py:571} INFO - :: loading settings :: url = jar:file:/opt/spark/jars/ivy-2.5.1.jar!/org/apache/ivy/core/settings/ivysettings.xml
[2025-05-07T23:36:41.315+0000] {spark_submit.py:571} INFO - Ivy Default Cache set to: /home/airflow/.ivy2/cache
[2025-05-07T23:36:41.316+0000] {spark_submit.py:571} INFO - The jars for the packages stored in: /home/airflow/.ivy2/jars
[2025-05-07T23:36:41.319+0000] {spark_submit.py:571} INFO - org.postgresql#postgresql added as a dependency
[2025-05-07T23:36:41.320+0000] {spark_submit.py:571} INFO - graphframes#graphframes added as a dependency
[2025-05-07T23:36:41.320+0000] {spark_submit.py:571} INFO - :: resolving dependencies :: org.apache.spark#spark-submit-parent-b8bf40b5-bbd5-4e9e-9dc1-f44ee730805d;1.0
[2025-05-07T23:36:41.320+0000] {spark_submit.py:571} INFO - confs: [default]
[2025-05-07T23:36:41.419+0000] {spark_submit.py:571} INFO - found org.postgresql#postgresql;42.6.0 in central
[2025-05-07T23:36:41.443+0000] {spark_submit.py:571} INFO - found org.checkerframework#checker-qual;3.31.0 in central
[2025-05-07T23:36:41.464+0000] {spark_submit.py:571} INFO - found graphframes#graphframes;0.8.2-spark3.2-s_2.12 in spark-packages
[2025-05-07T23:36:41.489+0000] {spark_submit.py:571} INFO - found org.slf4j#slf4j-api;1.7.16 in central
[2025-05-07T23:36:41.511+0000] {spark_submit.py:571} INFO - :: resolution report :: resolve 182ms :: artifacts dl 9ms
[2025-05-07T23:36:41.512+0000] {spark_submit.py:571} INFO - :: modules in use:
[2025-05-07T23:36:41.512+0000] {spark_submit.py:571} INFO - graphframes#graphframes;0.8.2-spark3.2-s_2.12 from spark-packages in [default]
[2025-05-07T23:36:41.512+0000] {spark_submit.py:571} INFO - org.checkerframework#checker-qual;3.31.0 from central in [default]
[2025-05-07T23:36:41.512+0000] {spark_submit.py:571} INFO - org.postgresql#postgresql;42.6.0 from central in [default]
[2025-05-07T23:36:41.512+0000] {spark_submit.py:571} INFO - org.slf4j#slf4j-api;1.7.16 from central in [default]
[2025-05-07T23:36:41.512+0000] {spark_submit.py:571} INFO - ---------------------------------------------------------------------
[2025-05-07T23:36:41.513+0000] {spark_submit.py:571} INFO - |                  |            modules            ||   artifacts   |
[2025-05-07T23:36:41.513+0000] {spark_submit.py:571} INFO - |       conf       | number| search|dwnlded|evicted|| number|dwnlded|
[2025-05-07T23:36:41.513+0000] {spark_submit.py:571} INFO - ---------------------------------------------------------------------
[2025-05-07T23:36:41.513+0000] {spark_submit.py:571} INFO - |      default     |   4   |   0   |   0   |   0   ||   4   |   0   |
[2025-05-07T23:36:41.513+0000] {spark_submit.py:571} INFO - ---------------------------------------------------------------------
[2025-05-07T23:36:41.516+0000] {spark_submit.py:571} INFO - :: retrieving :: org.apache.spark#spark-submit-parent-b8bf40b5-bbd5-4e9e-9dc1-f44ee730805d
[2025-05-07T23:36:41.516+0000] {spark_submit.py:571} INFO - confs: [default]
[2025-05-07T23:36:41.522+0000] {spark_submit.py:571} INFO - 0 artifacts copied, 4 already retrieved (0kB/6ms)
[2025-05-07T23:36:41.712+0000] {spark_submit.py:571} INFO - 25/05/07 23:36:41 WARN NativeCodeLoader: Unable to load native-hadoop library for your platform... using builtin-java classes where applicable
[2025-05-07T23:36:41.937+0000] {spark_submit.py:571} INFO - Main class:
[2025-05-07T23:36:41.937+0000] {spark_submit.py:571} INFO - org.apache.spark.deploy.PythonRunner
[2025-05-07T23:36:41.937+0000] {spark_submit.py:571} INFO - Arguments:
[2025-05-07T23:36:41.938+0000] {spark_submit.py:571} INFO - file:/opt/airflow/spark/build_graph.py
[2025-05-07T23:36:41.938+0000] {spark_submit.py:571} INFO - file:///home/airflow/.ivy2/jars/org.postgresql_postgresql-42.6.0.jar,file:///home/airflow/.ivy2/jars/graphframes_graphframes-0.8.2-spark3.2-s_2.12.jar,file:///home/airflow/.ivy2/jars/org.checkerframework_checker-qual-3.31.0.jar,file:///home/airflow/.ivy2/jars/org.slf4j_slf4j-api-1.7.16.jar
[2025-05-07T23:36:41.938+0000] {spark_submit.py:571} INFO - --jdbc
[2025-05-07T23:36:41.938+0000] {spark_submit.py:571} INFO - jdbc:postgresql://postgres:5432/finbest
[2025-05-07T23:36:41.938+0000] {spark_submit.py:571} INFO - --user
[2025-05-07T23:36:41.938+0000] {spark_submit.py:571} INFO - finbest
[2025-05-07T23:36:41.938+0000] {spark_submit.py:571} INFO - --password
[2025-05-07T23:36:41.938+0000] {spark_submit.py:571} INFO - ***
[2025-05-07T23:36:41.940+0000] {spark_submit.py:571} INFO - Spark config:
[2025-05-07T23:36:41.940+0000] {spark_submit.py:571} INFO - (spark.driver.maxResultSize,512m)
[2025-05-07T23:36:41.940+0000] {spark_submit.py:571} INFO - (spark.jars,file:///home/airflow/.ivy2/jars/org.postgresql_postgresql-42.6.0.jar,file:///home/airflow/.ivy2/jars/graphframes_graphframes-0.8.2-spark3.2-s_2.12.jar,file:///home/airflow/.ivy2/jars/org.checkerframework_checker-qual-3.31.0.jar,file:///home/airflow/.ivy2/jars/org.slf4j_slf4j-api-1.7.16.jar)
[2025-05-07T23:36:41.941+0000] {spark_submit.py:571} INFO - (spark.app.name,arrow-spark)
[2025-05-07T23:36:41.941+0000] {spark_submit.py:571} INFO - (spark.driver.memory,1g)
[2025-05-07T23:36:41.941+0000] {spark_submit.py:571} INFO - (spark.submit.pyFiles,/home/airflow/.ivy2/jars/org.postgresql_postgresql-42.6.0.jar,/home/airflow/.ivy2/jars/graphframes_graphframes-0.8.2-spark3.2-s_2.12.jar,/home/airflow/.ivy2/jars/org.checkerframework_checker-qual-3.31.0.jar,/home/airflow/.ivy2/jars/org.slf4j_slf4j-api-1.7.16.jar)
[2025-05-07T23:36:41.941+0000] {spark_submit.py:571} INFO - (spark.files,file:///home/airflow/.ivy2/jars/org.postgresql_postgresql-42.6.0.jar,file:///home/airflow/.ivy2/jars/graphframes_graphframes-0.8.2-spark3.2-s_2.12.jar,file:///home/airflow/.ivy2/jars/org.checkerframework_checker-qual-3.31.0.jar,file:///home/airflow/.ivy2/jars/org.slf4j_slf4j-api-1.7.16.jar)
[2025-05-07T23:36:41.941+0000] {spark_submit.py:571} INFO - (spark.submit.deployMode,client)
[2025-05-07T23:36:41.941+0000] {spark_submit.py:571} INFO - (spark.master,spark://spark-master:7077)
[2025-05-07T23:36:41.941+0000] {spark_submit.py:571} INFO - (spark.executor.memory,1g)
[2025-05-07T23:36:41.941+0000] {spark_submit.py:571} INFO - (spark.executor.cores,1)
[2025-05-07T23:36:41.941+0000] {spark_submit.py:571} INFO - (spark.repl.local.jars,file:///home/airflow/.ivy2/jars/org.postgresql_postgresql-42.6.0.jar,file:///home/airflow/.ivy2/jars/graphframes_graphframes-0.8.2-spark3.2-s_2.12.jar,file:///home/airflow/.ivy2/jars/org.checkerframework_checker-qual-3.31.0.jar,file:///home/airflow/.ivy2/jars/org.slf4j_slf4j-api-1.7.16.jar)
[2025-05-07T23:36:41.941+0000] {spark_submit.py:571} INFO - (spark.sql.shuffle.partitions,10)
[2025-05-07T23:36:41.941+0000] {spark_submit.py:571} INFO - Classpath elements:
[2025-05-07T23:36:41.942+0000] {spark_submit.py:571} INFO - file:///home/airflow/.ivy2/jars/org.postgresql_postgresql-42.6.0.jar
[2025-05-07T23:36:41.942+0000] {spark_submit.py:571} INFO - file:///home/airflow/.ivy2/jars/graphframes_graphframes-0.8.2-spark3.2-s_2.12.jar
[2025-05-07T23:36:41.942+0000] {spark_submit.py:571} INFO - file:///home/airflow/.ivy2/jars/org.checkerframework_checker-qual-3.31.0.jar
[2025-05-07T23:36:41.942+0000] {spark_submit.py:571} INFO - file:///home/airflow/.ivy2/jars/org.slf4j_slf4j-api-1.7.16.jar
[2025-05-07T23:36:41.942+0000] {spark_submit.py:571} INFO - 
[2025-05-07T23:36:41.942+0000] {spark_submit.py:571} INFO - 
[2025-05-07T23:36:43.642+0000] {spark_submit.py:571} INFO - Using Spark's default log4j profile: org/apache/spark/log4j-defaults.properties
[2025-05-07T23:36:43.649+0000] {spark_submit.py:571} INFO - 25/05/07 23:36:43 INFO SparkContext: Running Spark version 3.2.4
[2025-05-07T23:36:43.668+0000] {spark_submit.py:571} INFO - 25/05/07 23:36:43 INFO ResourceUtils: ==============================================================
[2025-05-07T23:36:43.668+0000] {spark_submit.py:571} INFO - 25/05/07 23:36:43 INFO ResourceUtils: No custom resources configured for spark.driver.
[2025-05-07T23:36:43.668+0000] {spark_submit.py:571} INFO - 25/05/07 23:36:43 INFO ResourceUtils: ==============================================================
[2025-05-07T23:36:43.668+0000] {spark_submit.py:571} INFO - 25/05/07 23:36:43 INFO SparkContext: Submitted application: FinBestGraphAnalysis
[2025-05-07T23:36:43.690+0000] {spark_submit.py:571} INFO - 25/05/07 23:36:43 INFO ResourceProfile: Default ResourceProfile created, executor resources: Map(cores -> name: cores, amount: 1, script: , vendor: , memory -> name: memory, amount: 1024, script: , vendor: , offHeap -> name: offHeap, amount: 0, script: , vendor: ), task resources: Map(cpus -> name: cpus, amount: 1.0)
[2025-05-07T23:36:43.702+0000] {spark_submit.py:571} INFO - 25/05/07 23:36:43 INFO ResourceProfile: Limiting resource is cpus at 1 tasks per executor
[2025-05-07T23:36:43.703+0000] {spark_submit.py:571} INFO - 25/05/07 23:36:43 INFO ResourceProfileManager: Added ResourceProfile id: 0
[2025-05-07T23:36:43.756+0000] {spark_submit.py:571} INFO - 25/05/07 23:36:43 INFO SecurityManager: Changing view acls to: airflow
[2025-05-07T23:36:43.757+0000] {spark_submit.py:571} INFO - 25/05/07 23:36:43 INFO SecurityManager: Changing modify acls to: airflow
[2025-05-07T23:36:43.757+0000] {spark_submit.py:571} INFO - 25/05/07 23:36:43 INFO SecurityManager: Changing view acls groups to:
[2025-05-07T23:36:43.757+0000] {spark_submit.py:571} INFO - 25/05/07 23:36:43 INFO SecurityManager: Changing modify acls groups to:
[2025-05-07T23:36:43.757+0000] {spark_submit.py:571} INFO - 25/05/07 23:36:43 INFO SecurityManager: SecurityManager: authentication disabled; ui acls disabled; users  with view permissions: Set(airflow); groups with view permissions: Set(); users  with modify permissions: Set(airflow); groups with modify permissions: Set()
[2025-05-07T23:36:44.010+0000] {spark_submit.py:571} INFO - 25/05/07 23:36:44 INFO Utils: Successfully started service 'sparkDriver' on port 33829.
[2025-05-07T23:36:44.036+0000] {spark_submit.py:571} INFO - 25/05/07 23:36:44 INFO SparkEnv: Registering MapOutputTracker
[2025-05-07T23:36:44.075+0000] {spark_submit.py:571} INFO - 25/05/07 23:36:44 INFO SparkEnv: Registering BlockManagerMaster
[2025-05-07T23:36:44.124+0000] {spark_submit.py:571} INFO - 25/05/07 23:36:44 INFO BlockManagerMasterEndpoint: Using org.apache.spark.storage.DefaultTopologyMapper for getting topology information
[2025-05-07T23:36:44.124+0000] {spark_submit.py:571} INFO - 25/05/07 23:36:44 INFO BlockManagerMasterEndpoint: BlockManagerMasterEndpoint up
[2025-05-07T23:36:44.132+0000] {spark_submit.py:571} INFO - 25/05/07 23:36:44 INFO SparkEnv: Registering BlockManagerMasterHeartbeat
[2025-05-07T23:36:44.159+0000] {spark_submit.py:571} INFO - 25/05/07 23:36:44 INFO DiskBlockManager: Created local directory at /tmp/blockmgr-c2b8102b-8499-4dac-8b05-42e10f70411a
[2025-05-07T23:36:44.187+0000] {spark_submit.py:571} INFO - 25/05/07 23:36:44 INFO MemoryStore: MemoryStore started with capacity 434.4 MiB
[2025-05-07T23:36:44.207+0000] {spark_submit.py:571} INFO - 25/05/07 23:36:44 INFO SparkEnv: Registering OutputCommitCoordinator
[2025-05-07T23:36:44.434+0000] {spark_submit.py:571} INFO - 25/05/07 23:36:44 INFO Utils: Successfully started service 'SparkUI' on port 4040.
[2025-05-07T23:36:44.506+0000] {spark_submit.py:571} INFO - 25/05/07 23:36:44 INFO SparkUI: Bound SparkUI to 0.0.0.0, and started at http://3530b0b864fd:4040
[2025-05-07T23:36:44.519+0000] {spark_submit.py:571} INFO - 25/05/07 23:36:44 INFO SparkContext: Added JAR file:///home/airflow/.ivy2/jars/org.postgresql_postgresql-42.6.0.jar at spark://3530b0b864fd:33829/jars/org.postgresql_postgresql-42.6.0.jar with timestamp 1746661003640
[2025-05-07T23:36:44.520+0000] {spark_submit.py:571} INFO - 25/05/07 23:36:44 INFO SparkContext: Added JAR file:///home/airflow/.ivy2/jars/graphframes_graphframes-0.8.2-spark3.2-s_2.12.jar at spark://3530b0b864fd:33829/jars/graphframes_graphframes-0.8.2-spark3.2-s_2.12.jar with timestamp 1746661003640
[2025-05-07T23:36:44.520+0000] {spark_submit.py:571} INFO - 25/05/07 23:36:44 INFO SparkContext: Added JAR file:///home/airflow/.ivy2/jars/org.checkerframework_checker-qual-3.31.0.jar at spark://3530b0b864fd:33829/jars/org.checkerframework_checker-qual-3.31.0.jar with timestamp 1746661003640
[2025-05-07T23:36:44.520+0000] {spark_submit.py:571} INFO - 25/05/07 23:36:44 INFO SparkContext: Added JAR file:///home/airflow/.ivy2/jars/org.slf4j_slf4j-api-1.7.16.jar at spark://3530b0b864fd:33829/jars/org.slf4j_slf4j-api-1.7.16.jar with timestamp 1746661003640
[2025-05-07T23:36:44.521+0000] {spark_submit.py:571} INFO - 25/05/07 23:36:44 INFO SparkContext: Added file file:///home/airflow/.ivy2/jars/org.postgresql_postgresql-42.6.0.jar at spark://3530b0b864fd:33829/files/org.postgresql_postgresql-42.6.0.jar with timestamp 1746661003640
[2025-05-07T23:36:44.522+0000] {spark_submit.py:571} INFO - 25/05/07 23:36:44 INFO Utils: Copying /home/airflow/.ivy2/jars/org.postgresql_postgresql-42.6.0.jar to /tmp/spark-9245dd63-c1e4-4de4-a217-704fc5ac18d0/userFiles-32442e38-86a6-4895-bdb9-567499ef8242/org.postgresql_postgresql-42.6.0.jar
[2025-05-07T23:36:44.534+0000] {spark_submit.py:571} INFO - 25/05/07 23:36:44 INFO SparkContext: Added file file:///home/airflow/.ivy2/jars/graphframes_graphframes-0.8.2-spark3.2-s_2.12.jar at spark://3530b0b864fd:33829/files/graphframes_graphframes-0.8.2-spark3.2-s_2.12.jar with timestamp 1746661003640
[2025-05-07T23:36:44.534+0000] {spark_submit.py:571} INFO - 25/05/07 23:36:44 INFO Utils: Copying /home/airflow/.ivy2/jars/graphframes_graphframes-0.8.2-spark3.2-s_2.12.jar to /tmp/spark-9245dd63-c1e4-4de4-a217-704fc5ac18d0/userFiles-32442e38-86a6-4895-bdb9-567499ef8242/graphframes_graphframes-0.8.2-spark3.2-s_2.12.jar
[2025-05-07T23:36:44.538+0000] {spark_submit.py:571} INFO - 25/05/07 23:36:44 INFO SparkContext: Added file file:///home/airflow/.ivy2/jars/org.checkerframework_checker-qual-3.31.0.jar at spark://3530b0b864fd:33829/files/org.checkerframework_checker-qual-3.31.0.jar with timestamp 1746661003640
[2025-05-07T23:36:44.538+0000] {spark_submit.py:571} INFO - 25/05/07 23:36:44 INFO Utils: Copying /home/airflow/.ivy2/jars/org.checkerframework_checker-qual-3.31.0.jar to /tmp/spark-9245dd63-c1e4-4de4-a217-704fc5ac18d0/userFiles-32442e38-86a6-4895-bdb9-567499ef8242/org.checkerframework_checker-qual-3.31.0.jar
[2025-05-07T23:36:44.542+0000] {spark_submit.py:571} INFO - 25/05/07 23:36:44 INFO SparkContext: Added file file:///home/airflow/.ivy2/jars/org.slf4j_slf4j-api-1.7.16.jar at spark://3530b0b864fd:33829/files/org.slf4j_slf4j-api-1.7.16.jar with timestamp 1746661003640
[2025-05-07T23:36:44.542+0000] {spark_submit.py:571} INFO - 25/05/07 23:36:44 INFO Utils: Copying /home/airflow/.ivy2/jars/org.slf4j_slf4j-api-1.7.16.jar to /tmp/spark-9245dd63-c1e4-4de4-a217-704fc5ac18d0/userFiles-32442e38-86a6-4895-bdb9-567499ef8242/org.slf4j_slf4j-api-1.7.16.jar
[2025-05-07T23:36:44.734+0000] {spark_submit.py:571} INFO - 25/05/07 23:36:44 INFO StandaloneAppClient$ClientEndpoint: Connecting to master spark://spark-master:7077...
[2025-05-07T23:36:44.798+0000] {spark_submit.py:571} INFO - 25/05/07 23:36:44 INFO TransportClientFactory: Successfully created connection to spark-master/172.20.0.2:7077 after 49 ms (0 ms spent in bootstraps)
[2025-05-07T23:36:44.872+0000] {spark_submit.py:571} INFO - 25/05/07 23:36:44 INFO StandaloneSchedulerBackend: Connected to Spark cluster with app ID app-20250507233644-0008
[2025-05-07T23:36:44.873+0000] {spark_submit.py:571} INFO - 25/05/07 23:36:44 INFO StandaloneAppClient$ClientEndpoint: Executor added: app-20250507233644-0008/0 on worker-20250507121535-172.20.0.5-41865 (172.20.0.5:41865) with 1 core(s)
[2025-05-07T23:36:44.875+0000] {spark_submit.py:571} INFO - 25/05/07 23:36:44 INFO StandaloneSchedulerBackend: Granted executor ID app-20250507233644-0008/0 on hostPort 172.20.0.5:41865 with 1 core(s), 1024.0 MiB RAM
[2025-05-07T23:36:44.879+0000] {spark_submit.py:571} INFO - 25/05/07 23:36:44 INFO Utils: Successfully started service 'org.apache.spark.network.netty.NettyBlockTransferService' on port 34255.
[2025-05-07T23:36:44.880+0000] {spark_submit.py:571} INFO - 25/05/07 23:36:44 INFO NettyBlockTransferService: Server created on 3530b0b864fd:34255
[2025-05-07T23:36:44.882+0000] {spark_submit.py:571} INFO - 25/05/07 23:36:44 INFO BlockManager: Using org.apache.spark.storage.RandomBlockReplicationPolicy for block replication policy
[2025-05-07T23:36:44.887+0000] {spark_submit.py:571} INFO - 25/05/07 23:36:44 INFO BlockManagerMaster: Registering BlockManager BlockManagerId(driver, 3530b0b864fd, 34255, None)
[2025-05-07T23:36:44.889+0000] {spark_submit.py:571} INFO - 25/05/07 23:36:44 INFO BlockManagerMasterEndpoint: Registering block manager 3530b0b864fd:34255 with 434.4 MiB RAM, BlockManagerId(driver, 3530b0b864fd, 34255, None)
[2025-05-07T23:36:44.891+0000] {spark_submit.py:571} INFO - 25/05/07 23:36:44 INFO BlockManagerMaster: Registered BlockManager BlockManagerId(driver, 3530b0b864fd, 34255, None)
[2025-05-07T23:36:44.892+0000] {spark_submit.py:571} INFO - 25/05/07 23:36:44 INFO BlockManager: Initialized BlockManager: BlockManagerId(driver, 3530b0b864fd, 34255, None)
[2025-05-07T23:36:44.962+0000] {spark_submit.py:571} INFO - 25/05/07 23:36:44 INFO StandaloneAppClient$ClientEndpoint: Executor updated: app-20250507233644-0008/0 is now RUNNING
[2025-05-07T23:36:45.097+0000] {spark_submit.py:571} INFO - 25/05/07 23:36:45 INFO StandaloneSchedulerBackend: SchedulerBackend is ready for scheduling beginning after reached minRegisteredResourcesRatio: 0.0
[2025-05-07T23:36:45.371+0000] {spark_submit.py:571} INFO - 25/05/07 23:36:45 INFO SharedState: Setting hive.metastore.warehouse.dir ('null') to the value of spark.sql.warehouse.dir.
[2025-05-07T23:36:45.373+0000] {spark_submit.py:571} INFO - 25/05/07 23:36:45 INFO SharedState: Warehouse path is 'file:/opt/airflow/spark-warehouse'.
[2025-05-07T23:36:46.229+0000] {spark_submit.py:571} INFO - 2025-05-07 23:36:46,227 [INFO] SparkSession создана
[2025-05-07T23:36:46.230+0000] {spark_submit.py:571} INFO - 2025-05-07 23:36:46,228 [INFO] Загружаем клиентов и транзакции
[2025-05-07T23:36:48.078+0000] {spark_submit.py:571} INFO - 25/05/07 23:36:48 INFO CoarseGrainedSchedulerBackend$DriverEndpoint: Registered executor NettyRpcEndpointRef(spark-client://Executor) (172.20.0.5:44130) with ID 0,  ResourceProfileId 0
[2025-05-07T23:36:48.382+0000] {spark_submit.py:571} INFO - 25/05/07 23:36:48 INFO BlockManagerMasterEndpoint: Registering block manager 172.20.0.5:33247 with 434.4 MiB RAM, BlockManagerId(0, 172.20.0.5, 33247, None)
[2025-05-07T23:36:49.798+0000] {spark_submit.py:571} INFO - 25/05/07 23:36:49 INFO CodeGenerator: Code generated in 113.842058 ms
[2025-05-07T23:36:49.863+0000] {spark_submit.py:571} INFO - 25/05/07 23:36:49 INFO DAGScheduler: Registering RDD 2 (count at NativeMethodAccessorImpl.java:0) as input to shuffle 0
[2025-05-07T23:36:49.870+0000] {spark_submit.py:571} INFO - 25/05/07 23:36:49 INFO DAGScheduler: Got map stage job 0 (count at NativeMethodAccessorImpl.java:0) with 1 output partitions
[2025-05-07T23:36:49.871+0000] {spark_submit.py:571} INFO - 25/05/07 23:36:49 INFO DAGScheduler: Final stage: ShuffleMapStage 0 (count at NativeMethodAccessorImpl.java:0)
[2025-05-07T23:36:49.871+0000] {spark_submit.py:571} INFO - 25/05/07 23:36:49 INFO DAGScheduler: Parents of final stage: List()
[2025-05-07T23:36:49.872+0000] {spark_submit.py:571} INFO - 25/05/07 23:36:49 INFO DAGScheduler: Missing parents: List()
[2025-05-07T23:36:49.884+0000] {spark_submit.py:571} INFO - 25/05/07 23:36:49 INFO DAGScheduler: Submitting ShuffleMapStage 0 (MapPartitionsRDD[2] at count at NativeMethodAccessorImpl.java:0), which has no missing parents
[2025-05-07T23:36:50.026+0000] {spark_submit.py:571} INFO - 25/05/07 23:36:50 INFO MemoryStore: Block broadcast_0 stored as values in memory (estimated size 12.9 KiB, free 434.4 MiB)
[2025-05-07T23:36:50.082+0000] {spark_submit.py:571} INFO - 25/05/07 23:36:50 INFO MemoryStore: Block broadcast_0_piece0 stored as bytes in memory (estimated size 6.8 KiB, free 434.4 MiB)
[2025-05-07T23:36:50.086+0000] {spark_submit.py:571} INFO - 25/05/07 23:36:50 INFO BlockManagerInfo: Added broadcast_0_piece0 in memory on 3530b0b864fd:34255 (size: 6.8 KiB, free: 434.4 MiB)
[2025-05-07T23:36:50.096+0000] {spark_submit.py:571} INFO - 25/05/07 23:36:50 INFO SparkContext: Created broadcast 0 from broadcast at DAGScheduler.scala:1474
[2025-05-07T23:36:50.120+0000] {spark_submit.py:571} INFO - 25/05/07 23:36:50 INFO DAGScheduler: Submitting 1 missing tasks from ShuffleMapStage 0 (MapPartitionsRDD[2] at count at NativeMethodAccessorImpl.java:0) (first 15 tasks are for partitions Vector(0))
[2025-05-07T23:36:50.122+0000] {spark_submit.py:571} INFO - 25/05/07 23:36:50 INFO TaskSchedulerImpl: Adding task set 0.0 with 1 tasks resource profile 0
[2025-05-07T23:36:50.163+0000] {spark_submit.py:571} INFO - 25/05/07 23:36:50 INFO TaskSetManager: Starting task 0.0 in stage 0.0 (TID 0) (172.20.0.5, executor 0, partition 0, PROCESS_LOCAL, 4292 bytes) taskResourceAssignments Map()
[2025-05-07T23:36:50.367+0000] {spark_submit.py:571} INFO - 25/05/07 23:36:50 INFO BlockManagerInfo: Added broadcast_0_piece0 in memory on 172.20.0.5:33247 (size: 6.8 KiB, free: 434.4 MiB)
[2025-05-07T23:36:51.712+0000] {spark_submit.py:571} INFO - 25/05/07 23:36:51 INFO TaskSetManager: Finished task 0.0 in stage 0.0 (TID 0) in 1559 ms on 172.20.0.5 (executor 0) (1/1)
[2025-05-07T23:36:51.715+0000] {spark_submit.py:571} INFO - 25/05/07 23:36:51 INFO TaskSchedulerImpl: Removed TaskSet 0.0, whose tasks have all completed, from pool
[2025-05-07T23:36:51.742+0000] {spark_submit.py:571} INFO - 25/05/07 23:36:51 INFO DAGScheduler: ShuffleMapStage 0 (count at NativeMethodAccessorImpl.java:0) finished in 1.830 s
[2025-05-07T23:36:51.742+0000] {spark_submit.py:571} INFO - 25/05/07 23:36:51 INFO DAGScheduler: looking for newly runnable stages
[2025-05-07T23:36:51.743+0000] {spark_submit.py:571} INFO - 25/05/07 23:36:51 INFO DAGScheduler: running: Set()
[2025-05-07T23:36:51.743+0000] {spark_submit.py:571} INFO - 25/05/07 23:36:51 INFO DAGScheduler: waiting: Set()
[2025-05-07T23:36:51.743+0000] {spark_submit.py:571} INFO - 25/05/07 23:36:51 INFO DAGScheduler: failed: Set()
[2025-05-07T23:36:51.784+0000] {spark_submit.py:571} INFO - 25/05/07 23:36:51 INFO CodeGenerator: Code generated in 10.563985 ms
[2025-05-07T23:36:51.828+0000] {spark_submit.py:571} INFO - 25/05/07 23:36:51 INFO SparkContext: Starting job: count at NativeMethodAccessorImpl.java:0
[2025-05-07T23:36:51.836+0000] {spark_submit.py:571} INFO - 25/05/07 23:36:51 INFO DAGScheduler: Got job 1 (count at NativeMethodAccessorImpl.java:0) with 1 output partitions
[2025-05-07T23:36:51.840+0000] {spark_submit.py:571} INFO - 25/05/07 23:36:51 INFO DAGScheduler: Final stage: ResultStage 2 (count at NativeMethodAccessorImpl.java:0)
[2025-05-07T23:36:51.840+0000] {spark_submit.py:571} INFO - 25/05/07 23:36:51 INFO DAGScheduler: Parents of final stage: List(ShuffleMapStage 1)
[2025-05-07T23:36:51.841+0000] {spark_submit.py:571} INFO - 25/05/07 23:36:51 INFO DAGScheduler: Missing parents: List()
[2025-05-07T23:36:51.849+0000] {spark_submit.py:571} INFO - 25/05/07 23:36:51 INFO DAGScheduler: Submitting ResultStage 2 (MapPartitionsRDD[5] at count at NativeMethodAccessorImpl.java:0), which has no missing parents
[2025-05-07T23:36:51.861+0000] {spark_submit.py:571} INFO - 25/05/07 23:36:51 INFO MemoryStore: Block broadcast_1 stored as values in memory (estimated size 11.0 KiB, free 434.4 MiB)
[2025-05-07T23:36:51.865+0000] {spark_submit.py:571} INFO - 25/05/07 23:36:51 INFO MemoryStore: Block broadcast_1_piece0 stored as bytes in memory (estimated size 5.5 KiB, free 434.4 MiB)
[2025-05-07T23:36:51.866+0000] {spark_submit.py:571} INFO - 25/05/07 23:36:51 INFO BlockManagerInfo: Added broadcast_1_piece0 in memory on 3530b0b864fd:34255 (size: 5.5 KiB, free: 434.4 MiB)
[2025-05-07T23:36:51.867+0000] {spark_submit.py:571} INFO - 25/05/07 23:36:51 INFO SparkContext: Created broadcast 1 from broadcast at DAGScheduler.scala:1474
[2025-05-07T23:36:51.868+0000] {spark_submit.py:571} INFO - 25/05/07 23:36:51 INFO DAGScheduler: Submitting 1 missing tasks from ResultStage 2 (MapPartitionsRDD[5] at count at NativeMethodAccessorImpl.java:0) (first 15 tasks are for partitions Vector(0))
[2025-05-07T23:36:51.869+0000] {spark_submit.py:571} INFO - 25/05/07 23:36:51 INFO TaskSchedulerImpl: Adding task set 2.0 with 1 tasks resource profile 0
[2025-05-07T23:36:51.876+0000] {spark_submit.py:571} INFO - 25/05/07 23:36:51 INFO TaskSetManager: Starting task 0.0 in stage 2.0 (TID 1) (172.20.0.5, executor 0, partition 0, NODE_LOCAL, 4457 bytes) taskResourceAssignments Map()
[2025-05-07T23:36:51.903+0000] {spark_submit.py:571} INFO - 25/05/07 23:36:51 INFO BlockManagerInfo: Added broadcast_1_piece0 in memory on 172.20.0.5:33247 (size: 5.5 KiB, free: 434.4 MiB)
[2025-05-07T23:36:51.983+0000] {spark_submit.py:571} INFO - 25/05/07 23:36:51 INFO MapOutputTrackerMasterEndpoint: Asked to send map output locations for shuffle 0 to 172.20.0.5:44130
[2025-05-07T23:36:52.106+0000] {spark_submit.py:571} INFO - 25/05/07 23:36:52 INFO TaskSetManager: Finished task 0.0 in stage 2.0 (TID 1) in 234 ms on 172.20.0.5 (executor 0) (1/1)
[2025-05-07T23:36:52.106+0000] {spark_submit.py:571} INFO - 25/05/07 23:36:52 INFO TaskSchedulerImpl: Removed TaskSet 2.0, whose tasks have all completed, from pool
[2025-05-07T23:36:52.107+0000] {spark_submit.py:571} INFO - 25/05/07 23:36:52 INFO DAGScheduler: ResultStage 2 (count at NativeMethodAccessorImpl.java:0) finished in 0.250 s
[2025-05-07T23:36:52.108+0000] {spark_submit.py:571} INFO - 25/05/07 23:36:52 INFO DAGScheduler: Job 1 is finished. Cancelling potential speculative or zombie tasks for this job
[2025-05-07T23:36:52.108+0000] {spark_submit.py:571} INFO - 25/05/07 23:36:52 INFO TaskSchedulerImpl: Killing all running tasks in stage 2: Stage finished
[2025-05-07T23:36:52.110+0000] {spark_submit.py:571} INFO - 25/05/07 23:36:52 INFO DAGScheduler: Job 1 finished: count at NativeMethodAccessorImpl.java:0, took 0.281599 s
[2025-05-07T23:36:52.162+0000] {spark_submit.py:571} INFO - 25/05/07 23:36:52 INFO DAGScheduler: Registering RDD 8 (count at NativeMethodAccessorImpl.java:0) as input to shuffle 1
[2025-05-07T23:36:52.162+0000] {spark_submit.py:571} INFO - 25/05/07 23:36:52 INFO DAGScheduler: Got map stage job 2 (count at NativeMethodAccessorImpl.java:0) with 1 output partitions
[2025-05-07T23:36:52.162+0000] {spark_submit.py:571} INFO - 25/05/07 23:36:52 INFO DAGScheduler: Final stage: ShuffleMapStage 3 (count at NativeMethodAccessorImpl.java:0)
[2025-05-07T23:36:52.162+0000] {spark_submit.py:571} INFO - 25/05/07 23:36:52 INFO DAGScheduler: Parents of final stage: List()
[2025-05-07T23:36:52.162+0000] {spark_submit.py:571} INFO - 25/05/07 23:36:52 INFO DAGScheduler: Missing parents: List()
[2025-05-07T23:36:52.163+0000] {spark_submit.py:571} INFO - 25/05/07 23:36:52 INFO DAGScheduler: Submitting ShuffleMapStage 3 (MapPartitionsRDD[8] at count at NativeMethodAccessorImpl.java:0), which has no missing parents
[2025-05-07T23:36:52.168+0000] {spark_submit.py:571} INFO - 25/05/07 23:36:52 INFO MemoryStore: Block broadcast_2 stored as values in memory (estimated size 12.9 KiB, free 434.4 MiB)
[2025-05-07T23:36:52.171+0000] {spark_submit.py:571} INFO - 25/05/07 23:36:52 INFO MemoryStore: Block broadcast_2_piece0 stored as bytes in memory (estimated size 6.8 KiB, free 434.3 MiB)
[2025-05-07T23:36:52.172+0000] {spark_submit.py:571} INFO - 25/05/07 23:36:52 INFO BlockManagerInfo: Added broadcast_2_piece0 in memory on 3530b0b864fd:34255 (size: 6.8 KiB, free: 434.4 MiB)
[2025-05-07T23:36:52.173+0000] {spark_submit.py:571} INFO - 25/05/07 23:36:52 INFO SparkContext: Created broadcast 2 from broadcast at DAGScheduler.scala:1474
[2025-05-07T23:36:52.173+0000] {spark_submit.py:571} INFO - 25/05/07 23:36:52 INFO DAGScheduler: Submitting 1 missing tasks from ShuffleMapStage 3 (MapPartitionsRDD[8] at count at NativeMethodAccessorImpl.java:0) (first 15 tasks are for partitions Vector(0))
[2025-05-07T23:36:52.173+0000] {spark_submit.py:571} INFO - 25/05/07 23:36:52 INFO TaskSchedulerImpl: Adding task set 3.0 with 1 tasks resource profile 0
[2025-05-07T23:36:52.174+0000] {spark_submit.py:571} INFO - 25/05/07 23:36:52 INFO TaskSetManager: Starting task 0.0 in stage 3.0 (TID 2) (172.20.0.5, executor 0, partition 0, PROCESS_LOCAL, 4292 bytes) taskResourceAssignments Map()
[2025-05-07T23:36:52.229+0000] {spark_submit.py:571} INFO - 25/05/07 23:36:52 INFO BlockManagerInfo: Added broadcast_2_piece0 in memory on 172.20.0.5:33247 (size: 6.8 KiB, free: 434.4 MiB)
[2025-05-07T23:36:52.232+0000] {spark_submit.py:571} INFO - 25/05/07 23:36:52 INFO BlockManagerInfo: Removed broadcast_1_piece0 on 3530b0b864fd:34255 in memory (size: 5.5 KiB, free: 434.4 MiB)
[2025-05-07T23:36:52.259+0000] {spark_submit.py:571} INFO - 25/05/07 23:36:52 INFO BlockManagerInfo: Removed broadcast_1_piece0 on 172.20.0.5:33247 in memory (size: 5.5 KiB, free: 434.4 MiB)
[2025-05-07T23:36:52.277+0000] {spark_submit.py:571} INFO - 25/05/07 23:36:52 INFO BlockManagerInfo: Removed broadcast_0_piece0 on 3530b0b864fd:34255 in memory (size: 6.8 KiB, free: 434.4 MiB)
[2025-05-07T23:36:52.282+0000] {spark_submit.py:571} INFO - 25/05/07 23:36:52 INFO BlockManagerInfo: Removed broadcast_0_piece0 on 172.20.0.5:33247 in memory (size: 6.8 KiB, free: 434.4 MiB)
[2025-05-07T23:36:52.324+0000] {spark_submit.py:571} INFO - 25/05/07 23:36:52 INFO TaskSetManager: Finished task 0.0 in stage 3.0 (TID 2) in 150 ms on 172.20.0.5 (executor 0) (1/1)
[2025-05-07T23:36:52.325+0000] {spark_submit.py:571} INFO - 25/05/07 23:36:52 INFO TaskSchedulerImpl: Removed TaskSet 3.0, whose tasks have all completed, from pool
[2025-05-07T23:36:52.326+0000] {spark_submit.py:571} INFO - 25/05/07 23:36:52 INFO DAGScheduler: ShuffleMapStage 3 (count at NativeMethodAccessorImpl.java:0) finished in 0.162 s
[2025-05-07T23:36:52.327+0000] {spark_submit.py:571} INFO - 25/05/07 23:36:52 INFO DAGScheduler: looking for newly runnable stages
[2025-05-07T23:36:52.327+0000] {spark_submit.py:571} INFO - 25/05/07 23:36:52 INFO DAGScheduler: running: Set()
[2025-05-07T23:36:52.327+0000] {spark_submit.py:571} INFO - 25/05/07 23:36:52 INFO DAGScheduler: waiting: Set()
[2025-05-07T23:36:52.328+0000] {spark_submit.py:571} INFO - 25/05/07 23:36:52 INFO DAGScheduler: failed: Set()
[2025-05-07T23:36:52.355+0000] {spark_submit.py:571} INFO - 25/05/07 23:36:52 INFO SparkContext: Starting job: count at NativeMethodAccessorImpl.java:0
[2025-05-07T23:36:52.356+0000] {spark_submit.py:571} INFO - 25/05/07 23:36:52 INFO DAGScheduler: Got job 3 (count at NativeMethodAccessorImpl.java:0) with 1 output partitions
[2025-05-07T23:36:52.357+0000] {spark_submit.py:571} INFO - 25/05/07 23:36:52 INFO DAGScheduler: Final stage: ResultStage 5 (count at NativeMethodAccessorImpl.java:0)
[2025-05-07T23:36:52.357+0000] {spark_submit.py:571} INFO - 25/05/07 23:36:52 INFO DAGScheduler: Parents of final stage: List(ShuffleMapStage 4)
[2025-05-07T23:36:52.357+0000] {spark_submit.py:571} INFO - 25/05/07 23:36:52 INFO DAGScheduler: Missing parents: List()
[2025-05-07T23:36:52.360+0000] {spark_submit.py:571} INFO - 25/05/07 23:36:52 INFO DAGScheduler: Submitting ResultStage 5 (MapPartitionsRDD[11] at count at NativeMethodAccessorImpl.java:0), which has no missing parents
[2025-05-07T23:36:52.363+0000] {spark_submit.py:571} INFO - 25/05/07 23:36:52 INFO MemoryStore: Block broadcast_3 stored as values in memory (estimated size 11.0 KiB, free 434.4 MiB)
[2025-05-07T23:36:52.366+0000] {spark_submit.py:571} INFO - 25/05/07 23:36:52 INFO MemoryStore: Block broadcast_3_piece0 stored as bytes in memory (estimated size 5.5 KiB, free 434.4 MiB)
[2025-05-07T23:36:52.366+0000] {spark_submit.py:571} INFO - 25/05/07 23:36:52 INFO BlockManagerInfo: Added broadcast_3_piece0 in memory on 3530b0b864fd:34255 (size: 5.5 KiB, free: 434.4 MiB)
[2025-05-07T23:36:52.367+0000] {spark_submit.py:571} INFO - 25/05/07 23:36:52 INFO SparkContext: Created broadcast 3 from broadcast at DAGScheduler.scala:1474
[2025-05-07T23:36:52.367+0000] {spark_submit.py:571} INFO - 25/05/07 23:36:52 INFO DAGScheduler: Submitting 1 missing tasks from ResultStage 5 (MapPartitionsRDD[11] at count at NativeMethodAccessorImpl.java:0) (first 15 tasks are for partitions Vector(0))
[2025-05-07T23:36:52.367+0000] {spark_submit.py:571} INFO - 25/05/07 23:36:52 INFO TaskSchedulerImpl: Adding task set 5.0 with 1 tasks resource profile 0
[2025-05-07T23:36:52.369+0000] {spark_submit.py:571} INFO - 25/05/07 23:36:52 INFO TaskSetManager: Starting task 0.0 in stage 5.0 (TID 3) (172.20.0.5, executor 0, partition 0, NODE_LOCAL, 4457 bytes) taskResourceAssignments Map()
[2025-05-07T23:36:52.388+0000] {spark_submit.py:571} INFO - 25/05/07 23:36:52 INFO BlockManagerInfo: Added broadcast_3_piece0 in memory on 172.20.0.5:33247 (size: 5.5 KiB, free: 434.4 MiB)
[2025-05-07T23:36:52.400+0000] {spark_submit.py:571} INFO - 25/05/07 23:36:52 INFO MapOutputTrackerMasterEndpoint: Asked to send map output locations for shuffle 1 to 172.20.0.5:44130
[2025-05-07T23:36:52.414+0000] {spark_submit.py:571} INFO - 25/05/07 23:36:52 INFO TaskSetManager: Finished task 0.0 in stage 5.0 (TID 3) in 43 ms on 172.20.0.5 (executor 0) (1/1)
[2025-05-07T23:36:52.415+0000] {spark_submit.py:571} INFO - 25/05/07 23:36:52 INFO TaskSchedulerImpl: Removed TaskSet 5.0, whose tasks have all completed, from pool
[2025-05-07T23:36:52.415+0000] {spark_submit.py:571} INFO - 25/05/07 23:36:52 INFO DAGScheduler: ResultStage 5 (count at NativeMethodAccessorImpl.java:0) finished in 0.054 s
[2025-05-07T23:36:52.415+0000] {spark_submit.py:571} INFO - 25/05/07 23:36:52 INFO DAGScheduler: Job 3 is finished. Cancelling potential speculative or zombie tasks for this job
[2025-05-07T23:36:52.415+0000] {spark_submit.py:571} INFO - 25/05/07 23:36:52 INFO TaskSchedulerImpl: Killing all running tasks in stage 5: Stage finished
[2025-05-07T23:36:52.416+0000] {spark_submit.py:571} INFO - 25/05/07 23:36:52 INFO DAGScheduler: Job 3 finished: count at NativeMethodAccessorImpl.java:0, took 0.060407 s
[2025-05-07T23:36:52.423+0000] {spark_submit.py:571} INFO - 2025-05-07 23:36:52,419 [INFO] Загружено 4652 транзакций и 1200 клиентов
[2025-05-07T23:36:53.031+0000] {spark_submit.py:571} INFO - 2025-05-07 23:36:53,024 [INFO] Создаем вершины двудольного графа
[2025-05-07T23:36:53.677+0000] {spark_submit.py:571} INFO - 2025-05-07 23:36:53,667 [INFO] Создаем ATM-хабы
[2025-05-07T23:36:54.344+0000] {spark_submit.py:571} INFO - 25/05/07 23:36:54 INFO BlockManagerInfo: Removed broadcast_2_piece0 on 3530b0b864fd:34255 in memory (size: 6.8 KiB, free: 434.4 MiB)
[2025-05-07T23:36:54.373+0000] {spark_submit.py:571} INFO - 2025-05-07 23:36:54,352 [INFO] Объединяем ребра двудольного графа
[2025-05-07T23:36:54.420+0000] {spark_submit.py:571} INFO - 25/05/07 23:36:54 INFO BlockManagerInfo: Removed broadcast_2_piece0 on 172.20.0.5:33247 in memory (size: 6.8 KiB, free: 434.4 MiB)
[2025-05-07T23:36:54.437+0000] {spark_submit.py:571} INFO - 25/05/07 23:36:54 INFO BlockManagerInfo: Removed broadcast_3_piece0 on 3530b0b864fd:34255 in memory (size: 5.5 KiB, free: 434.4 MiB)
[2025-05-07T23:36:54.440+0000] {spark_submit.py:571} INFO - 25/05/07 23:36:54 INFO BlockManagerInfo: Removed broadcast_3_piece0 on 172.20.0.5:33247 in memory (size: 5.5 KiB, free: 434.4 MiB)
[2025-05-07T23:36:55.555+0000] {spark_submit.py:571} INFO - 2025-05-07 23:36:55,534 [INFO] Создаем P2P-слой
[2025-05-07T23:36:55.710+0000] {spark_submit.py:571} INFO - 2025-05-07 23:36:55,710 [INFO] Создаем проекцию клиент-клиент
