[2025-04-30T14:02:40.539+0000] {taskinstance.py:1103} INFO - Dependencies all met for dep_context=non-requeueable deps ti=<TaskInstance: superset_sync.create_superset_dataset manual__2025-04-30T14:02:37.930849+00:00 [queued]>
[2025-04-30T14:02:40.545+0000] {taskinstance.py:1103} INFO - Dependencies all met for dep_context=requeueable deps ti=<TaskInstance: superset_sync.create_superset_dataset manual__2025-04-30T14:02:37.930849+00:00 [queued]>
[2025-04-30T14:02:40.545+0000] {taskinstance.py:1308} INFO - Starting attempt 1 of 2
[2025-04-30T14:02:40.554+0000] {taskinstance.py:1327} INFO - Executing <Task(PythonOperator): create_superset_dataset> on 2025-04-30 14:02:37.930849+00:00
[2025-04-30T14:02:40.557+0000] {standard_task_runner.py:57} INFO - Started process 635 to run task
[2025-04-30T14:02:40.559+0000] {standard_task_runner.py:84} INFO - Running: ['airflow', 'tasks', 'run', 'superset_sync', 'create_superset_dataset', 'manual__2025-04-30T14:02:37.930849+00:00', '--job-id', '68', '--raw', '--subdir', 'DAGS_FOLDER/superset_sync.py', '--cfg-path', '/tmp/tmpdp9et4pm']
[2025-04-30T14:02:40.560+0000] {standard_task_runner.py:85} INFO - Job 68: Subtask create_superset_dataset
[2025-04-30T14:02:40.571+0000] {logging_mixin.py:150} WARNING - /home/airflow/.local/lib/python3.7/site-packages/airflow/settings.py:195 DeprecationWarning: The sql_alchemy_conn option in [core] has been moved to the sql_alchemy_conn option in [database] - the old setting has been used, but please update your config.
[2025-04-30T14:02:40.597+0000] {task_command.py:410} INFO - Running <TaskInstance: superset_sync.create_superset_dataset manual__2025-04-30T14:02:37.930849+00:00 [running]> on host c3e86edc6a44
[2025-04-30T14:02:40.735+0000] {taskinstance.py:1547} INFO - Exporting env vars: AIRFLOW_CTX_DAG_OWNER='airflow' AIRFLOW_CTX_DAG_ID='superset_sync' AIRFLOW_CTX_TASK_ID='create_superset_dataset' AIRFLOW_CTX_EXECUTION_DATE='2025-04-30T14:02:37.930849+00:00' AIRFLOW_CTX_TRY_NUMBER='1' AIRFLOW_CTX_DAG_RUN_ID='manual__2025-04-30T14:02:37.930849+00:00'
[2025-04-30T14:02:40.738+0000] {superset_sync.py:41} INFO - Superset ещё не готов (HTTPConnectionPool(host='superset', port=8088): Max retries exceeded with url: /api/v1/security/login (Caused by NewConnectionError('<urllib3.connection.HTTPConnection object at 0x77d6bf88c590>: Failed to establish a new connection: [Errno -3] Temporary failure in name resolution'))); ждём…
[2025-04-30T14:02:43.746+0000] {superset_sync.py:41} INFO - Superset ещё не готов (HTTPConnectionPool(host='superset', port=8088): Max retries exceeded with url: /api/v1/security/login (Caused by NewConnectionError('<urllib3.connection.HTTPConnection object at 0x77d6bf805b90>: Failed to establish a new connection: [Errno -3] Temporary failure in name resolution'))); ждём…
[2025-04-30T14:02:46.754+0000] {superset_sync.py:41} INFO - Superset ещё не готов (HTTPConnectionPool(host='superset', port=8088): Max retries exceeded with url: /api/v1/security/login (Caused by NewConnectionError('<urllib3.connection.HTTPConnection object at 0x77d6bf805bd0>: Failed to establish a new connection: [Errno -3] Temporary failure in name resolution'))); ждём…
[2025-04-30T14:02:49.763+0000] {superset_sync.py:41} INFO - Superset ещё не готов (HTTPConnectionPool(host='superset', port=8088): Max retries exceeded with url: /api/v1/security/login (Caused by NewConnectionError('<urllib3.connection.HTTPConnection object at 0x77d6bf805b90>: Failed to establish a new connection: [Errno -3] Temporary failure in name resolution'))); ждём…
[2025-04-30T14:02:52.772+0000] {superset_sync.py:41} INFO - Superset ещё не готов (HTTPConnectionPool(host='superset', port=8088): Max retries exceeded with url: /api/v1/security/login (Caused by NewConnectionError('<urllib3.connection.HTTPConnection object at 0x77d6bf598a90>: Failed to establish a new connection: [Errno -3] Temporary failure in name resolution'))); ждём…
[2025-04-30T14:02:55.777+0000] {superset_sync.py:41} INFO - Superset ещё не готов (HTTPConnectionPool(host='superset', port=8088): Max retries exceeded with url: /api/v1/security/login (Caused by NewConnectionError('<urllib3.connection.HTTPConnection object at 0x77d6bf847590>: Failed to establish a new connection: [Errno -3] Temporary failure in name resolution'))); ждём…
[2025-04-30T14:02:58.785+0000] {superset_sync.py:41} INFO - Superset ещё не готов (HTTPConnectionPool(host='superset', port=8088): Max retries exceeded with url: /api/v1/security/login (Caused by NewConnectionError('<urllib3.connection.HTTPConnection object at 0x77d6bf847b90>: Failed to establish a new connection: [Errno -3] Temporary failure in name resolution'))); ждём…
[2025-04-30T14:03:01.797+0000] {superset_sync.py:41} INFO - Superset ещё не готов (HTTPConnectionPool(host='superset', port=8088): Max retries exceeded with url: /api/v1/security/login (Caused by NewConnectionError('<urllib3.connection.HTTPConnection object at 0x77d6bf847790>: Failed to establish a new connection: [Errno -3] Temporary failure in name resolution'))); ждём…
[2025-04-30T14:03:04.806+0000] {superset_sync.py:41} INFO - Superset ещё не готов (HTTPConnectionPool(host='superset', port=8088): Max retries exceeded with url: /api/v1/security/login (Caused by NewConnectionError('<urllib3.connection.HTTPConnection object at 0x77d6bf8475d0>: Failed to establish a new connection: [Errno -3] Temporary failure in name resolution'))); ждём…
[2025-04-30T14:03:07.811+0000] {superset_sync.py:41} INFO - Superset ещё не готов (HTTPConnectionPool(host='superset', port=8088): Max retries exceeded with url: /api/v1/security/login (Caused by NewConnectionError('<urllib3.connection.HTTPConnection object at 0x77d6bf847d90>: Failed to establish a new connection: [Errno -3] Temporary failure in name resolution'))); ждём…
[2025-04-30T14:03:10.819+0000] {superset_sync.py:41} INFO - Superset ещё не готов (HTTPConnectionPool(host='superset', port=8088): Max retries exceeded with url: /api/v1/security/login (Caused by NewConnectionError('<urllib3.connection.HTTPConnection object at 0x77d6bf847d10>: Failed to establish a new connection: [Errno -3] Temporary failure in name resolution'))); ждём…
[2025-04-30T14:03:13.825+0000] {superset_sync.py:41} INFO - Superset ещё не готов (HTTPConnectionPool(host='superset', port=8088): Max retries exceeded with url: /api/v1/security/login (Caused by NewConnectionError('<urllib3.connection.HTTPConnection object at 0x77d6bf847990>: Failed to establish a new connection: [Errno -3] Temporary failure in name resolution'))); ждём…
[2025-04-30T14:03:16.833+0000] {superset_sync.py:41} INFO - Superset ещё не готов (HTTPConnectionPool(host='superset', port=8088): Max retries exceeded with url: /api/v1/security/login (Caused by NewConnectionError('<urllib3.connection.HTTPConnection object at 0x77d6bf847590>: Failed to establish a new connection: [Errno -3] Temporary failure in name resolution'))); ждём…
[2025-04-30T14:03:19.839+0000] {superset_sync.py:41} INFO - Superset ещё не готов (HTTPConnectionPool(host='superset', port=8088): Max retries exceeded with url: /api/v1/security/login (Caused by NewConnectionError('<urllib3.connection.HTTPConnection object at 0x77d6bf847b90>: Failed to establish a new connection: [Errno -3] Temporary failure in name resolution'))); ждём…
[2025-04-30T14:03:22.848+0000] {superset_sync.py:41} INFO - Superset ещё не готов (HTTPConnectionPool(host='superset', port=8088): Max retries exceeded with url: /api/v1/security/login (Caused by NewConnectionError('<urllib3.connection.HTTPConnection object at 0x77d6bf847790>: Failed to establish a new connection: [Errno -3] Temporary failure in name resolution'))); ждём…
[2025-04-30T14:03:25.856+0000] {superset_sync.py:41} INFO - Superset ещё не готов (HTTPConnectionPool(host='superset', port=8088): Max retries exceeded with url: /api/v1/security/login (Caused by NewConnectionError('<urllib3.connection.HTTPConnection object at 0x77d6bf8475d0>: Failed to establish a new connection: [Errno -3] Temporary failure in name resolution'))); ждём…
[2025-04-30T14:03:28.865+0000] {superset_sync.py:41} INFO - Superset ещё не готов (HTTPConnectionPool(host='superset', port=8088): Max retries exceeded with url: /api/v1/security/login (Caused by NewConnectionError('<urllib3.connection.HTTPConnection object at 0x77d6bf847d90>: Failed to establish a new connection: [Errno -3] Temporary failure in name resolution'))); ждём…
[2025-04-30T14:03:31.874+0000] {superset_sync.py:41} INFO - Superset ещё не готов (HTTPConnectionPool(host='superset', port=8088): Max retries exceeded with url: /api/v1/security/login (Caused by NewConnectionError('<urllib3.connection.HTTPConnection object at 0x77d6bf847d10>: Failed to establish a new connection: [Errno -3] Temporary failure in name resolution'))); ждём…
[2025-04-30T14:03:34.878+0000] {superset_sync.py:41} INFO - Superset ещё не готов (HTTPConnectionPool(host='superset', port=8088): Max retries exceeded with url: /api/v1/security/login (Caused by NewConnectionError('<urllib3.connection.HTTPConnection object at 0x77d6bf847990>: Failed to establish a new connection: [Errno 111] Connection refused'))); ждём…
[2025-04-30T14:03:37.886+0000] {superset_sync.py:41} INFO - Superset ещё не готов (HTTPConnectionPool(host='superset', port=8088): Max retries exceeded with url: /api/v1/security/login (Caused by NewConnectionError('<urllib3.connection.HTTPConnection object at 0x77d6bf868c90>: Failed to establish a new connection: [Errno -3] Temporary failure in name resolution'))); ждём…
[2025-04-30T14:03:40.889+0000] {taskinstance.py:1824} ERROR - Task failed with exception
Traceback (most recent call last):
  File "/home/airflow/.local/lib/python3.7/site-packages/airflow/operators/python.py", line 181, in execute
    return_value = self.execute_callable()
  File "/home/airflow/.local/lib/python3.7/site-packages/airflow/operators/python.py", line 198, in execute_callable
    return self.python_callable(*self.op_args, **self.op_kwargs)
  File "/opt/airflow/dags/superset_sync.py", line 75, in t_dataset
    sess,head=superset_session()
  File "/opt/airflow/dags/superset_sync.py", line 43, in superset_session
    raise RuntimeError("Superset недоступен")
RuntimeError: Superset недоступен
[2025-04-30T14:03:40.900+0000] {taskinstance.py:1350} INFO - Marking task as UP_FOR_RETRY. dag_id=superset_sync, task_id=create_superset_dataset, execution_date=20250430T140237, start_date=20250430T140240, end_date=20250430T140340
[2025-04-30T14:03:40.910+0000] {standard_task_runner.py:109} ERROR - Failed to execute job 68 for task create_superset_dataset (Superset недоступен; 635)
[2025-04-30T14:03:40.924+0000] {local_task_job_runner.py:225} INFO - Task exited with return code 1
[2025-04-30T14:03:40.947+0000] {taskinstance.py:2653} INFO - 0 downstream tasks scheduled from follow-on schedule check
