[2025-04-30T14:05:42.850+0000] {taskinstance.py:1103} INFO - Dependencies all met for dep_context=non-requeueable deps ti=<TaskInstance: superset_sync.create_superset_dataset manual__2025-04-30T14:02:37.930849+00:00 [queued]>
[2025-04-30T14:05:42.855+0000] {taskinstance.py:1103} INFO - Dependencies all met for dep_context=requeueable deps ti=<TaskInstance: superset_sync.create_superset_dataset manual__2025-04-30T14:02:37.930849+00:00 [queued]>
[2025-04-30T14:05:42.856+0000] {taskinstance.py:1308} INFO - Starting attempt 2 of 2
[2025-04-30T14:05:42.865+0000] {taskinstance.py:1327} INFO - Executing <Task(PythonOperator): create_superset_dataset> on 2025-04-30 14:02:37.930849+00:00
[2025-04-30T14:05:42.868+0000] {standard_task_runner.py:57} INFO - Started process 759 to run task
[2025-04-30T14:05:42.870+0000] {standard_task_runner.py:84} INFO - Running: ['airflow', 'tasks', 'run', 'superset_sync', 'create_superset_dataset', 'manual__2025-04-30T14:02:37.930849+00:00', '--job-id', '69', '--raw', '--subdir', 'DAGS_FOLDER/superset_sync.py', '--cfg-path', '/tmp/tmp8ye24b4q']
[2025-04-30T14:05:42.871+0000] {standard_task_runner.py:85} INFO - Job 69: Subtask create_superset_dataset
[2025-04-30T14:05:42.883+0000] {logging_mixin.py:150} WARNING - /home/airflow/.local/lib/python3.7/site-packages/airflow/settings.py:195 DeprecationWarning: The sql_alchemy_conn option in [core] has been moved to the sql_alchemy_conn option in [database] - the old setting has been used, but please update your config.
[2025-04-30T14:05:42.909+0000] {task_command.py:410} INFO - Running <TaskInstance: superset_sync.create_superset_dataset manual__2025-04-30T14:02:37.930849+00:00 [running]> on host c3e86edc6a44
[2025-04-30T14:05:43.046+0000] {taskinstance.py:1547} INFO - Exporting env vars: AIRFLOW_CTX_DAG_OWNER='airflow' AIRFLOW_CTX_DAG_ID='superset_sync' AIRFLOW_CTX_TASK_ID='create_superset_dataset' AIRFLOW_CTX_EXECUTION_DATE='2025-04-30T14:02:37.930849+00:00' AIRFLOW_CTX_TRY_NUMBER='2' AIRFLOW_CTX_DAG_RUN_ID='manual__2025-04-30T14:02:37.930849+00:00'
[2025-04-30T14:05:43.049+0000] {superset_sync.py:41} INFO - Superset ещё не готов (HTTPConnectionPool(host='superset', port=8088): Max retries exceeded with url: /api/v1/security/login (Caused by NewConnectionError('<urllib3.connection.HTTPConnection object at 0x7d2e14a8d710>: Failed to establish a new connection: [Errno -3] Temporary failure in name resolution'))); ждём…
[2025-04-30T14:05:46.057+0000] {superset_sync.py:41} INFO - Superset ещё не готов (HTTPConnectionPool(host='superset', port=8088): Max retries exceeded with url: /api/v1/security/login (Caused by NewConnectionError('<urllib3.connection.HTTPConnection object at 0x7d2e14a27590>: Failed to establish a new connection: [Errno -3] Temporary failure in name resolution'))); ждём…
[2025-04-30T14:05:49.066+0000] {superset_sync.py:41} INFO - Superset ещё не готов (HTTPConnectionPool(host='superset', port=8088): Max retries exceeded with url: /api/v1/security/login (Caused by NewConnectionError('<urllib3.connection.HTTPConnection object at 0x7d2e14a27c90>: Failed to establish a new connection: [Errno -3] Temporary failure in name resolution'))); ждём…
[2025-04-30T14:05:52.075+0000] {superset_sync.py:41} INFO - Superset ещё не готов (HTTPConnectionPool(host='superset', port=8088): Max retries exceeded with url: /api/v1/security/login (Caused by NewConnectionError('<urllib3.connection.HTTPConnection object at 0x7d2e14a279d0>: Failed to establish a new connection: [Errno -3] Temporary failure in name resolution'))); ждём…
[2025-04-30T14:05:55.083+0000] {superset_sync.py:41} INFO - Superset ещё не готов (HTTPConnectionPool(host='superset', port=8088): Max retries exceeded with url: /api/v1/security/login (Caused by NewConnectionError('<urllib3.connection.HTTPConnection object at 0x7d2e14a27250>: Failed to establish a new connection: [Errno -3] Temporary failure in name resolution'))); ждём…
[2025-04-30T14:05:58.092+0000] {superset_sync.py:41} INFO - Superset ещё не готов (HTTPConnectionPool(host='superset', port=8088): Max retries exceeded with url: /api/v1/security/login (Caused by NewConnectionError('<urllib3.connection.HTTPConnection object at 0x7d2e14a27590>: Failed to establish a new connection: [Errno -3] Temporary failure in name resolution'))); ждём…
[2025-04-30T14:06:01.100+0000] {superset_sync.py:41} INFO - Superset ещё не готов (HTTPConnectionPool(host='superset', port=8088): Max retries exceeded with url: /api/v1/security/login (Caused by NewConnectionError('<urllib3.connection.HTTPConnection object at 0x7d2e14a27c90>: Failed to establish a new connection: [Errno -3] Temporary failure in name resolution'))); ждём…
[2025-04-30T14:06:04.109+0000] {superset_sync.py:41} INFO - Superset ещё не готов (HTTPConnectionPool(host='superset', port=8088): Max retries exceeded with url: /api/v1/security/login (Caused by NewConnectionError('<urllib3.connection.HTTPConnection object at 0x7d2e14a27bd0>: Failed to establish a new connection: [Errno -3] Temporary failure in name resolution'))); ждём…
[2025-04-30T14:06:07.118+0000] {superset_sync.py:41} INFO - Superset ещё не готов (HTTPConnectionPool(host='superset', port=8088): Max retries exceeded with url: /api/v1/security/login (Caused by NewConnectionError('<urllib3.connection.HTTPConnection object at 0x7d2e14a27410>: Failed to establish a new connection: [Errno -3] Temporary failure in name resolution'))); ждём…
[2025-04-30T14:06:10.126+0000] {superset_sync.py:41} INFO - Superset ещё не готов (HTTPConnectionPool(host='superset', port=8088): Max retries exceeded with url: /api/v1/security/login (Caused by NewConnectionError('<urllib3.connection.HTTPConnection object at 0x7d2e14a27790>: Failed to establish a new connection: [Errno -3] Temporary failure in name resolution'))); ждём…
[2025-04-30T14:06:13.135+0000] {superset_sync.py:41} INFO - Superset ещё не готов (HTTPConnectionPool(host='superset', port=8088): Max retries exceeded with url: /api/v1/security/login (Caused by NewConnectionError('<urllib3.connection.HTTPConnection object at 0x7d2e14a27250>: Failed to establish a new connection: [Errno -3] Temporary failure in name resolution'))); ждём…
[2025-04-30T14:06:16.143+0000] {superset_sync.py:41} INFO - Superset ещё не готов (HTTPConnectionPool(host='superset', port=8088): Max retries exceeded with url: /api/v1/security/login (Caused by NewConnectionError('<urllib3.connection.HTTPConnection object at 0x7d2e14a279d0>: Failed to establish a new connection: [Errno -3] Temporary failure in name resolution'))); ждём…
[2025-04-30T14:06:19.153+0000] {superset_sync.py:41} INFO - Superset ещё не готов (HTTPConnectionPool(host='superset', port=8088): Max retries exceeded with url: /api/v1/security/login (Caused by NewConnectionError('<urllib3.connection.HTTPConnection object at 0x7d2e14a27a10>: Failed to establish a new connection: [Errno -3] Temporary failure in name resolution'))); ждём…
[2025-04-30T14:06:22.157+0000] {superset_sync.py:41} INFO - Superset ещё не готов (HTTPConnectionPool(host='superset', port=8088): Max retries exceeded with url: /api/v1/security/login (Caused by NewConnectionError('<urllib3.connection.HTTPConnection object at 0x7d2e14a27590>: Failed to establish a new connection: [Errno -3] Temporary failure in name resolution'))); ждём…
[2025-04-30T14:06:25.165+0000] {superset_sync.py:41} INFO - Superset ещё не готов (HTTPConnectionPool(host='superset', port=8088): Max retries exceeded with url: /api/v1/security/login (Caused by NewConnectionError('<urllib3.connection.HTTPConnection object at 0x7d2e14a27c90>: Failed to establish a new connection: [Errno -3] Temporary failure in name resolution'))); ждём…
[2025-04-30T14:06:28.174+0000] {superset_sync.py:41} INFO - Superset ещё не готов (HTTPConnectionPool(host='superset', port=8088): Max retries exceeded with url: /api/v1/security/login (Caused by NewConnectionError('<urllib3.connection.HTTPConnection object at 0x7d2e14a27bd0>: Failed to establish a new connection: [Errno -3] Temporary failure in name resolution'))); ждём…
[2025-04-30T14:06:31.183+0000] {superset_sync.py:41} INFO - Superset ещё не готов (HTTPConnectionPool(host='superset', port=8088): Max retries exceeded with url: /api/v1/security/login (Caused by NewConnectionError('<urllib3.connection.HTTPConnection object at 0x7d2e14a27410>: Failed to establish a new connection: [Errno -3] Temporary failure in name resolution'))); ждём…
[2025-04-30T14:06:34.193+0000] {superset_sync.py:41} INFO - Superset ещё не готов (HTTPConnectionPool(host='superset', port=8088): Max retries exceeded with url: /api/v1/security/login (Caused by NewConnectionError('<urllib3.connection.HTTPConnection object at 0x7d2e14a27790>: Failed to establish a new connection: [Errno -3] Temporary failure in name resolution'))); ждём…
[2025-04-30T14:06:47.210+0000] {superset_sync.py:41} INFO - Superset ещё не готов (HTTPConnectionPool(host='superset', port=8088): Max retries exceeded with url: /api/v1/security/login (Caused by ConnectTimeoutError(<urllib3.connection.HTTPConnection object at 0x7d2e14a27250>, 'Connection to superset timed out. (connect timeout=10)'))); ждём…
[2025-04-30T14:06:50.222+0000] {superset_sync.py:41} INFO - Superset ещё не готов (HTTPConnectionPool(host='superset', port=8088): Max retries exceeded with url: /api/v1/security/login (Caused by NewConnectionError('<urllib3.connection.HTTPConnection object at 0x7d2e14a77890>: Failed to establish a new connection: [Errno -3] Temporary failure in name resolution'))); ждём…
[2025-04-30T14:06:53.225+0000] {taskinstance.py:1824} ERROR - Task failed with exception
Traceback (most recent call last):
  File "/home/airflow/.local/lib/python3.7/site-packages/airflow/operators/python.py", line 181, in execute
    return_value = self.execute_callable()
  File "/home/airflow/.local/lib/python3.7/site-packages/airflow/operators/python.py", line 198, in execute_callable
    return self.python_callable(*self.op_args, **self.op_kwargs)
  File "/opt/airflow/dags/superset_sync.py", line 75, in t_dataset
    sess,head=superset_session()
  File "/opt/airflow/dags/superset_sync.py", line 43, in superset_session
    raise RuntimeError("Superset недоступен")
RuntimeError: Superset недоступен
[2025-04-30T14:06:53.244+0000] {taskinstance.py:1350} INFO - Marking task as FAILED. dag_id=superset_sync, task_id=create_superset_dataset, execution_date=20250430T140237, start_date=20250430T140542, end_date=20250430T140653
[2025-04-30T14:06:53.265+0000] {standard_task_runner.py:109} ERROR - Failed to execute job 69 for task create_superset_dataset (Superset недоступен; 759)
[2025-04-30T14:06:53.305+0000] {local_task_job_runner.py:225} INFO - Task exited with return code 1
[2025-04-30T14:06:53.331+0000] {taskinstance.py:2653} INFO - 0 downstream tasks scheduled from follow-on schedule check
