[2025-04-30T17:09:59.509+0000] {taskinstance.py:1103} INFO - Dependencies all met for dep_context=non-requeueable deps ti=<TaskInstance: transform.detect_suspicious manual__2025-04-30T17:09:50.378659+00:00 [queued]>
[2025-04-30T17:09:59.516+0000] {taskinstance.py:1103} INFO - Dependencies all met for dep_context=requeueable deps ti=<TaskInstance: transform.detect_suspicious manual__2025-04-30T17:09:50.378659+00:00 [queued]>
[2025-04-30T17:09:59.517+0000] {taskinstance.py:1308} INFO - Starting attempt 1 of 2
[2025-04-30T17:09:59.527+0000] {taskinstance.py:1327} INFO - Executing <Task(SparkSubmitOperator): detect_suspicious> on 2025-04-30 17:09:50.378659+00:00
[2025-04-30T17:09:59.532+0000] {standard_task_runner.py:57} INFO - Started process 195 to run task
[2025-04-30T17:09:59.534+0000] {standard_task_runner.py:84} INFO - Running: ['airflow', 'tasks', 'run', 'transform', 'detect_suspicious', 'manual__2025-04-30T17:09:50.378659+00:00', '--job-id', '9', '--raw', '--subdir', 'DAGS_FOLDER/transform.py', '--cfg-path', '/tmp/tmpgqh65jkk']
[2025-04-30T17:09:59.535+0000] {standard_task_runner.py:85} INFO - Job 9: Subtask detect_suspicious
[2025-04-30T17:09:59.547+0000] {logging_mixin.py:150} WARNING - /home/airflow/.local/lib/python3.7/site-packages/airflow/settings.py:195 DeprecationWarning: The sql_alchemy_conn option in [core] has been moved to the sql_alchemy_conn option in [database] - the old setting has been used, but please update your config.
[2025-04-30T17:09:59.574+0000] {task_command.py:410} INFO - Running <TaskInstance: transform.detect_suspicious manual__2025-04-30T17:09:50.378659+00:00 [running]> on host a2dde070184b
[2025-04-30T17:09:59.713+0000] {taskinstance.py:1547} INFO - Exporting env vars: AIRFLOW_CTX_DAG_OWNER='finbest' AIRFLOW_CTX_DAG_ID='transform' AIRFLOW_CTX_TASK_ID='detect_suspicious' AIRFLOW_CTX_EXECUTION_DATE='2025-04-30T17:09:50.378659+00:00' AIRFLOW_CTX_TRY_NUMBER='1' AIRFLOW_CTX_DAG_RUN_ID='manual__2025-04-30T17:09:50.378659+00:00'
[2025-04-30T17:09:59.722+0000] {base.py:73} INFO - Using connection ID 'spark_default' for task execution.
[2025-04-30T17:09:59.723+0000] {spark_submit.py:339} INFO - Spark-Submit cmd: spark-submit --master spark://spark-master:7077 --packages org.postgresql:postgresql:42.6.0 --executor-cores 1 --executor-memory 1g --driver-memory 1g --name arrow-spark /opt/airflow/spark/detect_suspicious.py --jdbc jdbc:postgresql://postgres:5432/finbest
[2025-04-30T17:10:01.178+0000] {spark_submit.py:490} INFO - :: loading settings :: url = jar:file:/opt/spark/jars/ivy-2.5.0.jar!/org/apache/ivy/core/settings/ivysettings.xml
[2025-04-30T17:10:01.252+0000] {spark_submit.py:490} INFO - Ivy Default Cache set to: /home/airflow/.ivy2/cache
[2025-04-30T17:10:01.252+0000] {spark_submit.py:490} INFO - The jars for the packages stored in: /home/airflow/.ivy2/jars
[2025-04-30T17:10:01.256+0000] {spark_submit.py:490} INFO - org.postgresql#postgresql added as a dependency
[2025-04-30T17:10:01.257+0000] {spark_submit.py:490} INFO - :: resolving dependencies :: org.apache.spark#spark-submit-parent-90694dd4-5b5d-45a0-aaa7-5c49e9240cb0;1.0
[2025-04-30T17:10:01.257+0000] {spark_submit.py:490} INFO - confs: [default]
[2025-04-30T17:10:04.372+0000] {spark_submit.py:490} INFO - found org.postgresql#postgresql;42.6.0 in central
[2025-04-30T17:10:04.850+0000] {spark_submit.py:490} INFO - found org.checkerframework#checker-qual;3.31.0 in central
[2025-04-30T17:10:05.038+0000] {spark_submit.py:490} INFO - downloading https://repo1.maven.org/maven2/org/postgresql/postgresql/42.6.0/postgresql-42.6.0.jar ...
[2025-04-30T17:10:08.103+0000] {spark_submit.py:490} INFO - [SUCCESSFUL ] org.postgresql#postgresql;42.6.0!postgresql.jar (3245ms)
[2025-04-30T17:10:08.169+0000] {spark_submit.py:490} INFO - downloading https://repo1.maven.org/maven2/org/checkerframework/checker-qual/3.31.0/checker-qual-3.31.0.jar ...
[2025-04-30T17:10:08.411+0000] {spark_submit.py:490} INFO - [SUCCESSFUL ] org.checkerframework#checker-qual;3.31.0!checker-qual.jar (305ms)
[2025-04-30T17:10:08.411+0000] {spark_submit.py:490} INFO - :: resolution report :: resolve 3599ms :: artifacts dl 3555ms
[2025-04-30T17:10:08.411+0000] {spark_submit.py:490} INFO - :: modules in use:
[2025-04-30T17:10:08.412+0000] {spark_submit.py:490} INFO - org.checkerframework#checker-qual;3.31.0 from central in [default]
[2025-04-30T17:10:08.412+0000] {spark_submit.py:490} INFO - org.postgresql#postgresql;42.6.0 from central in [default]
[2025-04-30T17:10:08.412+0000] {spark_submit.py:490} INFO - ---------------------------------------------------------------------
[2025-04-30T17:10:08.412+0000] {spark_submit.py:490} INFO - |                  |            modules            ||   artifacts   |
[2025-04-30T17:10:08.412+0000] {spark_submit.py:490} INFO - |       conf       | number| search|dwnlded|evicted|| number|dwnlded|
[2025-04-30T17:10:08.412+0000] {spark_submit.py:490} INFO - ---------------------------------------------------------------------
[2025-04-30T17:10:08.412+0000] {spark_submit.py:490} INFO - |      default     |   2   |   2   |   2   |   0   ||   2   |   2   |
[2025-04-30T17:10:08.412+0000] {spark_submit.py:490} INFO - ---------------------------------------------------------------------
[2025-04-30T17:10:08.414+0000] {spark_submit.py:490} INFO - :: retrieving :: org.apache.spark#spark-submit-parent-90694dd4-5b5d-45a0-aaa7-5c49e9240cb0
[2025-04-30T17:10:08.414+0000] {spark_submit.py:490} INFO - confs: [default]
[2025-04-30T17:10:08.420+0000] {spark_submit.py:490} INFO - 2 artifacts copied, 0 already retrieved (1274kB/6ms)
[2025-04-30T17:10:08.574+0000] {spark_submit.py:490} INFO - 25/04/30 17:10:08 WARN NativeCodeLoader: Unable to load native-hadoop library for your platform... using builtin-java classes where applicable
[2025-04-30T17:10:09.365+0000] {spark_submit.py:490} INFO - 25/04/30 17:10:09 INFO SparkContext: Running Spark version 3.3.0
[2025-04-30T17:10:09.384+0000] {spark_submit.py:490} INFO - 25/04/30 17:10:09 INFO ResourceUtils: ==============================================================
[2025-04-30T17:10:09.384+0000] {spark_submit.py:490} INFO - 25/04/30 17:10:09 INFO ResourceUtils: No custom resources configured for spark.driver.
[2025-04-30T17:10:09.385+0000] {spark_submit.py:490} INFO - 25/04/30 17:10:09 INFO ResourceUtils: ==============================================================
[2025-04-30T17:10:09.385+0000] {spark_submit.py:490} INFO - 25/04/30 17:10:09 INFO SparkContext: Submitted application: FinBestDetect
[2025-04-30T17:10:09.419+0000] {spark_submit.py:490} INFO - 25/04/30 17:10:09 INFO ResourceProfile: Default ResourceProfile created, executor resources: Map(cores -> name: cores, amount: 1, script: , vendor: , memory -> name: memory, amount: 1024, script: , vendor: , offHeap -> name: offHeap, amount: 0, script: , vendor: ), task resources: Map(cpus -> name: cpus, amount: 1.0)
[2025-04-30T17:10:09.429+0000] {spark_submit.py:490} INFO - 25/04/30 17:10:09 INFO ResourceProfile: Limiting resource is cpus at 1 tasks per executor
[2025-04-30T17:10:09.430+0000] {spark_submit.py:490} INFO - 25/04/30 17:10:09 INFO ResourceProfileManager: Added ResourceProfile id: 0
[2025-04-30T17:10:09.486+0000] {spark_submit.py:490} INFO - 25/04/30 17:10:09 INFO SecurityManager: Changing view acls to: airflow
[2025-04-30T17:10:09.487+0000] {spark_submit.py:490} INFO - 25/04/30 17:10:09 INFO SecurityManager: Changing modify acls to: airflow
[2025-04-30T17:10:09.487+0000] {spark_submit.py:490} INFO - 25/04/30 17:10:09 INFO SecurityManager: Changing view acls groups to:
[2025-04-30T17:10:09.487+0000] {spark_submit.py:490} INFO - 25/04/30 17:10:09 INFO SecurityManager: Changing modify acls groups to:
[2025-04-30T17:10:09.488+0000] {spark_submit.py:490} INFO - 25/04/30 17:10:09 INFO SecurityManager: SecurityManager: authentication disabled; ui acls disabled; users  with view permissions: Set(airflow); groups with view permissions: Set(); users  with modify permissions: Set(airflow); groups with modify permissions: Set()
[2025-04-30T17:10:09.698+0000] {spark_submit.py:490} INFO - 25/04/30 17:10:09 INFO Utils: Successfully started service 'sparkDriver' on port 35813.
[2025-04-30T17:10:09.724+0000] {spark_submit.py:490} INFO - 25/04/30 17:10:09 INFO SparkEnv: Registering MapOutputTracker
[2025-04-30T17:10:09.753+0000] {spark_submit.py:490} INFO - 25/04/30 17:10:09 INFO SparkEnv: Registering BlockManagerMaster
[2025-04-30T17:10:09.770+0000] {spark_submit.py:490} INFO - 25/04/30 17:10:09 INFO BlockManagerMasterEndpoint: Using org.apache.spark.storage.DefaultTopologyMapper for getting topology information
[2025-04-30T17:10:09.770+0000] {spark_submit.py:490} INFO - 25/04/30 17:10:09 INFO BlockManagerMasterEndpoint: BlockManagerMasterEndpoint up
[2025-04-30T17:10:09.774+0000] {spark_submit.py:490} INFO - 25/04/30 17:10:09 INFO SparkEnv: Registering BlockManagerMasterHeartbeat
[2025-04-30T17:10:09.804+0000] {spark_submit.py:490} INFO - 25/04/30 17:10:09 INFO DiskBlockManager: Created local directory at /tmp/blockmgr-6f37844a-9148-4264-8422-f3dfc149c84c
[2025-04-30T17:10:09.820+0000] {spark_submit.py:490} INFO - 25/04/30 17:10:09 INFO MemoryStore: MemoryStore started with capacity 434.4 MiB
[2025-04-30T17:10:09.837+0000] {spark_submit.py:490} INFO - 25/04/30 17:10:09 INFO SparkEnv: Registering OutputCommitCoordinator
[2025-04-30T17:10:10.034+0000] {spark_submit.py:490} INFO - 25/04/30 17:10:10 INFO Utils: Successfully started service 'SparkUI' on port 4040.
[2025-04-30T17:10:10.062+0000] {spark_submit.py:490} INFO - 25/04/30 17:10:10 INFO SparkContext: Added JAR file:///home/airflow/.ivy2/jars/org.postgresql_postgresql-42.6.0.jar at spark://a2dde070184b:35813/jars/org.postgresql_postgresql-42.6.0.jar with timestamp 1746033009358
[2025-04-30T17:10:10.063+0000] {spark_submit.py:490} INFO - 25/04/30 17:10:10 INFO SparkContext: Added JAR file:///home/airflow/.ivy2/jars/org.checkerframework_checker-qual-3.31.0.jar at spark://a2dde070184b:35813/jars/org.checkerframework_checker-qual-3.31.0.jar with timestamp 1746033009358
[2025-04-30T17:10:10.065+0000] {spark_submit.py:490} INFO - 25/04/30 17:10:10 INFO SparkContext: Added file file:///home/airflow/.ivy2/jars/org.postgresql_postgresql-42.6.0.jar at spark://a2dde070184b:35813/files/org.postgresql_postgresql-42.6.0.jar with timestamp 1746033009358
[2025-04-30T17:10:10.066+0000] {spark_submit.py:490} INFO - 25/04/30 17:10:10 INFO Utils: Copying /home/airflow/.ivy2/jars/org.postgresql_postgresql-42.6.0.jar to /tmp/spark-cccba71c-b1f3-4a37-aa73-f272bfa43208/userFiles-89505d73-3dd1-4a49-afde-b57159143bc8/org.postgresql_postgresql-42.6.0.jar
[2025-04-30T17:10:10.075+0000] {spark_submit.py:490} INFO - 25/04/30 17:10:10 INFO SparkContext: Added file file:///home/airflow/.ivy2/jars/org.checkerframework_checker-qual-3.31.0.jar at spark://a2dde070184b:35813/files/org.checkerframework_checker-qual-3.31.0.jar with timestamp 1746033009358
[2025-04-30T17:10:10.075+0000] {spark_submit.py:490} INFO - 25/04/30 17:10:10 INFO Utils: Copying /home/airflow/.ivy2/jars/org.checkerframework_checker-qual-3.31.0.jar to /tmp/spark-cccba71c-b1f3-4a37-aa73-f272bfa43208/userFiles-89505d73-3dd1-4a49-afde-b57159143bc8/org.checkerframework_checker-qual-3.31.0.jar
[2025-04-30T17:10:10.148+0000] {spark_submit.py:490} INFO - 25/04/30 17:10:10 INFO StandaloneAppClient$ClientEndpoint: Connecting to master spark://spark-master:7077...
[2025-04-30T17:10:10.188+0000] {spark_submit.py:490} INFO - 25/04/30 17:10:10 INFO TransportClientFactory: Successfully created connection to spark-master/172.18.0.3:7077 after 24 ms (0 ms spent in bootstraps)
[2025-04-30T17:10:10.549+0000] {spark_submit.py:490} INFO - 25/04/30 17:10:10 INFO StandaloneSchedulerBackend: Connected to Spark cluster with app ID app-20250430171010-0000
[2025-04-30T17:10:10.555+0000] {spark_submit.py:490} INFO - 25/04/30 17:10:10 INFO Utils: Successfully started service 'org.apache.spark.network.netty.NettyBlockTransferService' on port 44429.
[2025-04-30T17:10:10.556+0000] {spark_submit.py:490} INFO - 25/04/30 17:10:10 INFO NettyBlockTransferService: Server created on a2dde070184b:44429
[2025-04-30T17:10:10.557+0000] {spark_submit.py:490} INFO - 25/04/30 17:10:10 INFO BlockManager: Using org.apache.spark.storage.RandomBlockReplicationPolicy for block replication policy
[2025-04-30T17:10:10.562+0000] {spark_submit.py:490} INFO - 25/04/30 17:10:10 INFO BlockManagerMaster: Registering BlockManager BlockManagerId(driver, a2dde070184b, 44429, None)
[2025-04-30T17:10:10.565+0000] {spark_submit.py:490} INFO - 25/04/30 17:10:10 INFO BlockManagerMasterEndpoint: Registering block manager a2dde070184b:44429 with 434.4 MiB RAM, BlockManagerId(driver, a2dde070184b, 44429, None)
[2025-04-30T17:10:10.569+0000] {spark_submit.py:490} INFO - 25/04/30 17:10:10 INFO BlockManagerMaster: Registered BlockManager BlockManagerId(driver, a2dde070184b, 44429, None)
[2025-04-30T17:10:10.570+0000] {spark_submit.py:490} INFO - 25/04/30 17:10:10 INFO BlockManager: Initialized BlockManager: BlockManagerId(driver, a2dde070184b, 44429, None)
[2025-04-30T17:10:10.638+0000] {spark_submit.py:490} INFO - 25/04/30 17:10:10 INFO StandaloneAppClient$ClientEndpoint: Executor added: app-20250430171010-0000/0 on worker-20250430170801-172.18.0.5-39233 (172.18.0.5:39233) with 1 core(s)
[2025-04-30T17:10:10.640+0000] {spark_submit.py:490} INFO - 25/04/30 17:10:10 INFO StandaloneSchedulerBackend: Granted executor ID app-20250430171010-0000/0 on hostPort 172.18.0.5:39233 with 1 core(s), 1024.0 MiB RAM
[2025-04-30T17:10:10.741+0000] {spark_submit.py:490} INFO - 25/04/30 17:10:10 INFO StandaloneSchedulerBackend: SchedulerBackend is ready for scheduling beginning after reached minRegisteredResourcesRatio: 0.0
[2025-04-30T17:10:10.874+0000] {spark_submit.py:490} INFO - INFO:__main__:SparkSession создан
[2025-04-30T17:10:10.880+0000] {spark_submit.py:490} INFO - 25/04/30 17:10:10 INFO SharedState: Setting hive.metastore.warehouse.dir ('null') to the value of spark.sql.warehouse.dir.
[2025-04-30T17:10:10.881+0000] {spark_submit.py:490} INFO - 25/04/30 17:10:10 INFO SharedState: Warehouse path is 'file:/opt/airflow/spark-warehouse'.
[2025-04-30T17:10:11.345+0000] {spark_submit.py:490} INFO - 25/04/30 17:10:11 INFO StandaloneAppClient$ClientEndpoint: Executor updated: app-20250430171010-0000/0 is now RUNNING
[2025-04-30T17:10:14.460+0000] {spark_submit.py:490} INFO - 25/04/30 17:10:14 INFO CoarseGrainedSchedulerBackend$DriverEndpoint: Registered executor NettyRpcEndpointRef(spark-client://Executor) (172.18.0.5:46414) with ID 0,  ResourceProfileId 0
[2025-04-30T17:10:14.521+0000] {spark_submit.py:490} INFO - 25/04/30 17:10:14 INFO BlockManagerMasterEndpoint: Registering block manager 172.18.0.5:43687 with 366.3 MiB RAM, BlockManagerId(0, 172.18.0.5, 43687, None)
[2025-04-30T17:10:14.630+0000] {spark_submit.py:490} INFO - 25/04/30 17:10:14 INFO CodeGenerator: Code generated in 116.739917 ms
[2025-04-30T17:10:14.704+0000] {spark_submit.py:490} INFO - 25/04/30 17:10:14 INFO DAGScheduler: Registering RDD 2 (count at NativeMethodAccessorImpl.java:0) as input to shuffle 0
[2025-04-30T17:10:14.708+0000] {spark_submit.py:490} INFO - 25/04/30 17:10:14 INFO DAGScheduler: Got map stage job 0 (count at NativeMethodAccessorImpl.java:0) with 1 output partitions
[2025-04-30T17:10:14.708+0000] {spark_submit.py:490} INFO - 25/04/30 17:10:14 INFO DAGScheduler: Final stage: ShuffleMapStage 0 (count at NativeMethodAccessorImpl.java:0)
[2025-04-30T17:10:14.708+0000] {spark_submit.py:490} INFO - 25/04/30 17:10:14 INFO DAGScheduler: Parents of final stage: List()
[2025-04-30T17:10:14.709+0000] {spark_submit.py:490} INFO - 25/04/30 17:10:14 INFO DAGScheduler: Missing parents: List()
[2025-04-30T17:10:14.712+0000] {spark_submit.py:490} INFO - 25/04/30 17:10:14 INFO DAGScheduler: Submitting ShuffleMapStage 0 (MapPartitionsRDD[2] at count at NativeMethodAccessorImpl.java:0), which has no missing parents
[2025-04-30T17:10:15.037+0000] {spark_submit.py:490} INFO - 25/04/30 17:10:15 INFO MemoryStore: Block broadcast_0 stored as values in memory (estimated size 13.3 KiB, free 434.4 MiB)
[2025-04-30T17:10:15.060+0000] {spark_submit.py:490} INFO - 25/04/30 17:10:15 INFO MemoryStore: Block broadcast_0_piece0 stored as bytes in memory (estimated size 7.0 KiB, free 434.4 MiB)
[2025-04-30T17:10:15.062+0000] {spark_submit.py:490} INFO - 25/04/30 17:10:15 INFO BlockManagerInfo: Added broadcast_0_piece0 in memory on a2dde070184b:44429 (size: 7.0 KiB, free: 434.4 MiB)
[2025-04-30T17:10:15.065+0000] {spark_submit.py:490} INFO - 25/04/30 17:10:15 INFO SparkContext: Created broadcast 0 from broadcast at DAGScheduler.scala:1513
[2025-04-30T17:10:15.077+0000] {spark_submit.py:490} INFO - 25/04/30 17:10:15 INFO DAGScheduler: Submitting 1 missing tasks from ShuffleMapStage 0 (MapPartitionsRDD[2] at count at NativeMethodAccessorImpl.java:0) (first 15 tasks are for partitions Vector(0))
[2025-04-30T17:10:15.078+0000] {spark_submit.py:490} INFO - 25/04/30 17:10:15 INFO TaskSchedulerImpl: Adding task set 0.0 with 1 tasks resource profile 0
[2025-04-30T17:10:15.104+0000] {spark_submit.py:490} INFO - 25/04/30 17:10:15 INFO TaskSetManager: Starting task 0.0 in stage 0.0 (TID 0) (172.18.0.5, executor 0, partition 0, PROCESS_LOCAL, 4292 bytes) taskResourceAssignments Map()
[2025-04-30T17:10:15.311+0000] {spark_submit.py:490} INFO - 25/04/30 17:10:15 INFO BlockManagerInfo: Added broadcast_0_piece0 in memory on 172.18.0.5:43687 (size: 7.0 KiB, free: 366.3 MiB)
[2025-04-30T17:10:16.676+0000] {spark_submit.py:490} INFO - 25/04/30 17:10:16 INFO TaskSetManager: Finished task 0.0 in stage 0.0 (TID 0) in 1580 ms on 172.18.0.5 (executor 0) (1/1)
[2025-04-30T17:10:16.677+0000] {spark_submit.py:490} INFO - 25/04/30 17:10:16 INFO TaskSchedulerImpl: Removed TaskSet 0.0, whose tasks have all completed, from pool
[2025-04-30T17:10:16.682+0000] {spark_submit.py:490} INFO - 25/04/30 17:10:16 INFO DAGScheduler: ShuffleMapStage 0 (count at NativeMethodAccessorImpl.java:0) finished in 1.835 s
[2025-04-30T17:10:16.683+0000] {spark_submit.py:490} INFO - 25/04/30 17:10:16 INFO DAGScheduler: looking for newly runnable stages
[2025-04-30T17:10:16.683+0000] {spark_submit.py:490} INFO - 25/04/30 17:10:16 INFO DAGScheduler: running: Set()
[2025-04-30T17:10:16.684+0000] {spark_submit.py:490} INFO - 25/04/30 17:10:16 INFO DAGScheduler: waiting: Set()
[2025-04-30T17:10:16.684+0000] {spark_submit.py:490} INFO - 25/04/30 17:10:16 INFO DAGScheduler: failed: Set()
[2025-04-30T17:10:16.718+0000] {spark_submit.py:490} INFO - 25/04/30 17:10:16 INFO CodeGenerator: Code generated in 9.487371 ms
[2025-04-30T17:10:16.751+0000] {spark_submit.py:490} INFO - 25/04/30 17:10:16 INFO SparkContext: Starting job: count at NativeMethodAccessorImpl.java:0
[2025-04-30T17:10:16.755+0000] {spark_submit.py:490} INFO - 25/04/30 17:10:16 INFO DAGScheduler: Got job 1 (count at NativeMethodAccessorImpl.java:0) with 1 output partitions
[2025-04-30T17:10:16.756+0000] {spark_submit.py:490} INFO - 25/04/30 17:10:16 INFO DAGScheduler: Final stage: ResultStage 2 (count at NativeMethodAccessorImpl.java:0)
[2025-04-30T17:10:16.756+0000] {spark_submit.py:490} INFO - 25/04/30 17:10:16 INFO DAGScheduler: Parents of final stage: List(ShuffleMapStage 1)
[2025-04-30T17:10:16.756+0000] {spark_submit.py:490} INFO - 25/04/30 17:10:16 INFO DAGScheduler: Missing parents: List()
[2025-04-30T17:10:16.758+0000] {spark_submit.py:490} INFO - 25/04/30 17:10:16 INFO DAGScheduler: Submitting ResultStage 2 (MapPartitionsRDD[5] at count at NativeMethodAccessorImpl.java:0), which has no missing parents
[2025-04-30T17:10:16.765+0000] {spark_submit.py:490} INFO - 25/04/30 17:10:16 INFO MemoryStore: Block broadcast_1 stored as values in memory (estimated size 11.1 KiB, free 434.4 MiB)
[2025-04-30T17:10:16.769+0000] {spark_submit.py:490} INFO - 25/04/30 17:10:16 INFO MemoryStore: Block broadcast_1_piece0 stored as bytes in memory (estimated size 5.5 KiB, free 434.4 MiB)
[2025-04-30T17:10:16.770+0000] {spark_submit.py:490} INFO - 25/04/30 17:10:16 INFO BlockManagerInfo: Added broadcast_1_piece0 in memory on a2dde070184b:44429 (size: 5.5 KiB, free: 434.4 MiB)
[2025-04-30T17:10:16.771+0000] {spark_submit.py:490} INFO - 25/04/30 17:10:16 INFO SparkContext: Created broadcast 1 from broadcast at DAGScheduler.scala:1513
[2025-04-30T17:10:16.773+0000] {spark_submit.py:490} INFO - 25/04/30 17:10:16 INFO DAGScheduler: Submitting 1 missing tasks from ResultStage 2 (MapPartitionsRDD[5] at count at NativeMethodAccessorImpl.java:0) (first 15 tasks are for partitions Vector(0))
[2025-04-30T17:10:16.773+0000] {spark_submit.py:490} INFO - 25/04/30 17:10:16 INFO TaskSchedulerImpl: Adding task set 2.0 with 1 tasks resource profile 0
[2025-04-30T17:10:16.778+0000] {spark_submit.py:490} INFO - 25/04/30 17:10:16 INFO TaskSetManager: Starting task 0.0 in stage 2.0 (TID 1) (172.18.0.5, executor 0, partition 0, NODE_LOCAL, 4457 bytes) taskResourceAssignments Map()
[2025-04-30T17:10:16.796+0000] {spark_submit.py:490} INFO - 25/04/30 17:10:16 INFO BlockManagerInfo: Added broadcast_1_piece0 in memory on 172.18.0.5:43687 (size: 5.5 KiB, free: 366.3 MiB)
[2025-04-30T17:10:16.903+0000] {spark_submit.py:490} INFO - 25/04/30 17:10:16 INFO MapOutputTrackerMasterEndpoint: Asked to send map output locations for shuffle 0 to 172.18.0.5:46414
[2025-04-30T17:10:17.094+0000] {spark_submit.py:490} INFO - 25/04/30 17:10:17 INFO TaskSetManager: Finished task 0.0 in stage 2.0 (TID 1) in 318 ms on 172.18.0.5 (executor 0) (1/1)
[2025-04-30T17:10:17.095+0000] {spark_submit.py:490} INFO - 25/04/30 17:10:17 INFO TaskSchedulerImpl: Removed TaskSet 2.0, whose tasks have all completed, from pool
[2025-04-30T17:10:17.095+0000] {spark_submit.py:490} INFO - 25/04/30 17:10:17 INFO DAGScheduler: ResultStage 2 (count at NativeMethodAccessorImpl.java:0) finished in 0.332 s
[2025-04-30T17:10:17.096+0000] {spark_submit.py:490} INFO - 25/04/30 17:10:17 INFO DAGScheduler: Job 1 is finished. Cancelling potential speculative or zombie tasks for this job
[2025-04-30T17:10:17.096+0000] {spark_submit.py:490} INFO - 25/04/30 17:10:17 INFO TaskSchedulerImpl: Killing all running tasks in stage 2: Stage finished
[2025-04-30T17:10:17.097+0000] {spark_submit.py:490} INFO - 25/04/30 17:10:17 INFO DAGScheduler: Job 1 finished: count at NativeMethodAccessorImpl.java:0, took 0.346544 s
[2025-04-30T17:10:17.103+0000] {spark_submit.py:490} INFO - INFO:__main__:Таблица raw.masked_transactions загружена, записей: 1000
[2025-04-30T17:10:17.223+0000] {spark_submit.py:490} INFO - 25/04/30 17:10:17 INFO DAGScheduler: Registering RDD 8 (count at NativeMethodAccessorImpl.java:0) as input to shuffle 1
[2025-04-30T17:10:17.223+0000] {spark_submit.py:490} INFO - 25/04/30 17:10:17 INFO DAGScheduler: Got map stage job 2 (count at NativeMethodAccessorImpl.java:0) with 1 output partitions
[2025-04-30T17:10:17.223+0000] {spark_submit.py:490} INFO - 25/04/30 17:10:17 INFO DAGScheduler: Final stage: ShuffleMapStage 3 (count at NativeMethodAccessorImpl.java:0)
[2025-04-30T17:10:17.223+0000] {spark_submit.py:490} INFO - 25/04/30 17:10:17 INFO DAGScheduler: Parents of final stage: List()
[2025-04-30T17:10:17.223+0000] {spark_submit.py:490} INFO - 25/04/30 17:10:17 INFO DAGScheduler: Missing parents: List()
[2025-04-30T17:10:17.224+0000] {spark_submit.py:490} INFO - 25/04/30 17:10:17 INFO DAGScheduler: Submitting ShuffleMapStage 3 (MapPartitionsRDD[8] at count at NativeMethodAccessorImpl.java:0), which has no missing parents
[2025-04-30T17:10:17.226+0000] {spark_submit.py:490} INFO - 25/04/30 17:10:17 INFO MemoryStore: Block broadcast_2 stored as values in memory (estimated size 13.4 KiB, free 434.4 MiB)
[2025-04-30T17:10:17.228+0000] {spark_submit.py:490} INFO - 25/04/30 17:10:17 INFO MemoryStore: Block broadcast_2_piece0 stored as bytes in memory (estimated size 7.0 KiB, free 434.3 MiB)
[2025-04-30T17:10:17.228+0000] {spark_submit.py:490} INFO - 25/04/30 17:10:17 INFO BlockManagerInfo: Added broadcast_2_piece0 in memory on a2dde070184b:44429 (size: 7.0 KiB, free: 434.4 MiB)
[2025-04-30T17:10:17.229+0000] {spark_submit.py:490} INFO - 25/04/30 17:10:17 INFO SparkContext: Created broadcast 2 from broadcast at DAGScheduler.scala:1513
[2025-04-30T17:10:17.229+0000] {spark_submit.py:490} INFO - 25/04/30 17:10:17 INFO DAGScheduler: Submitting 1 missing tasks from ShuffleMapStage 3 (MapPartitionsRDD[8] at count at NativeMethodAccessorImpl.java:0) (first 15 tasks are for partitions Vector(0))
[2025-04-30T17:10:17.229+0000] {spark_submit.py:490} INFO - 25/04/30 17:10:17 INFO TaskSchedulerImpl: Adding task set 3.0 with 1 tasks resource profile 0
[2025-04-30T17:10:17.231+0000] {spark_submit.py:490} INFO - 25/04/30 17:10:17 INFO TaskSetManager: Starting task 0.0 in stage 3.0 (TID 2) (172.18.0.5, executor 0, partition 0, PROCESS_LOCAL, 4292 bytes) taskResourceAssignments Map()
[2025-04-30T17:10:17.246+0000] {spark_submit.py:490} INFO - 25/04/30 17:10:17 INFO BlockManagerInfo: Added broadcast_2_piece0 in memory on 172.18.0.5:43687 (size: 7.0 KiB, free: 366.3 MiB)
[2025-04-30T17:10:17.289+0000] {spark_submit.py:490} INFO - 25/04/30 17:10:17 INFO TaskSetManager: Finished task 0.0 in stage 3.0 (TID 2) in 58 ms on 172.18.0.5 (executor 0) (1/1)
[2025-04-30T17:10:17.289+0000] {spark_submit.py:490} INFO - 25/04/30 17:10:17 INFO TaskSchedulerImpl: Removed TaskSet 3.0, whose tasks have all completed, from pool
[2025-04-30T17:10:17.290+0000] {spark_submit.py:490} INFO - 25/04/30 17:10:17 INFO DAGScheduler: ShuffleMapStage 3 (count at NativeMethodAccessorImpl.java:0) finished in 0.065 s
[2025-04-30T17:10:17.290+0000] {spark_submit.py:490} INFO - 25/04/30 17:10:17 INFO DAGScheduler: looking for newly runnable stages
[2025-04-30T17:10:17.290+0000] {spark_submit.py:490} INFO - 25/04/30 17:10:17 INFO DAGScheduler: running: Set()
[2025-04-30T17:10:17.290+0000] {spark_submit.py:490} INFO - 25/04/30 17:10:17 INFO DAGScheduler: waiting: Set()
[2025-04-30T17:10:17.290+0000] {spark_submit.py:490} INFO - 25/04/30 17:10:17 INFO DAGScheduler: failed: Set()
[2025-04-30T17:10:17.319+0000] {spark_submit.py:490} INFO - 25/04/30 17:10:17 INFO SparkContext: Starting job: count at NativeMethodAccessorImpl.java:0
[2025-04-30T17:10:17.321+0000] {spark_submit.py:490} INFO - 25/04/30 17:10:17 INFO DAGScheduler: Got job 3 (count at NativeMethodAccessorImpl.java:0) with 1 output partitions
[2025-04-30T17:10:17.321+0000] {spark_submit.py:490} INFO - 25/04/30 17:10:17 INFO DAGScheduler: Final stage: ResultStage 5 (count at NativeMethodAccessorImpl.java:0)
[2025-04-30T17:10:17.321+0000] {spark_submit.py:490} INFO - 25/04/30 17:10:17 INFO DAGScheduler: Parents of final stage: List(ShuffleMapStage 4)
[2025-04-30T17:10:17.321+0000] {spark_submit.py:490} INFO - 25/04/30 17:10:17 INFO DAGScheduler: Missing parents: List()
[2025-04-30T17:10:17.325+0000] {spark_submit.py:490} INFO - 25/04/30 17:10:17 INFO DAGScheduler: Submitting ResultStage 5 (MapPartitionsRDD[11] at count at NativeMethodAccessorImpl.java:0), which has no missing parents
[2025-04-30T17:10:17.327+0000] {spark_submit.py:490} INFO - 25/04/30 17:10:17 INFO MemoryStore: Block broadcast_3 stored as values in memory (estimated size 11.1 KiB, free 434.3 MiB)
[2025-04-30T17:10:17.328+0000] {spark_submit.py:490} INFO - 25/04/30 17:10:17 INFO MemoryStore: Block broadcast_3_piece0 stored as bytes in memory (estimated size 5.5 KiB, free 434.3 MiB)
[2025-04-30T17:10:17.329+0000] {spark_submit.py:490} INFO - 25/04/30 17:10:17 INFO BlockManagerInfo: Added broadcast_3_piece0 in memory on a2dde070184b:44429 (size: 5.5 KiB, free: 434.4 MiB)
[2025-04-30T17:10:17.330+0000] {spark_submit.py:490} INFO - 25/04/30 17:10:17 INFO SparkContext: Created broadcast 3 from broadcast at DAGScheduler.scala:1513
[2025-04-30T17:10:17.331+0000] {spark_submit.py:490} INFO - 25/04/30 17:10:17 INFO DAGScheduler: Submitting 1 missing tasks from ResultStage 5 (MapPartitionsRDD[11] at count at NativeMethodAccessorImpl.java:0) (first 15 tasks are for partitions Vector(0))
[2025-04-30T17:10:17.331+0000] {spark_submit.py:490} INFO - 25/04/30 17:10:17 INFO TaskSchedulerImpl: Adding task set 5.0 with 1 tasks resource profile 0
[2025-04-30T17:10:17.333+0000] {spark_submit.py:490} INFO - 25/04/30 17:10:17 INFO TaskSetManager: Starting task 0.0 in stage 5.0 (TID 3) (172.18.0.5, executor 0, partition 0, NODE_LOCAL, 4457 bytes) taskResourceAssignments Map()
[2025-04-30T17:10:17.349+0000] {spark_submit.py:490} INFO - 25/04/30 17:10:17 INFO BlockManagerInfo: Added broadcast_3_piece0 in memory on 172.18.0.5:43687 (size: 5.5 KiB, free: 366.3 MiB)
[2025-04-30T17:10:17.358+0000] {spark_submit.py:490} INFO - 25/04/30 17:10:17 INFO MapOutputTrackerMasterEndpoint: Asked to send map output locations for shuffle 1 to 172.18.0.5:46414
[2025-04-30T17:10:17.370+0000] {spark_submit.py:490} INFO - 25/04/30 17:10:17 INFO TaskSetManager: Finished task 0.0 in stage 5.0 (TID 3) in 37 ms on 172.18.0.5 (executor 0) (1/1)
[2025-04-30T17:10:17.371+0000] {spark_submit.py:490} INFO - 25/04/30 17:10:17 INFO TaskSchedulerImpl: Removed TaskSet 5.0, whose tasks have all completed, from pool
[2025-04-30T17:10:17.372+0000] {spark_submit.py:490} INFO - 25/04/30 17:10:17 INFO DAGScheduler: ResultStage 5 (count at NativeMethodAccessorImpl.java:0) finished in 0.047 s
[2025-04-30T17:10:17.372+0000] {spark_submit.py:490} INFO - 25/04/30 17:10:17 INFO DAGScheduler: Job 3 is finished. Cancelling potential speculative or zombie tasks for this job
[2025-04-30T17:10:17.372+0000] {spark_submit.py:490} INFO - 25/04/30 17:10:17 INFO TaskSchedulerImpl: Killing all running tasks in stage 5: Stage finished
[2025-04-30T17:10:17.372+0000] {spark_submit.py:490} INFO - 25/04/30 17:10:17 INFO DAGScheduler: Job 3 finished: count at NativeMethodAccessorImpl.java:0, took 0.053765 s
[2025-04-30T17:10:17.374+0000] {spark_submit.py:490} INFO - INFO:__main__:Правило large_tx отработано, записей: 342
[2025-04-30T17:10:17.479+0000] {spark_submit.py:490} INFO - 25/04/30 17:10:17 INFO BlockManagerInfo: Removed broadcast_2_piece0 on a2dde070184b:44429 in memory (size: 7.0 KiB, free: 434.4 MiB)
[2025-04-30T17:10:17.505+0000] {spark_submit.py:490} INFO - 25/04/30 17:10:17 INFO BlockManagerInfo: Removed broadcast_2_piece0 on 172.18.0.5:43687 in memory (size: 7.0 KiB, free: 366.3 MiB)
[2025-04-30T17:10:17.518+0000] {spark_submit.py:490} INFO - 25/04/30 17:10:17 INFO BlockManagerInfo: Removed broadcast_0_piece0 on a2dde070184b:44429 in memory (size: 7.0 KiB, free: 434.4 MiB)
[2025-04-30T17:10:17.522+0000] {spark_submit.py:490} INFO - 25/04/30 17:10:17 INFO BlockManagerInfo: Removed broadcast_0_piece0 on 172.18.0.5:43687 in memory (size: 7.0 KiB, free: 366.3 MiB)
[2025-04-30T17:10:17.533+0000] {spark_submit.py:490} INFO - 25/04/30 17:10:17 INFO BlockManagerInfo: Removed broadcast_1_piece0 on a2dde070184b:44429 in memory (size: 5.5 KiB, free: 434.4 MiB)
[2025-04-30T17:10:17.535+0000] {spark_submit.py:490} INFO - 25/04/30 17:10:17 INFO BlockManagerInfo: Removed broadcast_1_piece0 on 172.18.0.5:43687 in memory (size: 5.5 KiB, free: 366.3 MiB)
[2025-04-30T17:10:17.544+0000] {spark_submit.py:490} INFO - 25/04/30 17:10:17 INFO BlockManagerInfo: Removed broadcast_3_piece0 on a2dde070184b:44429 in memory (size: 5.5 KiB, free: 434.4 MiB)
[2025-04-30T17:10:17.548+0000] {spark_submit.py:490} INFO - 25/04/30 17:10:17 INFO BlockManagerInfo: Removed broadcast_3_piece0 on 172.18.0.5:43687 in memory (size: 5.5 KiB, free: 366.3 MiB)
[2025-04-30T17:10:17.673+0000] {spark_submit.py:490} INFO - 25/04/30 17:10:17 INFO CodeGenerator: Code generated in 10.488987 ms
[2025-04-30T17:10:17.677+0000] {spark_submit.py:490} INFO - 25/04/30 17:10:17 INFO DAGScheduler: Registering RDD 14 (count at NativeMethodAccessorImpl.java:0) as input to shuffle 2
[2025-04-30T17:10:17.678+0000] {spark_submit.py:490} INFO - 25/04/30 17:10:17 INFO DAGScheduler: Got map stage job 4 (count at NativeMethodAccessorImpl.java:0) with 1 output partitions
[2025-04-30T17:10:17.678+0000] {spark_submit.py:490} INFO - 25/04/30 17:10:17 INFO DAGScheduler: Final stage: ShuffleMapStage 6 (count at NativeMethodAccessorImpl.java:0)
[2025-04-30T17:10:17.678+0000] {spark_submit.py:490} INFO - 25/04/30 17:10:17 INFO DAGScheduler: Parents of final stage: List()
[2025-04-30T17:10:17.678+0000] {spark_submit.py:490} INFO - 25/04/30 17:10:17 INFO DAGScheduler: Missing parents: List()
[2025-04-30T17:10:17.679+0000] {spark_submit.py:490} INFO - 25/04/30 17:10:17 INFO DAGScheduler: Submitting ShuffleMapStage 6 (MapPartitionsRDD[14] at count at NativeMethodAccessorImpl.java:0), which has no missing parents
[2025-04-30T17:10:17.685+0000] {spark_submit.py:490} INFO - 25/04/30 17:10:17 INFO MemoryStore: Block broadcast_4 stored as values in memory (estimated size 14.0 KiB, free 434.4 MiB)
[2025-04-30T17:10:17.686+0000] {spark_submit.py:490} INFO - 25/04/30 17:10:17 INFO MemoryStore: Block broadcast_4_piece0 stored as bytes in memory (estimated size 7.3 KiB, free 434.4 MiB)
[2025-04-30T17:10:17.687+0000] {spark_submit.py:490} INFO - 25/04/30 17:10:17 INFO BlockManagerInfo: Added broadcast_4_piece0 in memory on a2dde070184b:44429 (size: 7.3 KiB, free: 434.4 MiB)
[2025-04-30T17:10:17.687+0000] {spark_submit.py:490} INFO - 25/04/30 17:10:17 INFO SparkContext: Created broadcast 4 from broadcast at DAGScheduler.scala:1513
[2025-04-30T17:10:17.688+0000] {spark_submit.py:490} INFO - 25/04/30 17:10:17 INFO DAGScheduler: Submitting 1 missing tasks from ShuffleMapStage 6 (MapPartitionsRDD[14] at count at NativeMethodAccessorImpl.java:0) (first 15 tasks are for partitions Vector(0))
[2025-04-30T17:10:17.688+0000] {spark_submit.py:490} INFO - 25/04/30 17:10:17 INFO TaskSchedulerImpl: Adding task set 6.0 with 1 tasks resource profile 0
[2025-04-30T17:10:17.689+0000] {spark_submit.py:490} INFO - 25/04/30 17:10:17 INFO TaskSetManager: Starting task 0.0 in stage 6.0 (TID 4) (172.18.0.5, executor 0, partition 0, PROCESS_LOCAL, 4292 bytes) taskResourceAssignments Map()
[2025-04-30T17:10:17.701+0000] {spark_submit.py:490} INFO - 25/04/30 17:10:17 INFO BlockManagerInfo: Added broadcast_4_piece0 in memory on 172.18.0.5:43687 (size: 7.3 KiB, free: 366.3 MiB)
[2025-04-30T17:10:18.144+0000] {spark_submit.py:490} INFO - 25/04/30 17:10:18 INFO TaskSetManager: Finished task 0.0 in stage 6.0 (TID 4) in 455 ms on 172.18.0.5 (executor 0) (1/1)
[2025-04-30T17:10:18.145+0000] {spark_submit.py:490} INFO - 25/04/30 17:10:18 INFO TaskSchedulerImpl: Removed TaskSet 6.0, whose tasks have all completed, from pool
[2025-04-30T17:10:18.145+0000] {spark_submit.py:490} INFO - 25/04/30 17:10:18 INFO DAGScheduler: ShuffleMapStage 6 (count at NativeMethodAccessorImpl.java:0) finished in 0.465 s
[2025-04-30T17:10:18.145+0000] {spark_submit.py:490} INFO - 25/04/30 17:10:18 INFO DAGScheduler: looking for newly runnable stages
[2025-04-30T17:10:18.145+0000] {spark_submit.py:490} INFO - 25/04/30 17:10:18 INFO DAGScheduler: running: Set()
[2025-04-30T17:10:18.146+0000] {spark_submit.py:490} INFO - 25/04/30 17:10:18 INFO DAGScheduler: waiting: Set()
[2025-04-30T17:10:18.146+0000] {spark_submit.py:490} INFO - 25/04/30 17:10:18 INFO DAGScheduler: failed: Set()
[2025-04-30T17:10:18.157+0000] {spark_submit.py:490} INFO - 25/04/30 17:10:18 INFO ShufflePartitionsUtil: For shuffle(2), advisory target size: 67108864, actual target size 1048576, minimum partition size: 1048576
[2025-04-30T17:10:18.184+0000] {spark_submit.py:490} INFO - 25/04/30 17:10:18 INFO CodeGenerator: Code generated in 7.018405 ms
[2025-04-30T17:10:18.198+0000] {spark_submit.py:490} INFO - 25/04/30 17:10:18 INFO CodeGenerator: Code generated in 8.631486 ms
[2025-04-30T17:10:18.234+0000] {spark_submit.py:490} INFO - 25/04/30 17:10:18 INFO DAGScheduler: Registering RDD 19 (count at NativeMethodAccessorImpl.java:0) as input to shuffle 3
[2025-04-30T17:10:18.235+0000] {spark_submit.py:490} INFO - 25/04/30 17:10:18 INFO DAGScheduler: Got map stage job 5 (count at NativeMethodAccessorImpl.java:0) with 1 output partitions
[2025-04-30T17:10:18.235+0000] {spark_submit.py:490} INFO - 25/04/30 17:10:18 INFO DAGScheduler: Final stage: ShuffleMapStage 8 (count at NativeMethodAccessorImpl.java:0)
[2025-04-30T17:10:18.235+0000] {spark_submit.py:490} INFO - 25/04/30 17:10:18 INFO DAGScheduler: Parents of final stage: List(ShuffleMapStage 7)
[2025-04-30T17:10:18.235+0000] {spark_submit.py:490} INFO - 25/04/30 17:10:18 INFO DAGScheduler: Missing parents: List()
[2025-04-30T17:10:18.235+0000] {spark_submit.py:490} INFO - 25/04/30 17:10:18 INFO DAGScheduler: Submitting ShuffleMapStage 8 (MapPartitionsRDD[19] at count at NativeMethodAccessorImpl.java:0), which has no missing parents
[2025-04-30T17:10:18.243+0000] {spark_submit.py:490} INFO - 25/04/30 17:10:18 INFO MemoryStore: Block broadcast_5 stored as values in memory (estimated size 34.6 KiB, free 434.3 MiB)
[2025-04-30T17:10:18.244+0000] {spark_submit.py:490} INFO - 25/04/30 17:10:18 INFO MemoryStore: Block broadcast_5_piece0 stored as bytes in memory (estimated size 16.6 KiB, free 434.3 MiB)
[2025-04-30T17:10:18.245+0000] {spark_submit.py:490} INFO - 25/04/30 17:10:18 INFO BlockManagerInfo: Added broadcast_5_piece0 in memory on a2dde070184b:44429 (size: 16.6 KiB, free: 434.4 MiB)
[2025-04-30T17:10:18.245+0000] {spark_submit.py:490} INFO - 25/04/30 17:10:18 INFO SparkContext: Created broadcast 5 from broadcast at DAGScheduler.scala:1513
[2025-04-30T17:10:18.246+0000] {spark_submit.py:490} INFO - 25/04/30 17:10:18 INFO DAGScheduler: Submitting 1 missing tasks from ShuffleMapStage 8 (MapPartitionsRDD[19] at count at NativeMethodAccessorImpl.java:0) (first 15 tasks are for partitions Vector(0))
[2025-04-30T17:10:18.246+0000] {spark_submit.py:490} INFO - 25/04/30 17:10:18 INFO TaskSchedulerImpl: Adding task set 8.0 with 1 tasks resource profile 0
[2025-04-30T17:10:18.247+0000] {spark_submit.py:490} INFO - 25/04/30 17:10:18 INFO TaskSetManager: Starting task 0.0 in stage 8.0 (TID 5) (172.18.0.5, executor 0, partition 0, NODE_LOCAL, 4446 bytes) taskResourceAssignments Map()
[2025-04-30T17:10:18.263+0000] {spark_submit.py:490} INFO - 25/04/30 17:10:18 INFO BlockManagerInfo: Added broadcast_5_piece0 in memory on 172.18.0.5:43687 (size: 16.6 KiB, free: 366.3 MiB)
[2025-04-30T17:10:18.386+0000] {spark_submit.py:490} INFO - 25/04/30 17:10:18 INFO MapOutputTrackerMasterEndpoint: Asked to send map output locations for shuffle 2 to 172.18.0.5:46414
[2025-04-30T17:10:18.652+0000] {spark_submit.py:490} INFO - 25/04/30 17:10:18 INFO TaskSetManager: Finished task 0.0 in stage 8.0 (TID 5) in 405 ms on 172.18.0.5 (executor 0) (1/1)
[2025-04-30T17:10:18.653+0000] {spark_submit.py:490} INFO - 25/04/30 17:10:18 INFO TaskSchedulerImpl: Removed TaskSet 8.0, whose tasks have all completed, from pool
[2025-04-30T17:10:18.653+0000] {spark_submit.py:490} INFO - 25/04/30 17:10:18 INFO DAGScheduler: ShuffleMapStage 8 (count at NativeMethodAccessorImpl.java:0) finished in 0.413 s
[2025-04-30T17:10:18.653+0000] {spark_submit.py:490} INFO - 25/04/30 17:10:18 INFO DAGScheduler: looking for newly runnable stages
[2025-04-30T17:10:18.653+0000] {spark_submit.py:490} INFO - 25/04/30 17:10:18 INFO DAGScheduler: running: Set()
[2025-04-30T17:10:18.654+0000] {spark_submit.py:490} INFO - 25/04/30 17:10:18 INFO DAGScheduler: waiting: Set()
[2025-04-30T17:10:18.654+0000] {spark_submit.py:490} INFO - 25/04/30 17:10:18 INFO DAGScheduler: failed: Set()
[2025-04-30T17:10:18.667+0000] {spark_submit.py:490} INFO - 25/04/30 17:10:18 INFO CodeGenerator: Code generated in 6.684054 ms
[2025-04-30T17:10:18.680+0000] {spark_submit.py:490} INFO - 25/04/30 17:10:18 INFO SparkContext: Starting job: count at NativeMethodAccessorImpl.java:0
[2025-04-30T17:10:18.681+0000] {spark_submit.py:490} INFO - 25/04/30 17:10:18 INFO DAGScheduler: Got job 6 (count at NativeMethodAccessorImpl.java:0) with 1 output partitions
[2025-04-30T17:10:18.681+0000] {spark_submit.py:490} INFO - 25/04/30 17:10:18 INFO DAGScheduler: Final stage: ResultStage 11 (count at NativeMethodAccessorImpl.java:0)
[2025-04-30T17:10:18.681+0000] {spark_submit.py:490} INFO - 25/04/30 17:10:18 INFO DAGScheduler: Parents of final stage: List(ShuffleMapStage 10)
[2025-04-30T17:10:18.681+0000] {spark_submit.py:490} INFO - 25/04/30 17:10:18 INFO DAGScheduler: Missing parents: List()
[2025-04-30T17:10:18.682+0000] {spark_submit.py:490} INFO - 25/04/30 17:10:18 INFO DAGScheduler: Submitting ResultStage 11 (MapPartitionsRDD[22] at count at NativeMethodAccessorImpl.java:0), which has no missing parents
[2025-04-30T17:10:18.684+0000] {spark_submit.py:490} INFO - 25/04/30 17:10:18 INFO MemoryStore: Block broadcast_6 stored as values in memory (estimated size 11.1 KiB, free 434.3 MiB)
[2025-04-30T17:10:18.685+0000] {spark_submit.py:490} INFO - 25/04/30 17:10:18 INFO MemoryStore: Block broadcast_6_piece0 stored as bytes in memory (estimated size 5.5 KiB, free 434.3 MiB)
[2025-04-30T17:10:18.685+0000] {spark_submit.py:490} INFO - 25/04/30 17:10:18 INFO BlockManagerInfo: Added broadcast_6_piece0 in memory on a2dde070184b:44429 (size: 5.5 KiB, free: 434.4 MiB)
[2025-04-30T17:10:18.686+0000] {spark_submit.py:490} INFO - 25/04/30 17:10:18 INFO SparkContext: Created broadcast 6 from broadcast at DAGScheduler.scala:1513
[2025-04-30T17:10:18.686+0000] {spark_submit.py:490} INFO - 25/04/30 17:10:18 INFO DAGScheduler: Submitting 1 missing tasks from ResultStage 11 (MapPartitionsRDD[22] at count at NativeMethodAccessorImpl.java:0) (first 15 tasks are for partitions Vector(0))
[2025-04-30T17:10:18.687+0000] {spark_submit.py:490} INFO - 25/04/30 17:10:18 INFO TaskSchedulerImpl: Adding task set 11.0 with 1 tasks resource profile 0
[2025-04-30T17:10:18.688+0000] {spark_submit.py:490} INFO - 25/04/30 17:10:18 INFO TaskSetManager: Starting task 0.0 in stage 11.0 (TID 6) (172.18.0.5, executor 0, partition 0, NODE_LOCAL, 4457 bytes) taskResourceAssignments Map()
[2025-04-30T17:10:18.700+0000] {spark_submit.py:490} INFO - 25/04/30 17:10:18 INFO BlockManagerInfo: Added broadcast_6_piece0 in memory on 172.18.0.5:43687 (size: 5.5 KiB, free: 366.3 MiB)
[2025-04-30T17:10:18.706+0000] {spark_submit.py:490} INFO - 25/04/30 17:10:18 INFO MapOutputTrackerMasterEndpoint: Asked to send map output locations for shuffle 3 to 172.18.0.5:46414
[2025-04-30T17:10:18.726+0000] {spark_submit.py:490} INFO - 25/04/30 17:10:18 INFO TaskSetManager: Finished task 0.0 in stage 11.0 (TID 6) in 39 ms on 172.18.0.5 (executor 0) (1/1)
[2025-04-30T17:10:18.727+0000] {spark_submit.py:490} INFO - 25/04/30 17:10:18 INFO TaskSchedulerImpl: Removed TaskSet 11.0, whose tasks have all completed, from pool
[2025-04-30T17:10:18.727+0000] {spark_submit.py:490} INFO - 25/04/30 17:10:18 INFO DAGScheduler: ResultStage 11 (count at NativeMethodAccessorImpl.java:0) finished in 0.045 s
[2025-04-30T17:10:18.728+0000] {spark_submit.py:490} INFO - 25/04/30 17:10:18 INFO DAGScheduler: Job 6 is finished. Cancelling potential speculative or zombie tasks for this job
[2025-04-30T17:10:18.728+0000] {spark_submit.py:490} INFO - 25/04/30 17:10:18 INFO TaskSchedulerImpl: Killing all running tasks in stage 11: Stage finished
[2025-04-30T17:10:18.729+0000] {spark_submit.py:490} INFO - 25/04/30 17:10:18 INFO DAGScheduler: Job 6 finished: count at NativeMethodAccessorImpl.java:0, took 0.048732 s
[2025-04-30T17:10:18.731+0000] {spark_submit.py:490} INFO - INFO:__main__:Правило freq_tx отработано, записей: 7
[2025-04-30T17:10:18.810+0000] {spark_submit.py:490} INFO - 25/04/30 17:10:18 INFO DAGScheduler: Registering RDD 26 (count at NativeMethodAccessorImpl.java:0) as input to shuffle 4
[2025-04-30T17:10:18.810+0000] {spark_submit.py:490} INFO - 25/04/30 17:10:18 INFO DAGScheduler: Got map stage job 7 (count at NativeMethodAccessorImpl.java:0) with 1 output partitions
[2025-04-30T17:10:18.811+0000] {spark_submit.py:490} INFO - 25/04/30 17:10:18 INFO DAGScheduler: Final stage: ShuffleMapStage 12 (count at NativeMethodAccessorImpl.java:0)
[2025-04-30T17:10:18.811+0000] {spark_submit.py:490} INFO - 25/04/30 17:10:18 INFO DAGScheduler: Parents of final stage: List()
[2025-04-30T17:10:18.811+0000] {spark_submit.py:490} INFO - 25/04/30 17:10:18 INFO DAGScheduler: Missing parents: List()
[2025-04-30T17:10:18.812+0000] {spark_submit.py:490} INFO - 25/04/30 17:10:18 INFO DAGScheduler: Submitting ShuffleMapStage 12 (MapPartitionsRDD[26] at count at NativeMethodAccessorImpl.java:0), which has no missing parents
[2025-04-30T17:10:18.814+0000] {spark_submit.py:490} INFO - 25/04/30 17:10:18 INFO MemoryStore: Block broadcast_7 stored as values in memory (estimated size 14.1 KiB, free 434.3 MiB)
[2025-04-30T17:10:18.815+0000] {spark_submit.py:490} INFO - 25/04/30 17:10:18 INFO MemoryStore: Block broadcast_7_piece0 stored as bytes in memory (estimated size 7.3 KiB, free 434.3 MiB)
[2025-04-30T17:10:18.816+0000] {spark_submit.py:490} INFO - 25/04/30 17:10:18 INFO BlockManagerInfo: Added broadcast_7_piece0 in memory on a2dde070184b:44429 (size: 7.3 KiB, free: 434.4 MiB)
[2025-04-30T17:10:18.816+0000] {spark_submit.py:490} INFO - 25/04/30 17:10:18 INFO SparkContext: Created broadcast 7 from broadcast at DAGScheduler.scala:1513
[2025-04-30T17:10:18.817+0000] {spark_submit.py:490} INFO - 25/04/30 17:10:18 INFO DAGScheduler: Submitting 1 missing tasks from ShuffleMapStage 12 (MapPartitionsRDD[26] at count at NativeMethodAccessorImpl.java:0) (first 15 tasks are for partitions Vector(0))
[2025-04-30T17:10:18.817+0000] {spark_submit.py:490} INFO - 25/04/30 17:10:18 INFO TaskSchedulerImpl: Adding task set 12.0 with 1 tasks resource profile 0
[2025-04-30T17:10:18.818+0000] {spark_submit.py:490} INFO - 25/04/30 17:10:18 INFO TaskSetManager: Starting task 0.0 in stage 12.0 (TID 7) (172.18.0.5, executor 0, partition 0, PROCESS_LOCAL, 4292 bytes) taskResourceAssignments Map()
[2025-04-30T17:10:18.828+0000] {spark_submit.py:490} INFO - 25/04/30 17:10:18 INFO BlockManagerInfo: Added broadcast_7_piece0 in memory on 172.18.0.5:43687 (size: 7.3 KiB, free: 366.3 MiB)
[2025-04-30T17:10:18.887+0000] {spark_submit.py:490} INFO - 25/04/30 17:10:18 INFO TaskSetManager: Finished task 0.0 in stage 12.0 (TID 7) in 68 ms on 172.18.0.5 (executor 0) (1/1)
[2025-04-30T17:10:18.887+0000] {spark_submit.py:490} INFO - 25/04/30 17:10:18 INFO TaskSchedulerImpl: Removed TaskSet 12.0, whose tasks have all completed, from pool
[2025-04-30T17:10:18.888+0000] {spark_submit.py:490} INFO - 25/04/30 17:10:18 INFO DAGScheduler: ShuffleMapStage 12 (count at NativeMethodAccessorImpl.java:0) finished in 0.075 s
[2025-04-30T17:10:18.888+0000] {spark_submit.py:490} INFO - 25/04/30 17:10:18 INFO DAGScheduler: looking for newly runnable stages
[2025-04-30T17:10:18.888+0000] {spark_submit.py:490} INFO - 25/04/30 17:10:18 INFO DAGScheduler: running: Set()
[2025-04-30T17:10:18.888+0000] {spark_submit.py:490} INFO - 25/04/30 17:10:18 INFO DAGScheduler: waiting: Set()
[2025-04-30T17:10:18.888+0000] {spark_submit.py:490} INFO - 25/04/30 17:10:18 INFO DAGScheduler: failed: Set()
[2025-04-30T17:10:18.902+0000] {spark_submit.py:490} INFO - 25/04/30 17:10:18 INFO ShufflePartitionsUtil: For shuffle(4), advisory target size: 67108864, actual target size 1048576, minimum partition size: 1048576
[2025-04-30T17:10:18.922+0000] {spark_submit.py:490} INFO - 25/04/30 17:10:18 INFO CodeGenerator: Code generated in 6.535348 ms
[2025-04-30T17:10:18.928+0000] {spark_submit.py:490} INFO - 25/04/30 17:10:18 INFO CodeGenerator: Code generated in 4.047608 ms
[2025-04-30T17:10:18.936+0000] {spark_submit.py:490} INFO - 25/04/30 17:10:18 INFO CodeGenerator: Code generated in 4.312241 ms
[2025-04-30T17:10:18.945+0000] {spark_submit.py:490} INFO - 25/04/30 17:10:18 INFO CodeGenerator: Code generated in 6.464479 ms
[2025-04-30T17:10:18.962+0000] {spark_submit.py:490} INFO - 25/04/30 17:10:18 INFO DAGScheduler: Registering RDD 35 (count at NativeMethodAccessorImpl.java:0) as input to shuffle 5
[2025-04-30T17:10:18.962+0000] {spark_submit.py:490} INFO - 25/04/30 17:10:18 INFO DAGScheduler: Got map stage job 8 (count at NativeMethodAccessorImpl.java:0) with 2 output partitions
[2025-04-30T17:10:18.962+0000] {spark_submit.py:490} INFO - 25/04/30 17:10:18 INFO DAGScheduler: Final stage: ShuffleMapStage 14 (count at NativeMethodAccessorImpl.java:0)
[2025-04-30T17:10:18.962+0000] {spark_submit.py:490} INFO - 25/04/30 17:10:18 INFO DAGScheduler: Parents of final stage: List(ShuffleMapStage 13)
[2025-04-30T17:10:18.962+0000] {spark_submit.py:490} INFO - 25/04/30 17:10:18 INFO DAGScheduler: Missing parents: List()
[2025-04-30T17:10:18.963+0000] {spark_submit.py:490} INFO - 25/04/30 17:10:18 INFO DAGScheduler: Submitting ShuffleMapStage 14 (MapPartitionsRDD[35] at count at NativeMethodAccessorImpl.java:0), which has no missing parents
[2025-04-30T17:10:18.971+0000] {spark_submit.py:490} INFO - 25/04/30 17:10:18 INFO MemoryStore: Block broadcast_8 stored as values in memory (estimated size 38.6 KiB, free 434.3 MiB)
[2025-04-30T17:10:18.986+0000] {spark_submit.py:490} INFO - 25/04/30 17:10:18 INFO MemoryStore: Block broadcast_8_piece0 stored as bytes in memory (estimated size 17.8 KiB, free 434.2 MiB)
[2025-04-30T17:10:18.988+0000] {spark_submit.py:490} INFO - 25/04/30 17:10:18 INFO BlockManagerInfo: Added broadcast_8_piece0 in memory on a2dde070184b:44429 (size: 17.8 KiB, free: 434.3 MiB)
[2025-04-30T17:10:18.991+0000] {spark_submit.py:490} INFO - 25/04/30 17:10:18 INFO SparkContext: Created broadcast 8 from broadcast at DAGScheduler.scala:1513
[2025-04-30T17:10:18.992+0000] {spark_submit.py:490} INFO - 25/04/30 17:10:18 INFO BlockManagerInfo: Removed broadcast_5_piece0 on a2dde070184b:44429 in memory (size: 16.6 KiB, free: 434.4 MiB)
[2025-04-30T17:10:18.992+0000] {spark_submit.py:490} INFO - 25/04/30 17:10:18 INFO DAGScheduler: Submitting 2 missing tasks from ShuffleMapStage 14 (MapPartitionsRDD[35] at count at NativeMethodAccessorImpl.java:0) (first 15 tasks are for partitions Vector(0, 1))
[2025-04-30T17:10:18.992+0000] {spark_submit.py:490} INFO - 25/04/30 17:10:18 INFO TaskSchedulerImpl: Adding task set 14.0 with 2 tasks resource profile 0
[2025-04-30T17:10:18.995+0000] {spark_submit.py:490} INFO - 25/04/30 17:10:18 INFO BlockManagerInfo: Removed broadcast_5_piece0 on 172.18.0.5:43687 in memory (size: 16.6 KiB, free: 366.3 MiB)
[2025-04-30T17:10:18.996+0000] {spark_submit.py:490} INFO - 25/04/30 17:10:18 INFO TaskSetManager: Starting task 1.0 in stage 14.0 (TID 8) (172.18.0.5, executor 0, partition 1, NODE_LOCAL, 4555 bytes) taskResourceAssignments Map()
[2025-04-30T17:10:19.028+0000] {spark_submit.py:490} INFO - 25/04/30 17:10:19 INFO BlockManagerInfo: Removed broadcast_6_piece0 on a2dde070184b:44429 in memory (size: 5.5 KiB, free: 434.4 MiB)
[2025-04-30T17:10:19.029+0000] {spark_submit.py:490} INFO - 25/04/30 17:10:19 INFO BlockManagerInfo: Added broadcast_8_piece0 in memory on 172.18.0.5:43687 (size: 17.8 KiB, free: 366.3 MiB)
[2025-04-30T17:10:19.031+0000] {spark_submit.py:490} INFO - 25/04/30 17:10:19 INFO BlockManagerInfo: Removed broadcast_6_piece0 on 172.18.0.5:43687 in memory (size: 5.5 KiB, free: 366.3 MiB)
[2025-04-30T17:10:19.042+0000] {spark_submit.py:490} INFO - 25/04/30 17:10:19 INFO BlockManagerInfo: Removed broadcast_4_piece0 on a2dde070184b:44429 in memory (size: 7.3 KiB, free: 434.4 MiB)
[2025-04-30T17:10:19.046+0000] {spark_submit.py:490} INFO - 25/04/30 17:10:19 INFO BlockManagerInfo: Removed broadcast_4_piece0 on 172.18.0.5:43687 in memory (size: 7.3 KiB, free: 366.3 MiB)
[2025-04-30T17:10:19.046+0000] {spark_submit.py:490} INFO - 25/04/30 17:10:19 INFO MapOutputTrackerMasterEndpoint: Asked to send map output locations for shuffle 4 to 172.18.0.5:46414
[2025-04-30T17:10:19.053+0000] {spark_submit.py:490} INFO - 25/04/30 17:10:19 INFO BlockManagerInfo: Removed broadcast_7_piece0 on a2dde070184b:44429 in memory (size: 7.3 KiB, free: 434.4 MiB)
[2025-04-30T17:10:19.057+0000] {spark_submit.py:490} INFO - 25/04/30 17:10:19 INFO BlockManagerInfo: Removed broadcast_7_piece0 on 172.18.0.5:43687 in memory (size: 7.3 KiB, free: 366.3 MiB)
[2025-04-30T17:10:19.128+0000] {spark_submit.py:490} INFO - 25/04/30 17:10:19 INFO TaskSetManager: Starting task 0.0 in stage 14.0 (TID 9) (172.18.0.5, executor 0, partition 0, PROCESS_LOCAL, 4401 bytes) taskResourceAssignments Map()
[2025-04-30T17:10:19.129+0000] {spark_submit.py:490} INFO - 25/04/30 17:10:19 INFO TaskSetManager: Finished task 1.0 in stage 14.0 (TID 8) in 136 ms on 172.18.0.5 (executor 0) (1/2)
[2025-04-30T17:10:19.161+0000] {spark_submit.py:490} INFO - 25/04/30 17:10:19 INFO TaskSetManager: Finished task 0.0 in stage 14.0 (TID 9) in 33 ms on 172.18.0.5 (executor 0) (2/2)
[2025-04-30T17:10:19.161+0000] {spark_submit.py:490} INFO - 25/04/30 17:10:19 INFO TaskSchedulerImpl: Removed TaskSet 14.0, whose tasks have all completed, from pool
[2025-04-30T17:10:19.162+0000] {spark_submit.py:490} INFO - 25/04/30 17:10:19 INFO DAGScheduler: ShuffleMapStage 14 (count at NativeMethodAccessorImpl.java:0) finished in 0.196 s
[2025-04-30T17:10:19.162+0000] {spark_submit.py:490} INFO - 25/04/30 17:10:19 INFO DAGScheduler: looking for newly runnable stages
[2025-04-30T17:10:19.162+0000] {spark_submit.py:490} INFO - 25/04/30 17:10:19 INFO DAGScheduler: running: Set()
[2025-04-30T17:10:19.162+0000] {spark_submit.py:490} INFO - 25/04/30 17:10:19 INFO DAGScheduler: waiting: Set()
[2025-04-30T17:10:19.163+0000] {spark_submit.py:490} INFO - 25/04/30 17:10:19 INFO DAGScheduler: failed: Set()
[2025-04-30T17:10:19.181+0000] {spark_submit.py:490} INFO - 25/04/30 17:10:19 INFO CodeGenerator: Code generated in 7.9683 ms
[2025-04-30T17:10:19.189+0000] {spark_submit.py:490} INFO - 25/04/30 17:10:19 INFO SparkContext: Starting job: count at NativeMethodAccessorImpl.java:0
[2025-04-30T17:10:19.191+0000] {spark_submit.py:490} INFO - 25/04/30 17:10:19 INFO DAGScheduler: Got job 9 (count at NativeMethodAccessorImpl.java:0) with 1 output partitions
[2025-04-30T17:10:19.191+0000] {spark_submit.py:490} INFO - 25/04/30 17:10:19 INFO DAGScheduler: Final stage: ResultStage 17 (count at NativeMethodAccessorImpl.java:0)
[2025-04-30T17:10:19.191+0000] {spark_submit.py:490} INFO - 25/04/30 17:10:19 INFO DAGScheduler: Parents of final stage: List(ShuffleMapStage 16)
[2025-04-30T17:10:19.191+0000] {spark_submit.py:490} INFO - 25/04/30 17:10:19 INFO DAGScheduler: Missing parents: List()
[2025-04-30T17:10:19.191+0000] {spark_submit.py:490} INFO - 25/04/30 17:10:19 INFO DAGScheduler: Submitting ResultStage 17 (MapPartitionsRDD[38] at count at NativeMethodAccessorImpl.java:0), which has no missing parents
[2025-04-30T17:10:19.193+0000] {spark_submit.py:490} INFO - 25/04/30 17:10:19 INFO MemoryStore: Block broadcast_9 stored as values in memory (estimated size 11.1 KiB, free 434.3 MiB)
[2025-04-30T17:10:19.195+0000] {spark_submit.py:490} INFO - 25/04/30 17:10:19 INFO MemoryStore: Block broadcast_9_piece0 stored as bytes in memory (estimated size 5.5 KiB, free 434.3 MiB)
[2025-04-30T17:10:19.195+0000] {spark_submit.py:490} INFO - 25/04/30 17:10:19 INFO BlockManagerInfo: Added broadcast_9_piece0 in memory on a2dde070184b:44429 (size: 5.5 KiB, free: 434.4 MiB)
[2025-04-30T17:10:19.195+0000] {spark_submit.py:490} INFO - 25/04/30 17:10:19 INFO SparkContext: Created broadcast 9 from broadcast at DAGScheduler.scala:1513
[2025-04-30T17:10:19.196+0000] {spark_submit.py:490} INFO - 25/04/30 17:10:19 INFO DAGScheduler: Submitting 1 missing tasks from ResultStage 17 (MapPartitionsRDD[38] at count at NativeMethodAccessorImpl.java:0) (first 15 tasks are for partitions Vector(0))
[2025-04-30T17:10:19.196+0000] {spark_submit.py:490} INFO - 25/04/30 17:10:19 INFO TaskSchedulerImpl: Adding task set 17.0 with 1 tasks resource profile 0
[2025-04-30T17:10:19.197+0000] {spark_submit.py:490} INFO - 25/04/30 17:10:19 INFO TaskSetManager: Starting task 0.0 in stage 17.0 (TID 10) (172.18.0.5, executor 0, partition 0, NODE_LOCAL, 4457 bytes) taskResourceAssignments Map()
[2025-04-30T17:10:19.207+0000] {spark_submit.py:490} INFO - 25/04/30 17:10:19 INFO BlockManagerInfo: Added broadcast_9_piece0 in memory on 172.18.0.5:43687 (size: 5.5 KiB, free: 366.3 MiB)
[2025-04-30T17:10:19.212+0000] {spark_submit.py:490} INFO - 25/04/30 17:10:19 INFO MapOutputTrackerMasterEndpoint: Asked to send map output locations for shuffle 5 to 172.18.0.5:46414
[2025-04-30T17:10:19.227+0000] {spark_submit.py:490} INFO - 25/04/30 17:10:19 INFO TaskSetManager: Finished task 0.0 in stage 17.0 (TID 10) in 29 ms on 172.18.0.5 (executor 0) (1/1)
[2025-04-30T17:10:19.227+0000] {spark_submit.py:490} INFO - 25/04/30 17:10:19 INFO TaskSchedulerImpl: Removed TaskSet 17.0, whose tasks have all completed, from pool
[2025-04-30T17:10:19.227+0000] {spark_submit.py:490} INFO - 25/04/30 17:10:19 INFO DAGScheduler: ResultStage 17 (count at NativeMethodAccessorImpl.java:0) finished in 0.035 s
[2025-04-30T17:10:19.228+0000] {spark_submit.py:490} INFO - 25/04/30 17:10:19 INFO DAGScheduler: Job 9 is finished. Cancelling potential speculative or zombie tasks for this job
[2025-04-30T17:10:19.228+0000] {spark_submit.py:490} INFO - 25/04/30 17:10:19 INFO TaskSchedulerImpl: Killing all running tasks in stage 17: Stage finished
[2025-04-30T17:10:19.228+0000] {spark_submit.py:490} INFO - 25/04/30 17:10:19 INFO DAGScheduler: Job 9 finished: count at NativeMethodAccessorImpl.java:0, took 0.038364 s
[2025-04-30T17:10:19.230+0000] {spark_submit.py:490} INFO - INFO:__main__:Объединение результатов выполнено, итого записей: 349
[2025-04-30T17:10:19.377+0000] {spark_submit.py:490} INFO - 25/04/30 17:10:19 INFO CodeGenerator: Code generated in 12.089375 ms
[2025-04-30T17:10:19.382+0000] {spark_submit.py:490} INFO - 25/04/30 17:10:19 INFO DAGScheduler: Registering RDD 42 (jdbc at NativeMethodAccessorImpl.java:0) as input to shuffle 6
[2025-04-30T17:10:19.382+0000] {spark_submit.py:490} INFO - 25/04/30 17:10:19 INFO DAGScheduler: Got map stage job 10 (jdbc at NativeMethodAccessorImpl.java:0) with 1 output partitions
[2025-04-30T17:10:19.383+0000] {spark_submit.py:490} INFO - 25/04/30 17:10:19 INFO DAGScheduler: Final stage: ShuffleMapStage 18 (jdbc at NativeMethodAccessorImpl.java:0)
[2025-04-30T17:10:19.383+0000] {spark_submit.py:490} INFO - 25/04/30 17:10:19 INFO DAGScheduler: Parents of final stage: List()
[2025-04-30T17:10:19.383+0000] {spark_submit.py:490} INFO - 25/04/30 17:10:19 INFO DAGScheduler: Missing parents: List()
[2025-04-30T17:10:19.383+0000] {spark_submit.py:490} INFO - 25/04/30 17:10:19 INFO DAGScheduler: Submitting ShuffleMapStage 18 (MapPartitionsRDD[42] at jdbc at NativeMethodAccessorImpl.java:0), which has no missing parents
[2025-04-30T17:10:19.389+0000] {spark_submit.py:490} INFO - 25/04/30 17:10:19 INFO MemoryStore: Block broadcast_10 stored as values in memory (estimated size 16.3 KiB, free 434.3 MiB)
[2025-04-30T17:10:19.390+0000] {spark_submit.py:490} INFO - 25/04/30 17:10:19 INFO MemoryStore: Block broadcast_10_piece0 stored as bytes in memory (estimated size 7.9 KiB, free 434.3 MiB)
[2025-04-30T17:10:19.391+0000] {spark_submit.py:490} INFO - 25/04/30 17:10:19 INFO BlockManagerInfo: Added broadcast_10_piece0 in memory on a2dde070184b:44429 (size: 7.9 KiB, free: 434.4 MiB)
[2025-04-30T17:10:19.391+0000] {spark_submit.py:490} INFO - 25/04/30 17:10:19 INFO SparkContext: Created broadcast 10 from broadcast at DAGScheduler.scala:1513
[2025-04-30T17:10:19.392+0000] {spark_submit.py:490} INFO - 25/04/30 17:10:19 INFO DAGScheduler: Submitting 1 missing tasks from ShuffleMapStage 18 (MapPartitionsRDD[42] at jdbc at NativeMethodAccessorImpl.java:0) (first 15 tasks are for partitions Vector(0))
[2025-04-30T17:10:19.392+0000] {spark_submit.py:490} INFO - 25/04/30 17:10:19 INFO TaskSchedulerImpl: Adding task set 18.0 with 1 tasks resource profile 0
[2025-04-30T17:10:19.393+0000] {spark_submit.py:490} INFO - 25/04/30 17:10:19 INFO TaskSetManager: Starting task 0.0 in stage 18.0 (TID 11) (172.18.0.5, executor 0, partition 0, PROCESS_LOCAL, 4292 bytes) taskResourceAssignments Map()
[2025-04-30T17:10:19.404+0000] {spark_submit.py:490} INFO - 25/04/30 17:10:19 INFO BlockManagerInfo: Added broadcast_10_piece0 in memory on 172.18.0.5:43687 (size: 7.9 KiB, free: 366.3 MiB)
[2025-04-30T17:10:19.494+0000] {spark_submit.py:490} INFO - 25/04/30 17:10:19 INFO TaskSetManager: Finished task 0.0 in stage 18.0 (TID 11) in 101 ms on 172.18.0.5 (executor 0) (1/1)
[2025-04-30T17:10:19.494+0000] {spark_submit.py:490} INFO - 25/04/30 17:10:19 INFO TaskSchedulerImpl: Removed TaskSet 18.0, whose tasks have all completed, from pool
[2025-04-30T17:10:19.494+0000] {spark_submit.py:490} INFO - 25/04/30 17:10:19 INFO DAGScheduler: ShuffleMapStage 18 (jdbc at NativeMethodAccessorImpl.java:0) finished in 0.110 s
[2025-04-30T17:10:19.495+0000] {spark_submit.py:490} INFO - 25/04/30 17:10:19 INFO DAGScheduler: looking for newly runnable stages
[2025-04-30T17:10:19.495+0000] {spark_submit.py:490} INFO - 25/04/30 17:10:19 INFO DAGScheduler: running: Set()
[2025-04-30T17:10:19.495+0000] {spark_submit.py:490} INFO - 25/04/30 17:10:19 INFO DAGScheduler: waiting: Set()
[2025-04-30T17:10:19.495+0000] {spark_submit.py:490} INFO - 25/04/30 17:10:19 INFO DAGScheduler: failed: Set()
[2025-04-30T17:10:19.503+0000] {spark_submit.py:490} INFO - 25/04/30 17:10:19 INFO ShufflePartitionsUtil: For shuffle(6), advisory target size: 67108864, actual target size 1048576, minimum partition size: 1048576
[2025-04-30T17:10:19.517+0000] {spark_submit.py:490} INFO - 25/04/30 17:10:19 INFO CodeGenerator: Code generated in 7.733399 ms
[2025-04-30T17:10:19.531+0000] {spark_submit.py:490} INFO - 25/04/30 17:10:19 INFO CodeGenerator: Code generated in 7.315742 ms
[2025-04-30T17:10:19.566+0000] {spark_submit.py:490} INFO - 25/04/30 17:10:19 INFO SparkContext: Starting job: jdbc at NativeMethodAccessorImpl.java:0
[2025-04-30T17:10:19.567+0000] {spark_submit.py:490} INFO - 25/04/30 17:10:19 INFO DAGScheduler: Got job 11 (jdbc at NativeMethodAccessorImpl.java:0) with 2 output partitions
[2025-04-30T17:10:19.567+0000] {spark_submit.py:490} INFO - 25/04/30 17:10:19 INFO DAGScheduler: Final stage: ResultStage 20 (jdbc at NativeMethodAccessorImpl.java:0)
[2025-04-30T17:10:19.567+0000] {spark_submit.py:490} INFO - 25/04/30 17:10:19 INFO DAGScheduler: Parents of final stage: List(ShuffleMapStage 19)
[2025-04-30T17:10:19.568+0000] {spark_submit.py:490} INFO - 25/04/30 17:10:19 INFO DAGScheduler: Missing parents: List()
[2025-04-30T17:10:19.568+0000] {spark_submit.py:490} INFO - 25/04/30 17:10:19 INFO DAGScheduler: Submitting ResultStage 20 (MapPartitionsRDD[52] at jdbc at NativeMethodAccessorImpl.java:0), which has no missing parents
[2025-04-30T17:10:19.593+0000] {spark_submit.py:490} INFO - 25/04/30 17:10:19 INFO MemoryStore: Block broadcast_11 stored as values in memory (estimated size 54.6 KiB, free 434.3 MiB)
[2025-04-30T17:10:19.601+0000] {spark_submit.py:490} INFO - 25/04/30 17:10:19 INFO MemoryStore: Block broadcast_11_piece0 stored as bytes in memory (estimated size 23.4 KiB, free 434.2 MiB)
[2025-04-30T17:10:19.605+0000] {spark_submit.py:490} INFO - 25/04/30 17:10:19 INFO BlockManagerInfo: Added broadcast_11_piece0 in memory on a2dde070184b:44429 (size: 23.4 KiB, free: 434.3 MiB)
[2025-04-30T17:10:19.606+0000] {spark_submit.py:490} INFO - 25/04/30 17:10:19 INFO BlockManagerInfo: Removed broadcast_8_piece0 on a2dde070184b:44429 in memory (size: 17.8 KiB, free: 434.4 MiB)
[2025-04-30T17:10:19.606+0000] {spark_submit.py:490} INFO - 25/04/30 17:10:19 INFO SparkContext: Created broadcast 11 from broadcast at DAGScheduler.scala:1513
[2025-04-30T17:10:19.606+0000] {spark_submit.py:490} INFO - 25/04/30 17:10:19 INFO DAGScheduler: Submitting 2 missing tasks from ResultStage 20 (MapPartitionsRDD[52] at jdbc at NativeMethodAccessorImpl.java:0) (first 15 tasks are for partitions Vector(0, 1))
[2025-04-30T17:10:19.606+0000] {spark_submit.py:490} INFO - 25/04/30 17:10:19 INFO TaskSchedulerImpl: Adding task set 20.0 with 2 tasks resource profile 0
[2025-04-30T17:10:19.607+0000] {spark_submit.py:490} INFO - 25/04/30 17:10:19 INFO BlockManagerInfo: Removed broadcast_8_piece0 on 172.18.0.5:43687 in memory (size: 17.8 KiB, free: 366.3 MiB)
[2025-04-30T17:10:19.608+0000] {spark_submit.py:490} INFO - 25/04/30 17:10:19 INFO TaskSetManager: Starting task 1.0 in stage 20.0 (TID 12) (172.18.0.5, executor 0, partition 1, NODE_LOCAL, 4566 bytes) taskResourceAssignments Map()
[2025-04-30T17:10:19.622+0000] {spark_submit.py:490} INFO - 25/04/30 17:10:19 INFO BlockManagerInfo: Removed broadcast_9_piece0 on 172.18.0.5:43687 in memory (size: 5.5 KiB, free: 366.3 MiB)
[2025-04-30T17:10:19.624+0000] {spark_submit.py:490} INFO - 25/04/30 17:10:19 INFO BlockManagerInfo: Removed broadcast_9_piece0 on a2dde070184b:44429 in memory (size: 5.5 KiB, free: 434.4 MiB)
[2025-04-30T17:10:19.640+0000] {spark_submit.py:490} INFO - 25/04/30 17:10:19 INFO BlockManagerInfo: Removed broadcast_10_piece0 on a2dde070184b:44429 in memory (size: 7.9 KiB, free: 434.4 MiB)
[2025-04-30T17:10:19.641+0000] {spark_submit.py:490} INFO - 25/04/30 17:10:19 INFO BlockManagerInfo: Added broadcast_11_piece0 in memory on 172.18.0.5:43687 (size: 23.4 KiB, free: 366.3 MiB)
[2025-04-30T17:10:19.642+0000] {spark_submit.py:490} INFO - 25/04/30 17:10:19 INFO BlockManagerInfo: Removed broadcast_10_piece0 on 172.18.0.5:43687 in memory (size: 7.9 KiB, free: 366.3 MiB)
[2025-04-30T17:10:20.503+0000] {spark_submit.py:490} INFO - 25/04/30 17:10:20 INFO MapOutputTrackerMasterEndpoint: Asked to send map output locations for shuffle 6 to 172.18.0.5:46414
[2025-04-30T17:10:21.502+0000] {spark_submit.py:490} INFO - 25/04/30 17:10:21 INFO TaskSetManager: Starting task 0.0 in stage 20.0 (TID 13) (172.18.0.5, executor 0, partition 0, PROCESS_LOCAL, 4412 bytes) taskResourceAssignments Map()
[2025-04-30T17:10:21.506+0000] {spark_submit.py:490} INFO - 25/04/30 17:10:21 INFO TaskSetManager: Finished task 1.0 in stage 20.0 (TID 12) in 1899 ms on 172.18.0.5 (executor 0) (1/2)
[2025-04-30T17:10:21.594+0000] {spark_submit.py:490} INFO - 25/04/30 17:10:21 INFO TaskSetManager: Finished task 0.0 in stage 20.0 (TID 13) in 93 ms on 172.18.0.5 (executor 0) (2/2)
[2025-04-30T17:10:21.595+0000] {spark_submit.py:490} INFO - 25/04/30 17:10:21 INFO TaskSchedulerImpl: Removed TaskSet 20.0, whose tasks have all completed, from pool
[2025-04-30T17:10:21.595+0000] {spark_submit.py:490} INFO - 25/04/30 17:10:21 INFO DAGScheduler: ResultStage 20 (jdbc at NativeMethodAccessorImpl.java:0) finished in 2.023 s
[2025-04-30T17:10:21.595+0000] {spark_submit.py:490} INFO - 25/04/30 17:10:21 INFO DAGScheduler: Job 11 is finished. Cancelling potential speculative or zombie tasks for this job
[2025-04-30T17:10:21.595+0000] {spark_submit.py:490} INFO - 25/04/30 17:10:21 INFO TaskSchedulerImpl: Killing all running tasks in stage 20: Stage finished
[2025-04-30T17:10:21.596+0000] {spark_submit.py:490} INFO - 25/04/30 17:10:21 INFO DAGScheduler: Job 11 finished: jdbc at NativeMethodAccessorImpl.java:0, took 2.029839 s
[2025-04-30T17:10:21.615+0000] {spark_submit.py:490} INFO - INFO:__main__:Запись в mart.suspicious_transactions завершена
[2025-04-30T17:10:21.637+0000] {spark_submit.py:490} INFO - 25/04/30 17:10:21 INFO SparkUI: Stopped Spark web UI at http://a2dde070184b:4040
[2025-04-30T17:10:21.642+0000] {spark_submit.py:490} INFO - 25/04/30 17:10:21 INFO StandaloneSchedulerBackend: Shutting down all executors
[2025-04-30T17:10:21.643+0000] {spark_submit.py:490} INFO - 25/04/30 17:10:21 INFO CoarseGrainedSchedulerBackend$DriverEndpoint: Asking each executor to shut down
[2025-04-30T17:10:21.670+0000] {spark_submit.py:490} INFO - 25/04/30 17:10:21 INFO MapOutputTrackerMasterEndpoint: MapOutputTrackerMasterEndpoint stopped!
[2025-04-30T17:10:21.705+0000] {spark_submit.py:490} INFO - 25/04/30 17:10:21 INFO MemoryStore: MemoryStore cleared
[2025-04-30T17:10:21.708+0000] {spark_submit.py:490} INFO - 25/04/30 17:10:21 INFO BlockManager: BlockManager stopped
[2025-04-30T17:10:21.727+0000] {spark_submit.py:490} INFO - 25/04/30 17:10:21 INFO BlockManagerMaster: BlockManagerMaster stopped
[2025-04-30T17:10:21.743+0000] {spark_submit.py:490} INFO - 25/04/30 17:10:21 INFO OutputCommitCoordinator$OutputCommitCoordinatorEndpoint: OutputCommitCoordinator stopped!
[2025-04-30T17:10:21.756+0000] {spark_submit.py:490} INFO - 25/04/30 17:10:21 INFO SparkContext: Successfully stopped SparkContext
[2025-04-30T17:10:21.774+0000] {spark_submit.py:490} INFO - INFO:__main__:SparkSession остановлен
[2025-04-30T17:10:21.831+0000] {spark_submit.py:490} INFO - 25/04/30 17:10:21 INFO ShutdownHookManager: Shutdown hook called
[2025-04-30T17:10:21.832+0000] {spark_submit.py:490} INFO - 25/04/30 17:10:21 INFO ShutdownHookManager: Deleting directory /tmp/spark-d8477b7a-2822-4b9d-ab97-2d0199c48417
[2025-04-30T17:10:21.838+0000] {spark_submit.py:490} INFO - 25/04/30 17:10:21 INFO ShutdownHookManager: Deleting directory /tmp/spark-cccba71c-b1f3-4a37-aa73-f272bfa43208
[2025-04-30T17:10:21.841+0000] {spark_submit.py:490} INFO - 25/04/30 17:10:21 INFO ShutdownHookManager: Deleting directory /tmp/spark-cccba71c-b1f3-4a37-aa73-f272bfa43208/pyspark-7018a5e3-a9c0-42d6-ae76-29171f35cf46
[2025-04-30T17:10:21.930+0000] {taskinstance.py:1350} INFO - Marking task as SUCCESS. dag_id=transform, task_id=detect_suspicious, execution_date=20250430T170950, start_date=20250430T170959, end_date=20250430T171021
[2025-04-30T17:10:22.002+0000] {local_task_job_runner.py:225} INFO - Task exited with return code 0
[2025-04-30T17:10:22.018+0000] {taskinstance.py:2653} INFO - 0 downstream tasks scheduled from follow-on schedule check
