[2025-04-27T07:32:22.085+0000] {taskinstance.py:1103} INFO - Dependencies all met for dep_context=non-requeueable deps ti=<TaskInstance: transform.detect_suspicious manual__2025-04-27T07:31:07.067439+00:00 [queued]>
[2025-04-27T07:32:22.094+0000] {taskinstance.py:1103} INFO - Dependencies all met for dep_context=requeueable deps ti=<TaskInstance: transform.detect_suspicious manual__2025-04-27T07:31:07.067439+00:00 [queued]>
[2025-04-27T07:32:22.094+0000] {taskinstance.py:1308} INFO - Starting attempt 2 of 2
[2025-04-27T07:32:22.105+0000] {taskinstance.py:1327} INFO - Executing <Task(SparkSubmitOperator): detect_suspicious> on 2025-04-27 07:31:07.067439+00:00
[2025-04-27T07:32:22.110+0000] {standard_task_runner.py:57} INFO - Started process 5259 to run task
[2025-04-27T07:32:22.112+0000] {standard_task_runner.py:84} INFO - Running: ['airflow', 'tasks', 'run', 'transform', 'detect_suspicious', 'manual__2025-04-27T07:31:07.067439+00:00', '--job-id', '14', '--raw', '--subdir', 'DAGS_FOLDER/transform.py', '--cfg-path', '/tmp/tmp5k5c49nx']
[2025-04-27T07:32:22.113+0000] {standard_task_runner.py:85} INFO - Job 14: Subtask detect_suspicious
[2025-04-27T07:32:22.155+0000] {task_command.py:410} INFO - Running <TaskInstance: transform.detect_suspicious manual__2025-04-27T07:31:07.067439+00:00 [running]> on host c82426b22b9f
[2025-04-27T07:32:22.309+0000] {taskinstance.py:1547} INFO - Exporting env vars: AIRFLOW_CTX_DAG_OWNER='finbest' AIRFLOW_CTX_DAG_ID='transform' AIRFLOW_CTX_TASK_ID='detect_suspicious' AIRFLOW_CTX_EXECUTION_DATE='2025-04-27T07:31:07.067439+00:00' AIRFLOW_CTX_TRY_NUMBER='2' AIRFLOW_CTX_DAG_RUN_ID='manual__2025-04-27T07:31:07.067439+00:00'
[2025-04-27T07:32:22.317+0000] {base.py:73} INFO - Using connection ID 'spark_default' for task execution.
[2025-04-27T07:32:22.318+0000] {spark_submit.py:339} INFO - Spark-Submit cmd: spark-submit --master spark://spark-master:7077 --executor-cores 2 --executor-memory 2g --driver-memory 1g --name arrow-spark /opt/airflow/spark/detect_suspicious.py --jdbc jdbc:postgresql://postgres:5432/finbest --clickhouse-url jdbc:clickhouse://clickhouse:8123/finbest
[2025-04-27T07:32:24.407+0000] {spark_submit.py:490} INFO - 25/04/27 07:32:24 INFO SparkContext: Running Spark version 3.3.0
[2025-04-27T07:32:24.464+0000] {spark_submit.py:490} INFO - 25/04/27 07:32:24 WARN NativeCodeLoader: Unable to load native-hadoop library for your platform... using builtin-java classes where applicable
[2025-04-27T07:32:24.544+0000] {spark_submit.py:490} INFO - 25/04/27 07:32:24 INFO ResourceUtils: ==============================================================
[2025-04-27T07:32:24.545+0000] {spark_submit.py:490} INFO - 25/04/27 07:32:24 INFO ResourceUtils: No custom resources configured for spark.driver.
[2025-04-27T07:32:24.545+0000] {spark_submit.py:490} INFO - 25/04/27 07:32:24 INFO ResourceUtils: ==============================================================
[2025-04-27T07:32:24.545+0000] {spark_submit.py:490} INFO - 25/04/27 07:32:24 INFO SparkContext: Submitted application: FinBestDetect
[2025-04-27T07:32:24.564+0000] {spark_submit.py:490} INFO - 25/04/27 07:32:24 INFO ResourceProfile: Default ResourceProfile created, executor resources: Map(cores -> name: cores, amount: 2, script: , vendor: , memory -> name: memory, amount: 2048, script: , vendor: , offHeap -> name: offHeap, amount: 0, script: , vendor: ), task resources: Map(cpus -> name: cpus, amount: 1.0)
[2025-04-27T07:32:24.574+0000] {spark_submit.py:490} INFO - 25/04/27 07:32:24 INFO ResourceProfile: Limiting resource is cpus at 2 tasks per executor
[2025-04-27T07:32:24.576+0000] {spark_submit.py:490} INFO - 25/04/27 07:32:24 INFO ResourceProfileManager: Added ResourceProfile id: 0
[2025-04-27T07:32:24.617+0000] {spark_submit.py:490} INFO - 25/04/27 07:32:24 INFO SecurityManager: Changing view acls to: airflow
[2025-04-27T07:32:24.617+0000] {spark_submit.py:490} INFO - 25/04/27 07:32:24 INFO SecurityManager: Changing modify acls to: airflow
[2025-04-27T07:32:24.617+0000] {spark_submit.py:490} INFO - 25/04/27 07:32:24 INFO SecurityManager: Changing view acls groups to:
[2025-04-27T07:32:24.618+0000] {spark_submit.py:490} INFO - 25/04/27 07:32:24 INFO SecurityManager: Changing modify acls groups to:
[2025-04-27T07:32:24.618+0000] {spark_submit.py:490} INFO - 25/04/27 07:32:24 INFO SecurityManager: SecurityManager: authentication disabled; ui acls disabled; users  with view permissions: Set(airflow); groups with view permissions: Set(); users  with modify permissions: Set(airflow); groups with modify permissions: Set()
[2025-04-27T07:32:24.837+0000] {spark_submit.py:490} INFO - 25/04/27 07:32:24 INFO Utils: Successfully started service 'sparkDriver' on port 36745.
[2025-04-27T07:32:24.863+0000] {spark_submit.py:490} INFO - 25/04/27 07:32:24 INFO SparkEnv: Registering MapOutputTracker
[2025-04-27T07:32:24.906+0000] {spark_submit.py:490} INFO - 25/04/27 07:32:24 INFO SparkEnv: Registering BlockManagerMaster
[2025-04-27T07:32:24.930+0000] {spark_submit.py:490} INFO - 25/04/27 07:32:24 INFO BlockManagerMasterEndpoint: Using org.apache.spark.storage.DefaultTopologyMapper for getting topology information
[2025-04-27T07:32:24.930+0000] {spark_submit.py:490} INFO - 25/04/27 07:32:24 INFO BlockManagerMasterEndpoint: BlockManagerMasterEndpoint up
[2025-04-27T07:32:24.935+0000] {spark_submit.py:490} INFO - 25/04/27 07:32:24 INFO SparkEnv: Registering BlockManagerMasterHeartbeat
[2025-04-27T07:32:24.960+0000] {spark_submit.py:490} INFO - 25/04/27 07:32:24 INFO DiskBlockManager: Created local directory at /tmp/blockmgr-d44d0928-a2ce-407a-b9e7-06225c4557d7
[2025-04-27T07:32:24.980+0000] {spark_submit.py:490} INFO - 25/04/27 07:32:24 INFO MemoryStore: MemoryStore started with capacity 434.4 MiB
[2025-04-27T07:32:24.999+0000] {spark_submit.py:490} INFO - 25/04/27 07:32:24 INFO SparkEnv: Registering OutputCommitCoordinator
[2025-04-27T07:32:25.180+0000] {spark_submit.py:490} INFO - 25/04/27 07:32:25 INFO Utils: Successfully started service 'SparkUI' on port 4040.
[2025-04-27T07:32:25.287+0000] {spark_submit.py:490} INFO - 25/04/27 07:32:25 INFO StandaloneAppClient$ClientEndpoint: Connecting to master spark://spark-master:7077...
[2025-04-27T07:32:25.321+0000] {spark_submit.py:490} INFO - 25/04/27 07:32:25 INFO TransportClientFactory: Successfully created connection to spark-master/172.18.0.2:7077 after 21 ms (0 ms spent in bootstraps)
[2025-04-27T07:32:25.381+0000] {spark_submit.py:490} INFO - 25/04/27 07:32:25 INFO StandaloneSchedulerBackend: Connected to Spark cluster with app ID app-20250427073225-0003
[2025-04-27T07:32:25.386+0000] {spark_submit.py:490} INFO - 25/04/27 07:32:25 INFO Utils: Successfully started service 'org.apache.spark.network.netty.NettyBlockTransferService' on port 39251.
[2025-04-27T07:32:25.386+0000] {spark_submit.py:490} INFO - 25/04/27 07:32:25 INFO NettyBlockTransferService: Server created on c82426b22b9f:39251
[2025-04-27T07:32:25.387+0000] {spark_submit.py:490} INFO - 25/04/27 07:32:25 INFO BlockManager: Using org.apache.spark.storage.RandomBlockReplicationPolicy for block replication policy
[2025-04-27T07:32:25.392+0000] {spark_submit.py:490} INFO - 25/04/27 07:32:25 INFO BlockManagerMaster: Registering BlockManager BlockManagerId(driver, c82426b22b9f, 39251, None)
[2025-04-27T07:32:25.394+0000] {spark_submit.py:490} INFO - 25/04/27 07:32:25 INFO BlockManagerMasterEndpoint: Registering block manager c82426b22b9f:39251 with 434.4 MiB RAM, BlockManagerId(driver, c82426b22b9f, 39251, None)
[2025-04-27T07:32:25.396+0000] {spark_submit.py:490} INFO - 25/04/27 07:32:25 INFO BlockManagerMaster: Registered BlockManager BlockManagerId(driver, c82426b22b9f, 39251, None)
[2025-04-27T07:32:25.397+0000] {spark_submit.py:490} INFO - 25/04/27 07:32:25 INFO BlockManager: Initialized BlockManager: BlockManagerId(driver, c82426b22b9f, 39251, None)
[2025-04-27T07:32:25.514+0000] {spark_submit.py:490} INFO - 25/04/27 07:32:25 INFO StandaloneSchedulerBackend: SchedulerBackend is ready for scheduling beginning after reached minRegisteredResourcesRatio: 0.0
[2025-04-27T07:32:25.676+0000] {spark_submit.py:490} INFO - 25/04/27 07:32:25 INFO SharedState: Setting hive.metastore.warehouse.dir ('null') to the value of spark.sql.warehouse.dir.
[2025-04-27T07:32:25.681+0000] {spark_submit.py:490} INFO - 25/04/27 07:32:25 INFO SharedState: Warehouse path is 'file:/opt/airflow/spark-warehouse'.
[2025-04-27T07:32:26.300+0000] {spark_submit.py:490} INFO - Traceback (most recent call last):
[2025-04-27T07:32:26.301+0000] {spark_submit.py:490} INFO - File "/opt/airflow/spark/detect_suspicious.py", line 23, in <module>
[2025-04-27T07:32:26.301+0000] {spark_submit.py:490} INFO - .option("password", "***") \
[2025-04-27T07:32:26.301+0000] {spark_submit.py:490} INFO - File "/opt/spark/python/lib/pyspark.zip/pyspark/sql/readwriter.py", line 184, in load
[2025-04-27T07:32:26.301+0000] {spark_submit.py:490} INFO - File "/opt/spark/python/lib/py4j-0.10.9.5-src.zip/py4j/java_gateway.py", line 1322, in __call__
[2025-04-27T07:32:26.301+0000] {spark_submit.py:490} INFO - File "/opt/spark/python/lib/pyspark.zip/pyspark/sql/utils.py", line 190, in deco
[2025-04-27T07:32:26.301+0000] {spark_submit.py:490} INFO - File "/opt/spark/python/lib/py4j-0.10.9.5-src.zip/py4j/protocol.py", line 328, in get_return_value
[2025-04-27T07:32:26.301+0000] {spark_submit.py:490} INFO - py4j.protocol.Py4JJavaError: An error occurred while calling o33.load.
[2025-04-27T07:32:26.301+0000] {spark_submit.py:490} INFO - : java.lang.ClassNotFoundException: org.postgresql.Driver
[2025-04-27T07:32:26.301+0000] {spark_submit.py:490} INFO - at java.base/java.net.URLClassLoader.findClass(URLClassLoader.java:476)
[2025-04-27T07:32:26.301+0000] {spark_submit.py:490} INFO - at java.base/java.lang.ClassLoader.loadClass(ClassLoader.java:594)
[2025-04-27T07:32:26.301+0000] {spark_submit.py:490} INFO - at java.base/java.lang.ClassLoader.loadClass(ClassLoader.java:527)
[2025-04-27T07:32:26.302+0000] {spark_submit.py:490} INFO - at org.apache.spark.sql.execution.datasources.jdbc.DriverRegistry$.register(DriverRegistry.scala:46)
[2025-04-27T07:32:26.302+0000] {spark_submit.py:490} INFO - at org.apache.spark.sql.execution.datasources.jdbc.JDBCOptions.$anonfun$driverClass$1(JDBCOptions.scala:101)
[2025-04-27T07:32:26.302+0000] {spark_submit.py:490} INFO - at org.apache.spark.sql.execution.datasources.jdbc.JDBCOptions.$anonfun$driverClass$1$adapted(JDBCOptions.scala:101)
[2025-04-27T07:32:26.302+0000] {spark_submit.py:490} INFO - at scala.Option.foreach(Option.scala:407)
[2025-04-27T07:32:26.302+0000] {spark_submit.py:490} INFO - at org.apache.spark.sql.execution.datasources.jdbc.JDBCOptions.<init>(JDBCOptions.scala:101)
[2025-04-27T07:32:26.302+0000] {spark_submit.py:490} INFO - at org.apache.spark.sql.execution.datasources.jdbc.JDBCOptions.<init>(JDBCOptions.scala:39)
[2025-04-27T07:32:26.302+0000] {spark_submit.py:490} INFO - at org.apache.spark.sql.execution.datasources.jdbc.JdbcRelationProvider.createRelation(JdbcRelationProvider.scala:34)
[2025-04-27T07:32:26.302+0000] {spark_submit.py:490} INFO - at org.apache.spark.sql.execution.datasources.DataSource.resolveRelation(DataSource.scala:350)
[2025-04-27T07:32:26.302+0000] {spark_submit.py:490} INFO - at org.apache.spark.sql.DataFrameReader.loadV1Source(DataFrameReader.scala:228)
[2025-04-27T07:32:26.302+0000] {spark_submit.py:490} INFO - at org.apache.spark.sql.DataFrameReader.$anonfun$load$2(DataFrameReader.scala:210)
[2025-04-27T07:32:26.302+0000] {spark_submit.py:490} INFO - at scala.Option.getOrElse(Option.scala:189)
[2025-04-27T07:32:26.302+0000] {spark_submit.py:490} INFO - at org.apache.spark.sql.DataFrameReader.load(DataFrameReader.scala:210)
[2025-04-27T07:32:26.302+0000] {spark_submit.py:490} INFO - at org.apache.spark.sql.DataFrameReader.load(DataFrameReader.scala:171)
[2025-04-27T07:32:26.302+0000] {spark_submit.py:490} INFO - at java.base/jdk.internal.reflect.NativeMethodAccessorImpl.invoke0(Native Method)
[2025-04-27T07:32:26.302+0000] {spark_submit.py:490} INFO - at java.base/jdk.internal.reflect.NativeMethodAccessorImpl.invoke(NativeMethodAccessorImpl.java:62)
[2025-04-27T07:32:26.302+0000] {spark_submit.py:490} INFO - at java.base/jdk.internal.reflect.DelegatingMethodAccessorImpl.invoke(DelegatingMethodAccessorImpl.java:43)
[2025-04-27T07:32:26.302+0000] {spark_submit.py:490} INFO - at java.base/java.lang.reflect.Method.invoke(Method.java:566)
[2025-04-27T07:32:26.303+0000] {spark_submit.py:490} INFO - at py4j.reflection.MethodInvoker.invoke(MethodInvoker.java:244)
[2025-04-27T07:32:26.303+0000] {spark_submit.py:490} INFO - at py4j.reflection.ReflectionEngine.invoke(ReflectionEngine.java:357)
[2025-04-27T07:32:26.303+0000] {spark_submit.py:490} INFO - at py4j.Gateway.invoke(Gateway.java:282)
[2025-04-27T07:32:26.303+0000] {spark_submit.py:490} INFO - at py4j.commands.AbstractCommand.invokeMethod(AbstractCommand.java:132)
[2025-04-27T07:32:26.303+0000] {spark_submit.py:490} INFO - at py4j.commands.CallCommand.execute(CallCommand.java:79)
[2025-04-27T07:32:26.303+0000] {spark_submit.py:490} INFO - at py4j.ClientServerConnection.waitForCommands(ClientServerConnection.java:182)
[2025-04-27T07:32:26.303+0000] {spark_submit.py:490} INFO - at py4j.ClientServerConnection.run(ClientServerConnection.java:106)
[2025-04-27T07:32:26.303+0000] {spark_submit.py:490} INFO - at java.base/java.lang.Thread.run(Thread.java:829)
[2025-04-27T07:32:26.303+0000] {spark_submit.py:490} INFO - 
[2025-04-27T07:32:26.345+0000] {spark_submit.py:490} INFO - 25/04/27 07:32:26 INFO SparkContext: Invoking stop() from shutdown hook
[2025-04-27T07:32:26.354+0000] {spark_submit.py:490} INFO - 25/04/27 07:32:26 INFO SparkUI: Stopped Spark web UI at http://c82426b22b9f:4040
[2025-04-27T07:32:26.358+0000] {spark_submit.py:490} INFO - 25/04/27 07:32:26 INFO StandaloneSchedulerBackend: Shutting down all executors
[2025-04-27T07:32:26.363+0000] {spark_submit.py:490} INFO - 25/04/27 07:32:26 INFO CoarseGrainedSchedulerBackend$DriverEndpoint: Asking each executor to shut down
[2025-04-27T07:32:26.380+0000] {spark_submit.py:490} INFO - 25/04/27 07:32:26 INFO MapOutputTrackerMasterEndpoint: MapOutputTrackerMasterEndpoint stopped!
[2025-04-27T07:32:26.390+0000] {spark_submit.py:490} INFO - 25/04/27 07:32:26 INFO MemoryStore: MemoryStore cleared
[2025-04-27T07:32:26.390+0000] {spark_submit.py:490} INFO - 25/04/27 07:32:26 INFO BlockManager: BlockManager stopped
[2025-04-27T07:32:26.399+0000] {spark_submit.py:490} INFO - 25/04/27 07:32:26 INFO BlockManagerMaster: BlockManagerMaster stopped
[2025-04-27T07:32:26.401+0000] {spark_submit.py:490} INFO - 25/04/27 07:32:26 INFO OutputCommitCoordinator$OutputCommitCoordinatorEndpoint: OutputCommitCoordinator stopped!
[2025-04-27T07:32:26.407+0000] {spark_submit.py:490} INFO - 25/04/27 07:32:26 INFO SparkContext: Successfully stopped SparkContext
[2025-04-27T07:32:26.408+0000] {spark_submit.py:490} INFO - 25/04/27 07:32:26 INFO ShutdownHookManager: Shutdown hook called
[2025-04-27T07:32:26.409+0000] {spark_submit.py:490} INFO - 25/04/27 07:32:26 INFO ShutdownHookManager: Deleting directory /tmp/spark-f34c2f6a-00d1-458e-a355-410ec1774d06
[2025-04-27T07:32:26.413+0000] {spark_submit.py:490} INFO - 25/04/27 07:32:26 INFO ShutdownHookManager: Deleting directory /tmp/spark-69955fc1-bb4c-409c-b90b-dd39e47ded56/pyspark-01f7b8c1-d0e1-4b2c-b455-2122aa22f9d5
[2025-04-27T07:32:26.416+0000] {spark_submit.py:490} INFO - 25/04/27 07:32:26 INFO ShutdownHookManager: Deleting directory /tmp/spark-69955fc1-bb4c-409c-b90b-dd39e47ded56
[2025-04-27T07:32:26.469+0000] {taskinstance.py:1824} ERROR - Task failed with exception
Traceback (most recent call last):
  File "/home/airflow/.local/lib/python3.7/site-packages/airflow/providers/apache/spark/operators/spark_submit.py", line 157, in execute
    self._hook.submit(self._application)
  File "/home/airflow/.local/lib/python3.7/site-packages/airflow/providers/apache/spark/hooks/spark_submit.py", line 422, in submit
    f"Cannot execute: {self._mask_cmd(spark_submit_cmd)}. Error code is: {returncode}."
airflow.exceptions.AirflowException: Cannot execute: spark-submit --master spark://spark-master:7077 --executor-cores 2 --executor-memory 2g --driver-memory 1g --name arrow-spark /opt/airflow/spark/detect_suspicious.py --jdbc jdbc:postgresql://postgres:5432/finbest --clickhouse-url jdbc:clickhouse://clickhouse:8123/finbest. Error code is: 1.
[2025-04-27T07:32:26.473+0000] {taskinstance.py:1350} INFO - Marking task as FAILED. dag_id=transform, task_id=detect_suspicious, execution_date=20250427T073107, start_date=20250427T073222, end_date=20250427T073226
[2025-04-27T07:32:26.482+0000] {standard_task_runner.py:109} ERROR - Failed to execute job 14 for task detect_suspicious (Cannot execute: spark-submit --master spark://spark-master:7077 --executor-cores 2 --executor-memory 2g --driver-memory 1g --name arrow-spark /opt/airflow/spark/detect_suspicious.py --jdbc jdbc:postgresql://postgres:5432/finbest --clickhouse-url jdbc:clickhouse://clickhouse:8123/finbest. Error code is: 1.; 5259)
[2025-04-27T07:32:26.497+0000] {local_task_job_runner.py:225} INFO - Task exited with return code 1
[2025-04-27T07:32:26.519+0000] {taskinstance.py:2653} INFO - 0 downstream tasks scheduled from follow-on schedule check
