[2025-04-27T08:13:06.730+0000] {taskinstance.py:1103} INFO - Dependencies all met for dep_context=non-requeueable deps ti=<TaskInstance: transform.detect_suspicious manual__2025-04-27T08:12:49.766508+00:00 [queued]>
[2025-04-27T08:13:06.736+0000] {taskinstance.py:1103} INFO - Dependencies all met for dep_context=requeueable deps ti=<TaskInstance: transform.detect_suspicious manual__2025-04-27T08:12:49.766508+00:00 [queued]>
[2025-04-27T08:13:06.736+0000] {taskinstance.py:1308} INFO - Starting attempt 1 of 2
[2025-04-27T08:13:06.746+0000] {taskinstance.py:1327} INFO - Executing <Task(SparkSubmitOperator): detect_suspicious> on 2025-04-27 08:12:49.766508+00:00
[2025-04-27T08:13:06.750+0000] {standard_task_runner.py:57} INFO - Started process 7344 to run task
[2025-04-27T08:13:06.752+0000] {standard_task_runner.py:84} INFO - Running: ['airflow', 'tasks', 'run', 'transform', 'detect_suspicious', 'manual__2025-04-27T08:12:49.766508+00:00', '--job-id', '19', '--raw', '--subdir', 'DAGS_FOLDER/transform.py', '--cfg-path', '/tmp/tmp7ft8hx9d']
[2025-04-27T08:13:06.753+0000] {standard_task_runner.py:85} INFO - Job 19: Subtask detect_suspicious
[2025-04-27T08:13:06.791+0000] {task_command.py:410} INFO - Running <TaskInstance: transform.detect_suspicious manual__2025-04-27T08:12:49.766508+00:00 [running]> on host c82426b22b9f
[2025-04-27T08:13:06.921+0000] {taskinstance.py:1547} INFO - Exporting env vars: AIRFLOW_CTX_DAG_OWNER='finbest' AIRFLOW_CTX_DAG_ID='transform' AIRFLOW_CTX_TASK_ID='detect_suspicious' AIRFLOW_CTX_EXECUTION_DATE='2025-04-27T08:12:49.766508+00:00' AIRFLOW_CTX_TRY_NUMBER='1' AIRFLOW_CTX_DAG_RUN_ID='manual__2025-04-27T08:12:49.766508+00:00'
[2025-04-27T08:13:06.929+0000] {base.py:73} INFO - Using connection ID 'spark_default' for task execution.
[2025-04-27T08:13:06.930+0000] {spark_submit.py:339} INFO - Spark-Submit cmd: spark-submit --master spark://spark-master:7077 --packages org.postgresql:postgresql:42.6.0,ru.yandex.clickhouse:clickhouse-jdbc:0.3.2 --executor-cores 2 --executor-memory 2g --driver-memory 1g --name arrow-spark /opt/airflow/spark/detect_suspicious.py --jdbc jdbc:postgresql://postgres:5432/finbest --clickhouse-url jdbc:clickhouse://clickhouse:8123/finbest
[2025-04-27T08:13:08.315+0000] {spark_submit.py:490} INFO - :: loading settings :: url = jar:file:/opt/spark/jars/ivy-2.5.0.jar!/org/apache/ivy/core/settings/ivysettings.xml
[2025-04-27T08:13:08.397+0000] {spark_submit.py:490} INFO - Ivy Default Cache set to: /home/airflow/.ivy2/cache
[2025-04-27T08:13:08.397+0000] {spark_submit.py:490} INFO - The jars for the packages stored in: /home/airflow/.ivy2/jars
[2025-04-27T08:13:08.400+0000] {spark_submit.py:490} INFO - org.postgresql#postgresql added as a dependency
[2025-04-27T08:13:08.400+0000] {spark_submit.py:490} INFO - ru.yandex.clickhouse#clickhouse-jdbc added as a dependency
[2025-04-27T08:13:08.401+0000] {spark_submit.py:490} INFO - :: resolving dependencies :: org.apache.spark#spark-submit-parent-9cfa0d5b-8075-4d81-84f1-9006ba5d41eb;1.0
[2025-04-27T08:13:08.401+0000] {spark_submit.py:490} INFO - confs: [default]
[2025-04-27T08:13:08.484+0000] {spark_submit.py:490} INFO - found org.postgresql#postgresql;42.6.0 in central
[2025-04-27T08:13:08.501+0000] {spark_submit.py:490} INFO - found org.checkerframework#checker-qual;3.31.0 in central
[2025-04-27T08:13:08.516+0000] {spark_submit.py:490} INFO - found ru.yandex.clickhouse#clickhouse-jdbc;0.3.2 in central
[2025-04-27T08:13:08.536+0000] {spark_submit.py:490} INFO - found com.clickhouse#clickhouse-http-client;0.3.2 in central
[2025-04-27T08:13:08.553+0000] {spark_submit.py:490} INFO - found com.clickhouse#clickhouse-client;0.3.2 in central
[2025-04-27T08:13:08.568+0000] {spark_submit.py:490} INFO - found org.lz4#lz4-java;1.8.0 in central
[2025-04-27T08:13:08.585+0000] {spark_submit.py:490} INFO - found com.google.code.gson#gson;2.8.8 in central
[2025-04-27T08:13:08.602+0000] {spark_submit.py:490} INFO - found org.apache.httpcomponents#httpclient;4.5.13 in central
[2025-04-27T08:13:08.619+0000] {spark_submit.py:490} INFO - found org.apache.httpcomponents#httpcore;4.4.13 in central
[2025-04-27T08:13:08.635+0000] {spark_submit.py:490} INFO - found commons-logging#commons-logging;1.2 in central
[2025-04-27T08:13:08.650+0000] {spark_submit.py:490} INFO - found commons-codec#commons-codec;1.11 in central
[2025-04-27T08:13:08.663+0000] {spark_submit.py:490} INFO - found org.apache.httpcomponents#httpmime;4.5.13 in central
[2025-04-27T08:13:08.685+0000] {spark_submit.py:490} INFO - :: resolution report :: resolve 273ms :: artifacts dl 11ms
[2025-04-27T08:13:08.685+0000] {spark_submit.py:490} INFO - :: modules in use:
[2025-04-27T08:13:08.686+0000] {spark_submit.py:490} INFO - com.clickhouse#clickhouse-client;0.3.2 from central in [default]
[2025-04-27T08:13:08.686+0000] {spark_submit.py:490} INFO - com.clickhouse#clickhouse-http-client;0.3.2 from central in [default]
[2025-04-27T08:13:08.686+0000] {spark_submit.py:490} INFO - com.google.code.gson#gson;2.8.8 from central in [default]
[2025-04-27T08:13:08.686+0000] {spark_submit.py:490} INFO - commons-codec#commons-codec;1.11 from central in [default]
[2025-04-27T08:13:08.686+0000] {spark_submit.py:490} INFO - commons-logging#commons-logging;1.2 from central in [default]
[2025-04-27T08:13:08.686+0000] {spark_submit.py:490} INFO - org.apache.httpcomponents#httpclient;4.5.13 from central in [default]
[2025-04-27T08:13:08.686+0000] {spark_submit.py:490} INFO - org.apache.httpcomponents#httpcore;4.4.13 from central in [default]
[2025-04-27T08:13:08.686+0000] {spark_submit.py:490} INFO - org.apache.httpcomponents#httpmime;4.5.13 from central in [default]
[2025-04-27T08:13:08.686+0000] {spark_submit.py:490} INFO - org.checkerframework#checker-qual;3.31.0 from central in [default]
[2025-04-27T08:13:08.686+0000] {spark_submit.py:490} INFO - org.lz4#lz4-java;1.8.0 from central in [default]
[2025-04-27T08:13:08.687+0000] {spark_submit.py:490} INFO - org.postgresql#postgresql;42.6.0 from central in [default]
[2025-04-27T08:13:08.687+0000] {spark_submit.py:490} INFO - ru.yandex.clickhouse#clickhouse-jdbc;0.3.2 from central in [default]
[2025-04-27T08:13:08.687+0000] {spark_submit.py:490} INFO - ---------------------------------------------------------------------
[2025-04-27T08:13:08.687+0000] {spark_submit.py:490} INFO - |                  |            modules            ||   artifacts   |
[2025-04-27T08:13:08.687+0000] {spark_submit.py:490} INFO - |       conf       | number| search|dwnlded|evicted|| number|dwnlded|
[2025-04-27T08:13:08.687+0000] {spark_submit.py:490} INFO - ---------------------------------------------------------------------
[2025-04-27T08:13:08.687+0000] {spark_submit.py:490} INFO - |      default     |   12  |   0   |   0   |   0   ||   12  |   0   |
[2025-04-27T08:13:08.687+0000] {spark_submit.py:490} INFO - ---------------------------------------------------------------------
[2025-04-27T08:13:08.693+0000] {spark_submit.py:490} INFO - :: retrieving :: org.apache.spark#spark-submit-parent-9cfa0d5b-8075-4d81-84f1-9006ba5d41eb
[2025-04-27T08:13:08.693+0000] {spark_submit.py:490} INFO - confs: [default]
[2025-04-27T08:13:08.700+0000] {spark_submit.py:490} INFO - 0 artifacts copied, 12 already retrieved (0kB/7ms)
[2025-04-27T08:13:08.882+0000] {spark_submit.py:490} INFO - 25/04/27 08:13:08 WARN NativeCodeLoader: Unable to load native-hadoop library for your platform... using builtin-java classes where applicable
[2025-04-27T08:13:09.756+0000] {spark_submit.py:490} INFO - 25/04/27 08:13:09 INFO SparkContext: Running Spark version 3.3.0
[2025-04-27T08:13:09.774+0000] {spark_submit.py:490} INFO - 25/04/27 08:13:09 INFO ResourceUtils: ==============================================================
[2025-04-27T08:13:09.774+0000] {spark_submit.py:490} INFO - 25/04/27 08:13:09 INFO ResourceUtils: No custom resources configured for spark.driver.
[2025-04-27T08:13:09.774+0000] {spark_submit.py:490} INFO - 25/04/27 08:13:09 INFO ResourceUtils: ==============================================================
[2025-04-27T08:13:09.774+0000] {spark_submit.py:490} INFO - 25/04/27 08:13:09 INFO SparkContext: Submitted application: FinBestDetect
[2025-04-27T08:13:09.795+0000] {spark_submit.py:490} INFO - 25/04/27 08:13:09 INFO ResourceProfile: Default ResourceProfile created, executor resources: Map(cores -> name: cores, amount: 2, script: , vendor: , memory -> name: memory, amount: 2048, script: , vendor: , offHeap -> name: offHeap, amount: 0, script: , vendor: ), task resources: Map(cpus -> name: cpus, amount: 1.0)
[2025-04-27T08:13:09.805+0000] {spark_submit.py:490} INFO - 25/04/27 08:13:09 INFO ResourceProfile: Limiting resource is cpus at 2 tasks per executor
[2025-04-27T08:13:09.806+0000] {spark_submit.py:490} INFO - 25/04/27 08:13:09 INFO ResourceProfileManager: Added ResourceProfile id: 0
[2025-04-27T08:13:09.857+0000] {spark_submit.py:490} INFO - 25/04/27 08:13:09 INFO SecurityManager: Changing view acls to: airflow
[2025-04-27T08:13:09.858+0000] {spark_submit.py:490} INFO - 25/04/27 08:13:09 INFO SecurityManager: Changing modify acls to: airflow
[2025-04-27T08:13:09.858+0000] {spark_submit.py:490} INFO - 25/04/27 08:13:09 INFO SecurityManager: Changing view acls groups to:
[2025-04-27T08:13:09.858+0000] {spark_submit.py:490} INFO - 25/04/27 08:13:09 INFO SecurityManager: Changing modify acls groups to:
[2025-04-27T08:13:09.859+0000] {spark_submit.py:490} INFO - 25/04/27 08:13:09 INFO SecurityManager: SecurityManager: authentication disabled; ui acls disabled; users  with view permissions: Set(airflow); groups with view permissions: Set(); users  with modify permissions: Set(airflow); groups with modify permissions: Set()
[2025-04-27T08:13:10.128+0000] {spark_submit.py:490} INFO - 25/04/27 08:13:10 INFO Utils: Successfully started service 'sparkDriver' on port 42701.
[2025-04-27T08:13:10.152+0000] {spark_submit.py:490} INFO - 25/04/27 08:13:10 INFO SparkEnv: Registering MapOutputTracker
[2025-04-27T08:13:10.181+0000] {spark_submit.py:490} INFO - 25/04/27 08:13:10 INFO SparkEnv: Registering BlockManagerMaster
[2025-04-27T08:13:10.195+0000] {spark_submit.py:490} INFO - 25/04/27 08:13:10 INFO BlockManagerMasterEndpoint: Using org.apache.spark.storage.DefaultTopologyMapper for getting topology information
[2025-04-27T08:13:10.195+0000] {spark_submit.py:490} INFO - 25/04/27 08:13:10 INFO BlockManagerMasterEndpoint: BlockManagerMasterEndpoint up
[2025-04-27T08:13:10.198+0000] {spark_submit.py:490} INFO - 25/04/27 08:13:10 INFO SparkEnv: Registering BlockManagerMasterHeartbeat
[2025-04-27T08:13:10.215+0000] {spark_submit.py:490} INFO - 25/04/27 08:13:10 INFO DiskBlockManager: Created local directory at /tmp/blockmgr-7feb3079-bdf2-464f-8efe-b94b50057cf0
[2025-04-27T08:13:10.228+0000] {spark_submit.py:490} INFO - 25/04/27 08:13:10 INFO MemoryStore: MemoryStore started with capacity 434.4 MiB
[2025-04-27T08:13:10.242+0000] {spark_submit.py:490} INFO - 25/04/27 08:13:10 INFO SparkEnv: Registering OutputCommitCoordinator
[2025-04-27T08:13:10.413+0000] {spark_submit.py:490} INFO - 25/04/27 08:13:10 INFO Utils: Successfully started service 'SparkUI' on port 4040.
[2025-04-27T08:13:10.444+0000] {spark_submit.py:490} INFO - 25/04/27 08:13:10 INFO SparkContext: Added JAR file:///home/airflow/.ivy2/jars/org.postgresql_postgresql-42.6.0.jar at spark://c82426b22b9f:42701/jars/org.postgresql_postgresql-42.6.0.jar with timestamp 1745741589750
[2025-04-27T08:13:10.444+0000] {spark_submit.py:490} INFO - 25/04/27 08:13:10 INFO SparkContext: Added JAR file:///home/airflow/.ivy2/jars/ru.yandex.clickhouse_clickhouse-jdbc-0.3.2.jar at spark://c82426b22b9f:42701/jars/ru.yandex.clickhouse_clickhouse-jdbc-0.3.2.jar with timestamp 1745741589750
[2025-04-27T08:13:10.445+0000] {spark_submit.py:490} INFO - 25/04/27 08:13:10 INFO SparkContext: Added JAR file:///home/airflow/.ivy2/jars/org.checkerframework_checker-qual-3.31.0.jar at spark://c82426b22b9f:42701/jars/org.checkerframework_checker-qual-3.31.0.jar with timestamp 1745741589750
[2025-04-27T08:13:10.445+0000] {spark_submit.py:490} INFO - 25/04/27 08:13:10 INFO SparkContext: Added JAR file:///home/airflow/.ivy2/jars/com.clickhouse_clickhouse-http-client-0.3.2.jar at spark://c82426b22b9f:42701/jars/com.clickhouse_clickhouse-http-client-0.3.2.jar with timestamp 1745741589750
[2025-04-27T08:13:10.445+0000] {spark_submit.py:490} INFO - 25/04/27 08:13:10 INFO SparkContext: Added JAR file:///home/airflow/.ivy2/jars/com.google.code.gson_gson-2.8.8.jar at spark://c82426b22b9f:42701/jars/com.google.code.gson_gson-2.8.8.jar with timestamp 1745741589750
[2025-04-27T08:13:10.445+0000] {spark_submit.py:490} INFO - 25/04/27 08:13:10 INFO SparkContext: Added JAR file:///home/airflow/.ivy2/jars/org.apache.httpcomponents_httpclient-4.5.13.jar at spark://c82426b22b9f:42701/jars/org.apache.httpcomponents_httpclient-4.5.13.jar with timestamp 1745741589750
[2025-04-27T08:13:10.445+0000] {spark_submit.py:490} INFO - 25/04/27 08:13:10 INFO SparkContext: Added JAR file:///home/airflow/.ivy2/jars/org.apache.httpcomponents_httpmime-4.5.13.jar at spark://c82426b22b9f:42701/jars/org.apache.httpcomponents_httpmime-4.5.13.jar with timestamp 1745741589750
[2025-04-27T08:13:10.445+0000] {spark_submit.py:490} INFO - 25/04/27 08:13:10 INFO SparkContext: Added JAR file:///home/airflow/.ivy2/jars/org.lz4_lz4-java-1.8.0.jar at spark://c82426b22b9f:42701/jars/org.lz4_lz4-java-1.8.0.jar with timestamp 1745741589750
[2025-04-27T08:13:10.445+0000] {spark_submit.py:490} INFO - 25/04/27 08:13:10 INFO SparkContext: Added JAR file:///home/airflow/.ivy2/jars/com.clickhouse_clickhouse-client-0.3.2.jar at spark://c82426b22b9f:42701/jars/com.clickhouse_clickhouse-client-0.3.2.jar with timestamp 1745741589750
[2025-04-27T08:13:10.445+0000] {spark_submit.py:490} INFO - 25/04/27 08:13:10 INFO SparkContext: Added JAR file:///home/airflow/.ivy2/jars/org.apache.httpcomponents_httpcore-4.4.13.jar at spark://c82426b22b9f:42701/jars/org.apache.httpcomponents_httpcore-4.4.13.jar with timestamp 1745741589750
[2025-04-27T08:13:10.446+0000] {spark_submit.py:490} INFO - 25/04/27 08:13:10 INFO SparkContext: Added JAR file:///home/airflow/.ivy2/jars/commons-logging_commons-logging-1.2.jar at spark://c82426b22b9f:42701/jars/commons-logging_commons-logging-1.2.jar with timestamp 1745741589750
[2025-04-27T08:13:10.446+0000] {spark_submit.py:490} INFO - 25/04/27 08:13:10 INFO SparkContext: Added JAR file:///home/airflow/.ivy2/jars/commons-codec_commons-codec-1.11.jar at spark://c82426b22b9f:42701/jars/commons-codec_commons-codec-1.11.jar with timestamp 1745741589750
[2025-04-27T08:13:10.448+0000] {spark_submit.py:490} INFO - 25/04/27 08:13:10 INFO SparkContext: Added file file:///home/airflow/.ivy2/jars/org.postgresql_postgresql-42.6.0.jar at spark://c82426b22b9f:42701/files/org.postgresql_postgresql-42.6.0.jar with timestamp 1745741589750
[2025-04-27T08:13:10.449+0000] {spark_submit.py:490} INFO - 25/04/27 08:13:10 INFO Utils: Copying /home/airflow/.ivy2/jars/org.postgresql_postgresql-42.6.0.jar to /tmp/spark-4e5031d5-540f-4f11-a59d-056e20044f0e/userFiles-a144a43a-f587-46d1-a7c1-251121e09a58/org.postgresql_postgresql-42.6.0.jar
[2025-04-27T08:13:10.460+0000] {spark_submit.py:490} INFO - 25/04/27 08:13:10 INFO SparkContext: Added file file:///home/airflow/.ivy2/jars/ru.yandex.clickhouse_clickhouse-jdbc-0.3.2.jar at spark://c82426b22b9f:42701/files/ru.yandex.clickhouse_clickhouse-jdbc-0.3.2.jar with timestamp 1745741589750
[2025-04-27T08:13:10.460+0000] {spark_submit.py:490} INFO - 25/04/27 08:13:10 INFO Utils: Copying /home/airflow/.ivy2/jars/ru.yandex.clickhouse_clickhouse-jdbc-0.3.2.jar to /tmp/spark-4e5031d5-540f-4f11-a59d-056e20044f0e/userFiles-a144a43a-f587-46d1-a7c1-251121e09a58/ru.yandex.clickhouse_clickhouse-jdbc-0.3.2.jar
[2025-04-27T08:13:10.463+0000] {spark_submit.py:490} INFO - 25/04/27 08:13:10 INFO SparkContext: Added file file:///home/airflow/.ivy2/jars/org.checkerframework_checker-qual-3.31.0.jar at spark://c82426b22b9f:42701/files/org.checkerframework_checker-qual-3.31.0.jar with timestamp 1745741589750
[2025-04-27T08:13:10.463+0000] {spark_submit.py:490} INFO - 25/04/27 08:13:10 INFO Utils: Copying /home/airflow/.ivy2/jars/org.checkerframework_checker-qual-3.31.0.jar to /tmp/spark-4e5031d5-540f-4f11-a59d-056e20044f0e/userFiles-a144a43a-f587-46d1-a7c1-251121e09a58/org.checkerframework_checker-qual-3.31.0.jar
[2025-04-27T08:13:10.466+0000] {spark_submit.py:490} INFO - 25/04/27 08:13:10 INFO SparkContext: Added file file:///home/airflow/.ivy2/jars/com.clickhouse_clickhouse-http-client-0.3.2.jar at spark://c82426b22b9f:42701/files/com.clickhouse_clickhouse-http-client-0.3.2.jar with timestamp 1745741589750
[2025-04-27T08:13:10.466+0000] {spark_submit.py:490} INFO - 25/04/27 08:13:10 INFO Utils: Copying /home/airflow/.ivy2/jars/com.clickhouse_clickhouse-http-client-0.3.2.jar to /tmp/spark-4e5031d5-540f-4f11-a59d-056e20044f0e/userFiles-a144a43a-f587-46d1-a7c1-251121e09a58/com.clickhouse_clickhouse-http-client-0.3.2.jar
[2025-04-27T08:13:10.469+0000] {spark_submit.py:490} INFO - 25/04/27 08:13:10 INFO SparkContext: Added file file:///home/airflow/.ivy2/jars/com.google.code.gson_gson-2.8.8.jar at spark://c82426b22b9f:42701/files/com.google.code.gson_gson-2.8.8.jar with timestamp 1745741589750
[2025-04-27T08:13:10.469+0000] {spark_submit.py:490} INFO - 25/04/27 08:13:10 INFO Utils: Copying /home/airflow/.ivy2/jars/com.google.code.gson_gson-2.8.8.jar to /tmp/spark-4e5031d5-540f-4f11-a59d-056e20044f0e/userFiles-a144a43a-f587-46d1-a7c1-251121e09a58/com.google.code.gson_gson-2.8.8.jar
[2025-04-27T08:13:10.472+0000] {spark_submit.py:490} INFO - 25/04/27 08:13:10 INFO SparkContext: Added file file:///home/airflow/.ivy2/jars/org.apache.httpcomponents_httpclient-4.5.13.jar at spark://c82426b22b9f:42701/files/org.apache.httpcomponents_httpclient-4.5.13.jar with timestamp 1745741589750
[2025-04-27T08:13:10.472+0000] {spark_submit.py:490} INFO - 25/04/27 08:13:10 INFO Utils: Copying /home/airflow/.ivy2/jars/org.apache.httpcomponents_httpclient-4.5.13.jar to /tmp/spark-4e5031d5-540f-4f11-a59d-056e20044f0e/userFiles-a144a43a-f587-46d1-a7c1-251121e09a58/org.apache.httpcomponents_httpclient-4.5.13.jar
[2025-04-27T08:13:10.475+0000] {spark_submit.py:490} INFO - 25/04/27 08:13:10 INFO SparkContext: Added file file:///home/airflow/.ivy2/jars/org.apache.httpcomponents_httpmime-4.5.13.jar at spark://c82426b22b9f:42701/files/org.apache.httpcomponents_httpmime-4.5.13.jar with timestamp 1745741589750
[2025-04-27T08:13:10.475+0000] {spark_submit.py:490} INFO - 25/04/27 08:13:10 INFO Utils: Copying /home/airflow/.ivy2/jars/org.apache.httpcomponents_httpmime-4.5.13.jar to /tmp/spark-4e5031d5-540f-4f11-a59d-056e20044f0e/userFiles-a144a43a-f587-46d1-a7c1-251121e09a58/org.apache.httpcomponents_httpmime-4.5.13.jar
[2025-04-27T08:13:10.478+0000] {spark_submit.py:490} INFO - 25/04/27 08:13:10 INFO SparkContext: Added file file:///home/airflow/.ivy2/jars/org.lz4_lz4-java-1.8.0.jar at spark://c82426b22b9f:42701/files/org.lz4_lz4-java-1.8.0.jar with timestamp 1745741589750
[2025-04-27T08:13:10.478+0000] {spark_submit.py:490} INFO - 25/04/27 08:13:10 INFO Utils: Copying /home/airflow/.ivy2/jars/org.lz4_lz4-java-1.8.0.jar to /tmp/spark-4e5031d5-540f-4f11-a59d-056e20044f0e/userFiles-a144a43a-f587-46d1-a7c1-251121e09a58/org.lz4_lz4-java-1.8.0.jar
[2025-04-27T08:13:10.481+0000] {spark_submit.py:490} INFO - 25/04/27 08:13:10 INFO SparkContext: Added file file:///home/airflow/.ivy2/jars/com.clickhouse_clickhouse-client-0.3.2.jar at spark://c82426b22b9f:42701/files/com.clickhouse_clickhouse-client-0.3.2.jar with timestamp 1745741589750
[2025-04-27T08:13:10.482+0000] {spark_submit.py:490} INFO - 25/04/27 08:13:10 INFO Utils: Copying /home/airflow/.ivy2/jars/com.clickhouse_clickhouse-client-0.3.2.jar to /tmp/spark-4e5031d5-540f-4f11-a59d-056e20044f0e/userFiles-a144a43a-f587-46d1-a7c1-251121e09a58/com.clickhouse_clickhouse-client-0.3.2.jar
[2025-04-27T08:13:10.485+0000] {spark_submit.py:490} INFO - 25/04/27 08:13:10 INFO SparkContext: Added file file:///home/airflow/.ivy2/jars/org.apache.httpcomponents_httpcore-4.4.13.jar at spark://c82426b22b9f:42701/files/org.apache.httpcomponents_httpcore-4.4.13.jar with timestamp 1745741589750
[2025-04-27T08:13:10.485+0000] {spark_submit.py:490} INFO - 25/04/27 08:13:10 INFO Utils: Copying /home/airflow/.ivy2/jars/org.apache.httpcomponents_httpcore-4.4.13.jar to /tmp/spark-4e5031d5-540f-4f11-a59d-056e20044f0e/userFiles-a144a43a-f587-46d1-a7c1-251121e09a58/org.apache.httpcomponents_httpcore-4.4.13.jar
[2025-04-27T08:13:10.489+0000] {spark_submit.py:490} INFO - 25/04/27 08:13:10 INFO SparkContext: Added file file:///home/airflow/.ivy2/jars/commons-logging_commons-logging-1.2.jar at spark://c82426b22b9f:42701/files/commons-logging_commons-logging-1.2.jar with timestamp 1745741589750
[2025-04-27T08:13:10.489+0000] {spark_submit.py:490} INFO - 25/04/27 08:13:10 INFO Utils: Copying /home/airflow/.ivy2/jars/commons-logging_commons-logging-1.2.jar to /tmp/spark-4e5031d5-540f-4f11-a59d-056e20044f0e/userFiles-a144a43a-f587-46d1-a7c1-251121e09a58/commons-logging_commons-logging-1.2.jar
[2025-04-27T08:13:10.492+0000] {spark_submit.py:490} INFO - 25/04/27 08:13:10 INFO SparkContext: Added file file:///home/airflow/.ivy2/jars/commons-codec_commons-codec-1.11.jar at spark://c82426b22b9f:42701/files/commons-codec_commons-codec-1.11.jar with timestamp 1745741589750
[2025-04-27T08:13:10.493+0000] {spark_submit.py:490} INFO - 25/04/27 08:13:10 INFO Utils: Copying /home/airflow/.ivy2/jars/commons-codec_commons-codec-1.11.jar to /tmp/spark-4e5031d5-540f-4f11-a59d-056e20044f0e/userFiles-a144a43a-f587-46d1-a7c1-251121e09a58/commons-codec_commons-codec-1.11.jar
[2025-04-27T08:13:10.556+0000] {spark_submit.py:490} INFO - 25/04/27 08:13:10 INFO StandaloneAppClient$ClientEndpoint: Connecting to master spark://spark-master:7077...
[2025-04-27T08:13:10.597+0000] {spark_submit.py:490} INFO - 25/04/27 08:13:10 INFO TransportClientFactory: Successfully created connection to spark-master/172.18.0.2:7077 after 26 ms (0 ms spent in bootstraps)
[2025-04-27T08:13:10.666+0000] {spark_submit.py:490} INFO - 25/04/27 08:13:10 INFO StandaloneSchedulerBackend: Connected to Spark cluster with app ID app-20250427081310-0006
[2025-04-27T08:13:10.670+0000] {spark_submit.py:490} INFO - 25/04/27 08:13:10 INFO Utils: Successfully started service 'org.apache.spark.network.netty.NettyBlockTransferService' on port 35907.
[2025-04-27T08:13:10.670+0000] {spark_submit.py:490} INFO - 25/04/27 08:13:10 INFO NettyBlockTransferService: Server created on c82426b22b9f:35907
[2025-04-27T08:13:10.672+0000] {spark_submit.py:490} INFO - 25/04/27 08:13:10 INFO BlockManager: Using org.apache.spark.storage.RandomBlockReplicationPolicy for block replication policy
[2025-04-27T08:13:10.676+0000] {spark_submit.py:490} INFO - 25/04/27 08:13:10 INFO BlockManagerMaster: Registering BlockManager BlockManagerId(driver, c82426b22b9f, 35907, None)
[2025-04-27T08:13:10.679+0000] {spark_submit.py:490} INFO - 25/04/27 08:13:10 INFO BlockManagerMasterEndpoint: Registering block manager c82426b22b9f:35907 with 434.4 MiB RAM, BlockManagerId(driver, c82426b22b9f, 35907, None)
[2025-04-27T08:13:10.681+0000] {spark_submit.py:490} INFO - 25/04/27 08:13:10 INFO BlockManagerMaster: Registered BlockManager BlockManagerId(driver, c82426b22b9f, 35907, None)
[2025-04-27T08:13:10.682+0000] {spark_submit.py:490} INFO - 25/04/27 08:13:10 INFO BlockManager: Initialized BlockManager: BlockManagerId(driver, c82426b22b9f, 35907, None)
[2025-04-27T08:13:10.805+0000] {spark_submit.py:490} INFO - 25/04/27 08:13:10 INFO StandaloneSchedulerBackend: SchedulerBackend is ready for scheduling beginning after reached minRegisteredResourcesRatio: 0.0
[2025-04-27T08:13:10.937+0000] {spark_submit.py:490} INFO - 25/04/27 08:13:10 INFO SharedState: Setting hive.metastore.warehouse.dir ('null') to the value of spark.sql.warehouse.dir.
[2025-04-27T08:13:10.938+0000] {spark_submit.py:490} INFO - 25/04/27 08:13:10 INFO SharedState: Warehouse path is 'file:/opt/airflow/spark-warehouse'.
[2025-04-27T08:13:13.253+0000] {spark_submit.py:490} INFO - Traceback (most recent call last):
[2025-04-27T08:13:13.254+0000] {spark_submit.py:490} INFO - File "/opt/airflow/spark/detect_suspicious.py", line 76, in <module>
[2025-04-27T08:13:13.254+0000] {spark_submit.py:490} INFO - susp = large.unionByName(freq) \
[2025-04-27T08:13:13.254+0000] {spark_submit.py:490} INFO - File "/opt/spark/python/lib/pyspark.zip/pyspark/sql/dataframe.py", line 2314, in unionByName
[2025-04-27T08:13:13.254+0000] {spark_submit.py:490} INFO - File "/opt/spark/python/lib/py4j-0.10.9.5-src.zip/py4j/java_gateway.py", line 1322, in __call__
[2025-04-27T08:13:13.254+0000] {spark_submit.py:490} INFO - File "/opt/spark/python/lib/pyspark.zip/pyspark/sql/utils.py", line 196, in deco
[2025-04-27T08:13:13.257+0000] {spark_submit.py:490} INFO - pyspark.sql.utils.AnalysisException: Union can only be performed on tables with the same number of columns, but the first table has 11 columns and the second table has 12 columns;
[2025-04-27T08:13:13.258+0000] {spark_submit.py:490} INFO - 'Union false, false
[2025-04-27T08:13:13.258+0000] {spark_submit.py:490} INFO - :- Project [transaction_id#0, client_id#1, datetime#2, amount#3, currency#4, merchant#5, transaction_type#6, ip_network#7, ts#16L, large_tx AS rule_triggered#26, 70 AS risk_score#37]
[2025-04-27T08:13:13.258+0000] {spark_submit.py:490} INFO - :  +- Filter (amount#3 > cast(600000 as double))
[2025-04-27T08:13:13.258+0000] {spark_submit.py:490} INFO - :     +- Project [transaction_id#0, client_id#1, datetime#2, amount#3, currency#4, merchant#5, transaction_type#6, ip_network#7, cast(datetime#2 as bigint) AS ts#16L]
[2025-04-27T08:13:13.258+0000] {spark_submit.py:490} INFO - :        +- Relation [transaction_id#0,client_id#1,datetime#2,amount#3,currency#4,merchant#5,transaction_type#6,ip_network#7] JDBCRelation(raw.masked_transactions) [numPartitions=1]
[2025-04-27T08:13:13.258+0000] {spark_submit.py:490} INFO - +- Project [transaction_id#86 AS transaction_id#94, client_id#87 AS client_id#95, datetime#88 AS datetime#96, amount#89 AS amount#97, currency#90 AS currency#98, merchant#91 AS merchant#99, transaction_type#92 AS transaction_type#100, ip_network#93 AS ip_network#101, ts#16L AS ts#102L, rule_triggered#61 AS rule_triggered#103, risk_score#73 AS risk_score#104, cnt#50L AS cnt#105L]
[2025-04-27T08:13:13.258+0000] {spark_submit.py:490} INFO - +- Project [transaction_id#86, client_id#87, datetime#88, amount#89, currency#90, merchant#91, transaction_type#92, ip_network#93, ts#16L, freq_tx AS rule_triggered#61, 50 AS risk_score#73, cnt#50L]
[2025-04-27T08:13:13.258+0000] {spark_submit.py:490} INFO - +- Filter (cnt#50L > cast(10 as bigint))
[2025-04-27T08:13:13.258+0000] {spark_submit.py:490} INFO - +- Project [transaction_id#86, client_id#87, datetime#88, amount#89, currency#90, merchant#91, transaction_type#92, ip_network#93, ts#16L, cnt#50L]
[2025-04-27T08:13:13.258+0000] {spark_submit.py:490} INFO - +- Project [transaction_id#86, client_id#87, datetime#88, amount#89, currency#90, merchant#91, transaction_type#92, ip_network#93, ts#16L, cnt#50L, cnt#50L]
[2025-04-27T08:13:13.258+0000] {spark_submit.py:490} INFO - +- Window [count(transaction_id#86) windowspecdefinition(client_id#87, ts#16L ASC NULLS FIRST, specifiedwindowframe(RangeFrame, -86400, currentrow$())) AS cnt#50L], [client_id#87], [ts#16L ASC NULLS FIRST]
[2025-04-27T08:13:13.258+0000] {spark_submit.py:490} INFO - +- Project [transaction_id#86, client_id#87, datetime#88, amount#89, currency#90, merchant#91, transaction_type#92, ip_network#93, ts#16L]
[2025-04-27T08:13:13.258+0000] {spark_submit.py:490} INFO - +- Project [transaction_id#86, client_id#87, datetime#88, amount#89, currency#90, merchant#91, transaction_type#92, ip_network#93, cast(datetime#88 as bigint) AS ts#16L]
[2025-04-27T08:13:13.258+0000] {spark_submit.py:490} INFO - +- Relation [transaction_id#86,client_id#87,datetime#88,amount#89,currency#90,merchant#91,transaction_type#92,ip_network#93] JDBCRelation(raw.masked_transactions) [numPartitions=1]
[2025-04-27T08:13:13.258+0000] {spark_submit.py:490} INFO - 
[2025-04-27T08:13:13.292+0000] {spark_submit.py:490} INFO - 25/04/27 08:13:13 INFO SparkContext: Invoking stop() from shutdown hook
[2025-04-27T08:13:13.299+0000] {spark_submit.py:490} INFO - 25/04/27 08:13:13 INFO SparkUI: Stopped Spark web UI at http://c82426b22b9f:4040
[2025-04-27T08:13:13.301+0000] {spark_submit.py:490} INFO - 25/04/27 08:13:13 INFO StandaloneSchedulerBackend: Shutting down all executors
[2025-04-27T08:13:13.305+0000] {spark_submit.py:490} INFO - 25/04/27 08:13:13 INFO CoarseGrainedSchedulerBackend$DriverEndpoint: Asking each executor to shut down
[2025-04-27T08:13:13.317+0000] {spark_submit.py:490} INFO - 25/04/27 08:13:13 INFO MapOutputTrackerMasterEndpoint: MapOutputTrackerMasterEndpoint stopped!
[2025-04-27T08:13:13.333+0000] {spark_submit.py:490} INFO - 25/04/27 08:13:13 INFO MemoryStore: MemoryStore cleared
[2025-04-27T08:13:13.333+0000] {spark_submit.py:490} INFO - 25/04/27 08:13:13 INFO BlockManager: BlockManager stopped
[2025-04-27T08:13:13.340+0000] {spark_submit.py:490} INFO - 25/04/27 08:13:13 INFO BlockManagerMaster: BlockManagerMaster stopped
[2025-04-27T08:13:13.343+0000] {spark_submit.py:490} INFO - 25/04/27 08:13:13 INFO OutputCommitCoordinator$OutputCommitCoordinatorEndpoint: OutputCommitCoordinator stopped!
[2025-04-27T08:13:13.348+0000] {spark_submit.py:490} INFO - 25/04/27 08:13:13 INFO SparkContext: Successfully stopped SparkContext
[2025-04-27T08:13:13.348+0000] {spark_submit.py:490} INFO - 25/04/27 08:13:13 INFO ShutdownHookManager: Shutdown hook called
[2025-04-27T08:13:13.348+0000] {spark_submit.py:490} INFO - 25/04/27 08:13:13 INFO ShutdownHookManager: Deleting directory /tmp/spark-4e5031d5-540f-4f11-a59d-056e20044f0e/pyspark-84d8ce0e-f9b1-4b9a-8def-64d5291a984b
[2025-04-27T08:13:13.350+0000] {spark_submit.py:490} INFO - 25/04/27 08:13:13 INFO ShutdownHookManager: Deleting directory /tmp/spark-4e5031d5-540f-4f11-a59d-056e20044f0e
[2025-04-27T08:13:13.352+0000] {spark_submit.py:490} INFO - 25/04/27 08:13:13 INFO ShutdownHookManager: Deleting directory /tmp/spark-201c2d8f-9b63-4619-9435-35f8c836f641
[2025-04-27T08:13:13.396+0000] {taskinstance.py:1824} ERROR - Task failed with exception
Traceback (most recent call last):
  File "/home/airflow/.local/lib/python3.7/site-packages/airflow/providers/apache/spark/operators/spark_submit.py", line 157, in execute
    self._hook.submit(self._application)
  File "/home/airflow/.local/lib/python3.7/site-packages/airflow/providers/apache/spark/hooks/spark_submit.py", line 422, in submit
    f"Cannot execute: {self._mask_cmd(spark_submit_cmd)}. Error code is: {returncode}."
airflow.exceptions.AirflowException: Cannot execute: spark-submit --master spark://spark-master:7077 --packages org.postgresql:postgresql:42.6.0,ru.yandex.clickhouse:clickhouse-jdbc:0.3.2 --executor-cores 2 --executor-memory 2g --driver-memory 1g --name arrow-spark /opt/airflow/spark/detect_suspicious.py --jdbc jdbc:postgresql://postgres:5432/finbest --clickhouse-url jdbc:clickhouse://clickhouse:8123/finbest. Error code is: 1.
[2025-04-27T08:13:13.399+0000] {taskinstance.py:1350} INFO - Marking task as UP_FOR_RETRY. dag_id=transform, task_id=detect_suspicious, execution_date=20250427T081249, start_date=20250427T081306, end_date=20250427T081313
[2025-04-27T08:13:13.406+0000] {standard_task_runner.py:109} ERROR - Failed to execute job 19 for task detect_suspicious (Cannot execute: spark-submit --master spark://spark-master:7077 --packages org.postgresql:postgresql:42.6.0,ru.yandex.clickhouse:clickhouse-jdbc:0.3.2 --executor-cores 2 --executor-memory 2g --driver-memory 1g --name arrow-spark /opt/airflow/spark/detect_suspicious.py --jdbc jdbc:postgresql://postgres:5432/finbest --clickhouse-url jdbc:clickhouse://clickhouse:8123/finbest. Error code is: 1.; 7344)
[2025-04-27T08:13:13.418+0000] {local_task_job_runner.py:225} INFO - Task exited with return code 1
[2025-04-27T08:13:13.495+0000] {taskinstance.py:2653} INFO - 0 downstream tasks scheduled from follow-on schedule check
