[2025-04-27T12:37:51.314+0000] {taskinstance.py:1103} INFO - Dependencies all met for dep_context=non-requeueable deps ti=<TaskInstance: transform.detect_suspicious manual__2025-04-27T12:37:41.823180+00:00 [queued]>
[2025-04-27T12:37:51.320+0000] {taskinstance.py:1103} INFO - Dependencies all met for dep_context=requeueable deps ti=<TaskInstance: transform.detect_suspicious manual__2025-04-27T12:37:41.823180+00:00 [queued]>
[2025-04-27T12:37:51.320+0000] {taskinstance.py:1308} INFO - Starting attempt 1 of 2
[2025-04-27T12:37:51.331+0000] {taskinstance.py:1327} INFO - Executing <Task(SparkSubmitOperator): detect_suspicious> on 2025-04-27 12:37:41.823180+00:00
[2025-04-27T12:37:51.334+0000] {standard_task_runner.py:57} INFO - Started process 981 to run task
[2025-04-27T12:37:51.336+0000] {standard_task_runner.py:84} INFO - Running: ['airflow', 'tasks', 'run', 'transform', 'detect_suspicious', 'manual__2025-04-27T12:37:41.823180+00:00', '--job-id', '85', '--raw', '--subdir', 'DAGS_FOLDER/transform.py', '--cfg-path', '/tmp/tmpyt9_xdsu']
[2025-04-27T12:37:51.337+0000] {standard_task_runner.py:85} INFO - Job 85: Subtask detect_suspicious
[2025-04-27T12:37:51.376+0000] {task_command.py:410} INFO - Running <TaskInstance: transform.detect_suspicious manual__2025-04-27T12:37:41.823180+00:00 [running]> on host 6780dda4d52a
[2025-04-27T12:37:51.530+0000] {taskinstance.py:1547} INFO - Exporting env vars: AIRFLOW_CTX_DAG_OWNER='finbest' AIRFLOW_CTX_DAG_ID='transform' AIRFLOW_CTX_TASK_ID='detect_suspicious' AIRFLOW_CTX_EXECUTION_DATE='2025-04-27T12:37:41.823180+00:00' AIRFLOW_CTX_TRY_NUMBER='1' AIRFLOW_CTX_DAG_RUN_ID='manual__2025-04-27T12:37:41.823180+00:00'
[2025-04-27T12:37:51.537+0000] {base.py:73} INFO - Using connection ID 'spark_default' for task execution.
[2025-04-27T12:37:51.538+0000] {spark_submit.py:339} INFO - Spark-Submit cmd: spark-submit --master spark://spark-master:7077 --packages org.postgresql:postgresql:42.6.0, --executor-cores 1 --executor-memory 1g --driver-memory 1g --name arrow-spark /opt/airflow/spark/detect_suspicious.py --jdbc jdbc:postgresql://postgres:5432/finbest
[2025-04-27T12:37:53.210+0000] {spark_submit.py:490} INFO - :: loading settings :: url = jar:file:/opt/spark/jars/ivy-2.5.0.jar!/org/apache/ivy/core/settings/ivysettings.xml
[2025-04-27T12:37:53.301+0000] {spark_submit.py:490} INFO - Ivy Default Cache set to: /home/airflow/.ivy2/cache
[2025-04-27T12:37:53.302+0000] {spark_submit.py:490} INFO - The jars for the packages stored in: /home/airflow/.ivy2/jars
[2025-04-27T12:37:53.307+0000] {spark_submit.py:490} INFO - org.postgresql#postgresql added as a dependency
[2025-04-27T12:37:53.308+0000] {spark_submit.py:490} INFO - :: resolving dependencies :: org.apache.spark#spark-submit-parent-f993f81c-a987-41e3-a179-ac8b12f0c4c2;1.0
[2025-04-27T12:37:53.308+0000] {spark_submit.py:490} INFO - confs: [default]
[2025-04-27T12:37:53.390+0000] {spark_submit.py:490} INFO - found org.postgresql#postgresql;42.6.0 in central
[2025-04-27T12:37:53.409+0000] {spark_submit.py:490} INFO - found org.checkerframework#checker-qual;3.31.0 in central
[2025-04-27T12:37:53.423+0000] {spark_submit.py:490} INFO - :: resolution report :: resolve 111ms :: artifacts dl 4ms
[2025-04-27T12:37:53.424+0000] {spark_submit.py:490} INFO - :: modules in use:
[2025-04-27T12:37:53.425+0000] {spark_submit.py:490} INFO - org.checkerframework#checker-qual;3.31.0 from central in [default]
[2025-04-27T12:37:53.425+0000] {spark_submit.py:490} INFO - org.postgresql#postgresql;42.6.0 from central in [default]
[2025-04-27T12:37:53.425+0000] {spark_submit.py:490} INFO - ---------------------------------------------------------------------
[2025-04-27T12:37:53.425+0000] {spark_submit.py:490} INFO - |                  |            modules            ||   artifacts   |
[2025-04-27T12:37:53.425+0000] {spark_submit.py:490} INFO - |       conf       | number| search|dwnlded|evicted|| number|dwnlded|
[2025-04-27T12:37:53.425+0000] {spark_submit.py:490} INFO - ---------------------------------------------------------------------
[2025-04-27T12:37:53.425+0000] {spark_submit.py:490} INFO - |      default     |   2   |   0   |   0   |   0   ||   2   |   0   |
[2025-04-27T12:37:53.425+0000] {spark_submit.py:490} INFO - ---------------------------------------------------------------------
[2025-04-27T12:37:53.428+0000] {spark_submit.py:490} INFO - :: retrieving :: org.apache.spark#spark-submit-parent-f993f81c-a987-41e3-a179-ac8b12f0c4c2
[2025-04-27T12:37:53.428+0000] {spark_submit.py:490} INFO - confs: [default]
[2025-04-27T12:37:53.432+0000] {spark_submit.py:490} INFO - 0 artifacts copied, 2 already retrieved (0kB/4ms)
[2025-04-27T12:37:53.620+0000] {spark_submit.py:490} INFO - 25/04/27 12:37:53 WARN NativeCodeLoader: Unable to load native-hadoop library for your platform... using builtin-java classes where applicable
[2025-04-27T12:37:54.420+0000] {spark_submit.py:490} INFO - 25/04/27 12:37:54 INFO SparkContext: Running Spark version 3.3.0
[2025-04-27T12:37:54.445+0000] {spark_submit.py:490} INFO - 25/04/27 12:37:54 INFO ResourceUtils: ==============================================================
[2025-04-27T12:37:54.446+0000] {spark_submit.py:490} INFO - 25/04/27 12:37:54 INFO ResourceUtils: No custom resources configured for spark.driver.
[2025-04-27T12:37:54.446+0000] {spark_submit.py:490} INFO - 25/04/27 12:37:54 INFO ResourceUtils: ==============================================================
[2025-04-27T12:37:54.446+0000] {spark_submit.py:490} INFO - 25/04/27 12:37:54 INFO SparkContext: Submitted application: FinBestDetect
[2025-04-27T12:37:54.472+0000] {spark_submit.py:490} INFO - 25/04/27 12:37:54 INFO ResourceProfile: Default ResourceProfile created, executor resources: Map(cores -> name: cores, amount: 1, script: , vendor: , memory -> name: memory, amount: 1024, script: , vendor: , offHeap -> name: offHeap, amount: 0, script: , vendor: ), task resources: Map(cpus -> name: cpus, amount: 1.0)
[2025-04-27T12:37:54.488+0000] {spark_submit.py:490} INFO - 25/04/27 12:37:54 INFO ResourceProfile: Limiting resource is cpus at 1 tasks per executor
[2025-04-27T12:37:54.490+0000] {spark_submit.py:490} INFO - 25/04/27 12:37:54 INFO ResourceProfileManager: Added ResourceProfile id: 0
[2025-04-27T12:37:54.551+0000] {spark_submit.py:490} INFO - 25/04/27 12:37:54 INFO SecurityManager: Changing view acls to: airflow
[2025-04-27T12:37:54.551+0000] {spark_submit.py:490} INFO - 25/04/27 12:37:54 INFO SecurityManager: Changing modify acls to: airflow
[2025-04-27T12:37:54.551+0000] {spark_submit.py:490} INFO - 25/04/27 12:37:54 INFO SecurityManager: Changing view acls groups to:
[2025-04-27T12:37:54.551+0000] {spark_submit.py:490} INFO - 25/04/27 12:37:54 INFO SecurityManager: Changing modify acls groups to:
[2025-04-27T12:37:54.551+0000] {spark_submit.py:490} INFO - 25/04/27 12:37:54 INFO SecurityManager: SecurityManager: authentication disabled; ui acls disabled; users  with view permissions: Set(airflow); groups with view permissions: Set(); users  with modify permissions: Set(airflow); groups with modify permissions: Set()
[2025-04-27T12:37:54.803+0000] {spark_submit.py:490} INFO - 25/04/27 12:37:54 INFO Utils: Successfully started service 'sparkDriver' on port 37903.
[2025-04-27T12:37:54.830+0000] {spark_submit.py:490} INFO - 25/04/27 12:37:54 INFO SparkEnv: Registering MapOutputTracker
[2025-04-27T12:37:54.865+0000] {spark_submit.py:490} INFO - 25/04/27 12:37:54 INFO SparkEnv: Registering BlockManagerMaster
[2025-04-27T12:37:54.881+0000] {spark_submit.py:490} INFO - 25/04/27 12:37:54 INFO BlockManagerMasterEndpoint: Using org.apache.spark.storage.DefaultTopologyMapper for getting topology information
[2025-04-27T12:37:54.881+0000] {spark_submit.py:490} INFO - 25/04/27 12:37:54 INFO BlockManagerMasterEndpoint: BlockManagerMasterEndpoint up
[2025-04-27T12:37:54.885+0000] {spark_submit.py:490} INFO - 25/04/27 12:37:54 INFO SparkEnv: Registering BlockManagerMasterHeartbeat
[2025-04-27T12:37:54.905+0000] {spark_submit.py:490} INFO - 25/04/27 12:37:54 INFO DiskBlockManager: Created local directory at /tmp/blockmgr-39e7119d-4363-48ce-85d9-53e870cb10aa
[2025-04-27T12:37:54.918+0000] {spark_submit.py:490} INFO - 25/04/27 12:37:54 INFO MemoryStore: MemoryStore started with capacity 434.4 MiB
[2025-04-27T12:37:54.931+0000] {spark_submit.py:490} INFO - 25/04/27 12:37:54 INFO SparkEnv: Registering OutputCommitCoordinator
[2025-04-27T12:37:55.096+0000] {spark_submit.py:490} INFO - 25/04/27 12:37:55 INFO Utils: Successfully started service 'SparkUI' on port 4040.
[2025-04-27T12:37:55.124+0000] {spark_submit.py:490} INFO - 25/04/27 12:37:55 INFO SparkContext: Added JAR file:///home/airflow/.ivy2/jars/org.postgresql_postgresql-42.6.0.jar at spark://6780dda4d52a:37903/jars/org.postgresql_postgresql-42.6.0.jar with timestamp 1745757474412
[2025-04-27T12:37:55.125+0000] {spark_submit.py:490} INFO - 25/04/27 12:37:55 INFO SparkContext: Added JAR file:///home/airflow/.ivy2/jars/org.checkerframework_checker-qual-3.31.0.jar at spark://6780dda4d52a:37903/jars/org.checkerframework_checker-qual-3.31.0.jar with timestamp 1745757474412
[2025-04-27T12:37:55.127+0000] {spark_submit.py:490} INFO - 25/04/27 12:37:55 INFO SparkContext: Added file file:///home/airflow/.ivy2/jars/org.postgresql_postgresql-42.6.0.jar at spark://6780dda4d52a:37903/files/org.postgresql_postgresql-42.6.0.jar with timestamp 1745757474412
[2025-04-27T12:37:55.128+0000] {spark_submit.py:490} INFO - 25/04/27 12:37:55 INFO Utils: Copying /home/airflow/.ivy2/jars/org.postgresql_postgresql-42.6.0.jar to /tmp/spark-706ee94f-2a31-45ca-992c-cb8ae0f75a1b/userFiles-46b4edc3-3ea1-41e4-b167-c0a6e790292d/org.postgresql_postgresql-42.6.0.jar
[2025-04-27T12:37:55.136+0000] {spark_submit.py:490} INFO - 25/04/27 12:37:55 INFO SparkContext: Added file file:///home/airflow/.ivy2/jars/org.checkerframework_checker-qual-3.31.0.jar at spark://6780dda4d52a:37903/files/org.checkerframework_checker-qual-3.31.0.jar with timestamp 1745757474412
[2025-04-27T12:37:55.136+0000] {spark_submit.py:490} INFO - 25/04/27 12:37:55 INFO Utils: Copying /home/airflow/.ivy2/jars/org.checkerframework_checker-qual-3.31.0.jar to /tmp/spark-706ee94f-2a31-45ca-992c-cb8ae0f75a1b/userFiles-46b4edc3-3ea1-41e4-b167-c0a6e790292d/org.checkerframework_checker-qual-3.31.0.jar
[2025-04-27T12:37:55.220+0000] {spark_submit.py:490} INFO - 25/04/27 12:37:55 INFO StandaloneAppClient$ClientEndpoint: Connecting to master spark://spark-master:7077...
[2025-04-27T12:37:55.257+0000] {spark_submit.py:490} INFO - 25/04/27 12:37:55 INFO TransportClientFactory: Successfully created connection to spark-master/172.18.0.2:7077 after 21 ms (0 ms spent in bootstraps)
[2025-04-27T12:37:55.325+0000] {spark_submit.py:490} INFO - 25/04/27 12:37:55 INFO StandaloneSchedulerBackend: Connected to Spark cluster with app ID app-20250427123755-0007
[2025-04-27T12:37:55.326+0000] {spark_submit.py:490} INFO - 25/04/27 12:37:55 INFO StandaloneAppClient$ClientEndpoint: Executor added: app-20250427123755-0007/0 on worker-20250427114819-172.18.0.5-35411 (172.18.0.5:35411) with 1 core(s)
[2025-04-27T12:37:55.328+0000] {spark_submit.py:490} INFO - 25/04/27 12:37:55 INFO StandaloneSchedulerBackend: Granted executor ID app-20250427123755-0007/0 on hostPort 172.18.0.5:35411 with 1 core(s), 1024.0 MiB RAM
[2025-04-27T12:37:55.331+0000] {spark_submit.py:490} INFO - 25/04/27 12:37:55 INFO Utils: Successfully started service 'org.apache.spark.network.netty.NettyBlockTransferService' on port 38991.
[2025-04-27T12:37:55.332+0000] {spark_submit.py:490} INFO - 25/04/27 12:37:55 INFO NettyBlockTransferService: Server created on 6780dda4d52a:38991
[2025-04-27T12:37:55.333+0000] {spark_submit.py:490} INFO - 25/04/27 12:37:55 INFO BlockManager: Using org.apache.spark.storage.RandomBlockReplicationPolicy for block replication policy
[2025-04-27T12:37:55.339+0000] {spark_submit.py:490} INFO - 25/04/27 12:37:55 INFO BlockManagerMaster: Registering BlockManager BlockManagerId(driver, 6780dda4d52a, 38991, None)
[2025-04-27T12:37:55.342+0000] {spark_submit.py:490} INFO - 25/04/27 12:37:55 INFO BlockManagerMasterEndpoint: Registering block manager 6780dda4d52a:38991 with 434.4 MiB RAM, BlockManagerId(driver, 6780dda4d52a, 38991, None)
[2025-04-27T12:37:55.345+0000] {spark_submit.py:490} INFO - 25/04/27 12:37:55 INFO BlockManagerMaster: Registered BlockManager BlockManagerId(driver, 6780dda4d52a, 38991, None)
[2025-04-27T12:37:55.347+0000] {spark_submit.py:490} INFO - 25/04/27 12:37:55 INFO BlockManager: Initialized BlockManager: BlockManagerId(driver, 6780dda4d52a, 38991, None)
[2025-04-27T12:37:55.363+0000] {spark_submit.py:490} INFO - 25/04/27 12:37:55 INFO StandaloneAppClient$ClientEndpoint: Executor updated: app-20250427123755-0007/0 is now RUNNING
[2025-04-27T12:37:55.516+0000] {spark_submit.py:490} INFO - 25/04/27 12:37:55 INFO StandaloneSchedulerBackend: SchedulerBackend is ready for scheduling beginning after reached minRegisteredResourcesRatio: 0.0
[2025-04-27T12:37:55.686+0000] {spark_submit.py:490} INFO - INFO:__main__:SparkSession создан
[2025-04-27T12:37:55.693+0000] {spark_submit.py:490} INFO - 25/04/27 12:37:55 INFO SharedState: Setting hive.metastore.warehouse.dir ('null') to the value of spark.sql.warehouse.dir.
[2025-04-27T12:37:55.696+0000] {spark_submit.py:490} INFO - 25/04/27 12:37:55 INFO SharedState: Warehouse path is 'file:/opt/airflow/spark-warehouse'.
[2025-04-27T12:37:58.019+0000] {spark_submit.py:490} INFO - 25/04/27 12:37:58 INFO CoarseGrainedSchedulerBackend$DriverEndpoint: Registered executor NettyRpcEndpointRef(spark-client://Executor) (172.18.0.5:57832) with ID 0,  ResourceProfileId 0
[2025-04-27T12:37:58.096+0000] {spark_submit.py:490} INFO - 25/04/27 12:37:58 INFO BlockManagerMasterEndpoint: Registering block manager 172.18.0.5:34365 with 366.3 MiB RAM, BlockManagerId(0, 172.18.0.5, 34365, None)
[2025-04-27T12:37:58.881+0000] {spark_submit.py:490} INFO - 25/04/27 12:37:58 INFO CodeGenerator: Code generated in 80.799165 ms
[2025-04-27T12:37:58.932+0000] {spark_submit.py:490} INFO - 25/04/27 12:37:58 INFO DAGScheduler: Registering RDD 2 (count at NativeMethodAccessorImpl.java:0) as input to shuffle 0
[2025-04-27T12:37:58.935+0000] {spark_submit.py:490} INFO - 25/04/27 12:37:58 INFO DAGScheduler: Got map stage job 0 (count at NativeMethodAccessorImpl.java:0) with 1 output partitions
[2025-04-27T12:37:58.936+0000] {spark_submit.py:490} INFO - 25/04/27 12:37:58 INFO DAGScheduler: Final stage: ShuffleMapStage 0 (count at NativeMethodAccessorImpl.java:0)
[2025-04-27T12:37:58.936+0000] {spark_submit.py:490} INFO - 25/04/27 12:37:58 INFO DAGScheduler: Parents of final stage: List()
[2025-04-27T12:37:58.936+0000] {spark_submit.py:490} INFO - 25/04/27 12:37:58 INFO DAGScheduler: Missing parents: List()
[2025-04-27T12:37:58.938+0000] {spark_submit.py:490} INFO - 25/04/27 12:37:58 INFO DAGScheduler: Submitting ShuffleMapStage 0 (MapPartitionsRDD[2] at count at NativeMethodAccessorImpl.java:0), which has no missing parents
[2025-04-27T12:37:59.046+0000] {spark_submit.py:490} INFO - 25/04/27 12:37:59 INFO MemoryStore: Block broadcast_0 stored as values in memory (estimated size 13.3 KiB, free 434.4 MiB)
[2025-04-27T12:37:59.069+0000] {spark_submit.py:490} INFO - 25/04/27 12:37:59 INFO MemoryStore: Block broadcast_0_piece0 stored as bytes in memory (estimated size 7.0 KiB, free 434.4 MiB)
[2025-04-27T12:37:59.071+0000] {spark_submit.py:490} INFO - 25/04/27 12:37:59 INFO BlockManagerInfo: Added broadcast_0_piece0 in memory on 6780dda4d52a:38991 (size: 7.0 KiB, free: 434.4 MiB)
[2025-04-27T12:37:59.074+0000] {spark_submit.py:490} INFO - 25/04/27 12:37:59 INFO SparkContext: Created broadcast 0 from broadcast at DAGScheduler.scala:1513
[2025-04-27T12:37:59.086+0000] {spark_submit.py:490} INFO - 25/04/27 12:37:59 INFO DAGScheduler: Submitting 1 missing tasks from ShuffleMapStage 0 (MapPartitionsRDD[2] at count at NativeMethodAccessorImpl.java:0) (first 15 tasks are for partitions Vector(0))
[2025-04-27T12:37:59.087+0000] {spark_submit.py:490} INFO - 25/04/27 12:37:59 INFO TaskSchedulerImpl: Adding task set 0.0 with 1 tasks resource profile 0
[2025-04-27T12:37:59.117+0000] {spark_submit.py:490} INFO - 25/04/27 12:37:59 INFO TaskSetManager: Starting task 0.0 in stage 0.0 (TID 0) (172.18.0.5, executor 0, partition 0, PROCESS_LOCAL, 4292 bytes) taskResourceAssignments Map()
[2025-04-27T12:37:59.292+0000] {spark_submit.py:490} INFO - 25/04/27 12:37:59 INFO BlockManagerInfo: Added broadcast_0_piece0 in memory on 172.18.0.5:34365 (size: 7.0 KiB, free: 366.3 MiB)
[2025-04-27T12:38:00.066+0000] {spark_submit.py:490} INFO - 25/04/27 12:38:00 INFO TaskSetManager: Finished task 0.0 in stage 0.0 (TID 0) in 960 ms on 172.18.0.5 (executor 0) (1/1)
[2025-04-27T12:38:00.068+0000] {spark_submit.py:490} INFO - 25/04/27 12:38:00 INFO TaskSchedulerImpl: Removed TaskSet 0.0, whose tasks have all completed, from pool
[2025-04-27T12:38:00.073+0000] {spark_submit.py:490} INFO - 25/04/27 12:38:00 INFO DAGScheduler: ShuffleMapStage 0 (count at NativeMethodAccessorImpl.java:0) finished in 1.125 s
[2025-04-27T12:38:00.073+0000] {spark_submit.py:490} INFO - 25/04/27 12:38:00 INFO DAGScheduler: looking for newly runnable stages
[2025-04-27T12:38:00.073+0000] {spark_submit.py:490} INFO - 25/04/27 12:38:00 INFO DAGScheduler: running: Set()
[2025-04-27T12:38:00.073+0000] {spark_submit.py:490} INFO - 25/04/27 12:38:00 INFO DAGScheduler: waiting: Set()
[2025-04-27T12:38:00.073+0000] {spark_submit.py:490} INFO - 25/04/27 12:38:00 INFO DAGScheduler: failed: Set()
[2025-04-27T12:38:00.102+0000] {spark_submit.py:490} INFO - 25/04/27 12:38:00 INFO CodeGenerator: Code generated in 8.230042 ms
[2025-04-27T12:38:00.132+0000] {spark_submit.py:490} INFO - 25/04/27 12:38:00 INFO SparkContext: Starting job: count at NativeMethodAccessorImpl.java:0
[2025-04-27T12:38:00.135+0000] {spark_submit.py:490} INFO - 25/04/27 12:38:00 INFO DAGScheduler: Got job 1 (count at NativeMethodAccessorImpl.java:0) with 1 output partitions
[2025-04-27T12:38:00.135+0000] {spark_submit.py:490} INFO - 25/04/27 12:38:00 INFO DAGScheduler: Final stage: ResultStage 2 (count at NativeMethodAccessorImpl.java:0)
[2025-04-27T12:38:00.135+0000] {spark_submit.py:490} INFO - 25/04/27 12:38:00 INFO DAGScheduler: Parents of final stage: List(ShuffleMapStage 1)
[2025-04-27T12:38:00.136+0000] {spark_submit.py:490} INFO - 25/04/27 12:38:00 INFO DAGScheduler: Missing parents: List()
[2025-04-27T12:38:00.137+0000] {spark_submit.py:490} INFO - 25/04/27 12:38:00 INFO DAGScheduler: Submitting ResultStage 2 (MapPartitionsRDD[5] at count at NativeMethodAccessorImpl.java:0), which has no missing parents
[2025-04-27T12:38:00.147+0000] {spark_submit.py:490} INFO - 25/04/27 12:38:00 INFO MemoryStore: Block broadcast_1 stored as values in memory (estimated size 11.1 KiB, free 434.4 MiB)
[2025-04-27T12:38:00.150+0000] {spark_submit.py:490} INFO - 25/04/27 12:38:00 INFO MemoryStore: Block broadcast_1_piece0 stored as bytes in memory (estimated size 5.5 KiB, free 434.4 MiB)
[2025-04-27T12:38:00.151+0000] {spark_submit.py:490} INFO - 25/04/27 12:38:00 INFO BlockManagerInfo: Added broadcast_1_piece0 in memory on 6780dda4d52a:38991 (size: 5.5 KiB, free: 434.4 MiB)
[2025-04-27T12:38:00.151+0000] {spark_submit.py:490} INFO - 25/04/27 12:38:00 INFO SparkContext: Created broadcast 1 from broadcast at DAGScheduler.scala:1513
[2025-04-27T12:38:00.153+0000] {spark_submit.py:490} INFO - 25/04/27 12:38:00 INFO DAGScheduler: Submitting 1 missing tasks from ResultStage 2 (MapPartitionsRDD[5] at count at NativeMethodAccessorImpl.java:0) (first 15 tasks are for partitions Vector(0))
[2025-04-27T12:38:00.153+0000] {spark_submit.py:490} INFO - 25/04/27 12:38:00 INFO TaskSchedulerImpl: Adding task set 2.0 with 1 tasks resource profile 0
[2025-04-27T12:38:00.157+0000] {spark_submit.py:490} INFO - 25/04/27 12:38:00 INFO TaskSetManager: Starting task 0.0 in stage 2.0 (TID 1) (172.18.0.5, executor 0, partition 0, NODE_LOCAL, 4457 bytes) taskResourceAssignments Map()
[2025-04-27T12:38:00.179+0000] {spark_submit.py:490} INFO - 25/04/27 12:38:00 INFO BlockManagerInfo: Added broadcast_1_piece0 in memory on 172.18.0.5:34365 (size: 5.5 KiB, free: 366.3 MiB)
[2025-04-27T12:38:00.284+0000] {spark_submit.py:490} INFO - 25/04/27 12:38:00 INFO MapOutputTrackerMasterEndpoint: Asked to send map output locations for shuffle 0 to 172.18.0.5:57832
[2025-04-27T12:38:00.514+0000] {spark_submit.py:490} INFO - 25/04/27 12:38:00 INFO TaskSetManager: Finished task 0.0 in stage 2.0 (TID 1) in 358 ms on 172.18.0.5 (executor 0) (1/1)
[2025-04-27T12:38:00.514+0000] {spark_submit.py:490} INFO - 25/04/27 12:38:00 INFO TaskSchedulerImpl: Removed TaskSet 2.0, whose tasks have all completed, from pool
[2025-04-27T12:38:00.515+0000] {spark_submit.py:490} INFO - 25/04/27 12:38:00 INFO DAGScheduler: ResultStage 2 (count at NativeMethodAccessorImpl.java:0) finished in 0.370 s
[2025-04-27T12:38:00.516+0000] {spark_submit.py:490} INFO - 25/04/27 12:38:00 INFO DAGScheduler: Job 1 is finished. Cancelling potential speculative or zombie tasks for this job
[2025-04-27T12:38:00.516+0000] {spark_submit.py:490} INFO - 25/04/27 12:38:00 INFO TaskSchedulerImpl: Killing all running tasks in stage 2: Stage finished
[2025-04-27T12:38:00.517+0000] {spark_submit.py:490} INFO - 25/04/27 12:38:00 INFO DAGScheduler: Job 1 finished: count at NativeMethodAccessorImpl.java:0, took 0.385110 s
[2025-04-27T12:38:00.524+0000] {spark_submit.py:490} INFO - INFO:__main__:Таблица raw.masked_transactions загружена, записей: 1000
[2025-04-27T12:38:00.655+0000] {spark_submit.py:490} INFO - 25/04/27 12:38:00 INFO DAGScheduler: Registering RDD 8 (count at NativeMethodAccessorImpl.java:0) as input to shuffle 1
[2025-04-27T12:38:00.655+0000] {spark_submit.py:490} INFO - 25/04/27 12:38:00 INFO DAGScheduler: Got map stage job 2 (count at NativeMethodAccessorImpl.java:0) with 1 output partitions
[2025-04-27T12:38:00.655+0000] {spark_submit.py:490} INFO - 25/04/27 12:38:00 INFO DAGScheduler: Final stage: ShuffleMapStage 3 (count at NativeMethodAccessorImpl.java:0)
[2025-04-27T12:38:00.656+0000] {spark_submit.py:490} INFO - 25/04/27 12:38:00 INFO DAGScheduler: Parents of final stage: List()
[2025-04-27T12:38:00.656+0000] {spark_submit.py:490} INFO - 25/04/27 12:38:00 INFO DAGScheduler: Missing parents: List()
[2025-04-27T12:38:00.656+0000] {spark_submit.py:490} INFO - 25/04/27 12:38:00 INFO DAGScheduler: Submitting ShuffleMapStage 3 (MapPartitionsRDD[8] at count at NativeMethodAccessorImpl.java:0), which has no missing parents
[2025-04-27T12:38:00.660+0000] {spark_submit.py:490} INFO - 25/04/27 12:38:00 INFO MemoryStore: Block broadcast_2 stored as values in memory (estimated size 13.4 KiB, free 434.4 MiB)
[2025-04-27T12:38:00.663+0000] {spark_submit.py:490} INFO - 25/04/27 12:38:00 INFO MemoryStore: Block broadcast_2_piece0 stored as bytes in memory (estimated size 7.0 KiB, free 434.3 MiB)
[2025-04-27T12:38:00.665+0000] {spark_submit.py:490} INFO - 25/04/27 12:38:00 INFO BlockManagerInfo: Added broadcast_2_piece0 in memory on 6780dda4d52a:38991 (size: 7.0 KiB, free: 434.4 MiB)
[2025-04-27T12:38:00.665+0000] {spark_submit.py:490} INFO - 25/04/27 12:38:00 INFO SparkContext: Created broadcast 2 from broadcast at DAGScheduler.scala:1513
[2025-04-27T12:38:00.666+0000] {spark_submit.py:490} INFO - 25/04/27 12:38:00 INFO DAGScheduler: Submitting 1 missing tasks from ShuffleMapStage 3 (MapPartitionsRDD[8] at count at NativeMethodAccessorImpl.java:0) (first 15 tasks are for partitions Vector(0))
[2025-04-27T12:38:00.666+0000] {spark_submit.py:490} INFO - 25/04/27 12:38:00 INFO TaskSchedulerImpl: Adding task set 3.0 with 1 tasks resource profile 0
[2025-04-27T12:38:00.667+0000] {spark_submit.py:490} INFO - 25/04/27 12:38:00 INFO TaskSetManager: Starting task 0.0 in stage 3.0 (TID 2) (172.18.0.5, executor 0, partition 0, PROCESS_LOCAL, 4292 bytes) taskResourceAssignments Map()
[2025-04-27T12:38:00.685+0000] {spark_submit.py:490} INFO - 25/04/27 12:38:00 INFO BlockManagerInfo: Added broadcast_2_piece0 in memory on 172.18.0.5:34365 (size: 7.0 KiB, free: 366.3 MiB)
[2025-04-27T12:38:00.723+0000] {spark_submit.py:490} INFO - 25/04/27 12:38:00 INFO TaskSetManager: Finished task 0.0 in stage 3.0 (TID 2) in 57 ms on 172.18.0.5 (executor 0) (1/1)
[2025-04-27T12:38:00.724+0000] {spark_submit.py:490} INFO - 25/04/27 12:38:00 INFO TaskSchedulerImpl: Removed TaskSet 3.0, whose tasks have all completed, from pool
[2025-04-27T12:38:00.724+0000] {spark_submit.py:490} INFO - 25/04/27 12:38:00 INFO DAGScheduler: ShuffleMapStage 3 (count at NativeMethodAccessorImpl.java:0) finished in 0.067 s
[2025-04-27T12:38:00.725+0000] {spark_submit.py:490} INFO - 25/04/27 12:38:00 INFO DAGScheduler: looking for newly runnable stages
[2025-04-27T12:38:00.725+0000] {spark_submit.py:490} INFO - 25/04/27 12:38:00 INFO DAGScheduler: running: Set()
[2025-04-27T12:38:00.725+0000] {spark_submit.py:490} INFO - 25/04/27 12:38:00 INFO DAGScheduler: waiting: Set()
[2025-04-27T12:38:00.725+0000] {spark_submit.py:490} INFO - 25/04/27 12:38:00 INFO DAGScheduler: failed: Set()
[2025-04-27T12:38:00.750+0000] {spark_submit.py:490} INFO - 25/04/27 12:38:00 INFO SparkContext: Starting job: count at NativeMethodAccessorImpl.java:0
[2025-04-27T12:38:00.751+0000] {spark_submit.py:490} INFO - 25/04/27 12:38:00 INFO DAGScheduler: Got job 3 (count at NativeMethodAccessorImpl.java:0) with 1 output partitions
[2025-04-27T12:38:00.752+0000] {spark_submit.py:490} INFO - 25/04/27 12:38:00 INFO DAGScheduler: Final stage: ResultStage 5 (count at NativeMethodAccessorImpl.java:0)
[2025-04-27T12:38:00.752+0000] {spark_submit.py:490} INFO - 25/04/27 12:38:00 INFO DAGScheduler: Parents of final stage: List(ShuffleMapStage 4)
[2025-04-27T12:38:00.752+0000] {spark_submit.py:490} INFO - 25/04/27 12:38:00 INFO DAGScheduler: Missing parents: List()
[2025-04-27T12:38:00.753+0000] {spark_submit.py:490} INFO - 25/04/27 12:38:00 INFO DAGScheduler: Submitting ResultStage 5 (MapPartitionsRDD[11] at count at NativeMethodAccessorImpl.java:0), which has no missing parents
[2025-04-27T12:38:00.757+0000] {spark_submit.py:490} INFO - 25/04/27 12:38:00 INFO MemoryStore: Block broadcast_3 stored as values in memory (estimated size 11.1 KiB, free 434.3 MiB)
[2025-04-27T12:38:00.759+0000] {spark_submit.py:490} INFO - 25/04/27 12:38:00 INFO MemoryStore: Block broadcast_3_piece0 stored as bytes in memory (estimated size 5.5 KiB, free 434.3 MiB)
[2025-04-27T12:38:00.760+0000] {spark_submit.py:490} INFO - 25/04/27 12:38:00 INFO BlockManagerInfo: Added broadcast_3_piece0 in memory on 6780dda4d52a:38991 (size: 5.5 KiB, free: 434.4 MiB)
[2025-04-27T12:38:00.761+0000] {spark_submit.py:490} INFO - 25/04/27 12:38:00 INFO SparkContext: Created broadcast 3 from broadcast at DAGScheduler.scala:1513
[2025-04-27T12:38:00.762+0000] {spark_submit.py:490} INFO - 25/04/27 12:38:00 INFO DAGScheduler: Submitting 1 missing tasks from ResultStage 5 (MapPartitionsRDD[11] at count at NativeMethodAccessorImpl.java:0) (first 15 tasks are for partitions Vector(0))
[2025-04-27T12:38:00.762+0000] {spark_submit.py:490} INFO - 25/04/27 12:38:00 INFO TaskSchedulerImpl: Adding task set 5.0 with 1 tasks resource profile 0
[2025-04-27T12:38:00.764+0000] {spark_submit.py:490} INFO - 25/04/27 12:38:00 INFO TaskSetManager: Starting task 0.0 in stage 5.0 (TID 3) (172.18.0.5, executor 0, partition 0, NODE_LOCAL, 4457 bytes) taskResourceAssignments Map()
[2025-04-27T12:38:00.782+0000] {spark_submit.py:490} INFO - 25/04/27 12:38:00 INFO BlockManagerInfo: Added broadcast_3_piece0 in memory on 172.18.0.5:34365 (size: 5.5 KiB, free: 366.3 MiB)
[2025-04-27T12:38:00.792+0000] {spark_submit.py:490} INFO - 25/04/27 12:38:00 INFO MapOutputTrackerMasterEndpoint: Asked to send map output locations for shuffle 1 to 172.18.0.5:57832
[2025-04-27T12:38:00.801+0000] {spark_submit.py:490} INFO - 25/04/27 12:38:00 INFO TaskSetManager: Finished task 0.0 in stage 5.0 (TID 3) in 37 ms on 172.18.0.5 (executor 0) (1/1)
[2025-04-27T12:38:00.801+0000] {spark_submit.py:490} INFO - 25/04/27 12:38:00 INFO TaskSchedulerImpl: Removed TaskSet 5.0, whose tasks have all completed, from pool
[2025-04-27T12:38:00.802+0000] {spark_submit.py:490} INFO - 25/04/27 12:38:00 INFO DAGScheduler: ResultStage 5 (count at NativeMethodAccessorImpl.java:0) finished in 0.046 s
[2025-04-27T12:38:00.802+0000] {spark_submit.py:490} INFO - 25/04/27 12:38:00 INFO DAGScheduler: Job 3 is finished. Cancelling potential speculative or zombie tasks for this job
[2025-04-27T12:38:00.802+0000] {spark_submit.py:490} INFO - 25/04/27 12:38:00 INFO TaskSchedulerImpl: Killing all running tasks in stage 5: Stage finished
[2025-04-27T12:38:00.802+0000] {spark_submit.py:490} INFO - 25/04/27 12:38:00 INFO DAGScheduler: Job 3 finished: count at NativeMethodAccessorImpl.java:0, took 0.052570 s
[2025-04-27T12:38:00.804+0000] {spark_submit.py:490} INFO - INFO:__main__:Правило large_tx отработано, записей: 342
[2025-04-27T12:38:00.978+0000] {spark_submit.py:490} INFO - 25/04/27 12:38:00 INFO BlockManagerInfo: Removed broadcast_2_piece0 on 6780dda4d52a:38991 in memory (size: 7.0 KiB, free: 434.4 MiB)
[2025-04-27T12:38:00.987+0000] {spark_submit.py:490} INFO - 25/04/27 12:38:00 INFO BlockManagerInfo: Removed broadcast_2_piece0 on 172.18.0.5:34365 in memory (size: 7.0 KiB, free: 366.3 MiB)
[2025-04-27T12:38:01.001+0000] {spark_submit.py:490} INFO - 25/04/27 12:38:01 INFO BlockManagerInfo: Removed broadcast_3_piece0 on 6780dda4d52a:38991 in memory (size: 5.5 KiB, free: 434.4 MiB)
[2025-04-27T12:38:01.007+0000] {spark_submit.py:490} INFO - 25/04/27 12:38:01 INFO BlockManagerInfo: Removed broadcast_3_piece0 on 172.18.0.5:34365 in memory (size: 5.5 KiB, free: 366.3 MiB)
[2025-04-27T12:38:01.027+0000] {spark_submit.py:490} INFO - 25/04/27 12:38:01 INFO BlockManagerInfo: Removed broadcast_1_piece0 on 6780dda4d52a:38991 in memory (size: 5.5 KiB, free: 434.4 MiB)
[2025-04-27T12:38:01.029+0000] {spark_submit.py:490} INFO - 25/04/27 12:38:01 INFO BlockManagerInfo: Removed broadcast_1_piece0 on 172.18.0.5:34365 in memory (size: 5.5 KiB, free: 366.3 MiB)
[2025-04-27T12:38:01.035+0000] {spark_submit.py:490} INFO - 25/04/27 12:38:01 INFO BlockManagerInfo: Removed broadcast_0_piece0 on 6780dda4d52a:38991 in memory (size: 7.0 KiB, free: 434.4 MiB)
[2025-04-27T12:38:01.038+0000] {spark_submit.py:490} INFO - 25/04/27 12:38:01 INFO BlockManagerInfo: Removed broadcast_0_piece0 on 172.18.0.5:34365 in memory (size: 7.0 KiB, free: 366.3 MiB)
[2025-04-27T12:38:01.066+0000] {spark_submit.py:490} INFO - 25/04/27 12:38:01 INFO CodeGenerator: Code generated in 13.433995 ms
[2025-04-27T12:38:01.070+0000] {spark_submit.py:490} INFO - 25/04/27 12:38:01 INFO DAGScheduler: Registering RDD 14 (count at NativeMethodAccessorImpl.java:0) as input to shuffle 2
[2025-04-27T12:38:01.071+0000] {spark_submit.py:490} INFO - 25/04/27 12:38:01 INFO DAGScheduler: Got map stage job 4 (count at NativeMethodAccessorImpl.java:0) with 1 output partitions
[2025-04-27T12:38:01.071+0000] {spark_submit.py:490} INFO - 25/04/27 12:38:01 INFO DAGScheduler: Final stage: ShuffleMapStage 6 (count at NativeMethodAccessorImpl.java:0)
[2025-04-27T12:38:01.071+0000] {spark_submit.py:490} INFO - 25/04/27 12:38:01 INFO DAGScheduler: Parents of final stage: List()
[2025-04-27T12:38:01.071+0000] {spark_submit.py:490} INFO - 25/04/27 12:38:01 INFO DAGScheduler: Missing parents: List()
[2025-04-27T12:38:01.072+0000] {spark_submit.py:490} INFO - 25/04/27 12:38:01 INFO DAGScheduler: Submitting ShuffleMapStage 6 (MapPartitionsRDD[14] at count at NativeMethodAccessorImpl.java:0), which has no missing parents
[2025-04-27T12:38:01.077+0000] {spark_submit.py:490} INFO - 25/04/27 12:38:01 INFO MemoryStore: Block broadcast_4 stored as values in memory (estimated size 14.0 KiB, free 434.4 MiB)
[2025-04-27T12:38:01.078+0000] {spark_submit.py:490} INFO - 25/04/27 12:38:01 INFO MemoryStore: Block broadcast_4_piece0 stored as bytes in memory (estimated size 7.3 KiB, free 434.4 MiB)
[2025-04-27T12:38:01.078+0000] {spark_submit.py:490} INFO - 25/04/27 12:38:01 INFO BlockManagerInfo: Added broadcast_4_piece0 in memory on 6780dda4d52a:38991 (size: 7.3 KiB, free: 434.4 MiB)
[2025-04-27T12:38:01.079+0000] {spark_submit.py:490} INFO - 25/04/27 12:38:01 INFO SparkContext: Created broadcast 4 from broadcast at DAGScheduler.scala:1513
[2025-04-27T12:38:01.079+0000] {spark_submit.py:490} INFO - 25/04/27 12:38:01 INFO DAGScheduler: Submitting 1 missing tasks from ShuffleMapStage 6 (MapPartitionsRDD[14] at count at NativeMethodAccessorImpl.java:0) (first 15 tasks are for partitions Vector(0))
[2025-04-27T12:38:01.079+0000] {spark_submit.py:490} INFO - 25/04/27 12:38:01 INFO TaskSchedulerImpl: Adding task set 6.0 with 1 tasks resource profile 0
[2025-04-27T12:38:01.080+0000] {spark_submit.py:490} INFO - 25/04/27 12:38:01 INFO TaskSetManager: Starting task 0.0 in stage 6.0 (TID 4) (172.18.0.5, executor 0, partition 0, PROCESS_LOCAL, 4292 bytes) taskResourceAssignments Map()
[2025-04-27T12:38:01.091+0000] {spark_submit.py:490} INFO - 25/04/27 12:38:01 INFO BlockManagerInfo: Added broadcast_4_piece0 in memory on 172.18.0.5:34365 (size: 7.3 KiB, free: 366.3 MiB)
[2025-04-27T12:38:01.496+0000] {spark_submit.py:490} INFO - 25/04/27 12:38:01 INFO TaskSetManager: Finished task 0.0 in stage 6.0 (TID 4) in 416 ms on 172.18.0.5 (executor 0) (1/1)
[2025-04-27T12:38:01.497+0000] {spark_submit.py:490} INFO - 25/04/27 12:38:01 INFO TaskSchedulerImpl: Removed TaskSet 6.0, whose tasks have all completed, from pool
[2025-04-27T12:38:01.497+0000] {spark_submit.py:490} INFO - 25/04/27 12:38:01 INFO DAGScheduler: ShuffleMapStage 6 (count at NativeMethodAccessorImpl.java:0) finished in 0.425 s
[2025-04-27T12:38:01.497+0000] {spark_submit.py:490} INFO - 25/04/27 12:38:01 INFO DAGScheduler: looking for newly runnable stages
[2025-04-27T12:38:01.498+0000] {spark_submit.py:490} INFO - 25/04/27 12:38:01 INFO DAGScheduler: running: Set()
[2025-04-27T12:38:01.498+0000] {spark_submit.py:490} INFO - 25/04/27 12:38:01 INFO DAGScheduler: waiting: Set()
[2025-04-27T12:38:01.498+0000] {spark_submit.py:490} INFO - 25/04/27 12:38:01 INFO DAGScheduler: failed: Set()
[2025-04-27T12:38:01.512+0000] {spark_submit.py:490} INFO - 25/04/27 12:38:01 INFO ShufflePartitionsUtil: For shuffle(2), advisory target size: 67108864, actual target size 1048576, minimum partition size: 1048576
[2025-04-27T12:38:01.540+0000] {spark_submit.py:490} INFO - 25/04/27 12:38:01 INFO CodeGenerator: Code generated in 6.945342 ms
[2025-04-27T12:38:01.555+0000] {spark_submit.py:490} INFO - 25/04/27 12:38:01 INFO CodeGenerator: Code generated in 8.784619 ms
[2025-04-27T12:38:01.592+0000] {spark_submit.py:490} INFO - 25/04/27 12:38:01 INFO DAGScheduler: Registering RDD 19 (count at NativeMethodAccessorImpl.java:0) as input to shuffle 3
[2025-04-27T12:38:01.592+0000] {spark_submit.py:490} INFO - 25/04/27 12:38:01 INFO DAGScheduler: Got map stage job 5 (count at NativeMethodAccessorImpl.java:0) with 1 output partitions
[2025-04-27T12:38:01.592+0000] {spark_submit.py:490} INFO - 25/04/27 12:38:01 INFO DAGScheduler: Final stage: ShuffleMapStage 8 (count at NativeMethodAccessorImpl.java:0)
[2025-04-27T12:38:01.592+0000] {spark_submit.py:490} INFO - 25/04/27 12:38:01 INFO DAGScheduler: Parents of final stage: List(ShuffleMapStage 7)
[2025-04-27T12:38:01.592+0000] {spark_submit.py:490} INFO - 25/04/27 12:38:01 INFO DAGScheduler: Missing parents: List()
[2025-04-27T12:38:01.593+0000] {spark_submit.py:490} INFO - 25/04/27 12:38:01 INFO DAGScheduler: Submitting ShuffleMapStage 8 (MapPartitionsRDD[19] at count at NativeMethodAccessorImpl.java:0), which has no missing parents
[2025-04-27T12:38:01.600+0000] {spark_submit.py:490} INFO - 25/04/27 12:38:01 INFO MemoryStore: Block broadcast_5 stored as values in memory (estimated size 34.6 KiB, free 434.3 MiB)
[2025-04-27T12:38:01.601+0000] {spark_submit.py:490} INFO - 25/04/27 12:38:01 INFO MemoryStore: Block broadcast_5_piece0 stored as bytes in memory (estimated size 16.6 KiB, free 434.3 MiB)
[2025-04-27T12:38:01.602+0000] {spark_submit.py:490} INFO - 25/04/27 12:38:01 INFO BlockManagerInfo: Added broadcast_5_piece0 in memory on 6780dda4d52a:38991 (size: 16.6 KiB, free: 434.4 MiB)
[2025-04-27T12:38:01.602+0000] {spark_submit.py:490} INFO - 25/04/27 12:38:01 INFO SparkContext: Created broadcast 5 from broadcast at DAGScheduler.scala:1513
[2025-04-27T12:38:01.603+0000] {spark_submit.py:490} INFO - 25/04/27 12:38:01 INFO DAGScheduler: Submitting 1 missing tasks from ShuffleMapStage 8 (MapPartitionsRDD[19] at count at NativeMethodAccessorImpl.java:0) (first 15 tasks are for partitions Vector(0))
[2025-04-27T12:38:01.603+0000] {spark_submit.py:490} INFO - 25/04/27 12:38:01 INFO TaskSchedulerImpl: Adding task set 8.0 with 1 tasks resource profile 0
[2025-04-27T12:38:01.604+0000] {spark_submit.py:490} INFO - 25/04/27 12:38:01 INFO TaskSetManager: Starting task 0.0 in stage 8.0 (TID 5) (172.18.0.5, executor 0, partition 0, NODE_LOCAL, 4446 bytes) taskResourceAssignments Map()
[2025-04-27T12:38:01.618+0000] {spark_submit.py:490} INFO - 25/04/27 12:38:01 INFO BlockManagerInfo: Added broadcast_5_piece0 in memory on 172.18.0.5:34365 (size: 16.6 KiB, free: 366.3 MiB)
[2025-04-27T12:38:01.724+0000] {spark_submit.py:490} INFO - 25/04/27 12:38:01 INFO MapOutputTrackerMasterEndpoint: Asked to send map output locations for shuffle 2 to 172.18.0.5:57832
[2025-04-27T12:38:02.014+0000] {spark_submit.py:490} INFO - 25/04/27 12:38:02 INFO TaskSetManager: Finished task 0.0 in stage 8.0 (TID 5) in 410 ms on 172.18.0.5 (executor 0) (1/1)
[2025-04-27T12:38:02.015+0000] {spark_submit.py:490} INFO - 25/04/27 12:38:02 INFO TaskSchedulerImpl: Removed TaskSet 8.0, whose tasks have all completed, from pool
[2025-04-27T12:38:02.015+0000] {spark_submit.py:490} INFO - 25/04/27 12:38:02 INFO DAGScheduler: ShuffleMapStage 8 (count at NativeMethodAccessorImpl.java:0) finished in 0.418 s
[2025-04-27T12:38:02.015+0000] {spark_submit.py:490} INFO - 25/04/27 12:38:02 INFO DAGScheduler: looking for newly runnable stages
[2025-04-27T12:38:02.015+0000] {spark_submit.py:490} INFO - 25/04/27 12:38:02 INFO DAGScheduler: running: Set()
[2025-04-27T12:38:02.015+0000] {spark_submit.py:490} INFO - 25/04/27 12:38:02 INFO DAGScheduler: waiting: Set()
[2025-04-27T12:38:02.016+0000] {spark_submit.py:490} INFO - 25/04/27 12:38:02 INFO DAGScheduler: failed: Set()
[2025-04-27T12:38:02.031+0000] {spark_submit.py:490} INFO - 25/04/27 12:38:02 INFO CodeGenerator: Code generated in 8.03769 ms
[2025-04-27T12:38:02.043+0000] {spark_submit.py:490} INFO - 25/04/27 12:38:02 INFO SparkContext: Starting job: count at NativeMethodAccessorImpl.java:0
[2025-04-27T12:38:02.044+0000] {spark_submit.py:490} INFO - 25/04/27 12:38:02 INFO DAGScheduler: Got job 6 (count at NativeMethodAccessorImpl.java:0) with 1 output partitions
[2025-04-27T12:38:02.044+0000] {spark_submit.py:490} INFO - 25/04/27 12:38:02 INFO DAGScheduler: Final stage: ResultStage 11 (count at NativeMethodAccessorImpl.java:0)
[2025-04-27T12:38:02.045+0000] {spark_submit.py:490} INFO - 25/04/27 12:38:02 INFO DAGScheduler: Parents of final stage: List(ShuffleMapStage 10)
[2025-04-27T12:38:02.045+0000] {spark_submit.py:490} INFO - 25/04/27 12:38:02 INFO DAGScheduler: Missing parents: List()
[2025-04-27T12:38:02.045+0000] {spark_submit.py:490} INFO - 25/04/27 12:38:02 INFO DAGScheduler: Submitting ResultStage 11 (MapPartitionsRDD[22] at count at NativeMethodAccessorImpl.java:0), which has no missing parents
[2025-04-27T12:38:02.048+0000] {spark_submit.py:490} INFO - 25/04/27 12:38:02 INFO MemoryStore: Block broadcast_6 stored as values in memory (estimated size 11.1 KiB, free 434.3 MiB)
[2025-04-27T12:38:02.049+0000] {spark_submit.py:490} INFO - 25/04/27 12:38:02 INFO MemoryStore: Block broadcast_6_piece0 stored as bytes in memory (estimated size 5.5 KiB, free 434.3 MiB)
[2025-04-27T12:38:02.050+0000] {spark_submit.py:490} INFO - 25/04/27 12:38:02 INFO BlockManagerInfo: Added broadcast_6_piece0 in memory on 6780dda4d52a:38991 (size: 5.5 KiB, free: 434.4 MiB)
[2025-04-27T12:38:02.050+0000] {spark_submit.py:490} INFO - 25/04/27 12:38:02 INFO SparkContext: Created broadcast 6 from broadcast at DAGScheduler.scala:1513
[2025-04-27T12:38:02.051+0000] {spark_submit.py:490} INFO - 25/04/27 12:38:02 INFO DAGScheduler: Submitting 1 missing tasks from ResultStage 11 (MapPartitionsRDD[22] at count at NativeMethodAccessorImpl.java:0) (first 15 tasks are for partitions Vector(0))
[2025-04-27T12:38:02.051+0000] {spark_submit.py:490} INFO - 25/04/27 12:38:02 INFO TaskSchedulerImpl: Adding task set 11.0 with 1 tasks resource profile 0
[2025-04-27T12:38:02.052+0000] {spark_submit.py:490} INFO - 25/04/27 12:38:02 INFO TaskSetManager: Starting task 0.0 in stage 11.0 (TID 6) (172.18.0.5, executor 0, partition 0, NODE_LOCAL, 4457 bytes) taskResourceAssignments Map()
[2025-04-27T12:38:02.063+0000] {spark_submit.py:490} INFO - 25/04/27 12:38:02 INFO BlockManagerInfo: Added broadcast_6_piece0 in memory on 172.18.0.5:34365 (size: 5.5 KiB, free: 366.3 MiB)
[2025-04-27T12:38:02.067+0000] {spark_submit.py:490} INFO - 25/04/27 12:38:02 INFO MapOutputTrackerMasterEndpoint: Asked to send map output locations for shuffle 3 to 172.18.0.5:57832
[2025-04-27T12:38:02.080+0000] {spark_submit.py:490} INFO - 25/04/27 12:38:02 INFO TaskSetManager: Finished task 0.0 in stage 11.0 (TID 6) in 28 ms on 172.18.0.5 (executor 0) (1/1)
[2025-04-27T12:38:02.080+0000] {spark_submit.py:490} INFO - 25/04/27 12:38:02 INFO TaskSchedulerImpl: Removed TaskSet 11.0, whose tasks have all completed, from pool
[2025-04-27T12:38:02.080+0000] {spark_submit.py:490} INFO - 25/04/27 12:38:02 INFO DAGScheduler: ResultStage 11 (count at NativeMethodAccessorImpl.java:0) finished in 0.034 s
[2025-04-27T12:38:02.081+0000] {spark_submit.py:490} INFO - 25/04/27 12:38:02 INFO DAGScheduler: Job 6 is finished. Cancelling potential speculative or zombie tasks for this job
[2025-04-27T12:38:02.081+0000] {spark_submit.py:490} INFO - 25/04/27 12:38:02 INFO TaskSchedulerImpl: Killing all running tasks in stage 11: Stage finished
[2025-04-27T12:38:02.081+0000] {spark_submit.py:490} INFO - 25/04/27 12:38:02 INFO DAGScheduler: Job 6 finished: count at NativeMethodAccessorImpl.java:0, took 0.037895 s
[2025-04-27T12:38:02.082+0000] {spark_submit.py:490} INFO - INFO:__main__:Правило freq_tx отработано, записей: 8
[2025-04-27T12:38:02.195+0000] {spark_submit.py:490} INFO - 25/04/27 12:38:02 INFO DAGScheduler: Registering RDD 26 (count at NativeMethodAccessorImpl.java:0) as input to shuffle 4
[2025-04-27T12:38:02.195+0000] {spark_submit.py:490} INFO - 25/04/27 12:38:02 INFO DAGScheduler: Got map stage job 7 (count at NativeMethodAccessorImpl.java:0) with 1 output partitions
[2025-04-27T12:38:02.195+0000] {spark_submit.py:490} INFO - 25/04/27 12:38:02 INFO DAGScheduler: Final stage: ShuffleMapStage 12 (count at NativeMethodAccessorImpl.java:0)
[2025-04-27T12:38:02.196+0000] {spark_submit.py:490} INFO - 25/04/27 12:38:02 INFO DAGScheduler: Parents of final stage: List()
[2025-04-27T12:38:02.196+0000] {spark_submit.py:490} INFO - 25/04/27 12:38:02 INFO DAGScheduler: Missing parents: List()
[2025-04-27T12:38:02.196+0000] {spark_submit.py:490} INFO - 25/04/27 12:38:02 INFO DAGScheduler: Submitting ShuffleMapStage 12 (MapPartitionsRDD[26] at count at NativeMethodAccessorImpl.java:0), which has no missing parents
[2025-04-27T12:38:02.198+0000] {spark_submit.py:490} INFO - 25/04/27 12:38:02 INFO MemoryStore: Block broadcast_7 stored as values in memory (estimated size 14.1 KiB, free 434.3 MiB)
[2025-04-27T12:38:02.207+0000] {spark_submit.py:490} INFO - 25/04/27 12:38:02 INFO MemoryStore: Block broadcast_7_piece0 stored as bytes in memory (estimated size 7.3 KiB, free 434.3 MiB)
[2025-04-27T12:38:02.207+0000] {spark_submit.py:490} INFO - 25/04/27 12:38:02 INFO BlockManagerInfo: Added broadcast_7_piece0 in memory on 6780dda4d52a:38991 (size: 7.3 KiB, free: 434.4 MiB)
[2025-04-27T12:38:02.211+0000] {spark_submit.py:490} INFO - 25/04/27 12:38:02 INFO SparkContext: Created broadcast 7 from broadcast at DAGScheduler.scala:1513
[2025-04-27T12:38:02.212+0000] {spark_submit.py:490} INFO - 25/04/27 12:38:02 INFO DAGScheduler: Submitting 1 missing tasks from ShuffleMapStage 12 (MapPartitionsRDD[26] at count at NativeMethodAccessorImpl.java:0) (first 15 tasks are for partitions Vector(0))
[2025-04-27T12:38:02.212+0000] {spark_submit.py:490} INFO - 25/04/27 12:38:02 INFO TaskSchedulerImpl: Adding task set 12.0 with 1 tasks resource profile 0
[2025-04-27T12:38:02.213+0000] {spark_submit.py:490} INFO - 25/04/27 12:38:02 INFO TaskSetManager: Starting task 0.0 in stage 12.0 (TID 7) (172.18.0.5, executor 0, partition 0, PROCESS_LOCAL, 4292 bytes) taskResourceAssignments Map()
[2025-04-27T12:38:02.215+0000] {spark_submit.py:490} INFO - 25/04/27 12:38:02 INFO BlockManagerInfo: Removed broadcast_6_piece0 on 6780dda4d52a:38991 in memory (size: 5.5 KiB, free: 434.4 MiB)
[2025-04-27T12:38:02.221+0000] {spark_submit.py:490} INFO - 25/04/27 12:38:02 INFO BlockManagerInfo: Removed broadcast_6_piece0 on 172.18.0.5:34365 in memory (size: 5.5 KiB, free: 366.3 MiB)
[2025-04-27T12:38:02.232+0000] {spark_submit.py:490} INFO - 25/04/27 12:38:02 INFO BlockManagerInfo: Removed broadcast_5_piece0 on 6780dda4d52a:38991 in memory (size: 16.6 KiB, free: 434.4 MiB)
[2025-04-27T12:38:02.242+0000] {spark_submit.py:490} INFO - 25/04/27 12:38:02 INFO BlockManagerInfo: Added broadcast_7_piece0 in memory on 172.18.0.5:34365 (size: 7.3 KiB, free: 366.3 MiB)
[2025-04-27T12:38:02.243+0000] {spark_submit.py:490} INFO - 25/04/27 12:38:02 INFO BlockManagerInfo: Removed broadcast_5_piece0 on 172.18.0.5:34365 in memory (size: 16.6 KiB, free: 366.3 MiB)
[2025-04-27T12:38:02.256+0000] {spark_submit.py:490} INFO - 25/04/27 12:38:02 INFO BlockManagerInfo: Removed broadcast_4_piece0 on 6780dda4d52a:38991 in memory (size: 7.3 KiB, free: 434.4 MiB)
[2025-04-27T12:38:02.259+0000] {spark_submit.py:490} INFO - 25/04/27 12:38:02 INFO BlockManagerInfo: Removed broadcast_4_piece0 on 172.18.0.5:34365 in memory (size: 7.3 KiB, free: 366.3 MiB)
[2025-04-27T12:38:02.318+0000] {spark_submit.py:490} INFO - 25/04/27 12:38:02 INFO TaskSetManager: Finished task 0.0 in stage 12.0 (TID 7) in 106 ms on 172.18.0.5 (executor 0) (1/1)
[2025-04-27T12:38:02.318+0000] {spark_submit.py:490} INFO - 25/04/27 12:38:02 INFO TaskSchedulerImpl: Removed TaskSet 12.0, whose tasks have all completed, from pool
[2025-04-27T12:38:02.319+0000] {spark_submit.py:490} INFO - 25/04/27 12:38:02 INFO DAGScheduler: ShuffleMapStage 12 (count at NativeMethodAccessorImpl.java:0) finished in 0.122 s
[2025-04-27T12:38:02.319+0000] {spark_submit.py:490} INFO - 25/04/27 12:38:02 INFO DAGScheduler: looking for newly runnable stages
[2025-04-27T12:38:02.319+0000] {spark_submit.py:490} INFO - 25/04/27 12:38:02 INFO DAGScheduler: running: Set()
[2025-04-27T12:38:02.319+0000] {spark_submit.py:490} INFO - 25/04/27 12:38:02 INFO DAGScheduler: waiting: Set()
[2025-04-27T12:38:02.319+0000] {spark_submit.py:490} INFO - 25/04/27 12:38:02 INFO DAGScheduler: failed: Set()
[2025-04-27T12:38:02.332+0000] {spark_submit.py:490} INFO - 25/04/27 12:38:02 INFO ShufflePartitionsUtil: For shuffle(4), advisory target size: 67108864, actual target size 1048576, minimum partition size: 1048576
[2025-04-27T12:38:02.356+0000] {spark_submit.py:490} INFO - 25/04/27 12:38:02 INFO CodeGenerator: Code generated in 9.269264 ms
[2025-04-27T12:38:02.365+0000] {spark_submit.py:490} INFO - 25/04/27 12:38:02 INFO CodeGenerator: Code generated in 6.588539 ms
[2025-04-27T12:38:02.379+0000] {spark_submit.py:490} INFO - 25/04/27 12:38:02 INFO CodeGenerator: Code generated in 7.823 ms
[2025-04-27T12:38:02.393+0000] {spark_submit.py:490} INFO - 25/04/27 12:38:02 INFO CodeGenerator: Code generated in 10.560762 ms
[2025-04-27T12:38:02.417+0000] {spark_submit.py:490} INFO - 25/04/27 12:38:02 INFO DAGScheduler: Registering RDD 35 (count at NativeMethodAccessorImpl.java:0) as input to shuffle 5
[2025-04-27T12:38:02.417+0000] {spark_submit.py:490} INFO - 25/04/27 12:38:02 INFO DAGScheduler: Got map stage job 8 (count at NativeMethodAccessorImpl.java:0) with 2 output partitions
[2025-04-27T12:38:02.418+0000] {spark_submit.py:490} INFO - 25/04/27 12:38:02 INFO DAGScheduler: Final stage: ShuffleMapStage 14 (count at NativeMethodAccessorImpl.java:0)
[2025-04-27T12:38:02.418+0000] {spark_submit.py:490} INFO - 25/04/27 12:38:02 INFO DAGScheduler: Parents of final stage: List(ShuffleMapStage 13)
[2025-04-27T12:38:02.418+0000] {spark_submit.py:490} INFO - 25/04/27 12:38:02 INFO DAGScheduler: Missing parents: List()
[2025-04-27T12:38:02.419+0000] {spark_submit.py:490} INFO - 25/04/27 12:38:02 INFO DAGScheduler: Submitting ShuffleMapStage 14 (MapPartitionsRDD[35] at count at NativeMethodAccessorImpl.java:0), which has no missing parents
[2025-04-27T12:38:02.430+0000] {spark_submit.py:490} INFO - 25/04/27 12:38:02 INFO MemoryStore: Block broadcast_8 stored as values in memory (estimated size 38.6 KiB, free 434.3 MiB)
[2025-04-27T12:38:02.432+0000] {spark_submit.py:490} INFO - 25/04/27 12:38:02 INFO MemoryStore: Block broadcast_8_piece0 stored as bytes in memory (estimated size 17.8 KiB, free 434.3 MiB)
[2025-04-27T12:38:02.433+0000] {spark_submit.py:490} INFO - 25/04/27 12:38:02 INFO BlockManagerInfo: Added broadcast_8_piece0 in memory on 6780dda4d52a:38991 (size: 17.8 KiB, free: 434.4 MiB)
[2025-04-27T12:38:02.434+0000] {spark_submit.py:490} INFO - 25/04/27 12:38:02 INFO SparkContext: Created broadcast 8 from broadcast at DAGScheduler.scala:1513
[2025-04-27T12:38:02.435+0000] {spark_submit.py:490} INFO - 25/04/27 12:38:02 INFO DAGScheduler: Submitting 2 missing tasks from ShuffleMapStage 14 (MapPartitionsRDD[35] at count at NativeMethodAccessorImpl.java:0) (first 15 tasks are for partitions Vector(0, 1))
[2025-04-27T12:38:02.435+0000] {spark_submit.py:490} INFO - 25/04/27 12:38:02 INFO TaskSchedulerImpl: Adding task set 14.0 with 2 tasks resource profile 0
[2025-04-27T12:38:02.437+0000] {spark_submit.py:490} INFO - 25/04/27 12:38:02 INFO TaskSetManager: Starting task 1.0 in stage 14.0 (TID 8) (172.18.0.5, executor 0, partition 1, NODE_LOCAL, 4555 bytes) taskResourceAssignments Map()
[2025-04-27T12:38:02.451+0000] {spark_submit.py:490} INFO - 25/04/27 12:38:02 INFO BlockManagerInfo: Added broadcast_8_piece0 in memory on 172.18.0.5:34365 (size: 17.8 KiB, free: 366.3 MiB)
[2025-04-27T12:38:02.463+0000] {spark_submit.py:490} INFO - 25/04/27 12:38:02 INFO MapOutputTrackerMasterEndpoint: Asked to send map output locations for shuffle 4 to 172.18.0.5:57832
[2025-04-27T12:38:02.542+0000] {spark_submit.py:490} INFO - 25/04/27 12:38:02 INFO TaskSetManager: Starting task 0.0 in stage 14.0 (TID 9) (172.18.0.5, executor 0, partition 0, PROCESS_LOCAL, 4401 bytes) taskResourceAssignments Map()
[2025-04-27T12:38:02.543+0000] {spark_submit.py:490} INFO - 25/04/27 12:38:02 INFO TaskSetManager: Finished task 1.0 in stage 14.0 (TID 8) in 106 ms on 172.18.0.5 (executor 0) (1/2)
[2025-04-27T12:38:02.605+0000] {spark_submit.py:490} INFO - 25/04/27 12:38:02 INFO TaskSetManager: Finished task 0.0 in stage 14.0 (TID 9) in 65 ms on 172.18.0.5 (executor 0) (2/2)
[2025-04-27T12:38:02.606+0000] {spark_submit.py:490} INFO - 25/04/27 12:38:02 INFO TaskSchedulerImpl: Removed TaskSet 14.0, whose tasks have all completed, from pool
[2025-04-27T12:38:02.610+0000] {spark_submit.py:490} INFO - 25/04/27 12:38:02 INFO DAGScheduler: ShuffleMapStage 14 (count at NativeMethodAccessorImpl.java:0) finished in 0.183 s
[2025-04-27T12:38:02.611+0000] {spark_submit.py:490} INFO - 25/04/27 12:38:02 INFO DAGScheduler: looking for newly runnable stages
[2025-04-27T12:38:02.611+0000] {spark_submit.py:490} INFO - 25/04/27 12:38:02 INFO DAGScheduler: running: Set()
[2025-04-27T12:38:02.611+0000] {spark_submit.py:490} INFO - 25/04/27 12:38:02 INFO DAGScheduler: waiting: Set()
[2025-04-27T12:38:02.611+0000] {spark_submit.py:490} INFO - 25/04/27 12:38:02 INFO DAGScheduler: failed: Set()
[2025-04-27T12:38:02.633+0000] {spark_submit.py:490} INFO - 25/04/27 12:38:02 INFO CodeGenerator: Code generated in 10.767988 ms
[2025-04-27T12:38:02.651+0000] {spark_submit.py:490} INFO - 25/04/27 12:38:02 INFO SparkContext: Starting job: count at NativeMethodAccessorImpl.java:0
[2025-04-27T12:38:02.652+0000] {spark_submit.py:490} INFO - 25/04/27 12:38:02 INFO DAGScheduler: Got job 9 (count at NativeMethodAccessorImpl.java:0) with 1 output partitions
[2025-04-27T12:38:02.652+0000] {spark_submit.py:490} INFO - 25/04/27 12:38:02 INFO DAGScheduler: Final stage: ResultStage 17 (count at NativeMethodAccessorImpl.java:0)
[2025-04-27T12:38:02.652+0000] {spark_submit.py:490} INFO - 25/04/27 12:38:02 INFO DAGScheduler: Parents of final stage: List(ShuffleMapStage 16)
[2025-04-27T12:38:02.652+0000] {spark_submit.py:490} INFO - 25/04/27 12:38:02 INFO DAGScheduler: Missing parents: List()
[2025-04-27T12:38:02.653+0000] {spark_submit.py:490} INFO - 25/04/27 12:38:02 INFO DAGScheduler: Submitting ResultStage 17 (MapPartitionsRDD[38] at count at NativeMethodAccessorImpl.java:0), which has no missing parents
[2025-04-27T12:38:02.655+0000] {spark_submit.py:490} INFO - 25/04/27 12:38:02 INFO MemoryStore: Block broadcast_9 stored as values in memory (estimated size 11.1 KiB, free 434.3 MiB)
[2025-04-27T12:38:02.657+0000] {spark_submit.py:490} INFO - 25/04/27 12:38:02 INFO MemoryStore: Block broadcast_9_piece0 stored as bytes in memory (estimated size 5.5 KiB, free 434.3 MiB)
[2025-04-27T12:38:02.658+0000] {spark_submit.py:490} INFO - 25/04/27 12:38:02 INFO BlockManagerInfo: Added broadcast_9_piece0 in memory on 6780dda4d52a:38991 (size: 5.5 KiB, free: 434.4 MiB)
[2025-04-27T12:38:02.658+0000] {spark_submit.py:490} INFO - 25/04/27 12:38:02 INFO SparkContext: Created broadcast 9 from broadcast at DAGScheduler.scala:1513
[2025-04-27T12:38:02.659+0000] {spark_submit.py:490} INFO - 25/04/27 12:38:02 INFO DAGScheduler: Submitting 1 missing tasks from ResultStage 17 (MapPartitionsRDD[38] at count at NativeMethodAccessorImpl.java:0) (first 15 tasks are for partitions Vector(0))
[2025-04-27T12:38:02.659+0000] {spark_submit.py:490} INFO - 25/04/27 12:38:02 INFO TaskSchedulerImpl: Adding task set 17.0 with 1 tasks resource profile 0
[2025-04-27T12:38:02.661+0000] {spark_submit.py:490} INFO - 25/04/27 12:38:02 INFO TaskSetManager: Starting task 0.0 in stage 17.0 (TID 10) (172.18.0.5, executor 0, partition 0, NODE_LOCAL, 4457 bytes) taskResourceAssignments Map()
[2025-04-27T12:38:02.674+0000] {spark_submit.py:490} INFO - 25/04/27 12:38:02 INFO BlockManagerInfo: Added broadcast_9_piece0 in memory on 172.18.0.5:34365 (size: 5.5 KiB, free: 366.3 MiB)
[2025-04-27T12:38:02.680+0000] {spark_submit.py:490} INFO - 25/04/27 12:38:02 INFO MapOutputTrackerMasterEndpoint: Asked to send map output locations for shuffle 5 to 172.18.0.5:57832
[2025-04-27T12:38:02.697+0000] {spark_submit.py:490} INFO - 25/04/27 12:38:02 INFO TaskSetManager: Finished task 0.0 in stage 17.0 (TID 10) in 37 ms on 172.18.0.5 (executor 0) (1/1)
[2025-04-27T12:38:02.698+0000] {spark_submit.py:490} INFO - 25/04/27 12:38:02 INFO TaskSchedulerImpl: Removed TaskSet 17.0, whose tasks have all completed, from pool
[2025-04-27T12:38:02.698+0000] {spark_submit.py:490} INFO - 25/04/27 12:38:02 INFO DAGScheduler: ResultStage 17 (count at NativeMethodAccessorImpl.java:0) finished in 0.044 s
[2025-04-27T12:38:02.698+0000] {spark_submit.py:490} INFO - 25/04/27 12:38:02 INFO DAGScheduler: Job 9 is finished. Cancelling potential speculative or zombie tasks for this job
[2025-04-27T12:38:02.699+0000] {spark_submit.py:490} INFO - 25/04/27 12:38:02 INFO TaskSchedulerImpl: Killing all running tasks in stage 17: Stage finished
[2025-04-27T12:38:02.699+0000] {spark_submit.py:490} INFO - 25/04/27 12:38:02 INFO DAGScheduler: Job 9 finished: count at NativeMethodAccessorImpl.java:0, took 0.047777 s
[2025-04-27T12:38:02.700+0000] {spark_submit.py:490} INFO - INFO:__main__:Объединение результатов выполнено, итого записей: 350
[2025-04-27T12:38:02.862+0000] {spark_submit.py:490} INFO - 25/04/27 12:38:02 INFO CodeGenerator: Code generated in 12.867428 ms
[2025-04-27T12:38:02.866+0000] {spark_submit.py:490} INFO - 25/04/27 12:38:02 INFO DAGScheduler: Registering RDD 42 (jdbc at NativeMethodAccessorImpl.java:0) as input to shuffle 6
[2025-04-27T12:38:02.867+0000] {spark_submit.py:490} INFO - 25/04/27 12:38:02 INFO DAGScheduler: Got map stage job 10 (jdbc at NativeMethodAccessorImpl.java:0) with 1 output partitions
[2025-04-27T12:38:02.867+0000] {spark_submit.py:490} INFO - 25/04/27 12:38:02 INFO DAGScheduler: Final stage: ShuffleMapStage 18 (jdbc at NativeMethodAccessorImpl.java:0)
[2025-04-27T12:38:02.867+0000] {spark_submit.py:490} INFO - 25/04/27 12:38:02 INFO DAGScheduler: Parents of final stage: List()
[2025-04-27T12:38:02.867+0000] {spark_submit.py:490} INFO - 25/04/27 12:38:02 INFO DAGScheduler: Missing parents: List()
[2025-04-27T12:38:02.868+0000] {spark_submit.py:490} INFO - 25/04/27 12:38:02 INFO DAGScheduler: Submitting ShuffleMapStage 18 (MapPartitionsRDD[42] at jdbc at NativeMethodAccessorImpl.java:0), which has no missing parents
[2025-04-27T12:38:02.872+0000] {spark_submit.py:490} INFO - 25/04/27 12:38:02 INFO MemoryStore: Block broadcast_10 stored as values in memory (estimated size 16.3 KiB, free 434.3 MiB)
[2025-04-27T12:38:02.884+0000] {spark_submit.py:490} INFO - 25/04/27 12:38:02 INFO MemoryStore: Block broadcast_10_piece0 stored as bytes in memory (estimated size 7.9 KiB, free 434.3 MiB)
[2025-04-27T12:38:02.885+0000] {spark_submit.py:490} INFO - 25/04/27 12:38:02 INFO BlockManagerInfo: Added broadcast_10_piece0 in memory on 6780dda4d52a:38991 (size: 7.9 KiB, free: 434.4 MiB)
[2025-04-27T12:38:02.885+0000] {spark_submit.py:490} INFO - 25/04/27 12:38:02 INFO SparkContext: Created broadcast 10 from broadcast at DAGScheduler.scala:1513
[2025-04-27T12:38:02.885+0000] {spark_submit.py:490} INFO - 25/04/27 12:38:02 INFO DAGScheduler: Submitting 1 missing tasks from ShuffleMapStage 18 (MapPartitionsRDD[42] at jdbc at NativeMethodAccessorImpl.java:0) (first 15 tasks are for partitions Vector(0))
[2025-04-27T12:38:02.886+0000] {spark_submit.py:490} INFO - 25/04/27 12:38:02 INFO TaskSchedulerImpl: Adding task set 18.0 with 1 tasks resource profile 0
[2025-04-27T12:38:02.886+0000] {spark_submit.py:490} INFO - 25/04/27 12:38:02 INFO BlockManagerInfo: Removed broadcast_9_piece0 on 6780dda4d52a:38991 in memory (size: 5.5 KiB, free: 434.4 MiB)
[2025-04-27T12:38:02.887+0000] {spark_submit.py:490} INFO - 25/04/27 12:38:02 INFO TaskSetManager: Starting task 0.0 in stage 18.0 (TID 11) (172.18.0.5, executor 0, partition 0, PROCESS_LOCAL, 4292 bytes) taskResourceAssignments Map()
[2025-04-27T12:38:02.888+0000] {spark_submit.py:490} INFO - 25/04/27 12:38:02 INFO BlockManagerInfo: Removed broadcast_9_piece0 on 172.18.0.5:34365 in memory (size: 5.5 KiB, free: 366.3 MiB)
[2025-04-27T12:38:02.902+0000] {spark_submit.py:490} INFO - 25/04/27 12:38:02 INFO BlockManagerInfo: Removed broadcast_7_piece0 on 6780dda4d52a:38991 in memory (size: 7.3 KiB, free: 434.4 MiB)
[2025-04-27T12:38:02.903+0000] {spark_submit.py:490} INFO - 25/04/27 12:38:02 INFO BlockManagerInfo: Removed broadcast_7_piece0 on 172.18.0.5:34365 in memory (size: 7.3 KiB, free: 366.3 MiB)
[2025-04-27T12:38:02.905+0000] {spark_submit.py:490} INFO - 25/04/27 12:38:02 INFO BlockManagerInfo: Added broadcast_10_piece0 in memory on 172.18.0.5:34365 (size: 7.9 KiB, free: 366.3 MiB)
[2025-04-27T12:38:02.936+0000] {spark_submit.py:490} INFO - 25/04/27 12:38:02 INFO BlockManagerInfo: Removed broadcast_8_piece0 on 172.18.0.5:34365 in memory (size: 17.8 KiB, free: 366.3 MiB)
[2025-04-27T12:38:02.938+0000] {spark_submit.py:490} INFO - 25/04/27 12:38:02 INFO BlockManagerInfo: Removed broadcast_8_piece0 on 6780dda4d52a:38991 in memory (size: 17.8 KiB, free: 434.4 MiB)
[2025-04-27T12:38:03.005+0000] {spark_submit.py:490} INFO - 25/04/27 12:38:03 INFO TaskSetManager: Finished task 0.0 in stage 18.0 (TID 11) in 118 ms on 172.18.0.5 (executor 0) (1/1)
[2025-04-27T12:38:03.006+0000] {spark_submit.py:490} INFO - 25/04/27 12:38:03 INFO TaskSchedulerImpl: Removed TaskSet 18.0, whose tasks have all completed, from pool
[2025-04-27T12:38:03.007+0000] {spark_submit.py:490} INFO - 25/04/27 12:38:03 INFO DAGScheduler: ShuffleMapStage 18 (jdbc at NativeMethodAccessorImpl.java:0) finished in 0.138 s
[2025-04-27T12:38:03.008+0000] {spark_submit.py:490} INFO - 25/04/27 12:38:03 INFO DAGScheduler: looking for newly runnable stages
[2025-04-27T12:38:03.008+0000] {spark_submit.py:490} INFO - 25/04/27 12:38:03 INFO DAGScheduler: running: Set()
[2025-04-27T12:38:03.008+0000] {spark_submit.py:490} INFO - 25/04/27 12:38:03 INFO DAGScheduler: waiting: Set()
[2025-04-27T12:38:03.009+0000] {spark_submit.py:490} INFO - 25/04/27 12:38:03 INFO DAGScheduler: failed: Set()
[2025-04-27T12:38:03.017+0000] {spark_submit.py:490} INFO - 25/04/27 12:38:03 INFO ShufflePartitionsUtil: For shuffle(6), advisory target size: 67108864, actual target size 1048576, minimum partition size: 1048576
[2025-04-27T12:38:03.035+0000] {spark_submit.py:490} INFO - 25/04/27 12:38:03 INFO CodeGenerator: Code generated in 11.702709 ms
[2025-04-27T12:38:03.054+0000] {spark_submit.py:490} INFO - 25/04/27 12:38:03 INFO CodeGenerator: Code generated in 10.494722 ms
[2025-04-27T12:38:03.093+0000] {spark_submit.py:490} INFO - 25/04/27 12:38:03 INFO SparkContext: Starting job: jdbc at NativeMethodAccessorImpl.java:0
[2025-04-27T12:38:03.094+0000] {spark_submit.py:490} INFO - 25/04/27 12:38:03 INFO DAGScheduler: Got job 11 (jdbc at NativeMethodAccessorImpl.java:0) with 2 output partitions
[2025-04-27T12:38:03.094+0000] {spark_submit.py:490} INFO - 25/04/27 12:38:03 INFO DAGScheduler: Final stage: ResultStage 20 (jdbc at NativeMethodAccessorImpl.java:0)
[2025-04-27T12:38:03.094+0000] {spark_submit.py:490} INFO - 25/04/27 12:38:03 INFO DAGScheduler: Parents of final stage: List(ShuffleMapStage 19)
[2025-04-27T12:38:03.095+0000] {spark_submit.py:490} INFO - 25/04/27 12:38:03 INFO DAGScheduler: Missing parents: List()
[2025-04-27T12:38:03.096+0000] {spark_submit.py:490} INFO - 25/04/27 12:38:03 INFO DAGScheduler: Submitting ResultStage 20 (MapPartitionsRDD[52] at jdbc at NativeMethodAccessorImpl.java:0), which has no missing parents
[2025-04-27T12:38:03.117+0000] {spark_submit.py:490} INFO - 25/04/27 12:38:03 INFO MemoryStore: Block broadcast_11 stored as values in memory (estimated size 54.6 KiB, free 434.3 MiB)
[2025-04-27T12:38:03.118+0000] {spark_submit.py:490} INFO - 25/04/27 12:38:03 INFO MemoryStore: Block broadcast_11_piece0 stored as bytes in memory (estimated size 23.4 KiB, free 434.3 MiB)
[2025-04-27T12:38:03.119+0000] {spark_submit.py:490} INFO - 25/04/27 12:38:03 INFO BlockManagerInfo: Added broadcast_11_piece0 in memory on 6780dda4d52a:38991 (size: 23.4 KiB, free: 434.4 MiB)
[2025-04-27T12:38:03.119+0000] {spark_submit.py:490} INFO - 25/04/27 12:38:03 INFO SparkContext: Created broadcast 11 from broadcast at DAGScheduler.scala:1513
[2025-04-27T12:38:03.120+0000] {spark_submit.py:490} INFO - 25/04/27 12:38:03 INFO DAGScheduler: Submitting 2 missing tasks from ResultStage 20 (MapPartitionsRDD[52] at jdbc at NativeMethodAccessorImpl.java:0) (first 15 tasks are for partitions Vector(0, 1))
[2025-04-27T12:38:03.120+0000] {spark_submit.py:490} INFO - 25/04/27 12:38:03 INFO TaskSchedulerImpl: Adding task set 20.0 with 2 tasks resource profile 0
[2025-04-27T12:38:03.121+0000] {spark_submit.py:490} INFO - 25/04/27 12:38:03 INFO TaskSetManager: Starting task 1.0 in stage 20.0 (TID 12) (172.18.0.5, executor 0, partition 1, NODE_LOCAL, 4566 bytes) taskResourceAssignments Map()
[2025-04-27T12:38:03.131+0000] {spark_submit.py:490} INFO - 25/04/27 12:38:03 INFO BlockManagerInfo: Added broadcast_11_piece0 in memory on 172.18.0.5:34365 (size: 23.4 KiB, free: 366.3 MiB)
[2025-04-27T12:38:03.281+0000] {spark_submit.py:490} INFO - 25/04/27 12:38:03 INFO MapOutputTrackerMasterEndpoint: Asked to send map output locations for shuffle 6 to 172.18.0.5:57832
[2025-04-27T12:38:04.234+0000] {spark_submit.py:490} INFO - 25/04/27 12:38:04 INFO TaskSetManager: Starting task 0.0 in stage 20.0 (TID 13) (172.18.0.5, executor 0, partition 0, PROCESS_LOCAL, 4412 bytes) taskResourceAssignments Map()
[2025-04-27T12:38:04.235+0000] {spark_submit.py:490} INFO - 25/04/27 12:38:04 INFO TaskSetManager: Finished task 1.0 in stage 20.0 (TID 12) in 1114 ms on 172.18.0.5 (executor 0) (1/2)
[2025-04-27T12:38:04.311+0000] {spark_submit.py:490} INFO - 25/04/27 12:38:04 INFO TaskSetManager: Finished task 0.0 in stage 20.0 (TID 13) in 77 ms on 172.18.0.5 (executor 0) (2/2)
[2025-04-27T12:38:04.311+0000] {spark_submit.py:490} INFO - 25/04/27 12:38:04 INFO TaskSchedulerImpl: Removed TaskSet 20.0, whose tasks have all completed, from pool
[2025-04-27T12:38:04.312+0000] {spark_submit.py:490} INFO - 25/04/27 12:38:04 INFO DAGScheduler: ResultStage 20 (jdbc at NativeMethodAccessorImpl.java:0) finished in 1.211 s
[2025-04-27T12:38:04.312+0000] {spark_submit.py:490} INFO - 25/04/27 12:38:04 INFO DAGScheduler: Job 11 is finished. Cancelling potential speculative or zombie tasks for this job
[2025-04-27T12:38:04.312+0000] {spark_submit.py:490} INFO - 25/04/27 12:38:04 INFO TaskSchedulerImpl: Killing all running tasks in stage 20: Stage finished
[2025-04-27T12:38:04.312+0000] {spark_submit.py:490} INFO - 25/04/27 12:38:04 INFO DAGScheduler: Job 11 finished: jdbc at NativeMethodAccessorImpl.java:0, took 1.219421 s
[2025-04-27T12:38:04.325+0000] {spark_submit.py:490} INFO - INFO:__main__:Запись в mart.suspicious_transactions завершена
[2025-04-27T12:38:04.333+0000] {spark_submit.py:490} INFO - 25/04/27 12:38:04 INFO SparkUI: Stopped Spark web UI at http://6780dda4d52a:4040
[2025-04-27T12:38:04.335+0000] {spark_submit.py:490} INFO - 25/04/27 12:38:04 INFO StandaloneSchedulerBackend: Shutting down all executors
[2025-04-27T12:38:04.335+0000] {spark_submit.py:490} INFO - 25/04/27 12:38:04 INFO CoarseGrainedSchedulerBackend$DriverEndpoint: Asking each executor to shut down
[2025-04-27T12:38:04.352+0000] {spark_submit.py:490} INFO - 25/04/27 12:38:04 INFO MapOutputTrackerMasterEndpoint: MapOutputTrackerMasterEndpoint stopped!
[2025-04-27T12:38:04.365+0000] {spark_submit.py:490} INFO - 25/04/27 12:38:04 INFO MemoryStore: MemoryStore cleared
[2025-04-27T12:38:04.366+0000] {spark_submit.py:490} INFO - 25/04/27 12:38:04 INFO BlockManager: BlockManager stopped
[2025-04-27T12:38:04.371+0000] {spark_submit.py:490} INFO - 25/04/27 12:38:04 INFO BlockManagerMaster: BlockManagerMaster stopped
[2025-04-27T12:38:04.374+0000] {spark_submit.py:490} INFO - 25/04/27 12:38:04 INFO OutputCommitCoordinator$OutputCommitCoordinatorEndpoint: OutputCommitCoordinator stopped!
[2025-04-27T12:38:04.381+0000] {spark_submit.py:490} INFO - 25/04/27 12:38:04 INFO SparkContext: Successfully stopped SparkContext
[2025-04-27T12:38:04.552+0000] {spark_submit.py:490} INFO - INFO:__main__:SparkSession остановлен
[2025-04-27T12:38:04.578+0000] {spark_submit.py:490} INFO - 25/04/27 12:38:04 INFO ShutdownHookManager: Shutdown hook called
[2025-04-27T12:38:04.578+0000] {spark_submit.py:490} INFO - 25/04/27 12:38:04 INFO ShutdownHookManager: Deleting directory /tmp/spark-706ee94f-2a31-45ca-992c-cb8ae0f75a1b/pyspark-f12ff3eb-d79f-4231-910e-798dec409126
[2025-04-27T12:38:04.580+0000] {spark_submit.py:490} INFO - 25/04/27 12:38:04 INFO ShutdownHookManager: Deleting directory /tmp/spark-706ee94f-2a31-45ca-992c-cb8ae0f75a1b
[2025-04-27T12:38:04.582+0000] {spark_submit.py:490} INFO - 25/04/27 12:38:04 INFO ShutdownHookManager: Deleting directory /tmp/spark-49a34731-cdd1-4fe7-83a4-0e4dfc3e9cf3
[2025-04-27T12:38:04.634+0000] {taskinstance.py:1350} INFO - Marking task as SUCCESS. dag_id=transform, task_id=detect_suspicious, execution_date=20250427T123741, start_date=20250427T123751, end_date=20250427T123804
[2025-04-27T12:38:04.672+0000] {local_task_job_runner.py:225} INFO - Task exited with return code 0
[2025-04-27T12:38:04.700+0000] {taskinstance.py:2653} INFO - 0 downstream tasks scheduled from follow-on schedule check
