[2025-04-30T11:19:47.997+0000] {taskinstance.py:1103} INFO - Dependencies all met for dep_context=non-requeueable deps ti=<TaskInstance: transform.detect_suspicious manual__2025-04-30T11:19:38.537971+00:00 [queued]>
[2025-04-30T11:19:48.002+0000] {taskinstance.py:1103} INFO - Dependencies all met for dep_context=requeueable deps ti=<TaskInstance: transform.detect_suspicious manual__2025-04-30T11:19:38.537971+00:00 [queued]>
[2025-04-30T11:19:48.003+0000] {taskinstance.py:1308} INFO - Starting attempt 1 of 2
[2025-04-30T11:19:48.012+0000] {taskinstance.py:1327} INFO - Executing <Task(SparkSubmitOperator): detect_suspicious> on 2025-04-30 11:19:38.537971+00:00
[2025-04-30T11:19:48.016+0000] {standard_task_runner.py:57} INFO - Started process 30289 to run task
[2025-04-30T11:19:48.018+0000] {standard_task_runner.py:84} INFO - Running: ['airflow', 'tasks', 'run', 'transform', 'detect_suspicious', 'manual__2025-04-30T11:19:38.537971+00:00', '--job-id', '26', '--raw', '--subdir', 'DAGS_FOLDER/transform.py', '--cfg-path', '/tmp/tmpvefwluej']
[2025-04-30T11:19:48.019+0000] {standard_task_runner.py:85} INFO - Job 26: Subtask detect_suspicious
[2025-04-30T11:19:48.055+0000] {task_command.py:410} INFO - Running <TaskInstance: transform.detect_suspicious manual__2025-04-30T11:19:38.537971+00:00 [running]> on host f349d8d6503e
[2025-04-30T11:19:48.189+0000] {taskinstance.py:1547} INFO - Exporting env vars: AIRFLOW_CTX_DAG_OWNER='finbest' AIRFLOW_CTX_DAG_ID='transform' AIRFLOW_CTX_TASK_ID='detect_suspicious' AIRFLOW_CTX_EXECUTION_DATE='2025-04-30T11:19:38.537971+00:00' AIRFLOW_CTX_TRY_NUMBER='1' AIRFLOW_CTX_DAG_RUN_ID='manual__2025-04-30T11:19:38.537971+00:00'
[2025-04-30T11:19:48.198+0000] {base.py:73} INFO - Using connection ID 'spark_default' for task execution.
[2025-04-30T11:19:48.199+0000] {spark_submit.py:339} INFO - Spark-Submit cmd: spark-submit --master spark://spark-master:7077 --packages org.postgresql:postgresql:42.6.0,ru.yandex.clickhouse:clickhouse-jdbc:0.3.2 --executor-cores 1 --executor-memory 1g --driver-memory 1g --name arrow-spark /opt/airflow/spark/detect_suspicious.py --jdbc jdbc:postgresql://postgres:5432/finbest --clickhouse-url jdbc:clickhouse://clickhouse:8123/finbest
[2025-04-30T11:19:49.784+0000] {spark_submit.py:490} INFO - :: loading settings :: url = jar:file:/opt/spark/jars/ivy-2.5.0.jar!/org/apache/ivy/core/settings/ivysettings.xml
[2025-04-30T11:19:49.867+0000] {spark_submit.py:490} INFO - Ivy Default Cache set to: /home/airflow/.ivy2/cache
[2025-04-30T11:19:49.867+0000] {spark_submit.py:490} INFO - The jars for the packages stored in: /home/airflow/.ivy2/jars
[2025-04-30T11:19:49.871+0000] {spark_submit.py:490} INFO - org.postgresql#postgresql added as a dependency
[2025-04-30T11:19:49.872+0000] {spark_submit.py:490} INFO - ru.yandex.clickhouse#clickhouse-jdbc added as a dependency
[2025-04-30T11:19:49.872+0000] {spark_submit.py:490} INFO - :: resolving dependencies :: org.apache.spark#spark-submit-parent-de6646a3-b0bb-40c2-a3c6-4883dfe2e423;1.0
[2025-04-30T11:19:49.872+0000] {spark_submit.py:490} INFO - confs: [default]
[2025-04-30T11:19:49.967+0000] {spark_submit.py:490} INFO - found org.postgresql#postgresql;42.6.0 in central
[2025-04-30T11:19:49.982+0000] {spark_submit.py:490} INFO - found org.checkerframework#checker-qual;3.31.0 in central
[2025-04-30T11:19:49.997+0000] {spark_submit.py:490} INFO - found ru.yandex.clickhouse#clickhouse-jdbc;0.3.2 in central
[2025-04-30T11:19:50.016+0000] {spark_submit.py:490} INFO - found com.clickhouse#clickhouse-http-client;0.3.2 in central
[2025-04-30T11:19:50.033+0000] {spark_submit.py:490} INFO - found com.clickhouse#clickhouse-client;0.3.2 in central
[2025-04-30T11:19:50.047+0000] {spark_submit.py:490} INFO - found org.lz4#lz4-java;1.8.0 in central
[2025-04-30T11:19:50.064+0000] {spark_submit.py:490} INFO - found com.google.code.gson#gson;2.8.8 in central
[2025-04-30T11:19:50.082+0000] {spark_submit.py:490} INFO - found org.apache.httpcomponents#httpclient;4.5.13 in central
[2025-04-30T11:19:50.098+0000] {spark_submit.py:490} INFO - found org.apache.httpcomponents#httpcore;4.4.13 in central
[2025-04-30T11:19:50.113+0000] {spark_submit.py:490} INFO - found commons-logging#commons-logging;1.2 in central
[2025-04-30T11:19:50.128+0000] {spark_submit.py:490} INFO - found commons-codec#commons-codec;1.11 in central
[2025-04-30T11:19:50.141+0000] {spark_submit.py:490} INFO - found org.apache.httpcomponents#httpmime;4.5.13 in central
[2025-04-30T11:19:50.164+0000] {spark_submit.py:490} INFO - :: resolution report :: resolve 280ms :: artifacts dl 12ms
[2025-04-30T11:19:50.165+0000] {spark_submit.py:490} INFO - :: modules in use:
[2025-04-30T11:19:50.165+0000] {spark_submit.py:490} INFO - com.clickhouse#clickhouse-client;0.3.2 from central in [default]
[2025-04-30T11:19:50.165+0000] {spark_submit.py:490} INFO - com.clickhouse#clickhouse-http-client;0.3.2 from central in [default]
[2025-04-30T11:19:50.165+0000] {spark_submit.py:490} INFO - com.google.code.gson#gson;2.8.8 from central in [default]
[2025-04-30T11:19:50.165+0000] {spark_submit.py:490} INFO - commons-codec#commons-codec;1.11 from central in [default]
[2025-04-30T11:19:50.165+0000] {spark_submit.py:490} INFO - commons-logging#commons-logging;1.2 from central in [default]
[2025-04-30T11:19:50.165+0000] {spark_submit.py:490} INFO - org.apache.httpcomponents#httpclient;4.5.13 from central in [default]
[2025-04-30T11:19:50.165+0000] {spark_submit.py:490} INFO - org.apache.httpcomponents#httpcore;4.4.13 from central in [default]
[2025-04-30T11:19:50.166+0000] {spark_submit.py:490} INFO - org.apache.httpcomponents#httpmime;4.5.13 from central in [default]
[2025-04-30T11:19:50.166+0000] {spark_submit.py:490} INFO - org.checkerframework#checker-qual;3.31.0 from central in [default]
[2025-04-30T11:19:50.166+0000] {spark_submit.py:490} INFO - org.lz4#lz4-java;1.8.0 from central in [default]
[2025-04-30T11:19:50.166+0000] {spark_submit.py:490} INFO - org.postgresql#postgresql;42.6.0 from central in [default]
[2025-04-30T11:19:50.166+0000] {spark_submit.py:490} INFO - ru.yandex.clickhouse#clickhouse-jdbc;0.3.2 from central in [default]
[2025-04-30T11:19:50.166+0000] {spark_submit.py:490} INFO - ---------------------------------------------------------------------
[2025-04-30T11:19:50.166+0000] {spark_submit.py:490} INFO - |                  |            modules            ||   artifacts   |
[2025-04-30T11:19:50.166+0000] {spark_submit.py:490} INFO - |       conf       | number| search|dwnlded|evicted|| number|dwnlded|
[2025-04-30T11:19:50.166+0000] {spark_submit.py:490} INFO - ---------------------------------------------------------------------
[2025-04-30T11:19:50.166+0000] {spark_submit.py:490} INFO - |      default     |   12  |   0   |   0   |   0   ||   12  |   0   |
[2025-04-30T11:19:50.166+0000] {spark_submit.py:490} INFO - ---------------------------------------------------------------------
[2025-04-30T11:19:50.170+0000] {spark_submit.py:490} INFO - :: retrieving :: org.apache.spark#spark-submit-parent-de6646a3-b0bb-40c2-a3c6-4883dfe2e423
[2025-04-30T11:19:50.170+0000] {spark_submit.py:490} INFO - confs: [default]
[2025-04-30T11:19:50.178+0000] {spark_submit.py:490} INFO - 0 artifacts copied, 12 already retrieved (0kB/8ms)
[2025-04-30T11:19:50.417+0000] {spark_submit.py:490} INFO - 25/04/30 11:19:50 WARN NativeCodeLoader: Unable to load native-hadoop library for your platform... using builtin-java classes where applicable
[2025-04-30T11:19:51.373+0000] {spark_submit.py:490} INFO - 25/04/30 11:19:51 INFO SparkContext: Running Spark version 3.3.0
[2025-04-30T11:19:51.392+0000] {spark_submit.py:490} INFO - 25/04/30 11:19:51 INFO ResourceUtils: ==============================================================
[2025-04-30T11:19:51.393+0000] {spark_submit.py:490} INFO - 25/04/30 11:19:51 INFO ResourceUtils: No custom resources configured for spark.driver.
[2025-04-30T11:19:51.393+0000] {spark_submit.py:490} INFO - 25/04/30 11:19:51 INFO ResourceUtils: ==============================================================
[2025-04-30T11:19:51.393+0000] {spark_submit.py:490} INFO - 25/04/30 11:19:51 INFO SparkContext: Submitted application: FinBestDetect
[2025-04-30T11:19:51.416+0000] {spark_submit.py:490} INFO - 25/04/30 11:19:51 INFO ResourceProfile: Default ResourceProfile created, executor resources: Map(cores -> name: cores, amount: 1, script: , vendor: , memory -> name: memory, amount: 1024, script: , vendor: , offHeap -> name: offHeap, amount: 0, script: , vendor: ), task resources: Map(cpus -> name: cpus, amount: 1.0)
[2025-04-30T11:19:51.427+0000] {spark_submit.py:490} INFO - 25/04/30 11:19:51 INFO ResourceProfile: Limiting resource is cpus at 1 tasks per executor
[2025-04-30T11:19:51.428+0000] {spark_submit.py:490} INFO - 25/04/30 11:19:51 INFO ResourceProfileManager: Added ResourceProfile id: 0
[2025-04-30T11:19:51.499+0000] {spark_submit.py:490} INFO - 25/04/30 11:19:51 INFO SecurityManager: Changing view acls to: airflow
[2025-04-30T11:19:51.499+0000] {spark_submit.py:490} INFO - 25/04/30 11:19:51 INFO SecurityManager: Changing modify acls to: airflow
[2025-04-30T11:19:51.500+0000] {spark_submit.py:490} INFO - 25/04/30 11:19:51 INFO SecurityManager: Changing view acls groups to:
[2025-04-30T11:19:51.500+0000] {spark_submit.py:490} INFO - 25/04/30 11:19:51 INFO SecurityManager: Changing modify acls groups to:
[2025-04-30T11:19:51.500+0000] {spark_submit.py:490} INFO - 25/04/30 11:19:51 INFO SecurityManager: SecurityManager: authentication disabled; ui acls disabled; users  with view permissions: Set(airflow); groups with view permissions: Set(); users  with modify permissions: Set(airflow); groups with modify permissions: Set()
[2025-04-30T11:19:51.805+0000] {spark_submit.py:490} INFO - 25/04/30 11:19:51 INFO Utils: Successfully started service 'sparkDriver' on port 45271.
[2025-04-30T11:19:51.833+0000] {spark_submit.py:490} INFO - 25/04/30 11:19:51 INFO SparkEnv: Registering MapOutputTracker
[2025-04-30T11:19:51.866+0000] {spark_submit.py:490} INFO - 25/04/30 11:19:51 INFO SparkEnv: Registering BlockManagerMaster
[2025-04-30T11:19:51.886+0000] {spark_submit.py:490} INFO - 25/04/30 11:19:51 INFO BlockManagerMasterEndpoint: Using org.apache.spark.storage.DefaultTopologyMapper for getting topology information
[2025-04-30T11:19:51.886+0000] {spark_submit.py:490} INFO - 25/04/30 11:19:51 INFO BlockManagerMasterEndpoint: BlockManagerMasterEndpoint up
[2025-04-30T11:19:51.892+0000] {spark_submit.py:490} INFO - 25/04/30 11:19:51 INFO SparkEnv: Registering BlockManagerMasterHeartbeat
[2025-04-30T11:19:51.913+0000] {spark_submit.py:490} INFO - 25/04/30 11:19:51 INFO DiskBlockManager: Created local directory at /tmp/blockmgr-0f3a2058-9bcb-4222-a351-ac021f437101
[2025-04-30T11:19:51.928+0000] {spark_submit.py:490} INFO - 25/04/30 11:19:51 INFO MemoryStore: MemoryStore started with capacity 434.4 MiB
[2025-04-30T11:19:51.942+0000] {spark_submit.py:490} INFO - 25/04/30 11:19:51 INFO SparkEnv: Registering OutputCommitCoordinator
[2025-04-30T11:19:52.116+0000] {spark_submit.py:490} INFO - 25/04/30 11:19:52 INFO Utils: Successfully started service 'SparkUI' on port 4040.
[2025-04-30T11:19:52.156+0000] {spark_submit.py:490} INFO - 25/04/30 11:19:52 INFO SparkContext: Added JAR file:///home/airflow/.ivy2/jars/org.postgresql_postgresql-42.6.0.jar at spark://f349d8d6503e:45271/jars/org.postgresql_postgresql-42.6.0.jar with timestamp 1746011991366
[2025-04-30T11:19:52.157+0000] {spark_submit.py:490} INFO - 25/04/30 11:19:52 INFO SparkContext: Added JAR file:///home/airflow/.ivy2/jars/ru.yandex.clickhouse_clickhouse-jdbc-0.3.2.jar at spark://f349d8d6503e:45271/jars/ru.yandex.clickhouse_clickhouse-jdbc-0.3.2.jar with timestamp 1746011991366
[2025-04-30T11:19:52.157+0000] {spark_submit.py:490} INFO - 25/04/30 11:19:52 INFO SparkContext: Added JAR file:///home/airflow/.ivy2/jars/org.checkerframework_checker-qual-3.31.0.jar at spark://f349d8d6503e:45271/jars/org.checkerframework_checker-qual-3.31.0.jar with timestamp 1746011991366
[2025-04-30T11:19:52.157+0000] {spark_submit.py:490} INFO - 25/04/30 11:19:52 INFO SparkContext: Added JAR file:///home/airflow/.ivy2/jars/com.clickhouse_clickhouse-http-client-0.3.2.jar at spark://f349d8d6503e:45271/jars/com.clickhouse_clickhouse-http-client-0.3.2.jar with timestamp 1746011991366
[2025-04-30T11:19:52.157+0000] {spark_submit.py:490} INFO - 25/04/30 11:19:52 INFO SparkContext: Added JAR file:///home/airflow/.ivy2/jars/com.google.code.gson_gson-2.8.8.jar at spark://f349d8d6503e:45271/jars/com.google.code.gson_gson-2.8.8.jar with timestamp 1746011991366
[2025-04-30T11:19:52.157+0000] {spark_submit.py:490} INFO - 25/04/30 11:19:52 INFO SparkContext: Added JAR file:///home/airflow/.ivy2/jars/org.apache.httpcomponents_httpclient-4.5.13.jar at spark://f349d8d6503e:45271/jars/org.apache.httpcomponents_httpclient-4.5.13.jar with timestamp 1746011991366
[2025-04-30T11:19:52.158+0000] {spark_submit.py:490} INFO - 25/04/30 11:19:52 INFO SparkContext: Added JAR file:///home/airflow/.ivy2/jars/org.apache.httpcomponents_httpmime-4.5.13.jar at spark://f349d8d6503e:45271/jars/org.apache.httpcomponents_httpmime-4.5.13.jar with timestamp 1746011991366
[2025-04-30T11:19:52.158+0000] {spark_submit.py:490} INFO - 25/04/30 11:19:52 INFO SparkContext: Added JAR file:///home/airflow/.ivy2/jars/org.lz4_lz4-java-1.8.0.jar at spark://f349d8d6503e:45271/jars/org.lz4_lz4-java-1.8.0.jar with timestamp 1746011991366
[2025-04-30T11:19:52.158+0000] {spark_submit.py:490} INFO - 25/04/30 11:19:52 INFO SparkContext: Added JAR file:///home/airflow/.ivy2/jars/com.clickhouse_clickhouse-client-0.3.2.jar at spark://f349d8d6503e:45271/jars/com.clickhouse_clickhouse-client-0.3.2.jar with timestamp 1746011991366
[2025-04-30T11:19:52.158+0000] {spark_submit.py:490} INFO - 25/04/30 11:19:52 INFO SparkContext: Added JAR file:///home/airflow/.ivy2/jars/org.apache.httpcomponents_httpcore-4.4.13.jar at spark://f349d8d6503e:45271/jars/org.apache.httpcomponents_httpcore-4.4.13.jar with timestamp 1746011991366
[2025-04-30T11:19:52.158+0000] {spark_submit.py:490} INFO - 25/04/30 11:19:52 INFO SparkContext: Added JAR file:///home/airflow/.ivy2/jars/commons-logging_commons-logging-1.2.jar at spark://f349d8d6503e:45271/jars/commons-logging_commons-logging-1.2.jar with timestamp 1746011991366
[2025-04-30T11:19:52.158+0000] {spark_submit.py:490} INFO - 25/04/30 11:19:52 INFO SparkContext: Added JAR file:///home/airflow/.ivy2/jars/commons-codec_commons-codec-1.11.jar at spark://f349d8d6503e:45271/jars/commons-codec_commons-codec-1.11.jar with timestamp 1746011991366
[2025-04-30T11:19:52.161+0000] {spark_submit.py:490} INFO - 25/04/30 11:19:52 INFO SparkContext: Added file file:///home/airflow/.ivy2/jars/org.postgresql_postgresql-42.6.0.jar at spark://f349d8d6503e:45271/files/org.postgresql_postgresql-42.6.0.jar with timestamp 1746011991366
[2025-04-30T11:19:52.163+0000] {spark_submit.py:490} INFO - 25/04/30 11:19:52 INFO Utils: Copying /home/airflow/.ivy2/jars/org.postgresql_postgresql-42.6.0.jar to /tmp/spark-20638479-1023-445b-99a4-2a7ecca53941/userFiles-4de5fac4-5f5a-43ff-94ca-b8d5139628af/org.postgresql_postgresql-42.6.0.jar
[2025-04-30T11:19:52.176+0000] {spark_submit.py:490} INFO - 25/04/30 11:19:52 INFO SparkContext: Added file file:///home/airflow/.ivy2/jars/ru.yandex.clickhouse_clickhouse-jdbc-0.3.2.jar at spark://f349d8d6503e:45271/files/ru.yandex.clickhouse_clickhouse-jdbc-0.3.2.jar with timestamp 1746011991366
[2025-04-30T11:19:52.177+0000] {spark_submit.py:490} INFO - 25/04/30 11:19:52 INFO Utils: Copying /home/airflow/.ivy2/jars/ru.yandex.clickhouse_clickhouse-jdbc-0.3.2.jar to /tmp/spark-20638479-1023-445b-99a4-2a7ecca53941/userFiles-4de5fac4-5f5a-43ff-94ca-b8d5139628af/ru.yandex.clickhouse_clickhouse-jdbc-0.3.2.jar
[2025-04-30T11:19:52.181+0000] {spark_submit.py:490} INFO - 25/04/30 11:19:52 INFO SparkContext: Added file file:///home/airflow/.ivy2/jars/org.checkerframework_checker-qual-3.31.0.jar at spark://f349d8d6503e:45271/files/org.checkerframework_checker-qual-3.31.0.jar with timestamp 1746011991366
[2025-04-30T11:19:52.181+0000] {spark_submit.py:490} INFO - 25/04/30 11:19:52 INFO Utils: Copying /home/airflow/.ivy2/jars/org.checkerframework_checker-qual-3.31.0.jar to /tmp/spark-20638479-1023-445b-99a4-2a7ecca53941/userFiles-4de5fac4-5f5a-43ff-94ca-b8d5139628af/org.checkerframework_checker-qual-3.31.0.jar
[2025-04-30T11:19:52.185+0000] {spark_submit.py:490} INFO - 25/04/30 11:19:52 INFO SparkContext: Added file file:///home/airflow/.ivy2/jars/com.clickhouse_clickhouse-http-client-0.3.2.jar at spark://f349d8d6503e:45271/files/com.clickhouse_clickhouse-http-client-0.3.2.jar with timestamp 1746011991366
[2025-04-30T11:19:52.185+0000] {spark_submit.py:490} INFO - 25/04/30 11:19:52 INFO Utils: Copying /home/airflow/.ivy2/jars/com.clickhouse_clickhouse-http-client-0.3.2.jar to /tmp/spark-20638479-1023-445b-99a4-2a7ecca53941/userFiles-4de5fac4-5f5a-43ff-94ca-b8d5139628af/com.clickhouse_clickhouse-http-client-0.3.2.jar
[2025-04-30T11:19:52.188+0000] {spark_submit.py:490} INFO - 25/04/30 11:19:52 INFO SparkContext: Added file file:///home/airflow/.ivy2/jars/com.google.code.gson_gson-2.8.8.jar at spark://f349d8d6503e:45271/files/com.google.code.gson_gson-2.8.8.jar with timestamp 1746011991366
[2025-04-30T11:19:52.189+0000] {spark_submit.py:490} INFO - 25/04/30 11:19:52 INFO Utils: Copying /home/airflow/.ivy2/jars/com.google.code.gson_gson-2.8.8.jar to /tmp/spark-20638479-1023-445b-99a4-2a7ecca53941/userFiles-4de5fac4-5f5a-43ff-94ca-b8d5139628af/com.google.code.gson_gson-2.8.8.jar
[2025-04-30T11:19:52.194+0000] {spark_submit.py:490} INFO - 25/04/30 11:19:52 INFO SparkContext: Added file file:///home/airflow/.ivy2/jars/org.apache.httpcomponents_httpclient-4.5.13.jar at spark://f349d8d6503e:45271/files/org.apache.httpcomponents_httpclient-4.5.13.jar with timestamp 1746011991366
[2025-04-30T11:19:52.194+0000] {spark_submit.py:490} INFO - 25/04/30 11:19:52 INFO Utils: Copying /home/airflow/.ivy2/jars/org.apache.httpcomponents_httpclient-4.5.13.jar to /tmp/spark-20638479-1023-445b-99a4-2a7ecca53941/userFiles-4de5fac4-5f5a-43ff-94ca-b8d5139628af/org.apache.httpcomponents_httpclient-4.5.13.jar
[2025-04-30T11:19:52.199+0000] {spark_submit.py:490} INFO - 25/04/30 11:19:52 INFO SparkContext: Added file file:///home/airflow/.ivy2/jars/org.apache.httpcomponents_httpmime-4.5.13.jar at spark://f349d8d6503e:45271/files/org.apache.httpcomponents_httpmime-4.5.13.jar with timestamp 1746011991366
[2025-04-30T11:19:52.199+0000] {spark_submit.py:490} INFO - 25/04/30 11:19:52 INFO Utils: Copying /home/airflow/.ivy2/jars/org.apache.httpcomponents_httpmime-4.5.13.jar to /tmp/spark-20638479-1023-445b-99a4-2a7ecca53941/userFiles-4de5fac4-5f5a-43ff-94ca-b8d5139628af/org.apache.httpcomponents_httpmime-4.5.13.jar
[2025-04-30T11:19:52.202+0000] {spark_submit.py:490} INFO - 25/04/30 11:19:52 INFO SparkContext: Added file file:///home/airflow/.ivy2/jars/org.lz4_lz4-java-1.8.0.jar at spark://f349d8d6503e:45271/files/org.lz4_lz4-java-1.8.0.jar with timestamp 1746011991366
[2025-04-30T11:19:52.203+0000] {spark_submit.py:490} INFO - 25/04/30 11:19:52 INFO Utils: Copying /home/airflow/.ivy2/jars/org.lz4_lz4-java-1.8.0.jar to /tmp/spark-20638479-1023-445b-99a4-2a7ecca53941/userFiles-4de5fac4-5f5a-43ff-94ca-b8d5139628af/org.lz4_lz4-java-1.8.0.jar
[2025-04-30T11:19:52.209+0000] {spark_submit.py:490} INFO - 25/04/30 11:19:52 INFO SparkContext: Added file file:///home/airflow/.ivy2/jars/com.clickhouse_clickhouse-client-0.3.2.jar at spark://f349d8d6503e:45271/files/com.clickhouse_clickhouse-client-0.3.2.jar with timestamp 1746011991366
[2025-04-30T11:19:52.209+0000] {spark_submit.py:490} INFO - 25/04/30 11:19:52 INFO Utils: Copying /home/airflow/.ivy2/jars/com.clickhouse_clickhouse-client-0.3.2.jar to /tmp/spark-20638479-1023-445b-99a4-2a7ecca53941/userFiles-4de5fac4-5f5a-43ff-94ca-b8d5139628af/com.clickhouse_clickhouse-client-0.3.2.jar
[2025-04-30T11:19:52.213+0000] {spark_submit.py:490} INFO - 25/04/30 11:19:52 INFO SparkContext: Added file file:///home/airflow/.ivy2/jars/org.apache.httpcomponents_httpcore-4.4.13.jar at spark://f349d8d6503e:45271/files/org.apache.httpcomponents_httpcore-4.4.13.jar with timestamp 1746011991366
[2025-04-30T11:19:52.213+0000] {spark_submit.py:490} INFO - 25/04/30 11:19:52 INFO Utils: Copying /home/airflow/.ivy2/jars/org.apache.httpcomponents_httpcore-4.4.13.jar to /tmp/spark-20638479-1023-445b-99a4-2a7ecca53941/userFiles-4de5fac4-5f5a-43ff-94ca-b8d5139628af/org.apache.httpcomponents_httpcore-4.4.13.jar
[2025-04-30T11:19:52.216+0000] {spark_submit.py:490} INFO - 25/04/30 11:19:52 INFO SparkContext: Added file file:///home/airflow/.ivy2/jars/commons-logging_commons-logging-1.2.jar at spark://f349d8d6503e:45271/files/commons-logging_commons-logging-1.2.jar with timestamp 1746011991366
[2025-04-30T11:19:52.216+0000] {spark_submit.py:490} INFO - 25/04/30 11:19:52 INFO Utils: Copying /home/airflow/.ivy2/jars/commons-logging_commons-logging-1.2.jar to /tmp/spark-20638479-1023-445b-99a4-2a7ecca53941/userFiles-4de5fac4-5f5a-43ff-94ca-b8d5139628af/commons-logging_commons-logging-1.2.jar
[2025-04-30T11:19:52.220+0000] {spark_submit.py:490} INFO - 25/04/30 11:19:52 INFO SparkContext: Added file file:///home/airflow/.ivy2/jars/commons-codec_commons-codec-1.11.jar at spark://f349d8d6503e:45271/files/commons-codec_commons-codec-1.11.jar with timestamp 1746011991366
[2025-04-30T11:19:52.220+0000] {spark_submit.py:490} INFO - 25/04/30 11:19:52 INFO Utils: Copying /home/airflow/.ivy2/jars/commons-codec_commons-codec-1.11.jar to /tmp/spark-20638479-1023-445b-99a4-2a7ecca53941/userFiles-4de5fac4-5f5a-43ff-94ca-b8d5139628af/commons-codec_commons-codec-1.11.jar
[2025-04-30T11:19:52.312+0000] {spark_submit.py:490} INFO - 25/04/30 11:19:52 INFO StandaloneAppClient$ClientEndpoint: Connecting to master spark://spark-master:7077...
[2025-04-30T11:19:52.350+0000] {spark_submit.py:490} INFO - 25/04/30 11:19:52 INFO TransportClientFactory: Successfully created connection to spark-master/172.18.0.3:7077 after 21 ms (0 ms spent in bootstraps)
[2025-04-30T11:19:52.520+0000] {spark_submit.py:490} INFO - 25/04/30 11:19:52 INFO StandaloneSchedulerBackend: Connected to Spark cluster with app ID app-20250430111952-0002
[2025-04-30T11:19:52.529+0000] {spark_submit.py:490} INFO - 25/04/30 11:19:52 INFO Utils: Successfully started service 'org.apache.spark.network.netty.NettyBlockTransferService' on port 46055.
[2025-04-30T11:19:52.529+0000] {spark_submit.py:490} INFO - 25/04/30 11:19:52 INFO NettyBlockTransferService: Server created on f349d8d6503e:46055
[2025-04-30T11:19:52.531+0000] {spark_submit.py:490} INFO - 25/04/30 11:19:52 INFO BlockManager: Using org.apache.spark.storage.RandomBlockReplicationPolicy for block replication policy
[2025-04-30T11:19:52.536+0000] {spark_submit.py:490} INFO - 25/04/30 11:19:52 INFO BlockManagerMaster: Registering BlockManager BlockManagerId(driver, f349d8d6503e, 46055, None)
[2025-04-30T11:19:52.540+0000] {spark_submit.py:490} INFO - 25/04/30 11:19:52 INFO BlockManagerMasterEndpoint: Registering block manager f349d8d6503e:46055 with 434.4 MiB RAM, BlockManagerId(driver, f349d8d6503e, 46055, None)
[2025-04-30T11:19:52.541+0000] {spark_submit.py:490} INFO - 25/04/30 11:19:52 INFO StandaloneAppClient$ClientEndpoint: Executor added: app-20250430111952-0002/0 on worker-20250429224836-172.18.0.5-44137 (172.18.0.5:44137) with 1 core(s)
[2025-04-30T11:19:52.543+0000] {spark_submit.py:490} INFO - 25/04/30 11:19:52 INFO StandaloneSchedulerBackend: Granted executor ID app-20250430111952-0002/0 on hostPort 172.18.0.5:44137 with 1 core(s), 1024.0 MiB RAM
[2025-04-30T11:19:52.544+0000] {spark_submit.py:490} INFO - 25/04/30 11:19:52 INFO BlockManagerMaster: Registered BlockManager BlockManagerId(driver, f349d8d6503e, 46055, None)
[2025-04-30T11:19:52.545+0000] {spark_submit.py:490} INFO - 25/04/30 11:19:52 INFO BlockManager: Initialized BlockManager: BlockManagerId(driver, f349d8d6503e, 46055, None)
[2025-04-30T11:19:52.697+0000] {spark_submit.py:490} INFO - 25/04/30 11:19:52 INFO StandaloneSchedulerBackend: SchedulerBackend is ready for scheduling beginning after reached minRegisteredResourcesRatio: 0.0
[2025-04-30T11:19:52.856+0000] {spark_submit.py:490} INFO - INFO:__main__:SparkSession создан
[2025-04-30T11:19:52.863+0000] {spark_submit.py:490} INFO - 25/04/30 11:19:52 INFO SharedState: Setting hive.metastore.warehouse.dir ('null') to the value of spark.sql.warehouse.dir.
[2025-04-30T11:19:52.865+0000] {spark_submit.py:490} INFO - 25/04/30 11:19:52 INFO SharedState: Warehouse path is 'file:/opt/airflow/spark-warehouse'.
[2025-04-30T11:19:52.914+0000] {spark_submit.py:490} INFO - 25/04/30 11:19:52 INFO StandaloneAppClient$ClientEndpoint: Executor updated: app-20250430111952-0002/0 is now RUNNING
[2025-04-30T11:19:55.690+0000] {spark_submit.py:490} INFO - 25/04/30 11:19:55 INFO CoarseGrainedSchedulerBackend$DriverEndpoint: Registered executor NettyRpcEndpointRef(spark-client://Executor) (172.18.0.5:51560) with ID 0,  ResourceProfileId 0
[2025-04-30T11:19:55.753+0000] {spark_submit.py:490} INFO - 25/04/30 11:19:55 INFO BlockManagerMasterEndpoint: Registering block manager 172.18.0.5:34939 with 366.3 MiB RAM, BlockManagerId(0, 172.18.0.5, 34939, None)
[2025-04-30T11:19:56.252+0000] {spark_submit.py:490} INFO - 25/04/30 11:19:56 INFO CodeGenerator: Code generated in 94.98274 ms
[2025-04-30T11:19:56.303+0000] {spark_submit.py:490} INFO - 25/04/30 11:19:56 INFO DAGScheduler: Registering RDD 2 (count at NativeMethodAccessorImpl.java:0) as input to shuffle 0
[2025-04-30T11:19:56.307+0000] {spark_submit.py:490} INFO - 25/04/30 11:19:56 INFO DAGScheduler: Got map stage job 0 (count at NativeMethodAccessorImpl.java:0) with 1 output partitions
[2025-04-30T11:19:56.307+0000] {spark_submit.py:490} INFO - 25/04/30 11:19:56 INFO DAGScheduler: Final stage: ShuffleMapStage 0 (count at NativeMethodAccessorImpl.java:0)
[2025-04-30T11:19:56.307+0000] {spark_submit.py:490} INFO - 25/04/30 11:19:56 INFO DAGScheduler: Parents of final stage: List()
[2025-04-30T11:19:56.308+0000] {spark_submit.py:490} INFO - 25/04/30 11:19:56 INFO DAGScheduler: Missing parents: List()
[2025-04-30T11:19:56.311+0000] {spark_submit.py:490} INFO - 25/04/30 11:19:56 INFO DAGScheduler: Submitting ShuffleMapStage 0 (MapPartitionsRDD[2] at count at NativeMethodAccessorImpl.java:0), which has no missing parents
[2025-04-30T11:19:56.397+0000] {spark_submit.py:490} INFO - 25/04/30 11:19:56 INFO MemoryStore: Block broadcast_0 stored as values in memory (estimated size 13.3 KiB, free 434.4 MiB)
[2025-04-30T11:19:56.424+0000] {spark_submit.py:490} INFO - 25/04/30 11:19:56 INFO MemoryStore: Block broadcast_0_piece0 stored as bytes in memory (estimated size 7.0 KiB, free 434.4 MiB)
[2025-04-30T11:19:56.426+0000] {spark_submit.py:490} INFO - 25/04/30 11:19:56 INFO BlockManagerInfo: Added broadcast_0_piece0 in memory on f349d8d6503e:46055 (size: 7.0 KiB, free: 434.4 MiB)
[2025-04-30T11:19:56.429+0000] {spark_submit.py:490} INFO - 25/04/30 11:19:56 INFO SparkContext: Created broadcast 0 from broadcast at DAGScheduler.scala:1513
[2025-04-30T11:19:56.444+0000] {spark_submit.py:490} INFO - 25/04/30 11:19:56 INFO DAGScheduler: Submitting 1 missing tasks from ShuffleMapStage 0 (MapPartitionsRDD[2] at count at NativeMethodAccessorImpl.java:0) (first 15 tasks are for partitions Vector(0))
[2025-04-30T11:19:56.446+0000] {spark_submit.py:490} INFO - 25/04/30 11:19:56 INFO TaskSchedulerImpl: Adding task set 0.0 with 1 tasks resource profile 0
[2025-04-30T11:19:56.492+0000] {spark_submit.py:490} INFO - 25/04/30 11:19:56 INFO TaskSetManager: Starting task 0.0 in stage 0.0 (TID 0) (172.18.0.5, executor 0, partition 0, PROCESS_LOCAL, 4292 bytes) taskResourceAssignments Map()
[2025-04-30T11:19:56.996+0000] {spark_submit.py:490} INFO - 25/04/30 11:19:56 INFO BlockManagerInfo: Added broadcast_0_piece0 in memory on 172.18.0.5:34939 (size: 7.0 KiB, free: 366.3 MiB)
[2025-04-30T11:19:57.983+0000] {spark_submit.py:490} INFO - 25/04/30 11:19:57 INFO TaskSetManager: Finished task 0.0 in stage 0.0 (TID 0) in 1509 ms on 172.18.0.5 (executor 0) (1/1)
[2025-04-30T11:19:57.985+0000] {spark_submit.py:490} INFO - 25/04/30 11:19:57 INFO TaskSchedulerImpl: Removed TaskSet 0.0, whose tasks have all completed, from pool
[2025-04-30T11:19:57.995+0000] {spark_submit.py:490} INFO - 25/04/30 11:19:57 INFO DAGScheduler: ShuffleMapStage 0 (count at NativeMethodAccessorImpl.java:0) finished in 1.673 s
[2025-04-30T11:19:57.995+0000] {spark_submit.py:490} INFO - 25/04/30 11:19:57 INFO DAGScheduler: looking for newly runnable stages
[2025-04-30T11:19:57.995+0000] {spark_submit.py:490} INFO - 25/04/30 11:19:57 INFO DAGScheduler: running: Set()
[2025-04-30T11:19:57.996+0000] {spark_submit.py:490} INFO - 25/04/30 11:19:57 INFO DAGScheduler: waiting: Set()
[2025-04-30T11:19:57.996+0000] {spark_submit.py:490} INFO - 25/04/30 11:19:57 INFO DAGScheduler: failed: Set()
[2025-04-30T11:19:58.035+0000] {spark_submit.py:490} INFO - 25/04/30 11:19:58 INFO CodeGenerator: Code generated in 9.523598 ms
[2025-04-30T11:19:58.076+0000] {spark_submit.py:490} INFO - 25/04/30 11:19:58 INFO SparkContext: Starting job: count at NativeMethodAccessorImpl.java:0
[2025-04-30T11:19:58.080+0000] {spark_submit.py:490} INFO - 25/04/30 11:19:58 INFO DAGScheduler: Got job 1 (count at NativeMethodAccessorImpl.java:0) with 1 output partitions
[2025-04-30T11:19:58.080+0000] {spark_submit.py:490} INFO - 25/04/30 11:19:58 INFO DAGScheduler: Final stage: ResultStage 2 (count at NativeMethodAccessorImpl.java:0)
[2025-04-30T11:19:58.080+0000] {spark_submit.py:490} INFO - 25/04/30 11:19:58 INFO DAGScheduler: Parents of final stage: List(ShuffleMapStage 1)
[2025-04-30T11:19:58.081+0000] {spark_submit.py:490} INFO - 25/04/30 11:19:58 INFO DAGScheduler: Missing parents: List()
[2025-04-30T11:19:58.082+0000] {spark_submit.py:490} INFO - 25/04/30 11:19:58 INFO DAGScheduler: Submitting ResultStage 2 (MapPartitionsRDD[5] at count at NativeMethodAccessorImpl.java:0), which has no missing parents
[2025-04-30T11:19:58.092+0000] {spark_submit.py:490} INFO - 25/04/30 11:19:58 INFO MemoryStore: Block broadcast_1 stored as values in memory (estimated size 11.1 KiB, free 434.4 MiB)
[2025-04-30T11:19:58.100+0000] {spark_submit.py:490} INFO - 25/04/30 11:19:58 INFO MemoryStore: Block broadcast_1_piece0 stored as bytes in memory (estimated size 5.5 KiB, free 434.4 MiB)
[2025-04-30T11:19:58.100+0000] {spark_submit.py:490} INFO - 25/04/30 11:19:58 INFO BlockManagerInfo: Added broadcast_1_piece0 in memory on f349d8d6503e:46055 (size: 5.5 KiB, free: 434.4 MiB)
[2025-04-30T11:19:58.101+0000] {spark_submit.py:490} INFO - 25/04/30 11:19:58 INFO SparkContext: Created broadcast 1 from broadcast at DAGScheduler.scala:1513
[2025-04-30T11:19:58.102+0000] {spark_submit.py:490} INFO - 25/04/30 11:19:58 INFO DAGScheduler: Submitting 1 missing tasks from ResultStage 2 (MapPartitionsRDD[5] at count at NativeMethodAccessorImpl.java:0) (first 15 tasks are for partitions Vector(0))
[2025-04-30T11:19:58.102+0000] {spark_submit.py:490} INFO - 25/04/30 11:19:58 INFO TaskSchedulerImpl: Adding task set 2.0 with 1 tasks resource profile 0
[2025-04-30T11:19:58.110+0000] {spark_submit.py:490} INFO - 25/04/30 11:19:58 INFO TaskSetManager: Starting task 0.0 in stage 2.0 (TID 1) (172.18.0.5, executor 0, partition 0, NODE_LOCAL, 4457 bytes) taskResourceAssignments Map()
[2025-04-30T11:19:58.135+0000] {spark_submit.py:490} INFO - 25/04/30 11:19:58 INFO BlockManagerInfo: Added broadcast_1_piece0 in memory on 172.18.0.5:34939 (size: 5.5 KiB, free: 366.3 MiB)
[2025-04-30T11:19:58.241+0000] {spark_submit.py:490} INFO - 25/04/30 11:19:58 INFO MapOutputTrackerMasterEndpoint: Asked to send map output locations for shuffle 0 to 172.18.0.5:51560
[2025-04-30T11:19:58.453+0000] {spark_submit.py:490} INFO - 25/04/30 11:19:58 INFO TaskSetManager: Finished task 0.0 in stage 2.0 (TID 1) in 347 ms on 172.18.0.5 (executor 0) (1/1)
[2025-04-30T11:19:58.454+0000] {spark_submit.py:490} INFO - 25/04/30 11:19:58 INFO TaskSchedulerImpl: Removed TaskSet 2.0, whose tasks have all completed, from pool
[2025-04-30T11:19:58.454+0000] {spark_submit.py:490} INFO - 25/04/30 11:19:58 INFO DAGScheduler: ResultStage 2 (count at NativeMethodAccessorImpl.java:0) finished in 0.366 s
[2025-04-30T11:19:58.455+0000] {spark_submit.py:490} INFO - 25/04/30 11:19:58 INFO DAGScheduler: Job 1 is finished. Cancelling potential speculative or zombie tasks for this job
[2025-04-30T11:19:58.455+0000] {spark_submit.py:490} INFO - 25/04/30 11:19:58 INFO TaskSchedulerImpl: Killing all running tasks in stage 2: Stage finished
[2025-04-30T11:19:58.457+0000] {spark_submit.py:490} INFO - 25/04/30 11:19:58 INFO DAGScheduler: Job 1 finished: count at NativeMethodAccessorImpl.java:0, took 0.380301 s
[2025-04-30T11:19:58.466+0000] {spark_submit.py:490} INFO - INFO:__main__:Таблица raw.masked_transactions загружена, записей: 1000
[2025-04-30T11:19:58.659+0000] {spark_submit.py:490} INFO - 25/04/30 11:19:58 INFO DAGScheduler: Registering RDD 8 (count at NativeMethodAccessorImpl.java:0) as input to shuffle 1
[2025-04-30T11:19:58.660+0000] {spark_submit.py:490} INFO - 25/04/30 11:19:58 INFO DAGScheduler: Got map stage job 2 (count at NativeMethodAccessorImpl.java:0) with 1 output partitions
[2025-04-30T11:19:58.660+0000] {spark_submit.py:490} INFO - 25/04/30 11:19:58 INFO DAGScheduler: Final stage: ShuffleMapStage 3 (count at NativeMethodAccessorImpl.java:0)
[2025-04-30T11:19:58.660+0000] {spark_submit.py:490} INFO - 25/04/30 11:19:58 INFO DAGScheduler: Parents of final stage: List()
[2025-04-30T11:19:58.660+0000] {spark_submit.py:490} INFO - 25/04/30 11:19:58 INFO DAGScheduler: Missing parents: List()
[2025-04-30T11:19:58.661+0000] {spark_submit.py:490} INFO - 25/04/30 11:19:58 INFO DAGScheduler: Submitting ShuffleMapStage 3 (MapPartitionsRDD[8] at count at NativeMethodAccessorImpl.java:0), which has no missing parents
[2025-04-30T11:19:58.665+0000] {spark_submit.py:490} INFO - 25/04/30 11:19:58 INFO MemoryStore: Block broadcast_2 stored as values in memory (estimated size 13.4 KiB, free 434.4 MiB)
[2025-04-30T11:19:58.667+0000] {spark_submit.py:490} INFO - 25/04/30 11:19:58 INFO MemoryStore: Block broadcast_2_piece0 stored as bytes in memory (estimated size 7.0 KiB, free 434.3 MiB)
[2025-04-30T11:19:58.668+0000] {spark_submit.py:490} INFO - 25/04/30 11:19:58 INFO BlockManagerInfo: Added broadcast_2_piece0 in memory on f349d8d6503e:46055 (size: 7.0 KiB, free: 434.4 MiB)
[2025-04-30T11:19:58.669+0000] {spark_submit.py:490} INFO - 25/04/30 11:19:58 INFO SparkContext: Created broadcast 2 from broadcast at DAGScheduler.scala:1513
[2025-04-30T11:19:58.669+0000] {spark_submit.py:490} INFO - 25/04/30 11:19:58 INFO DAGScheduler: Submitting 1 missing tasks from ShuffleMapStage 3 (MapPartitionsRDD[8] at count at NativeMethodAccessorImpl.java:0) (first 15 tasks are for partitions Vector(0))
[2025-04-30T11:19:58.670+0000] {spark_submit.py:490} INFO - 25/04/30 11:19:58 INFO TaskSchedulerImpl: Adding task set 3.0 with 1 tasks resource profile 0
[2025-04-30T11:19:58.671+0000] {spark_submit.py:490} INFO - 25/04/30 11:19:58 INFO TaskSetManager: Starting task 0.0 in stage 3.0 (TID 2) (172.18.0.5, executor 0, partition 0, PROCESS_LOCAL, 4292 bytes) taskResourceAssignments Map()
[2025-04-30T11:19:58.687+0000] {spark_submit.py:490} INFO - 25/04/30 11:19:58 INFO BlockManagerInfo: Added broadcast_2_piece0 in memory on 172.18.0.5:34939 (size: 7.0 KiB, free: 366.3 MiB)
[2025-04-30T11:19:58.744+0000] {spark_submit.py:490} INFO - 25/04/30 11:19:58 INFO TaskSetManager: Finished task 0.0 in stage 3.0 (TID 2) in 72 ms on 172.18.0.5 (executor 0) (1/1)
[2025-04-30T11:19:58.744+0000] {spark_submit.py:490} INFO - 25/04/30 11:19:58 INFO TaskSchedulerImpl: Removed TaskSet 3.0, whose tasks have all completed, from pool
[2025-04-30T11:19:58.747+0000] {spark_submit.py:490} INFO - 25/04/30 11:19:58 INFO DAGScheduler: ShuffleMapStage 3 (count at NativeMethodAccessorImpl.java:0) finished in 0.084 s
[2025-04-30T11:19:58.747+0000] {spark_submit.py:490} INFO - 25/04/30 11:19:58 INFO DAGScheduler: looking for newly runnable stages
[2025-04-30T11:19:58.748+0000] {spark_submit.py:490} INFO - 25/04/30 11:19:58 INFO DAGScheduler: running: Set()
[2025-04-30T11:19:58.748+0000] {spark_submit.py:490} INFO - 25/04/30 11:19:58 INFO DAGScheduler: waiting: Set()
[2025-04-30T11:19:58.748+0000] {spark_submit.py:490} INFO - 25/04/30 11:19:58 INFO DAGScheduler: failed: Set()
[2025-04-30T11:19:58.783+0000] {spark_submit.py:490} INFO - 25/04/30 11:19:58 INFO SparkContext: Starting job: count at NativeMethodAccessorImpl.java:0
[2025-04-30T11:19:58.784+0000] {spark_submit.py:490} INFO - 25/04/30 11:19:58 INFO DAGScheduler: Got job 3 (count at NativeMethodAccessorImpl.java:0) with 1 output partitions
[2025-04-30T11:19:58.785+0000] {spark_submit.py:490} INFO - 25/04/30 11:19:58 INFO DAGScheduler: Final stage: ResultStage 5 (count at NativeMethodAccessorImpl.java:0)
[2025-04-30T11:19:58.785+0000] {spark_submit.py:490} INFO - 25/04/30 11:19:58 INFO DAGScheduler: Parents of final stage: List(ShuffleMapStage 4)
[2025-04-30T11:19:58.785+0000] {spark_submit.py:490} INFO - 25/04/30 11:19:58 INFO DAGScheduler: Missing parents: List()
[2025-04-30T11:19:58.789+0000] {spark_submit.py:490} INFO - 25/04/30 11:19:58 INFO DAGScheduler: Submitting ResultStage 5 (MapPartitionsRDD[11] at count at NativeMethodAccessorImpl.java:0), which has no missing parents
[2025-04-30T11:19:58.790+0000] {spark_submit.py:490} INFO - 25/04/30 11:19:58 INFO MemoryStore: Block broadcast_3 stored as values in memory (estimated size 11.1 KiB, free 434.3 MiB)
[2025-04-30T11:19:58.795+0000] {spark_submit.py:490} INFO - 25/04/30 11:19:58 INFO MemoryStore: Block broadcast_3_piece0 stored as bytes in memory (estimated size 5.5 KiB, free 434.3 MiB)
[2025-04-30T11:19:58.796+0000] {spark_submit.py:490} INFO - 25/04/30 11:19:58 INFO BlockManagerInfo: Added broadcast_3_piece0 in memory on f349d8d6503e:46055 (size: 5.5 KiB, free: 434.4 MiB)
[2025-04-30T11:19:58.797+0000] {spark_submit.py:490} INFO - 25/04/30 11:19:58 INFO SparkContext: Created broadcast 3 from broadcast at DAGScheduler.scala:1513
[2025-04-30T11:19:58.798+0000] {spark_submit.py:490} INFO - 25/04/30 11:19:58 INFO DAGScheduler: Submitting 1 missing tasks from ResultStage 5 (MapPartitionsRDD[11] at count at NativeMethodAccessorImpl.java:0) (first 15 tasks are for partitions Vector(0))
[2025-04-30T11:19:58.799+0000] {spark_submit.py:490} INFO - 25/04/30 11:19:58 INFO TaskSchedulerImpl: Adding task set 5.0 with 1 tasks resource profile 0
[2025-04-30T11:19:58.800+0000] {spark_submit.py:490} INFO - 25/04/30 11:19:58 INFO TaskSetManager: Starting task 0.0 in stage 5.0 (TID 3) (172.18.0.5, executor 0, partition 0, NODE_LOCAL, 4457 bytes) taskResourceAssignments Map()
[2025-04-30T11:19:58.823+0000] {spark_submit.py:490} INFO - 25/04/30 11:19:58 INFO BlockManagerInfo: Added broadcast_3_piece0 in memory on 172.18.0.5:34939 (size: 5.5 KiB, free: 366.3 MiB)
[2025-04-30T11:19:58.836+0000] {spark_submit.py:490} INFO - 25/04/30 11:19:58 INFO MapOutputTrackerMasterEndpoint: Asked to send map output locations for shuffle 1 to 172.18.0.5:51560
[2025-04-30T11:19:58.849+0000] {spark_submit.py:490} INFO - 25/04/30 11:19:58 INFO TaskSetManager: Finished task 0.0 in stage 5.0 (TID 3) in 49 ms on 172.18.0.5 (executor 0) (1/1)
[2025-04-30T11:19:58.849+0000] {spark_submit.py:490} INFO - 25/04/30 11:19:58 INFO TaskSchedulerImpl: Removed TaskSet 5.0, whose tasks have all completed, from pool
[2025-04-30T11:19:58.850+0000] {spark_submit.py:490} INFO - 25/04/30 11:19:58 INFO DAGScheduler: ResultStage 5 (count at NativeMethodAccessorImpl.java:0) finished in 0.062 s
[2025-04-30T11:19:58.850+0000] {spark_submit.py:490} INFO - 25/04/30 11:19:58 INFO DAGScheduler: Job 3 is finished. Cancelling potential speculative or zombie tasks for this job
[2025-04-30T11:19:58.850+0000] {spark_submit.py:490} INFO - 25/04/30 11:19:58 INFO TaskSchedulerImpl: Killing all running tasks in stage 5: Stage finished
[2025-04-30T11:19:58.851+0000] {spark_submit.py:490} INFO - 25/04/30 11:19:58 INFO DAGScheduler: Job 3 finished: count at NativeMethodAccessorImpl.java:0, took 0.067314 s
[2025-04-30T11:19:58.852+0000] {spark_submit.py:490} INFO - INFO:__main__:Правило large_tx отработано, записей: 310
[2025-04-30T11:19:58.962+0000] {spark_submit.py:490} INFO - 25/04/30 11:19:58 INFO BlockManagerInfo: Removed broadcast_2_piece0 on f349d8d6503e:46055 in memory (size: 7.0 KiB, free: 434.4 MiB)
[2025-04-30T11:19:58.973+0000] {spark_submit.py:490} INFO - 25/04/30 11:19:58 INFO BlockManagerInfo: Removed broadcast_2_piece0 on 172.18.0.5:34939 in memory (size: 7.0 KiB, free: 366.3 MiB)
[2025-04-30T11:19:58.987+0000] {spark_submit.py:490} INFO - 25/04/30 11:19:58 INFO BlockManagerInfo: Removed broadcast_1_piece0 on f349d8d6503e:46055 in memory (size: 5.5 KiB, free: 434.4 MiB)
[2025-04-30T11:19:58.992+0000] {spark_submit.py:490} INFO - 25/04/30 11:19:58 INFO BlockManagerInfo: Removed broadcast_1_piece0 on 172.18.0.5:34939 in memory (size: 5.5 KiB, free: 366.3 MiB)
[2025-04-30T11:19:59.003+0000] {spark_submit.py:490} INFO - 25/04/30 11:19:59 INFO BlockManagerInfo: Removed broadcast_3_piece0 on f349d8d6503e:46055 in memory (size: 5.5 KiB, free: 434.4 MiB)
[2025-04-30T11:19:59.005+0000] {spark_submit.py:490} INFO - 25/04/30 11:19:59 INFO BlockManagerInfo: Removed broadcast_3_piece0 on 172.18.0.5:34939 in memory (size: 5.5 KiB, free: 366.3 MiB)
[2025-04-30T11:19:59.028+0000] {spark_submit.py:490} INFO - 25/04/30 11:19:59 INFO BlockManagerInfo: Removed broadcast_0_piece0 on f349d8d6503e:46055 in memory (size: 7.0 KiB, free: 434.4 MiB)
[2025-04-30T11:19:59.037+0000] {spark_submit.py:490} INFO - 25/04/30 11:19:59 INFO BlockManagerInfo: Removed broadcast_0_piece0 on 172.18.0.5:34939 in memory (size: 7.0 KiB, free: 366.3 MiB)
[2025-04-30T11:19:59.149+0000] {spark_submit.py:490} INFO - 25/04/30 11:19:59 INFO CodeGenerator: Code generated in 14.998934 ms
[2025-04-30T11:19:59.153+0000] {spark_submit.py:490} INFO - 25/04/30 11:19:59 INFO DAGScheduler: Registering RDD 14 (count at NativeMethodAccessorImpl.java:0) as input to shuffle 2
[2025-04-30T11:19:59.153+0000] {spark_submit.py:490} INFO - 25/04/30 11:19:59 INFO DAGScheduler: Got map stage job 4 (count at NativeMethodAccessorImpl.java:0) with 1 output partitions
[2025-04-30T11:19:59.153+0000] {spark_submit.py:490} INFO - 25/04/30 11:19:59 INFO DAGScheduler: Final stage: ShuffleMapStage 6 (count at NativeMethodAccessorImpl.java:0)
[2025-04-30T11:19:59.153+0000] {spark_submit.py:490} INFO - 25/04/30 11:19:59 INFO DAGScheduler: Parents of final stage: List()
[2025-04-30T11:19:59.154+0000] {spark_submit.py:490} INFO - 25/04/30 11:19:59 INFO DAGScheduler: Missing parents: List()
[2025-04-30T11:19:59.154+0000] {spark_submit.py:490} INFO - 25/04/30 11:19:59 INFO DAGScheduler: Submitting ShuffleMapStage 6 (MapPartitionsRDD[14] at count at NativeMethodAccessorImpl.java:0), which has no missing parents
[2025-04-30T11:19:59.162+0000] {spark_submit.py:490} INFO - 25/04/30 11:19:59 INFO MemoryStore: Block broadcast_4 stored as values in memory (estimated size 14.0 KiB, free 434.4 MiB)
[2025-04-30T11:19:59.164+0000] {spark_submit.py:490} INFO - 25/04/30 11:19:59 INFO MemoryStore: Block broadcast_4_piece0 stored as bytes in memory (estimated size 7.3 KiB, free 434.4 MiB)
[2025-04-30T11:19:59.165+0000] {spark_submit.py:490} INFO - 25/04/30 11:19:59 INFO BlockManagerInfo: Added broadcast_4_piece0 in memory on f349d8d6503e:46055 (size: 7.3 KiB, free: 434.4 MiB)
[2025-04-30T11:19:59.165+0000] {spark_submit.py:490} INFO - 25/04/30 11:19:59 INFO SparkContext: Created broadcast 4 from broadcast at DAGScheduler.scala:1513
[2025-04-30T11:19:59.166+0000] {spark_submit.py:490} INFO - 25/04/30 11:19:59 INFO DAGScheduler: Submitting 1 missing tasks from ShuffleMapStage 6 (MapPartitionsRDD[14] at count at NativeMethodAccessorImpl.java:0) (first 15 tasks are for partitions Vector(0))
[2025-04-30T11:19:59.166+0000] {spark_submit.py:490} INFO - 25/04/30 11:19:59 INFO TaskSchedulerImpl: Adding task set 6.0 with 1 tasks resource profile 0
[2025-04-30T11:19:59.167+0000] {spark_submit.py:490} INFO - 25/04/30 11:19:59 INFO TaskSetManager: Starting task 0.0 in stage 6.0 (TID 4) (172.18.0.5, executor 0, partition 0, PROCESS_LOCAL, 4292 bytes) taskResourceAssignments Map()
[2025-04-30T11:19:59.181+0000] {spark_submit.py:490} INFO - 25/04/30 11:19:59 INFO BlockManagerInfo: Added broadcast_4_piece0 in memory on 172.18.0.5:34939 (size: 7.3 KiB, free: 366.3 MiB)
[2025-04-30T11:19:59.610+0000] {spark_submit.py:490} INFO - 25/04/30 11:19:59 INFO TaskSetManager: Finished task 0.0 in stage 6.0 (TID 4) in 443 ms on 172.18.0.5 (executor 0) (1/1)
[2025-04-30T11:19:59.610+0000] {spark_submit.py:490} INFO - 25/04/30 11:19:59 INFO TaskSchedulerImpl: Removed TaskSet 6.0, whose tasks have all completed, from pool
[2025-04-30T11:19:59.611+0000] {spark_submit.py:490} INFO - 25/04/30 11:19:59 INFO DAGScheduler: ShuffleMapStage 6 (count at NativeMethodAccessorImpl.java:0) finished in 0.456 s
[2025-04-30T11:19:59.611+0000] {spark_submit.py:490} INFO - 25/04/30 11:19:59 INFO DAGScheduler: looking for newly runnable stages
[2025-04-30T11:19:59.611+0000] {spark_submit.py:490} INFO - 25/04/30 11:19:59 INFO DAGScheduler: running: Set()
[2025-04-30T11:19:59.611+0000] {spark_submit.py:490} INFO - 25/04/30 11:19:59 INFO DAGScheduler: waiting: Set()
[2025-04-30T11:19:59.611+0000] {spark_submit.py:490} INFO - 25/04/30 11:19:59 INFO DAGScheduler: failed: Set()
[2025-04-30T11:19:59.624+0000] {spark_submit.py:490} INFO - 25/04/30 11:19:59 INFO ShufflePartitionsUtil: For shuffle(2), advisory target size: 67108864, actual target size 1048576, minimum partition size: 1048576
[2025-04-30T11:19:59.651+0000] {spark_submit.py:490} INFO - 25/04/30 11:19:59 INFO CodeGenerator: Code generated in 6.923025 ms
[2025-04-30T11:19:59.667+0000] {spark_submit.py:490} INFO - 25/04/30 11:19:59 INFO CodeGenerator: Code generated in 9.631416 ms
[2025-04-30T11:19:59.712+0000] {spark_submit.py:490} INFO - 25/04/30 11:19:59 INFO DAGScheduler: Registering RDD 19 (count at NativeMethodAccessorImpl.java:0) as input to shuffle 3
[2025-04-30T11:19:59.712+0000] {spark_submit.py:490} INFO - 25/04/30 11:19:59 INFO DAGScheduler: Got map stage job 5 (count at NativeMethodAccessorImpl.java:0) with 1 output partitions
[2025-04-30T11:19:59.713+0000] {spark_submit.py:490} INFO - 25/04/30 11:19:59 INFO DAGScheduler: Final stage: ShuffleMapStage 8 (count at NativeMethodAccessorImpl.java:0)
[2025-04-30T11:19:59.713+0000] {spark_submit.py:490} INFO - 25/04/30 11:19:59 INFO DAGScheduler: Parents of final stage: List(ShuffleMapStage 7)
[2025-04-30T11:19:59.713+0000] {spark_submit.py:490} INFO - 25/04/30 11:19:59 INFO DAGScheduler: Missing parents: List()
[2025-04-30T11:19:59.713+0000] {spark_submit.py:490} INFO - 25/04/30 11:19:59 INFO DAGScheduler: Submitting ShuffleMapStage 8 (MapPartitionsRDD[19] at count at NativeMethodAccessorImpl.java:0), which has no missing parents
[2025-04-30T11:19:59.721+0000] {spark_submit.py:490} INFO - 25/04/30 11:19:59 INFO MemoryStore: Block broadcast_5 stored as values in memory (estimated size 34.6 KiB, free 434.3 MiB)
[2025-04-30T11:19:59.722+0000] {spark_submit.py:490} INFO - 25/04/30 11:19:59 INFO MemoryStore: Block broadcast_5_piece0 stored as bytes in memory (estimated size 16.6 KiB, free 434.3 MiB)
[2025-04-30T11:19:59.722+0000] {spark_submit.py:490} INFO - 25/04/30 11:19:59 INFO BlockManagerInfo: Added broadcast_5_piece0 in memory on f349d8d6503e:46055 (size: 16.6 KiB, free: 434.4 MiB)
[2025-04-30T11:19:59.723+0000] {spark_submit.py:490} INFO - 25/04/30 11:19:59 INFO SparkContext: Created broadcast 5 from broadcast at DAGScheduler.scala:1513
[2025-04-30T11:19:59.723+0000] {spark_submit.py:490} INFO - 25/04/30 11:19:59 INFO DAGScheduler: Submitting 1 missing tasks from ShuffleMapStage 8 (MapPartitionsRDD[19] at count at NativeMethodAccessorImpl.java:0) (first 15 tasks are for partitions Vector(0))
[2025-04-30T11:19:59.724+0000] {spark_submit.py:490} INFO - 25/04/30 11:19:59 INFO TaskSchedulerImpl: Adding task set 8.0 with 1 tasks resource profile 0
[2025-04-30T11:19:59.725+0000] {spark_submit.py:490} INFO - 25/04/30 11:19:59 INFO TaskSetManager: Starting task 0.0 in stage 8.0 (TID 5) (172.18.0.5, executor 0, partition 0, NODE_LOCAL, 4446 bytes) taskResourceAssignments Map()
[2025-04-30T11:19:59.738+0000] {spark_submit.py:490} INFO - 25/04/30 11:19:59 INFO BlockManagerInfo: Added broadcast_5_piece0 in memory on 172.18.0.5:34939 (size: 16.6 KiB, free: 366.3 MiB)
[2025-04-30T11:19:59.846+0000] {spark_submit.py:490} INFO - 25/04/30 11:19:59 INFO MapOutputTrackerMasterEndpoint: Asked to send map output locations for shuffle 2 to 172.18.0.5:51560
[2025-04-30T11:20:00.123+0000] {spark_submit.py:490} INFO - 25/04/30 11:20:00 INFO TaskSetManager: Finished task 0.0 in stage 8.0 (TID 5) in 398 ms on 172.18.0.5 (executor 0) (1/1)
[2025-04-30T11:20:00.123+0000] {spark_submit.py:490} INFO - 25/04/30 11:20:00 INFO TaskSchedulerImpl: Removed TaskSet 8.0, whose tasks have all completed, from pool
[2025-04-30T11:20:00.123+0000] {spark_submit.py:490} INFO - 25/04/30 11:20:00 INFO DAGScheduler: ShuffleMapStage 8 (count at NativeMethodAccessorImpl.java:0) finished in 0.405 s
[2025-04-30T11:20:00.124+0000] {spark_submit.py:490} INFO - 25/04/30 11:20:00 INFO DAGScheduler: looking for newly runnable stages
[2025-04-30T11:20:00.124+0000] {spark_submit.py:490} INFO - 25/04/30 11:20:00 INFO DAGScheduler: running: Set()
[2025-04-30T11:20:00.124+0000] {spark_submit.py:490} INFO - 25/04/30 11:20:00 INFO DAGScheduler: waiting: Set()
[2025-04-30T11:20:00.124+0000] {spark_submit.py:490} INFO - 25/04/30 11:20:00 INFO DAGScheduler: failed: Set()
[2025-04-30T11:20:00.138+0000] {spark_submit.py:490} INFO - 25/04/30 11:20:00 INFO CodeGenerator: Code generated in 6.895806 ms
[2025-04-30T11:20:00.151+0000] {spark_submit.py:490} INFO - 25/04/30 11:20:00 INFO SparkContext: Starting job: count at NativeMethodAccessorImpl.java:0
[2025-04-30T11:20:00.152+0000] {spark_submit.py:490} INFO - 25/04/30 11:20:00 INFO DAGScheduler: Got job 6 (count at NativeMethodAccessorImpl.java:0) with 1 output partitions
[2025-04-30T11:20:00.153+0000] {spark_submit.py:490} INFO - 25/04/30 11:20:00 INFO DAGScheduler: Final stage: ResultStage 11 (count at NativeMethodAccessorImpl.java:0)
[2025-04-30T11:20:00.153+0000] {spark_submit.py:490} INFO - 25/04/30 11:20:00 INFO DAGScheduler: Parents of final stage: List(ShuffleMapStage 10)
[2025-04-30T11:20:00.153+0000] {spark_submit.py:490} INFO - 25/04/30 11:20:00 INFO DAGScheduler: Missing parents: List()
[2025-04-30T11:20:00.154+0000] {spark_submit.py:490} INFO - 25/04/30 11:20:00 INFO DAGScheduler: Submitting ResultStage 11 (MapPartitionsRDD[22] at count at NativeMethodAccessorImpl.java:0), which has no missing parents
[2025-04-30T11:20:00.156+0000] {spark_submit.py:490} INFO - 25/04/30 11:20:00 INFO MemoryStore: Block broadcast_6 stored as values in memory (estimated size 11.1 KiB, free 434.3 MiB)
[2025-04-30T11:20:00.157+0000] {spark_submit.py:490} INFO - 25/04/30 11:20:00 INFO MemoryStore: Block broadcast_6_piece0 stored as bytes in memory (estimated size 5.5 KiB, free 434.3 MiB)
[2025-04-30T11:20:00.157+0000] {spark_submit.py:490} INFO - 25/04/30 11:20:00 INFO BlockManagerInfo: Added broadcast_6_piece0 in memory on f349d8d6503e:46055 (size: 5.5 KiB, free: 434.4 MiB)
[2025-04-30T11:20:00.158+0000] {spark_submit.py:490} INFO - 25/04/30 11:20:00 INFO SparkContext: Created broadcast 6 from broadcast at DAGScheduler.scala:1513
[2025-04-30T11:20:00.158+0000] {spark_submit.py:490} INFO - 25/04/30 11:20:00 INFO DAGScheduler: Submitting 1 missing tasks from ResultStage 11 (MapPartitionsRDD[22] at count at NativeMethodAccessorImpl.java:0) (first 15 tasks are for partitions Vector(0))
[2025-04-30T11:20:00.158+0000] {spark_submit.py:490} INFO - 25/04/30 11:20:00 INFO TaskSchedulerImpl: Adding task set 11.0 with 1 tasks resource profile 0
[2025-04-30T11:20:00.159+0000] {spark_submit.py:490} INFO - 25/04/30 11:20:00 INFO TaskSetManager: Starting task 0.0 in stage 11.0 (TID 6) (172.18.0.5, executor 0, partition 0, NODE_LOCAL, 4457 bytes) taskResourceAssignments Map()
[2025-04-30T11:20:00.171+0000] {spark_submit.py:490} INFO - 25/04/30 11:20:00 INFO BlockManagerInfo: Added broadcast_6_piece0 in memory on 172.18.0.5:34939 (size: 5.5 KiB, free: 366.3 MiB)
[2025-04-30T11:20:00.178+0000] {spark_submit.py:490} INFO - 25/04/30 11:20:00 INFO MapOutputTrackerMasterEndpoint: Asked to send map output locations for shuffle 3 to 172.18.0.5:51560
[2025-04-30T11:20:00.195+0000] {spark_submit.py:490} INFO - 25/04/30 11:20:00 INFO TaskSetManager: Finished task 0.0 in stage 11.0 (TID 6) in 36 ms on 172.18.0.5 (executor 0) (1/1)
[2025-04-30T11:20:00.195+0000] {spark_submit.py:490} INFO - 25/04/30 11:20:00 INFO TaskSchedulerImpl: Removed TaskSet 11.0, whose tasks have all completed, from pool
[2025-04-30T11:20:00.196+0000] {spark_submit.py:490} INFO - 25/04/30 11:20:00 INFO DAGScheduler: ResultStage 11 (count at NativeMethodAccessorImpl.java:0) finished in 0.041 s
[2025-04-30T11:20:00.196+0000] {spark_submit.py:490} INFO - 25/04/30 11:20:00 INFO DAGScheduler: Job 6 is finished. Cancelling potential speculative or zombie tasks for this job
[2025-04-30T11:20:00.196+0000] {spark_submit.py:490} INFO - 25/04/30 11:20:00 INFO TaskSchedulerImpl: Killing all running tasks in stage 11: Stage finished
[2025-04-30T11:20:00.196+0000] {spark_submit.py:490} INFO - 25/04/30 11:20:00 INFO DAGScheduler: Job 6 finished: count at NativeMethodAccessorImpl.java:0, took 0.044894 s
[2025-04-30T11:20:00.198+0000] {spark_submit.py:490} INFO - INFO:__main__:Правило freq_tx отработано, записей: 1
[2025-04-30T11:20:00.291+0000] {spark_submit.py:490} INFO - 25/04/30 11:20:00 INFO DAGScheduler: Registering RDD 26 (count at NativeMethodAccessorImpl.java:0) as input to shuffle 4
[2025-04-30T11:20:00.291+0000] {spark_submit.py:490} INFO - 25/04/30 11:20:00 INFO DAGScheduler: Got map stage job 7 (count at NativeMethodAccessorImpl.java:0) with 1 output partitions
[2025-04-30T11:20:00.291+0000] {spark_submit.py:490} INFO - 25/04/30 11:20:00 INFO DAGScheduler: Final stage: ShuffleMapStage 12 (count at NativeMethodAccessorImpl.java:0)
[2025-04-30T11:20:00.291+0000] {spark_submit.py:490} INFO - 25/04/30 11:20:00 INFO DAGScheduler: Parents of final stage: List()
[2025-04-30T11:20:00.291+0000] {spark_submit.py:490} INFO - 25/04/30 11:20:00 INFO DAGScheduler: Missing parents: List()
[2025-04-30T11:20:00.292+0000] {spark_submit.py:490} INFO - 25/04/30 11:20:00 INFO DAGScheduler: Submitting ShuffleMapStage 12 (MapPartitionsRDD[26] at count at NativeMethodAccessorImpl.java:0), which has no missing parents
[2025-04-30T11:20:00.295+0000] {spark_submit.py:490} INFO - 25/04/30 11:20:00 INFO MemoryStore: Block broadcast_7 stored as values in memory (estimated size 14.1 KiB, free 434.3 MiB)
[2025-04-30T11:20:00.304+0000] {spark_submit.py:490} INFO - 25/04/30 11:20:00 INFO MemoryStore: Block broadcast_7_piece0 stored as bytes in memory (estimated size 7.3 KiB, free 434.3 MiB)
[2025-04-30T11:20:00.304+0000] {spark_submit.py:490} INFO - 25/04/30 11:20:00 INFO BlockManagerInfo: Added broadcast_7_piece0 in memory on f349d8d6503e:46055 (size: 7.3 KiB, free: 434.4 MiB)
[2025-04-30T11:20:00.306+0000] {spark_submit.py:490} INFO - 25/04/30 11:20:00 INFO SparkContext: Created broadcast 7 from broadcast at DAGScheduler.scala:1513
[2025-04-30T11:20:00.306+0000] {spark_submit.py:490} INFO - 25/04/30 11:20:00 INFO DAGScheduler: Submitting 1 missing tasks from ShuffleMapStage 12 (MapPartitionsRDD[26] at count at NativeMethodAccessorImpl.java:0) (first 15 tasks are for partitions Vector(0))
[2025-04-30T11:20:00.307+0000] {spark_submit.py:490} INFO - 25/04/30 11:20:00 INFO TaskSchedulerImpl: Adding task set 12.0 with 1 tasks resource profile 0
[2025-04-30T11:20:00.308+0000] {spark_submit.py:490} INFO - 25/04/30 11:20:00 INFO TaskSetManager: Starting task 0.0 in stage 12.0 (TID 7) (172.18.0.5, executor 0, partition 0, PROCESS_LOCAL, 4292 bytes) taskResourceAssignments Map()
[2025-04-30T11:20:00.313+0000] {spark_submit.py:490} INFO - 25/04/30 11:20:00 INFO BlockManagerInfo: Removed broadcast_4_piece0 on f349d8d6503e:46055 in memory (size: 7.3 KiB, free: 434.4 MiB)
[2025-04-30T11:20:00.321+0000] {spark_submit.py:490} INFO - 25/04/30 11:20:00 INFO BlockManagerInfo: Removed broadcast_4_piece0 on 172.18.0.5:34939 in memory (size: 7.3 KiB, free: 366.3 MiB)
[2025-04-30T11:20:00.345+0000] {spark_submit.py:490} INFO - 25/04/30 11:20:00 INFO BlockManagerInfo: Removed broadcast_6_piece0 on f349d8d6503e:46055 in memory (size: 5.5 KiB, free: 434.4 MiB)
[2025-04-30T11:20:00.346+0000] {spark_submit.py:490} INFO - 25/04/30 11:20:00 INFO BlockManagerInfo: Added broadcast_7_piece0 in memory on 172.18.0.5:34939 (size: 7.3 KiB, free: 366.3 MiB)
[2025-04-30T11:20:00.346+0000] {spark_submit.py:490} INFO - 25/04/30 11:20:00 INFO BlockManagerInfo: Removed broadcast_6_piece0 on 172.18.0.5:34939 in memory (size: 5.5 KiB, free: 366.3 MiB)
[2025-04-30T11:20:00.353+0000] {spark_submit.py:490} INFO - 25/04/30 11:20:00 INFO BlockManagerInfo: Removed broadcast_5_piece0 on f349d8d6503e:46055 in memory (size: 16.6 KiB, free: 434.4 MiB)
[2025-04-30T11:20:00.356+0000] {spark_submit.py:490} INFO - 25/04/30 11:20:00 INFO BlockManagerInfo: Removed broadcast_5_piece0 on 172.18.0.5:34939 in memory (size: 16.6 KiB, free: 366.3 MiB)
[2025-04-30T11:20:00.440+0000] {spark_submit.py:490} INFO - 25/04/30 11:20:00 INFO TaskSetManager: Finished task 0.0 in stage 12.0 (TID 7) in 132 ms on 172.18.0.5 (executor 0) (1/1)
[2025-04-30T11:20:00.440+0000] {spark_submit.py:490} INFO - 25/04/30 11:20:00 INFO TaskSchedulerImpl: Removed TaskSet 12.0, whose tasks have all completed, from pool
[2025-04-30T11:20:00.441+0000] {spark_submit.py:490} INFO - 25/04/30 11:20:00 INFO DAGScheduler: ShuffleMapStage 12 (count at NativeMethodAccessorImpl.java:0) finished in 0.149 s
[2025-04-30T11:20:00.442+0000] {spark_submit.py:490} INFO - 25/04/30 11:20:00 INFO DAGScheduler: looking for newly runnable stages
[2025-04-30T11:20:00.442+0000] {spark_submit.py:490} INFO - 25/04/30 11:20:00 INFO DAGScheduler: running: Set()
[2025-04-30T11:20:00.442+0000] {spark_submit.py:490} INFO - 25/04/30 11:20:00 INFO DAGScheduler: waiting: Set()
[2025-04-30T11:20:00.442+0000] {spark_submit.py:490} INFO - 25/04/30 11:20:00 INFO DAGScheduler: failed: Set()
[2025-04-30T11:20:00.456+0000] {spark_submit.py:490} INFO - 25/04/30 11:20:00 INFO ShufflePartitionsUtil: For shuffle(4), advisory target size: 67108864, actual target size 1048576, minimum partition size: 1048576
[2025-04-30T11:20:00.481+0000] {spark_submit.py:490} INFO - 25/04/30 11:20:00 INFO CodeGenerator: Code generated in 11.023376 ms
[2025-04-30T11:20:00.490+0000] {spark_submit.py:490} INFO - 25/04/30 11:20:00 INFO CodeGenerator: Code generated in 6.679609 ms
[2025-04-30T11:20:00.502+0000] {spark_submit.py:490} INFO - 25/04/30 11:20:00 INFO CodeGenerator: Code generated in 6.023038 ms
[2025-04-30T11:20:00.514+0000] {spark_submit.py:490} INFO - 25/04/30 11:20:00 INFO CodeGenerator: Code generated in 9.048878 ms
[2025-04-30T11:20:00.539+0000] {spark_submit.py:490} INFO - 25/04/30 11:20:00 INFO DAGScheduler: Registering RDD 35 (count at NativeMethodAccessorImpl.java:0) as input to shuffle 5
[2025-04-30T11:20:00.539+0000] {spark_submit.py:490} INFO - 25/04/30 11:20:00 INFO DAGScheduler: Got map stage job 8 (count at NativeMethodAccessorImpl.java:0) with 2 output partitions
[2025-04-30T11:20:00.540+0000] {spark_submit.py:490} INFO - 25/04/30 11:20:00 INFO DAGScheduler: Final stage: ShuffleMapStage 14 (count at NativeMethodAccessorImpl.java:0)
[2025-04-30T11:20:00.540+0000] {spark_submit.py:490} INFO - 25/04/30 11:20:00 INFO DAGScheduler: Parents of final stage: List(ShuffleMapStage 13)
[2025-04-30T11:20:00.540+0000] {spark_submit.py:490} INFO - 25/04/30 11:20:00 INFO DAGScheduler: Missing parents: List()
[2025-04-30T11:20:00.540+0000] {spark_submit.py:490} INFO - 25/04/30 11:20:00 INFO DAGScheduler: Submitting ShuffleMapStage 14 (MapPartitionsRDD[35] at count at NativeMethodAccessorImpl.java:0), which has no missing parents
[2025-04-30T11:20:00.548+0000] {spark_submit.py:490} INFO - 25/04/30 11:20:00 INFO MemoryStore: Block broadcast_8 stored as values in memory (estimated size 38.6 KiB, free 434.3 MiB)
[2025-04-30T11:20:00.549+0000] {spark_submit.py:490} INFO - 25/04/30 11:20:00 INFO MemoryStore: Block broadcast_8_piece0 stored as bytes in memory (estimated size 17.8 KiB, free 434.3 MiB)
[2025-04-30T11:20:00.550+0000] {spark_submit.py:490} INFO - 25/04/30 11:20:00 INFO BlockManagerInfo: Added broadcast_8_piece0 in memory on f349d8d6503e:46055 (size: 17.8 KiB, free: 434.4 MiB)
[2025-04-30T11:20:00.550+0000] {spark_submit.py:490} INFO - 25/04/30 11:20:00 INFO SparkContext: Created broadcast 8 from broadcast at DAGScheduler.scala:1513
[2025-04-30T11:20:00.551+0000] {spark_submit.py:490} INFO - 25/04/30 11:20:00 INFO DAGScheduler: Submitting 2 missing tasks from ShuffleMapStage 14 (MapPartitionsRDD[35] at count at NativeMethodAccessorImpl.java:0) (first 15 tasks are for partitions Vector(0, 1))
[2025-04-30T11:20:00.551+0000] {spark_submit.py:490} INFO - 25/04/30 11:20:00 INFO TaskSchedulerImpl: Adding task set 14.0 with 2 tasks resource profile 0
[2025-04-30T11:20:00.554+0000] {spark_submit.py:490} INFO - 25/04/30 11:20:00 INFO TaskSetManager: Starting task 1.0 in stage 14.0 (TID 8) (172.18.0.5, executor 0, partition 1, NODE_LOCAL, 4555 bytes) taskResourceAssignments Map()
[2025-04-30T11:20:00.564+0000] {spark_submit.py:490} INFO - 25/04/30 11:20:00 INFO BlockManagerInfo: Added broadcast_8_piece0 in memory on 172.18.0.5:34939 (size: 17.8 KiB, free: 366.3 MiB)
[2025-04-30T11:20:00.575+0000] {spark_submit.py:490} INFO - 25/04/30 11:20:00 INFO MapOutputTrackerMasterEndpoint: Asked to send map output locations for shuffle 4 to 172.18.0.5:51560
[2025-04-30T11:20:00.654+0000] {spark_submit.py:490} INFO - 25/04/30 11:20:00 INFO TaskSetManager: Starting task 0.0 in stage 14.0 (TID 9) (172.18.0.5, executor 0, partition 0, PROCESS_LOCAL, 4401 bytes) taskResourceAssignments Map()
[2025-04-30T11:20:00.655+0000] {spark_submit.py:490} INFO - 25/04/30 11:20:00 INFO TaskSetManager: Finished task 1.0 in stage 14.0 (TID 8) in 102 ms on 172.18.0.5 (executor 0) (1/2)
[2025-04-30T11:20:00.695+0000] {spark_submit.py:490} INFO - 25/04/30 11:20:00 INFO TaskSetManager: Finished task 0.0 in stage 14.0 (TID 9) in 42 ms on 172.18.0.5 (executor 0) (2/2)
[2025-04-30T11:20:00.696+0000] {spark_submit.py:490} INFO - 25/04/30 11:20:00 INFO TaskSchedulerImpl: Removed TaskSet 14.0, whose tasks have all completed, from pool
[2025-04-30T11:20:00.696+0000] {spark_submit.py:490} INFO - 25/04/30 11:20:00 INFO DAGScheduler: ShuffleMapStage 14 (count at NativeMethodAccessorImpl.java:0) finished in 0.152 s
[2025-04-30T11:20:00.696+0000] {spark_submit.py:490} INFO - 25/04/30 11:20:00 INFO DAGScheduler: looking for newly runnable stages
[2025-04-30T11:20:00.696+0000] {spark_submit.py:490} INFO - 25/04/30 11:20:00 INFO DAGScheduler: running: Set()
[2025-04-30T11:20:00.696+0000] {spark_submit.py:490} INFO - 25/04/30 11:20:00 INFO DAGScheduler: waiting: Set()
[2025-04-30T11:20:00.696+0000] {spark_submit.py:490} INFO - 25/04/30 11:20:00 INFO DAGScheduler: failed: Set()
[2025-04-30T11:20:00.710+0000] {spark_submit.py:490} INFO - 25/04/30 11:20:00 INFO CodeGenerator: Code generated in 5.924956 ms
[2025-04-30T11:20:00.719+0000] {spark_submit.py:490} INFO - 25/04/30 11:20:00 INFO SparkContext: Starting job: count at NativeMethodAccessorImpl.java:0
[2025-04-30T11:20:00.720+0000] {spark_submit.py:490} INFO - 25/04/30 11:20:00 INFO DAGScheduler: Got job 9 (count at NativeMethodAccessorImpl.java:0) with 1 output partitions
[2025-04-30T11:20:00.720+0000] {spark_submit.py:490} INFO - 25/04/30 11:20:00 INFO DAGScheduler: Final stage: ResultStage 17 (count at NativeMethodAccessorImpl.java:0)
[2025-04-30T11:20:00.720+0000] {spark_submit.py:490} INFO - 25/04/30 11:20:00 INFO DAGScheduler: Parents of final stage: List(ShuffleMapStage 16)
[2025-04-30T11:20:00.720+0000] {spark_submit.py:490} INFO - 25/04/30 11:20:00 INFO DAGScheduler: Missing parents: List()
[2025-04-30T11:20:00.721+0000] {spark_submit.py:490} INFO - 25/04/30 11:20:00 INFO DAGScheduler: Submitting ResultStage 17 (MapPartitionsRDD[38] at count at NativeMethodAccessorImpl.java:0), which has no missing parents
[2025-04-30T11:20:00.723+0000] {spark_submit.py:490} INFO - 25/04/30 11:20:00 INFO MemoryStore: Block broadcast_9 stored as values in memory (estimated size 11.1 KiB, free 434.3 MiB)
[2025-04-30T11:20:00.724+0000] {spark_submit.py:490} INFO - 25/04/30 11:20:00 INFO MemoryStore: Block broadcast_9_piece0 stored as bytes in memory (estimated size 5.5 KiB, free 434.3 MiB)
[2025-04-30T11:20:00.725+0000] {spark_submit.py:490} INFO - 25/04/30 11:20:00 INFO BlockManagerInfo: Added broadcast_9_piece0 in memory on f349d8d6503e:46055 (size: 5.5 KiB, free: 434.4 MiB)
[2025-04-30T11:20:00.725+0000] {spark_submit.py:490} INFO - 25/04/30 11:20:00 INFO SparkContext: Created broadcast 9 from broadcast at DAGScheduler.scala:1513
[2025-04-30T11:20:00.726+0000] {spark_submit.py:490} INFO - 25/04/30 11:20:00 INFO DAGScheduler: Submitting 1 missing tasks from ResultStage 17 (MapPartitionsRDD[38] at count at NativeMethodAccessorImpl.java:0) (first 15 tasks are for partitions Vector(0))
[2025-04-30T11:20:00.726+0000] {spark_submit.py:490} INFO - 25/04/30 11:20:00 INFO TaskSchedulerImpl: Adding task set 17.0 with 1 tasks resource profile 0
[2025-04-30T11:20:00.727+0000] {spark_submit.py:490} INFO - 25/04/30 11:20:00 INFO TaskSetManager: Starting task 0.0 in stage 17.0 (TID 10) (172.18.0.5, executor 0, partition 0, NODE_LOCAL, 4457 bytes) taskResourceAssignments Map()
[2025-04-30T11:20:00.738+0000] {spark_submit.py:490} INFO - 25/04/30 11:20:00 INFO BlockManagerInfo: Added broadcast_9_piece0 in memory on 172.18.0.5:34939 (size: 5.5 KiB, free: 366.3 MiB)
[2025-04-30T11:20:00.743+0000] {spark_submit.py:490} INFO - 25/04/30 11:20:00 INFO MapOutputTrackerMasterEndpoint: Asked to send map output locations for shuffle 5 to 172.18.0.5:51560
[2025-04-30T11:20:00.763+0000] {spark_submit.py:490} INFO - 25/04/30 11:20:00 INFO TaskSetManager: Finished task 0.0 in stage 17.0 (TID 10) in 36 ms on 172.18.0.5 (executor 0) (1/1)
[2025-04-30T11:20:00.763+0000] {spark_submit.py:490} INFO - 25/04/30 11:20:00 INFO TaskSchedulerImpl: Removed TaskSet 17.0, whose tasks have all completed, from pool
[2025-04-30T11:20:00.764+0000] {spark_submit.py:490} INFO - 25/04/30 11:20:00 INFO DAGScheduler: ResultStage 17 (count at NativeMethodAccessorImpl.java:0) finished in 0.042 s
[2025-04-30T11:20:00.765+0000] {spark_submit.py:490} INFO - 25/04/30 11:20:00 INFO DAGScheduler: Job 9 is finished. Cancelling potential speculative or zombie tasks for this job
[2025-04-30T11:20:00.765+0000] {spark_submit.py:490} INFO - 25/04/30 11:20:00 INFO TaskSchedulerImpl: Killing all running tasks in stage 17: Stage finished
[2025-04-30T11:20:00.766+0000] {spark_submit.py:490} INFO - 25/04/30 11:20:00 INFO DAGScheduler: Job 9 finished: count at NativeMethodAccessorImpl.java:0, took 0.046656 s
[2025-04-30T11:20:00.767+0000] {spark_submit.py:490} INFO - INFO:__main__:Объединение результатов выполнено, итого записей: 311
[2025-04-30T11:20:00.924+0000] {spark_submit.py:490} INFO - 25/04/30 11:20:00 INFO CodeGenerator: Code generated in 12.250225 ms
[2025-04-30T11:20:00.928+0000] {spark_submit.py:490} INFO - 25/04/30 11:20:00 INFO DAGScheduler: Registering RDD 42 (jdbc at NativeMethodAccessorImpl.java:0) as input to shuffle 6
[2025-04-30T11:20:00.928+0000] {spark_submit.py:490} INFO - 25/04/30 11:20:00 INFO DAGScheduler: Got map stage job 10 (jdbc at NativeMethodAccessorImpl.java:0) with 1 output partitions
[2025-04-30T11:20:00.928+0000] {spark_submit.py:490} INFO - 25/04/30 11:20:00 INFO DAGScheduler: Final stage: ShuffleMapStage 18 (jdbc at NativeMethodAccessorImpl.java:0)
[2025-04-30T11:20:00.928+0000] {spark_submit.py:490} INFO - 25/04/30 11:20:00 INFO DAGScheduler: Parents of final stage: List()
[2025-04-30T11:20:00.929+0000] {spark_submit.py:490} INFO - 25/04/30 11:20:00 INFO DAGScheduler: Missing parents: List()
[2025-04-30T11:20:00.929+0000] {spark_submit.py:490} INFO - 25/04/30 11:20:00 INFO DAGScheduler: Submitting ShuffleMapStage 18 (MapPartitionsRDD[42] at jdbc at NativeMethodAccessorImpl.java:0), which has no missing parents
[2025-04-30T11:20:00.935+0000] {spark_submit.py:490} INFO - 25/04/30 11:20:00 INFO MemoryStore: Block broadcast_10 stored as values in memory (estimated size 16.3 KiB, free 434.3 MiB)
[2025-04-30T11:20:00.945+0000] {spark_submit.py:490} INFO - 25/04/30 11:20:00 INFO MemoryStore: Block broadcast_10_piece0 stored as bytes in memory (estimated size 7.9 KiB, free 434.3 MiB)
[2025-04-30T11:20:00.947+0000] {spark_submit.py:490} INFO - 25/04/30 11:20:00 INFO BlockManagerInfo: Added broadcast_10_piece0 in memory on f349d8d6503e:46055 (size: 7.9 KiB, free: 434.4 MiB)
[2025-04-30T11:20:00.952+0000] {spark_submit.py:490} INFO - 25/04/30 11:20:00 INFO SparkContext: Created broadcast 10 from broadcast at DAGScheduler.scala:1513
[2025-04-30T11:20:00.953+0000] {spark_submit.py:490} INFO - 25/04/30 11:20:00 INFO DAGScheduler: Submitting 1 missing tasks from ShuffleMapStage 18 (MapPartitionsRDD[42] at jdbc at NativeMethodAccessorImpl.java:0) (first 15 tasks are for partitions Vector(0))
[2025-04-30T11:20:00.953+0000] {spark_submit.py:490} INFO - 25/04/30 11:20:00 INFO TaskSchedulerImpl: Adding task set 18.0 with 1 tasks resource profile 0
[2025-04-30T11:20:00.953+0000] {spark_submit.py:490} INFO - 25/04/30 11:20:00 INFO TaskSetManager: Starting task 0.0 in stage 18.0 (TID 11) (172.18.0.5, executor 0, partition 0, PROCESS_LOCAL, 4292 bytes) taskResourceAssignments Map()
[2025-04-30T11:20:00.956+0000] {spark_submit.py:490} INFO - 25/04/30 11:20:00 INFO BlockManagerInfo: Removed broadcast_7_piece0 on f349d8d6503e:46055 in memory (size: 7.3 KiB, free: 434.4 MiB)
[2025-04-30T11:20:00.960+0000] {spark_submit.py:490} INFO - 25/04/30 11:20:00 INFO BlockManagerInfo: Removed broadcast_7_piece0 on 172.18.0.5:34939 in memory (size: 7.3 KiB, free: 366.3 MiB)
[2025-04-30T11:20:00.974+0000] {spark_submit.py:490} INFO - 25/04/30 11:20:00 INFO BlockManagerInfo: Removed broadcast_9_piece0 on f349d8d6503e:46055 in memory (size: 5.5 KiB, free: 434.4 MiB)
[2025-04-30T11:20:00.976+0000] {spark_submit.py:490} INFO - 25/04/30 11:20:00 INFO BlockManagerInfo: Added broadcast_10_piece0 in memory on 172.18.0.5:34939 (size: 7.9 KiB, free: 366.3 MiB)
[2025-04-30T11:20:00.985+0000] {spark_submit.py:490} INFO - 25/04/30 11:20:00 INFO BlockManagerInfo: Removed broadcast_9_piece0 on 172.18.0.5:34939 in memory (size: 5.5 KiB, free: 366.3 MiB)
[2025-04-30T11:20:00.992+0000] {spark_submit.py:490} INFO - 25/04/30 11:20:00 INFO BlockManagerInfo: Removed broadcast_8_piece0 on f349d8d6503e:46055 in memory (size: 17.8 KiB, free: 434.4 MiB)
[2025-04-30T11:20:01.007+0000] {spark_submit.py:490} INFO - 25/04/30 11:20:01 INFO BlockManagerInfo: Removed broadcast_8_piece0 on 172.18.0.5:34939 in memory (size: 17.8 KiB, free: 366.3 MiB)
[2025-04-30T11:20:01.072+0000] {spark_submit.py:490} INFO - 25/04/30 11:20:01 INFO TaskSetManager: Finished task 0.0 in stage 18.0 (TID 11) in 120 ms on 172.18.0.5 (executor 0) (1/1)
[2025-04-30T11:20:01.072+0000] {spark_submit.py:490} INFO - 25/04/30 11:20:01 INFO DAGScheduler: ShuffleMapStage 18 (jdbc at NativeMethodAccessorImpl.java:0) finished in 0.142 s
[2025-04-30T11:20:01.073+0000] {spark_submit.py:490} INFO - 25/04/30 11:20:01 INFO DAGScheduler: looking for newly runnable stages
[2025-04-30T11:20:01.073+0000] {spark_submit.py:490} INFO - 25/04/30 11:20:01 INFO DAGScheduler: running: Set()
[2025-04-30T11:20:01.073+0000] {spark_submit.py:490} INFO - 25/04/30 11:20:01 INFO DAGScheduler: waiting: Set()
[2025-04-30T11:20:01.074+0000] {spark_submit.py:490} INFO - 25/04/30 11:20:01 INFO DAGScheduler: failed: Set()
[2025-04-30T11:20:01.074+0000] {spark_submit.py:490} INFO - 25/04/30 11:20:01 INFO TaskSchedulerImpl: Removed TaskSet 18.0, whose tasks have all completed, from pool
[2025-04-30T11:20:01.080+0000] {spark_submit.py:490} INFO - 25/04/30 11:20:01 INFO ShufflePartitionsUtil: For shuffle(6), advisory target size: 67108864, actual target size 1048576, minimum partition size: 1048576
[2025-04-30T11:20:01.096+0000] {spark_submit.py:490} INFO - 25/04/30 11:20:01 INFO CodeGenerator: Code generated in 10.292981 ms
[2025-04-30T11:20:01.116+0000] {spark_submit.py:490} INFO - 25/04/30 11:20:01 INFO CodeGenerator: Code generated in 10.80941 ms
[2025-04-30T11:20:01.162+0000] {spark_submit.py:490} INFO - 25/04/30 11:20:01 INFO SparkContext: Starting job: jdbc at NativeMethodAccessorImpl.java:0
[2025-04-30T11:20:01.163+0000] {spark_submit.py:490} INFO - 25/04/30 11:20:01 INFO DAGScheduler: Got job 11 (jdbc at NativeMethodAccessorImpl.java:0) with 2 output partitions
[2025-04-30T11:20:01.164+0000] {spark_submit.py:490} INFO - 25/04/30 11:20:01 INFO DAGScheduler: Final stage: ResultStage 20 (jdbc at NativeMethodAccessorImpl.java:0)
[2025-04-30T11:20:01.164+0000] {spark_submit.py:490} INFO - 25/04/30 11:20:01 INFO DAGScheduler: Parents of final stage: List(ShuffleMapStage 19)
[2025-04-30T11:20:01.164+0000] {spark_submit.py:490} INFO - 25/04/30 11:20:01 INFO DAGScheduler: Missing parents: List()
[2025-04-30T11:20:01.165+0000] {spark_submit.py:490} INFO - 25/04/30 11:20:01 INFO DAGScheduler: Submitting ResultStage 20 (MapPartitionsRDD[52] at jdbc at NativeMethodAccessorImpl.java:0), which has no missing parents
[2025-04-30T11:20:01.191+0000] {spark_submit.py:490} INFO - 25/04/30 11:20:01 INFO MemoryStore: Block broadcast_11 stored as values in memory (estimated size 58.9 KiB, free 434.3 MiB)
[2025-04-30T11:20:01.192+0000] {spark_submit.py:490} INFO - 25/04/30 11:20:01 INFO MemoryStore: Block broadcast_11_piece0 stored as bytes in memory (estimated size 24.0 KiB, free 434.3 MiB)
[2025-04-30T11:20:01.193+0000] {spark_submit.py:490} INFO - 25/04/30 11:20:01 INFO BlockManagerInfo: Added broadcast_11_piece0 in memory on f349d8d6503e:46055 (size: 24.0 KiB, free: 434.4 MiB)
[2025-04-30T11:20:01.194+0000] {spark_submit.py:490} INFO - 25/04/30 11:20:01 INFO SparkContext: Created broadcast 11 from broadcast at DAGScheduler.scala:1513
[2025-04-30T11:20:01.195+0000] {spark_submit.py:490} INFO - 25/04/30 11:20:01 INFO DAGScheduler: Submitting 2 missing tasks from ResultStage 20 (MapPartitionsRDD[52] at jdbc at NativeMethodAccessorImpl.java:0) (first 15 tasks are for partitions Vector(0, 1))
[2025-04-30T11:20:01.195+0000] {spark_submit.py:490} INFO - 25/04/30 11:20:01 INFO TaskSchedulerImpl: Adding task set 20.0 with 2 tasks resource profile 0
[2025-04-30T11:20:01.197+0000] {spark_submit.py:490} INFO - 25/04/30 11:20:01 INFO TaskSetManager: Starting task 1.0 in stage 20.0 (TID 12) (172.18.0.5, executor 0, partition 1, NODE_LOCAL, 4566 bytes) taskResourceAssignments Map()
[2025-04-30T11:20:01.208+0000] {spark_submit.py:490} INFO - 25/04/30 11:20:01 INFO BlockManagerInfo: Added broadcast_11_piece0 in memory on 172.18.0.5:34939 (size: 24.0 KiB, free: 366.3 MiB)
[2025-04-30T11:20:01.376+0000] {spark_submit.py:490} INFO - 25/04/30 11:20:01 INFO MapOutputTrackerMasterEndpoint: Asked to send map output locations for shuffle 6 to 172.18.0.5:51560
[2025-04-30T11:20:02.237+0000] {spark_submit.py:490} INFO - 25/04/30 11:20:02 INFO TaskSetManager: Starting task 0.0 in stage 20.0 (TID 13) (172.18.0.5, executor 0, partition 0, PROCESS_LOCAL, 4412 bytes) taskResourceAssignments Map()
[2025-04-30T11:20:02.239+0000] {spark_submit.py:490} INFO - 25/04/30 11:20:02 INFO TaskSetManager: Finished task 1.0 in stage 20.0 (TID 12) in 1042 ms on 172.18.0.5 (executor 0) (1/2)
[2025-04-30T11:20:02.316+0000] {spark_submit.py:490} INFO - 25/04/30 11:20:02 INFO TaskSetManager: Finished task 0.0 in stage 20.0 (TID 13) in 80 ms on 172.18.0.5 (executor 0) (2/2)
[2025-04-30T11:20:02.317+0000] {spark_submit.py:490} INFO - 25/04/30 11:20:02 INFO TaskSchedulerImpl: Removed TaskSet 20.0, whose tasks have all completed, from pool
[2025-04-30T11:20:02.317+0000] {spark_submit.py:490} INFO - 25/04/30 11:20:02 INFO DAGScheduler: ResultStage 20 (jdbc at NativeMethodAccessorImpl.java:0) finished in 1.148 s
[2025-04-30T11:20:02.317+0000] {spark_submit.py:490} INFO - 25/04/30 11:20:02 INFO DAGScheduler: Job 11 is finished. Cancelling potential speculative or zombie tasks for this job
[2025-04-30T11:20:02.317+0000] {spark_submit.py:490} INFO - 25/04/30 11:20:02 INFO TaskSchedulerImpl: Killing all running tasks in stage 20: Stage finished
[2025-04-30T11:20:02.317+0000] {spark_submit.py:490} INFO - 25/04/30 11:20:02 INFO DAGScheduler: Job 11 finished: jdbc at NativeMethodAccessorImpl.java:0, took 1.155089 s
[2025-04-30T11:20:02.332+0000] {spark_submit.py:490} INFO - INFO:__main__:Запись в mart.suspicious_transactions завершена
[2025-04-30T11:20:02.373+0000] {spark_submit.py:490} INFO - 25/04/30 11:20:02 WARN ClickHouseDriver: ******************************************************************************************
[2025-04-30T11:20:02.374+0000] {spark_submit.py:490} INFO - 25/04/30 11:20:02 WARN ClickHouseDriver: * This driver is DEPRECATED. Please use [com.clickhouse.jdbc.ClickHouseDriver] instead.  *
[2025-04-30T11:20:02.374+0000] {spark_submit.py:490} INFO - 25/04/30 11:20:02 WARN ClickHouseDriver: * Also everything in package [ru.yandex.clickhouse] will be removed starting from 0.4.0. *
[2025-04-30T11:20:02.374+0000] {spark_submit.py:490} INFO - 25/04/30 11:20:02 WARN ClickHouseDriver: ******************************************************************************************
[2025-04-30T11:20:02.572+0000] {spark_submit.py:490} INFO - Traceback (most recent call last):
[2025-04-30T11:20:02.572+0000] {spark_submit.py:490} INFO - File "/opt/airflow/spark/detect_suspicious.py", line 113, in <module>
[2025-04-30T11:20:02.572+0000] {spark_submit.py:490} INFO - .mode("append")
[2025-04-30T11:20:02.572+0000] {spark_submit.py:490} INFO - File "/opt/spark/python/lib/pyspark.zip/pyspark/sql/readwriter.py", line 966, in save
[2025-04-30T11:20:02.573+0000] {spark_submit.py:490} INFO - File "/opt/spark/python/lib/py4j-0.10.9.5-src.zip/py4j/java_gateway.py", line 1322, in __call__
[2025-04-30T11:20:02.574+0000] {spark_submit.py:490} INFO - File "/opt/spark/python/lib/pyspark.zip/pyspark/sql/utils.py", line 196, in deco
[2025-04-30T11:20:02.578+0000] {spark_submit.py:490} INFO - pyspark.sql.utils.ParseException:
[2025-04-30T11:20:02.578+0000] {spark_submit.py:490} INFO - DataType datetime is not supported.(line 1, pos 9)
[2025-04-30T11:20:02.578+0000] {spark_submit.py:490} INFO - 
[2025-04-30T11:20:02.578+0000] {spark_submit.py:490} INFO - == SQL ==
[2025-04-30T11:20:02.579+0000] {spark_submit.py:490} INFO - datetime DateTime, detection_time DateTime
[2025-04-30T11:20:02.579+0000] {spark_submit.py:490} INFO - ---------^^^
[2025-04-30T11:20:02.579+0000] {spark_submit.py:490} INFO - 
[2025-04-30T11:20:02.608+0000] {spark_submit.py:490} INFO - 25/04/30 11:20:02 INFO SparkContext: Invoking stop() from shutdown hook
[2025-04-30T11:20:02.616+0000] {spark_submit.py:490} INFO - 25/04/30 11:20:02 INFO SparkUI: Stopped Spark web UI at http://f349d8d6503e:4040
[2025-04-30T11:20:02.618+0000] {spark_submit.py:490} INFO - 25/04/30 11:20:02 INFO StandaloneSchedulerBackend: Shutting down all executors
[2025-04-30T11:20:02.619+0000] {spark_submit.py:490} INFO - 25/04/30 11:20:02 INFO CoarseGrainedSchedulerBackend$DriverEndpoint: Asking each executor to shut down
[2025-04-30T11:20:02.635+0000] {spark_submit.py:490} INFO - 25/04/30 11:20:02 INFO MapOutputTrackerMasterEndpoint: MapOutputTrackerMasterEndpoint stopped!
[2025-04-30T11:20:02.649+0000] {spark_submit.py:490} INFO - 25/04/30 11:20:02 INFO MemoryStore: MemoryStore cleared
[2025-04-30T11:20:02.650+0000] {spark_submit.py:490} INFO - 25/04/30 11:20:02 INFO BlockManager: BlockManager stopped
[2025-04-30T11:20:02.654+0000] {spark_submit.py:490} INFO - 25/04/30 11:20:02 INFO BlockManagerMaster: BlockManagerMaster stopped
[2025-04-30T11:20:02.657+0000] {spark_submit.py:490} INFO - 25/04/30 11:20:02 INFO OutputCommitCoordinator$OutputCommitCoordinatorEndpoint: OutputCommitCoordinator stopped!
[2025-04-30T11:20:02.661+0000] {spark_submit.py:490} INFO - 25/04/30 11:20:02 INFO SparkContext: Successfully stopped SparkContext
[2025-04-30T11:20:02.662+0000] {spark_submit.py:490} INFO - 25/04/30 11:20:02 INFO ShutdownHookManager: Shutdown hook called
[2025-04-30T11:20:02.662+0000] {spark_submit.py:490} INFO - 25/04/30 11:20:02 INFO ShutdownHookManager: Deleting directory /tmp/spark-69d73bd1-9205-4ab7-b5f7-7dbb546cc8c2
[2025-04-30T11:20:02.664+0000] {spark_submit.py:490} INFO - 25/04/30 11:20:02 INFO ShutdownHookManager: Deleting directory /tmp/spark-20638479-1023-445b-99a4-2a7ecca53941
[2025-04-30T11:20:02.667+0000] {spark_submit.py:490} INFO - 25/04/30 11:20:02 INFO ShutdownHookManager: Deleting directory /tmp/spark-20638479-1023-445b-99a4-2a7ecca53941/pyspark-7b95579a-e699-451c-af9b-750e81c455f4
[2025-04-30T11:20:02.743+0000] {taskinstance.py:1824} ERROR - Task failed with exception
Traceback (most recent call last):
  File "/home/airflow/.local/lib/python3.7/site-packages/airflow/providers/apache/spark/operators/spark_submit.py", line 157, in execute
    self._hook.submit(self._application)
  File "/home/airflow/.local/lib/python3.7/site-packages/airflow/providers/apache/spark/hooks/spark_submit.py", line 422, in submit
    f"Cannot execute: {self._mask_cmd(spark_submit_cmd)}. Error code is: {returncode}."
airflow.exceptions.AirflowException: Cannot execute: spark-submit --master spark://spark-master:7077 --packages org.postgresql:postgresql:42.6.0,ru.yandex.clickhouse:clickhouse-jdbc:0.3.2 --executor-cores 1 --executor-memory 1g --driver-memory 1g --name arrow-spark /opt/airflow/spark/detect_suspicious.py --jdbc jdbc:postgresql://postgres:5432/finbest --clickhouse-url jdbc:clickhouse://clickhouse:8123/finbest. Error code is: 1.
[2025-04-30T11:20:02.748+0000] {taskinstance.py:1350} INFO - Marking task as UP_FOR_RETRY. dag_id=transform, task_id=detect_suspicious, execution_date=20250430T111938, start_date=20250430T111947, end_date=20250430T112002
[2025-04-30T11:20:02.759+0000] {standard_task_runner.py:109} ERROR - Failed to execute job 26 for task detect_suspicious (Cannot execute: spark-submit --master spark://spark-master:7077 --packages org.postgresql:postgresql:42.6.0,ru.yandex.clickhouse:clickhouse-jdbc:0.3.2 --executor-cores 1 --executor-memory 1g --driver-memory 1g --name arrow-spark /opt/airflow/spark/detect_suspicious.py --jdbc jdbc:postgresql://postgres:5432/finbest --clickhouse-url jdbc:clickhouse://clickhouse:8123/finbest. Error code is: 1.; 30289)
[2025-04-30T11:20:02.803+0000] {local_task_job_runner.py:225} INFO - Task exited with return code 1
[2025-04-30T11:20:02.835+0000] {taskinstance.py:2653} INFO - 0 downstream tasks scheduled from follow-on schedule check
