[2025-04-30T11:21:05.589+0000] {taskinstance.py:1103} INFO - Dependencies all met for dep_context=non-requeueable deps ti=<TaskInstance: transform.detect_suspicious manual__2025-04-30T11:19:38.537971+00:00 [queued]>
[2025-04-30T11:21:05.595+0000] {taskinstance.py:1103} INFO - Dependencies all met for dep_context=requeueable deps ti=<TaskInstance: transform.detect_suspicious manual__2025-04-30T11:19:38.537971+00:00 [queued]>
[2025-04-30T11:21:05.595+0000] {taskinstance.py:1308} INFO - Starting attempt 2 of 2
[2025-04-30T11:21:05.605+0000] {taskinstance.py:1327} INFO - Executing <Task(SparkSubmitOperator): detect_suspicious> on 2025-04-30 11:19:38.537971+00:00
[2025-04-30T11:21:05.609+0000] {standard_task_runner.py:57} INFO - Started process 30669 to run task
[2025-04-30T11:21:05.611+0000] {standard_task_runner.py:84} INFO - Running: ['airflow', 'tasks', 'run', 'transform', 'detect_suspicious', 'manual__2025-04-30T11:19:38.537971+00:00', '--job-id', '27', '--raw', '--subdir', 'DAGS_FOLDER/transform.py', '--cfg-path', '/tmp/tmpjo6bp74u']
[2025-04-30T11:21:05.611+0000] {standard_task_runner.py:85} INFO - Job 27: Subtask detect_suspicious
[2025-04-30T11:21:05.649+0000] {task_command.py:410} INFO - Running <TaskInstance: transform.detect_suspicious manual__2025-04-30T11:19:38.537971+00:00 [running]> on host f349d8d6503e
[2025-04-30T11:21:05.791+0000] {taskinstance.py:1547} INFO - Exporting env vars: AIRFLOW_CTX_DAG_OWNER='finbest' AIRFLOW_CTX_DAG_ID='transform' AIRFLOW_CTX_TASK_ID='detect_suspicious' AIRFLOW_CTX_EXECUTION_DATE='2025-04-30T11:19:38.537971+00:00' AIRFLOW_CTX_TRY_NUMBER='2' AIRFLOW_CTX_DAG_RUN_ID='manual__2025-04-30T11:19:38.537971+00:00'
[2025-04-30T11:21:05.799+0000] {base.py:73} INFO - Using connection ID 'spark_default' for task execution.
[2025-04-30T11:21:05.800+0000] {spark_submit.py:339} INFO - Spark-Submit cmd: spark-submit --master spark://spark-master:7077 --packages org.postgresql:postgresql:42.6.0,ru.yandex.clickhouse:clickhouse-jdbc:0.3.2 --executor-cores 1 --executor-memory 1g --driver-memory 1g --name arrow-spark /opt/airflow/spark/detect_suspicious.py --jdbc jdbc:postgresql://postgres:5432/finbest --clickhouse-url jdbc:clickhouse://clickhouse:8123/finbest
[2025-04-30T11:21:07.351+0000] {spark_submit.py:490} INFO - :: loading settings :: url = jar:file:/opt/spark/jars/ivy-2.5.0.jar!/org/apache/ivy/core/settings/ivysettings.xml
[2025-04-30T11:21:07.431+0000] {spark_submit.py:490} INFO - Ivy Default Cache set to: /home/airflow/.ivy2/cache
[2025-04-30T11:21:07.431+0000] {spark_submit.py:490} INFO - The jars for the packages stored in: /home/airflow/.ivy2/jars
[2025-04-30T11:21:07.434+0000] {spark_submit.py:490} INFO - org.postgresql#postgresql added as a dependency
[2025-04-30T11:21:07.434+0000] {spark_submit.py:490} INFO - ru.yandex.clickhouse#clickhouse-jdbc added as a dependency
[2025-04-30T11:21:07.435+0000] {spark_submit.py:490} INFO - :: resolving dependencies :: org.apache.spark#spark-submit-parent-62c841c8-be9d-429b-a107-ddb1d07e845c;1.0
[2025-04-30T11:21:07.435+0000] {spark_submit.py:490} INFO - confs: [default]
[2025-04-30T11:21:07.510+0000] {spark_submit.py:490} INFO - found org.postgresql#postgresql;42.6.0 in central
[2025-04-30T11:21:07.525+0000] {spark_submit.py:490} INFO - found org.checkerframework#checker-qual;3.31.0 in central
[2025-04-30T11:21:07.539+0000] {spark_submit.py:490} INFO - found ru.yandex.clickhouse#clickhouse-jdbc;0.3.2 in central
[2025-04-30T11:21:07.556+0000] {spark_submit.py:490} INFO - found com.clickhouse#clickhouse-http-client;0.3.2 in central
[2025-04-30T11:21:07.572+0000] {spark_submit.py:490} INFO - found com.clickhouse#clickhouse-client;0.3.2 in central
[2025-04-30T11:21:07.586+0000] {spark_submit.py:490} INFO - found org.lz4#lz4-java;1.8.0 in central
[2025-04-30T11:21:07.599+0000] {spark_submit.py:490} INFO - found com.google.code.gson#gson;2.8.8 in central
[2025-04-30T11:21:07.613+0000] {spark_submit.py:490} INFO - found org.apache.httpcomponents#httpclient;4.5.13 in central
[2025-04-30T11:21:07.627+0000] {spark_submit.py:490} INFO - found org.apache.httpcomponents#httpcore;4.4.13 in central
[2025-04-30T11:21:07.641+0000] {spark_submit.py:490} INFO - found commons-logging#commons-logging;1.2 in central
[2025-04-30T11:21:07.655+0000] {spark_submit.py:490} INFO - found commons-codec#commons-codec;1.11 in central
[2025-04-30T11:21:07.666+0000] {spark_submit.py:490} INFO - found org.apache.httpcomponents#httpmime;4.5.13 in central
[2025-04-30T11:21:07.685+0000] {spark_submit.py:490} INFO - :: resolution report :: resolve 241ms :: artifacts dl 8ms
[2025-04-30T11:21:07.685+0000] {spark_submit.py:490} INFO - :: modules in use:
[2025-04-30T11:21:07.685+0000] {spark_submit.py:490} INFO - com.clickhouse#clickhouse-client;0.3.2 from central in [default]
[2025-04-30T11:21:07.685+0000] {spark_submit.py:490} INFO - com.clickhouse#clickhouse-http-client;0.3.2 from central in [default]
[2025-04-30T11:21:07.685+0000] {spark_submit.py:490} INFO - com.google.code.gson#gson;2.8.8 from central in [default]
[2025-04-30T11:21:07.685+0000] {spark_submit.py:490} INFO - commons-codec#commons-codec;1.11 from central in [default]
[2025-04-30T11:21:07.685+0000] {spark_submit.py:490} INFO - commons-logging#commons-logging;1.2 from central in [default]
[2025-04-30T11:21:07.686+0000] {spark_submit.py:490} INFO - org.apache.httpcomponents#httpclient;4.5.13 from central in [default]
[2025-04-30T11:21:07.686+0000] {spark_submit.py:490} INFO - org.apache.httpcomponents#httpcore;4.4.13 from central in [default]
[2025-04-30T11:21:07.686+0000] {spark_submit.py:490} INFO - org.apache.httpcomponents#httpmime;4.5.13 from central in [default]
[2025-04-30T11:21:07.686+0000] {spark_submit.py:490} INFO - org.checkerframework#checker-qual;3.31.0 from central in [default]
[2025-04-30T11:21:07.686+0000] {spark_submit.py:490} INFO - org.lz4#lz4-java;1.8.0 from central in [default]
[2025-04-30T11:21:07.686+0000] {spark_submit.py:490} INFO - org.postgresql#postgresql;42.6.0 from central in [default]
[2025-04-30T11:21:07.686+0000] {spark_submit.py:490} INFO - ru.yandex.clickhouse#clickhouse-jdbc;0.3.2 from central in [default]
[2025-04-30T11:21:07.686+0000] {spark_submit.py:490} INFO - ---------------------------------------------------------------------
[2025-04-30T11:21:07.686+0000] {spark_submit.py:490} INFO - |                  |            modules            ||   artifacts   |
[2025-04-30T11:21:07.686+0000] {spark_submit.py:490} INFO - |       conf       | number| search|dwnlded|evicted|| number|dwnlded|
[2025-04-30T11:21:07.686+0000] {spark_submit.py:490} INFO - ---------------------------------------------------------------------
[2025-04-30T11:21:07.686+0000] {spark_submit.py:490} INFO - |      default     |   12  |   0   |   0   |   0   ||   12  |   0   |
[2025-04-30T11:21:07.687+0000] {spark_submit.py:490} INFO - ---------------------------------------------------------------------
[2025-04-30T11:21:07.690+0000] {spark_submit.py:490} INFO - :: retrieving :: org.apache.spark#spark-submit-parent-62c841c8-be9d-429b-a107-ddb1d07e845c
[2025-04-30T11:21:07.691+0000] {spark_submit.py:490} INFO - confs: [default]
[2025-04-30T11:21:07.699+0000] {spark_submit.py:490} INFO - 0 artifacts copied, 12 already retrieved (0kB/8ms)
[2025-04-30T11:21:07.890+0000] {spark_submit.py:490} INFO - 25/04/30 11:21:07 WARN NativeCodeLoader: Unable to load native-hadoop library for your platform... using builtin-java classes where applicable
[2025-04-30T11:21:08.696+0000] {spark_submit.py:490} INFO - 25/04/30 11:21:08 INFO SparkContext: Running Spark version 3.3.0
[2025-04-30T11:21:08.713+0000] {spark_submit.py:490} INFO - 25/04/30 11:21:08 INFO ResourceUtils: ==============================================================
[2025-04-30T11:21:08.714+0000] {spark_submit.py:490} INFO - 25/04/30 11:21:08 INFO ResourceUtils: No custom resources configured for spark.driver.
[2025-04-30T11:21:08.714+0000] {spark_submit.py:490} INFO - 25/04/30 11:21:08 INFO ResourceUtils: ==============================================================
[2025-04-30T11:21:08.714+0000] {spark_submit.py:490} INFO - 25/04/30 11:21:08 INFO SparkContext: Submitted application: FinBestDetect
[2025-04-30T11:21:08.732+0000] {spark_submit.py:490} INFO - 25/04/30 11:21:08 INFO ResourceProfile: Default ResourceProfile created, executor resources: Map(cores -> name: cores, amount: 1, script: , vendor: , memory -> name: memory, amount: 1024, script: , vendor: , offHeap -> name: offHeap, amount: 0, script: , vendor: ), task resources: Map(cpus -> name: cpus, amount: 1.0)
[2025-04-30T11:21:08.742+0000] {spark_submit.py:490} INFO - 25/04/30 11:21:08 INFO ResourceProfile: Limiting resource is cpus at 1 tasks per executor
[2025-04-30T11:21:08.743+0000] {spark_submit.py:490} INFO - 25/04/30 11:21:08 INFO ResourceProfileManager: Added ResourceProfile id: 0
[2025-04-30T11:21:08.800+0000] {spark_submit.py:490} INFO - 25/04/30 11:21:08 INFO SecurityManager: Changing view acls to: airflow
[2025-04-30T11:21:08.801+0000] {spark_submit.py:490} INFO - 25/04/30 11:21:08 INFO SecurityManager: Changing modify acls to: airflow
[2025-04-30T11:21:08.801+0000] {spark_submit.py:490} INFO - 25/04/30 11:21:08 INFO SecurityManager: Changing view acls groups to:
[2025-04-30T11:21:08.802+0000] {spark_submit.py:490} INFO - 25/04/30 11:21:08 INFO SecurityManager: Changing modify acls groups to:
[2025-04-30T11:21:08.802+0000] {spark_submit.py:490} INFO - 25/04/30 11:21:08 INFO SecurityManager: SecurityManager: authentication disabled; ui acls disabled; users  with view permissions: Set(airflow); groups with view permissions: Set(); users  with modify permissions: Set(airflow); groups with modify permissions: Set()
[2025-04-30T11:21:09.024+0000] {spark_submit.py:490} INFO - 25/04/30 11:21:09 INFO Utils: Successfully started service 'sparkDriver' on port 41229.
[2025-04-30T11:21:09.050+0000] {spark_submit.py:490} INFO - 25/04/30 11:21:09 INFO SparkEnv: Registering MapOutputTracker
[2025-04-30T11:21:09.082+0000] {spark_submit.py:490} INFO - 25/04/30 11:21:09 INFO SparkEnv: Registering BlockManagerMaster
[2025-04-30T11:21:09.101+0000] {spark_submit.py:490} INFO - 25/04/30 11:21:09 INFO BlockManagerMasterEndpoint: Using org.apache.spark.storage.DefaultTopologyMapper for getting topology information
[2025-04-30T11:21:09.101+0000] {spark_submit.py:490} INFO - 25/04/30 11:21:09 INFO BlockManagerMasterEndpoint: BlockManagerMasterEndpoint up
[2025-04-30T11:21:09.104+0000] {spark_submit.py:490} INFO - 25/04/30 11:21:09 INFO SparkEnv: Registering BlockManagerMasterHeartbeat
[2025-04-30T11:21:09.126+0000] {spark_submit.py:490} INFO - 25/04/30 11:21:09 INFO DiskBlockManager: Created local directory at /tmp/blockmgr-6d15d37b-54e2-46da-bffa-ee449e23b9ae
[2025-04-30T11:21:09.141+0000] {spark_submit.py:490} INFO - 25/04/30 11:21:09 INFO MemoryStore: MemoryStore started with capacity 434.4 MiB
[2025-04-30T11:21:09.157+0000] {spark_submit.py:490} INFO - 25/04/30 11:21:09 INFO SparkEnv: Registering OutputCommitCoordinator
[2025-04-30T11:21:09.318+0000] {spark_submit.py:490} INFO - 25/04/30 11:21:09 INFO Utils: Successfully started service 'SparkUI' on port 4040.
[2025-04-30T11:21:09.345+0000] {spark_submit.py:490} INFO - 25/04/30 11:21:09 INFO SparkContext: Added JAR file:///home/airflow/.ivy2/jars/org.postgresql_postgresql-42.6.0.jar at spark://f349d8d6503e:41229/jars/org.postgresql_postgresql-42.6.0.jar with timestamp 1746012068690
[2025-04-30T11:21:09.346+0000] {spark_submit.py:490} INFO - 25/04/30 11:21:09 INFO SparkContext: Added JAR file:///home/airflow/.ivy2/jars/ru.yandex.clickhouse_clickhouse-jdbc-0.3.2.jar at spark://f349d8d6503e:41229/jars/ru.yandex.clickhouse_clickhouse-jdbc-0.3.2.jar with timestamp 1746012068690
[2025-04-30T11:21:09.346+0000] {spark_submit.py:490} INFO - 25/04/30 11:21:09 INFO SparkContext: Added JAR file:///home/airflow/.ivy2/jars/org.checkerframework_checker-qual-3.31.0.jar at spark://f349d8d6503e:41229/jars/org.checkerframework_checker-qual-3.31.0.jar with timestamp 1746012068690
[2025-04-30T11:21:09.346+0000] {spark_submit.py:490} INFO - 25/04/30 11:21:09 INFO SparkContext: Added JAR file:///home/airflow/.ivy2/jars/com.clickhouse_clickhouse-http-client-0.3.2.jar at spark://f349d8d6503e:41229/jars/com.clickhouse_clickhouse-http-client-0.3.2.jar with timestamp 1746012068690
[2025-04-30T11:21:09.346+0000] {spark_submit.py:490} INFO - 25/04/30 11:21:09 INFO SparkContext: Added JAR file:///home/airflow/.ivy2/jars/com.google.code.gson_gson-2.8.8.jar at spark://f349d8d6503e:41229/jars/com.google.code.gson_gson-2.8.8.jar with timestamp 1746012068690
[2025-04-30T11:21:09.346+0000] {spark_submit.py:490} INFO - 25/04/30 11:21:09 INFO SparkContext: Added JAR file:///home/airflow/.ivy2/jars/org.apache.httpcomponents_httpclient-4.5.13.jar at spark://f349d8d6503e:41229/jars/org.apache.httpcomponents_httpclient-4.5.13.jar with timestamp 1746012068690
[2025-04-30T11:21:09.346+0000] {spark_submit.py:490} INFO - 25/04/30 11:21:09 INFO SparkContext: Added JAR file:///home/airflow/.ivy2/jars/org.apache.httpcomponents_httpmime-4.5.13.jar at spark://f349d8d6503e:41229/jars/org.apache.httpcomponents_httpmime-4.5.13.jar with timestamp 1746012068690
[2025-04-30T11:21:09.347+0000] {spark_submit.py:490} INFO - 25/04/30 11:21:09 INFO SparkContext: Added JAR file:///home/airflow/.ivy2/jars/org.lz4_lz4-java-1.8.0.jar at spark://f349d8d6503e:41229/jars/org.lz4_lz4-java-1.8.0.jar with timestamp 1746012068690
[2025-04-30T11:21:09.347+0000] {spark_submit.py:490} INFO - 25/04/30 11:21:09 INFO SparkContext: Added JAR file:///home/airflow/.ivy2/jars/com.clickhouse_clickhouse-client-0.3.2.jar at spark://f349d8d6503e:41229/jars/com.clickhouse_clickhouse-client-0.3.2.jar with timestamp 1746012068690
[2025-04-30T11:21:09.347+0000] {spark_submit.py:490} INFO - 25/04/30 11:21:09 INFO SparkContext: Added JAR file:///home/airflow/.ivy2/jars/org.apache.httpcomponents_httpcore-4.4.13.jar at spark://f349d8d6503e:41229/jars/org.apache.httpcomponents_httpcore-4.4.13.jar with timestamp 1746012068690
[2025-04-30T11:21:09.347+0000] {spark_submit.py:490} INFO - 25/04/30 11:21:09 INFO SparkContext: Added JAR file:///home/airflow/.ivy2/jars/commons-logging_commons-logging-1.2.jar at spark://f349d8d6503e:41229/jars/commons-logging_commons-logging-1.2.jar with timestamp 1746012068690
[2025-04-30T11:21:09.347+0000] {spark_submit.py:490} INFO - 25/04/30 11:21:09 INFO SparkContext: Added JAR file:///home/airflow/.ivy2/jars/commons-codec_commons-codec-1.11.jar at spark://f349d8d6503e:41229/jars/commons-codec_commons-codec-1.11.jar with timestamp 1746012068690
[2025-04-30T11:21:09.349+0000] {spark_submit.py:490} INFO - 25/04/30 11:21:09 INFO SparkContext: Added file file:///home/airflow/.ivy2/jars/org.postgresql_postgresql-42.6.0.jar at spark://f349d8d6503e:41229/files/org.postgresql_postgresql-42.6.0.jar with timestamp 1746012068690
[2025-04-30T11:21:09.350+0000] {spark_submit.py:490} INFO - 25/04/30 11:21:09 INFO Utils: Copying /home/airflow/.ivy2/jars/org.postgresql_postgresql-42.6.0.jar to /tmp/spark-5ce297a3-65b9-4158-b7d1-13997dbd7d3e/userFiles-04e786fd-b9b5-4a2f-b66c-94d3a6386b62/org.postgresql_postgresql-42.6.0.jar
[2025-04-30T11:21:09.359+0000] {spark_submit.py:490} INFO - 25/04/30 11:21:09 INFO SparkContext: Added file file:///home/airflow/.ivy2/jars/ru.yandex.clickhouse_clickhouse-jdbc-0.3.2.jar at spark://f349d8d6503e:41229/files/ru.yandex.clickhouse_clickhouse-jdbc-0.3.2.jar with timestamp 1746012068690
[2025-04-30T11:21:09.359+0000] {spark_submit.py:490} INFO - 25/04/30 11:21:09 INFO Utils: Copying /home/airflow/.ivy2/jars/ru.yandex.clickhouse_clickhouse-jdbc-0.3.2.jar to /tmp/spark-5ce297a3-65b9-4158-b7d1-13997dbd7d3e/userFiles-04e786fd-b9b5-4a2f-b66c-94d3a6386b62/ru.yandex.clickhouse_clickhouse-jdbc-0.3.2.jar
[2025-04-30T11:21:09.371+0000] {spark_submit.py:490} INFO - 25/04/30 11:21:09 INFO SparkContext: Added file file:///home/airflow/.ivy2/jars/org.checkerframework_checker-qual-3.31.0.jar at spark://f349d8d6503e:41229/files/org.checkerframework_checker-qual-3.31.0.jar with timestamp 1746012068690
[2025-04-30T11:21:09.371+0000] {spark_submit.py:490} INFO - 25/04/30 11:21:09 INFO Utils: Copying /home/airflow/.ivy2/jars/org.checkerframework_checker-qual-3.31.0.jar to /tmp/spark-5ce297a3-65b9-4158-b7d1-13997dbd7d3e/userFiles-04e786fd-b9b5-4a2f-b66c-94d3a6386b62/org.checkerframework_checker-qual-3.31.0.jar
[2025-04-30T11:21:09.375+0000] {spark_submit.py:490} INFO - 25/04/30 11:21:09 INFO SparkContext: Added file file:///home/airflow/.ivy2/jars/com.clickhouse_clickhouse-http-client-0.3.2.jar at spark://f349d8d6503e:41229/files/com.clickhouse_clickhouse-http-client-0.3.2.jar with timestamp 1746012068690
[2025-04-30T11:21:09.375+0000] {spark_submit.py:490} INFO - 25/04/30 11:21:09 INFO Utils: Copying /home/airflow/.ivy2/jars/com.clickhouse_clickhouse-http-client-0.3.2.jar to /tmp/spark-5ce297a3-65b9-4158-b7d1-13997dbd7d3e/userFiles-04e786fd-b9b5-4a2f-b66c-94d3a6386b62/com.clickhouse_clickhouse-http-client-0.3.2.jar
[2025-04-30T11:21:09.381+0000] {spark_submit.py:490} INFO - 25/04/30 11:21:09 INFO SparkContext: Added file file:///home/airflow/.ivy2/jars/com.google.code.gson_gson-2.8.8.jar at spark://f349d8d6503e:41229/files/com.google.code.gson_gson-2.8.8.jar with timestamp 1746012068690
[2025-04-30T11:21:09.382+0000] {spark_submit.py:490} INFO - 25/04/30 11:21:09 INFO Utils: Copying /home/airflow/.ivy2/jars/com.google.code.gson_gson-2.8.8.jar to /tmp/spark-5ce297a3-65b9-4158-b7d1-13997dbd7d3e/userFiles-04e786fd-b9b5-4a2f-b66c-94d3a6386b62/com.google.code.gson_gson-2.8.8.jar
[2025-04-30T11:21:09.385+0000] {spark_submit.py:490} INFO - 25/04/30 11:21:09 INFO SparkContext: Added file file:///home/airflow/.ivy2/jars/org.apache.httpcomponents_httpclient-4.5.13.jar at spark://f349d8d6503e:41229/files/org.apache.httpcomponents_httpclient-4.5.13.jar with timestamp 1746012068690
[2025-04-30T11:21:09.385+0000] {spark_submit.py:490} INFO - 25/04/30 11:21:09 INFO Utils: Copying /home/airflow/.ivy2/jars/org.apache.httpcomponents_httpclient-4.5.13.jar to /tmp/spark-5ce297a3-65b9-4158-b7d1-13997dbd7d3e/userFiles-04e786fd-b9b5-4a2f-b66c-94d3a6386b62/org.apache.httpcomponents_httpclient-4.5.13.jar
[2025-04-30T11:21:09.389+0000] {spark_submit.py:490} INFO - 25/04/30 11:21:09 INFO SparkContext: Added file file:///home/airflow/.ivy2/jars/org.apache.httpcomponents_httpmime-4.5.13.jar at spark://f349d8d6503e:41229/files/org.apache.httpcomponents_httpmime-4.5.13.jar with timestamp 1746012068690
[2025-04-30T11:21:09.389+0000] {spark_submit.py:490} INFO - 25/04/30 11:21:09 INFO Utils: Copying /home/airflow/.ivy2/jars/org.apache.httpcomponents_httpmime-4.5.13.jar to /tmp/spark-5ce297a3-65b9-4158-b7d1-13997dbd7d3e/userFiles-04e786fd-b9b5-4a2f-b66c-94d3a6386b62/org.apache.httpcomponents_httpmime-4.5.13.jar
[2025-04-30T11:21:09.392+0000] {spark_submit.py:490} INFO - 25/04/30 11:21:09 INFO SparkContext: Added file file:///home/airflow/.ivy2/jars/org.lz4_lz4-java-1.8.0.jar at spark://f349d8d6503e:41229/files/org.lz4_lz4-java-1.8.0.jar with timestamp 1746012068690
[2025-04-30T11:21:09.392+0000] {spark_submit.py:490} INFO - 25/04/30 11:21:09 INFO Utils: Copying /home/airflow/.ivy2/jars/org.lz4_lz4-java-1.8.0.jar to /tmp/spark-5ce297a3-65b9-4158-b7d1-13997dbd7d3e/userFiles-04e786fd-b9b5-4a2f-b66c-94d3a6386b62/org.lz4_lz4-java-1.8.0.jar
[2025-04-30T11:21:09.395+0000] {spark_submit.py:490} INFO - 25/04/30 11:21:09 INFO SparkContext: Added file file:///home/airflow/.ivy2/jars/com.clickhouse_clickhouse-client-0.3.2.jar at spark://f349d8d6503e:41229/files/com.clickhouse_clickhouse-client-0.3.2.jar with timestamp 1746012068690
[2025-04-30T11:21:09.396+0000] {spark_submit.py:490} INFO - 25/04/30 11:21:09 INFO Utils: Copying /home/airflow/.ivy2/jars/com.clickhouse_clickhouse-client-0.3.2.jar to /tmp/spark-5ce297a3-65b9-4158-b7d1-13997dbd7d3e/userFiles-04e786fd-b9b5-4a2f-b66c-94d3a6386b62/com.clickhouse_clickhouse-client-0.3.2.jar
[2025-04-30T11:21:09.399+0000] {spark_submit.py:490} INFO - 25/04/30 11:21:09 INFO SparkContext: Added file file:///home/airflow/.ivy2/jars/org.apache.httpcomponents_httpcore-4.4.13.jar at spark://f349d8d6503e:41229/files/org.apache.httpcomponents_httpcore-4.4.13.jar with timestamp 1746012068690
[2025-04-30T11:21:09.399+0000] {spark_submit.py:490} INFO - 25/04/30 11:21:09 INFO Utils: Copying /home/airflow/.ivy2/jars/org.apache.httpcomponents_httpcore-4.4.13.jar to /tmp/spark-5ce297a3-65b9-4158-b7d1-13997dbd7d3e/userFiles-04e786fd-b9b5-4a2f-b66c-94d3a6386b62/org.apache.httpcomponents_httpcore-4.4.13.jar
[2025-04-30T11:21:09.403+0000] {spark_submit.py:490} INFO - 25/04/30 11:21:09 INFO SparkContext: Added file file:///home/airflow/.ivy2/jars/commons-logging_commons-logging-1.2.jar at spark://f349d8d6503e:41229/files/commons-logging_commons-logging-1.2.jar with timestamp 1746012068690
[2025-04-30T11:21:09.403+0000] {spark_submit.py:490} INFO - 25/04/30 11:21:09 INFO Utils: Copying /home/airflow/.ivy2/jars/commons-logging_commons-logging-1.2.jar to /tmp/spark-5ce297a3-65b9-4158-b7d1-13997dbd7d3e/userFiles-04e786fd-b9b5-4a2f-b66c-94d3a6386b62/commons-logging_commons-logging-1.2.jar
[2025-04-30T11:21:09.407+0000] {spark_submit.py:490} INFO - 25/04/30 11:21:09 INFO SparkContext: Added file file:///home/airflow/.ivy2/jars/commons-codec_commons-codec-1.11.jar at spark://f349d8d6503e:41229/files/commons-codec_commons-codec-1.11.jar with timestamp 1746012068690
[2025-04-30T11:21:09.407+0000] {spark_submit.py:490} INFO - 25/04/30 11:21:09 INFO Utils: Copying /home/airflow/.ivy2/jars/commons-codec_commons-codec-1.11.jar to /tmp/spark-5ce297a3-65b9-4158-b7d1-13997dbd7d3e/userFiles-04e786fd-b9b5-4a2f-b66c-94d3a6386b62/commons-codec_commons-codec-1.11.jar
[2025-04-30T11:21:09.491+0000] {spark_submit.py:490} INFO - 25/04/30 11:21:09 INFO StandaloneAppClient$ClientEndpoint: Connecting to master spark://spark-master:7077...
[2025-04-30T11:21:09.529+0000] {spark_submit.py:490} INFO - 25/04/30 11:21:09 INFO TransportClientFactory: Successfully created connection to spark-master/172.18.0.3:7077 after 21 ms (0 ms spent in bootstraps)
[2025-04-30T11:21:09.608+0000] {spark_submit.py:490} INFO - 25/04/30 11:21:09 INFO StandaloneSchedulerBackend: Connected to Spark cluster with app ID app-20250430112109-0003
[2025-04-30T11:21:09.609+0000] {spark_submit.py:490} INFO - 25/04/30 11:21:09 INFO StandaloneAppClient$ClientEndpoint: Executor added: app-20250430112109-0003/0 on worker-20250429224836-172.18.0.5-44137 (172.18.0.5:44137) with 1 core(s)
[2025-04-30T11:21:09.611+0000] {spark_submit.py:490} INFO - 25/04/30 11:21:09 INFO StandaloneSchedulerBackend: Granted executor ID app-20250430112109-0003/0 on hostPort 172.18.0.5:44137 with 1 core(s), 1024.0 MiB RAM
[2025-04-30T11:21:09.613+0000] {spark_submit.py:490} INFO - 25/04/30 11:21:09 INFO Utils: Successfully started service 'org.apache.spark.network.netty.NettyBlockTransferService' on port 34857.
[2025-04-30T11:21:09.613+0000] {spark_submit.py:490} INFO - 25/04/30 11:21:09 INFO NettyBlockTransferService: Server created on f349d8d6503e:34857
[2025-04-30T11:21:09.615+0000] {spark_submit.py:490} INFO - 25/04/30 11:21:09 INFO BlockManager: Using org.apache.spark.storage.RandomBlockReplicationPolicy for block replication policy
[2025-04-30T11:21:09.621+0000] {spark_submit.py:490} INFO - 25/04/30 11:21:09 INFO BlockManagerMaster: Registering BlockManager BlockManagerId(driver, f349d8d6503e, 34857, None)
[2025-04-30T11:21:09.623+0000] {spark_submit.py:490} INFO - 25/04/30 11:21:09 INFO BlockManagerMasterEndpoint: Registering block manager f349d8d6503e:34857 with 434.4 MiB RAM, BlockManagerId(driver, f349d8d6503e, 34857, None)
[2025-04-30T11:21:09.625+0000] {spark_submit.py:490} INFO - 25/04/30 11:21:09 INFO BlockManagerMaster: Registered BlockManager BlockManagerId(driver, f349d8d6503e, 34857, None)
[2025-04-30T11:21:09.626+0000] {spark_submit.py:490} INFO - 25/04/30 11:21:09 INFO BlockManager: Initialized BlockManager: BlockManagerId(driver, f349d8d6503e, 34857, None)
[2025-04-30T11:21:09.648+0000] {spark_submit.py:490} INFO - 25/04/30 11:21:09 INFO StandaloneAppClient$ClientEndpoint: Executor updated: app-20250430112109-0003/0 is now RUNNING
[2025-04-30T11:21:09.792+0000] {spark_submit.py:490} INFO - 25/04/30 11:21:09 INFO StandaloneSchedulerBackend: SchedulerBackend is ready for scheduling beginning after reached minRegisteredResourcesRatio: 0.0
[2025-04-30T11:21:10.014+0000] {spark_submit.py:490} INFO - INFO:__main__:SparkSession создан
[2025-04-30T11:21:10.024+0000] {spark_submit.py:490} INFO - 25/04/30 11:21:10 INFO SharedState: Setting hive.metastore.warehouse.dir ('null') to the value of spark.sql.warehouse.dir.
[2025-04-30T11:21:10.026+0000] {spark_submit.py:490} INFO - 25/04/30 11:21:10 INFO SharedState: Warehouse path is 'file:/opt/airflow/spark-warehouse'.
[2025-04-30T11:21:11.987+0000] {spark_submit.py:490} INFO - 25/04/30 11:21:11 INFO CoarseGrainedSchedulerBackend$DriverEndpoint: Registered executor NettyRpcEndpointRef(spark-client://Executor) (172.18.0.5:52048) with ID 0,  ResourceProfileId 0
[2025-04-30T11:21:12.052+0000] {spark_submit.py:490} INFO - 25/04/30 11:21:12 INFO BlockManagerMasterEndpoint: Registering block manager 172.18.0.5:41691 with 366.3 MiB RAM, BlockManagerId(0, 172.18.0.5, 41691, None)
[2025-04-30T11:21:13.293+0000] {spark_submit.py:490} INFO - 25/04/30 11:21:13 INFO CodeGenerator: Code generated in 87.799756 ms
[2025-04-30T11:21:13.351+0000] {spark_submit.py:490} INFO - 25/04/30 11:21:13 INFO DAGScheduler: Registering RDD 2 (count at NativeMethodAccessorImpl.java:0) as input to shuffle 0
[2025-04-30T11:21:13.355+0000] {spark_submit.py:490} INFO - 25/04/30 11:21:13 INFO DAGScheduler: Got map stage job 0 (count at NativeMethodAccessorImpl.java:0) with 1 output partitions
[2025-04-30T11:21:13.355+0000] {spark_submit.py:490} INFO - 25/04/30 11:21:13 INFO DAGScheduler: Final stage: ShuffleMapStage 0 (count at NativeMethodAccessorImpl.java:0)
[2025-04-30T11:21:13.355+0000] {spark_submit.py:490} INFO - 25/04/30 11:21:13 INFO DAGScheduler: Parents of final stage: List()
[2025-04-30T11:21:13.356+0000] {spark_submit.py:490} INFO - 25/04/30 11:21:13 INFO DAGScheduler: Missing parents: List()
[2025-04-30T11:21:13.358+0000] {spark_submit.py:490} INFO - 25/04/30 11:21:13 INFO DAGScheduler: Submitting ShuffleMapStage 0 (MapPartitionsRDD[2] at count at NativeMethodAccessorImpl.java:0), which has no missing parents
[2025-04-30T11:21:13.472+0000] {spark_submit.py:490} INFO - 25/04/30 11:21:13 INFO MemoryStore: Block broadcast_0 stored as values in memory (estimated size 13.3 KiB, free 434.4 MiB)
[2025-04-30T11:21:13.505+0000] {spark_submit.py:490} INFO - 25/04/30 11:21:13 INFO MemoryStore: Block broadcast_0_piece0 stored as bytes in memory (estimated size 7.0 KiB, free 434.4 MiB)
[2025-04-30T11:21:13.508+0000] {spark_submit.py:490} INFO - 25/04/30 11:21:13 INFO BlockManagerInfo: Added broadcast_0_piece0 in memory on f349d8d6503e:34857 (size: 7.0 KiB, free: 434.4 MiB)
[2025-04-30T11:21:13.512+0000] {spark_submit.py:490} INFO - 25/04/30 11:21:13 INFO SparkContext: Created broadcast 0 from broadcast at DAGScheduler.scala:1513
[2025-04-30T11:21:13.527+0000] {spark_submit.py:490} INFO - 25/04/30 11:21:13 INFO DAGScheduler: Submitting 1 missing tasks from ShuffleMapStage 0 (MapPartitionsRDD[2] at count at NativeMethodAccessorImpl.java:0) (first 15 tasks are for partitions Vector(0))
[2025-04-30T11:21:13.529+0000] {spark_submit.py:490} INFO - 25/04/30 11:21:13 INFO TaskSchedulerImpl: Adding task set 0.0 with 1 tasks resource profile 0
[2025-04-30T11:21:13.564+0000] {spark_submit.py:490} INFO - 25/04/30 11:21:13 INFO TaskSetManager: Starting task 0.0 in stage 0.0 (TID 0) (172.18.0.5, executor 0, partition 0, PROCESS_LOCAL, 4292 bytes) taskResourceAssignments Map()
[2025-04-30T11:21:13.736+0000] {spark_submit.py:490} INFO - 25/04/30 11:21:13 INFO BlockManagerInfo: Added broadcast_0_piece0 in memory on 172.18.0.5:41691 (size: 7.0 KiB, free: 366.3 MiB)
[2025-04-30T11:21:14.578+0000] {spark_submit.py:490} INFO - 25/04/30 11:21:14 INFO TaskSetManager: Finished task 0.0 in stage 0.0 (TID 0) in 1025 ms on 172.18.0.5 (executor 0) (1/1)
[2025-04-30T11:21:14.579+0000] {spark_submit.py:490} INFO - 25/04/30 11:21:14 INFO TaskSchedulerImpl: Removed TaskSet 0.0, whose tasks have all completed, from pool
[2025-04-30T11:21:14.584+0000] {spark_submit.py:490} INFO - 25/04/30 11:21:14 INFO DAGScheduler: ShuffleMapStage 0 (count at NativeMethodAccessorImpl.java:0) finished in 1.214 s
[2025-04-30T11:21:14.585+0000] {spark_submit.py:490} INFO - 25/04/30 11:21:14 INFO DAGScheduler: looking for newly runnable stages
[2025-04-30T11:21:14.585+0000] {spark_submit.py:490} INFO - 25/04/30 11:21:14 INFO DAGScheduler: running: Set()
[2025-04-30T11:21:14.585+0000] {spark_submit.py:490} INFO - 25/04/30 11:21:14 INFO DAGScheduler: waiting: Set()
[2025-04-30T11:21:14.585+0000] {spark_submit.py:490} INFO - 25/04/30 11:21:14 INFO DAGScheduler: failed: Set()
[2025-04-30T11:21:14.614+0000] {spark_submit.py:490} INFO - 25/04/30 11:21:14 INFO CodeGenerator: Code generated in 8.339682 ms
[2025-04-30T11:21:14.639+0000] {spark_submit.py:490} INFO - 25/04/30 11:21:14 INFO SparkContext: Starting job: count at NativeMethodAccessorImpl.java:0
[2025-04-30T11:21:14.642+0000] {spark_submit.py:490} INFO - 25/04/30 11:21:14 INFO DAGScheduler: Got job 1 (count at NativeMethodAccessorImpl.java:0) with 1 output partitions
[2025-04-30T11:21:14.642+0000] {spark_submit.py:490} INFO - 25/04/30 11:21:14 INFO DAGScheduler: Final stage: ResultStage 2 (count at NativeMethodAccessorImpl.java:0)
[2025-04-30T11:21:14.643+0000] {spark_submit.py:490} INFO - 25/04/30 11:21:14 INFO DAGScheduler: Parents of final stage: List(ShuffleMapStage 1)
[2025-04-30T11:21:14.643+0000] {spark_submit.py:490} INFO - 25/04/30 11:21:14 INFO DAGScheduler: Missing parents: List()
[2025-04-30T11:21:14.645+0000] {spark_submit.py:490} INFO - 25/04/30 11:21:14 INFO DAGScheduler: Submitting ResultStage 2 (MapPartitionsRDD[5] at count at NativeMethodAccessorImpl.java:0), which has no missing parents
[2025-04-30T11:21:14.654+0000] {spark_submit.py:490} INFO - 25/04/30 11:21:14 INFO MemoryStore: Block broadcast_1 stored as values in memory (estimated size 11.1 KiB, free 434.4 MiB)
[2025-04-30T11:21:14.657+0000] {spark_submit.py:490} INFO - 25/04/30 11:21:14 INFO MemoryStore: Block broadcast_1_piece0 stored as bytes in memory (estimated size 5.5 KiB, free 434.4 MiB)
[2025-04-30T11:21:14.658+0000] {spark_submit.py:490} INFO - 25/04/30 11:21:14 INFO BlockManagerInfo: Added broadcast_1_piece0 in memory on f349d8d6503e:34857 (size: 5.5 KiB, free: 434.4 MiB)
[2025-04-30T11:21:14.659+0000] {spark_submit.py:490} INFO - 25/04/30 11:21:14 INFO SparkContext: Created broadcast 1 from broadcast at DAGScheduler.scala:1513
[2025-04-30T11:21:14.660+0000] {spark_submit.py:490} INFO - 25/04/30 11:21:14 INFO DAGScheduler: Submitting 1 missing tasks from ResultStage 2 (MapPartitionsRDD[5] at count at NativeMethodAccessorImpl.java:0) (first 15 tasks are for partitions Vector(0))
[2025-04-30T11:21:14.660+0000] {spark_submit.py:490} INFO - 25/04/30 11:21:14 INFO TaskSchedulerImpl: Adding task set 2.0 with 1 tasks resource profile 0
[2025-04-30T11:21:14.665+0000] {spark_submit.py:490} INFO - 25/04/30 11:21:14 INFO TaskSetManager: Starting task 0.0 in stage 2.0 (TID 1) (172.18.0.5, executor 0, partition 0, NODE_LOCAL, 4457 bytes) taskResourceAssignments Map()
[2025-04-30T11:21:14.681+0000] {spark_submit.py:490} INFO - 25/04/30 11:21:14 INFO BlockManagerInfo: Added broadcast_1_piece0 in memory on 172.18.0.5:41691 (size: 5.5 KiB, free: 366.3 MiB)
[2025-04-30T11:21:14.767+0000] {spark_submit.py:490} INFO - 25/04/30 11:21:14 INFO MapOutputTrackerMasterEndpoint: Asked to send map output locations for shuffle 0 to 172.18.0.5:52048
[2025-04-30T11:21:14.980+0000] {spark_submit.py:490} INFO - 25/04/30 11:21:14 INFO TaskSetManager: Finished task 0.0 in stage 2.0 (TID 1) in 316 ms on 172.18.0.5 (executor 0) (1/1)
[2025-04-30T11:21:14.980+0000] {spark_submit.py:490} INFO - 25/04/30 11:21:14 INFO TaskSchedulerImpl: Removed TaskSet 2.0, whose tasks have all completed, from pool
[2025-04-30T11:21:14.981+0000] {spark_submit.py:490} INFO - 25/04/30 11:21:14 INFO DAGScheduler: ResultStage 2 (count at NativeMethodAccessorImpl.java:0) finished in 0.329 s
[2025-04-30T11:21:14.982+0000] {spark_submit.py:490} INFO - 25/04/30 11:21:14 INFO DAGScheduler: Job 1 is finished. Cancelling potential speculative or zombie tasks for this job
[2025-04-30T11:21:14.983+0000] {spark_submit.py:490} INFO - 25/04/30 11:21:14 INFO TaskSchedulerImpl: Killing all running tasks in stage 2: Stage finished
[2025-04-30T11:21:14.986+0000] {spark_submit.py:490} INFO - 25/04/30 11:21:14 INFO DAGScheduler: Job 1 finished: count at NativeMethodAccessorImpl.java:0, took 0.345516 s
[2025-04-30T11:21:14.995+0000] {spark_submit.py:490} INFO - INFO:__main__:Таблица raw.masked_transactions загружена, записей: 1000
[2025-04-30T11:21:15.061+0000] {spark_submit.py:490} INFO - 25/04/30 11:21:15 INFO BlockManagerInfo: Removed broadcast_0_piece0 on f349d8d6503e:34857 in memory (size: 7.0 KiB, free: 434.4 MiB)
[2025-04-30T11:21:15.073+0000] {spark_submit.py:490} INFO - 25/04/30 11:21:15 INFO BlockManagerInfo: Removed broadcast_0_piece0 on 172.18.0.5:41691 in memory (size: 7.0 KiB, free: 366.3 MiB)
[2025-04-30T11:21:15.082+0000] {spark_submit.py:490} INFO - 25/04/30 11:21:15 INFO BlockManagerInfo: Removed broadcast_1_piece0 on f349d8d6503e:34857 in memory (size: 5.5 KiB, free: 434.4 MiB)
[2025-04-30T11:21:15.086+0000] {spark_submit.py:490} INFO - 25/04/30 11:21:15 INFO BlockManagerInfo: Removed broadcast_1_piece0 on 172.18.0.5:41691 in memory (size: 5.5 KiB, free: 366.3 MiB)
[2025-04-30T11:21:15.172+0000] {spark_submit.py:490} INFO - 25/04/30 11:21:15 INFO DAGScheduler: Registering RDD 8 (count at NativeMethodAccessorImpl.java:0) as input to shuffle 1
[2025-04-30T11:21:15.172+0000] {spark_submit.py:490} INFO - 25/04/30 11:21:15 INFO DAGScheduler: Got map stage job 2 (count at NativeMethodAccessorImpl.java:0) with 1 output partitions
[2025-04-30T11:21:15.172+0000] {spark_submit.py:490} INFO - 25/04/30 11:21:15 INFO DAGScheduler: Final stage: ShuffleMapStage 3 (count at NativeMethodAccessorImpl.java:0)
[2025-04-30T11:21:15.173+0000] {spark_submit.py:490} INFO - 25/04/30 11:21:15 INFO DAGScheduler: Parents of final stage: List()
[2025-04-30T11:21:15.173+0000] {spark_submit.py:490} INFO - 25/04/30 11:21:15 INFO DAGScheduler: Missing parents: List()
[2025-04-30T11:21:15.175+0000] {spark_submit.py:490} INFO - 25/04/30 11:21:15 INFO DAGScheduler: Submitting ShuffleMapStage 3 (MapPartitionsRDD[8] at count at NativeMethodAccessorImpl.java:0), which has no missing parents
[2025-04-30T11:21:15.179+0000] {spark_submit.py:490} INFO - 25/04/30 11:21:15 INFO MemoryStore: Block broadcast_2 stored as values in memory (estimated size 13.4 KiB, free 434.4 MiB)
[2025-04-30T11:21:15.181+0000] {spark_submit.py:490} INFO - 25/04/30 11:21:15 INFO MemoryStore: Block broadcast_2_piece0 stored as bytes in memory (estimated size 7.0 KiB, free 434.4 MiB)
[2025-04-30T11:21:15.182+0000] {spark_submit.py:490} INFO - 25/04/30 11:21:15 INFO BlockManagerInfo: Added broadcast_2_piece0 in memory on f349d8d6503e:34857 (size: 7.0 KiB, free: 434.4 MiB)
[2025-04-30T11:21:15.182+0000] {spark_submit.py:490} INFO - 25/04/30 11:21:15 INFO SparkContext: Created broadcast 2 from broadcast at DAGScheduler.scala:1513
[2025-04-30T11:21:15.183+0000] {spark_submit.py:490} INFO - 25/04/30 11:21:15 INFO DAGScheduler: Submitting 1 missing tasks from ShuffleMapStage 3 (MapPartitionsRDD[8] at count at NativeMethodAccessorImpl.java:0) (first 15 tasks are for partitions Vector(0))
[2025-04-30T11:21:15.184+0000] {spark_submit.py:490} INFO - 25/04/30 11:21:15 INFO TaskSchedulerImpl: Adding task set 3.0 with 1 tasks resource profile 0
[2025-04-30T11:21:15.187+0000] {spark_submit.py:490} INFO - 25/04/30 11:21:15 INFO TaskSetManager: Starting task 0.0 in stage 3.0 (TID 2) (172.18.0.5, executor 0, partition 0, PROCESS_LOCAL, 4292 bytes) taskResourceAssignments Map()
[2025-04-30T11:21:15.208+0000] {spark_submit.py:490} INFO - 25/04/30 11:21:15 INFO BlockManagerInfo: Added broadcast_2_piece0 in memory on 172.18.0.5:41691 (size: 7.0 KiB, free: 366.3 MiB)
[2025-04-30T11:21:15.264+0000] {spark_submit.py:490} INFO - 25/04/30 11:21:15 INFO TaskSetManager: Finished task 0.0 in stage 3.0 (TID 2) in 78 ms on 172.18.0.5 (executor 0) (1/1)
[2025-04-30T11:21:15.264+0000] {spark_submit.py:490} INFO - 25/04/30 11:21:15 INFO TaskSchedulerImpl: Removed TaskSet 3.0, whose tasks have all completed, from pool
[2025-04-30T11:21:15.265+0000] {spark_submit.py:490} INFO - 25/04/30 11:21:15 INFO DAGScheduler: ShuffleMapStage 3 (count at NativeMethodAccessorImpl.java:0) finished in 0.089 s
[2025-04-30T11:21:15.266+0000] {spark_submit.py:490} INFO - 25/04/30 11:21:15 INFO DAGScheduler: looking for newly runnable stages
[2025-04-30T11:21:15.266+0000] {spark_submit.py:490} INFO - 25/04/30 11:21:15 INFO DAGScheduler: running: Set()
[2025-04-30T11:21:15.267+0000] {spark_submit.py:490} INFO - 25/04/30 11:21:15 INFO DAGScheduler: waiting: Set()
[2025-04-30T11:21:15.267+0000] {spark_submit.py:490} INFO - 25/04/30 11:21:15 INFO DAGScheduler: failed: Set()
[2025-04-30T11:21:15.297+0000] {spark_submit.py:490} INFO - 25/04/30 11:21:15 INFO SparkContext: Starting job: count at NativeMethodAccessorImpl.java:0
[2025-04-30T11:21:15.298+0000] {spark_submit.py:490} INFO - 25/04/30 11:21:15 INFO DAGScheduler: Got job 3 (count at NativeMethodAccessorImpl.java:0) with 1 output partitions
[2025-04-30T11:21:15.299+0000] {spark_submit.py:490} INFO - 25/04/30 11:21:15 INFO DAGScheduler: Final stage: ResultStage 5 (count at NativeMethodAccessorImpl.java:0)
[2025-04-30T11:21:15.299+0000] {spark_submit.py:490} INFO - 25/04/30 11:21:15 INFO DAGScheduler: Parents of final stage: List(ShuffleMapStage 4)
[2025-04-30T11:21:15.299+0000] {spark_submit.py:490} INFO - 25/04/30 11:21:15 INFO DAGScheduler: Missing parents: List()
[2025-04-30T11:21:15.300+0000] {spark_submit.py:490} INFO - 25/04/30 11:21:15 INFO DAGScheduler: Submitting ResultStage 5 (MapPartitionsRDD[11] at count at NativeMethodAccessorImpl.java:0), which has no missing parents
[2025-04-30T11:21:15.304+0000] {spark_submit.py:490} INFO - 25/04/30 11:21:15 INFO MemoryStore: Block broadcast_3 stored as values in memory (estimated size 11.1 KiB, free 434.4 MiB)
[2025-04-30T11:21:15.305+0000] {spark_submit.py:490} INFO - 25/04/30 11:21:15 INFO MemoryStore: Block broadcast_3_piece0 stored as bytes in memory (estimated size 5.5 KiB, free 434.4 MiB)
[2025-04-30T11:21:15.307+0000] {spark_submit.py:490} INFO - 25/04/30 11:21:15 INFO BlockManagerInfo: Added broadcast_3_piece0 in memory on f349d8d6503e:34857 (size: 5.5 KiB, free: 434.4 MiB)
[2025-04-30T11:21:15.309+0000] {spark_submit.py:490} INFO - 25/04/30 11:21:15 INFO SparkContext: Created broadcast 3 from broadcast at DAGScheduler.scala:1513
[2025-04-30T11:21:15.312+0000] {spark_submit.py:490} INFO - 25/04/30 11:21:15 INFO DAGScheduler: Submitting 1 missing tasks from ResultStage 5 (MapPartitionsRDD[11] at count at NativeMethodAccessorImpl.java:0) (first 15 tasks are for partitions Vector(0))
[2025-04-30T11:21:15.313+0000] {spark_submit.py:490} INFO - 25/04/30 11:21:15 INFO TaskSchedulerImpl: Adding task set 5.0 with 1 tasks resource profile 0
[2025-04-30T11:21:15.313+0000] {spark_submit.py:490} INFO - 25/04/30 11:21:15 INFO TaskSetManager: Starting task 0.0 in stage 5.0 (TID 3) (172.18.0.5, executor 0, partition 0, NODE_LOCAL, 4457 bytes) taskResourceAssignments Map()
[2025-04-30T11:21:15.331+0000] {spark_submit.py:490} INFO - 25/04/30 11:21:15 INFO BlockManagerInfo: Added broadcast_3_piece0 in memory on 172.18.0.5:41691 (size: 5.5 KiB, free: 366.3 MiB)
[2025-04-30T11:21:15.341+0000] {spark_submit.py:490} INFO - 25/04/30 11:21:15 INFO MapOutputTrackerMasterEndpoint: Asked to send map output locations for shuffle 1 to 172.18.0.5:52048
[2025-04-30T11:21:15.352+0000] {spark_submit.py:490} INFO - 25/04/30 11:21:15 INFO TaskSetManager: Finished task 0.0 in stage 5.0 (TID 3) in 40 ms on 172.18.0.5 (executor 0) (1/1)
[2025-04-30T11:21:15.352+0000] {spark_submit.py:490} INFO - 25/04/30 11:21:15 INFO TaskSchedulerImpl: Removed TaskSet 5.0, whose tasks have all completed, from pool
[2025-04-30T11:21:15.353+0000] {spark_submit.py:490} INFO - 25/04/30 11:21:15 INFO DAGScheduler: ResultStage 5 (count at NativeMethodAccessorImpl.java:0) finished in 0.052 s
[2025-04-30T11:21:15.353+0000] {spark_submit.py:490} INFO - 25/04/30 11:21:15 INFO DAGScheduler: Job 3 is finished. Cancelling potential speculative or zombie tasks for this job
[2025-04-30T11:21:15.353+0000] {spark_submit.py:490} INFO - 25/04/30 11:21:15 INFO TaskSchedulerImpl: Killing all running tasks in stage 5: Stage finished
[2025-04-30T11:21:15.354+0000] {spark_submit.py:490} INFO - 25/04/30 11:21:15 INFO DAGScheduler: Job 3 finished: count at NativeMethodAccessorImpl.java:0, took 0.056503 s
[2025-04-30T11:21:15.355+0000] {spark_submit.py:490} INFO - INFO:__main__:Правило large_tx отработано, записей: 310
[2025-04-30T11:21:15.571+0000] {spark_submit.py:490} INFO - 25/04/30 11:21:15 INFO CodeGenerator: Code generated in 16.485332 ms
[2025-04-30T11:21:15.576+0000] {spark_submit.py:490} INFO - 25/04/30 11:21:15 INFO DAGScheduler: Registering RDD 14 (count at NativeMethodAccessorImpl.java:0) as input to shuffle 2
[2025-04-30T11:21:15.576+0000] {spark_submit.py:490} INFO - 25/04/30 11:21:15 INFO DAGScheduler: Got map stage job 4 (count at NativeMethodAccessorImpl.java:0) with 1 output partitions
[2025-04-30T11:21:15.576+0000] {spark_submit.py:490} INFO - 25/04/30 11:21:15 INFO DAGScheduler: Final stage: ShuffleMapStage 6 (count at NativeMethodAccessorImpl.java:0)
[2025-04-30T11:21:15.576+0000] {spark_submit.py:490} INFO - 25/04/30 11:21:15 INFO DAGScheduler: Parents of final stage: List()
[2025-04-30T11:21:15.576+0000] {spark_submit.py:490} INFO - 25/04/30 11:21:15 INFO DAGScheduler: Missing parents: List()
[2025-04-30T11:21:15.576+0000] {spark_submit.py:490} INFO - 25/04/30 11:21:15 INFO DAGScheduler: Submitting ShuffleMapStage 6 (MapPartitionsRDD[14] at count at NativeMethodAccessorImpl.java:0), which has no missing parents
[2025-04-30T11:21:15.584+0000] {spark_submit.py:490} INFO - 25/04/30 11:21:15 INFO MemoryStore: Block broadcast_4 stored as values in memory (estimated size 14.0 KiB, free 434.4 MiB)
[2025-04-30T11:21:15.587+0000] {spark_submit.py:490} INFO - 25/04/30 11:21:15 INFO MemoryStore: Block broadcast_4_piece0 stored as bytes in memory (estimated size 7.3 KiB, free 434.3 MiB)
[2025-04-30T11:21:15.588+0000] {spark_submit.py:490} INFO - 25/04/30 11:21:15 INFO BlockManagerInfo: Added broadcast_4_piece0 in memory on f349d8d6503e:34857 (size: 7.3 KiB, free: 434.4 MiB)
[2025-04-30T11:21:15.588+0000] {spark_submit.py:490} INFO - 25/04/30 11:21:15 INFO SparkContext: Created broadcast 4 from broadcast at DAGScheduler.scala:1513
[2025-04-30T11:21:15.589+0000] {spark_submit.py:490} INFO - 25/04/30 11:21:15 INFO DAGScheduler: Submitting 1 missing tasks from ShuffleMapStage 6 (MapPartitionsRDD[14] at count at NativeMethodAccessorImpl.java:0) (first 15 tasks are for partitions Vector(0))
[2025-04-30T11:21:15.589+0000] {spark_submit.py:490} INFO - 25/04/30 11:21:15 INFO TaskSchedulerImpl: Adding task set 6.0 with 1 tasks resource profile 0
[2025-04-30T11:21:15.590+0000] {spark_submit.py:490} INFO - 25/04/30 11:21:15 INFO TaskSetManager: Starting task 0.0 in stage 6.0 (TID 4) (172.18.0.5, executor 0, partition 0, PROCESS_LOCAL, 4292 bytes) taskResourceAssignments Map()
[2025-04-30T11:21:15.602+0000] {spark_submit.py:490} INFO - 25/04/30 11:21:15 INFO BlockManagerInfo: Added broadcast_4_piece0 in memory on 172.18.0.5:41691 (size: 7.3 KiB, free: 366.3 MiB)
[2025-04-30T11:21:16.005+0000] {spark_submit.py:490} INFO - 25/04/30 11:21:16 INFO TaskSetManager: Finished task 0.0 in stage 6.0 (TID 4) in 415 ms on 172.18.0.5 (executor 0) (1/1)
[2025-04-30T11:21:16.006+0000] {spark_submit.py:490} INFO - 25/04/30 11:21:16 INFO TaskSchedulerImpl: Removed TaskSet 6.0, whose tasks have all completed, from pool
[2025-04-30T11:21:16.006+0000] {spark_submit.py:490} INFO - 25/04/30 11:21:16 INFO DAGScheduler: ShuffleMapStage 6 (count at NativeMethodAccessorImpl.java:0) finished in 0.429 s
[2025-04-30T11:21:16.006+0000] {spark_submit.py:490} INFO - 25/04/30 11:21:16 INFO DAGScheduler: looking for newly runnable stages
[2025-04-30T11:21:16.006+0000] {spark_submit.py:490} INFO - 25/04/30 11:21:16 INFO DAGScheduler: running: Set()
[2025-04-30T11:21:16.006+0000] {spark_submit.py:490} INFO - 25/04/30 11:21:16 INFO DAGScheduler: waiting: Set()
[2025-04-30T11:21:16.007+0000] {spark_submit.py:490} INFO - 25/04/30 11:21:16 INFO DAGScheduler: failed: Set()
[2025-04-30T11:21:16.019+0000] {spark_submit.py:490} INFO - 25/04/30 11:21:16 INFO ShufflePartitionsUtil: For shuffle(2), advisory target size: 67108864, actual target size 1048576, minimum partition size: 1048576
[2025-04-30T11:21:16.036+0000] {spark_submit.py:490} INFO - 25/04/30 11:21:16 INFO BlockManagerInfo: Removed broadcast_2_piece0 on f349d8d6503e:34857 in memory (size: 7.0 KiB, free: 434.4 MiB)
[2025-04-30T11:21:16.039+0000] {spark_submit.py:490} INFO - 25/04/30 11:21:16 INFO BlockManagerInfo: Removed broadcast_2_piece0 on 172.18.0.5:41691 in memory (size: 7.0 KiB, free: 366.3 MiB)
[2025-04-30T11:21:16.046+0000] {spark_submit.py:490} INFO - 25/04/30 11:21:16 INFO BlockManagerInfo: Removed broadcast_3_piece0 on f349d8d6503e:34857 in memory (size: 5.5 KiB, free: 434.4 MiB)
[2025-04-30T11:21:16.048+0000] {spark_submit.py:490} INFO - 25/04/30 11:21:16 INFO BlockManagerInfo: Removed broadcast_3_piece0 on 172.18.0.5:41691 in memory (size: 5.5 KiB, free: 366.3 MiB)
[2025-04-30T11:21:16.062+0000] {spark_submit.py:490} INFO - 25/04/30 11:21:16 INFO BlockManagerInfo: Removed broadcast_4_piece0 on f349d8d6503e:34857 in memory (size: 7.3 KiB, free: 434.4 MiB)
[2025-04-30T11:21:16.065+0000] {spark_submit.py:490} INFO - 25/04/30 11:21:16 INFO BlockManagerInfo: Removed broadcast_4_piece0 on 172.18.0.5:41691 in memory (size: 7.3 KiB, free: 366.3 MiB)
[2025-04-30T11:21:16.076+0000] {spark_submit.py:490} INFO - 25/04/30 11:21:16 INFO CodeGenerator: Code generated in 7.986269 ms
[2025-04-30T11:21:16.090+0000] {spark_submit.py:490} INFO - 25/04/30 11:21:16 INFO CodeGenerator: Code generated in 8.875702 ms
[2025-04-30T11:21:16.126+0000] {spark_submit.py:490} INFO - 25/04/30 11:21:16 INFO DAGScheduler: Registering RDD 19 (count at NativeMethodAccessorImpl.java:0) as input to shuffle 3
[2025-04-30T11:21:16.126+0000] {spark_submit.py:490} INFO - 25/04/30 11:21:16 INFO DAGScheduler: Got map stage job 5 (count at NativeMethodAccessorImpl.java:0) with 1 output partitions
[2025-04-30T11:21:16.126+0000] {spark_submit.py:490} INFO - 25/04/30 11:21:16 INFO DAGScheduler: Final stage: ShuffleMapStage 8 (count at NativeMethodAccessorImpl.java:0)
[2025-04-30T11:21:16.126+0000] {spark_submit.py:490} INFO - 25/04/30 11:21:16 INFO DAGScheduler: Parents of final stage: List(ShuffleMapStage 7)
[2025-04-30T11:21:16.126+0000] {spark_submit.py:490} INFO - 25/04/30 11:21:16 INFO DAGScheduler: Missing parents: List()
[2025-04-30T11:21:16.127+0000] {spark_submit.py:490} INFO - 25/04/30 11:21:16 INFO DAGScheduler: Submitting ShuffleMapStage 8 (MapPartitionsRDD[19] at count at NativeMethodAccessorImpl.java:0), which has no missing parents
[2025-04-30T11:21:16.134+0000] {spark_submit.py:490} INFO - 25/04/30 11:21:16 INFO MemoryStore: Block broadcast_5 stored as values in memory (estimated size 34.6 KiB, free 434.4 MiB)
[2025-04-30T11:21:16.135+0000] {spark_submit.py:490} INFO - 25/04/30 11:21:16 INFO MemoryStore: Block broadcast_5_piece0 stored as bytes in memory (estimated size 16.6 KiB, free 434.3 MiB)
[2025-04-30T11:21:16.136+0000] {spark_submit.py:490} INFO - 25/04/30 11:21:16 INFO BlockManagerInfo: Added broadcast_5_piece0 in memory on f349d8d6503e:34857 (size: 16.6 KiB, free: 434.4 MiB)
[2025-04-30T11:21:16.136+0000] {spark_submit.py:490} INFO - 25/04/30 11:21:16 INFO SparkContext: Created broadcast 5 from broadcast at DAGScheduler.scala:1513
[2025-04-30T11:21:16.137+0000] {spark_submit.py:490} INFO - 25/04/30 11:21:16 INFO DAGScheduler: Submitting 1 missing tasks from ShuffleMapStage 8 (MapPartitionsRDD[19] at count at NativeMethodAccessorImpl.java:0) (first 15 tasks are for partitions Vector(0))
[2025-04-30T11:21:16.137+0000] {spark_submit.py:490} INFO - 25/04/30 11:21:16 INFO TaskSchedulerImpl: Adding task set 8.0 with 1 tasks resource profile 0
[2025-04-30T11:21:16.139+0000] {spark_submit.py:490} INFO - 25/04/30 11:21:16 INFO TaskSetManager: Starting task 0.0 in stage 8.0 (TID 5) (172.18.0.5, executor 0, partition 0, NODE_LOCAL, 4446 bytes) taskResourceAssignments Map()
[2025-04-30T11:21:16.157+0000] {spark_submit.py:490} INFO - 25/04/30 11:21:16 INFO BlockManagerInfo: Added broadcast_5_piece0 in memory on 172.18.0.5:41691 (size: 16.6 KiB, free: 366.3 MiB)
[2025-04-30T11:21:16.265+0000] {spark_submit.py:490} INFO - 25/04/30 11:21:16 INFO MapOutputTrackerMasterEndpoint: Asked to send map output locations for shuffle 2 to 172.18.0.5:52048
[2025-04-30T11:21:16.566+0000] {spark_submit.py:490} INFO - 25/04/30 11:21:16 INFO TaskSetManager: Finished task 0.0 in stage 8.0 (TID 5) in 428 ms on 172.18.0.5 (executor 0) (1/1)
[2025-04-30T11:21:16.567+0000] {spark_submit.py:490} INFO - 25/04/30 11:21:16 INFO TaskSchedulerImpl: Removed TaskSet 8.0, whose tasks have all completed, from pool
[2025-04-30T11:21:16.567+0000] {spark_submit.py:490} INFO - 25/04/30 11:21:16 INFO DAGScheduler: ShuffleMapStage 8 (count at NativeMethodAccessorImpl.java:0) finished in 0.436 s
[2025-04-30T11:21:16.567+0000] {spark_submit.py:490} INFO - 25/04/30 11:21:16 INFO DAGScheduler: looking for newly runnable stages
[2025-04-30T11:21:16.567+0000] {spark_submit.py:490} INFO - 25/04/30 11:21:16 INFO DAGScheduler: running: Set()
[2025-04-30T11:21:16.567+0000] {spark_submit.py:490} INFO - 25/04/30 11:21:16 INFO DAGScheduler: waiting: Set()
[2025-04-30T11:21:16.567+0000] {spark_submit.py:490} INFO - 25/04/30 11:21:16 INFO DAGScheduler: failed: Set()
[2025-04-30T11:21:16.582+0000] {spark_submit.py:490} INFO - 25/04/30 11:21:16 INFO CodeGenerator: Code generated in 6.928638 ms
[2025-04-30T11:21:16.594+0000] {spark_submit.py:490} INFO - 25/04/30 11:21:16 INFO SparkContext: Starting job: count at NativeMethodAccessorImpl.java:0
[2025-04-30T11:21:16.595+0000] {spark_submit.py:490} INFO - 25/04/30 11:21:16 INFO DAGScheduler: Got job 6 (count at NativeMethodAccessorImpl.java:0) with 1 output partitions
[2025-04-30T11:21:16.596+0000] {spark_submit.py:490} INFO - 25/04/30 11:21:16 INFO DAGScheduler: Final stage: ResultStage 11 (count at NativeMethodAccessorImpl.java:0)
[2025-04-30T11:21:16.596+0000] {spark_submit.py:490} INFO - 25/04/30 11:21:16 INFO DAGScheduler: Parents of final stage: List(ShuffleMapStage 10)
[2025-04-30T11:21:16.596+0000] {spark_submit.py:490} INFO - 25/04/30 11:21:16 INFO DAGScheduler: Missing parents: List()
[2025-04-30T11:21:16.596+0000] {spark_submit.py:490} INFO - 25/04/30 11:21:16 INFO DAGScheduler: Submitting ResultStage 11 (MapPartitionsRDD[22] at count at NativeMethodAccessorImpl.java:0), which has no missing parents
[2025-04-30T11:21:16.598+0000] {spark_submit.py:490} INFO - 25/04/30 11:21:16 INFO MemoryStore: Block broadcast_6 stored as values in memory (estimated size 11.1 KiB, free 434.3 MiB)
[2025-04-30T11:21:16.599+0000] {spark_submit.py:490} INFO - 25/04/30 11:21:16 INFO MemoryStore: Block broadcast_6_piece0 stored as bytes in memory (estimated size 5.5 KiB, free 434.3 MiB)
[2025-04-30T11:21:16.600+0000] {spark_submit.py:490} INFO - 25/04/30 11:21:16 INFO BlockManagerInfo: Added broadcast_6_piece0 in memory on f349d8d6503e:34857 (size: 5.5 KiB, free: 434.4 MiB)
[2025-04-30T11:21:16.600+0000] {spark_submit.py:490} INFO - 25/04/30 11:21:16 INFO SparkContext: Created broadcast 6 from broadcast at DAGScheduler.scala:1513
[2025-04-30T11:21:16.601+0000] {spark_submit.py:490} INFO - 25/04/30 11:21:16 INFO DAGScheduler: Submitting 1 missing tasks from ResultStage 11 (MapPartitionsRDD[22] at count at NativeMethodAccessorImpl.java:0) (first 15 tasks are for partitions Vector(0))
[2025-04-30T11:21:16.601+0000] {spark_submit.py:490} INFO - 25/04/30 11:21:16 INFO TaskSchedulerImpl: Adding task set 11.0 with 1 tasks resource profile 0
[2025-04-30T11:21:16.602+0000] {spark_submit.py:490} INFO - 25/04/30 11:21:16 INFO TaskSetManager: Starting task 0.0 in stage 11.0 (TID 6) (172.18.0.5, executor 0, partition 0, NODE_LOCAL, 4457 bytes) taskResourceAssignments Map()
[2025-04-30T11:21:16.613+0000] {spark_submit.py:490} INFO - 25/04/30 11:21:16 INFO BlockManagerInfo: Added broadcast_6_piece0 in memory on 172.18.0.5:41691 (size: 5.5 KiB, free: 366.3 MiB)
[2025-04-30T11:21:16.618+0000] {spark_submit.py:490} INFO - 25/04/30 11:21:16 INFO MapOutputTrackerMasterEndpoint: Asked to send map output locations for shuffle 3 to 172.18.0.5:52048
[2025-04-30T11:21:16.635+0000] {spark_submit.py:490} INFO - 25/04/30 11:21:16 INFO TaskSetManager: Finished task 0.0 in stage 11.0 (TID 6) in 34 ms on 172.18.0.5 (executor 0) (1/1)
[2025-04-30T11:21:16.636+0000] {spark_submit.py:490} INFO - 25/04/30 11:21:16 INFO TaskSchedulerImpl: Removed TaskSet 11.0, whose tasks have all completed, from pool
[2025-04-30T11:21:16.636+0000] {spark_submit.py:490} INFO - 25/04/30 11:21:16 INFO DAGScheduler: ResultStage 11 (count at NativeMethodAccessorImpl.java:0) finished in 0.039 s
[2025-04-30T11:21:16.636+0000] {spark_submit.py:490} INFO - 25/04/30 11:21:16 INFO DAGScheduler: Job 6 is finished. Cancelling potential speculative or zombie tasks for this job
[2025-04-30T11:21:16.636+0000] {spark_submit.py:490} INFO - 25/04/30 11:21:16 INFO TaskSchedulerImpl: Killing all running tasks in stage 11: Stage finished
[2025-04-30T11:21:16.637+0000] {spark_submit.py:490} INFO - 25/04/30 11:21:16 INFO DAGScheduler: Job 6 finished: count at NativeMethodAccessorImpl.java:0, took 0.042039 s
[2025-04-30T11:21:16.638+0000] {spark_submit.py:490} INFO - INFO:__main__:Правило freq_tx отработано, записей: 1
[2025-04-30T11:21:16.720+0000] {spark_submit.py:490} INFO - 25/04/30 11:21:16 INFO DAGScheduler: Registering RDD 26 (count at NativeMethodAccessorImpl.java:0) as input to shuffle 4
[2025-04-30T11:21:16.720+0000] {spark_submit.py:490} INFO - 25/04/30 11:21:16 INFO DAGScheduler: Got map stage job 7 (count at NativeMethodAccessorImpl.java:0) with 1 output partitions
[2025-04-30T11:21:16.720+0000] {spark_submit.py:490} INFO - 25/04/30 11:21:16 INFO DAGScheduler: Final stage: ShuffleMapStage 12 (count at NativeMethodAccessorImpl.java:0)
[2025-04-30T11:21:16.720+0000] {spark_submit.py:490} INFO - 25/04/30 11:21:16 INFO DAGScheduler: Parents of final stage: List()
[2025-04-30T11:21:16.720+0000] {spark_submit.py:490} INFO - 25/04/30 11:21:16 INFO DAGScheduler: Missing parents: List()
[2025-04-30T11:21:16.721+0000] {spark_submit.py:490} INFO - 25/04/30 11:21:16 INFO DAGScheduler: Submitting ShuffleMapStage 12 (MapPartitionsRDD[26] at count at NativeMethodAccessorImpl.java:0), which has no missing parents
[2025-04-30T11:21:16.723+0000] {spark_submit.py:490} INFO - 25/04/30 11:21:16 INFO MemoryStore: Block broadcast_7 stored as values in memory (estimated size 14.1 KiB, free 434.3 MiB)
[2025-04-30T11:21:16.724+0000] {spark_submit.py:490} INFO - 25/04/30 11:21:16 INFO MemoryStore: Block broadcast_7_piece0 stored as bytes in memory (estimated size 7.3 KiB, free 434.3 MiB)
[2025-04-30T11:21:16.725+0000] {spark_submit.py:490} INFO - 25/04/30 11:21:16 INFO BlockManagerInfo: Added broadcast_7_piece0 in memory on f349d8d6503e:34857 (size: 7.3 KiB, free: 434.4 MiB)
[2025-04-30T11:21:16.725+0000] {spark_submit.py:490} INFO - 25/04/30 11:21:16 INFO SparkContext: Created broadcast 7 from broadcast at DAGScheduler.scala:1513
[2025-04-30T11:21:16.725+0000] {spark_submit.py:490} INFO - 25/04/30 11:21:16 INFO DAGScheduler: Submitting 1 missing tasks from ShuffleMapStage 12 (MapPartitionsRDD[26] at count at NativeMethodAccessorImpl.java:0) (first 15 tasks are for partitions Vector(0))
[2025-04-30T11:21:16.725+0000] {spark_submit.py:490} INFO - 25/04/30 11:21:16 INFO TaskSchedulerImpl: Adding task set 12.0 with 1 tasks resource profile 0
[2025-04-30T11:21:16.726+0000] {spark_submit.py:490} INFO - 25/04/30 11:21:16 INFO TaskSetManager: Starting task 0.0 in stage 12.0 (TID 7) (172.18.0.5, executor 0, partition 0, PROCESS_LOCAL, 4292 bytes) taskResourceAssignments Map()
[2025-04-30T11:21:16.737+0000] {spark_submit.py:490} INFO - 25/04/30 11:21:16 INFO BlockManagerInfo: Added broadcast_7_piece0 in memory on 172.18.0.5:41691 (size: 7.3 KiB, free: 366.3 MiB)
[2025-04-30T11:21:16.804+0000] {spark_submit.py:490} INFO - 25/04/30 11:21:16 INFO TaskSetManager: Finished task 0.0 in stage 12.0 (TID 7) in 78 ms on 172.18.0.5 (executor 0) (1/1)
[2025-04-30T11:21:16.805+0000] {spark_submit.py:490} INFO - 25/04/30 11:21:16 INFO TaskSchedulerImpl: Removed TaskSet 12.0, whose tasks have all completed, from pool
[2025-04-30T11:21:16.805+0000] {spark_submit.py:490} INFO - 25/04/30 11:21:16 INFO DAGScheduler: ShuffleMapStage 12 (count at NativeMethodAccessorImpl.java:0) finished in 0.084 s
[2025-04-30T11:21:16.806+0000] {spark_submit.py:490} INFO - 25/04/30 11:21:16 INFO DAGScheduler: looking for newly runnable stages
[2025-04-30T11:21:16.806+0000] {spark_submit.py:490} INFO - 25/04/30 11:21:16 INFO DAGScheduler: running: Set()
[2025-04-30T11:21:16.806+0000] {spark_submit.py:490} INFO - 25/04/30 11:21:16 INFO DAGScheduler: waiting: Set()
[2025-04-30T11:21:16.806+0000] {spark_submit.py:490} INFO - 25/04/30 11:21:16 INFO DAGScheduler: failed: Set()
[2025-04-30T11:21:16.815+0000] {spark_submit.py:490} INFO - 25/04/30 11:21:16 INFO ShufflePartitionsUtil: For shuffle(4), advisory target size: 67108864, actual target size 1048576, minimum partition size: 1048576
[2025-04-30T11:21:16.833+0000] {spark_submit.py:490} INFO - 25/04/30 11:21:16 INFO CodeGenerator: Code generated in 6.702185 ms
[2025-04-30T11:21:16.839+0000] {spark_submit.py:490} INFO - 25/04/30 11:21:16 INFO CodeGenerator: Code generated in 4.231616 ms
[2025-04-30T11:21:16.849+0000] {spark_submit.py:490} INFO - 25/04/30 11:21:16 INFO CodeGenerator: Code generated in 5.496818 ms
[2025-04-30T11:21:16.858+0000] {spark_submit.py:490} INFO - 25/04/30 11:21:16 INFO CodeGenerator: Code generated in 7.186338 ms
[2025-04-30T11:21:16.881+0000] {spark_submit.py:490} INFO - 25/04/30 11:21:16 INFO DAGScheduler: Registering RDD 35 (count at NativeMethodAccessorImpl.java:0) as input to shuffle 5
[2025-04-30T11:21:16.882+0000] {spark_submit.py:490} INFO - 25/04/30 11:21:16 INFO DAGScheduler: Got map stage job 8 (count at NativeMethodAccessorImpl.java:0) with 2 output partitions
[2025-04-30T11:21:16.882+0000] {spark_submit.py:490} INFO - 25/04/30 11:21:16 INFO DAGScheduler: Final stage: ShuffleMapStage 14 (count at NativeMethodAccessorImpl.java:0)
[2025-04-30T11:21:16.882+0000] {spark_submit.py:490} INFO - 25/04/30 11:21:16 INFO DAGScheduler: Parents of final stage: List(ShuffleMapStage 13)
[2025-04-30T11:21:16.882+0000] {spark_submit.py:490} INFO - 25/04/30 11:21:16 INFO DAGScheduler: Missing parents: List()
[2025-04-30T11:21:16.884+0000] {spark_submit.py:490} INFO - 25/04/30 11:21:16 INFO DAGScheduler: Submitting ShuffleMapStage 14 (MapPartitionsRDD[35] at count at NativeMethodAccessorImpl.java:0), which has no missing parents
[2025-04-30T11:21:16.894+0000] {spark_submit.py:490} INFO - 25/04/30 11:21:16 INFO MemoryStore: Block broadcast_8 stored as values in memory (estimated size 38.6 KiB, free 434.3 MiB)
[2025-04-30T11:21:16.905+0000] {spark_submit.py:490} INFO - 25/04/30 11:21:16 INFO MemoryStore: Block broadcast_8_piece0 stored as bytes in memory (estimated size 17.8 KiB, free 434.3 MiB)
[2025-04-30T11:21:16.906+0000] {spark_submit.py:490} INFO - 25/04/30 11:21:16 INFO BlockManagerInfo: Added broadcast_8_piece0 in memory on f349d8d6503e:34857 (size: 17.8 KiB, free: 434.4 MiB)
[2025-04-30T11:21:16.907+0000] {spark_submit.py:490} INFO - 25/04/30 11:21:16 INFO SparkContext: Created broadcast 8 from broadcast at DAGScheduler.scala:1513
[2025-04-30T11:21:16.908+0000] {spark_submit.py:490} INFO - 25/04/30 11:21:16 INFO DAGScheduler: Submitting 2 missing tasks from ShuffleMapStage 14 (MapPartitionsRDD[35] at count at NativeMethodAccessorImpl.java:0) (first 15 tasks are for partitions Vector(0, 1))
[2025-04-30T11:21:16.908+0000] {spark_submit.py:490} INFO - 25/04/30 11:21:16 INFO TaskSchedulerImpl: Adding task set 14.0 with 2 tasks resource profile 0
[2025-04-30T11:21:16.914+0000] {spark_submit.py:490} INFO - 25/04/30 11:21:16 INFO BlockManagerInfo: Removed broadcast_6_piece0 on f349d8d6503e:34857 in memory (size: 5.5 KiB, free: 434.4 MiB)
[2025-04-30T11:21:16.914+0000] {spark_submit.py:490} INFO - 25/04/30 11:21:16 INFO TaskSetManager: Starting task 1.0 in stage 14.0 (TID 8) (172.18.0.5, executor 0, partition 1, NODE_LOCAL, 4555 bytes) taskResourceAssignments Map()
[2025-04-30T11:21:16.918+0000] {spark_submit.py:490} INFO - 25/04/30 11:21:16 INFO BlockManagerInfo: Removed broadcast_6_piece0 on 172.18.0.5:41691 in memory (size: 5.5 KiB, free: 366.3 MiB)
[2025-04-30T11:21:16.929+0000] {spark_submit.py:490} INFO - 25/04/30 11:21:16 INFO BlockManagerInfo: Removed broadcast_5_piece0 on f349d8d6503e:34857 in memory (size: 16.6 KiB, free: 434.4 MiB)
[2025-04-30T11:21:16.934+0000] {spark_submit.py:490} INFO - 25/04/30 11:21:16 INFO BlockManagerInfo: Removed broadcast_5_piece0 on 172.18.0.5:41691 in memory (size: 16.6 KiB, free: 366.3 MiB)
[2025-04-30T11:21:16.946+0000] {spark_submit.py:490} INFO - 25/04/30 11:21:16 INFO BlockManagerInfo: Added broadcast_8_piece0 in memory on 172.18.0.5:41691 (size: 17.8 KiB, free: 366.3 MiB)
[2025-04-30T11:21:16.950+0000] {spark_submit.py:490} INFO - 25/04/30 11:21:16 INFO BlockManagerInfo: Removed broadcast_7_piece0 on f349d8d6503e:34857 in memory (size: 7.3 KiB, free: 434.4 MiB)
[2025-04-30T11:21:16.954+0000] {spark_submit.py:490} INFO - 25/04/30 11:21:16 INFO BlockManagerInfo: Removed broadcast_7_piece0 on 172.18.0.5:41691 in memory (size: 7.3 KiB, free: 366.3 MiB)
[2025-04-30T11:21:16.965+0000] {spark_submit.py:490} INFO - 25/04/30 11:21:16 INFO MapOutputTrackerMasterEndpoint: Asked to send map output locations for shuffle 4 to 172.18.0.5:52048
[2025-04-30T11:21:17.045+0000] {spark_submit.py:490} INFO - 25/04/30 11:21:17 INFO TaskSetManager: Starting task 0.0 in stage 14.0 (TID 9) (172.18.0.5, executor 0, partition 0, PROCESS_LOCAL, 4401 bytes) taskResourceAssignments Map()
[2025-04-30T11:21:17.046+0000] {spark_submit.py:490} INFO - 25/04/30 11:21:17 INFO TaskSetManager: Finished task 1.0 in stage 14.0 (TID 8) in 135 ms on 172.18.0.5 (executor 0) (1/2)
[2025-04-30T11:21:17.088+0000] {spark_submit.py:490} INFO - 25/04/30 11:21:17 INFO TaskSetManager: Finished task 0.0 in stage 14.0 (TID 9) in 44 ms on 172.18.0.5 (executor 0) (2/2)
[2025-04-30T11:21:17.089+0000] {spark_submit.py:490} INFO - 25/04/30 11:21:17 INFO TaskSchedulerImpl: Removed TaskSet 14.0, whose tasks have all completed, from pool
[2025-04-30T11:21:17.089+0000] {spark_submit.py:490} INFO - 25/04/30 11:21:17 INFO DAGScheduler: ShuffleMapStage 14 (count at NativeMethodAccessorImpl.java:0) finished in 0.200 s
[2025-04-30T11:21:17.090+0000] {spark_submit.py:490} INFO - 25/04/30 11:21:17 INFO DAGScheduler: looking for newly runnable stages
[2025-04-30T11:21:17.090+0000] {spark_submit.py:490} INFO - 25/04/30 11:21:17 INFO DAGScheduler: running: Set()
[2025-04-30T11:21:17.090+0000] {spark_submit.py:490} INFO - 25/04/30 11:21:17 INFO DAGScheduler: waiting: Set()
[2025-04-30T11:21:17.090+0000] {spark_submit.py:490} INFO - 25/04/30 11:21:17 INFO DAGScheduler: failed: Set()
[2025-04-30T11:21:17.107+0000] {spark_submit.py:490} INFO - 25/04/30 11:21:17 INFO CodeGenerator: Code generated in 6.794282 ms
[2025-04-30T11:21:17.118+0000] {spark_submit.py:490} INFO - 25/04/30 11:21:17 INFO SparkContext: Starting job: count at NativeMethodAccessorImpl.java:0
[2025-04-30T11:21:17.119+0000] {spark_submit.py:490} INFO - 25/04/30 11:21:17 INFO DAGScheduler: Got job 9 (count at NativeMethodAccessorImpl.java:0) with 1 output partitions
[2025-04-30T11:21:17.119+0000] {spark_submit.py:490} INFO - 25/04/30 11:21:17 INFO DAGScheduler: Final stage: ResultStage 17 (count at NativeMethodAccessorImpl.java:0)
[2025-04-30T11:21:17.119+0000] {spark_submit.py:490} INFO - 25/04/30 11:21:17 INFO DAGScheduler: Parents of final stage: List(ShuffleMapStage 16)
[2025-04-30T11:21:17.119+0000] {spark_submit.py:490} INFO - 25/04/30 11:21:17 INFO DAGScheduler: Missing parents: List()
[2025-04-30T11:21:17.120+0000] {spark_submit.py:490} INFO - 25/04/30 11:21:17 INFO DAGScheduler: Submitting ResultStage 17 (MapPartitionsRDD[38] at count at NativeMethodAccessorImpl.java:0), which has no missing parents
[2025-04-30T11:21:17.122+0000] {spark_submit.py:490} INFO - 25/04/30 11:21:17 INFO MemoryStore: Block broadcast_9 stored as values in memory (estimated size 11.1 KiB, free 434.3 MiB)
[2025-04-30T11:21:17.123+0000] {spark_submit.py:490} INFO - 25/04/30 11:21:17 INFO MemoryStore: Block broadcast_9_piece0 stored as bytes in memory (estimated size 5.5 KiB, free 434.3 MiB)
[2025-04-30T11:21:17.124+0000] {spark_submit.py:490} INFO - 25/04/30 11:21:17 INFO BlockManagerInfo: Added broadcast_9_piece0 in memory on f349d8d6503e:34857 (size: 5.5 KiB, free: 434.4 MiB)
[2025-04-30T11:21:17.124+0000] {spark_submit.py:490} INFO - 25/04/30 11:21:17 INFO SparkContext: Created broadcast 9 from broadcast at DAGScheduler.scala:1513
[2025-04-30T11:21:17.125+0000] {spark_submit.py:490} INFO - 25/04/30 11:21:17 INFO DAGScheduler: Submitting 1 missing tasks from ResultStage 17 (MapPartitionsRDD[38] at count at NativeMethodAccessorImpl.java:0) (first 15 tasks are for partitions Vector(0))
[2025-04-30T11:21:17.125+0000] {spark_submit.py:490} INFO - 25/04/30 11:21:17 INFO TaskSchedulerImpl: Adding task set 17.0 with 1 tasks resource profile 0
[2025-04-30T11:21:17.126+0000] {spark_submit.py:490} INFO - 25/04/30 11:21:17 INFO TaskSetManager: Starting task 0.0 in stage 17.0 (TID 10) (172.18.0.5, executor 0, partition 0, NODE_LOCAL, 4457 bytes) taskResourceAssignments Map()
[2025-04-30T11:21:17.137+0000] {spark_submit.py:490} INFO - 25/04/30 11:21:17 INFO BlockManagerInfo: Added broadcast_9_piece0 in memory on 172.18.0.5:41691 (size: 5.5 KiB, free: 366.3 MiB)
[2025-04-30T11:21:17.143+0000] {spark_submit.py:490} INFO - 25/04/30 11:21:17 INFO MapOutputTrackerMasterEndpoint: Asked to send map output locations for shuffle 5 to 172.18.0.5:52048
[2025-04-30T11:21:17.172+0000] {spark_submit.py:490} INFO - 25/04/30 11:21:17 INFO TaskSetManager: Finished task 0.0 in stage 17.0 (TID 10) in 45 ms on 172.18.0.5 (executor 0) (1/1)
[2025-04-30T11:21:17.173+0000] {spark_submit.py:490} INFO - 25/04/30 11:21:17 INFO TaskSchedulerImpl: Removed TaskSet 17.0, whose tasks have all completed, from pool
[2025-04-30T11:21:17.173+0000] {spark_submit.py:490} INFO - 25/04/30 11:21:17 INFO DAGScheduler: ResultStage 17 (count at NativeMethodAccessorImpl.java:0) finished in 0.051 s
[2025-04-30T11:21:17.173+0000] {spark_submit.py:490} INFO - 25/04/30 11:21:17 INFO DAGScheduler: Job 9 is finished. Cancelling potential speculative or zombie tasks for this job
[2025-04-30T11:21:17.174+0000] {spark_submit.py:490} INFO - 25/04/30 11:21:17 INFO TaskSchedulerImpl: Killing all running tasks in stage 17: Stage finished
[2025-04-30T11:21:17.174+0000] {spark_submit.py:490} INFO - 25/04/30 11:21:17 INFO DAGScheduler: Job 9 finished: count at NativeMethodAccessorImpl.java:0, took 0.055761 s
[2025-04-30T11:21:17.176+0000] {spark_submit.py:490} INFO - INFO:__main__:Объединение результатов выполнено, итого записей: 311
[2025-04-30T11:21:17.347+0000] {spark_submit.py:490} INFO - 25/04/30 11:21:17 INFO CodeGenerator: Code generated in 14.830402 ms
[2025-04-30T11:21:17.351+0000] {spark_submit.py:490} INFO - 25/04/30 11:21:17 INFO DAGScheduler: Registering RDD 42 (jdbc at NativeMethodAccessorImpl.java:0) as input to shuffle 6
[2025-04-30T11:21:17.352+0000] {spark_submit.py:490} INFO - 25/04/30 11:21:17 INFO DAGScheduler: Got map stage job 10 (jdbc at NativeMethodAccessorImpl.java:0) with 1 output partitions
[2025-04-30T11:21:17.352+0000] {spark_submit.py:490} INFO - 25/04/30 11:21:17 INFO DAGScheduler: Final stage: ShuffleMapStage 18 (jdbc at NativeMethodAccessorImpl.java:0)
[2025-04-30T11:21:17.352+0000] {spark_submit.py:490} INFO - 25/04/30 11:21:17 INFO DAGScheduler: Parents of final stage: List()
[2025-04-30T11:21:17.353+0000] {spark_submit.py:490} INFO - 25/04/30 11:21:17 INFO DAGScheduler: Missing parents: List()
[2025-04-30T11:21:17.354+0000] {spark_submit.py:490} INFO - 25/04/30 11:21:17 INFO DAGScheduler: Submitting ShuffleMapStage 18 (MapPartitionsRDD[42] at jdbc at NativeMethodAccessorImpl.java:0), which has no missing parents
[2025-04-30T11:21:17.360+0000] {spark_submit.py:490} INFO - 25/04/30 11:21:17 INFO MemoryStore: Block broadcast_10 stored as values in memory (estimated size 16.3 KiB, free 434.3 MiB)
[2025-04-30T11:21:17.362+0000] {spark_submit.py:490} INFO - 25/04/30 11:21:17 INFO MemoryStore: Block broadcast_10_piece0 stored as bytes in memory (estimated size 7.9 KiB, free 434.3 MiB)
[2025-04-30T11:21:17.362+0000] {spark_submit.py:490} INFO - 25/04/30 11:21:17 INFO BlockManagerInfo: Added broadcast_10_piece0 in memory on f349d8d6503e:34857 (size: 7.9 KiB, free: 434.4 MiB)
[2025-04-30T11:21:17.363+0000] {spark_submit.py:490} INFO - 25/04/30 11:21:17 INFO SparkContext: Created broadcast 10 from broadcast at DAGScheduler.scala:1513
[2025-04-30T11:21:17.364+0000] {spark_submit.py:490} INFO - 25/04/30 11:21:17 INFO DAGScheduler: Submitting 1 missing tasks from ShuffleMapStage 18 (MapPartitionsRDD[42] at jdbc at NativeMethodAccessorImpl.java:0) (first 15 tasks are for partitions Vector(0))
[2025-04-30T11:21:17.364+0000] {spark_submit.py:490} INFO - 25/04/30 11:21:17 INFO TaskSchedulerImpl: Adding task set 18.0 with 1 tasks resource profile 0
[2025-04-30T11:21:17.365+0000] {spark_submit.py:490} INFO - 25/04/30 11:21:17 INFO TaskSetManager: Starting task 0.0 in stage 18.0 (TID 11) (172.18.0.5, executor 0, partition 0, PROCESS_LOCAL, 4292 bytes) taskResourceAssignments Map()
[2025-04-30T11:21:17.382+0000] {spark_submit.py:490} INFO - 25/04/30 11:21:17 INFO BlockManagerInfo: Added broadcast_10_piece0 in memory on 172.18.0.5:41691 (size: 7.9 KiB, free: 366.3 MiB)
[2025-04-30T11:21:17.473+0000] {spark_submit.py:490} INFO - 25/04/30 11:21:17 INFO TaskSetManager: Finished task 0.0 in stage 18.0 (TID 11) in 108 ms on 172.18.0.5 (executor 0) (1/1)
[2025-04-30T11:21:17.473+0000] {spark_submit.py:490} INFO - 25/04/30 11:21:17 INFO TaskSchedulerImpl: Removed TaskSet 18.0, whose tasks have all completed, from pool
[2025-04-30T11:21:17.474+0000] {spark_submit.py:490} INFO - 25/04/30 11:21:17 INFO DAGScheduler: ShuffleMapStage 18 (jdbc at NativeMethodAccessorImpl.java:0) finished in 0.121 s
[2025-04-30T11:21:17.474+0000] {spark_submit.py:490} INFO - 25/04/30 11:21:17 INFO DAGScheduler: looking for newly runnable stages
[2025-04-30T11:21:17.474+0000] {spark_submit.py:490} INFO - 25/04/30 11:21:17 INFO DAGScheduler: running: Set()
[2025-04-30T11:21:17.474+0000] {spark_submit.py:490} INFO - 25/04/30 11:21:17 INFO DAGScheduler: waiting: Set()
[2025-04-30T11:21:17.475+0000] {spark_submit.py:490} INFO - 25/04/30 11:21:17 INFO DAGScheduler: failed: Set()
[2025-04-30T11:21:17.487+0000] {spark_submit.py:490} INFO - 25/04/30 11:21:17 INFO ShufflePartitionsUtil: For shuffle(6), advisory target size: 67108864, actual target size 1048576, minimum partition size: 1048576
[2025-04-30T11:21:17.508+0000] {spark_submit.py:490} INFO - 25/04/30 11:21:17 INFO CodeGenerator: Code generated in 12.634102 ms
[2025-04-30T11:21:17.530+0000] {spark_submit.py:490} INFO - 25/04/30 11:21:17 INFO CodeGenerator: Code generated in 11.439818 ms
[2025-04-30T11:21:17.584+0000] {spark_submit.py:490} INFO - 25/04/30 11:21:17 INFO SparkContext: Starting job: jdbc at NativeMethodAccessorImpl.java:0
[2025-04-30T11:21:17.585+0000] {spark_submit.py:490} INFO - 25/04/30 11:21:17 INFO DAGScheduler: Got job 11 (jdbc at NativeMethodAccessorImpl.java:0) with 2 output partitions
[2025-04-30T11:21:17.585+0000] {spark_submit.py:490} INFO - 25/04/30 11:21:17 INFO DAGScheduler: Final stage: ResultStage 20 (jdbc at NativeMethodAccessorImpl.java:0)
[2025-04-30T11:21:17.585+0000] {spark_submit.py:490} INFO - 25/04/30 11:21:17 INFO DAGScheduler: Parents of final stage: List(ShuffleMapStage 19)
[2025-04-30T11:21:17.585+0000] {spark_submit.py:490} INFO - 25/04/30 11:21:17 INFO DAGScheduler: Missing parents: List()
[2025-04-30T11:21:17.586+0000] {spark_submit.py:490} INFO - 25/04/30 11:21:17 INFO DAGScheduler: Submitting ResultStage 20 (MapPartitionsRDD[52] at jdbc at NativeMethodAccessorImpl.java:0), which has no missing parents
[2025-04-30T11:21:17.609+0000] {spark_submit.py:490} INFO - 25/04/30 11:21:17 INFO MemoryStore: Block broadcast_11 stored as values in memory (estimated size 58.9 KiB, free 434.2 MiB)
[2025-04-30T11:21:17.623+0000] {spark_submit.py:490} INFO - 25/04/30 11:21:17 INFO MemoryStore: Block broadcast_11_piece0 stored as bytes in memory (estimated size 23.9 KiB, free 434.2 MiB)
[2025-04-30T11:21:17.624+0000] {spark_submit.py:490} INFO - 25/04/30 11:21:17 INFO BlockManagerInfo: Added broadcast_11_piece0 in memory on f349d8d6503e:34857 (size: 23.9 KiB, free: 434.3 MiB)
[2025-04-30T11:21:17.624+0000] {spark_submit.py:490} INFO - 25/04/30 11:21:17 INFO BlockManagerInfo: Removed broadcast_8_piece0 on f349d8d6503e:34857 in memory (size: 17.8 KiB, free: 434.4 MiB)
[2025-04-30T11:21:17.625+0000] {spark_submit.py:490} INFO - 25/04/30 11:21:17 INFO SparkContext: Created broadcast 11 from broadcast at DAGScheduler.scala:1513
[2025-04-30T11:21:17.626+0000] {spark_submit.py:490} INFO - 25/04/30 11:21:17 INFO BlockManagerInfo: Removed broadcast_8_piece0 on 172.18.0.5:41691 in memory (size: 17.8 KiB, free: 366.3 MiB)
[2025-04-30T11:21:17.630+0000] {spark_submit.py:490} INFO - 25/04/30 11:21:17 INFO DAGScheduler: Submitting 2 missing tasks from ResultStage 20 (MapPartitionsRDD[52] at jdbc at NativeMethodAccessorImpl.java:0) (first 15 tasks are for partitions Vector(0, 1))
[2025-04-30T11:21:17.630+0000] {spark_submit.py:490} INFO - 25/04/30 11:21:17 INFO TaskSchedulerImpl: Adding task set 20.0 with 2 tasks resource profile 0
[2025-04-30T11:21:17.632+0000] {spark_submit.py:490} INFO - 25/04/30 11:21:17 INFO TaskSetManager: Starting task 1.0 in stage 20.0 (TID 12) (172.18.0.5, executor 0, partition 1, NODE_LOCAL, 4566 bytes) taskResourceAssignments Map()
[2025-04-30T11:21:17.639+0000] {spark_submit.py:490} INFO - 25/04/30 11:21:17 INFO BlockManagerInfo: Removed broadcast_9_piece0 on f349d8d6503e:34857 in memory (size: 5.5 KiB, free: 434.4 MiB)
[2025-04-30T11:21:17.651+0000] {spark_submit.py:490} INFO - 25/04/30 11:21:17 INFO BlockManagerInfo: Removed broadcast_9_piece0 on 172.18.0.5:41691 in memory (size: 5.5 KiB, free: 366.3 MiB)
[2025-04-30T11:21:17.673+0000] {spark_submit.py:490} INFO - 25/04/30 11:21:17 INFO BlockManagerInfo: Added broadcast_11_piece0 in memory on 172.18.0.5:41691 (size: 23.9 KiB, free: 366.3 MiB)
[2025-04-30T11:21:17.674+0000] {spark_submit.py:490} INFO - 25/04/30 11:21:17 INFO BlockManagerInfo: Removed broadcast_10_piece0 on f349d8d6503e:34857 in memory (size: 7.9 KiB, free: 434.4 MiB)
[2025-04-30T11:21:17.683+0000] {spark_submit.py:490} INFO - 25/04/30 11:21:17 INFO BlockManagerInfo: Removed broadcast_10_piece0 on 172.18.0.5:41691 in memory (size: 7.9 KiB, free: 366.3 MiB)
[2025-04-30T11:21:17.829+0000] {spark_submit.py:490} INFO - 25/04/30 11:21:17 INFO MapOutputTrackerMasterEndpoint: Asked to send map output locations for shuffle 6 to 172.18.0.5:52048
[2025-04-30T11:21:18.790+0000] {spark_submit.py:490} INFO - 25/04/30 11:21:18 INFO TaskSetManager: Starting task 0.0 in stage 20.0 (TID 13) (172.18.0.5, executor 0, partition 0, PROCESS_LOCAL, 4412 bytes) taskResourceAssignments Map()
[2025-04-30T11:21:18.792+0000] {spark_submit.py:490} INFO - 25/04/30 11:21:18 INFO TaskSetManager: Finished task 1.0 in stage 20.0 (TID 12) in 1161 ms on 172.18.0.5 (executor 0) (1/2)
[2025-04-30T11:21:18.880+0000] {spark_submit.py:490} INFO - 25/04/30 11:21:18 INFO TaskSetManager: Finished task 0.0 in stage 20.0 (TID 13) in 89 ms on 172.18.0.5 (executor 0) (2/2)
[2025-04-30T11:21:18.880+0000] {spark_submit.py:490} INFO - 25/04/30 11:21:18 INFO TaskSchedulerImpl: Removed TaskSet 20.0, whose tasks have all completed, from pool
[2025-04-30T11:21:18.880+0000] {spark_submit.py:490} INFO - 25/04/30 11:21:18 INFO DAGScheduler: ResultStage 20 (jdbc at NativeMethodAccessorImpl.java:0) finished in 1.290 s
[2025-04-30T11:21:18.881+0000] {spark_submit.py:490} INFO - 25/04/30 11:21:18 INFO DAGScheduler: Job 11 is finished. Cancelling potential speculative or zombie tasks for this job
[2025-04-30T11:21:18.881+0000] {spark_submit.py:490} INFO - 25/04/30 11:21:18 INFO TaskSchedulerImpl: Killing all running tasks in stage 20: Stage finished
[2025-04-30T11:21:18.881+0000] {spark_submit.py:490} INFO - 25/04/30 11:21:18 INFO DAGScheduler: Job 11 finished: jdbc at NativeMethodAccessorImpl.java:0, took 1.297293 s
[2025-04-30T11:21:18.897+0000] {spark_submit.py:490} INFO - INFO:__main__:Запись в mart.suspicious_transactions завершена
[2025-04-30T11:21:18.953+0000] {spark_submit.py:490} INFO - 25/04/30 11:21:18 WARN ClickHouseDriver: ******************************************************************************************
[2025-04-30T11:21:18.953+0000] {spark_submit.py:490} INFO - 25/04/30 11:21:18 WARN ClickHouseDriver: * This driver is DEPRECATED. Please use [com.clickhouse.jdbc.ClickHouseDriver] instead.  *
[2025-04-30T11:21:18.954+0000] {spark_submit.py:490} INFO - 25/04/30 11:21:18 WARN ClickHouseDriver: * Also everything in package [ru.yandex.clickhouse] will be removed starting from 0.4.0. *
[2025-04-30T11:21:18.954+0000] {spark_submit.py:490} INFO - 25/04/30 11:21:18 WARN ClickHouseDriver: ******************************************************************************************
[2025-04-30T11:21:19.111+0000] {spark_submit.py:490} INFO - Traceback (most recent call last):
[2025-04-30T11:21:19.111+0000] {spark_submit.py:490} INFO - File "/opt/airflow/spark/detect_suspicious.py", line 113, in <module>
[2025-04-30T11:21:19.111+0000] {spark_submit.py:490} INFO - .mode("append")
[2025-04-30T11:21:19.111+0000] {spark_submit.py:490} INFO - File "/opt/spark/python/lib/pyspark.zip/pyspark/sql/readwriter.py", line 966, in save
[2025-04-30T11:21:19.111+0000] {spark_submit.py:490} INFO - File "/opt/spark/python/lib/py4j-0.10.9.5-src.zip/py4j/java_gateway.py", line 1322, in __call__
[2025-04-30T11:21:19.111+0000] {spark_submit.py:490} INFO - File "/opt/spark/python/lib/pyspark.zip/pyspark/sql/utils.py", line 196, in deco
[2025-04-30T11:21:19.115+0000] {spark_submit.py:490} INFO - pyspark.sql.utils.ParseException:
[2025-04-30T11:21:19.115+0000] {spark_submit.py:490} INFO - DataType datetime is not supported.(line 1, pos 9)
[2025-04-30T11:21:19.115+0000] {spark_submit.py:490} INFO - 
[2025-04-30T11:21:19.115+0000] {spark_submit.py:490} INFO - == SQL ==
[2025-04-30T11:21:19.115+0000] {spark_submit.py:490} INFO - datetime DateTime, detection_time DateTime
[2025-04-30T11:21:19.115+0000] {spark_submit.py:490} INFO - ---------^^^
[2025-04-30T11:21:19.115+0000] {spark_submit.py:490} INFO - 
[2025-04-30T11:21:19.143+0000] {spark_submit.py:490} INFO - 25/04/30 11:21:19 INFO SparkContext: Invoking stop() from shutdown hook
[2025-04-30T11:21:19.151+0000] {spark_submit.py:490} INFO - 25/04/30 11:21:19 INFO SparkUI: Stopped Spark web UI at http://f349d8d6503e:4040
[2025-04-30T11:21:19.153+0000] {spark_submit.py:490} INFO - 25/04/30 11:21:19 INFO StandaloneSchedulerBackend: Shutting down all executors
[2025-04-30T11:21:19.154+0000] {spark_submit.py:490} INFO - 25/04/30 11:21:19 INFO CoarseGrainedSchedulerBackend$DriverEndpoint: Asking each executor to shut down
[2025-04-30T11:21:19.169+0000] {spark_submit.py:490} INFO - 25/04/30 11:21:19 INFO MapOutputTrackerMasterEndpoint: MapOutputTrackerMasterEndpoint stopped!
[2025-04-30T11:21:19.182+0000] {spark_submit.py:490} INFO - 25/04/30 11:21:19 INFO MemoryStore: MemoryStore cleared
[2025-04-30T11:21:19.183+0000] {spark_submit.py:490} INFO - 25/04/30 11:21:19 INFO BlockManager: BlockManager stopped
[2025-04-30T11:21:19.186+0000] {spark_submit.py:490} INFO - 25/04/30 11:21:19 INFO BlockManagerMaster: BlockManagerMaster stopped
[2025-04-30T11:21:19.189+0000] {spark_submit.py:490} INFO - 25/04/30 11:21:19 INFO OutputCommitCoordinator$OutputCommitCoordinatorEndpoint: OutputCommitCoordinator stopped!
[2025-04-30T11:21:19.195+0000] {spark_submit.py:490} INFO - 25/04/30 11:21:19 INFO SparkContext: Successfully stopped SparkContext
[2025-04-30T11:21:19.195+0000] {spark_submit.py:490} INFO - 25/04/30 11:21:19 INFO ShutdownHookManager: Shutdown hook called
[2025-04-30T11:21:19.195+0000] {spark_submit.py:490} INFO - 25/04/30 11:21:19 INFO ShutdownHookManager: Deleting directory /tmp/spark-5ce297a3-65b9-4158-b7d1-13997dbd7d3e/pyspark-79594dba-f30c-43df-9b5b-670a97f07418
[2025-04-30T11:21:19.198+0000] {spark_submit.py:490} INFO - 25/04/30 11:21:19 INFO ShutdownHookManager: Deleting directory /tmp/spark-5ce297a3-65b9-4158-b7d1-13997dbd7d3e
[2025-04-30T11:21:19.200+0000] {spark_submit.py:490} INFO - 25/04/30 11:21:19 INFO ShutdownHookManager: Deleting directory /tmp/spark-157b59c5-f567-4951-873a-85ab4e9e5f32
[2025-04-30T11:21:19.281+0000] {taskinstance.py:1824} ERROR - Task failed with exception
Traceback (most recent call last):
  File "/home/airflow/.local/lib/python3.7/site-packages/airflow/providers/apache/spark/operators/spark_submit.py", line 157, in execute
    self._hook.submit(self._application)
  File "/home/airflow/.local/lib/python3.7/site-packages/airflow/providers/apache/spark/hooks/spark_submit.py", line 422, in submit
    f"Cannot execute: {self._mask_cmd(spark_submit_cmd)}. Error code is: {returncode}."
airflow.exceptions.AirflowException: Cannot execute: spark-submit --master spark://spark-master:7077 --packages org.postgresql:postgresql:42.6.0,ru.yandex.clickhouse:clickhouse-jdbc:0.3.2 --executor-cores 1 --executor-memory 1g --driver-memory 1g --name arrow-spark /opt/airflow/spark/detect_suspicious.py --jdbc jdbc:postgresql://postgres:5432/finbest --clickhouse-url jdbc:clickhouse://clickhouse:8123/finbest. Error code is: 1.
[2025-04-30T11:21:19.283+0000] {taskinstance.py:1350} INFO - Marking task as FAILED. dag_id=transform, task_id=detect_suspicious, execution_date=20250430T111938, start_date=20250430T112105, end_date=20250430T112119
[2025-04-30T11:21:19.292+0000] {standard_task_runner.py:109} ERROR - Failed to execute job 27 for task detect_suspicious (Cannot execute: spark-submit --master spark://spark-master:7077 --packages org.postgresql:postgresql:42.6.0,ru.yandex.clickhouse:clickhouse-jdbc:0.3.2 --executor-cores 1 --executor-memory 1g --driver-memory 1g --name arrow-spark /opt/airflow/spark/detect_suspicious.py --jdbc jdbc:postgresql://postgres:5432/finbest --clickhouse-url jdbc:clickhouse://clickhouse:8123/finbest. Error code is: 1.; 30669)
[2025-04-30T11:21:19.307+0000] {local_task_job_runner.py:225} INFO - Task exited with return code 1
[2025-04-30T11:21:19.330+0000] {taskinstance.py:2653} INFO - 0 downstream tasks scheduled from follow-on schedule check
