[2025-05-07T02:25:23.635+0000] {taskinstance.py:1103} INFO - Dependencies all met for dep_context=non-requeueable deps ti=<TaskInstance: extract_load.load_rates manual__2025-05-07T02:25:14.827420+00:00 [queued]>
[2025-05-07T02:25:23.642+0000] {taskinstance.py:1103} INFO - Dependencies all met for dep_context=requeueable deps ti=<TaskInstance: extract_load.load_rates manual__2025-05-07T02:25:14.827420+00:00 [queued]>
[2025-05-07T02:25:23.642+0000] {taskinstance.py:1308} INFO - Starting attempt 1 of 2
[2025-05-07T02:25:23.652+0000] {taskinstance.py:1327} INFO - Executing <Task(PythonOperator): load_rates> on 2025-05-07 02:25:14.827420+00:00
[2025-05-07T02:25:23.658+0000] {standard_task_runner.py:57} INFO - Started process 4432 to run task
[2025-05-07T02:25:23.660+0000] {standard_task_runner.py:84} INFO - Running: ['airflow', 'tasks', 'run', 'extract_load', 'load_rates', 'manual__2025-05-07T02:25:14.827420+00:00', '--job-id', '232', '--raw', '--subdir', 'DAGS_FOLDER/extract_load.py', '--cfg-path', '/tmp/tmpj2__3hw3']
[2025-05-07T02:25:23.661+0000] {standard_task_runner.py:85} INFO - Job 232: Subtask load_rates
[2025-05-07T02:25:23.673+0000] {logging_mixin.py:150} WARNING - /home/airflow/.local/lib/python3.8/site-packages/airflow/settings.py:195 DeprecationWarning: The sql_alchemy_conn option in [core] has been moved to the sql_alchemy_conn option in [database] - the old setting has been used, but please update your config.
[2025-05-07T02:25:23.700+0000] {task_command.py:410} INFO - Running <TaskInstance: extract_load.load_rates manual__2025-05-07T02:25:14.827420+00:00 [running]> on host 5c5d1775d94e
[2025-05-07T02:25:23.765+0000] {taskinstance.py:1545} INFO - Exporting env vars: AIRFLOW_CTX_DAG_OWNER='finbest' AIRFLOW_CTX_DAG_ID='extract_load' AIRFLOW_CTX_TASK_ID='load_rates' AIRFLOW_CTX_EXECUTION_DATE='2025-05-07T02:25:14.827420+00:00' AIRFLOW_CTX_TRY_NUMBER='1' AIRFLOW_CTX_DAG_RUN_ID='manual__2025-05-07T02:25:14.827420+00:00'
[2025-05-07T02:25:23.769+0000] {crypto.py:83} WARNING - empty cryptography key - values will not be stored encrypted.
[2025-05-07T02:25:23.770+0000] {base.py:73} INFO - Using connection ID 'postgres_default' for task execution.
[2025-05-07T02:25:23.775+0000] {sql.py:374} INFO - Running statement: DELETE FROM staging.currency_rates WHERE date='2025-05-07', parameters: None
[2025-05-07T02:25:23.778+0000] {sql.py:383} INFO - Rows affected: 0
[2025-05-07T02:25:23.779+0000] {base.py:73} INFO - Using connection ID 'postgres_default' for task execution.
[2025-05-07T02:25:23.796+0000] {logging_mixin.py:150} INFO - Курсы валют загружены на дату 2025-05-07
[2025-05-07T02:25:23.797+0000] {python.py:183} INFO - Done. Returned value was: None
[2025-05-07T02:25:23.806+0000] {taskinstance.py:1345} INFO - Marking task as SUCCESS. dag_id=extract_load, task_id=load_rates, execution_date=20250507T022514, start_date=20250507T022523, end_date=20250507T022523
[2025-05-07T02:25:23.832+0000] {local_task_job_runner.py:225} INFO - Task exited with return code 0
[2025-05-07T02:25:23.850+0000] {taskinstance.py:2653} INFO - 0 downstream tasks scheduled from follow-on schedule check
