[2025-04-23T22:10:56.423+0000] {taskinstance.py:1103} INFO - Dependencies all met for dep_context=non-requeueable deps ti=<TaskInstance: transform.detect_suspicious manual__2025-04-23T22:09:39.256976+00:00 [queued]>
[2025-04-23T22:10:56.431+0000] {taskinstance.py:1103} INFO - Dependencies all met for dep_context=requeueable deps ti=<TaskInstance: transform.detect_suspicious manual__2025-04-23T22:09:39.256976+00:00 [queued]>
[2025-04-23T22:10:56.431+0000] {taskinstance.py:1308} INFO - Starting attempt 2 of 2
[2025-04-23T22:10:56.444+0000] {taskinstance.py:1327} INFO - Executing <Task(SparkSubmitOperator): detect_suspicious> on 2025-04-23 22:09:39.256976+00:00
[2025-04-23T22:10:56.448+0000] {standard_task_runner.py:57} INFO - Started process 386 to run task
[2025-04-23T22:10:56.450+0000] {standard_task_runner.py:84} INFO - Running: ['airflow', 'tasks', 'run', 'transform', 'detect_suspicious', 'manual__2025-04-23T22:09:39.256976+00:00', '--job-id', '13', '--raw', '--subdir', 'DAGS_FOLDER/transform.py', '--cfg-path', '/tmp/tmp2y8tjclt']
[2025-04-23T22:10:56.452+0000] {standard_task_runner.py:85} INFO - Job 13: Subtask detect_suspicious
[2025-04-23T22:10:56.495+0000] {task_command.py:410} INFO - Running <TaskInstance: transform.detect_suspicious manual__2025-04-23T22:09:39.256976+00:00 [running]> on host bb70bd64c697
[2025-04-23T22:10:56.647+0000] {taskinstance.py:1547} INFO - Exporting env vars: AIRFLOW_CTX_DAG_OWNER='finbest' AIRFLOW_CTX_DAG_ID='transform' AIRFLOW_CTX_TASK_ID='detect_suspicious' AIRFLOW_CTX_EXECUTION_DATE='2025-04-23T22:09:39.256976+00:00' AIRFLOW_CTX_TRY_NUMBER='2' AIRFLOW_CTX_DAG_RUN_ID='manual__2025-04-23T22:09:39.256976+00:00'
[2025-04-23T22:10:56.655+0000] {base.py:73} INFO - Using connection ID 'spark_default' for task execution.
[2025-04-23T22:10:56.655+0000] {spark_submit.py:339} INFO - Spark-Submit cmd: spark-submit --master spark-master:7077 --executor-cores 2 --executor-memory 2g --driver-memory 1g --name arrow-spark /opt/spark/detect_suspicious.py --jdbc jdbc:postgresql://postgres:5432/finbest --clickhouse-url jdbc:clickhouse://clickhouse:8123/finbest
[2025-04-23T22:10:59.019+0000] {spark_submit.py:490} INFO - 25/04/23 22:10:59 INFO SparkContext: Running Spark version 3.3.0
[2025-04-23T22:10:59.085+0000] {spark_submit.py:490} INFO - 25/04/23 22:10:59 WARN NativeCodeLoader: Unable to load native-hadoop library for your platform... using builtin-java classes where applicable
[2025-04-23T22:10:59.165+0000] {spark_submit.py:490} INFO - 25/04/23 22:10:59 INFO ResourceUtils: ==============================================================
[2025-04-23T22:10:59.166+0000] {spark_submit.py:490} INFO - 25/04/23 22:10:59 INFO ResourceUtils: No custom resources configured for spark.driver.
[2025-04-23T22:10:59.166+0000] {spark_submit.py:490} INFO - 25/04/23 22:10:59 INFO ResourceUtils: ==============================================================
[2025-04-23T22:10:59.166+0000] {spark_submit.py:490} INFO - 25/04/23 22:10:59 INFO SparkContext: Submitted application: FinBestDetect
[2025-04-23T22:10:59.183+0000] {spark_submit.py:490} INFO - 25/04/23 22:10:59 INFO ResourceProfile: Default ResourceProfile created, executor resources: Map(cores -> name: cores, amount: 2, script: , vendor: , memory -> name: memory, amount: 2048, script: , vendor: , offHeap -> name: offHeap, amount: 0, script: , vendor: ), task resources: Map(cpus -> name: cpus, amount: 1.0)
[2025-04-23T22:10:59.193+0000] {spark_submit.py:490} INFO - 25/04/23 22:10:59 INFO ResourceProfile: Limiting resource is cpus at 2 tasks per executor
[2025-04-23T22:10:59.194+0000] {spark_submit.py:490} INFO - 25/04/23 22:10:59 INFO ResourceProfileManager: Added ResourceProfile id: 0
[2025-04-23T22:10:59.250+0000] {spark_submit.py:490} INFO - 25/04/23 22:10:59 INFO SecurityManager: Changing view acls to: airflow
[2025-04-23T22:10:59.250+0000] {spark_submit.py:490} INFO - 25/04/23 22:10:59 INFO SecurityManager: Changing modify acls to: airflow
[2025-04-23T22:10:59.251+0000] {spark_submit.py:490} INFO - 25/04/23 22:10:59 INFO SecurityManager: Changing view acls groups to:
[2025-04-23T22:10:59.251+0000] {spark_submit.py:490} INFO - 25/04/23 22:10:59 INFO SecurityManager: Changing modify acls groups to:
[2025-04-23T22:10:59.252+0000] {spark_submit.py:490} INFO - 25/04/23 22:10:59 INFO SecurityManager: SecurityManager: authentication disabled; ui acls disabled; users  with view permissions: Set(airflow); groups with view permissions: Set(); users  with modify permissions: Set(airflow); groups with modify permissions: Set()
[2025-04-23T22:10:59.520+0000] {spark_submit.py:490} INFO - 25/04/23 22:10:59 INFO Utils: Successfully started service 'sparkDriver' on port 38521.
[2025-04-23T22:10:59.549+0000] {spark_submit.py:490} INFO - 25/04/23 22:10:59 INFO SparkEnv: Registering MapOutputTracker
[2025-04-23T22:10:59.592+0000] {spark_submit.py:490} INFO - 25/04/23 22:10:59 INFO SparkEnv: Registering BlockManagerMaster
[2025-04-23T22:10:59.613+0000] {spark_submit.py:490} INFO - 25/04/23 22:10:59 INFO BlockManagerMasterEndpoint: Using org.apache.spark.storage.DefaultTopologyMapper for getting topology information
[2025-04-23T22:10:59.614+0000] {spark_submit.py:490} INFO - 25/04/23 22:10:59 INFO BlockManagerMasterEndpoint: BlockManagerMasterEndpoint up
[2025-04-23T22:10:59.619+0000] {spark_submit.py:490} INFO - 25/04/23 22:10:59 INFO SparkEnv: Registering BlockManagerMasterHeartbeat
[2025-04-23T22:10:59.644+0000] {spark_submit.py:490} INFO - 25/04/23 22:10:59 INFO DiskBlockManager: Created local directory at /tmp/blockmgr-d3dacad8-c877-47d8-94bc-d09a1f37dfea
[2025-04-23T22:10:59.661+0000] {spark_submit.py:490} INFO - 25/04/23 22:10:59 INFO MemoryStore: MemoryStore started with capacity 434.4 MiB
[2025-04-23T22:10:59.680+0000] {spark_submit.py:490} INFO - 25/04/23 22:10:59 INFO SparkEnv: Registering OutputCommitCoordinator
[2025-04-23T22:10:59.849+0000] {spark_submit.py:490} INFO - 25/04/23 22:10:59 INFO Utils: Successfully started service 'SparkUI' on port 4040.
[2025-04-23T22:10:59.898+0000] {spark_submit.py:490} INFO - 25/04/23 22:10:59 ERROR SparkContext: Error initializing SparkContext.
[2025-04-23T22:10:59.898+0000] {spark_submit.py:490} INFO - org.apache.spark.SparkException: Could not parse Master URL: 'spark-master:7077'
[2025-04-23T22:10:59.898+0000] {spark_submit.py:490} INFO - at org.apache.spark.SparkContext$.org$apache$spark$SparkContext$$createTaskScheduler(SparkContext.scala:2982)
[2025-04-23T22:10:59.898+0000] {spark_submit.py:490} INFO - at org.apache.spark.SparkContext.<init>(SparkContext.scala:563)
[2025-04-23T22:10:59.898+0000] {spark_submit.py:490} INFO - at org.apache.spark.api.java.JavaSparkContext.<init>(JavaSparkContext.scala:58)
[2025-04-23T22:10:59.899+0000] {spark_submit.py:490} INFO - at java.base/jdk.internal.reflect.NativeConstructorAccessorImpl.newInstance0(Native Method)
[2025-04-23T22:10:59.899+0000] {spark_submit.py:490} INFO - at java.base/jdk.internal.reflect.NativeConstructorAccessorImpl.newInstance(NativeConstructorAccessorImpl.java:62)
[2025-04-23T22:10:59.899+0000] {spark_submit.py:490} INFO - at java.base/jdk.internal.reflect.DelegatingConstructorAccessorImpl.newInstance(DelegatingConstructorAccessorImpl.java:45)
[2025-04-23T22:10:59.899+0000] {spark_submit.py:490} INFO - at java.base/java.lang.reflect.Constructor.newInstance(Constructor.java:490)
[2025-04-23T22:10:59.899+0000] {spark_submit.py:490} INFO - at py4j.reflection.MethodInvoker.invoke(MethodInvoker.java:247)
[2025-04-23T22:10:59.899+0000] {spark_submit.py:490} INFO - at py4j.reflection.ReflectionEngine.invoke(ReflectionEngine.java:357)
[2025-04-23T22:10:59.899+0000] {spark_submit.py:490} INFO - at py4j.Gateway.invoke(Gateway.java:238)
[2025-04-23T22:10:59.899+0000] {spark_submit.py:490} INFO - at py4j.commands.ConstructorCommand.invokeConstructor(ConstructorCommand.java:80)
[2025-04-23T22:10:59.899+0000] {spark_submit.py:490} INFO - at py4j.commands.ConstructorCommand.execute(ConstructorCommand.java:69)
[2025-04-23T22:10:59.899+0000] {spark_submit.py:490} INFO - at py4j.ClientServerConnection.waitForCommands(ClientServerConnection.java:182)
[2025-04-23T22:10:59.899+0000] {spark_submit.py:490} INFO - at py4j.ClientServerConnection.run(ClientServerConnection.java:106)
[2025-04-23T22:10:59.899+0000] {spark_submit.py:490} INFO - at java.base/java.lang.Thread.run(Thread.java:829)
[2025-04-23T22:10:59.907+0000] {spark_submit.py:490} INFO - 25/04/23 22:10:59 INFO SparkUI: Stopped Spark web UI at http://bb70bd64c697:4040
[2025-04-23T22:10:59.924+0000] {spark_submit.py:490} INFO - 25/04/23 22:10:59 INFO MapOutputTrackerMasterEndpoint: MapOutputTrackerMasterEndpoint stopped!
[2025-04-23T22:10:59.936+0000] {spark_submit.py:490} INFO - 25/04/23 22:10:59 INFO MemoryStore: MemoryStore cleared
[2025-04-23T22:10:59.936+0000] {spark_submit.py:490} INFO - 25/04/23 22:10:59 INFO BlockManager: BlockManager stopped
[2025-04-23T22:10:59.943+0000] {spark_submit.py:490} INFO - 25/04/23 22:10:59 INFO BlockManagerMaster: BlockManagerMaster stopped
[2025-04-23T22:10:59.944+0000] {spark_submit.py:490} INFO - 25/04/23 22:10:59 WARN MetricsSystem: Stopping a MetricsSystem that is not running
[2025-04-23T22:10:59.946+0000] {spark_submit.py:490} INFO - 25/04/23 22:10:59 INFO OutputCommitCoordinator$OutputCommitCoordinatorEndpoint: OutputCommitCoordinator stopped!
[2025-04-23T22:10:59.950+0000] {spark_submit.py:490} INFO - 25/04/23 22:10:59 INFO SparkContext: Successfully stopped SparkContext
[2025-04-23T22:10:59.950+0000] {spark_submit.py:490} INFO - Traceback (most recent call last):
[2025-04-23T22:10:59.950+0000] {spark_submit.py:490} INFO - File "/opt/spark/detect_suspicious.py", line 11, in <module>
[2025-04-23T22:10:59.950+0000] {spark_submit.py:490} INFO - spark = SparkSession.builder.appName("FinBestDetect").getOrCreate()
[2025-04-23T22:10:59.950+0000] {spark_submit.py:490} INFO - File "/home/airflow/.local/lib/python3.7/site-packages/pyspark/python/lib/pyspark.zip/pyspark/sql/session.py", line 269, in getOrCreate
[2025-04-23T22:10:59.951+0000] {spark_submit.py:490} INFO - File "/home/airflow/.local/lib/python3.7/site-packages/pyspark/python/lib/pyspark.zip/pyspark/context.py", line 483, in getOrCreate
[2025-04-23T22:10:59.951+0000] {spark_submit.py:490} INFO - File "/home/airflow/.local/lib/python3.7/site-packages/pyspark/python/lib/pyspark.zip/pyspark/context.py", line 208, in __init__
[2025-04-23T22:10:59.951+0000] {spark_submit.py:490} INFO - File "/home/airflow/.local/lib/python3.7/site-packages/pyspark/python/lib/pyspark.zip/pyspark/context.py", line 282, in _do_init
[2025-04-23T22:10:59.951+0000] {spark_submit.py:490} INFO - File "/home/airflow/.local/lib/python3.7/site-packages/pyspark/python/lib/pyspark.zip/pyspark/context.py", line 402, in _initialize_context
[2025-04-23T22:10:59.951+0000] {spark_submit.py:490} INFO - File "/home/airflow/.local/lib/python3.7/site-packages/pyspark/python/lib/py4j-0.10.9.5-src.zip/py4j/java_gateway.py", line 1586, in __call__
[2025-04-23T22:10:59.951+0000] {spark_submit.py:490} INFO - File "/home/airflow/.local/lib/python3.7/site-packages/pyspark/python/lib/py4j-0.10.9.5-src.zip/py4j/protocol.py", line 328, in get_return_value
[2025-04-23T22:10:59.952+0000] {spark_submit.py:490} INFO - py4j.protocol.Py4JJavaError: An error occurred while calling None.org.apache.spark.api.java.JavaSparkContext.
[2025-04-23T22:10:59.952+0000] {spark_submit.py:490} INFO - : org.apache.spark.SparkException: Could not parse Master URL: 'spark-master:7077'
[2025-04-23T22:10:59.952+0000] {spark_submit.py:490} INFO - at org.apache.spark.SparkContext$.org$apache$spark$SparkContext$$createTaskScheduler(SparkContext.scala:2982)
[2025-04-23T22:10:59.952+0000] {spark_submit.py:490} INFO - at org.apache.spark.SparkContext.<init>(SparkContext.scala:563)
[2025-04-23T22:10:59.952+0000] {spark_submit.py:490} INFO - at org.apache.spark.api.java.JavaSparkContext.<init>(JavaSparkContext.scala:58)
[2025-04-23T22:10:59.952+0000] {spark_submit.py:490} INFO - at java.base/jdk.internal.reflect.NativeConstructorAccessorImpl.newInstance0(Native Method)
[2025-04-23T22:10:59.952+0000] {spark_submit.py:490} INFO - at java.base/jdk.internal.reflect.NativeConstructorAccessorImpl.newInstance(NativeConstructorAccessorImpl.java:62)
[2025-04-23T22:10:59.952+0000] {spark_submit.py:490} INFO - at java.base/jdk.internal.reflect.DelegatingConstructorAccessorImpl.newInstance(DelegatingConstructorAccessorImpl.java:45)
[2025-04-23T22:10:59.952+0000] {spark_submit.py:490} INFO - at java.base/java.lang.reflect.Constructor.newInstance(Constructor.java:490)
[2025-04-23T22:10:59.952+0000] {spark_submit.py:490} INFO - at py4j.reflection.MethodInvoker.invoke(MethodInvoker.java:247)
[2025-04-23T22:10:59.952+0000] {spark_submit.py:490} INFO - at py4j.reflection.ReflectionEngine.invoke(ReflectionEngine.java:357)
[2025-04-23T22:10:59.952+0000] {spark_submit.py:490} INFO - at py4j.Gateway.invoke(Gateway.java:238)
[2025-04-23T22:10:59.952+0000] {spark_submit.py:490} INFO - at py4j.commands.ConstructorCommand.invokeConstructor(ConstructorCommand.java:80)
[2025-04-23T22:10:59.952+0000] {spark_submit.py:490} INFO - at py4j.commands.ConstructorCommand.execute(ConstructorCommand.java:69)
[2025-04-23T22:10:59.953+0000] {spark_submit.py:490} INFO - at py4j.ClientServerConnection.waitForCommands(ClientServerConnection.java:182)
[2025-04-23T22:10:59.953+0000] {spark_submit.py:490} INFO - at py4j.ClientServerConnection.run(ClientServerConnection.java:106)
[2025-04-23T22:10:59.953+0000] {spark_submit.py:490} INFO - at java.base/java.lang.Thread.run(Thread.java:829)
[2025-04-23T22:10:59.953+0000] {spark_submit.py:490} INFO - 
[2025-04-23T22:10:59.977+0000] {spark_submit.py:490} INFO - 25/04/23 22:10:59 INFO ShutdownHookManager: Shutdown hook called
[2025-04-23T22:10:59.977+0000] {spark_submit.py:490} INFO - 25/04/23 22:10:59 INFO ShutdownHookManager: Deleting directory /tmp/spark-3c4b1725-7ef7-4687-92e7-9a98e9bef99b
[2025-04-23T22:10:59.979+0000] {spark_submit.py:490} INFO - 25/04/23 22:10:59 INFO ShutdownHookManager: Deleting directory /tmp/spark-125ceb57-cd3c-4084-93d8-2f0c0c567be6
[2025-04-23T22:11:00.062+0000] {taskinstance.py:1824} ERROR - Task failed with exception
Traceback (most recent call last):
  File "/home/airflow/.local/lib/python3.7/site-packages/airflow/providers/apache/spark/operators/spark_submit.py", line 157, in execute
    self._hook.submit(self._application)
  File "/home/airflow/.local/lib/python3.7/site-packages/airflow/providers/apache/spark/hooks/spark_submit.py", line 422, in submit
    f"Cannot execute: {self._mask_cmd(spark_submit_cmd)}. Error code is: {returncode}."
airflow.exceptions.AirflowException: Cannot execute: spark-submit --master spark-master:7077 --executor-cores 2 --executor-memory 2g --driver-memory 1g --name arrow-spark /opt/spark/detect_suspicious.py --jdbc jdbc:postgresql://postgres:5432/finbest --clickhouse-url jdbc:clickhouse://clickhouse:8123/finbest. Error code is: 1.
[2025-04-23T22:11:00.067+0000] {taskinstance.py:1350} INFO - Marking task as FAILED. dag_id=transform, task_id=detect_suspicious, execution_date=20250423T220939, start_date=20250423T221056, end_date=20250423T221100
[2025-04-23T22:11:00.081+0000] {standard_task_runner.py:109} ERROR - Failed to execute job 13 for task detect_suspicious (Cannot execute: spark-submit --master spark-master:7077 --executor-cores 2 --executor-memory 2g --driver-memory 1g --name arrow-spark /opt/spark/detect_suspicious.py --jdbc jdbc:postgresql://postgres:5432/finbest --clickhouse-url jdbc:clickhouse://clickhouse:8123/finbest. Error code is: 1.; 386)
[2025-04-23T22:11:00.112+0000] {local_task_job_runner.py:225} INFO - Task exited with return code 1
[2025-04-23T22:11:00.144+0000] {taskinstance.py:2653} INFO - 0 downstream tasks scheduled from follow-on schedule check
