[2025-04-29T14:58:38.732+0000] {taskinstance.py:1103} INFO - Dependencies all met for dep_context=non-requeueable deps ti=<TaskInstance: transform.detect_suspicious manual__2025-04-29T14:57:12.856220+00:00 [queued]>
[2025-04-29T14:58:38.738+0000] {taskinstance.py:1103} INFO - Dependencies all met for dep_context=requeueable deps ti=<TaskInstance: transform.detect_suspicious manual__2025-04-29T14:57:12.856220+00:00 [queued]>
[2025-04-29T14:58:38.739+0000] {taskinstance.py:1308} INFO - Starting attempt 2 of 2
[2025-04-29T14:58:38.751+0000] {taskinstance.py:1327} INFO - Executing <Task(SparkSubmitOperator): detect_suspicious> on 2025-04-29 14:57:12.856220+00:00
[2025-04-29T14:58:38.754+0000] {standard_task_runner.py:57} INFO - Started process 8857 to run task
[2025-04-29T14:58:38.756+0000] {standard_task_runner.py:84} INFO - Running: ['airflow', 'tasks', 'run', 'transform', 'detect_suspicious', 'manual__2025-04-29T14:57:12.856220+00:00', '--job-id', '39', '--raw', '--subdir', 'DAGS_FOLDER/transform.py', '--cfg-path', '/tmp/tmp89khxlwl']
[2025-04-29T14:58:38.757+0000] {standard_task_runner.py:85} INFO - Job 39: Subtask detect_suspicious
[2025-04-29T14:58:38.797+0000] {task_command.py:410} INFO - Running <TaskInstance: transform.detect_suspicious manual__2025-04-29T14:57:12.856220+00:00 [running]> on host bd05f2cbfffd
[2025-04-29T14:58:38.952+0000] {taskinstance.py:1547} INFO - Exporting env vars: AIRFLOW_CTX_DAG_OWNER='finbest' AIRFLOW_CTX_DAG_ID='transform' AIRFLOW_CTX_TASK_ID='detect_suspicious' AIRFLOW_CTX_EXECUTION_DATE='2025-04-29T14:57:12.856220+00:00' AIRFLOW_CTX_TRY_NUMBER='2' AIRFLOW_CTX_DAG_RUN_ID='manual__2025-04-29T14:57:12.856220+00:00'
[2025-04-29T14:58:38.961+0000] {base.py:73} INFO - Using connection ID 'spark_default' for task execution.
[2025-04-29T14:58:38.962+0000] {spark_submit.py:339} INFO - Spark-Submit cmd: spark-submit --master spark://spark-master:7077 --packages org.postgresql:postgresql:42.6.0,ru.yandex.clickhouse:clickhouse-jdbc:0.3.2 --executor-cores 1 --executor-memory 1g --driver-memory 1g --name arrow-spark /opt/airflow/spark/detect_suspicious.py --jdbc jdbc:postgresql://postgres:5432/finbest --clickhouse-url jdbc:clickhouse://clickhouse:8123/finbest
[2025-04-29T14:58:40.207+0000] {spark_submit.py:490} INFO - :: loading settings :: url = jar:file:/opt/spark/jars/ivy-2.5.0.jar!/org/apache/ivy/core/settings/ivysettings.xml
[2025-04-29T14:58:40.293+0000] {spark_submit.py:490} INFO - Ivy Default Cache set to: /home/airflow/.ivy2/cache
[2025-04-29T14:58:40.293+0000] {spark_submit.py:490} INFO - The jars for the packages stored in: /home/airflow/.ivy2/jars
[2025-04-29T14:58:40.298+0000] {spark_submit.py:490} INFO - org.postgresql#postgresql added as a dependency
[2025-04-29T14:58:40.298+0000] {spark_submit.py:490} INFO - ru.yandex.clickhouse#clickhouse-jdbc added as a dependency
[2025-04-29T14:58:40.299+0000] {spark_submit.py:490} INFO - :: resolving dependencies :: org.apache.spark#spark-submit-parent-9981f3c2-17d0-4f9f-b978-720dd96f0abd;1.0
[2025-04-29T14:58:40.299+0000] {spark_submit.py:490} INFO - confs: [default]
[2025-04-29T14:58:40.372+0000] {spark_submit.py:490} INFO - found org.postgresql#postgresql;42.6.0 in central
[2025-04-29T14:58:40.388+0000] {spark_submit.py:490} INFO - found org.checkerframework#checker-qual;3.31.0 in central
[2025-04-29T14:58:40.405+0000] {spark_submit.py:490} INFO - found ru.yandex.clickhouse#clickhouse-jdbc;0.3.2 in central
[2025-04-29T14:58:40.424+0000] {spark_submit.py:490} INFO - found com.clickhouse#clickhouse-http-client;0.3.2 in central
[2025-04-29T14:58:40.440+0000] {spark_submit.py:490} INFO - found com.clickhouse#clickhouse-client;0.3.2 in central
[2025-04-29T14:58:40.454+0000] {spark_submit.py:490} INFO - found org.lz4#lz4-java;1.8.0 in central
[2025-04-29T14:58:40.471+0000] {spark_submit.py:490} INFO - found com.google.code.gson#gson;2.8.8 in central
[2025-04-29T14:58:40.488+0000] {spark_submit.py:490} INFO - found org.apache.httpcomponents#httpclient;4.5.13 in central
[2025-04-29T14:58:40.504+0000] {spark_submit.py:490} INFO - found org.apache.httpcomponents#httpcore;4.4.13 in central
[2025-04-29T14:58:40.519+0000] {spark_submit.py:490} INFO - found commons-logging#commons-logging;1.2 in central
[2025-04-29T14:58:40.535+0000] {spark_submit.py:490} INFO - found commons-codec#commons-codec;1.11 in central
[2025-04-29T14:58:40.549+0000] {spark_submit.py:490} INFO - found org.apache.httpcomponents#httpmime;4.5.13 in central
[2025-04-29T14:58:40.570+0000] {spark_submit.py:490} INFO - :: resolution report :: resolve 260ms :: artifacts dl 11ms
[2025-04-29T14:58:40.571+0000] {spark_submit.py:490} INFO - :: modules in use:
[2025-04-29T14:58:40.571+0000] {spark_submit.py:490} INFO - com.clickhouse#clickhouse-client;0.3.2 from central in [default]
[2025-04-29T14:58:40.571+0000] {spark_submit.py:490} INFO - com.clickhouse#clickhouse-http-client;0.3.2 from central in [default]
[2025-04-29T14:58:40.571+0000] {spark_submit.py:490} INFO - com.google.code.gson#gson;2.8.8 from central in [default]
[2025-04-29T14:58:40.571+0000] {spark_submit.py:490} INFO - commons-codec#commons-codec;1.11 from central in [default]
[2025-04-29T14:58:40.571+0000] {spark_submit.py:490} INFO - commons-logging#commons-logging;1.2 from central in [default]
[2025-04-29T14:58:40.571+0000] {spark_submit.py:490} INFO - org.apache.httpcomponents#httpclient;4.5.13 from central in [default]
[2025-04-29T14:58:40.571+0000] {spark_submit.py:490} INFO - org.apache.httpcomponents#httpcore;4.4.13 from central in [default]
[2025-04-29T14:58:40.571+0000] {spark_submit.py:490} INFO - org.apache.httpcomponents#httpmime;4.5.13 from central in [default]
[2025-04-29T14:58:40.571+0000] {spark_submit.py:490} INFO - org.checkerframework#checker-qual;3.31.0 from central in [default]
[2025-04-29T14:58:40.571+0000] {spark_submit.py:490} INFO - org.lz4#lz4-java;1.8.0 from central in [default]
[2025-04-29T14:58:40.571+0000] {spark_submit.py:490} INFO - org.postgresql#postgresql;42.6.0 from central in [default]
[2025-04-29T14:58:40.571+0000] {spark_submit.py:490} INFO - ru.yandex.clickhouse#clickhouse-jdbc;0.3.2 from central in [default]
[2025-04-29T14:58:40.571+0000] {spark_submit.py:490} INFO - ---------------------------------------------------------------------
[2025-04-29T14:58:40.571+0000] {spark_submit.py:490} INFO - |                  |            modules            ||   artifacts   |
[2025-04-29T14:58:40.571+0000] {spark_submit.py:490} INFO - |       conf       | number| search|dwnlded|evicted|| number|dwnlded|
[2025-04-29T14:58:40.572+0000] {spark_submit.py:490} INFO - ---------------------------------------------------------------------
[2025-04-29T14:58:40.572+0000] {spark_submit.py:490} INFO - |      default     |   12  |   0   |   0   |   0   ||   12  |   0   |
[2025-04-29T14:58:40.572+0000] {spark_submit.py:490} INFO - ---------------------------------------------------------------------
[2025-04-29T14:58:40.578+0000] {spark_submit.py:490} INFO - :: retrieving :: org.apache.spark#spark-submit-parent-9981f3c2-17d0-4f9f-b978-720dd96f0abd
[2025-04-29T14:58:40.579+0000] {spark_submit.py:490} INFO - confs: [default]
[2025-04-29T14:58:40.585+0000] {spark_submit.py:490} INFO - 0 artifacts copied, 12 already retrieved (0kB/7ms)
[2025-04-29T14:58:40.747+0000] {spark_submit.py:490} INFO - 25/04/29 14:58:40 WARN NativeCodeLoader: Unable to load native-hadoop library for your platform... using builtin-java classes where applicable
[2025-04-29T14:58:41.521+0000] {spark_submit.py:490} INFO - 25/04/29 14:58:41 INFO SparkContext: Running Spark version 3.3.0
[2025-04-29T14:58:41.538+0000] {spark_submit.py:490} INFO - 25/04/29 14:58:41 INFO ResourceUtils: ==============================================================
[2025-04-29T14:58:41.538+0000] {spark_submit.py:490} INFO - 25/04/29 14:58:41 INFO ResourceUtils: No custom resources configured for spark.driver.
[2025-04-29T14:58:41.538+0000] {spark_submit.py:490} INFO - 25/04/29 14:58:41 INFO ResourceUtils: ==============================================================
[2025-04-29T14:58:41.538+0000] {spark_submit.py:490} INFO - 25/04/29 14:58:41 INFO SparkContext: Submitted application: FinBestDetect
[2025-04-29T14:58:41.557+0000] {spark_submit.py:490} INFO - 25/04/29 14:58:41 INFO ResourceProfile: Default ResourceProfile created, executor resources: Map(cores -> name: cores, amount: 1, script: , vendor: , memory -> name: memory, amount: 1024, script: , vendor: , offHeap -> name: offHeap, amount: 0, script: , vendor: ), task resources: Map(cpus -> name: cpus, amount: 1.0)
[2025-04-29T14:58:41.566+0000] {spark_submit.py:490} INFO - 25/04/29 14:58:41 INFO ResourceProfile: Limiting resource is cpus at 1 tasks per executor
[2025-04-29T14:58:41.568+0000] {spark_submit.py:490} INFO - 25/04/29 14:58:41 INFO ResourceProfileManager: Added ResourceProfile id: 0
[2025-04-29T14:58:41.617+0000] {spark_submit.py:490} INFO - 25/04/29 14:58:41 INFO SecurityManager: Changing view acls to: airflow
[2025-04-29T14:58:41.618+0000] {spark_submit.py:490} INFO - 25/04/29 14:58:41 INFO SecurityManager: Changing modify acls to: airflow
[2025-04-29T14:58:41.619+0000] {spark_submit.py:490} INFO - 25/04/29 14:58:41 INFO SecurityManager: Changing view acls groups to:
[2025-04-29T14:58:41.619+0000] {spark_submit.py:490} INFO - 25/04/29 14:58:41 INFO SecurityManager: Changing modify acls groups to:
[2025-04-29T14:58:41.619+0000] {spark_submit.py:490} INFO - 25/04/29 14:58:41 INFO SecurityManager: SecurityManager: authentication disabled; ui acls disabled; users  with view permissions: Set(airflow); groups with view permissions: Set(); users  with modify permissions: Set(airflow); groups with modify permissions: Set()
[2025-04-29T14:58:41.869+0000] {spark_submit.py:490} INFO - 25/04/29 14:58:41 INFO Utils: Successfully started service 'sparkDriver' on port 46535.
[2025-04-29T14:58:41.895+0000] {spark_submit.py:490} INFO - 25/04/29 14:58:41 INFO SparkEnv: Registering MapOutputTracker
[2025-04-29T14:58:41.924+0000] {spark_submit.py:490} INFO - 25/04/29 14:58:41 INFO SparkEnv: Registering BlockManagerMaster
[2025-04-29T14:58:41.940+0000] {spark_submit.py:490} INFO - 25/04/29 14:58:41 INFO BlockManagerMasterEndpoint: Using org.apache.spark.storage.DefaultTopologyMapper for getting topology information
[2025-04-29T14:58:41.941+0000] {spark_submit.py:490} INFO - 25/04/29 14:58:41 INFO BlockManagerMasterEndpoint: BlockManagerMasterEndpoint up
[2025-04-29T14:58:41.944+0000] {spark_submit.py:490} INFO - 25/04/29 14:58:41 INFO SparkEnv: Registering BlockManagerMasterHeartbeat
[2025-04-29T14:58:41.963+0000] {spark_submit.py:490} INFO - 25/04/29 14:58:41 INFO DiskBlockManager: Created local directory at /tmp/blockmgr-88e075f2-dd2e-430b-96d9-db8150846d35
[2025-04-29T14:58:41.978+0000] {spark_submit.py:490} INFO - 25/04/29 14:58:41 INFO MemoryStore: MemoryStore started with capacity 434.4 MiB
[2025-04-29T14:58:41.992+0000] {spark_submit.py:490} INFO - 25/04/29 14:58:41 INFO SparkEnv: Registering OutputCommitCoordinator
[2025-04-29T14:58:42.146+0000] {spark_submit.py:490} INFO - 25/04/29 14:58:42 INFO Utils: Successfully started service 'SparkUI' on port 4040.
[2025-04-29T14:58:42.181+0000] {spark_submit.py:490} INFO - 25/04/29 14:58:42 INFO SparkContext: Added JAR file:///home/airflow/.ivy2/jars/org.postgresql_postgresql-42.6.0.jar at spark://bd05f2cbfffd:46535/jars/org.postgresql_postgresql-42.6.0.jar with timestamp 1745938721515
[2025-04-29T14:58:42.182+0000] {spark_submit.py:490} INFO - 25/04/29 14:58:42 INFO SparkContext: Added JAR file:///home/airflow/.ivy2/jars/ru.yandex.clickhouse_clickhouse-jdbc-0.3.2.jar at spark://bd05f2cbfffd:46535/jars/ru.yandex.clickhouse_clickhouse-jdbc-0.3.2.jar with timestamp 1745938721515
[2025-04-29T14:58:42.182+0000] {spark_submit.py:490} INFO - 25/04/29 14:58:42 INFO SparkContext: Added JAR file:///home/airflow/.ivy2/jars/org.checkerframework_checker-qual-3.31.0.jar at spark://bd05f2cbfffd:46535/jars/org.checkerframework_checker-qual-3.31.0.jar with timestamp 1745938721515
[2025-04-29T14:58:42.182+0000] {spark_submit.py:490} INFO - 25/04/29 14:58:42 INFO SparkContext: Added JAR file:///home/airflow/.ivy2/jars/com.clickhouse_clickhouse-http-client-0.3.2.jar at spark://bd05f2cbfffd:46535/jars/com.clickhouse_clickhouse-http-client-0.3.2.jar with timestamp 1745938721515
[2025-04-29T14:58:42.182+0000] {spark_submit.py:490} INFO - 25/04/29 14:58:42 INFO SparkContext: Added JAR file:///home/airflow/.ivy2/jars/com.google.code.gson_gson-2.8.8.jar at spark://bd05f2cbfffd:46535/jars/com.google.code.gson_gson-2.8.8.jar with timestamp 1745938721515
[2025-04-29T14:58:42.182+0000] {spark_submit.py:490} INFO - 25/04/29 14:58:42 INFO SparkContext: Added JAR file:///home/airflow/.ivy2/jars/org.apache.httpcomponents_httpclient-4.5.13.jar at spark://bd05f2cbfffd:46535/jars/org.apache.httpcomponents_httpclient-4.5.13.jar with timestamp 1745938721515
[2025-04-29T14:58:42.182+0000] {spark_submit.py:490} INFO - 25/04/29 14:58:42 INFO SparkContext: Added JAR file:///home/airflow/.ivy2/jars/org.apache.httpcomponents_httpmime-4.5.13.jar at spark://bd05f2cbfffd:46535/jars/org.apache.httpcomponents_httpmime-4.5.13.jar with timestamp 1745938721515
[2025-04-29T14:58:42.183+0000] {spark_submit.py:490} INFO - 25/04/29 14:58:42 INFO SparkContext: Added JAR file:///home/airflow/.ivy2/jars/org.lz4_lz4-java-1.8.0.jar at spark://bd05f2cbfffd:46535/jars/org.lz4_lz4-java-1.8.0.jar with timestamp 1745938721515
[2025-04-29T14:58:42.183+0000] {spark_submit.py:490} INFO - 25/04/29 14:58:42 INFO SparkContext: Added JAR file:///home/airflow/.ivy2/jars/com.clickhouse_clickhouse-client-0.3.2.jar at spark://bd05f2cbfffd:46535/jars/com.clickhouse_clickhouse-client-0.3.2.jar with timestamp 1745938721515
[2025-04-29T14:58:42.183+0000] {spark_submit.py:490} INFO - 25/04/29 14:58:42 INFO SparkContext: Added JAR file:///home/airflow/.ivy2/jars/org.apache.httpcomponents_httpcore-4.4.13.jar at spark://bd05f2cbfffd:46535/jars/org.apache.httpcomponents_httpcore-4.4.13.jar with timestamp 1745938721515
[2025-04-29T14:58:42.183+0000] {spark_submit.py:490} INFO - 25/04/29 14:58:42 INFO SparkContext: Added JAR file:///home/airflow/.ivy2/jars/commons-logging_commons-logging-1.2.jar at spark://bd05f2cbfffd:46535/jars/commons-logging_commons-logging-1.2.jar with timestamp 1745938721515
[2025-04-29T14:58:42.183+0000] {spark_submit.py:490} INFO - 25/04/29 14:58:42 INFO SparkContext: Added JAR file:///home/airflow/.ivy2/jars/commons-codec_commons-codec-1.11.jar at spark://bd05f2cbfffd:46535/jars/commons-codec_commons-codec-1.11.jar with timestamp 1745938721515
[2025-04-29T14:58:42.186+0000] {spark_submit.py:490} INFO - 25/04/29 14:58:42 INFO SparkContext: Added file file:///home/airflow/.ivy2/jars/org.postgresql_postgresql-42.6.0.jar at spark://bd05f2cbfffd:46535/files/org.postgresql_postgresql-42.6.0.jar with timestamp 1745938721515
[2025-04-29T14:58:42.187+0000] {spark_submit.py:490} INFO - 25/04/29 14:58:42 INFO Utils: Copying /home/airflow/.ivy2/jars/org.postgresql_postgresql-42.6.0.jar to /tmp/spark-beaa2600-9fd4-4e40-a2b1-f032a4318e67/userFiles-a6a07aea-b03e-4830-8dc1-186b64a80d3f/org.postgresql_postgresql-42.6.0.jar
[2025-04-29T14:58:42.198+0000] {spark_submit.py:490} INFO - 25/04/29 14:58:42 INFO SparkContext: Added file file:///home/airflow/.ivy2/jars/ru.yandex.clickhouse_clickhouse-jdbc-0.3.2.jar at spark://bd05f2cbfffd:46535/files/ru.yandex.clickhouse_clickhouse-jdbc-0.3.2.jar with timestamp 1745938721515
[2025-04-29T14:58:42.199+0000] {spark_submit.py:490} INFO - 25/04/29 14:58:42 INFO Utils: Copying /home/airflow/.ivy2/jars/ru.yandex.clickhouse_clickhouse-jdbc-0.3.2.jar to /tmp/spark-beaa2600-9fd4-4e40-a2b1-f032a4318e67/userFiles-a6a07aea-b03e-4830-8dc1-186b64a80d3f/ru.yandex.clickhouse_clickhouse-jdbc-0.3.2.jar
[2025-04-29T14:58:42.201+0000] {spark_submit.py:490} INFO - 25/04/29 14:58:42 INFO SparkContext: Added file file:///home/airflow/.ivy2/jars/org.checkerframework_checker-qual-3.31.0.jar at spark://bd05f2cbfffd:46535/files/org.checkerframework_checker-qual-3.31.0.jar with timestamp 1745938721515
[2025-04-29T14:58:42.202+0000] {spark_submit.py:490} INFO - 25/04/29 14:58:42 INFO Utils: Copying /home/airflow/.ivy2/jars/org.checkerframework_checker-qual-3.31.0.jar to /tmp/spark-beaa2600-9fd4-4e40-a2b1-f032a4318e67/userFiles-a6a07aea-b03e-4830-8dc1-186b64a80d3f/org.checkerframework_checker-qual-3.31.0.jar
[2025-04-29T14:58:42.205+0000] {spark_submit.py:490} INFO - 25/04/29 14:58:42 INFO SparkContext: Added file file:///home/airflow/.ivy2/jars/com.clickhouse_clickhouse-http-client-0.3.2.jar at spark://bd05f2cbfffd:46535/files/com.clickhouse_clickhouse-http-client-0.3.2.jar with timestamp 1745938721515
[2025-04-29T14:58:42.205+0000] {spark_submit.py:490} INFO - 25/04/29 14:58:42 INFO Utils: Copying /home/airflow/.ivy2/jars/com.clickhouse_clickhouse-http-client-0.3.2.jar to /tmp/spark-beaa2600-9fd4-4e40-a2b1-f032a4318e67/userFiles-a6a07aea-b03e-4830-8dc1-186b64a80d3f/com.clickhouse_clickhouse-http-client-0.3.2.jar
[2025-04-29T14:58:42.208+0000] {spark_submit.py:490} INFO - 25/04/29 14:58:42 INFO SparkContext: Added file file:///home/airflow/.ivy2/jars/com.google.code.gson_gson-2.8.8.jar at spark://bd05f2cbfffd:46535/files/com.google.code.gson_gson-2.8.8.jar with timestamp 1745938721515
[2025-04-29T14:58:42.208+0000] {spark_submit.py:490} INFO - 25/04/29 14:58:42 INFO Utils: Copying /home/airflow/.ivy2/jars/com.google.code.gson_gson-2.8.8.jar to /tmp/spark-beaa2600-9fd4-4e40-a2b1-f032a4318e67/userFiles-a6a07aea-b03e-4830-8dc1-186b64a80d3f/com.google.code.gson_gson-2.8.8.jar
[2025-04-29T14:58:42.213+0000] {spark_submit.py:490} INFO - 25/04/29 14:58:42 INFO SparkContext: Added file file:///home/airflow/.ivy2/jars/org.apache.httpcomponents_httpclient-4.5.13.jar at spark://bd05f2cbfffd:46535/files/org.apache.httpcomponents_httpclient-4.5.13.jar with timestamp 1745938721515
[2025-04-29T14:58:42.213+0000] {spark_submit.py:490} INFO - 25/04/29 14:58:42 INFO Utils: Copying /home/airflow/.ivy2/jars/org.apache.httpcomponents_httpclient-4.5.13.jar to /tmp/spark-beaa2600-9fd4-4e40-a2b1-f032a4318e67/userFiles-a6a07aea-b03e-4830-8dc1-186b64a80d3f/org.apache.httpcomponents_httpclient-4.5.13.jar
[2025-04-29T14:58:42.217+0000] {spark_submit.py:490} INFO - 25/04/29 14:58:42 INFO SparkContext: Added file file:///home/airflow/.ivy2/jars/org.apache.httpcomponents_httpmime-4.5.13.jar at spark://bd05f2cbfffd:46535/files/org.apache.httpcomponents_httpmime-4.5.13.jar with timestamp 1745938721515
[2025-04-29T14:58:42.217+0000] {spark_submit.py:490} INFO - 25/04/29 14:58:42 INFO Utils: Copying /home/airflow/.ivy2/jars/org.apache.httpcomponents_httpmime-4.5.13.jar to /tmp/spark-beaa2600-9fd4-4e40-a2b1-f032a4318e67/userFiles-a6a07aea-b03e-4830-8dc1-186b64a80d3f/org.apache.httpcomponents_httpmime-4.5.13.jar
[2025-04-29T14:58:42.220+0000] {spark_submit.py:490} INFO - 25/04/29 14:58:42 INFO SparkContext: Added file file:///home/airflow/.ivy2/jars/org.lz4_lz4-java-1.8.0.jar at spark://bd05f2cbfffd:46535/files/org.lz4_lz4-java-1.8.0.jar with timestamp 1745938721515
[2025-04-29T14:58:42.220+0000] {spark_submit.py:490} INFO - 25/04/29 14:58:42 INFO Utils: Copying /home/airflow/.ivy2/jars/org.lz4_lz4-java-1.8.0.jar to /tmp/spark-beaa2600-9fd4-4e40-a2b1-f032a4318e67/userFiles-a6a07aea-b03e-4830-8dc1-186b64a80d3f/org.lz4_lz4-java-1.8.0.jar
[2025-04-29T14:58:42.223+0000] {spark_submit.py:490} INFO - 25/04/29 14:58:42 INFO SparkContext: Added file file:///home/airflow/.ivy2/jars/com.clickhouse_clickhouse-client-0.3.2.jar at spark://bd05f2cbfffd:46535/files/com.clickhouse_clickhouse-client-0.3.2.jar with timestamp 1745938721515
[2025-04-29T14:58:42.223+0000] {spark_submit.py:490} INFO - 25/04/29 14:58:42 INFO Utils: Copying /home/airflow/.ivy2/jars/com.clickhouse_clickhouse-client-0.3.2.jar to /tmp/spark-beaa2600-9fd4-4e40-a2b1-f032a4318e67/userFiles-a6a07aea-b03e-4830-8dc1-186b64a80d3f/com.clickhouse_clickhouse-client-0.3.2.jar
[2025-04-29T14:58:42.227+0000] {spark_submit.py:490} INFO - 25/04/29 14:58:42 INFO SparkContext: Added file file:///home/airflow/.ivy2/jars/org.apache.httpcomponents_httpcore-4.4.13.jar at spark://bd05f2cbfffd:46535/files/org.apache.httpcomponents_httpcore-4.4.13.jar with timestamp 1745938721515
[2025-04-29T14:58:42.227+0000] {spark_submit.py:490} INFO - 25/04/29 14:58:42 INFO Utils: Copying /home/airflow/.ivy2/jars/org.apache.httpcomponents_httpcore-4.4.13.jar to /tmp/spark-beaa2600-9fd4-4e40-a2b1-f032a4318e67/userFiles-a6a07aea-b03e-4830-8dc1-186b64a80d3f/org.apache.httpcomponents_httpcore-4.4.13.jar
[2025-04-29T14:58:42.231+0000] {spark_submit.py:490} INFO - 25/04/29 14:58:42 INFO SparkContext: Added file file:///home/airflow/.ivy2/jars/commons-logging_commons-logging-1.2.jar at spark://bd05f2cbfffd:46535/files/commons-logging_commons-logging-1.2.jar with timestamp 1745938721515
[2025-04-29T14:58:42.232+0000] {spark_submit.py:490} INFO - 25/04/29 14:58:42 INFO Utils: Copying /home/airflow/.ivy2/jars/commons-logging_commons-logging-1.2.jar to /tmp/spark-beaa2600-9fd4-4e40-a2b1-f032a4318e67/userFiles-a6a07aea-b03e-4830-8dc1-186b64a80d3f/commons-logging_commons-logging-1.2.jar
[2025-04-29T14:58:42.235+0000] {spark_submit.py:490} INFO - 25/04/29 14:58:42 INFO SparkContext: Added file file:///home/airflow/.ivy2/jars/commons-codec_commons-codec-1.11.jar at spark://bd05f2cbfffd:46535/files/commons-codec_commons-codec-1.11.jar with timestamp 1745938721515
[2025-04-29T14:58:42.235+0000] {spark_submit.py:490} INFO - 25/04/29 14:58:42 INFO Utils: Copying /home/airflow/.ivy2/jars/commons-codec_commons-codec-1.11.jar to /tmp/spark-beaa2600-9fd4-4e40-a2b1-f032a4318e67/userFiles-a6a07aea-b03e-4830-8dc1-186b64a80d3f/commons-codec_commons-codec-1.11.jar
[2025-04-29T14:58:42.310+0000] {spark_submit.py:490} INFO - 25/04/29 14:58:42 INFO StandaloneAppClient$ClientEndpoint: Connecting to master spark://spark-master:7077...
[2025-04-29T14:58:42.351+0000] {spark_submit.py:490} INFO - 25/04/29 14:58:42 INFO TransportClientFactory: Successfully created connection to spark-master/172.18.0.3:7077 after 22 ms (0 ms spent in bootstraps)
[2025-04-29T14:58:42.421+0000] {spark_submit.py:490} INFO - 25/04/29 14:58:42 INFO StandaloneSchedulerBackend: Connected to Spark cluster with app ID app-20250429145842-0007
[2025-04-29T14:58:42.422+0000] {spark_submit.py:490} INFO - 25/04/29 14:58:42 INFO StandaloneAppClient$ClientEndpoint: Executor added: app-20250429145842-0007/0 on worker-20250429121840-172.18.0.5-45227 (172.18.0.5:45227) with 1 core(s)
[2025-04-29T14:58:42.425+0000] {spark_submit.py:490} INFO - 25/04/29 14:58:42 INFO StandaloneSchedulerBackend: Granted executor ID app-20250429145842-0007/0 on hostPort 172.18.0.5:45227 with 1 core(s), 1024.0 MiB RAM
[2025-04-29T14:58:42.427+0000] {spark_submit.py:490} INFO - 25/04/29 14:58:42 INFO Utils: Successfully started service 'org.apache.spark.network.netty.NettyBlockTransferService' on port 44001.
[2025-04-29T14:58:42.427+0000] {spark_submit.py:490} INFO - 25/04/29 14:58:42 INFO NettyBlockTransferService: Server created on bd05f2cbfffd:44001
[2025-04-29T14:58:42.428+0000] {spark_submit.py:490} INFO - 25/04/29 14:58:42 INFO BlockManager: Using org.apache.spark.storage.RandomBlockReplicationPolicy for block replication policy
[2025-04-29T14:58:42.434+0000] {spark_submit.py:490} INFO - 25/04/29 14:58:42 INFO BlockManagerMaster: Registering BlockManager BlockManagerId(driver, bd05f2cbfffd, 44001, None)
[2025-04-29T14:58:42.437+0000] {spark_submit.py:490} INFO - 25/04/29 14:58:42 INFO BlockManagerMasterEndpoint: Registering block manager bd05f2cbfffd:44001 with 434.4 MiB RAM, BlockManagerId(driver, bd05f2cbfffd, 44001, None)
[2025-04-29T14:58:42.440+0000] {spark_submit.py:490} INFO - 25/04/29 14:58:42 INFO BlockManagerMaster: Registered BlockManager BlockManagerId(driver, bd05f2cbfffd, 44001, None)
[2025-04-29T14:58:42.441+0000] {spark_submit.py:490} INFO - 25/04/29 14:58:42 INFO BlockManager: Initialized BlockManager: BlockManagerId(driver, bd05f2cbfffd, 44001, None)
[2025-04-29T14:58:42.463+0000] {spark_submit.py:490} INFO - 25/04/29 14:58:42 INFO StandaloneAppClient$ClientEndpoint: Executor updated: app-20250429145842-0007/0 is now RUNNING
[2025-04-29T14:58:42.613+0000] {spark_submit.py:490} INFO - 25/04/29 14:58:42 INFO StandaloneSchedulerBackend: SchedulerBackend is ready for scheduling beginning after reached minRegisteredResourcesRatio: 0.0
[2025-04-29T14:58:42.813+0000] {spark_submit.py:490} INFO - INFO:__main__:SparkSession создан
[2025-04-29T14:58:42.823+0000] {spark_submit.py:490} INFO - 25/04/29 14:58:42 INFO SharedState: Setting hive.metastore.warehouse.dir ('null') to the value of spark.sql.warehouse.dir.
[2025-04-29T14:58:42.825+0000] {spark_submit.py:490} INFO - 25/04/29 14:58:42 INFO SharedState: Warehouse path is 'file:/opt/airflow/spark-warehouse'.
[2025-04-29T14:58:44.866+0000] {spark_submit.py:490} INFO - 25/04/29 14:58:44 INFO CoarseGrainedSchedulerBackend$DriverEndpoint: Registered executor NettyRpcEndpointRef(spark-client://Executor) (172.18.0.5:37266) with ID 0,  ResourceProfileId 0
[2025-04-29T14:58:44.992+0000] {spark_submit.py:490} INFO - 25/04/29 14:58:44 INFO BlockManagerMasterEndpoint: Registering block manager 172.18.0.5:37325 with 366.3 MiB RAM, BlockManagerId(0, 172.18.0.5, 37325, None)
[2025-04-29T14:58:46.264+0000] {spark_submit.py:490} INFO - 25/04/29 14:58:46 INFO CodeGenerator: Code generated in 86.473714 ms
[2025-04-29T14:58:46.335+0000] {spark_submit.py:490} INFO - 25/04/29 14:58:46 INFO DAGScheduler: Registering RDD 2 (count at NativeMethodAccessorImpl.java:0) as input to shuffle 0
[2025-04-29T14:58:46.340+0000] {spark_submit.py:490} INFO - 25/04/29 14:58:46 INFO DAGScheduler: Got map stage job 0 (count at NativeMethodAccessorImpl.java:0) with 1 output partitions
[2025-04-29T14:58:46.340+0000] {spark_submit.py:490} INFO - 25/04/29 14:58:46 INFO DAGScheduler: Final stage: ShuffleMapStage 0 (count at NativeMethodAccessorImpl.java:0)
[2025-04-29T14:58:46.340+0000] {spark_submit.py:490} INFO - 25/04/29 14:58:46 INFO DAGScheduler: Parents of final stage: List()
[2025-04-29T14:58:46.341+0000] {spark_submit.py:490} INFO - 25/04/29 14:58:46 INFO DAGScheduler: Missing parents: List()
[2025-04-29T14:58:46.344+0000] {spark_submit.py:490} INFO - 25/04/29 14:58:46 INFO DAGScheduler: Submitting ShuffleMapStage 0 (MapPartitionsRDD[2] at count at NativeMethodAccessorImpl.java:0), which has no missing parents
[2025-04-29T14:58:46.467+0000] {spark_submit.py:490} INFO - 25/04/29 14:58:46 INFO MemoryStore: Block broadcast_0 stored as values in memory (estimated size 13.3 KiB, free 434.4 MiB)
[2025-04-29T14:58:46.500+0000] {spark_submit.py:490} INFO - 25/04/29 14:58:46 INFO MemoryStore: Block broadcast_0_piece0 stored as bytes in memory (estimated size 7.0 KiB, free 434.4 MiB)
[2025-04-29T14:58:46.503+0000] {spark_submit.py:490} INFO - 25/04/29 14:58:46 INFO BlockManagerInfo: Added broadcast_0_piece0 in memory on bd05f2cbfffd:44001 (size: 7.0 KiB, free: 434.4 MiB)
[2025-04-29T14:58:46.506+0000] {spark_submit.py:490} INFO - 25/04/29 14:58:46 INFO SparkContext: Created broadcast 0 from broadcast at DAGScheduler.scala:1513
[2025-04-29T14:58:46.521+0000] {spark_submit.py:490} INFO - 25/04/29 14:58:46 INFO DAGScheduler: Submitting 1 missing tasks from ShuffleMapStage 0 (MapPartitionsRDD[2] at count at NativeMethodAccessorImpl.java:0) (first 15 tasks are for partitions Vector(0))
[2025-04-29T14:58:46.522+0000] {spark_submit.py:490} INFO - 25/04/29 14:58:46 INFO TaskSchedulerImpl: Adding task set 0.0 with 1 tasks resource profile 0
[2025-04-29T14:58:46.553+0000] {spark_submit.py:490} INFO - 25/04/29 14:58:46 INFO TaskSetManager: Starting task 0.0 in stage 0.0 (TID 0) (172.18.0.5, executor 0, partition 0, PROCESS_LOCAL, 4292 bytes) taskResourceAssignments Map()
[2025-04-29T14:58:46.750+0000] {spark_submit.py:490} INFO - 25/04/29 14:58:46 INFO BlockManagerInfo: Added broadcast_0_piece0 in memory on 172.18.0.5:37325 (size: 7.0 KiB, free: 366.3 MiB)
[2025-04-29T14:58:47.741+0000] {spark_submit.py:490} INFO - 25/04/29 14:58:47 INFO TaskSetManager: Finished task 0.0 in stage 0.0 (TID 0) in 1195 ms on 172.18.0.5 (executor 0) (1/1)
[2025-04-29T14:58:47.742+0000] {spark_submit.py:490} INFO - 25/04/29 14:58:47 INFO TaskSchedulerImpl: Removed TaskSet 0.0, whose tasks have all completed, from pool
[2025-04-29T14:58:47.751+0000] {spark_submit.py:490} INFO - 25/04/29 14:58:47 INFO DAGScheduler: ShuffleMapStage 0 (count at NativeMethodAccessorImpl.java:0) finished in 1.393 s
[2025-04-29T14:58:47.751+0000] {spark_submit.py:490} INFO - 25/04/29 14:58:47 INFO DAGScheduler: looking for newly runnable stages
[2025-04-29T14:58:47.751+0000] {spark_submit.py:490} INFO - 25/04/29 14:58:47 INFO DAGScheduler: running: Set()
[2025-04-29T14:58:47.752+0000] {spark_submit.py:490} INFO - 25/04/29 14:58:47 INFO DAGScheduler: waiting: Set()
[2025-04-29T14:58:47.752+0000] {spark_submit.py:490} INFO - 25/04/29 14:58:47 INFO DAGScheduler: failed: Set()
[2025-04-29T14:58:47.788+0000] {spark_submit.py:490} INFO - 25/04/29 14:58:47 INFO CodeGenerator: Code generated in 12.49552 ms
[2025-04-29T14:58:47.828+0000] {spark_submit.py:490} INFO - 25/04/29 14:58:47 INFO SparkContext: Starting job: count at NativeMethodAccessorImpl.java:0
[2025-04-29T14:58:47.831+0000] {spark_submit.py:490} INFO - 25/04/29 14:58:47 INFO DAGScheduler: Got job 1 (count at NativeMethodAccessorImpl.java:0) with 1 output partitions
[2025-04-29T14:58:47.832+0000] {spark_submit.py:490} INFO - 25/04/29 14:58:47 INFO DAGScheduler: Final stage: ResultStage 2 (count at NativeMethodAccessorImpl.java:0)
[2025-04-29T14:58:47.832+0000] {spark_submit.py:490} INFO - 25/04/29 14:58:47 INFO DAGScheduler: Parents of final stage: List(ShuffleMapStage 1)
[2025-04-29T14:58:47.833+0000] {spark_submit.py:490} INFO - 25/04/29 14:58:47 INFO DAGScheduler: Missing parents: List()
[2025-04-29T14:58:47.835+0000] {spark_submit.py:490} INFO - 25/04/29 14:58:47 INFO DAGScheduler: Submitting ResultStage 2 (MapPartitionsRDD[5] at count at NativeMethodAccessorImpl.java:0), which has no missing parents
[2025-04-29T14:58:47.845+0000] {spark_submit.py:490} INFO - 25/04/29 14:58:47 INFO MemoryStore: Block broadcast_1 stored as values in memory (estimated size 11.1 KiB, free 434.4 MiB)
[2025-04-29T14:58:47.849+0000] {spark_submit.py:490} INFO - 25/04/29 14:58:47 INFO MemoryStore: Block broadcast_1_piece0 stored as bytes in memory (estimated size 5.5 KiB, free 434.4 MiB)
[2025-04-29T14:58:47.850+0000] {spark_submit.py:490} INFO - 25/04/29 14:58:47 INFO BlockManagerInfo: Added broadcast_1_piece0 in memory on bd05f2cbfffd:44001 (size: 5.5 KiB, free: 434.4 MiB)
[2025-04-29T14:58:47.851+0000] {spark_submit.py:490} INFO - 25/04/29 14:58:47 INFO SparkContext: Created broadcast 1 from broadcast at DAGScheduler.scala:1513
[2025-04-29T14:58:47.852+0000] {spark_submit.py:490} INFO - 25/04/29 14:58:47 INFO DAGScheduler: Submitting 1 missing tasks from ResultStage 2 (MapPartitionsRDD[5] at count at NativeMethodAccessorImpl.java:0) (first 15 tasks are for partitions Vector(0))
[2025-04-29T14:58:47.852+0000] {spark_submit.py:490} INFO - 25/04/29 14:58:47 INFO TaskSchedulerImpl: Adding task set 2.0 with 1 tasks resource profile 0
[2025-04-29T14:58:47.858+0000] {spark_submit.py:490} INFO - 25/04/29 14:58:47 INFO TaskSetManager: Starting task 0.0 in stage 2.0 (TID 1) (172.18.0.5, executor 0, partition 0, NODE_LOCAL, 4457 bytes) taskResourceAssignments Map()
[2025-04-29T14:58:47.879+0000] {spark_submit.py:490} INFO - 25/04/29 14:58:47 INFO BlockManagerInfo: Added broadcast_1_piece0 in memory on 172.18.0.5:37325 (size: 5.5 KiB, free: 366.3 MiB)
[2025-04-29T14:58:47.979+0000] {spark_submit.py:490} INFO - 25/04/29 14:58:47 INFO MapOutputTrackerMasterEndpoint: Asked to send map output locations for shuffle 0 to 172.18.0.5:37266
[2025-04-29T14:58:48.208+0000] {spark_submit.py:490} INFO - 25/04/29 14:58:48 INFO TaskSetManager: Finished task 0.0 in stage 2.0 (TID 1) in 352 ms on 172.18.0.5 (executor 0) (1/1)
[2025-04-29T14:58:48.208+0000] {spark_submit.py:490} INFO - 25/04/29 14:58:48 INFO TaskSchedulerImpl: Removed TaskSet 2.0, whose tasks have all completed, from pool
[2025-04-29T14:58:48.210+0000] {spark_submit.py:490} INFO - 25/04/29 14:58:48 INFO DAGScheduler: ResultStage 2 (count at NativeMethodAccessorImpl.java:0) finished in 0.367 s
[2025-04-29T14:58:48.214+0000] {spark_submit.py:490} INFO - 25/04/29 14:58:48 INFO DAGScheduler: Job 1 is finished. Cancelling potential speculative or zombie tasks for this job
[2025-04-29T14:58:48.214+0000] {spark_submit.py:490} INFO - 25/04/29 14:58:48 INFO TaskSchedulerImpl: Killing all running tasks in stage 2: Stage finished
[2025-04-29T14:58:48.217+0000] {spark_submit.py:490} INFO - 25/04/29 14:58:48 INFO DAGScheduler: Job 1 finished: count at NativeMethodAccessorImpl.java:0, took 0.389023 s
[2025-04-29T14:58:48.231+0000] {spark_submit.py:490} INFO - INFO:__main__:Таблица raw.masked_transactions загружена, записей: 1000
[2025-04-29T14:58:48.475+0000] {spark_submit.py:490} INFO - 25/04/29 14:58:48 INFO DAGScheduler: Registering RDD 8 (count at NativeMethodAccessorImpl.java:0) as input to shuffle 1
[2025-04-29T14:58:48.476+0000] {spark_submit.py:490} INFO - 25/04/29 14:58:48 INFO DAGScheduler: Got map stage job 2 (count at NativeMethodAccessorImpl.java:0) with 1 output partitions
[2025-04-29T14:58:48.476+0000] {spark_submit.py:490} INFO - 25/04/29 14:58:48 INFO DAGScheduler: Final stage: ShuffleMapStage 3 (count at NativeMethodAccessorImpl.java:0)
[2025-04-29T14:58:48.476+0000] {spark_submit.py:490} INFO - 25/04/29 14:58:48 INFO DAGScheduler: Parents of final stage: List()
[2025-04-29T14:58:48.476+0000] {spark_submit.py:490} INFO - 25/04/29 14:58:48 INFO DAGScheduler: Missing parents: List()
[2025-04-29T14:58:48.477+0000] {spark_submit.py:490} INFO - 25/04/29 14:58:48 INFO DAGScheduler: Submitting ShuffleMapStage 3 (MapPartitionsRDD[8] at count at NativeMethodAccessorImpl.java:0), which has no missing parents
[2025-04-29T14:58:48.482+0000] {spark_submit.py:490} INFO - 25/04/29 14:58:48 INFO MemoryStore: Block broadcast_2 stored as values in memory (estimated size 13.4 KiB, free 434.4 MiB)
[2025-04-29T14:58:48.485+0000] {spark_submit.py:490} INFO - 25/04/29 14:58:48 INFO MemoryStore: Block broadcast_2_piece0 stored as bytes in memory (estimated size 7.0 KiB, free 434.3 MiB)
[2025-04-29T14:58:48.486+0000] {spark_submit.py:490} INFO - 25/04/29 14:58:48 INFO BlockManagerInfo: Added broadcast_2_piece0 in memory on bd05f2cbfffd:44001 (size: 7.0 KiB, free: 434.4 MiB)
[2025-04-29T14:58:48.487+0000] {spark_submit.py:490} INFO - 25/04/29 14:58:48 INFO SparkContext: Created broadcast 2 from broadcast at DAGScheduler.scala:1513
[2025-04-29T14:58:48.488+0000] {spark_submit.py:490} INFO - 25/04/29 14:58:48 INFO DAGScheduler: Submitting 1 missing tasks from ShuffleMapStage 3 (MapPartitionsRDD[8] at count at NativeMethodAccessorImpl.java:0) (first 15 tasks are for partitions Vector(0))
[2025-04-29T14:58:48.488+0000] {spark_submit.py:490} INFO - 25/04/29 14:58:48 INFO TaskSchedulerImpl: Adding task set 3.0 with 1 tasks resource profile 0
[2025-04-29T14:58:48.490+0000] {spark_submit.py:490} INFO - 25/04/29 14:58:48 INFO TaskSetManager: Starting task 0.0 in stage 3.0 (TID 2) (172.18.0.5, executor 0, partition 0, PROCESS_LOCAL, 4292 bytes) taskResourceAssignments Map()
[2025-04-29T14:58:48.509+0000] {spark_submit.py:490} INFO - 25/04/29 14:58:48 INFO BlockManagerInfo: Added broadcast_2_piece0 in memory on 172.18.0.5:37325 (size: 7.0 KiB, free: 366.3 MiB)
[2025-04-29T14:58:48.560+0000] {spark_submit.py:490} INFO - 25/04/29 14:58:48 INFO TaskSetManager: Finished task 0.0 in stage 3.0 (TID 2) in 70 ms on 172.18.0.5 (executor 0) (1/1)
[2025-04-29T14:58:48.562+0000] {spark_submit.py:490} INFO - 25/04/29 14:58:48 INFO TaskSchedulerImpl: Removed TaskSet 3.0, whose tasks have all completed, from pool
[2025-04-29T14:58:48.562+0000] {spark_submit.py:490} INFO - 25/04/29 14:58:48 INFO DAGScheduler: ShuffleMapStage 3 (count at NativeMethodAccessorImpl.java:0) finished in 0.084 s
[2025-04-29T14:58:48.563+0000] {spark_submit.py:490} INFO - 25/04/29 14:58:48 INFO DAGScheduler: looking for newly runnable stages
[2025-04-29T14:58:48.563+0000] {spark_submit.py:490} INFO - 25/04/29 14:58:48 INFO DAGScheduler: running: Set()
[2025-04-29T14:58:48.563+0000] {spark_submit.py:490} INFO - 25/04/29 14:58:48 INFO DAGScheduler: waiting: Set()
[2025-04-29T14:58:48.563+0000] {spark_submit.py:490} INFO - 25/04/29 14:58:48 INFO DAGScheduler: failed: Set()
[2025-04-29T14:58:48.594+0000] {spark_submit.py:490} INFO - 25/04/29 14:58:48 INFO SparkContext: Starting job: count at NativeMethodAccessorImpl.java:0
[2025-04-29T14:58:48.597+0000] {spark_submit.py:490} INFO - 25/04/29 14:58:48 INFO DAGScheduler: Got job 3 (count at NativeMethodAccessorImpl.java:0) with 1 output partitions
[2025-04-29T14:58:48.598+0000] {spark_submit.py:490} INFO - 25/04/29 14:58:48 INFO DAGScheduler: Final stage: ResultStage 5 (count at NativeMethodAccessorImpl.java:0)
[2025-04-29T14:58:48.598+0000] {spark_submit.py:490} INFO - 25/04/29 14:58:48 INFO DAGScheduler: Parents of final stage: List(ShuffleMapStage 4)
[2025-04-29T14:58:48.598+0000] {spark_submit.py:490} INFO - 25/04/29 14:58:48 INFO DAGScheduler: Missing parents: List()
[2025-04-29T14:58:48.600+0000] {spark_submit.py:490} INFO - 25/04/29 14:58:48 INFO DAGScheduler: Submitting ResultStage 5 (MapPartitionsRDD[11] at count at NativeMethodAccessorImpl.java:0), which has no missing parents
[2025-04-29T14:58:48.605+0000] {spark_submit.py:490} INFO - 25/04/29 14:58:48 INFO MemoryStore: Block broadcast_3 stored as values in memory (estimated size 11.1 KiB, free 434.3 MiB)
[2025-04-29T14:58:48.606+0000] {spark_submit.py:490} INFO - 25/04/29 14:58:48 INFO MemoryStore: Block broadcast_3_piece0 stored as bytes in memory (estimated size 5.5 KiB, free 434.3 MiB)
[2025-04-29T14:58:48.607+0000] {spark_submit.py:490} INFO - 25/04/29 14:58:48 INFO BlockManagerInfo: Added broadcast_3_piece0 in memory on bd05f2cbfffd:44001 (size: 5.5 KiB, free: 434.4 MiB)
[2025-04-29T14:58:48.607+0000] {spark_submit.py:490} INFO - 25/04/29 14:58:48 INFO SparkContext: Created broadcast 3 from broadcast at DAGScheduler.scala:1513
[2025-04-29T14:58:48.608+0000] {spark_submit.py:490} INFO - 25/04/29 14:58:48 INFO DAGScheduler: Submitting 1 missing tasks from ResultStage 5 (MapPartitionsRDD[11] at count at NativeMethodAccessorImpl.java:0) (first 15 tasks are for partitions Vector(0))
[2025-04-29T14:58:48.608+0000] {spark_submit.py:490} INFO - 25/04/29 14:58:48 INFO TaskSchedulerImpl: Adding task set 5.0 with 1 tasks resource profile 0
[2025-04-29T14:58:48.611+0000] {spark_submit.py:490} INFO - 25/04/29 14:58:48 INFO TaskSetManager: Starting task 0.0 in stage 5.0 (TID 3) (172.18.0.5, executor 0, partition 0, NODE_LOCAL, 4457 bytes) taskResourceAssignments Map()
[2025-04-29T14:58:48.627+0000] {spark_submit.py:490} INFO - 25/04/29 14:58:48 INFO BlockManagerInfo: Added broadcast_3_piece0 in memory on 172.18.0.5:37325 (size: 5.5 KiB, free: 366.3 MiB)
[2025-04-29T14:58:48.635+0000] {spark_submit.py:490} INFO - 25/04/29 14:58:48 INFO MapOutputTrackerMasterEndpoint: Asked to send map output locations for shuffle 1 to 172.18.0.5:37266
[2025-04-29T14:58:48.646+0000] {spark_submit.py:490} INFO - 25/04/29 14:58:48 INFO TaskSetManager: Finished task 0.0 in stage 5.0 (TID 3) in 36 ms on 172.18.0.5 (executor 0) (1/1)
[2025-04-29T14:58:48.646+0000] {spark_submit.py:490} INFO - 25/04/29 14:58:48 INFO TaskSchedulerImpl: Removed TaskSet 5.0, whose tasks have all completed, from pool
[2025-04-29T14:58:48.647+0000] {spark_submit.py:490} INFO - 25/04/29 14:58:48 INFO DAGScheduler: ResultStage 5 (count at NativeMethodAccessorImpl.java:0) finished in 0.045 s
[2025-04-29T14:58:48.647+0000] {spark_submit.py:490} INFO - 25/04/29 14:58:48 INFO DAGScheduler: Job 3 is finished. Cancelling potential speculative or zombie tasks for this job
[2025-04-29T14:58:48.647+0000] {spark_submit.py:490} INFO - 25/04/29 14:58:48 INFO TaskSchedulerImpl: Killing all running tasks in stage 5: Stage finished
[2025-04-29T14:58:48.647+0000] {spark_submit.py:490} INFO - 25/04/29 14:58:48 INFO DAGScheduler: Job 3 finished: count at NativeMethodAccessorImpl.java:0, took 0.053329 s
[2025-04-29T14:58:48.649+0000] {spark_submit.py:490} INFO - INFO:__main__:Правило large_tx отработано, записей: 371
[2025-04-29T14:58:48.811+0000] {spark_submit.py:490} INFO - 25/04/29 14:58:48 INFO BlockManagerInfo: Removed broadcast_3_piece0 on bd05f2cbfffd:44001 in memory (size: 5.5 KiB, free: 434.4 MiB)
[2025-04-29T14:58:48.825+0000] {spark_submit.py:490} INFO - 25/04/29 14:58:48 INFO BlockManagerInfo: Removed broadcast_3_piece0 on 172.18.0.5:37325 in memory (size: 5.5 KiB, free: 366.3 MiB)
[2025-04-29T14:58:48.840+0000] {spark_submit.py:490} INFO - 25/04/29 14:58:48 INFO BlockManagerInfo: Removed broadcast_1_piece0 on bd05f2cbfffd:44001 in memory (size: 5.5 KiB, free: 434.4 MiB)
[2025-04-29T14:58:48.843+0000] {spark_submit.py:490} INFO - 25/04/29 14:58:48 INFO BlockManagerInfo: Removed broadcast_1_piece0 on 172.18.0.5:37325 in memory (size: 5.5 KiB, free: 366.3 MiB)
[2025-04-29T14:58:48.862+0000] {spark_submit.py:490} INFO - 25/04/29 14:58:48 INFO BlockManagerInfo: Removed broadcast_0_piece0 on bd05f2cbfffd:44001 in memory (size: 7.0 KiB, free: 434.4 MiB)
[2025-04-29T14:58:48.871+0000] {spark_submit.py:490} INFO - 25/04/29 14:58:48 INFO BlockManagerInfo: Removed broadcast_0_piece0 on 172.18.0.5:37325 in memory (size: 7.0 KiB, free: 366.3 MiB)
[2025-04-29T14:58:48.880+0000] {spark_submit.py:490} INFO - 25/04/29 14:58:48 INFO BlockManagerInfo: Removed broadcast_2_piece0 on bd05f2cbfffd:44001 in memory (size: 7.0 KiB, free: 434.4 MiB)
[2025-04-29T14:58:48.884+0000] {spark_submit.py:490} INFO - 25/04/29 14:58:48 INFO BlockManagerInfo: Removed broadcast_2_piece0 on 172.18.0.5:37325 in memory (size: 7.0 KiB, free: 366.3 MiB)
[2025-04-29T14:58:48.915+0000] {spark_submit.py:490} INFO - 25/04/29 14:58:48 INFO CodeGenerator: Code generated in 12.187305 ms
[2025-04-29T14:58:48.919+0000] {spark_submit.py:490} INFO - 25/04/29 14:58:48 INFO DAGScheduler: Registering RDD 14 (count at NativeMethodAccessorImpl.java:0) as input to shuffle 2
[2025-04-29T14:58:48.920+0000] {spark_submit.py:490} INFO - 25/04/29 14:58:48 INFO DAGScheduler: Got map stage job 4 (count at NativeMethodAccessorImpl.java:0) with 1 output partitions
[2025-04-29T14:58:48.920+0000] {spark_submit.py:490} INFO - 25/04/29 14:58:48 INFO DAGScheduler: Final stage: ShuffleMapStage 6 (count at NativeMethodAccessorImpl.java:0)
[2025-04-29T14:58:48.920+0000] {spark_submit.py:490} INFO - 25/04/29 14:58:48 INFO DAGScheduler: Parents of final stage: List()
[2025-04-29T14:58:48.920+0000] {spark_submit.py:490} INFO - 25/04/29 14:58:48 INFO DAGScheduler: Missing parents: List()
[2025-04-29T14:58:48.921+0000] {spark_submit.py:490} INFO - 25/04/29 14:58:48 INFO DAGScheduler: Submitting ShuffleMapStage 6 (MapPartitionsRDD[14] at count at NativeMethodAccessorImpl.java:0), which has no missing parents
[2025-04-29T14:58:48.928+0000] {spark_submit.py:490} INFO - 25/04/29 14:58:48 INFO MemoryStore: Block broadcast_4 stored as values in memory (estimated size 14.0 KiB, free 434.4 MiB)
[2025-04-29T14:58:48.930+0000] {spark_submit.py:490} INFO - 25/04/29 14:58:48 INFO MemoryStore: Block broadcast_4_piece0 stored as bytes in memory (estimated size 7.3 KiB, free 434.4 MiB)
[2025-04-29T14:58:48.931+0000] {spark_submit.py:490} INFO - 25/04/29 14:58:48 INFO BlockManagerInfo: Added broadcast_4_piece0 in memory on bd05f2cbfffd:44001 (size: 7.3 KiB, free: 434.4 MiB)
[2025-04-29T14:58:48.931+0000] {spark_submit.py:490} INFO - 25/04/29 14:58:48 INFO SparkContext: Created broadcast 4 from broadcast at DAGScheduler.scala:1513
[2025-04-29T14:58:48.932+0000] {spark_submit.py:490} INFO - 25/04/29 14:58:48 INFO DAGScheduler: Submitting 1 missing tasks from ShuffleMapStage 6 (MapPartitionsRDD[14] at count at NativeMethodAccessorImpl.java:0) (first 15 tasks are for partitions Vector(0))
[2025-04-29T14:58:48.932+0000] {spark_submit.py:490} INFO - 25/04/29 14:58:48 INFO TaskSchedulerImpl: Adding task set 6.0 with 1 tasks resource profile 0
[2025-04-29T14:58:48.933+0000] {spark_submit.py:490} INFO - 25/04/29 14:58:48 INFO TaskSetManager: Starting task 0.0 in stage 6.0 (TID 4) (172.18.0.5, executor 0, partition 0, PROCESS_LOCAL, 4292 bytes) taskResourceAssignments Map()
[2025-04-29T14:58:48.945+0000] {spark_submit.py:490} INFO - 25/04/29 14:58:48 INFO BlockManagerInfo: Added broadcast_4_piece0 in memory on 172.18.0.5:37325 (size: 7.3 KiB, free: 366.3 MiB)
[2025-04-29T14:58:49.418+0000] {spark_submit.py:490} INFO - 25/04/29 14:58:49 INFO TaskSetManager: Finished task 0.0 in stage 6.0 (TID 4) in 485 ms on 172.18.0.5 (executor 0) (1/1)
[2025-04-29T14:58:49.418+0000] {spark_submit.py:490} INFO - 25/04/29 14:58:49 INFO TaskSchedulerImpl: Removed TaskSet 6.0, whose tasks have all completed, from pool
[2025-04-29T14:58:49.419+0000] {spark_submit.py:490} INFO - 25/04/29 14:58:49 INFO DAGScheduler: ShuffleMapStage 6 (count at NativeMethodAccessorImpl.java:0) finished in 0.497 s
[2025-04-29T14:58:49.420+0000] {spark_submit.py:490} INFO - 25/04/29 14:58:49 INFO DAGScheduler: looking for newly runnable stages
[2025-04-29T14:58:49.420+0000] {spark_submit.py:490} INFO - 25/04/29 14:58:49 INFO DAGScheduler: running: Set()
[2025-04-29T14:58:49.420+0000] {spark_submit.py:490} INFO - 25/04/29 14:58:49 INFO DAGScheduler: waiting: Set()
[2025-04-29T14:58:49.420+0000] {spark_submit.py:490} INFO - 25/04/29 14:58:49 INFO DAGScheduler: failed: Set()
[2025-04-29T14:58:49.434+0000] {spark_submit.py:490} INFO - 25/04/29 14:58:49 INFO ShufflePartitionsUtil: For shuffle(2), advisory target size: 67108864, actual target size 1048576, minimum partition size: 1048576
[2025-04-29T14:58:49.474+0000] {spark_submit.py:490} INFO - 25/04/29 14:58:49 INFO CodeGenerator: Code generated in 11.14929 ms
[2025-04-29T14:58:49.496+0000] {spark_submit.py:490} INFO - 25/04/29 14:58:49 INFO CodeGenerator: Code generated in 14.158619 ms
[2025-04-29T14:58:49.554+0000] {spark_submit.py:490} INFO - 25/04/29 14:58:49 INFO DAGScheduler: Registering RDD 19 (count at NativeMethodAccessorImpl.java:0) as input to shuffle 3
[2025-04-29T14:58:49.555+0000] {spark_submit.py:490} INFO - 25/04/29 14:58:49 INFO DAGScheduler: Got map stage job 5 (count at NativeMethodAccessorImpl.java:0) with 1 output partitions
[2025-04-29T14:58:49.555+0000] {spark_submit.py:490} INFO - 25/04/29 14:58:49 INFO DAGScheduler: Final stage: ShuffleMapStage 8 (count at NativeMethodAccessorImpl.java:0)
[2025-04-29T14:58:49.555+0000] {spark_submit.py:490} INFO - 25/04/29 14:58:49 INFO DAGScheduler: Parents of final stage: List(ShuffleMapStage 7)
[2025-04-29T14:58:49.555+0000] {spark_submit.py:490} INFO - 25/04/29 14:58:49 INFO DAGScheduler: Missing parents: List()
[2025-04-29T14:58:49.555+0000] {spark_submit.py:490} INFO - 25/04/29 14:58:49 INFO DAGScheduler: Submitting ShuffleMapStage 8 (MapPartitionsRDD[19] at count at NativeMethodAccessorImpl.java:0), which has no missing parents
[2025-04-29T14:58:49.567+0000] {spark_submit.py:490} INFO - 25/04/29 14:58:49 INFO MemoryStore: Block broadcast_5 stored as values in memory (estimated size 34.6 KiB, free 434.3 MiB)
[2025-04-29T14:58:49.568+0000] {spark_submit.py:490} INFO - 25/04/29 14:58:49 INFO MemoryStore: Block broadcast_5_piece0 stored as bytes in memory (estimated size 16.6 KiB, free 434.3 MiB)
[2025-04-29T14:58:49.569+0000] {spark_submit.py:490} INFO - 25/04/29 14:58:49 INFO BlockManagerInfo: Added broadcast_5_piece0 in memory on bd05f2cbfffd:44001 (size: 16.6 KiB, free: 434.4 MiB)
[2025-04-29T14:58:49.569+0000] {spark_submit.py:490} INFO - 25/04/29 14:58:49 INFO SparkContext: Created broadcast 5 from broadcast at DAGScheduler.scala:1513
[2025-04-29T14:58:49.570+0000] {spark_submit.py:490} INFO - 25/04/29 14:58:49 INFO DAGScheduler: Submitting 1 missing tasks from ShuffleMapStage 8 (MapPartitionsRDD[19] at count at NativeMethodAccessorImpl.java:0) (first 15 tasks are for partitions Vector(0))
[2025-04-29T14:58:49.570+0000] {spark_submit.py:490} INFO - 25/04/29 14:58:49 INFO TaskSchedulerImpl: Adding task set 8.0 with 1 tasks resource profile 0
[2025-04-29T14:58:49.571+0000] {spark_submit.py:490} INFO - 25/04/29 14:58:49 INFO TaskSetManager: Starting task 0.0 in stage 8.0 (TID 5) (172.18.0.5, executor 0, partition 0, NODE_LOCAL, 4446 bytes) taskResourceAssignments Map()
[2025-04-29T14:58:49.588+0000] {spark_submit.py:490} INFO - 25/04/29 14:58:49 INFO BlockManagerInfo: Added broadcast_5_piece0 in memory on 172.18.0.5:37325 (size: 16.6 KiB, free: 366.3 MiB)
[2025-04-29T14:58:49.756+0000] {spark_submit.py:490} INFO - 25/04/29 14:58:49 INFO MapOutputTrackerMasterEndpoint: Asked to send map output locations for shuffle 2 to 172.18.0.5:37266
[2025-04-29T14:58:50.062+0000] {spark_submit.py:490} INFO - 25/04/29 14:58:50 INFO TaskSetManager: Finished task 0.0 in stage 8.0 (TID 5) in 490 ms on 172.18.0.5 (executor 0) (1/1)
[2025-04-29T14:58:50.062+0000] {spark_submit.py:490} INFO - 25/04/29 14:58:50 INFO TaskSchedulerImpl: Removed TaskSet 8.0, whose tasks have all completed, from pool
[2025-04-29T14:58:50.063+0000] {spark_submit.py:490} INFO - 25/04/29 14:58:50 INFO DAGScheduler: ShuffleMapStage 8 (count at NativeMethodAccessorImpl.java:0) finished in 0.500 s
[2025-04-29T14:58:50.063+0000] {spark_submit.py:490} INFO - 25/04/29 14:58:50 INFO DAGScheduler: looking for newly runnable stages
[2025-04-29T14:58:50.063+0000] {spark_submit.py:490} INFO - 25/04/29 14:58:50 INFO DAGScheduler: running: Set()
[2025-04-29T14:58:50.064+0000] {spark_submit.py:490} INFO - 25/04/29 14:58:50 INFO DAGScheduler: waiting: Set()
[2025-04-29T14:58:50.064+0000] {spark_submit.py:490} INFO - 25/04/29 14:58:50 INFO DAGScheduler: failed: Set()
[2025-04-29T14:58:50.085+0000] {spark_submit.py:490} INFO - 25/04/29 14:58:50 INFO CodeGenerator: Code generated in 10.869524 ms
[2025-04-29T14:58:50.100+0000] {spark_submit.py:490} INFO - 25/04/29 14:58:50 INFO SparkContext: Starting job: count at NativeMethodAccessorImpl.java:0
[2025-04-29T14:58:50.102+0000] {spark_submit.py:490} INFO - 25/04/29 14:58:50 INFO DAGScheduler: Got job 6 (count at NativeMethodAccessorImpl.java:0) with 1 output partitions
[2025-04-29T14:58:50.102+0000] {spark_submit.py:490} INFO - 25/04/29 14:58:50 INFO DAGScheduler: Final stage: ResultStage 11 (count at NativeMethodAccessorImpl.java:0)
[2025-04-29T14:58:50.102+0000] {spark_submit.py:490} INFO - 25/04/29 14:58:50 INFO DAGScheduler: Parents of final stage: List(ShuffleMapStage 10)
[2025-04-29T14:58:50.102+0000] {spark_submit.py:490} INFO - 25/04/29 14:58:50 INFO DAGScheduler: Missing parents: List()
[2025-04-29T14:58:50.104+0000] {spark_submit.py:490} INFO - 25/04/29 14:58:50 INFO DAGScheduler: Submitting ResultStage 11 (MapPartitionsRDD[22] at count at NativeMethodAccessorImpl.java:0), which has no missing parents
[2025-04-29T14:58:50.107+0000] {spark_submit.py:490} INFO - 25/04/29 14:58:50 INFO MemoryStore: Block broadcast_6 stored as values in memory (estimated size 11.1 KiB, free 434.3 MiB)
[2025-04-29T14:58:50.109+0000] {spark_submit.py:490} INFO - 25/04/29 14:58:50 INFO MemoryStore: Block broadcast_6_piece0 stored as bytes in memory (estimated size 5.5 KiB, free 434.3 MiB)
[2025-04-29T14:58:50.110+0000] {spark_submit.py:490} INFO - 25/04/29 14:58:50 INFO BlockManagerInfo: Added broadcast_6_piece0 in memory on bd05f2cbfffd:44001 (size: 5.5 KiB, free: 434.4 MiB)
[2025-04-29T14:58:50.111+0000] {spark_submit.py:490} INFO - 25/04/29 14:58:50 INFO SparkContext: Created broadcast 6 from broadcast at DAGScheduler.scala:1513
[2025-04-29T14:58:50.112+0000] {spark_submit.py:490} INFO - 25/04/29 14:58:50 INFO DAGScheduler: Submitting 1 missing tasks from ResultStage 11 (MapPartitionsRDD[22] at count at NativeMethodAccessorImpl.java:0) (first 15 tasks are for partitions Vector(0))
[2025-04-29T14:58:50.112+0000] {spark_submit.py:490} INFO - 25/04/29 14:58:50 INFO TaskSchedulerImpl: Adding task set 11.0 with 1 tasks resource profile 0
[2025-04-29T14:58:50.114+0000] {spark_submit.py:490} INFO - 25/04/29 14:58:50 INFO TaskSetManager: Starting task 0.0 in stage 11.0 (TID 6) (172.18.0.5, executor 0, partition 0, NODE_LOCAL, 4457 bytes) taskResourceAssignments Map()
[2025-04-29T14:58:50.132+0000] {spark_submit.py:490} INFO - 25/04/29 14:58:50 INFO BlockManagerInfo: Added broadcast_6_piece0 in memory on 172.18.0.5:37325 (size: 5.5 KiB, free: 366.3 MiB)
[2025-04-29T14:58:50.139+0000] {spark_submit.py:490} INFO - 25/04/29 14:58:50 INFO MapOutputTrackerMasterEndpoint: Asked to send map output locations for shuffle 3 to 172.18.0.5:37266
[2025-04-29T14:58:50.159+0000] {spark_submit.py:490} INFO - 25/04/29 14:58:50 INFO TaskSetManager: Finished task 0.0 in stage 11.0 (TID 6) in 46 ms on 172.18.0.5 (executor 0) (1/1)
[2025-04-29T14:58:50.160+0000] {spark_submit.py:490} INFO - 25/04/29 14:58:50 INFO TaskSchedulerImpl: Removed TaskSet 11.0, whose tasks have all completed, from pool
[2025-04-29T14:58:50.160+0000] {spark_submit.py:490} INFO - 25/04/29 14:58:50 INFO DAGScheduler: ResultStage 11 (count at NativeMethodAccessorImpl.java:0) finished in 0.055 s
[2025-04-29T14:58:50.161+0000] {spark_submit.py:490} INFO - 25/04/29 14:58:50 INFO DAGScheduler: Job 6 is finished. Cancelling potential speculative or zombie tasks for this job
[2025-04-29T14:58:50.161+0000] {spark_submit.py:490} INFO - 25/04/29 14:58:50 INFO TaskSchedulerImpl: Killing all running tasks in stage 11: Stage finished
[2025-04-29T14:58:50.161+0000] {spark_submit.py:490} INFO - 25/04/29 14:58:50 INFO DAGScheduler: Job 6 finished: count at NativeMethodAccessorImpl.java:0, took 0.060673 s
[2025-04-29T14:58:50.166+0000] {spark_submit.py:490} INFO - INFO:__main__:Правило freq_tx отработано, записей: 4
[2025-04-29T14:58:50.252+0000] {spark_submit.py:490} INFO - 25/04/29 14:58:50 INFO DAGScheduler: Registering RDD 26 (count at NativeMethodAccessorImpl.java:0) as input to shuffle 4
[2025-04-29T14:58:50.253+0000] {spark_submit.py:490} INFO - 25/04/29 14:58:50 INFO DAGScheduler: Got map stage job 7 (count at NativeMethodAccessorImpl.java:0) with 1 output partitions
[2025-04-29T14:58:50.253+0000] {spark_submit.py:490} INFO - 25/04/29 14:58:50 INFO DAGScheduler: Final stage: ShuffleMapStage 12 (count at NativeMethodAccessorImpl.java:0)
[2025-04-29T14:58:50.253+0000] {spark_submit.py:490} INFO - 25/04/29 14:58:50 INFO DAGScheduler: Parents of final stage: List()
[2025-04-29T14:58:50.253+0000] {spark_submit.py:490} INFO - 25/04/29 14:58:50 INFO DAGScheduler: Missing parents: List()
[2025-04-29T14:58:50.254+0000] {spark_submit.py:490} INFO - 25/04/29 14:58:50 INFO DAGScheduler: Submitting ShuffleMapStage 12 (MapPartitionsRDD[26] at count at NativeMethodAccessorImpl.java:0), which has no missing parents
[2025-04-29T14:58:50.257+0000] {spark_submit.py:490} INFO - 25/04/29 14:58:50 INFO MemoryStore: Block broadcast_7 stored as values in memory (estimated size 14.1 KiB, free 434.3 MiB)
[2025-04-29T14:58:50.265+0000] {spark_submit.py:490} INFO - 25/04/29 14:58:50 INFO MemoryStore: Block broadcast_7_piece0 stored as bytes in memory (estimated size 7.3 KiB, free 434.3 MiB)
[2025-04-29T14:58:50.266+0000] {spark_submit.py:490} INFO - 25/04/29 14:58:50 INFO BlockManagerInfo: Added broadcast_7_piece0 in memory on bd05f2cbfffd:44001 (size: 7.3 KiB, free: 434.4 MiB)
[2025-04-29T14:58:50.269+0000] {spark_submit.py:490} INFO - 25/04/29 14:58:50 INFO SparkContext: Created broadcast 7 from broadcast at DAGScheduler.scala:1513
[2025-04-29T14:58:50.269+0000] {spark_submit.py:490} INFO - 25/04/29 14:58:50 INFO DAGScheduler: Submitting 1 missing tasks from ShuffleMapStage 12 (MapPartitionsRDD[26] at count at NativeMethodAccessorImpl.java:0) (first 15 tasks are for partitions Vector(0))
[2025-04-29T14:58:50.270+0000] {spark_submit.py:490} INFO - 25/04/29 14:58:50 INFO TaskSchedulerImpl: Adding task set 12.0 with 1 tasks resource profile 0
[2025-04-29T14:58:50.272+0000] {spark_submit.py:490} INFO - 25/04/29 14:58:50 INFO TaskSetManager: Starting task 0.0 in stage 12.0 (TID 7) (172.18.0.5, executor 0, partition 0, PROCESS_LOCAL, 4292 bytes) taskResourceAssignments Map()
[2025-04-29T14:58:50.280+0000] {spark_submit.py:490} INFO - 25/04/29 14:58:50 INFO BlockManagerInfo: Removed broadcast_5_piece0 on 172.18.0.5:37325 in memory (size: 16.6 KiB, free: 366.3 MiB)
[2025-04-29T14:58:50.281+0000] {spark_submit.py:490} INFO - 25/04/29 14:58:50 INFO BlockManagerInfo: Removed broadcast_5_piece0 on bd05f2cbfffd:44001 in memory (size: 16.6 KiB, free: 434.4 MiB)
[2025-04-29T14:58:50.292+0000] {spark_submit.py:490} INFO - 25/04/29 14:58:50 INFO BlockManagerInfo: Added broadcast_7_piece0 in memory on 172.18.0.5:37325 (size: 7.3 KiB, free: 366.3 MiB)
[2025-04-29T14:58:50.300+0000] {spark_submit.py:490} INFO - 25/04/29 14:58:50 INFO BlockManagerInfo: Removed broadcast_4_piece0 on bd05f2cbfffd:44001 in memory (size: 7.3 KiB, free: 434.4 MiB)
[2025-04-29T14:58:50.302+0000] {spark_submit.py:490} INFO - 25/04/29 14:58:50 INFO BlockManagerInfo: Removed broadcast_4_piece0 on 172.18.0.5:37325 in memory (size: 7.3 KiB, free: 366.3 MiB)
[2025-04-29T14:58:50.310+0000] {spark_submit.py:490} INFO - 25/04/29 14:58:50 INFO BlockManagerInfo: Removed broadcast_6_piece0 on bd05f2cbfffd:44001 in memory (size: 5.5 KiB, free: 434.4 MiB)
[2025-04-29T14:58:50.312+0000] {spark_submit.py:490} INFO - 25/04/29 14:58:50 INFO BlockManagerInfo: Removed broadcast_6_piece0 on 172.18.0.5:37325 in memory (size: 5.5 KiB, free: 366.3 MiB)
[2025-04-29T14:58:50.374+0000] {spark_submit.py:490} INFO - 25/04/29 14:58:50 INFO TaskSetManager: Finished task 0.0 in stage 12.0 (TID 7) in 102 ms on 172.18.0.5 (executor 0) (1/1)
[2025-04-29T14:58:50.374+0000] {spark_submit.py:490} INFO - 25/04/29 14:58:50 INFO TaskSchedulerImpl: Removed TaskSet 12.0, whose tasks have all completed, from pool
[2025-04-29T14:58:50.375+0000] {spark_submit.py:490} INFO - 25/04/29 14:58:50 INFO DAGScheduler: ShuffleMapStage 12 (count at NativeMethodAccessorImpl.java:0) finished in 0.120 s
[2025-04-29T14:58:50.376+0000] {spark_submit.py:490} INFO - 25/04/29 14:58:50 INFO DAGScheduler: looking for newly runnable stages
[2025-04-29T14:58:50.376+0000] {spark_submit.py:490} INFO - 25/04/29 14:58:50 INFO DAGScheduler: running: Set()
[2025-04-29T14:58:50.377+0000] {spark_submit.py:490} INFO - 25/04/29 14:58:50 INFO DAGScheduler: waiting: Set()
[2025-04-29T14:58:50.378+0000] {spark_submit.py:490} INFO - 25/04/29 14:58:50 INFO DAGScheduler: failed: Set()
[2025-04-29T14:58:50.391+0000] {spark_submit.py:490} INFO - 25/04/29 14:58:50 INFO ShufflePartitionsUtil: For shuffle(4), advisory target size: 67108864, actual target size 1048576, minimum partition size: 1048576
[2025-04-29T14:58:50.405+0000] {spark_submit.py:490} INFO - 25/04/29 14:58:50 INFO CodeGenerator: Code generated in 6.403579 ms
[2025-04-29T14:58:50.412+0000] {spark_submit.py:490} INFO - 25/04/29 14:58:50 INFO CodeGenerator: Code generated in 3.813183 ms
[2025-04-29T14:58:50.423+0000] {spark_submit.py:490} INFO - 25/04/29 14:58:50 INFO CodeGenerator: Code generated in 4.822256 ms
[2025-04-29T14:58:50.438+0000] {spark_submit.py:490} INFO - 25/04/29 14:58:50 INFO CodeGenerator: Code generated in 11.679127 ms
[2025-04-29T14:58:50.461+0000] {spark_submit.py:490} INFO - 25/04/29 14:58:50 INFO DAGScheduler: Registering RDD 35 (count at NativeMethodAccessorImpl.java:0) as input to shuffle 5
[2025-04-29T14:58:50.461+0000] {spark_submit.py:490} INFO - 25/04/29 14:58:50 INFO DAGScheduler: Got map stage job 8 (count at NativeMethodAccessorImpl.java:0) with 2 output partitions
[2025-04-29T14:58:50.461+0000] {spark_submit.py:490} INFO - 25/04/29 14:58:50 INFO DAGScheduler: Final stage: ShuffleMapStage 14 (count at NativeMethodAccessorImpl.java:0)
[2025-04-29T14:58:50.461+0000] {spark_submit.py:490} INFO - 25/04/29 14:58:50 INFO DAGScheduler: Parents of final stage: List(ShuffleMapStage 13)
[2025-04-29T14:58:50.461+0000] {spark_submit.py:490} INFO - 25/04/29 14:58:50 INFO DAGScheduler: Missing parents: List()
[2025-04-29T14:58:50.462+0000] {spark_submit.py:490} INFO - 25/04/29 14:58:50 INFO DAGScheduler: Submitting ShuffleMapStage 14 (MapPartitionsRDD[35] at count at NativeMethodAccessorImpl.java:0), which has no missing parents
[2025-04-29T14:58:50.472+0000] {spark_submit.py:490} INFO - 25/04/29 14:58:50 INFO MemoryStore: Block broadcast_8 stored as values in memory (estimated size 38.6 KiB, free 434.3 MiB)
[2025-04-29T14:58:50.473+0000] {spark_submit.py:490} INFO - 25/04/29 14:58:50 INFO MemoryStore: Block broadcast_8_piece0 stored as bytes in memory (estimated size 17.8 KiB, free 434.3 MiB)
[2025-04-29T14:58:50.474+0000] {spark_submit.py:490} INFO - 25/04/29 14:58:50 INFO BlockManagerInfo: Added broadcast_8_piece0 in memory on bd05f2cbfffd:44001 (size: 17.8 KiB, free: 434.4 MiB)
[2025-04-29T14:58:50.474+0000] {spark_submit.py:490} INFO - 25/04/29 14:58:50 INFO SparkContext: Created broadcast 8 from broadcast at DAGScheduler.scala:1513
[2025-04-29T14:58:50.475+0000] {spark_submit.py:490} INFO - 25/04/29 14:58:50 INFO DAGScheduler: Submitting 2 missing tasks from ShuffleMapStage 14 (MapPartitionsRDD[35] at count at NativeMethodAccessorImpl.java:0) (first 15 tasks are for partitions Vector(0, 1))
[2025-04-29T14:58:50.475+0000] {spark_submit.py:490} INFO - 25/04/29 14:58:50 INFO TaskSchedulerImpl: Adding task set 14.0 with 2 tasks resource profile 0
[2025-04-29T14:58:50.478+0000] {spark_submit.py:490} INFO - 25/04/29 14:58:50 INFO TaskSetManager: Starting task 1.0 in stage 14.0 (TID 8) (172.18.0.5, executor 0, partition 1, NODE_LOCAL, 4555 bytes) taskResourceAssignments Map()
[2025-04-29T14:58:50.493+0000] {spark_submit.py:490} INFO - 25/04/29 14:58:50 INFO BlockManagerInfo: Added broadcast_8_piece0 in memory on 172.18.0.5:37325 (size: 17.8 KiB, free: 366.3 MiB)
[2025-04-29T14:58:50.506+0000] {spark_submit.py:490} INFO - 25/04/29 14:58:50 INFO MapOutputTrackerMasterEndpoint: Asked to send map output locations for shuffle 4 to 172.18.0.5:37266
[2025-04-29T14:58:50.585+0000] {spark_submit.py:490} INFO - 25/04/29 14:58:50 INFO TaskSetManager: Starting task 0.0 in stage 14.0 (TID 9) (172.18.0.5, executor 0, partition 0, PROCESS_LOCAL, 4401 bytes) taskResourceAssignments Map()
[2025-04-29T14:58:50.586+0000] {spark_submit.py:490} INFO - 25/04/29 14:58:50 INFO TaskSetManager: Finished task 1.0 in stage 14.0 (TID 8) in 109 ms on 172.18.0.5 (executor 0) (1/2)
[2025-04-29T14:58:50.621+0000] {spark_submit.py:490} INFO - 25/04/29 14:58:50 INFO TaskSetManager: Finished task 0.0 in stage 14.0 (TID 9) in 35 ms on 172.18.0.5 (executor 0) (2/2)
[2025-04-29T14:58:50.624+0000] {spark_submit.py:490} INFO - 25/04/29 14:58:50 INFO TaskSchedulerImpl: Removed TaskSet 14.0, whose tasks have all completed, from pool
[2025-04-29T14:58:50.624+0000] {spark_submit.py:490} INFO - 25/04/29 14:58:50 INFO DAGScheduler: ShuffleMapStage 14 (count at NativeMethodAccessorImpl.java:0) finished in 0.153 s
[2025-04-29T14:58:50.624+0000] {spark_submit.py:490} INFO - 25/04/29 14:58:50 INFO DAGScheduler: looking for newly runnable stages
[2025-04-29T14:58:50.624+0000] {spark_submit.py:490} INFO - 25/04/29 14:58:50 INFO DAGScheduler: running: Set()
[2025-04-29T14:58:50.625+0000] {spark_submit.py:490} INFO - 25/04/29 14:58:50 INFO DAGScheduler: waiting: Set()
[2025-04-29T14:58:50.625+0000] {spark_submit.py:490} INFO - 25/04/29 14:58:50 INFO DAGScheduler: failed: Set()
[2025-04-29T14:58:50.641+0000] {spark_submit.py:490} INFO - 25/04/29 14:58:50 INFO CodeGenerator: Code generated in 8.773269 ms
[2025-04-29T14:58:50.652+0000] {spark_submit.py:490} INFO - 25/04/29 14:58:50 INFO SparkContext: Starting job: count at NativeMethodAccessorImpl.java:0
[2025-04-29T14:58:50.653+0000] {spark_submit.py:490} INFO - 25/04/29 14:58:50 INFO DAGScheduler: Got job 9 (count at NativeMethodAccessorImpl.java:0) with 1 output partitions
[2025-04-29T14:58:50.654+0000] {spark_submit.py:490} INFO - 25/04/29 14:58:50 INFO DAGScheduler: Final stage: ResultStage 17 (count at NativeMethodAccessorImpl.java:0)
[2025-04-29T14:58:50.654+0000] {spark_submit.py:490} INFO - 25/04/29 14:58:50 INFO DAGScheduler: Parents of final stage: List(ShuffleMapStage 16)
[2025-04-29T14:58:50.654+0000] {spark_submit.py:490} INFO - 25/04/29 14:58:50 INFO DAGScheduler: Missing parents: List()
[2025-04-29T14:58:50.655+0000] {spark_submit.py:490} INFO - 25/04/29 14:58:50 INFO DAGScheduler: Submitting ResultStage 17 (MapPartitionsRDD[38] at count at NativeMethodAccessorImpl.java:0), which has no missing parents
[2025-04-29T14:58:50.658+0000] {spark_submit.py:490} INFO - 25/04/29 14:58:50 INFO MemoryStore: Block broadcast_9 stored as values in memory (estimated size 11.1 KiB, free 434.3 MiB)
[2025-04-29T14:58:50.659+0000] {spark_submit.py:490} INFO - 25/04/29 14:58:50 INFO MemoryStore: Block broadcast_9_piece0 stored as bytes in memory (estimated size 5.5 KiB, free 434.3 MiB)
[2025-04-29T14:58:50.660+0000] {spark_submit.py:490} INFO - 25/04/29 14:58:50 INFO BlockManagerInfo: Added broadcast_9_piece0 in memory on bd05f2cbfffd:44001 (size: 5.5 KiB, free: 434.4 MiB)
[2025-04-29T14:58:50.660+0000] {spark_submit.py:490} INFO - 25/04/29 14:58:50 INFO SparkContext: Created broadcast 9 from broadcast at DAGScheduler.scala:1513
[2025-04-29T14:58:50.661+0000] {spark_submit.py:490} INFO - 25/04/29 14:58:50 INFO DAGScheduler: Submitting 1 missing tasks from ResultStage 17 (MapPartitionsRDD[38] at count at NativeMethodAccessorImpl.java:0) (first 15 tasks are for partitions Vector(0))
[2025-04-29T14:58:50.661+0000] {spark_submit.py:490} INFO - 25/04/29 14:58:50 INFO TaskSchedulerImpl: Adding task set 17.0 with 1 tasks resource profile 0
[2025-04-29T14:58:50.662+0000] {spark_submit.py:490} INFO - 25/04/29 14:58:50 INFO TaskSetManager: Starting task 0.0 in stage 17.0 (TID 10) (172.18.0.5, executor 0, partition 0, NODE_LOCAL, 4457 bytes) taskResourceAssignments Map()
[2025-04-29T14:58:50.676+0000] {spark_submit.py:490} INFO - 25/04/29 14:58:50 INFO BlockManagerInfo: Added broadcast_9_piece0 in memory on 172.18.0.5:37325 (size: 5.5 KiB, free: 366.3 MiB)
[2025-04-29T14:58:50.680+0000] {spark_submit.py:490} INFO - 25/04/29 14:58:50 INFO MapOutputTrackerMasterEndpoint: Asked to send map output locations for shuffle 5 to 172.18.0.5:37266
[2025-04-29T14:58:50.693+0000] {spark_submit.py:490} INFO - 25/04/29 14:58:50 INFO BlockManagerInfo: Removed broadcast_7_piece0 on bd05f2cbfffd:44001 in memory (size: 7.3 KiB, free: 434.4 MiB)
[2025-04-29T14:58:50.696+0000] {spark_submit.py:490} INFO - 25/04/29 14:58:50 INFO BlockManagerInfo: Removed broadcast_7_piece0 on 172.18.0.5:37325 in memory (size: 7.3 KiB, free: 366.3 MiB)
[2025-04-29T14:58:50.704+0000] {spark_submit.py:490} INFO - 25/04/29 14:58:50 INFO BlockManagerInfo: Removed broadcast_8_piece0 on bd05f2cbfffd:44001 in memory (size: 17.8 KiB, free: 434.4 MiB)
[2025-04-29T14:58:50.715+0000] {spark_submit.py:490} INFO - 25/04/29 14:58:50 INFO BlockManagerInfo: Removed broadcast_8_piece0 on 172.18.0.5:37325 in memory (size: 17.8 KiB, free: 366.3 MiB)
[2025-04-29T14:58:50.724+0000] {spark_submit.py:490} INFO - 25/04/29 14:58:50 INFO TaskSetManager: Finished task 0.0 in stage 17.0 (TID 10) in 62 ms on 172.18.0.5 (executor 0) (1/1)
[2025-04-29T14:58:50.724+0000] {spark_submit.py:490} INFO - 25/04/29 14:58:50 INFO TaskSchedulerImpl: Removed TaskSet 17.0, whose tasks have all completed, from pool
[2025-04-29T14:58:50.734+0000] {spark_submit.py:490} INFO - 25/04/29 14:58:50 INFO DAGScheduler: ResultStage 17 (count at NativeMethodAccessorImpl.java:0) finished in 0.077 s
[2025-04-29T14:58:50.734+0000] {spark_submit.py:490} INFO - 25/04/29 14:58:50 INFO DAGScheduler: Job 9 is finished. Cancelling potential speculative or zombie tasks for this job
[2025-04-29T14:58:50.734+0000] {spark_submit.py:490} INFO - 25/04/29 14:58:50 INFO TaskSchedulerImpl: Killing all running tasks in stage 17: Stage finished
[2025-04-29T14:58:50.735+0000] {spark_submit.py:490} INFO - 25/04/29 14:58:50 INFO DAGScheduler: Job 9 finished: count at NativeMethodAccessorImpl.java:0, took 0.082516 s
[2025-04-29T14:58:50.737+0000] {spark_submit.py:490} INFO - INFO:__main__:Объединение результатов выполнено, итого записей: 375
[2025-04-29T14:58:50.886+0000] {spark_submit.py:490} INFO - 25/04/29 14:58:50 INFO CodeGenerator: Code generated in 9.211752 ms
[2025-04-29T14:58:50.890+0000] {spark_submit.py:490} INFO - 25/04/29 14:58:50 INFO DAGScheduler: Registering RDD 42 (jdbc at NativeMethodAccessorImpl.java:0) as input to shuffle 6
[2025-04-29T14:58:50.891+0000] {spark_submit.py:490} INFO - 25/04/29 14:58:50 INFO DAGScheduler: Got map stage job 10 (jdbc at NativeMethodAccessorImpl.java:0) with 1 output partitions
[2025-04-29T14:58:50.891+0000] {spark_submit.py:490} INFO - 25/04/29 14:58:50 INFO DAGScheduler: Final stage: ShuffleMapStage 18 (jdbc at NativeMethodAccessorImpl.java:0)
[2025-04-29T14:58:50.891+0000] {spark_submit.py:490} INFO - 25/04/29 14:58:50 INFO DAGScheduler: Parents of final stage: List()
[2025-04-29T14:58:50.891+0000] {spark_submit.py:490} INFO - 25/04/29 14:58:50 INFO DAGScheduler: Missing parents: List()
[2025-04-29T14:58:50.891+0000] {spark_submit.py:490} INFO - 25/04/29 14:58:50 INFO DAGScheduler: Submitting ShuffleMapStage 18 (MapPartitionsRDD[42] at jdbc at NativeMethodAccessorImpl.java:0), which has no missing parents
[2025-04-29T14:58:50.898+0000] {spark_submit.py:490} INFO - 25/04/29 14:58:50 INFO MemoryStore: Block broadcast_10 stored as values in memory (estimated size 16.3 KiB, free 434.4 MiB)
[2025-04-29T14:58:50.900+0000] {spark_submit.py:490} INFO - 25/04/29 14:58:50 INFO MemoryStore: Block broadcast_10_piece0 stored as bytes in memory (estimated size 7.9 KiB, free 434.4 MiB)
[2025-04-29T14:58:50.900+0000] {spark_submit.py:490} INFO - 25/04/29 14:58:50 INFO BlockManagerInfo: Added broadcast_10_piece0 in memory on bd05f2cbfffd:44001 (size: 7.9 KiB, free: 434.4 MiB)
[2025-04-29T14:58:50.901+0000] {spark_submit.py:490} INFO - 25/04/29 14:58:50 INFO SparkContext: Created broadcast 10 from broadcast at DAGScheduler.scala:1513
[2025-04-29T14:58:50.901+0000] {spark_submit.py:490} INFO - 25/04/29 14:58:50 INFO DAGScheduler: Submitting 1 missing tasks from ShuffleMapStage 18 (MapPartitionsRDD[42] at jdbc at NativeMethodAccessorImpl.java:0) (first 15 tasks are for partitions Vector(0))
[2025-04-29T14:58:50.901+0000] {spark_submit.py:490} INFO - 25/04/29 14:58:50 INFO TaskSchedulerImpl: Adding task set 18.0 with 1 tasks resource profile 0
[2025-04-29T14:58:50.903+0000] {spark_submit.py:490} INFO - 25/04/29 14:58:50 INFO TaskSetManager: Starting task 0.0 in stage 18.0 (TID 11) (172.18.0.5, executor 0, partition 0, PROCESS_LOCAL, 4292 bytes) taskResourceAssignments Map()
[2025-04-29T14:58:50.918+0000] {spark_submit.py:490} INFO - 25/04/29 14:58:50 INFO BlockManagerInfo: Added broadcast_10_piece0 in memory on 172.18.0.5:37325 (size: 7.9 KiB, free: 366.3 MiB)
[2025-04-29T14:58:51.034+0000] {spark_submit.py:490} INFO - 25/04/29 14:58:51 INFO TaskSetManager: Finished task 0.0 in stage 18.0 (TID 11) in 132 ms on 172.18.0.5 (executor 0) (1/1)
[2025-04-29T14:58:51.035+0000] {spark_submit.py:490} INFO - 25/04/29 14:58:51 INFO TaskSchedulerImpl: Removed TaskSet 18.0, whose tasks have all completed, from pool
[2025-04-29T14:58:51.035+0000] {spark_submit.py:490} INFO - 25/04/29 14:58:51 INFO DAGScheduler: ShuffleMapStage 18 (jdbc at NativeMethodAccessorImpl.java:0) finished in 0.143 s
[2025-04-29T14:58:51.035+0000] {spark_submit.py:490} INFO - 25/04/29 14:58:51 INFO DAGScheduler: looking for newly runnable stages
[2025-04-29T14:58:51.035+0000] {spark_submit.py:490} INFO - 25/04/29 14:58:51 INFO DAGScheduler: running: Set()
[2025-04-29T14:58:51.035+0000] {spark_submit.py:490} INFO - 25/04/29 14:58:51 INFO DAGScheduler: waiting: Set()
[2025-04-29T14:58:51.035+0000] {spark_submit.py:490} INFO - 25/04/29 14:58:51 INFO DAGScheduler: failed: Set()
[2025-04-29T14:58:51.049+0000] {spark_submit.py:490} INFO - 25/04/29 14:58:51 INFO ShufflePartitionsUtil: For shuffle(6), advisory target size: 67108864, actual target size 1048576, minimum partition size: 1048576
[2025-04-29T14:58:51.073+0000] {spark_submit.py:490} INFO - 25/04/29 14:58:51 INFO CodeGenerator: Code generated in 13.607773 ms
[2025-04-29T14:58:51.096+0000] {spark_submit.py:490} INFO - 25/04/29 14:58:51 INFO CodeGenerator: Code generated in 12.351306 ms
[2025-04-29T14:58:51.148+0000] {spark_submit.py:490} INFO - 25/04/29 14:58:51 INFO SparkContext: Starting job: jdbc at NativeMethodAccessorImpl.java:0
[2025-04-29T14:58:51.149+0000] {spark_submit.py:490} INFO - 25/04/29 14:58:51 INFO DAGScheduler: Got job 11 (jdbc at NativeMethodAccessorImpl.java:0) with 2 output partitions
[2025-04-29T14:58:51.149+0000] {spark_submit.py:490} INFO - 25/04/29 14:58:51 INFO DAGScheduler: Final stage: ResultStage 20 (jdbc at NativeMethodAccessorImpl.java:0)
[2025-04-29T14:58:51.150+0000] {spark_submit.py:490} INFO - 25/04/29 14:58:51 INFO DAGScheduler: Parents of final stage: List(ShuffleMapStage 19)
[2025-04-29T14:58:51.150+0000] {spark_submit.py:490} INFO - 25/04/29 14:58:51 INFO DAGScheduler: Missing parents: List()
[2025-04-29T14:58:51.150+0000] {spark_submit.py:490} INFO - 25/04/29 14:58:51 INFO DAGScheduler: Submitting ResultStage 20 (MapPartitionsRDD[52] at jdbc at NativeMethodAccessorImpl.java:0), which has no missing parents
[2025-04-29T14:58:51.174+0000] {spark_submit.py:490} INFO - 25/04/29 14:58:51 INFO MemoryStore: Block broadcast_11 stored as values in memory (estimated size 58.9 KiB, free 434.3 MiB)
[2025-04-29T14:58:51.176+0000] {spark_submit.py:490} INFO - 25/04/29 14:58:51 INFO MemoryStore: Block broadcast_11_piece0 stored as bytes in memory (estimated size 24.0 KiB, free 434.3 MiB)
[2025-04-29T14:58:51.176+0000] {spark_submit.py:490} INFO - 25/04/29 14:58:51 INFO BlockManagerInfo: Added broadcast_11_piece0 in memory on bd05f2cbfffd:44001 (size: 24.0 KiB, free: 434.4 MiB)
[2025-04-29T14:58:51.177+0000] {spark_submit.py:490} INFO - 25/04/29 14:58:51 INFO SparkContext: Created broadcast 11 from broadcast at DAGScheduler.scala:1513
[2025-04-29T14:58:51.178+0000] {spark_submit.py:490} INFO - 25/04/29 14:58:51 INFO DAGScheduler: Submitting 2 missing tasks from ResultStage 20 (MapPartitionsRDD[52] at jdbc at NativeMethodAccessorImpl.java:0) (first 15 tasks are for partitions Vector(0, 1))
[2025-04-29T14:58:51.178+0000] {spark_submit.py:490} INFO - 25/04/29 14:58:51 INFO TaskSchedulerImpl: Adding task set 20.0 with 2 tasks resource profile 0
[2025-04-29T14:58:51.179+0000] {spark_submit.py:490} INFO - 25/04/29 14:58:51 INFO TaskSetManager: Starting task 1.0 in stage 20.0 (TID 12) (172.18.0.5, executor 0, partition 1, NODE_LOCAL, 4566 bytes) taskResourceAssignments Map()
[2025-04-29T14:58:51.194+0000] {spark_submit.py:490} INFO - 25/04/29 14:58:51 INFO BlockManagerInfo: Added broadcast_11_piece0 in memory on 172.18.0.5:37325 (size: 24.0 KiB, free: 366.3 MiB)
[2025-04-29T14:58:51.403+0000] {spark_submit.py:490} INFO - 25/04/29 14:58:51 INFO MapOutputTrackerMasterEndpoint: Asked to send map output locations for shuffle 6 to 172.18.0.5:37266
[2025-04-29T14:58:52.385+0000] {spark_submit.py:490} INFO - 25/04/29 14:58:52 INFO TaskSetManager: Starting task 0.0 in stage 20.0 (TID 13) (172.18.0.5, executor 0, partition 0, PROCESS_LOCAL, 4412 bytes) taskResourceAssignments Map()
[2025-04-29T14:58:52.387+0000] {spark_submit.py:490} INFO - 25/04/29 14:58:52 INFO TaskSetManager: Finished task 1.0 in stage 20.0 (TID 12) in 1208 ms on 172.18.0.5 (executor 0) (1/2)
[2025-04-29T14:58:52.466+0000] {spark_submit.py:490} INFO - 25/04/29 14:58:52 INFO TaskSetManager: Finished task 0.0 in stage 20.0 (TID 13) in 81 ms on 172.18.0.5 (executor 0) (2/2)
[2025-04-29T14:58:52.466+0000] {spark_submit.py:490} INFO - 25/04/29 14:58:52 INFO TaskSchedulerImpl: Removed TaskSet 20.0, whose tasks have all completed, from pool
[2025-04-29T14:58:52.467+0000] {spark_submit.py:490} INFO - 25/04/29 14:58:52 INFO DAGScheduler: ResultStage 20 (jdbc at NativeMethodAccessorImpl.java:0) finished in 1.314 s
[2025-04-29T14:58:52.467+0000] {spark_submit.py:490} INFO - 25/04/29 14:58:52 INFO DAGScheduler: Job 11 is finished. Cancelling potential speculative or zombie tasks for this job
[2025-04-29T14:58:52.468+0000] {spark_submit.py:490} INFO - 25/04/29 14:58:52 INFO TaskSchedulerImpl: Killing all running tasks in stage 20: Stage finished
[2025-04-29T14:58:52.468+0000] {spark_submit.py:490} INFO - 25/04/29 14:58:52 INFO DAGScheduler: Job 11 finished: jdbc at NativeMethodAccessorImpl.java:0, took 1.319530 s
[2025-04-29T14:58:52.483+0000] {spark_submit.py:490} INFO - INFO:__main__:Запись в mart.suspicious_transactions завершена
[2025-04-29T14:58:52.507+0000] {spark_submit.py:490} INFO - 25/04/29 14:58:52 WARN ClickHouseDriver: ******************************************************************************************
[2025-04-29T14:58:52.508+0000] {spark_submit.py:490} INFO - 25/04/29 14:58:52 WARN ClickHouseDriver: * This driver is DEPRECATED. Please use [com.clickhouse.jdbc.ClickHouseDriver] instead.  *
[2025-04-29T14:58:52.508+0000] {spark_submit.py:490} INFO - 25/04/29 14:58:52 WARN ClickHouseDriver: * Also everything in package [ru.yandex.clickhouse] will be removed starting from 0.4.0. *
[2025-04-29T14:58:52.508+0000] {spark_submit.py:490} INFO - 25/04/29 14:58:52 WARN ClickHouseDriver: ******************************************************************************************
[2025-04-29T14:58:52.716+0000] {spark_submit.py:490} INFO - 25/04/29 14:58:52 INFO BlockManagerInfo: Removed broadcast_9_piece0 on bd05f2cbfffd:44001 in memory (size: 5.5 KiB, free: 434.4 MiB)
[2025-04-29T14:58:52.718+0000] {spark_submit.py:490} INFO - 25/04/29 14:58:52 INFO BlockManagerInfo: Removed broadcast_9_piece0 on 172.18.0.5:37325 in memory (size: 5.5 KiB, free: 366.3 MiB)
[2025-04-29T14:58:52.730+0000] {spark_submit.py:490} INFO - 25/04/29 14:58:52 INFO BlockManagerInfo: Removed broadcast_11_piece0 on 172.18.0.5:37325 in memory (size: 24.0 KiB, free: 366.3 MiB)
[2025-04-29T14:58:52.730+0000] {spark_submit.py:490} INFO - 25/04/29 14:58:52 INFO BlockManagerInfo: Removed broadcast_11_piece0 on bd05f2cbfffd:44001 in memory (size: 24.0 KiB, free: 434.4 MiB)
[2025-04-29T14:58:52.736+0000] {spark_submit.py:490} INFO - 25/04/29 14:58:52 INFO BlockManagerInfo: Removed broadcast_10_piece0 on bd05f2cbfffd:44001 in memory (size: 7.9 KiB, free: 434.4 MiB)
[2025-04-29T14:58:52.738+0000] {spark_submit.py:490} INFO - 25/04/29 14:58:52 INFO BlockManagerInfo: Removed broadcast_10_piece0 on 172.18.0.5:37325 in memory (size: 7.9 KiB, free: 366.3 MiB)
[2025-04-29T14:58:52.739+0000] {spark_submit.py:490} INFO - Traceback (most recent call last):
[2025-04-29T14:58:52.739+0000] {spark_submit.py:490} INFO - File "/opt/airflow/spark/detect_suspicious.py", line 100, in <module>
[2025-04-29T14:58:52.739+0000] {spark_submit.py:490} INFO - .mode("append")
[2025-04-29T14:58:52.739+0000] {spark_submit.py:490} INFO - File "/opt/spark/python/lib/pyspark.zip/pyspark/sql/readwriter.py", line 966, in save
[2025-04-29T14:58:52.739+0000] {spark_submit.py:490} INFO - File "/opt/spark/python/lib/py4j-0.10.9.5-src.zip/py4j/java_gateway.py", line 1322, in __call__
[2025-04-29T14:58:52.739+0000] {spark_submit.py:490} INFO - File "/opt/spark/python/lib/pyspark.zip/pyspark/sql/utils.py", line 190, in deco
[2025-04-29T14:58:52.739+0000] {spark_submit.py:490} INFO - File "/opt/spark/python/lib/py4j-0.10.9.5-src.zip/py4j/protocol.py", line 328, in get_return_value
[2025-04-29T14:58:52.741+0000] {spark_submit.py:490} INFO - py4j.protocol.Py4JJavaError: An error occurred while calling o82.save.
[2025-04-29T14:58:52.741+0000] {spark_submit.py:490} INFO - : ru.yandex.clickhouse.except.ClickHouseException: ClickHouse exception, code: 119, host: clickhouse, port: 8123; Code: 119. DB::Exception: Table engine is not specified in CREATE query. (ENGINE_REQUIRED) (version 22.3.20.29 (official build))
[2025-04-29T14:58:52.741+0000] {spark_submit.py:490} INFO - 
[2025-04-29T14:58:52.741+0000] {spark_submit.py:490} INFO - at ru.yandex.clickhouse.except.ClickHouseExceptionSpecifier.specify(ClickHouseExceptionSpecifier.java:60)
[2025-04-29T14:58:52.741+0000] {spark_submit.py:490} INFO - at ru.yandex.clickhouse.except.ClickHouseExceptionSpecifier.specify(ClickHouseExceptionSpecifier.java:30)
[2025-04-29T14:58:52.742+0000] {spark_submit.py:490} INFO - at ru.yandex.clickhouse.ClickHouseStatementImpl.checkForErrorAndThrow(ClickHouseStatementImpl.java:1083)
[2025-04-29T14:58:52.742+0000] {spark_submit.py:490} INFO - at ru.yandex.clickhouse.ClickHouseStatementImpl.getInputStream(ClickHouseStatementImpl.java:770)
[2025-04-29T14:58:52.742+0000] {spark_submit.py:490} INFO - at ru.yandex.clickhouse.ClickHouseStatementImpl.getLastInputStream(ClickHouseStatementImpl.java:693)
[2025-04-29T14:58:52.742+0000] {spark_submit.py:490} INFO - at ru.yandex.clickhouse.ClickHouseStatementImpl.executeUpdate(ClickHouseStatementImpl.java:435)
[2025-04-29T14:58:52.742+0000] {spark_submit.py:490} INFO - at org.apache.spark.sql.execution.datasources.jdbc.JdbcUtils$.executeStatement(JdbcUtils.scala:1060)
[2025-04-29T14:58:52.742+0000] {spark_submit.py:490} INFO - at org.apache.spark.sql.execution.datasources.jdbc.JdbcUtils$.createTable(JdbcUtils.scala:890)
[2025-04-29T14:58:52.743+0000] {spark_submit.py:490} INFO - at org.apache.spark.sql.execution.datasources.jdbc.JdbcRelationProvider.createRelation(JdbcRelationProvider.scala:81)
[2025-04-29T14:58:52.743+0000] {spark_submit.py:490} INFO - at org.apache.spark.sql.execution.datasources.SaveIntoDataSourceCommand.run(SaveIntoDataSourceCommand.scala:45)
[2025-04-29T14:58:52.743+0000] {spark_submit.py:490} INFO - at org.apache.spark.sql.execution.command.ExecutedCommandExec.sideEffectResult$lzycompute(commands.scala:75)
[2025-04-29T14:58:52.743+0000] {spark_submit.py:490} INFO - at org.apache.spark.sql.execution.command.ExecutedCommandExec.sideEffectResult(commands.scala:73)
[2025-04-29T14:58:52.743+0000] {spark_submit.py:490} INFO - at org.apache.spark.sql.execution.command.ExecutedCommandExec.executeCollect(commands.scala:84)
[2025-04-29T14:58:52.743+0000] {spark_submit.py:490} INFO - at org.apache.spark.sql.execution.QueryExecution$$anonfun$eagerlyExecuteCommands$1.$anonfun$applyOrElse$1(QueryExecution.scala:98)
[2025-04-29T14:58:52.744+0000] {spark_submit.py:490} INFO - at org.apache.spark.sql.execution.SQLExecution$.$anonfun$withNewExecutionId$6(SQLExecution.scala:109)
[2025-04-29T14:58:52.744+0000] {spark_submit.py:490} INFO - at org.apache.spark.sql.execution.SQLExecution$.withSQLConfPropagated(SQLExecution.scala:169)
[2025-04-29T14:58:52.744+0000] {spark_submit.py:490} INFO - at org.apache.spark.sql.execution.SQLExecution$.$anonfun$withNewExecutionId$1(SQLExecution.scala:95)
[2025-04-29T14:58:52.744+0000] {spark_submit.py:490} INFO - at org.apache.spark.sql.SparkSession.withActive(SparkSession.scala:779)
[2025-04-29T14:58:52.744+0000] {spark_submit.py:490} INFO - at org.apache.spark.sql.execution.SQLExecution$.withNewExecutionId(SQLExecution.scala:64)
[2025-04-29T14:58:52.744+0000] {spark_submit.py:490} INFO - at org.apache.spark.sql.execution.QueryExecution$$anonfun$eagerlyExecuteCommands$1.applyOrElse(QueryExecution.scala:98)
[2025-04-29T14:58:52.744+0000] {spark_submit.py:490} INFO - at org.apache.spark.sql.execution.QueryExecution$$anonfun$eagerlyExecuteCommands$1.applyOrElse(QueryExecution.scala:94)
[2025-04-29T14:58:52.744+0000] {spark_submit.py:490} INFO - at org.apache.spark.sql.catalyst.trees.TreeNode.$anonfun$transformDownWithPruning$1(TreeNode.scala:584)
[2025-04-29T14:58:52.744+0000] {spark_submit.py:490} INFO - at org.apache.spark.sql.catalyst.trees.CurrentOrigin$.withOrigin(TreeNode.scala:176)
[2025-04-29T14:58:52.744+0000] {spark_submit.py:490} INFO - at org.apache.spark.sql.catalyst.trees.TreeNode.transformDownWithPruning(TreeNode.scala:584)
[2025-04-29T14:58:52.744+0000] {spark_submit.py:490} INFO - at org.apache.spark.sql.catalyst.plans.logical.LogicalPlan.org$apache$spark$sql$catalyst$plans$logical$AnalysisHelper$$super$transformDownWithPruning(LogicalPlan.scala:30)
[2025-04-29T14:58:52.744+0000] {spark_submit.py:490} INFO - at org.apache.spark.sql.catalyst.plans.logical.AnalysisHelper.transformDownWithPruning(AnalysisHelper.scala:267)
[2025-04-29T14:58:52.744+0000] {spark_submit.py:490} INFO - at org.apache.spark.sql.catalyst.plans.logical.AnalysisHelper.transformDownWithPruning$(AnalysisHelper.scala:263)
[2025-04-29T14:58:52.744+0000] {spark_submit.py:490} INFO - at org.apache.spark.sql.catalyst.plans.logical.LogicalPlan.transformDownWithPruning(LogicalPlan.scala:30)
[2025-04-29T14:58:52.744+0000] {spark_submit.py:490} INFO - at org.apache.spark.sql.catalyst.plans.logical.LogicalPlan.transformDownWithPruning(LogicalPlan.scala:30)
[2025-04-29T14:58:52.744+0000] {spark_submit.py:490} INFO - at org.apache.spark.sql.catalyst.trees.TreeNode.transformDown(TreeNode.scala:560)
[2025-04-29T14:58:52.745+0000] {spark_submit.py:490} INFO - at org.apache.spark.sql.execution.QueryExecution.eagerlyExecuteCommands(QueryExecution.scala:94)
[2025-04-29T14:58:52.745+0000] {spark_submit.py:490} INFO - at org.apache.spark.sql.execution.QueryExecution.commandExecuted$lzycompute(QueryExecution.scala:81)
[2025-04-29T14:58:52.745+0000] {spark_submit.py:490} INFO - at org.apache.spark.sql.execution.QueryExecution.commandExecuted(QueryExecution.scala:79)
[2025-04-29T14:58:52.745+0000] {spark_submit.py:490} INFO - at org.apache.spark.sql.execution.QueryExecution.assertCommandExecuted(QueryExecution.scala:116)
[2025-04-29T14:58:52.745+0000] {spark_submit.py:490} INFO - at org.apache.spark.sql.DataFrameWriter.runCommand(DataFrameWriter.scala:860)
[2025-04-29T14:58:52.745+0000] {spark_submit.py:490} INFO - at org.apache.spark.sql.DataFrameWriter.saveToV1Source(DataFrameWriter.scala:390)
[2025-04-29T14:58:52.745+0000] {spark_submit.py:490} INFO - at org.apache.spark.sql.DataFrameWriter.saveInternal(DataFrameWriter.scala:363)
[2025-04-29T14:58:52.745+0000] {spark_submit.py:490} INFO - at org.apache.spark.sql.DataFrameWriter.save(DataFrameWriter.scala:247)
[2025-04-29T14:58:52.745+0000] {spark_submit.py:490} INFO - at java.base/jdk.internal.reflect.NativeMethodAccessorImpl.invoke0(Native Method)
[2025-04-29T14:58:52.745+0000] {spark_submit.py:490} INFO - at java.base/jdk.internal.reflect.NativeMethodAccessorImpl.invoke(NativeMethodAccessorImpl.java:62)
[2025-04-29T14:58:52.745+0000] {spark_submit.py:490} INFO - at java.base/jdk.internal.reflect.DelegatingMethodAccessorImpl.invoke(DelegatingMethodAccessorImpl.java:43)
[2025-04-29T14:58:52.745+0000] {spark_submit.py:490} INFO - at java.base/java.lang.reflect.Method.invoke(Method.java:566)
[2025-04-29T14:58:52.745+0000] {spark_submit.py:490} INFO - at py4j.reflection.MethodInvoker.invoke(MethodInvoker.java:244)
[2025-04-29T14:58:52.746+0000] {spark_submit.py:490} INFO - at py4j.reflection.ReflectionEngine.invoke(ReflectionEngine.java:357)
[2025-04-29T14:58:52.746+0000] {spark_submit.py:490} INFO - at py4j.Gateway.invoke(Gateway.java:282)
[2025-04-29T14:58:52.746+0000] {spark_submit.py:490} INFO - at py4j.commands.AbstractCommand.invokeMethod(AbstractCommand.java:132)
[2025-04-29T14:58:52.746+0000] {spark_submit.py:490} INFO - at py4j.commands.CallCommand.execute(CallCommand.java:79)
[2025-04-29T14:58:52.746+0000] {spark_submit.py:490} INFO - at py4j.ClientServerConnection.waitForCommands(ClientServerConnection.java:182)
[2025-04-29T14:58:52.746+0000] {spark_submit.py:490} INFO - at py4j.ClientServerConnection.run(ClientServerConnection.java:106)
[2025-04-29T14:58:52.746+0000] {spark_submit.py:490} INFO - at java.base/java.lang.Thread.run(Thread.java:829)
[2025-04-29T14:58:52.746+0000] {spark_submit.py:490} INFO - Caused by: java.lang.Throwable: Code: 119. DB::Exception: Table engine is not specified in CREATE query. (ENGINE_REQUIRED) (version 22.3.20.29 (official build))
[2025-04-29T14:58:52.746+0000] {spark_submit.py:490} INFO - 
[2025-04-29T14:58:52.746+0000] {spark_submit.py:490} INFO - at ru.yandex.clickhouse.except.ClickHouseExceptionSpecifier.specify(ClickHouseExceptionSpecifier.java:55)
[2025-04-29T14:58:52.746+0000] {spark_submit.py:490} INFO - ... 49 more
[2025-04-29T14:58:52.747+0000] {spark_submit.py:490} INFO - 
[2025-04-29T14:58:52.768+0000] {spark_submit.py:490} INFO - 25/04/29 14:58:52 INFO SparkContext: Invoking stop() from shutdown hook
[2025-04-29T14:58:52.775+0000] {spark_submit.py:490} INFO - 25/04/29 14:58:52 INFO SparkUI: Stopped Spark web UI at http://bd05f2cbfffd:4040
[2025-04-29T14:58:52.777+0000] {spark_submit.py:490} INFO - 25/04/29 14:58:52 INFO StandaloneSchedulerBackend: Shutting down all executors
[2025-04-29T14:58:52.778+0000] {spark_submit.py:490} INFO - 25/04/29 14:58:52 INFO CoarseGrainedSchedulerBackend$DriverEndpoint: Asking each executor to shut down
[2025-04-29T14:58:52.793+0000] {spark_submit.py:490} INFO - 25/04/29 14:58:52 INFO MapOutputTrackerMasterEndpoint: MapOutputTrackerMasterEndpoint stopped!
[2025-04-29T14:58:52.805+0000] {spark_submit.py:490} INFO - 25/04/29 14:58:52 INFO MemoryStore: MemoryStore cleared
[2025-04-29T14:58:52.805+0000] {spark_submit.py:490} INFO - 25/04/29 14:58:52 INFO BlockManager: BlockManager stopped
[2025-04-29T14:58:52.811+0000] {spark_submit.py:490} INFO - 25/04/29 14:58:52 INFO BlockManagerMaster: BlockManagerMaster stopped
[2025-04-29T14:58:52.818+0000] {spark_submit.py:490} INFO - 25/04/29 14:58:52 INFO OutputCommitCoordinator$OutputCommitCoordinatorEndpoint: OutputCommitCoordinator stopped!
[2025-04-29T14:58:52.824+0000] {spark_submit.py:490} INFO - 25/04/29 14:58:52 INFO SparkContext: Successfully stopped SparkContext
[2025-04-29T14:58:52.824+0000] {spark_submit.py:490} INFO - 25/04/29 14:58:52 INFO ShutdownHookManager: Shutdown hook called
[2025-04-29T14:58:52.824+0000] {spark_submit.py:490} INFO - 25/04/29 14:58:52 INFO ShutdownHookManager: Deleting directory /tmp/spark-42c8f513-545e-441a-8e54-a462177805e0
[2025-04-29T14:58:52.827+0000] {spark_submit.py:490} INFO - 25/04/29 14:58:52 INFO ShutdownHookManager: Deleting directory /tmp/spark-beaa2600-9fd4-4e40-a2b1-f032a4318e67/pyspark-592d95de-4477-49e1-b047-0f013887b240
[2025-04-29T14:58:52.830+0000] {spark_submit.py:490} INFO - 25/04/29 14:58:52 INFO ShutdownHookManager: Deleting directory /tmp/spark-beaa2600-9fd4-4e40-a2b1-f032a4318e67
[2025-04-29T14:58:52.894+0000] {taskinstance.py:1824} ERROR - Task failed with exception
Traceback (most recent call last):
  File "/home/airflow/.local/lib/python3.7/site-packages/airflow/providers/apache/spark/operators/spark_submit.py", line 157, in execute
    self._hook.submit(self._application)
  File "/home/airflow/.local/lib/python3.7/site-packages/airflow/providers/apache/spark/hooks/spark_submit.py", line 422, in submit
    f"Cannot execute: {self._mask_cmd(spark_submit_cmd)}. Error code is: {returncode}."
airflow.exceptions.AirflowException: Cannot execute: spark-submit --master spark://spark-master:7077 --packages org.postgresql:postgresql:42.6.0,ru.yandex.clickhouse:clickhouse-jdbc:0.3.2 --executor-cores 1 --executor-memory 1g --driver-memory 1g --name arrow-spark /opt/airflow/spark/detect_suspicious.py --jdbc jdbc:postgresql://postgres:5432/finbest --clickhouse-url jdbc:clickhouse://clickhouse:8123/finbest. Error code is: 1.
[2025-04-29T14:58:52.899+0000] {taskinstance.py:1350} INFO - Marking task as FAILED. dag_id=transform, task_id=detect_suspicious, execution_date=20250429T145712, start_date=20250429T145838, end_date=20250429T145852
[2025-04-29T14:58:52.912+0000] {standard_task_runner.py:109} ERROR - Failed to execute job 39 for task detect_suspicious (Cannot execute: spark-submit --master spark://spark-master:7077 --packages org.postgresql:postgresql:42.6.0,ru.yandex.clickhouse:clickhouse-jdbc:0.3.2 --executor-cores 1 --executor-memory 1g --driver-memory 1g --name arrow-spark /opt/airflow/spark/detect_suspicious.py --jdbc jdbc:postgresql://postgres:5432/finbest --clickhouse-url jdbc:clickhouse://clickhouse:8123/finbest. Error code is: 1.; 8857)
[2025-04-29T14:58:52.950+0000] {local_task_job_runner.py:225} INFO - Task exited with return code 1
[2025-04-29T14:58:53.053+0000] {taskinstance.py:2653} INFO - 0 downstream tasks scheduled from follow-on schedule check
