[2025-04-27T04:53:15.184+0000] {taskinstance.py:1103} INFO - Dependencies all met for dep_context=non-requeueable deps ti=<TaskInstance: transform.detect_suspicious manual__2025-04-27T04:53:04.281426+00:00 [queued]>
[2025-04-27T04:53:15.190+0000] {taskinstance.py:1103} INFO - Dependencies all met for dep_context=requeueable deps ti=<TaskInstance: transform.detect_suspicious manual__2025-04-27T04:53:04.281426+00:00 [queued]>
[2025-04-27T04:53:15.191+0000] {taskinstance.py:1308} INFO - Starting attempt 1 of 2
[2025-04-27T04:53:15.202+0000] {taskinstance.py:1327} INFO - Executing <Task(SparkSubmitOperator): detect_suspicious> on 2025-04-27 04:53:04.281426+00:00
[2025-04-27T04:53:15.205+0000] {standard_task_runner.py:57} INFO - Started process 108 to run task
[2025-04-27T04:53:15.208+0000] {standard_task_runner.py:84} INFO - Running: ['airflow', 'tasks', 'run', 'transform', 'detect_suspicious', 'manual__2025-04-27T04:53:04.281426+00:00', '--job-id', '46', '--raw', '--subdir', 'DAGS_FOLDER/transform.py', '--cfg-path', '/tmp/tmpy8arf7c8']
[2025-04-27T04:53:15.209+0000] {standard_task_runner.py:85} INFO - Job 46: Subtask detect_suspicious
[2025-04-27T04:53:15.250+0000] {task_command.py:410} INFO - Running <TaskInstance: transform.detect_suspicious manual__2025-04-27T04:53:04.281426+00:00 [running]> on host d62224dee4c6
[2025-04-27T04:53:15.406+0000] {taskinstance.py:1547} INFO - Exporting env vars: AIRFLOW_CTX_DAG_OWNER='finbest' AIRFLOW_CTX_DAG_ID='transform' AIRFLOW_CTX_TASK_ID='detect_suspicious' AIRFLOW_CTX_EXECUTION_DATE='2025-04-27T04:53:04.281426+00:00' AIRFLOW_CTX_TRY_NUMBER='1' AIRFLOW_CTX_DAG_RUN_ID='manual__2025-04-27T04:53:04.281426+00:00'
[2025-04-27T04:53:15.416+0000] {base.py:73} INFO - Using connection ID 'spark_default' for task execution.
[2025-04-27T04:53:15.416+0000] {spark_submit.py:339} INFO - Spark-Submit cmd: spark-submit --master spark://spark-master:7077 --executor-cores 2 --executor-memory 2g --driver-memory 1g --name arrow-spark /opt/airflow/spark/detect_suspicious.py --jdbc jdbc:postgresql://postgres:5432/finbest --clickhouse-url jdbc:clickhouse://clickhouse:8123/finbest
[2025-04-27T04:53:15.431+0000] {spark_submit.py:490} INFO - /home/airflow/.local/bin/spark-submit: line 27: /opt/spark/bin/spark-class: No such file or directory
[2025-04-27T04:53:15.443+0000] {taskinstance.py:1824} ERROR - Task failed with exception
Traceback (most recent call last):
  File "/home/airflow/.local/lib/python3.7/site-packages/airflow/providers/apache/spark/operators/spark_submit.py", line 157, in execute
    self._hook.submit(self._application)
  File "/home/airflow/.local/lib/python3.7/site-packages/airflow/providers/apache/spark/hooks/spark_submit.py", line 422, in submit
    f"Cannot execute: {self._mask_cmd(spark_submit_cmd)}. Error code is: {returncode}."
airflow.exceptions.AirflowException: Cannot execute: spark-submit --master spark://spark-master:7077 --executor-cores 2 --executor-memory 2g --driver-memory 1g --name arrow-spark /opt/airflow/spark/detect_suspicious.py --jdbc jdbc:postgresql://postgres:5432/finbest --clickhouse-url jdbc:clickhouse://clickhouse:8123/finbest. Error code is: 127.
[2025-04-27T04:53:15.446+0000] {taskinstance.py:1350} INFO - Marking task as UP_FOR_RETRY. dag_id=transform, task_id=detect_suspicious, execution_date=20250427T045304, start_date=20250427T045315, end_date=20250427T045315
[2025-04-27T04:53:15.455+0000] {standard_task_runner.py:109} ERROR - Failed to execute job 46 for task detect_suspicious (Cannot execute: spark-submit --master spark://spark-master:7077 --executor-cores 2 --executor-memory 2g --driver-memory 1g --name arrow-spark /opt/airflow/spark/detect_suspicious.py --jdbc jdbc:postgresql://postgres:5432/finbest --clickhouse-url jdbc:clickhouse://clickhouse:8123/finbest. Error code is: 127.; 108)
[2025-04-27T04:53:15.500+0000] {local_task_job_runner.py:225} INFO - Task exited with return code 1
[2025-04-27T04:53:15.523+0000] {taskinstance.py:2653} INFO - 0 downstream tasks scheduled from follow-on schedule check
