[2025-04-27T12:05:06.387+0000] {taskinstance.py:1103} INFO - Dependencies all met for dep_context=non-requeueable deps ti=<TaskInstance: transform.detect_suspicious manual__2025-04-27T12:04:57.121963+00:00 [queued]>
[2025-04-27T12:05:06.393+0000] {taskinstance.py:1103} INFO - Dependencies all met for dep_context=requeueable deps ti=<TaskInstance: transform.detect_suspicious manual__2025-04-27T12:04:57.121963+00:00 [queued]>
[2025-04-27T12:05:06.393+0000] {taskinstance.py:1308} INFO - Starting attempt 1 of 2
[2025-04-27T12:05:06.404+0000] {taskinstance.py:1327} INFO - Executing <Task(SparkSubmitOperator): detect_suspicious> on 2025-04-27 12:04:57.121963+00:00
[2025-04-27T12:05:06.408+0000] {standard_task_runner.py:57} INFO - Started process 1488 to run task
[2025-04-27T12:05:06.411+0000] {standard_task_runner.py:84} INFO - Running: ['airflow', 'tasks', 'run', 'transform', 'detect_suspicious', 'manual__2025-04-27T12:04:57.121963+00:00', '--job-id', '77', '--raw', '--subdir', 'DAGS_FOLDER/transform.py', '--cfg-path', '/tmp/tmpvo3visau']
[2025-04-27T12:05:06.412+0000] {standard_task_runner.py:85} INFO - Job 77: Subtask detect_suspicious
[2025-04-27T12:05:06.453+0000] {task_command.py:410} INFO - Running <TaskInstance: transform.detect_suspicious manual__2025-04-27T12:04:57.121963+00:00 [running]> on host 6780dda4d52a
[2025-04-27T12:05:06.616+0000] {taskinstance.py:1547} INFO - Exporting env vars: AIRFLOW_CTX_DAG_OWNER='finbest' AIRFLOW_CTX_DAG_ID='transform' AIRFLOW_CTX_TASK_ID='detect_suspicious' AIRFLOW_CTX_EXECUTION_DATE='2025-04-27T12:04:57.121963+00:00' AIRFLOW_CTX_TRY_NUMBER='1' AIRFLOW_CTX_DAG_RUN_ID='manual__2025-04-27T12:04:57.121963+00:00'
[2025-04-27T12:05:06.623+0000] {base.py:73} INFO - Using connection ID 'spark_default' for task execution.
[2025-04-27T12:05:06.624+0000] {spark_submit.py:339} INFO - Spark-Submit cmd: spark-submit --master spark://spark-master:7077 --packages org.postgresql:postgresql:42.6.0,ru.yandex.clickhouse:clickhouse-jdbc:0.3.2 --executor-cores 1 --executor-memory 1g --driver-memory 1g --name arrow-spark /opt/airflow/spark/detect_suspicious.py --jdbc jdbc:postgresql://postgres:5432/finbest --clickhouse-url jdbc:clickhouse://clickhouse:8123/finbest
[2025-04-27T12:05:07.893+0000] {spark_submit.py:490} INFO - :: loading settings :: url = jar:file:/opt/spark/jars/ivy-2.5.0.jar!/org/apache/ivy/core/settings/ivysettings.xml
[2025-04-27T12:05:07.977+0000] {spark_submit.py:490} INFO - Ivy Default Cache set to: /home/airflow/.ivy2/cache
[2025-04-27T12:05:07.977+0000] {spark_submit.py:490} INFO - The jars for the packages stored in: /home/airflow/.ivy2/jars
[2025-04-27T12:05:07.983+0000] {spark_submit.py:490} INFO - org.postgresql#postgresql added as a dependency
[2025-04-27T12:05:07.983+0000] {spark_submit.py:490} INFO - ru.yandex.clickhouse#clickhouse-jdbc added as a dependency
[2025-04-27T12:05:07.984+0000] {spark_submit.py:490} INFO - :: resolving dependencies :: org.apache.spark#spark-submit-parent-bc38275f-b05e-492e-801f-04300f162c6a;1.0
[2025-04-27T12:05:07.984+0000] {spark_submit.py:490} INFO - confs: [default]
[2025-04-27T12:05:08.053+0000] {spark_submit.py:490} INFO - found org.postgresql#postgresql;42.6.0 in central
[2025-04-27T12:05:08.073+0000] {spark_submit.py:490} INFO - found org.checkerframework#checker-qual;3.31.0 in central
[2025-04-27T12:05:08.091+0000] {spark_submit.py:490} INFO - found ru.yandex.clickhouse#clickhouse-jdbc;0.3.2 in central
[2025-04-27T12:05:08.114+0000] {spark_submit.py:490} INFO - found com.clickhouse#clickhouse-http-client;0.3.2 in central
[2025-04-27T12:05:08.132+0000] {spark_submit.py:490} INFO - found com.clickhouse#clickhouse-client;0.3.2 in central
[2025-04-27T12:05:08.151+0000] {spark_submit.py:490} INFO - found org.lz4#lz4-java;1.8.0 in central
[2025-04-27T12:05:08.173+0000] {spark_submit.py:490} INFO - found com.google.code.gson#gson;2.8.8 in central
[2025-04-27T12:05:08.193+0000] {spark_submit.py:490} INFO - found org.apache.httpcomponents#httpclient;4.5.13 in central
[2025-04-27T12:05:08.210+0000] {spark_submit.py:490} INFO - found org.apache.httpcomponents#httpcore;4.4.13 in central
[2025-04-27T12:05:08.228+0000] {spark_submit.py:490} INFO - found commons-logging#commons-logging;1.2 in central
[2025-04-27T12:05:08.247+0000] {spark_submit.py:490} INFO - found commons-codec#commons-codec;1.11 in central
[2025-04-27T12:05:08.263+0000] {spark_submit.py:490} INFO - found org.apache.httpcomponents#httpmime;4.5.13 in central
[2025-04-27T12:05:08.294+0000] {spark_submit.py:490} INFO - :: resolution report :: resolve 295ms :: artifacts dl 15ms
[2025-04-27T12:05:08.295+0000] {spark_submit.py:490} INFO - :: modules in use:
[2025-04-27T12:05:08.295+0000] {spark_submit.py:490} INFO - com.clickhouse#clickhouse-client;0.3.2 from central in [default]
[2025-04-27T12:05:08.295+0000] {spark_submit.py:490} INFO - com.clickhouse#clickhouse-http-client;0.3.2 from central in [default]
[2025-04-27T12:05:08.295+0000] {spark_submit.py:490} INFO - com.google.code.gson#gson;2.8.8 from central in [default]
[2025-04-27T12:05:08.295+0000] {spark_submit.py:490} INFO - commons-codec#commons-codec;1.11 from central in [default]
[2025-04-27T12:05:08.295+0000] {spark_submit.py:490} INFO - commons-logging#commons-logging;1.2 from central in [default]
[2025-04-27T12:05:08.295+0000] {spark_submit.py:490} INFO - org.apache.httpcomponents#httpclient;4.5.13 from central in [default]
[2025-04-27T12:05:08.295+0000] {spark_submit.py:490} INFO - org.apache.httpcomponents#httpcore;4.4.13 from central in [default]
[2025-04-27T12:05:08.295+0000] {spark_submit.py:490} INFO - org.apache.httpcomponents#httpmime;4.5.13 from central in [default]
[2025-04-27T12:05:08.296+0000] {spark_submit.py:490} INFO - org.checkerframework#checker-qual;3.31.0 from central in [default]
[2025-04-27T12:05:08.296+0000] {spark_submit.py:490} INFO - org.lz4#lz4-java;1.8.0 from central in [default]
[2025-04-27T12:05:08.296+0000] {spark_submit.py:490} INFO - org.postgresql#postgresql;42.6.0 from central in [default]
[2025-04-27T12:05:08.296+0000] {spark_submit.py:490} INFO - ru.yandex.clickhouse#clickhouse-jdbc;0.3.2 from central in [default]
[2025-04-27T12:05:08.296+0000] {spark_submit.py:490} INFO - ---------------------------------------------------------------------
[2025-04-27T12:05:08.296+0000] {spark_submit.py:490} INFO - |                  |            modules            ||   artifacts   |
[2025-04-27T12:05:08.296+0000] {spark_submit.py:490} INFO - |       conf       | number| search|dwnlded|evicted|| number|dwnlded|
[2025-04-27T12:05:08.296+0000] {spark_submit.py:490} INFO - ---------------------------------------------------------------------
[2025-04-27T12:05:08.296+0000] {spark_submit.py:490} INFO - |      default     |   12  |   0   |   0   |   0   ||   12  |   0   |
[2025-04-27T12:05:08.296+0000] {spark_submit.py:490} INFO - ---------------------------------------------------------------------
[2025-04-27T12:05:08.302+0000] {spark_submit.py:490} INFO - :: retrieving :: org.apache.spark#spark-submit-parent-bc38275f-b05e-492e-801f-04300f162c6a
[2025-04-27T12:05:08.302+0000] {spark_submit.py:490} INFO - confs: [default]
[2025-04-27T12:05:08.315+0000] {spark_submit.py:490} INFO - 0 artifacts copied, 12 already retrieved (0kB/12ms)
[2025-04-27T12:05:08.611+0000] {spark_submit.py:490} INFO - 25/04/27 12:05:08 WARN NativeCodeLoader: Unable to load native-hadoop library for your platform... using builtin-java classes where applicable
[2025-04-27T12:05:09.554+0000] {spark_submit.py:490} INFO - 25/04/27 12:05:09 INFO SparkContext: Running Spark version 3.3.0
[2025-04-27T12:05:09.570+0000] {spark_submit.py:490} INFO - 25/04/27 12:05:09 INFO ResourceUtils: ==============================================================
[2025-04-27T12:05:09.570+0000] {spark_submit.py:490} INFO - 25/04/27 12:05:09 INFO ResourceUtils: No custom resources configured for spark.driver.
[2025-04-27T12:05:09.570+0000] {spark_submit.py:490} INFO - 25/04/27 12:05:09 INFO ResourceUtils: ==============================================================
[2025-04-27T12:05:09.571+0000] {spark_submit.py:490} INFO - 25/04/27 12:05:09 INFO SparkContext: Submitted application: FinBestDetect
[2025-04-27T12:05:09.587+0000] {spark_submit.py:490} INFO - 25/04/27 12:05:09 INFO ResourceProfile: Default ResourceProfile created, executor resources: Map(cores -> name: cores, amount: 1, script: , vendor: , memory -> name: memory, amount: 1024, script: , vendor: , offHeap -> name: offHeap, amount: 0, script: , vendor: ), task resources: Map(cpus -> name: cpus, amount: 1.0)
[2025-04-27T12:05:09.597+0000] {spark_submit.py:490} INFO - 25/04/27 12:05:09 INFO ResourceProfile: Limiting resource is cpus at 1 tasks per executor
[2025-04-27T12:05:09.598+0000] {spark_submit.py:490} INFO - 25/04/27 12:05:09 INFO ResourceProfileManager: Added ResourceProfile id: 0
[2025-04-27T12:05:09.638+0000] {spark_submit.py:490} INFO - 25/04/27 12:05:09 INFO SecurityManager: Changing view acls to: airflow
[2025-04-27T12:05:09.638+0000] {spark_submit.py:490} INFO - 25/04/27 12:05:09 INFO SecurityManager: Changing modify acls to: airflow
[2025-04-27T12:05:09.638+0000] {spark_submit.py:490} INFO - 25/04/27 12:05:09 INFO SecurityManager: Changing view acls groups to:
[2025-04-27T12:05:09.639+0000] {spark_submit.py:490} INFO - 25/04/27 12:05:09 INFO SecurityManager: Changing modify acls groups to:
[2025-04-27T12:05:09.639+0000] {spark_submit.py:490} INFO - 25/04/27 12:05:09 INFO SecurityManager: SecurityManager: authentication disabled; ui acls disabled; users  with view permissions: Set(airflow); groups with view permissions: Set(); users  with modify permissions: Set(airflow); groups with modify permissions: Set()
[2025-04-27T12:05:09.831+0000] {spark_submit.py:490} INFO - 25/04/27 12:05:09 INFO Utils: Successfully started service 'sparkDriver' on port 44707.
[2025-04-27T12:05:09.850+0000] {spark_submit.py:490} INFO - 25/04/27 12:05:09 INFO SparkEnv: Registering MapOutputTracker
[2025-04-27T12:05:09.873+0000] {spark_submit.py:490} INFO - 25/04/27 12:05:09 INFO SparkEnv: Registering BlockManagerMaster
[2025-04-27T12:05:09.886+0000] {spark_submit.py:490} INFO - 25/04/27 12:05:09 INFO BlockManagerMasterEndpoint: Using org.apache.spark.storage.DefaultTopologyMapper for getting topology information
[2025-04-27T12:05:09.886+0000] {spark_submit.py:490} INFO - 25/04/27 12:05:09 INFO BlockManagerMasterEndpoint: BlockManagerMasterEndpoint up
[2025-04-27T12:05:09.889+0000] {spark_submit.py:490} INFO - 25/04/27 12:05:09 INFO SparkEnv: Registering BlockManagerMasterHeartbeat
[2025-04-27T12:05:09.904+0000] {spark_submit.py:490} INFO - 25/04/27 12:05:09 INFO DiskBlockManager: Created local directory at /tmp/blockmgr-c95b7987-bc05-4915-8d34-24c68fcfe4f0
[2025-04-27T12:05:09.916+0000] {spark_submit.py:490} INFO - 25/04/27 12:05:09 INFO MemoryStore: MemoryStore started with capacity 434.4 MiB
[2025-04-27T12:05:09.927+0000] {spark_submit.py:490} INFO - 25/04/27 12:05:09 INFO SparkEnv: Registering OutputCommitCoordinator
[2025-04-27T12:05:10.068+0000] {spark_submit.py:490} INFO - 25/04/27 12:05:10 INFO Utils: Successfully started service 'SparkUI' on port 4040.
[2025-04-27T12:05:10.095+0000] {spark_submit.py:490} INFO - 25/04/27 12:05:10 INFO SparkContext: Added JAR file:///home/airflow/.ivy2/jars/org.postgresql_postgresql-42.6.0.jar at spark://6780dda4d52a:44707/jars/org.postgresql_postgresql-42.6.0.jar with timestamp 1745755509548
[2025-04-27T12:05:10.095+0000] {spark_submit.py:490} INFO - 25/04/27 12:05:10 INFO SparkContext: Added JAR file:///home/airflow/.ivy2/jars/ru.yandex.clickhouse_clickhouse-jdbc-0.3.2.jar at spark://6780dda4d52a:44707/jars/ru.yandex.clickhouse_clickhouse-jdbc-0.3.2.jar with timestamp 1745755509548
[2025-04-27T12:05:10.095+0000] {spark_submit.py:490} INFO - 25/04/27 12:05:10 INFO SparkContext: Added JAR file:///home/airflow/.ivy2/jars/org.checkerframework_checker-qual-3.31.0.jar at spark://6780dda4d52a:44707/jars/org.checkerframework_checker-qual-3.31.0.jar with timestamp 1745755509548
[2025-04-27T12:05:10.095+0000] {spark_submit.py:490} INFO - 25/04/27 12:05:10 INFO SparkContext: Added JAR file:///home/airflow/.ivy2/jars/com.clickhouse_clickhouse-http-client-0.3.2.jar at spark://6780dda4d52a:44707/jars/com.clickhouse_clickhouse-http-client-0.3.2.jar with timestamp 1745755509548
[2025-04-27T12:05:10.095+0000] {spark_submit.py:490} INFO - 25/04/27 12:05:10 INFO SparkContext: Added JAR file:///home/airflow/.ivy2/jars/com.google.code.gson_gson-2.8.8.jar at spark://6780dda4d52a:44707/jars/com.google.code.gson_gson-2.8.8.jar with timestamp 1745755509548
[2025-04-27T12:05:10.095+0000] {spark_submit.py:490} INFO - 25/04/27 12:05:10 INFO SparkContext: Added JAR file:///home/airflow/.ivy2/jars/org.apache.httpcomponents_httpclient-4.5.13.jar at spark://6780dda4d52a:44707/jars/org.apache.httpcomponents_httpclient-4.5.13.jar with timestamp 1745755509548
[2025-04-27T12:05:10.095+0000] {spark_submit.py:490} INFO - 25/04/27 12:05:10 INFO SparkContext: Added JAR file:///home/airflow/.ivy2/jars/org.apache.httpcomponents_httpmime-4.5.13.jar at spark://6780dda4d52a:44707/jars/org.apache.httpcomponents_httpmime-4.5.13.jar with timestamp 1745755509548
[2025-04-27T12:05:10.095+0000] {spark_submit.py:490} INFO - 25/04/27 12:05:10 INFO SparkContext: Added JAR file:///home/airflow/.ivy2/jars/org.lz4_lz4-java-1.8.0.jar at spark://6780dda4d52a:44707/jars/org.lz4_lz4-java-1.8.0.jar with timestamp 1745755509548
[2025-04-27T12:05:10.095+0000] {spark_submit.py:490} INFO - 25/04/27 12:05:10 INFO SparkContext: Added JAR file:///home/airflow/.ivy2/jars/com.clickhouse_clickhouse-client-0.3.2.jar at spark://6780dda4d52a:44707/jars/com.clickhouse_clickhouse-client-0.3.2.jar with timestamp 1745755509548
[2025-04-27T12:05:10.095+0000] {spark_submit.py:490} INFO - 25/04/27 12:05:10 INFO SparkContext: Added JAR file:///home/airflow/.ivy2/jars/org.apache.httpcomponents_httpcore-4.4.13.jar at spark://6780dda4d52a:44707/jars/org.apache.httpcomponents_httpcore-4.4.13.jar with timestamp 1745755509548
[2025-04-27T12:05:10.095+0000] {spark_submit.py:490} INFO - 25/04/27 12:05:10 INFO SparkContext: Added JAR file:///home/airflow/.ivy2/jars/commons-logging_commons-logging-1.2.jar at spark://6780dda4d52a:44707/jars/commons-logging_commons-logging-1.2.jar with timestamp 1745755509548
[2025-04-27T12:05:10.096+0000] {spark_submit.py:490} INFO - 25/04/27 12:05:10 INFO SparkContext: Added JAR file:///home/airflow/.ivy2/jars/commons-codec_commons-codec-1.11.jar at spark://6780dda4d52a:44707/jars/commons-codec_commons-codec-1.11.jar with timestamp 1745755509548
[2025-04-27T12:05:10.097+0000] {spark_submit.py:490} INFO - 25/04/27 12:05:10 INFO SparkContext: Added file file:///home/airflow/.ivy2/jars/org.postgresql_postgresql-42.6.0.jar at spark://6780dda4d52a:44707/files/org.postgresql_postgresql-42.6.0.jar with timestamp 1745755509548
[2025-04-27T12:05:10.098+0000] {spark_submit.py:490} INFO - 25/04/27 12:05:10 INFO Utils: Copying /home/airflow/.ivy2/jars/org.postgresql_postgresql-42.6.0.jar to /tmp/spark-9d7de46a-13dd-4d6d-bb4e-1006423c9494/userFiles-07670043-3a88-42a3-87fe-799c1a4689b5/org.postgresql_postgresql-42.6.0.jar
[2025-04-27T12:05:10.106+0000] {spark_submit.py:490} INFO - 25/04/27 12:05:10 INFO SparkContext: Added file file:///home/airflow/.ivy2/jars/ru.yandex.clickhouse_clickhouse-jdbc-0.3.2.jar at spark://6780dda4d52a:44707/files/ru.yandex.clickhouse_clickhouse-jdbc-0.3.2.jar with timestamp 1745755509548
[2025-04-27T12:05:10.106+0000] {spark_submit.py:490} INFO - 25/04/27 12:05:10 INFO Utils: Copying /home/airflow/.ivy2/jars/ru.yandex.clickhouse_clickhouse-jdbc-0.3.2.jar to /tmp/spark-9d7de46a-13dd-4d6d-bb4e-1006423c9494/userFiles-07670043-3a88-42a3-87fe-799c1a4689b5/ru.yandex.clickhouse_clickhouse-jdbc-0.3.2.jar
[2025-04-27T12:05:10.109+0000] {spark_submit.py:490} INFO - 25/04/27 12:05:10 INFO SparkContext: Added file file:///home/airflow/.ivy2/jars/org.checkerframework_checker-qual-3.31.0.jar at spark://6780dda4d52a:44707/files/org.checkerframework_checker-qual-3.31.0.jar with timestamp 1745755509548
[2025-04-27T12:05:10.109+0000] {spark_submit.py:490} INFO - 25/04/27 12:05:10 INFO Utils: Copying /home/airflow/.ivy2/jars/org.checkerframework_checker-qual-3.31.0.jar to /tmp/spark-9d7de46a-13dd-4d6d-bb4e-1006423c9494/userFiles-07670043-3a88-42a3-87fe-799c1a4689b5/org.checkerframework_checker-qual-3.31.0.jar
[2025-04-27T12:05:10.112+0000] {spark_submit.py:490} INFO - 25/04/27 12:05:10 INFO SparkContext: Added file file:///home/airflow/.ivy2/jars/com.clickhouse_clickhouse-http-client-0.3.2.jar at spark://6780dda4d52a:44707/files/com.clickhouse_clickhouse-http-client-0.3.2.jar with timestamp 1745755509548
[2025-04-27T12:05:10.112+0000] {spark_submit.py:490} INFO - 25/04/27 12:05:10 INFO Utils: Copying /home/airflow/.ivy2/jars/com.clickhouse_clickhouse-http-client-0.3.2.jar to /tmp/spark-9d7de46a-13dd-4d6d-bb4e-1006423c9494/userFiles-07670043-3a88-42a3-87fe-799c1a4689b5/com.clickhouse_clickhouse-http-client-0.3.2.jar
[2025-04-27T12:05:10.115+0000] {spark_submit.py:490} INFO - 25/04/27 12:05:10 INFO SparkContext: Added file file:///home/airflow/.ivy2/jars/com.google.code.gson_gson-2.8.8.jar at spark://6780dda4d52a:44707/files/com.google.code.gson_gson-2.8.8.jar with timestamp 1745755509548
[2025-04-27T12:05:10.115+0000] {spark_submit.py:490} INFO - 25/04/27 12:05:10 INFO Utils: Copying /home/airflow/.ivy2/jars/com.google.code.gson_gson-2.8.8.jar to /tmp/spark-9d7de46a-13dd-4d6d-bb4e-1006423c9494/userFiles-07670043-3a88-42a3-87fe-799c1a4689b5/com.google.code.gson_gson-2.8.8.jar
[2025-04-27T12:05:10.118+0000] {spark_submit.py:490} INFO - 25/04/27 12:05:10 INFO SparkContext: Added file file:///home/airflow/.ivy2/jars/org.apache.httpcomponents_httpclient-4.5.13.jar at spark://6780dda4d52a:44707/files/org.apache.httpcomponents_httpclient-4.5.13.jar with timestamp 1745755509548
[2025-04-27T12:05:10.118+0000] {spark_submit.py:490} INFO - 25/04/27 12:05:10 INFO Utils: Copying /home/airflow/.ivy2/jars/org.apache.httpcomponents_httpclient-4.5.13.jar to /tmp/spark-9d7de46a-13dd-4d6d-bb4e-1006423c9494/userFiles-07670043-3a88-42a3-87fe-799c1a4689b5/org.apache.httpcomponents_httpclient-4.5.13.jar
[2025-04-27T12:05:10.122+0000] {spark_submit.py:490} INFO - 25/04/27 12:05:10 INFO SparkContext: Added file file:///home/airflow/.ivy2/jars/org.apache.httpcomponents_httpmime-4.5.13.jar at spark://6780dda4d52a:44707/files/org.apache.httpcomponents_httpmime-4.5.13.jar with timestamp 1745755509548
[2025-04-27T12:05:10.122+0000] {spark_submit.py:490} INFO - 25/04/27 12:05:10 INFO Utils: Copying /home/airflow/.ivy2/jars/org.apache.httpcomponents_httpmime-4.5.13.jar to /tmp/spark-9d7de46a-13dd-4d6d-bb4e-1006423c9494/userFiles-07670043-3a88-42a3-87fe-799c1a4689b5/org.apache.httpcomponents_httpmime-4.5.13.jar
[2025-04-27T12:05:10.125+0000] {spark_submit.py:490} INFO - 25/04/27 12:05:10 INFO SparkContext: Added file file:///home/airflow/.ivy2/jars/org.lz4_lz4-java-1.8.0.jar at spark://6780dda4d52a:44707/files/org.lz4_lz4-java-1.8.0.jar with timestamp 1745755509548
[2025-04-27T12:05:10.125+0000] {spark_submit.py:490} INFO - 25/04/27 12:05:10 INFO Utils: Copying /home/airflow/.ivy2/jars/org.lz4_lz4-java-1.8.0.jar to /tmp/spark-9d7de46a-13dd-4d6d-bb4e-1006423c9494/userFiles-07670043-3a88-42a3-87fe-799c1a4689b5/org.lz4_lz4-java-1.8.0.jar
[2025-04-27T12:05:10.128+0000] {spark_submit.py:490} INFO - 25/04/27 12:05:10 INFO SparkContext: Added file file:///home/airflow/.ivy2/jars/com.clickhouse_clickhouse-client-0.3.2.jar at spark://6780dda4d52a:44707/files/com.clickhouse_clickhouse-client-0.3.2.jar with timestamp 1745755509548
[2025-04-27T12:05:10.128+0000] {spark_submit.py:490} INFO - 25/04/27 12:05:10 INFO Utils: Copying /home/airflow/.ivy2/jars/com.clickhouse_clickhouse-client-0.3.2.jar to /tmp/spark-9d7de46a-13dd-4d6d-bb4e-1006423c9494/userFiles-07670043-3a88-42a3-87fe-799c1a4689b5/com.clickhouse_clickhouse-client-0.3.2.jar
[2025-04-27T12:05:10.131+0000] {spark_submit.py:490} INFO - 25/04/27 12:05:10 INFO SparkContext: Added file file:///home/airflow/.ivy2/jars/org.apache.httpcomponents_httpcore-4.4.13.jar at spark://6780dda4d52a:44707/files/org.apache.httpcomponents_httpcore-4.4.13.jar with timestamp 1745755509548
[2025-04-27T12:05:10.131+0000] {spark_submit.py:490} INFO - 25/04/27 12:05:10 INFO Utils: Copying /home/airflow/.ivy2/jars/org.apache.httpcomponents_httpcore-4.4.13.jar to /tmp/spark-9d7de46a-13dd-4d6d-bb4e-1006423c9494/userFiles-07670043-3a88-42a3-87fe-799c1a4689b5/org.apache.httpcomponents_httpcore-4.4.13.jar
[2025-04-27T12:05:10.134+0000] {spark_submit.py:490} INFO - 25/04/27 12:05:10 INFO SparkContext: Added file file:///home/airflow/.ivy2/jars/commons-logging_commons-logging-1.2.jar at spark://6780dda4d52a:44707/files/commons-logging_commons-logging-1.2.jar with timestamp 1745755509548
[2025-04-27T12:05:10.135+0000] {spark_submit.py:490} INFO - 25/04/27 12:05:10 INFO Utils: Copying /home/airflow/.ivy2/jars/commons-logging_commons-logging-1.2.jar to /tmp/spark-9d7de46a-13dd-4d6d-bb4e-1006423c9494/userFiles-07670043-3a88-42a3-87fe-799c1a4689b5/commons-logging_commons-logging-1.2.jar
[2025-04-27T12:05:10.138+0000] {spark_submit.py:490} INFO - 25/04/27 12:05:10 INFO SparkContext: Added file file:///home/airflow/.ivy2/jars/commons-codec_commons-codec-1.11.jar at spark://6780dda4d52a:44707/files/commons-codec_commons-codec-1.11.jar with timestamp 1745755509548
[2025-04-27T12:05:10.138+0000] {spark_submit.py:490} INFO - 25/04/27 12:05:10 INFO Utils: Copying /home/airflow/.ivy2/jars/commons-codec_commons-codec-1.11.jar to /tmp/spark-9d7de46a-13dd-4d6d-bb4e-1006423c9494/userFiles-07670043-3a88-42a3-87fe-799c1a4689b5/commons-codec_commons-codec-1.11.jar
[2025-04-27T12:05:10.210+0000] {spark_submit.py:490} INFO - 25/04/27 12:05:10 INFO StandaloneAppClient$ClientEndpoint: Connecting to master spark://spark-master:7077...
[2025-04-27T12:05:10.241+0000] {spark_submit.py:490} INFO - 25/04/27 12:05:10 INFO TransportClientFactory: Successfully created connection to spark-master/172.18.0.2:7077 after 19 ms (0 ms spent in bootstraps)
[2025-04-27T12:05:10.302+0000] {spark_submit.py:490} INFO - 25/04/27 12:05:10 INFO StandaloneSchedulerBackend: Connected to Spark cluster with app ID app-20250427120510-0004
[2025-04-27T12:05:10.303+0000] {spark_submit.py:490} INFO - 25/04/27 12:05:10 INFO StandaloneAppClient$ClientEndpoint: Executor added: app-20250427120510-0004/0 on worker-20250427114819-172.18.0.5-35411 (172.18.0.5:35411) with 1 core(s)
[2025-04-27T12:05:10.304+0000] {spark_submit.py:490} INFO - 25/04/27 12:05:10 INFO StandaloneSchedulerBackend: Granted executor ID app-20250427120510-0004/0 on hostPort 172.18.0.5:35411 with 1 core(s), 1024.0 MiB RAM
[2025-04-27T12:05:10.306+0000] {spark_submit.py:490} INFO - 25/04/27 12:05:10 INFO Utils: Successfully started service 'org.apache.spark.network.netty.NettyBlockTransferService' on port 46703.
[2025-04-27T12:05:10.307+0000] {spark_submit.py:490} INFO - 25/04/27 12:05:10 INFO NettyBlockTransferService: Server created on 6780dda4d52a:46703
[2025-04-27T12:05:10.308+0000] {spark_submit.py:490} INFO - 25/04/27 12:05:10 INFO BlockManager: Using org.apache.spark.storage.RandomBlockReplicationPolicy for block replication policy
[2025-04-27T12:05:10.315+0000] {spark_submit.py:490} INFO - 25/04/27 12:05:10 INFO BlockManagerMaster: Registering BlockManager BlockManagerId(driver, 6780dda4d52a, 46703, None)
[2025-04-27T12:05:10.319+0000] {spark_submit.py:490} INFO - 25/04/27 12:05:10 INFO BlockManagerMasterEndpoint: Registering block manager 6780dda4d52a:46703 with 434.4 MiB RAM, BlockManagerId(driver, 6780dda4d52a, 46703, None)
[2025-04-27T12:05:10.322+0000] {spark_submit.py:490} INFO - 25/04/27 12:05:10 INFO BlockManagerMaster: Registered BlockManager BlockManagerId(driver, 6780dda4d52a, 46703, None)
[2025-04-27T12:05:10.323+0000] {spark_submit.py:490} INFO - 25/04/27 12:05:10 INFO BlockManager: Initialized BlockManager: BlockManagerId(driver, 6780dda4d52a, 46703, None)
[2025-04-27T12:05:10.325+0000] {spark_submit.py:490} INFO - 25/04/27 12:05:10 INFO StandaloneAppClient$ClientEndpoint: Executor updated: app-20250427120510-0004/0 is now RUNNING
[2025-04-27T12:05:10.457+0000] {spark_submit.py:490} INFO - 25/04/27 12:05:10 INFO StandaloneSchedulerBackend: SchedulerBackend is ready for scheduling beginning after reached minRegisteredResourcesRatio: 0.0
[2025-04-27T12:05:10.649+0000] {spark_submit.py:490} INFO - INFO:__main__:SparkSession создан
[2025-04-27T12:05:10.656+0000] {spark_submit.py:490} INFO - 25/04/27 12:05:10 INFO SharedState: Setting hive.metastore.warehouse.dir ('null') to the value of spark.sql.warehouse.dir.
[2025-04-27T12:05:10.659+0000] {spark_submit.py:490} INFO - 25/04/27 12:05:10 INFO SharedState: Warehouse path is 'file:/opt/airflow/spark-warehouse'.
[2025-04-27T12:05:12.465+0000] {spark_submit.py:490} INFO - 25/04/27 12:05:12 INFO CoarseGrainedSchedulerBackend$DriverEndpoint: Registered executor NettyRpcEndpointRef(spark-client://Executor) (172.18.0.5:43616) with ID 0,  ResourceProfileId 0
[2025-04-27T12:05:12.552+0000] {spark_submit.py:490} INFO - 25/04/27 12:05:12 INFO BlockManagerMasterEndpoint: Registering block manager 172.18.0.5:36289 with 366.3 MiB RAM, BlockManagerId(0, 172.18.0.5, 36289, None)
[2025-04-27T12:05:14.029+0000] {spark_submit.py:490} INFO - 25/04/27 12:05:14 INFO CodeGenerator: Code generated in 85.155173 ms
[2025-04-27T12:05:14.078+0000] {spark_submit.py:490} INFO - 25/04/27 12:05:14 INFO DAGScheduler: Registering RDD 2 (count at NativeMethodAccessorImpl.java:0) as input to shuffle 0
[2025-04-27T12:05:14.082+0000] {spark_submit.py:490} INFO - 25/04/27 12:05:14 INFO DAGScheduler: Got map stage job 0 (count at NativeMethodAccessorImpl.java:0) with 1 output partitions
[2025-04-27T12:05:14.082+0000] {spark_submit.py:490} INFO - 25/04/27 12:05:14 INFO DAGScheduler: Final stage: ShuffleMapStage 0 (count at NativeMethodAccessorImpl.java:0)
[2025-04-27T12:05:14.083+0000] {spark_submit.py:490} INFO - 25/04/27 12:05:14 INFO DAGScheduler: Parents of final stage: List()
[2025-04-27T12:05:14.084+0000] {spark_submit.py:490} INFO - 25/04/27 12:05:14 INFO DAGScheduler: Missing parents: List()
[2025-04-27T12:05:14.087+0000] {spark_submit.py:490} INFO - 25/04/27 12:05:14 INFO DAGScheduler: Submitting ShuffleMapStage 0 (MapPartitionsRDD[2] at count at NativeMethodAccessorImpl.java:0), which has no missing parents
[2025-04-27T12:05:14.179+0000] {spark_submit.py:490} INFO - 25/04/27 12:05:14 INFO MemoryStore: Block broadcast_0 stored as values in memory (estimated size 13.3 KiB, free 434.4 MiB)
[2025-04-27T12:05:14.200+0000] {spark_submit.py:490} INFO - 25/04/27 12:05:14 INFO MemoryStore: Block broadcast_0_piece0 stored as bytes in memory (estimated size 7.0 KiB, free 434.4 MiB)
[2025-04-27T12:05:14.202+0000] {spark_submit.py:490} INFO - 25/04/27 12:05:14 INFO BlockManagerInfo: Added broadcast_0_piece0 in memory on 6780dda4d52a:46703 (size: 7.0 KiB, free: 434.4 MiB)
[2025-04-27T12:05:14.206+0000] {spark_submit.py:490} INFO - 25/04/27 12:05:14 INFO SparkContext: Created broadcast 0 from broadcast at DAGScheduler.scala:1513
[2025-04-27T12:05:14.222+0000] {spark_submit.py:490} INFO - 25/04/27 12:05:14 INFO DAGScheduler: Submitting 1 missing tasks from ShuffleMapStage 0 (MapPartitionsRDD[2] at count at NativeMethodAccessorImpl.java:0) (first 15 tasks are for partitions Vector(0))
[2025-04-27T12:05:14.223+0000] {spark_submit.py:490} INFO - 25/04/27 12:05:14 INFO TaskSchedulerImpl: Adding task set 0.0 with 1 tasks resource profile 0
[2025-04-27T12:05:14.260+0000] {spark_submit.py:490} INFO - 25/04/27 12:05:14 INFO TaskSetManager: Starting task 0.0 in stage 0.0 (TID 0) (172.18.0.5, executor 0, partition 0, PROCESS_LOCAL, 4292 bytes) taskResourceAssignments Map()
[2025-04-27T12:05:14.436+0000] {spark_submit.py:490} INFO - 25/04/27 12:05:14 INFO BlockManagerInfo: Added broadcast_0_piece0 in memory on 172.18.0.5:36289 (size: 7.0 KiB, free: 366.3 MiB)
[2025-04-27T12:05:15.227+0000] {spark_submit.py:490} INFO - 25/04/27 12:05:15 INFO TaskSetManager: Finished task 0.0 in stage 0.0 (TID 0) in 978 ms on 172.18.0.5 (executor 0) (1/1)
[2025-04-27T12:05:15.229+0000] {spark_submit.py:490} INFO - 25/04/27 12:05:15 INFO TaskSchedulerImpl: Removed TaskSet 0.0, whose tasks have all completed, from pool
[2025-04-27T12:05:15.235+0000] {spark_submit.py:490} INFO - 25/04/27 12:05:15 INFO DAGScheduler: ShuffleMapStage 0 (count at NativeMethodAccessorImpl.java:0) finished in 1.138 s
[2025-04-27T12:05:15.235+0000] {spark_submit.py:490} INFO - 25/04/27 12:05:15 INFO DAGScheduler: looking for newly runnable stages
[2025-04-27T12:05:15.236+0000] {spark_submit.py:490} INFO - 25/04/27 12:05:15 INFO DAGScheduler: running: Set()
[2025-04-27T12:05:15.236+0000] {spark_submit.py:490} INFO - 25/04/27 12:05:15 INFO DAGScheduler: waiting: Set()
[2025-04-27T12:05:15.236+0000] {spark_submit.py:490} INFO - 25/04/27 12:05:15 INFO DAGScheduler: failed: Set()
[2025-04-27T12:05:15.266+0000] {spark_submit.py:490} INFO - 25/04/27 12:05:15 INFO CodeGenerator: Code generated in 9.565442 ms
[2025-04-27T12:05:15.295+0000] {spark_submit.py:490} INFO - 25/04/27 12:05:15 INFO SparkContext: Starting job: count at NativeMethodAccessorImpl.java:0
[2025-04-27T12:05:15.298+0000] {spark_submit.py:490} INFO - 25/04/27 12:05:15 INFO DAGScheduler: Got job 1 (count at NativeMethodAccessorImpl.java:0) with 1 output partitions
[2025-04-27T12:05:15.298+0000] {spark_submit.py:490} INFO - 25/04/27 12:05:15 INFO DAGScheduler: Final stage: ResultStage 2 (count at NativeMethodAccessorImpl.java:0)
[2025-04-27T12:05:15.299+0000] {spark_submit.py:490} INFO - 25/04/27 12:05:15 INFO DAGScheduler: Parents of final stage: List(ShuffleMapStage 1)
[2025-04-27T12:05:15.299+0000] {spark_submit.py:490} INFO - 25/04/27 12:05:15 INFO DAGScheduler: Missing parents: List()
[2025-04-27T12:05:15.301+0000] {spark_submit.py:490} INFO - 25/04/27 12:05:15 INFO DAGScheduler: Submitting ResultStage 2 (MapPartitionsRDD[5] at count at NativeMethodAccessorImpl.java:0), which has no missing parents
[2025-04-27T12:05:15.311+0000] {spark_submit.py:490} INFO - 25/04/27 12:05:15 INFO MemoryStore: Block broadcast_1 stored as values in memory (estimated size 11.1 KiB, free 434.4 MiB)
[2025-04-27T12:05:15.314+0000] {spark_submit.py:490} INFO - 25/04/27 12:05:15 INFO MemoryStore: Block broadcast_1_piece0 stored as bytes in memory (estimated size 5.5 KiB, free 434.4 MiB)
[2025-04-27T12:05:15.315+0000] {spark_submit.py:490} INFO - 25/04/27 12:05:15 INFO BlockManagerInfo: Added broadcast_1_piece0 in memory on 6780dda4d52a:46703 (size: 5.5 KiB, free: 434.4 MiB)
[2025-04-27T12:05:15.315+0000] {spark_submit.py:490} INFO - 25/04/27 12:05:15 INFO SparkContext: Created broadcast 1 from broadcast at DAGScheduler.scala:1513
[2025-04-27T12:05:15.317+0000] {spark_submit.py:490} INFO - 25/04/27 12:05:15 INFO DAGScheduler: Submitting 1 missing tasks from ResultStage 2 (MapPartitionsRDD[5] at count at NativeMethodAccessorImpl.java:0) (first 15 tasks are for partitions Vector(0))
[2025-04-27T12:05:15.317+0000] {spark_submit.py:490} INFO - 25/04/27 12:05:15 INFO TaskSchedulerImpl: Adding task set 2.0 with 1 tasks resource profile 0
[2025-04-27T12:05:15.323+0000] {spark_submit.py:490} INFO - 25/04/27 12:05:15 INFO TaskSetManager: Starting task 0.0 in stage 2.0 (TID 1) (172.18.0.5, executor 0, partition 0, NODE_LOCAL, 4457 bytes) taskResourceAssignments Map()
[2025-04-27T12:05:15.340+0000] {spark_submit.py:490} INFO - 25/04/27 12:05:15 INFO BlockManagerInfo: Added broadcast_1_piece0 in memory on 172.18.0.5:36289 (size: 5.5 KiB, free: 366.3 MiB)
[2025-04-27T12:05:15.428+0000] {spark_submit.py:490} INFO - 25/04/27 12:05:15 INFO MapOutputTrackerMasterEndpoint: Asked to send map output locations for shuffle 0 to 172.18.0.5:43616
[2025-04-27T12:05:15.662+0000] {spark_submit.py:490} INFO - 25/04/27 12:05:15 INFO TaskSetManager: Finished task 0.0 in stage 2.0 (TID 1) in 341 ms on 172.18.0.5 (executor 0) (1/1)
[2025-04-27T12:05:15.663+0000] {spark_submit.py:490} INFO - 25/04/27 12:05:15 INFO TaskSchedulerImpl: Removed TaskSet 2.0, whose tasks have all completed, from pool
[2025-04-27T12:05:15.664+0000] {spark_submit.py:490} INFO - 25/04/27 12:05:15 INFO DAGScheduler: ResultStage 2 (count at NativeMethodAccessorImpl.java:0) finished in 0.355 s
[2025-04-27T12:05:15.665+0000] {spark_submit.py:490} INFO - 25/04/27 12:05:15 INFO DAGScheduler: Job 1 is finished. Cancelling potential speculative or zombie tasks for this job
[2025-04-27T12:05:15.666+0000] {spark_submit.py:490} INFO - 25/04/27 12:05:15 INFO TaskSchedulerImpl: Killing all running tasks in stage 2: Stage finished
[2025-04-27T12:05:15.667+0000] {spark_submit.py:490} INFO - 25/04/27 12:05:15 INFO DAGScheduler: Job 1 finished: count at NativeMethodAccessorImpl.java:0, took 0.371729 s
[2025-04-27T12:05:15.673+0000] {spark_submit.py:490} INFO - INFO:__main__:Таблица raw.masked_transactions загружена, записей: 1000
[2025-04-27T12:05:15.794+0000] {spark_submit.py:490} INFO - 25/04/27 12:05:15 INFO DAGScheduler: Registering RDD 8 (count at NativeMethodAccessorImpl.java:0) as input to shuffle 1
[2025-04-27T12:05:15.794+0000] {spark_submit.py:490} INFO - 25/04/27 12:05:15 INFO DAGScheduler: Got map stage job 2 (count at NativeMethodAccessorImpl.java:0) with 1 output partitions
[2025-04-27T12:05:15.794+0000] {spark_submit.py:490} INFO - 25/04/27 12:05:15 INFO DAGScheduler: Final stage: ShuffleMapStage 3 (count at NativeMethodAccessorImpl.java:0)
[2025-04-27T12:05:15.794+0000] {spark_submit.py:490} INFO - 25/04/27 12:05:15 INFO DAGScheduler: Parents of final stage: List()
[2025-04-27T12:05:15.794+0000] {spark_submit.py:490} INFO - 25/04/27 12:05:15 INFO DAGScheduler: Missing parents: List()
[2025-04-27T12:05:15.795+0000] {spark_submit.py:490} INFO - 25/04/27 12:05:15 INFO DAGScheduler: Submitting ShuffleMapStage 3 (MapPartitionsRDD[8] at count at NativeMethodAccessorImpl.java:0), which has no missing parents
[2025-04-27T12:05:15.798+0000] {spark_submit.py:490} INFO - 25/04/27 12:05:15 INFO MemoryStore: Block broadcast_2 stored as values in memory (estimated size 13.4 KiB, free 434.4 MiB)
[2025-04-27T12:05:15.799+0000] {spark_submit.py:490} INFO - 25/04/27 12:05:15 INFO MemoryStore: Block broadcast_2_piece0 stored as bytes in memory (estimated size 7.0 KiB, free 434.3 MiB)
[2025-04-27T12:05:15.800+0000] {spark_submit.py:490} INFO - 25/04/27 12:05:15 INFO BlockManagerInfo: Added broadcast_2_piece0 in memory on 6780dda4d52a:46703 (size: 7.0 KiB, free: 434.4 MiB)
[2025-04-27T12:05:15.801+0000] {spark_submit.py:490} INFO - 25/04/27 12:05:15 INFO SparkContext: Created broadcast 2 from broadcast at DAGScheduler.scala:1513
[2025-04-27T12:05:15.802+0000] {spark_submit.py:490} INFO - 25/04/27 12:05:15 INFO DAGScheduler: Submitting 1 missing tasks from ShuffleMapStage 3 (MapPartitionsRDD[8] at count at NativeMethodAccessorImpl.java:0) (first 15 tasks are for partitions Vector(0))
[2025-04-27T12:05:15.802+0000] {spark_submit.py:490} INFO - 25/04/27 12:05:15 INFO TaskSchedulerImpl: Adding task set 3.0 with 1 tasks resource profile 0
[2025-04-27T12:05:15.804+0000] {spark_submit.py:490} INFO - 25/04/27 12:05:15 INFO TaskSetManager: Starting task 0.0 in stage 3.0 (TID 2) (172.18.0.5, executor 0, partition 0, PROCESS_LOCAL, 4292 bytes) taskResourceAssignments Map()
[2025-04-27T12:05:15.819+0000] {spark_submit.py:490} INFO - 25/04/27 12:05:15 INFO BlockManagerInfo: Added broadcast_2_piece0 in memory on 172.18.0.5:36289 (size: 7.0 KiB, free: 366.3 MiB)
[2025-04-27T12:05:15.854+0000] {spark_submit.py:490} INFO - 25/04/27 12:05:15 INFO TaskSetManager: Finished task 0.0 in stage 3.0 (TID 2) in 51 ms on 172.18.0.5 (executor 0) (1/1)
[2025-04-27T12:05:15.854+0000] {spark_submit.py:490} INFO - 25/04/27 12:05:15 INFO TaskSchedulerImpl: Removed TaskSet 3.0, whose tasks have all completed, from pool
[2025-04-27T12:05:15.855+0000] {spark_submit.py:490} INFO - 25/04/27 12:05:15 INFO DAGScheduler: ShuffleMapStage 3 (count at NativeMethodAccessorImpl.java:0) finished in 0.059 s
[2025-04-27T12:05:15.856+0000] {spark_submit.py:490} INFO - 25/04/27 12:05:15 INFO DAGScheduler: looking for newly runnable stages
[2025-04-27T12:05:15.856+0000] {spark_submit.py:490} INFO - 25/04/27 12:05:15 INFO DAGScheduler: running: Set()
[2025-04-27T12:05:15.856+0000] {spark_submit.py:490} INFO - 25/04/27 12:05:15 INFO DAGScheduler: waiting: Set()
[2025-04-27T12:05:15.856+0000] {spark_submit.py:490} INFO - 25/04/27 12:05:15 INFO DAGScheduler: failed: Set()
[2025-04-27T12:05:15.879+0000] {spark_submit.py:490} INFO - 25/04/27 12:05:15 INFO SparkContext: Starting job: count at NativeMethodAccessorImpl.java:0
[2025-04-27T12:05:15.880+0000] {spark_submit.py:490} INFO - 25/04/27 12:05:15 INFO DAGScheduler: Got job 3 (count at NativeMethodAccessorImpl.java:0) with 1 output partitions
[2025-04-27T12:05:15.881+0000] {spark_submit.py:490} INFO - 25/04/27 12:05:15 INFO DAGScheduler: Final stage: ResultStage 5 (count at NativeMethodAccessorImpl.java:0)
[2025-04-27T12:05:15.881+0000] {spark_submit.py:490} INFO - 25/04/27 12:05:15 INFO DAGScheduler: Parents of final stage: List(ShuffleMapStage 4)
[2025-04-27T12:05:15.881+0000] {spark_submit.py:490} INFO - 25/04/27 12:05:15 INFO DAGScheduler: Missing parents: List()
[2025-04-27T12:05:15.882+0000] {spark_submit.py:490} INFO - 25/04/27 12:05:15 INFO DAGScheduler: Submitting ResultStage 5 (MapPartitionsRDD[11] at count at NativeMethodAccessorImpl.java:0), which has no missing parents
[2025-04-27T12:05:15.886+0000] {spark_submit.py:490} INFO - 25/04/27 12:05:15 INFO MemoryStore: Block broadcast_3 stored as values in memory (estimated size 11.1 KiB, free 434.3 MiB)
[2025-04-27T12:05:15.888+0000] {spark_submit.py:490} INFO - 25/04/27 12:05:15 INFO MemoryStore: Block broadcast_3_piece0 stored as bytes in memory (estimated size 5.5 KiB, free 434.3 MiB)
[2025-04-27T12:05:15.888+0000] {spark_submit.py:490} INFO - 25/04/27 12:05:15 INFO BlockManagerInfo: Added broadcast_3_piece0 in memory on 6780dda4d52a:46703 (size: 5.5 KiB, free: 434.4 MiB)
[2025-04-27T12:05:15.889+0000] {spark_submit.py:490} INFO - 25/04/27 12:05:15 INFO SparkContext: Created broadcast 3 from broadcast at DAGScheduler.scala:1513
[2025-04-27T12:05:15.890+0000] {spark_submit.py:490} INFO - 25/04/27 12:05:15 INFO DAGScheduler: Submitting 1 missing tasks from ResultStage 5 (MapPartitionsRDD[11] at count at NativeMethodAccessorImpl.java:0) (first 15 tasks are for partitions Vector(0))
[2025-04-27T12:05:15.890+0000] {spark_submit.py:490} INFO - 25/04/27 12:05:15 INFO TaskSchedulerImpl: Adding task set 5.0 with 1 tasks resource profile 0
[2025-04-27T12:05:15.892+0000] {spark_submit.py:490} INFO - 25/04/27 12:05:15 INFO TaskSetManager: Starting task 0.0 in stage 5.0 (TID 3) (172.18.0.5, executor 0, partition 0, NODE_LOCAL, 4457 bytes) taskResourceAssignments Map()
[2025-04-27T12:05:15.910+0000] {spark_submit.py:490} INFO - 25/04/27 12:05:15 INFO BlockManagerInfo: Added broadcast_3_piece0 in memory on 172.18.0.5:36289 (size: 5.5 KiB, free: 366.3 MiB)
[2025-04-27T12:05:15.918+0000] {spark_submit.py:490} INFO - 25/04/27 12:05:15 INFO MapOutputTrackerMasterEndpoint: Asked to send map output locations for shuffle 1 to 172.18.0.5:43616
[2025-04-27T12:05:15.927+0000] {spark_submit.py:490} INFO - 25/04/27 12:05:15 INFO TaskSetManager: Finished task 0.0 in stage 5.0 (TID 3) in 36 ms on 172.18.0.5 (executor 0) (1/1)
[2025-04-27T12:05:15.928+0000] {spark_submit.py:490} INFO - 25/04/27 12:05:15 INFO TaskSchedulerImpl: Removed TaskSet 5.0, whose tasks have all completed, from pool
[2025-04-27T12:05:15.928+0000] {spark_submit.py:490} INFO - 25/04/27 12:05:15 INFO DAGScheduler: ResultStage 5 (count at NativeMethodAccessorImpl.java:0) finished in 0.046 s
[2025-04-27T12:05:15.929+0000] {spark_submit.py:490} INFO - 25/04/27 12:05:15 INFO DAGScheduler: Job 3 is finished. Cancelling potential speculative or zombie tasks for this job
[2025-04-27T12:05:15.929+0000] {spark_submit.py:490} INFO - 25/04/27 12:05:15 INFO TaskSchedulerImpl: Killing all running tasks in stage 5: Stage finished
[2025-04-27T12:05:15.929+0000] {spark_submit.py:490} INFO - 25/04/27 12:05:15 INFO DAGScheduler: Job 3 finished: count at NativeMethodAccessorImpl.java:0, took 0.049938 s
[2025-04-27T12:05:15.930+0000] {spark_submit.py:490} INFO - INFO:__main__:Правило large_tx отработано, записей: 342
[2025-04-27T12:05:16.118+0000] {spark_submit.py:490} INFO - 25/04/27 12:05:16 INFO CodeGenerator: Code generated in 11.635719 ms
[2025-04-27T12:05:16.122+0000] {spark_submit.py:490} INFO - 25/04/27 12:05:16 INFO DAGScheduler: Registering RDD 14 (count at NativeMethodAccessorImpl.java:0) as input to shuffle 2
[2025-04-27T12:05:16.122+0000] {spark_submit.py:490} INFO - 25/04/27 12:05:16 INFO DAGScheduler: Got map stage job 4 (count at NativeMethodAccessorImpl.java:0) with 1 output partitions
[2025-04-27T12:05:16.122+0000] {spark_submit.py:490} INFO - 25/04/27 12:05:16 INFO DAGScheduler: Final stage: ShuffleMapStage 6 (count at NativeMethodAccessorImpl.java:0)
[2025-04-27T12:05:16.122+0000] {spark_submit.py:490} INFO - 25/04/27 12:05:16 INFO DAGScheduler: Parents of final stage: List()
[2025-04-27T12:05:16.122+0000] {spark_submit.py:490} INFO - 25/04/27 12:05:16 INFO DAGScheduler: Missing parents: List()
[2025-04-27T12:05:16.123+0000] {spark_submit.py:490} INFO - 25/04/27 12:05:16 INFO DAGScheduler: Submitting ShuffleMapStage 6 (MapPartitionsRDD[14] at count at NativeMethodAccessorImpl.java:0), which has no missing parents
[2025-04-27T12:05:16.130+0000] {spark_submit.py:490} INFO - 25/04/27 12:05:16 INFO MemoryStore: Block broadcast_4 stored as values in memory (estimated size 14.0 KiB, free 434.3 MiB)
[2025-04-27T12:05:16.144+0000] {spark_submit.py:490} INFO - 25/04/27 12:05:16 INFO MemoryStore: Block broadcast_4_piece0 stored as bytes in memory (estimated size 7.3 KiB, free 434.3 MiB)
[2025-04-27T12:05:16.144+0000] {spark_submit.py:490} INFO - 25/04/27 12:05:16 INFO BlockManagerInfo: Added broadcast_4_piece0 in memory on 6780dda4d52a:46703 (size: 7.3 KiB, free: 434.4 MiB)
[2025-04-27T12:05:16.145+0000] {spark_submit.py:490} INFO - 25/04/27 12:05:16 INFO SparkContext: Created broadcast 4 from broadcast at DAGScheduler.scala:1513
[2025-04-27T12:05:16.146+0000] {spark_submit.py:490} INFO - 25/04/27 12:05:16 INFO DAGScheduler: Submitting 1 missing tasks from ShuffleMapStage 6 (MapPartitionsRDD[14] at count at NativeMethodAccessorImpl.java:0) (first 15 tasks are for partitions Vector(0))
[2025-04-27T12:05:16.147+0000] {spark_submit.py:490} INFO - 25/04/27 12:05:16 INFO TaskSchedulerImpl: Adding task set 6.0 with 1 tasks resource profile 0
[2025-04-27T12:05:16.148+0000] {spark_submit.py:490} INFO - 25/04/27 12:05:16 INFO TaskSetManager: Starting task 0.0 in stage 6.0 (TID 4) (172.18.0.5, executor 0, partition 0, PROCESS_LOCAL, 4292 bytes) taskResourceAssignments Map()
[2025-04-27T12:05:16.185+0000] {spark_submit.py:490} INFO - 25/04/27 12:05:16 INFO BlockManagerInfo: Removed broadcast_0_piece0 on 6780dda4d52a:46703 in memory (size: 7.0 KiB, free: 434.4 MiB)
[2025-04-27T12:05:16.188+0000] {spark_submit.py:490} INFO - 25/04/27 12:05:16 INFO BlockManagerInfo: Removed broadcast_0_piece0 on 172.18.0.5:36289 in memory (size: 7.0 KiB, free: 366.3 MiB)
[2025-04-27T12:05:16.188+0000] {spark_submit.py:490} INFO - 25/04/27 12:05:16 INFO BlockManagerInfo: Added broadcast_4_piece0 in memory on 172.18.0.5:36289 (size: 7.3 KiB, free: 366.3 MiB)
[2025-04-27T12:05:16.202+0000] {spark_submit.py:490} INFO - 25/04/27 12:05:16 INFO BlockManagerInfo: Removed broadcast_3_piece0 on 6780dda4d52a:46703 in memory (size: 5.5 KiB, free: 434.4 MiB)
[2025-04-27T12:05:16.208+0000] {spark_submit.py:490} INFO - 25/04/27 12:05:16 INFO BlockManagerInfo: Removed broadcast_3_piece0 on 172.18.0.5:36289 in memory (size: 5.5 KiB, free: 366.3 MiB)
[2025-04-27T12:05:16.214+0000] {spark_submit.py:490} INFO - 25/04/27 12:05:16 INFO BlockManagerInfo: Removed broadcast_2_piece0 on 6780dda4d52a:46703 in memory (size: 7.0 KiB, free: 434.4 MiB)
[2025-04-27T12:05:16.215+0000] {spark_submit.py:490} INFO - 25/04/27 12:05:16 INFO BlockManagerInfo: Removed broadcast_2_piece0 on 172.18.0.5:36289 in memory (size: 7.0 KiB, free: 366.3 MiB)
[2025-04-27T12:05:16.219+0000] {spark_submit.py:490} INFO - 25/04/27 12:05:16 INFO BlockManagerInfo: Removed broadcast_1_piece0 on 6780dda4d52a:46703 in memory (size: 5.5 KiB, free: 434.4 MiB)
[2025-04-27T12:05:16.222+0000] {spark_submit.py:490} INFO - 25/04/27 12:05:16 INFO BlockManagerInfo: Removed broadcast_1_piece0 on 172.18.0.5:36289 in memory (size: 5.5 KiB, free: 366.3 MiB)
[2025-04-27T12:05:16.610+0000] {spark_submit.py:490} INFO - 25/04/27 12:05:16 INFO TaskSetManager: Finished task 0.0 in stage 6.0 (TID 4) in 462 ms on 172.18.0.5 (executor 0) (1/1)
[2025-04-27T12:05:16.610+0000] {spark_submit.py:490} INFO - 25/04/27 12:05:16 INFO TaskSchedulerImpl: Removed TaskSet 6.0, whose tasks have all completed, from pool
[2025-04-27T12:05:16.611+0000] {spark_submit.py:490} INFO - 25/04/27 12:05:16 INFO DAGScheduler: ShuffleMapStage 6 (count at NativeMethodAccessorImpl.java:0) finished in 0.486 s
[2025-04-27T12:05:16.611+0000] {spark_submit.py:490} INFO - 25/04/27 12:05:16 INFO DAGScheduler: looking for newly runnable stages
[2025-04-27T12:05:16.611+0000] {spark_submit.py:490} INFO - 25/04/27 12:05:16 INFO DAGScheduler: running: Set()
[2025-04-27T12:05:16.611+0000] {spark_submit.py:490} INFO - 25/04/27 12:05:16 INFO DAGScheduler: waiting: Set()
[2025-04-27T12:05:16.611+0000] {spark_submit.py:490} INFO - 25/04/27 12:05:16 INFO DAGScheduler: failed: Set()
[2025-04-27T12:05:16.625+0000] {spark_submit.py:490} INFO - 25/04/27 12:05:16 INFO ShufflePartitionsUtil: For shuffle(2), advisory target size: 67108864, actual target size 1048576, minimum partition size: 1048576
[2025-04-27T12:05:16.656+0000] {spark_submit.py:490} INFO - 25/04/27 12:05:16 INFO CodeGenerator: Code generated in 7.758098 ms
[2025-04-27T12:05:16.672+0000] {spark_submit.py:490} INFO - 25/04/27 12:05:16 INFO CodeGenerator: Code generated in 10.83367 ms
[2025-04-27T12:05:16.710+0000] {spark_submit.py:490} INFO - 25/04/27 12:05:16 INFO DAGScheduler: Registering RDD 19 (count at NativeMethodAccessorImpl.java:0) as input to shuffle 3
[2025-04-27T12:05:16.710+0000] {spark_submit.py:490} INFO - 25/04/27 12:05:16 INFO DAGScheduler: Got map stage job 5 (count at NativeMethodAccessorImpl.java:0) with 1 output partitions
[2025-04-27T12:05:16.711+0000] {spark_submit.py:490} INFO - 25/04/27 12:05:16 INFO DAGScheduler: Final stage: ShuffleMapStage 8 (count at NativeMethodAccessorImpl.java:0)
[2025-04-27T12:05:16.711+0000] {spark_submit.py:490} INFO - 25/04/27 12:05:16 INFO DAGScheduler: Parents of final stage: List(ShuffleMapStage 7)
[2025-04-27T12:05:16.711+0000] {spark_submit.py:490} INFO - 25/04/27 12:05:16 INFO DAGScheduler: Missing parents: List()
[2025-04-27T12:05:16.712+0000] {spark_submit.py:490} INFO - 25/04/27 12:05:16 INFO DAGScheduler: Submitting ShuffleMapStage 8 (MapPartitionsRDD[19] at count at NativeMethodAccessorImpl.java:0), which has no missing parents
[2025-04-27T12:05:16.719+0000] {spark_submit.py:490} INFO - 25/04/27 12:05:16 INFO MemoryStore: Block broadcast_5 stored as values in memory (estimated size 34.6 KiB, free 434.3 MiB)
[2025-04-27T12:05:16.720+0000] {spark_submit.py:490} INFO - 25/04/27 12:05:16 INFO MemoryStore: Block broadcast_5_piece0 stored as bytes in memory (estimated size 16.6 KiB, free 434.3 MiB)
[2025-04-27T12:05:16.721+0000] {spark_submit.py:490} INFO - 25/04/27 12:05:16 INFO BlockManagerInfo: Added broadcast_5_piece0 in memory on 6780dda4d52a:46703 (size: 16.6 KiB, free: 434.4 MiB)
[2025-04-27T12:05:16.722+0000] {spark_submit.py:490} INFO - 25/04/27 12:05:16 INFO SparkContext: Created broadcast 5 from broadcast at DAGScheduler.scala:1513
[2025-04-27T12:05:16.723+0000] {spark_submit.py:490} INFO - 25/04/27 12:05:16 INFO DAGScheduler: Submitting 1 missing tasks from ShuffleMapStage 8 (MapPartitionsRDD[19] at count at NativeMethodAccessorImpl.java:0) (first 15 tasks are for partitions Vector(0))
[2025-04-27T12:05:16.723+0000] {spark_submit.py:490} INFO - 25/04/27 12:05:16 INFO TaskSchedulerImpl: Adding task set 8.0 with 1 tasks resource profile 0
[2025-04-27T12:05:16.725+0000] {spark_submit.py:490} INFO - 25/04/27 12:05:16 INFO TaskSetManager: Starting task 0.0 in stage 8.0 (TID 5) (172.18.0.5, executor 0, partition 0, NODE_LOCAL, 4446 bytes) taskResourceAssignments Map()
[2025-04-27T12:05:16.738+0000] {spark_submit.py:490} INFO - 25/04/27 12:05:16 INFO BlockManagerInfo: Added broadcast_5_piece0 in memory on 172.18.0.5:36289 (size: 16.6 KiB, free: 366.3 MiB)
[2025-04-27T12:05:16.841+0000] {spark_submit.py:490} INFO - 25/04/27 12:05:16 INFO MapOutputTrackerMasterEndpoint: Asked to send map output locations for shuffle 2 to 172.18.0.5:43616
[2025-04-27T12:05:17.119+0000] {spark_submit.py:490} INFO - 25/04/27 12:05:17 INFO TaskSetManager: Finished task 0.0 in stage 8.0 (TID 5) in 394 ms on 172.18.0.5 (executor 0) (1/1)
[2025-04-27T12:05:17.119+0000] {spark_submit.py:490} INFO - 25/04/27 12:05:17 INFO TaskSchedulerImpl: Removed TaskSet 8.0, whose tasks have all completed, from pool
[2025-04-27T12:05:17.120+0000] {spark_submit.py:490} INFO - 25/04/27 12:05:17 INFO DAGScheduler: ShuffleMapStage 8 (count at NativeMethodAccessorImpl.java:0) finished in 0.403 s
[2025-04-27T12:05:17.120+0000] {spark_submit.py:490} INFO - 25/04/27 12:05:17 INFO DAGScheduler: looking for newly runnable stages
[2025-04-27T12:05:17.120+0000] {spark_submit.py:490} INFO - 25/04/27 12:05:17 INFO DAGScheduler: running: Set()
[2025-04-27T12:05:17.120+0000] {spark_submit.py:490} INFO - 25/04/27 12:05:17 INFO DAGScheduler: waiting: Set()
[2025-04-27T12:05:17.120+0000] {spark_submit.py:490} INFO - 25/04/27 12:05:17 INFO DAGScheduler: failed: Set()
[2025-04-27T12:05:17.134+0000] {spark_submit.py:490} INFO - 25/04/27 12:05:17 INFO CodeGenerator: Code generated in 6.7526 ms
[2025-04-27T12:05:17.146+0000] {spark_submit.py:490} INFO - 25/04/27 12:05:17 INFO SparkContext: Starting job: count at NativeMethodAccessorImpl.java:0
[2025-04-27T12:05:17.147+0000] {spark_submit.py:490} INFO - 25/04/27 12:05:17 INFO DAGScheduler: Got job 6 (count at NativeMethodAccessorImpl.java:0) with 1 output partitions
[2025-04-27T12:05:17.147+0000] {spark_submit.py:490} INFO - 25/04/27 12:05:17 INFO DAGScheduler: Final stage: ResultStage 11 (count at NativeMethodAccessorImpl.java:0)
[2025-04-27T12:05:17.147+0000] {spark_submit.py:490} INFO - 25/04/27 12:05:17 INFO DAGScheduler: Parents of final stage: List(ShuffleMapStage 10)
[2025-04-27T12:05:17.147+0000] {spark_submit.py:490} INFO - 25/04/27 12:05:17 INFO DAGScheduler: Missing parents: List()
[2025-04-27T12:05:17.148+0000] {spark_submit.py:490} INFO - 25/04/27 12:05:17 INFO DAGScheduler: Submitting ResultStage 11 (MapPartitionsRDD[22] at count at NativeMethodAccessorImpl.java:0), which has no missing parents
[2025-04-27T12:05:17.150+0000] {spark_submit.py:490} INFO - 25/04/27 12:05:17 INFO MemoryStore: Block broadcast_6 stored as values in memory (estimated size 11.1 KiB, free 434.3 MiB)
[2025-04-27T12:05:17.151+0000] {spark_submit.py:490} INFO - 25/04/27 12:05:17 INFO MemoryStore: Block broadcast_6_piece0 stored as bytes in memory (estimated size 5.5 KiB, free 434.3 MiB)
[2025-04-27T12:05:17.151+0000] {spark_submit.py:490} INFO - 25/04/27 12:05:17 INFO BlockManagerInfo: Added broadcast_6_piece0 in memory on 6780dda4d52a:46703 (size: 5.5 KiB, free: 434.4 MiB)
[2025-04-27T12:05:17.152+0000] {spark_submit.py:490} INFO - 25/04/27 12:05:17 INFO SparkContext: Created broadcast 6 from broadcast at DAGScheduler.scala:1513
[2025-04-27T12:05:17.152+0000] {spark_submit.py:490} INFO - 25/04/27 12:05:17 INFO DAGScheduler: Submitting 1 missing tasks from ResultStage 11 (MapPartitionsRDD[22] at count at NativeMethodAccessorImpl.java:0) (first 15 tasks are for partitions Vector(0))
[2025-04-27T12:05:17.152+0000] {spark_submit.py:490} INFO - 25/04/27 12:05:17 INFO TaskSchedulerImpl: Adding task set 11.0 with 1 tasks resource profile 0
[2025-04-27T12:05:17.154+0000] {spark_submit.py:490} INFO - 25/04/27 12:05:17 INFO TaskSetManager: Starting task 0.0 in stage 11.0 (TID 6) (172.18.0.5, executor 0, partition 0, NODE_LOCAL, 4457 bytes) taskResourceAssignments Map()
[2025-04-27T12:05:17.166+0000] {spark_submit.py:490} INFO - 25/04/27 12:05:17 INFO BlockManagerInfo: Added broadcast_6_piece0 in memory on 172.18.0.5:36289 (size: 5.5 KiB, free: 366.3 MiB)
[2025-04-27T12:05:17.171+0000] {spark_submit.py:490} INFO - 25/04/27 12:05:17 INFO MapOutputTrackerMasterEndpoint: Asked to send map output locations for shuffle 3 to 172.18.0.5:43616
[2025-04-27T12:05:17.185+0000] {spark_submit.py:490} INFO - 25/04/27 12:05:17 INFO TaskSetManager: Finished task 0.0 in stage 11.0 (TID 6) in 32 ms on 172.18.0.5 (executor 0) (1/1)
[2025-04-27T12:05:17.186+0000] {spark_submit.py:490} INFO - 25/04/27 12:05:17 INFO TaskSchedulerImpl: Removed TaskSet 11.0, whose tasks have all completed, from pool
[2025-04-27T12:05:17.186+0000] {spark_submit.py:490} INFO - 25/04/27 12:05:17 INFO DAGScheduler: ResultStage 11 (count at NativeMethodAccessorImpl.java:0) finished in 0.038 s
[2025-04-27T12:05:17.186+0000] {spark_submit.py:490} INFO - 25/04/27 12:05:17 INFO DAGScheduler: Job 6 is finished. Cancelling potential speculative or zombie tasks for this job
[2025-04-27T12:05:17.187+0000] {spark_submit.py:490} INFO - 25/04/27 12:05:17 INFO TaskSchedulerImpl: Killing all running tasks in stage 11: Stage finished
[2025-04-27T12:05:17.187+0000] {spark_submit.py:490} INFO - 25/04/27 12:05:17 INFO DAGScheduler: Job 6 finished: count at NativeMethodAccessorImpl.java:0, took 0.040543 s
[2025-04-27T12:05:17.189+0000] {spark_submit.py:490} INFO - INFO:__main__:Правило freq_tx отработано, записей: 8
[2025-04-27T12:05:17.289+0000] {spark_submit.py:490} INFO - 25/04/27 12:05:17 INFO DAGScheduler: Registering RDD 26 (count at NativeMethodAccessorImpl.java:0) as input to shuffle 4
[2025-04-27T12:05:17.289+0000] {spark_submit.py:490} INFO - 25/04/27 12:05:17 INFO DAGScheduler: Got map stage job 7 (count at NativeMethodAccessorImpl.java:0) with 1 output partitions
[2025-04-27T12:05:17.289+0000] {spark_submit.py:490} INFO - 25/04/27 12:05:17 INFO DAGScheduler: Final stage: ShuffleMapStage 12 (count at NativeMethodAccessorImpl.java:0)
[2025-04-27T12:05:17.289+0000] {spark_submit.py:490} INFO - 25/04/27 12:05:17 INFO DAGScheduler: Parents of final stage: List()
[2025-04-27T12:05:17.290+0000] {spark_submit.py:490} INFO - 25/04/27 12:05:17 INFO DAGScheduler: Missing parents: List()
[2025-04-27T12:05:17.290+0000] {spark_submit.py:490} INFO - 25/04/27 12:05:17 INFO DAGScheduler: Submitting ShuffleMapStage 12 (MapPartitionsRDD[26] at count at NativeMethodAccessorImpl.java:0), which has no missing parents
[2025-04-27T12:05:17.293+0000] {spark_submit.py:490} INFO - 25/04/27 12:05:17 INFO MemoryStore: Block broadcast_7 stored as values in memory (estimated size 14.1 KiB, free 434.3 MiB)
[2025-04-27T12:05:17.294+0000] {spark_submit.py:490} INFO - 25/04/27 12:05:17 INFO MemoryStore: Block broadcast_7_piece0 stored as bytes in memory (estimated size 7.3 KiB, free 434.3 MiB)
[2025-04-27T12:05:17.295+0000] {spark_submit.py:490} INFO - 25/04/27 12:05:17 INFO BlockManagerInfo: Added broadcast_7_piece0 in memory on 6780dda4d52a:46703 (size: 7.3 KiB, free: 434.4 MiB)
[2025-04-27T12:05:17.295+0000] {spark_submit.py:490} INFO - 25/04/27 12:05:17 INFO SparkContext: Created broadcast 7 from broadcast at DAGScheduler.scala:1513
[2025-04-27T12:05:17.295+0000] {spark_submit.py:490} INFO - 25/04/27 12:05:17 INFO DAGScheduler: Submitting 1 missing tasks from ShuffleMapStage 12 (MapPartitionsRDD[26] at count at NativeMethodAccessorImpl.java:0) (first 15 tasks are for partitions Vector(0))
[2025-04-27T12:05:17.295+0000] {spark_submit.py:490} INFO - 25/04/27 12:05:17 INFO TaskSchedulerImpl: Adding task set 12.0 with 1 tasks resource profile 0
[2025-04-27T12:05:17.297+0000] {spark_submit.py:490} INFO - 25/04/27 12:05:17 INFO TaskSetManager: Starting task 0.0 in stage 12.0 (TID 7) (172.18.0.5, executor 0, partition 0, PROCESS_LOCAL, 4292 bytes) taskResourceAssignments Map()
[2025-04-27T12:05:17.307+0000] {spark_submit.py:490} INFO - 25/04/27 12:05:17 INFO BlockManagerInfo: Added broadcast_7_piece0 in memory on 172.18.0.5:36289 (size: 7.3 KiB, free: 366.3 MiB)
[2025-04-27T12:05:17.374+0000] {spark_submit.py:490} INFO - 25/04/27 12:05:17 INFO TaskSetManager: Finished task 0.0 in stage 12.0 (TID 7) in 78 ms on 172.18.0.5 (executor 0) (1/1)
[2025-04-27T12:05:17.375+0000] {spark_submit.py:490} INFO - 25/04/27 12:05:17 INFO TaskSchedulerImpl: Removed TaskSet 12.0, whose tasks have all completed, from pool
[2025-04-27T12:05:17.375+0000] {spark_submit.py:490} INFO - 25/04/27 12:05:17 INFO DAGScheduler: ShuffleMapStage 12 (count at NativeMethodAccessorImpl.java:0) finished in 0.085 s
[2025-04-27T12:05:17.375+0000] {spark_submit.py:490} INFO - 25/04/27 12:05:17 INFO DAGScheduler: looking for newly runnable stages
[2025-04-27T12:05:17.376+0000] {spark_submit.py:490} INFO - 25/04/27 12:05:17 INFO DAGScheduler: running: Set()
[2025-04-27T12:05:17.376+0000] {spark_submit.py:490} INFO - 25/04/27 12:05:17 INFO DAGScheduler: waiting: Set()
[2025-04-27T12:05:17.376+0000] {spark_submit.py:490} INFO - 25/04/27 12:05:17 INFO DAGScheduler: failed: Set()
[2025-04-27T12:05:17.387+0000] {spark_submit.py:490} INFO - 25/04/27 12:05:17 INFO ShufflePartitionsUtil: For shuffle(4), advisory target size: 67108864, actual target size 1048576, minimum partition size: 1048576
[2025-04-27T12:05:17.413+0000] {spark_submit.py:490} INFO - 25/04/27 12:05:17 INFO CodeGenerator: Code generated in 11.372888 ms
[2025-04-27T12:05:17.421+0000] {spark_submit.py:490} INFO - 25/04/27 12:05:17 INFO CodeGenerator: Code generated in 6.108439 ms
[2025-04-27T12:05:17.435+0000] {spark_submit.py:490} INFO - 25/04/27 12:05:17 INFO CodeGenerator: Code generated in 6.148799 ms
[2025-04-27T12:05:17.445+0000] {spark_submit.py:490} INFO - 25/04/27 12:05:17 INFO CodeGenerator: Code generated in 7.535889 ms
[2025-04-27T12:05:17.464+0000] {spark_submit.py:490} INFO - 25/04/27 12:05:17 INFO DAGScheduler: Registering RDD 35 (count at NativeMethodAccessorImpl.java:0) as input to shuffle 5
[2025-04-27T12:05:17.464+0000] {spark_submit.py:490} INFO - 25/04/27 12:05:17 INFO DAGScheduler: Got map stage job 8 (count at NativeMethodAccessorImpl.java:0) with 2 output partitions
[2025-04-27T12:05:17.464+0000] {spark_submit.py:490} INFO - 25/04/27 12:05:17 INFO DAGScheduler: Final stage: ShuffleMapStage 14 (count at NativeMethodAccessorImpl.java:0)
[2025-04-27T12:05:17.464+0000] {spark_submit.py:490} INFO - 25/04/27 12:05:17 INFO DAGScheduler: Parents of final stage: List(ShuffleMapStage 13)
[2025-04-27T12:05:17.464+0000] {spark_submit.py:490} INFO - 25/04/27 12:05:17 INFO DAGScheduler: Missing parents: List()
[2025-04-27T12:05:17.466+0000] {spark_submit.py:490} INFO - 25/04/27 12:05:17 INFO DAGScheduler: Submitting ShuffleMapStage 14 (MapPartitionsRDD[35] at count at NativeMethodAccessorImpl.java:0), which has no missing parents
[2025-04-27T12:05:17.480+0000] {spark_submit.py:490} INFO - 25/04/27 12:05:17 INFO MemoryStore: Block broadcast_8 stored as values in memory (estimated size 38.6 KiB, free 434.3 MiB)
[2025-04-27T12:05:17.506+0000] {spark_submit.py:490} INFO - 25/04/27 12:05:17 INFO MemoryStore: Block broadcast_8_piece0 stored as bytes in memory (estimated size 17.8 KiB, free 434.2 MiB)
[2025-04-27T12:05:17.507+0000] {spark_submit.py:490} INFO - 25/04/27 12:05:17 INFO BlockManagerInfo: Added broadcast_8_piece0 in memory on 6780dda4d52a:46703 (size: 17.8 KiB, free: 434.3 MiB)
[2025-04-27T12:05:17.507+0000] {spark_submit.py:490} INFO - 25/04/27 12:05:17 INFO SparkContext: Created broadcast 8 from broadcast at DAGScheduler.scala:1513
[2025-04-27T12:05:17.509+0000] {spark_submit.py:490} INFO - 25/04/27 12:05:17 INFO DAGScheduler: Submitting 2 missing tasks from ShuffleMapStage 14 (MapPartitionsRDD[35] at count at NativeMethodAccessorImpl.java:0) (first 15 tasks are for partitions Vector(0, 1))
[2025-04-27T12:05:17.510+0000] {spark_submit.py:490} INFO - 25/04/27 12:05:17 INFO TaskSchedulerImpl: Adding task set 14.0 with 2 tasks resource profile 0
[2025-04-27T12:05:17.512+0000] {spark_submit.py:490} INFO - 25/04/27 12:05:17 INFO TaskSetManager: Starting task 1.0 in stage 14.0 (TID 8) (172.18.0.5, executor 0, partition 1, NODE_LOCAL, 4555 bytes) taskResourceAssignments Map()
[2025-04-27T12:05:17.517+0000] {spark_submit.py:490} INFO - 25/04/27 12:05:17 INFO BlockManagerInfo: Removed broadcast_7_piece0 on 172.18.0.5:36289 in memory (size: 7.3 KiB, free: 366.3 MiB)
[2025-04-27T12:05:17.518+0000] {spark_submit.py:490} INFO - 25/04/27 12:05:17 INFO BlockManagerInfo: Removed broadcast_7_piece0 on 6780dda4d52a:46703 in memory (size: 7.3 KiB, free: 434.4 MiB)
[2025-04-27T12:05:17.536+0000] {spark_submit.py:490} INFO - 25/04/27 12:05:17 INFO BlockManagerInfo: Removed broadcast_6_piece0 on 6780dda4d52a:46703 in memory (size: 5.5 KiB, free: 434.4 MiB)
[2025-04-27T12:05:17.550+0000] {spark_submit.py:490} INFO - 25/04/27 12:05:17 INFO BlockManagerInfo: Removed broadcast_6_piece0 on 172.18.0.5:36289 in memory (size: 5.5 KiB, free: 366.3 MiB)
[2025-04-27T12:05:17.551+0000] {spark_submit.py:490} INFO - 25/04/27 12:05:17 INFO BlockManagerInfo: Added broadcast_8_piece0 in memory on 172.18.0.5:36289 (size: 17.8 KiB, free: 366.3 MiB)
[2025-04-27T12:05:17.561+0000] {spark_submit.py:490} INFO - 25/04/27 12:05:17 INFO BlockManagerInfo: Removed broadcast_4_piece0 on 6780dda4d52a:46703 in memory (size: 7.3 KiB, free: 434.4 MiB)
[2025-04-27T12:05:17.565+0000] {spark_submit.py:490} INFO - 25/04/27 12:05:17 INFO BlockManagerInfo: Removed broadcast_4_piece0 on 172.18.0.5:36289 in memory (size: 7.3 KiB, free: 366.3 MiB)
[2025-04-27T12:05:17.572+0000] {spark_submit.py:490} INFO - 25/04/27 12:05:17 INFO MapOutputTrackerMasterEndpoint: Asked to send map output locations for shuffle 4 to 172.18.0.5:43616
[2025-04-27T12:05:17.574+0000] {spark_submit.py:490} INFO - 25/04/27 12:05:17 INFO BlockManagerInfo: Removed broadcast_5_piece0 on 6780dda4d52a:46703 in memory (size: 16.6 KiB, free: 434.4 MiB)
[2025-04-27T12:05:17.578+0000] {spark_submit.py:490} INFO - 25/04/27 12:05:17 INFO BlockManagerInfo: Removed broadcast_5_piece0 on 172.18.0.5:36289 in memory (size: 16.6 KiB, free: 366.3 MiB)
[2025-04-27T12:05:17.652+0000] {spark_submit.py:490} INFO - 25/04/27 12:05:17 INFO TaskSetManager: Starting task 0.0 in stage 14.0 (TID 9) (172.18.0.5, executor 0, partition 0, PROCESS_LOCAL, 4401 bytes) taskResourceAssignments Map()
[2025-04-27T12:05:17.653+0000] {spark_submit.py:490} INFO - 25/04/27 12:05:17 INFO TaskSetManager: Finished task 1.0 in stage 14.0 (TID 8) in 143 ms on 172.18.0.5 (executor 0) (1/2)
[2025-04-27T12:05:17.697+0000] {spark_submit.py:490} INFO - 25/04/27 12:05:17 INFO TaskSetManager: Finished task 0.0 in stage 14.0 (TID 9) in 46 ms on 172.18.0.5 (executor 0) (2/2)
[2025-04-27T12:05:17.698+0000] {spark_submit.py:490} INFO - 25/04/27 12:05:17 INFO TaskSchedulerImpl: Removed TaskSet 14.0, whose tasks have all completed, from pool
[2025-04-27T12:05:17.699+0000] {spark_submit.py:490} INFO - 25/04/27 12:05:17 INFO DAGScheduler: ShuffleMapStage 14 (count at NativeMethodAccessorImpl.java:0) finished in 0.227 s
[2025-04-27T12:05:17.699+0000] {spark_submit.py:490} INFO - 25/04/27 12:05:17 INFO DAGScheduler: looking for newly runnable stages
[2025-04-27T12:05:17.700+0000] {spark_submit.py:490} INFO - 25/04/27 12:05:17 INFO DAGScheduler: running: Set()
[2025-04-27T12:05:17.700+0000] {spark_submit.py:490} INFO - 25/04/27 12:05:17 INFO DAGScheduler: waiting: Set()
[2025-04-27T12:05:17.700+0000] {spark_submit.py:490} INFO - 25/04/27 12:05:17 INFO DAGScheduler: failed: Set()
[2025-04-27T12:05:17.721+0000] {spark_submit.py:490} INFO - 25/04/27 12:05:17 INFO CodeGenerator: Code generated in 8.291797 ms
[2025-04-27T12:05:17.730+0000] {spark_submit.py:490} INFO - 25/04/27 12:05:17 INFO SparkContext: Starting job: count at NativeMethodAccessorImpl.java:0
[2025-04-27T12:05:17.731+0000] {spark_submit.py:490} INFO - 25/04/27 12:05:17 INFO DAGScheduler: Got job 9 (count at NativeMethodAccessorImpl.java:0) with 1 output partitions
[2025-04-27T12:05:17.731+0000] {spark_submit.py:490} INFO - 25/04/27 12:05:17 INFO DAGScheduler: Final stage: ResultStage 17 (count at NativeMethodAccessorImpl.java:0)
[2025-04-27T12:05:17.731+0000] {spark_submit.py:490} INFO - 25/04/27 12:05:17 INFO DAGScheduler: Parents of final stage: List(ShuffleMapStage 16)
[2025-04-27T12:05:17.731+0000] {spark_submit.py:490} INFO - 25/04/27 12:05:17 INFO DAGScheduler: Missing parents: List()
[2025-04-27T12:05:17.732+0000] {spark_submit.py:490} INFO - 25/04/27 12:05:17 INFO DAGScheduler: Submitting ResultStage 17 (MapPartitionsRDD[38] at count at NativeMethodAccessorImpl.java:0), which has no missing parents
[2025-04-27T12:05:17.734+0000] {spark_submit.py:490} INFO - 25/04/27 12:05:17 INFO MemoryStore: Block broadcast_9 stored as values in memory (estimated size 11.1 KiB, free 434.3 MiB)
[2025-04-27T12:05:17.736+0000] {spark_submit.py:490} INFO - 25/04/27 12:05:17 INFO MemoryStore: Block broadcast_9_piece0 stored as bytes in memory (estimated size 5.5 KiB, free 434.3 MiB)
[2025-04-27T12:05:17.736+0000] {spark_submit.py:490} INFO - 25/04/27 12:05:17 INFO BlockManagerInfo: Added broadcast_9_piece0 in memory on 6780dda4d52a:46703 (size: 5.5 KiB, free: 434.4 MiB)
[2025-04-27T12:05:17.737+0000] {spark_submit.py:490} INFO - 25/04/27 12:05:17 INFO SparkContext: Created broadcast 9 from broadcast at DAGScheduler.scala:1513
[2025-04-27T12:05:17.738+0000] {spark_submit.py:490} INFO - 25/04/27 12:05:17 INFO DAGScheduler: Submitting 1 missing tasks from ResultStage 17 (MapPartitionsRDD[38] at count at NativeMethodAccessorImpl.java:0) (first 15 tasks are for partitions Vector(0))
[2025-04-27T12:05:17.738+0000] {spark_submit.py:490} INFO - 25/04/27 12:05:17 INFO TaskSchedulerImpl: Adding task set 17.0 with 1 tasks resource profile 0
[2025-04-27T12:05:17.739+0000] {spark_submit.py:490} INFO - 25/04/27 12:05:17 INFO TaskSetManager: Starting task 0.0 in stage 17.0 (TID 10) (172.18.0.5, executor 0, partition 0, NODE_LOCAL, 4457 bytes) taskResourceAssignments Map()
[2025-04-27T12:05:17.755+0000] {spark_submit.py:490} INFO - 25/04/27 12:05:17 INFO BlockManagerInfo: Added broadcast_9_piece0 in memory on 172.18.0.5:36289 (size: 5.5 KiB, free: 366.3 MiB)
[2025-04-27T12:05:17.761+0000] {spark_submit.py:490} INFO - 25/04/27 12:05:17 INFO MapOutputTrackerMasterEndpoint: Asked to send map output locations for shuffle 5 to 172.18.0.5:43616
[2025-04-27T12:05:17.778+0000] {spark_submit.py:490} INFO - 25/04/27 12:05:17 INFO TaskSetManager: Finished task 0.0 in stage 17.0 (TID 10) in 39 ms on 172.18.0.5 (executor 0) (1/1)
[2025-04-27T12:05:17.778+0000] {spark_submit.py:490} INFO - 25/04/27 12:05:17 INFO TaskSchedulerImpl: Removed TaskSet 17.0, whose tasks have all completed, from pool
[2025-04-27T12:05:17.779+0000] {spark_submit.py:490} INFO - 25/04/27 12:05:17 INFO DAGScheduler: ResultStage 17 (count at NativeMethodAccessorImpl.java:0) finished in 0.047 s
[2025-04-27T12:05:17.779+0000] {spark_submit.py:490} INFO - 25/04/27 12:05:17 INFO DAGScheduler: Job 9 is finished. Cancelling potential speculative or zombie tasks for this job
[2025-04-27T12:05:17.779+0000] {spark_submit.py:490} INFO - 25/04/27 12:05:17 INFO TaskSchedulerImpl: Killing all running tasks in stage 17: Stage finished
[2025-04-27T12:05:17.780+0000] {spark_submit.py:490} INFO - 25/04/27 12:05:17 INFO DAGScheduler: Job 9 finished: count at NativeMethodAccessorImpl.java:0, took 0.050304 s
[2025-04-27T12:05:17.782+0000] {spark_submit.py:490} INFO - INFO:__main__:Объединение результатов выполнено, итого записей: 350
[2025-04-27T12:05:17.920+0000] {spark_submit.py:490} INFO - 25/04/27 12:05:17 INFO CodeGenerator: Code generated in 8.253482 ms
[2025-04-27T12:05:17.923+0000] {spark_submit.py:490} INFO - 25/04/27 12:05:17 INFO DAGScheduler: Registering RDD 42 (jdbc at NativeMethodAccessorImpl.java:0) as input to shuffle 6
[2025-04-27T12:05:17.923+0000] {spark_submit.py:490} INFO - 25/04/27 12:05:17 INFO DAGScheduler: Got map stage job 10 (jdbc at NativeMethodAccessorImpl.java:0) with 1 output partitions
[2025-04-27T12:05:17.924+0000] {spark_submit.py:490} INFO - 25/04/27 12:05:17 INFO DAGScheduler: Final stage: ShuffleMapStage 18 (jdbc at NativeMethodAccessorImpl.java:0)
[2025-04-27T12:05:17.924+0000] {spark_submit.py:490} INFO - 25/04/27 12:05:17 INFO DAGScheduler: Parents of final stage: List()
[2025-04-27T12:05:17.924+0000] {spark_submit.py:490} INFO - 25/04/27 12:05:17 INFO DAGScheduler: Missing parents: List()
[2025-04-27T12:05:17.924+0000] {spark_submit.py:490} INFO - 25/04/27 12:05:17 INFO DAGScheduler: Submitting ShuffleMapStage 18 (MapPartitionsRDD[42] at jdbc at NativeMethodAccessorImpl.java:0), which has no missing parents
[2025-04-27T12:05:17.929+0000] {spark_submit.py:490} INFO - 25/04/27 12:05:17 INFO MemoryStore: Block broadcast_10 stored as values in memory (estimated size 16.3 KiB, free 434.3 MiB)
[2025-04-27T12:05:17.930+0000] {spark_submit.py:490} INFO - 25/04/27 12:05:17 INFO MemoryStore: Block broadcast_10_piece0 stored as bytes in memory (estimated size 7.9 KiB, free 434.3 MiB)
[2025-04-27T12:05:17.931+0000] {spark_submit.py:490} INFO - 25/04/27 12:05:17 INFO BlockManagerInfo: Added broadcast_10_piece0 in memory on 6780dda4d52a:46703 (size: 7.9 KiB, free: 434.4 MiB)
[2025-04-27T12:05:17.931+0000] {spark_submit.py:490} INFO - 25/04/27 12:05:17 INFO SparkContext: Created broadcast 10 from broadcast at DAGScheduler.scala:1513
[2025-04-27T12:05:17.932+0000] {spark_submit.py:490} INFO - 25/04/27 12:05:17 INFO DAGScheduler: Submitting 1 missing tasks from ShuffleMapStage 18 (MapPartitionsRDD[42] at jdbc at NativeMethodAccessorImpl.java:0) (first 15 tasks are for partitions Vector(0))
[2025-04-27T12:05:17.932+0000] {spark_submit.py:490} INFO - 25/04/27 12:05:17 INFO TaskSchedulerImpl: Adding task set 18.0 with 1 tasks resource profile 0
[2025-04-27T12:05:17.933+0000] {spark_submit.py:490} INFO - 25/04/27 12:05:17 INFO TaskSetManager: Starting task 0.0 in stage 18.0 (TID 11) (172.18.0.5, executor 0, partition 0, PROCESS_LOCAL, 4292 bytes) taskResourceAssignments Map()
[2025-04-27T12:05:17.945+0000] {spark_submit.py:490} INFO - 25/04/27 12:05:17 INFO BlockManagerInfo: Added broadcast_10_piece0 in memory on 172.18.0.5:36289 (size: 7.9 KiB, free: 366.3 MiB)
[2025-04-27T12:05:18.041+0000] {spark_submit.py:490} INFO - 25/04/27 12:05:18 INFO TaskSetManager: Finished task 0.0 in stage 18.0 (TID 11) in 107 ms on 172.18.0.5 (executor 0) (1/1)
[2025-04-27T12:05:18.041+0000] {spark_submit.py:490} INFO - 25/04/27 12:05:18 INFO TaskSchedulerImpl: Removed TaskSet 18.0, whose tasks have all completed, from pool
[2025-04-27T12:05:18.041+0000] {spark_submit.py:490} INFO - 25/04/27 12:05:18 INFO DAGScheduler: ShuffleMapStage 18 (jdbc at NativeMethodAccessorImpl.java:0) finished in 0.116 s
[2025-04-27T12:05:18.041+0000] {spark_submit.py:490} INFO - 25/04/27 12:05:18 INFO DAGScheduler: looking for newly runnable stages
[2025-04-27T12:05:18.041+0000] {spark_submit.py:490} INFO - 25/04/27 12:05:18 INFO DAGScheduler: running: Set()
[2025-04-27T12:05:18.042+0000] {spark_submit.py:490} INFO - 25/04/27 12:05:18 INFO DAGScheduler: waiting: Set()
[2025-04-27T12:05:18.042+0000] {spark_submit.py:490} INFO - 25/04/27 12:05:18 INFO DAGScheduler: failed: Set()
[2025-04-27T12:05:18.049+0000] {spark_submit.py:490} INFO - 25/04/27 12:05:18 INFO ShufflePartitionsUtil: For shuffle(6), advisory target size: 67108864, actual target size 1048576, minimum partition size: 1048576
[2025-04-27T12:05:18.067+0000] {spark_submit.py:490} INFO - 25/04/27 12:05:18 INFO CodeGenerator: Code generated in 11.063328 ms
[2025-04-27T12:05:18.090+0000] {spark_submit.py:490} INFO - 25/04/27 12:05:18 INFO CodeGenerator: Code generated in 9.106209 ms
[2025-04-27T12:05:18.126+0000] {spark_submit.py:490} INFO - 25/04/27 12:05:18 INFO SparkContext: Starting job: jdbc at NativeMethodAccessorImpl.java:0
[2025-04-27T12:05:18.128+0000] {spark_submit.py:490} INFO - 25/04/27 12:05:18 INFO DAGScheduler: Got job 11 (jdbc at NativeMethodAccessorImpl.java:0) with 2 output partitions
[2025-04-27T12:05:18.128+0000] {spark_submit.py:490} INFO - 25/04/27 12:05:18 INFO DAGScheduler: Final stage: ResultStage 20 (jdbc at NativeMethodAccessorImpl.java:0)
[2025-04-27T12:05:18.129+0000] {spark_submit.py:490} INFO - 25/04/27 12:05:18 INFO DAGScheduler: Parents of final stage: List(ShuffleMapStage 19)
[2025-04-27T12:05:18.129+0000] {spark_submit.py:490} INFO - 25/04/27 12:05:18 INFO DAGScheduler: Missing parents: List()
[2025-04-27T12:05:18.129+0000] {spark_submit.py:490} INFO - 25/04/27 12:05:18 INFO DAGScheduler: Submitting ResultStage 20 (MapPartitionsRDD[52] at jdbc at NativeMethodAccessorImpl.java:0), which has no missing parents
[2025-04-27T12:05:18.152+0000] {spark_submit.py:490} INFO - 25/04/27 12:05:18 INFO MemoryStore: Block broadcast_11 stored as values in memory (estimated size 58.9 KiB, free 434.2 MiB)
[2025-04-27T12:05:18.162+0000] {spark_submit.py:490} INFO - 25/04/27 12:05:18 INFO MemoryStore: Block broadcast_11_piece0 stored as bytes in memory (estimated size 24.0 KiB, free 434.2 MiB)
[2025-04-27T12:05:18.163+0000] {spark_submit.py:490} INFO - 25/04/27 12:05:18 INFO BlockManagerInfo: Added broadcast_11_piece0 in memory on 6780dda4d52a:46703 (size: 24.0 KiB, free: 434.3 MiB)
[2025-04-27T12:05:18.164+0000] {spark_submit.py:490} INFO - 25/04/27 12:05:18 INFO SparkContext: Created broadcast 11 from broadcast at DAGScheduler.scala:1513
[2025-04-27T12:05:18.164+0000] {spark_submit.py:490} INFO - 25/04/27 12:05:18 INFO DAGScheduler: Submitting 2 missing tasks from ResultStage 20 (MapPartitionsRDD[52] at jdbc at NativeMethodAccessorImpl.java:0) (first 15 tasks are for partitions Vector(0, 1))
[2025-04-27T12:05:18.165+0000] {spark_submit.py:490} INFO - 25/04/27 12:05:18 INFO TaskSchedulerImpl: Adding task set 20.0 with 2 tasks resource profile 0
[2025-04-27T12:05:18.167+0000] {spark_submit.py:490} INFO - 25/04/27 12:05:18 INFO TaskSetManager: Starting task 1.0 in stage 20.0 (TID 12) (172.18.0.5, executor 0, partition 1, NODE_LOCAL, 4566 bytes) taskResourceAssignments Map()
[2025-04-27T12:05:18.170+0000] {spark_submit.py:490} INFO - 25/04/27 12:05:18 INFO BlockManagerInfo: Removed broadcast_8_piece0 on 6780dda4d52a:46703 in memory (size: 17.8 KiB, free: 434.4 MiB)
[2025-04-27T12:05:18.171+0000] {spark_submit.py:490} INFO - 25/04/27 12:05:18 INFO BlockManagerInfo: Removed broadcast_8_piece0 on 172.18.0.5:36289 in memory (size: 17.8 KiB, free: 366.3 MiB)
[2025-04-27T12:05:18.179+0000] {spark_submit.py:490} INFO - 25/04/27 12:05:18 INFO BlockManagerInfo: Removed broadcast_9_piece0 on 6780dda4d52a:46703 in memory (size: 5.5 KiB, free: 434.4 MiB)
[2025-04-27T12:05:18.180+0000] {spark_submit.py:490} INFO - 25/04/27 12:05:18 INFO BlockManagerInfo: Removed broadcast_9_piece0 on 172.18.0.5:36289 in memory (size: 5.5 KiB, free: 366.3 MiB)
[2025-04-27T12:05:18.184+0000] {spark_submit.py:490} INFO - 25/04/27 12:05:18 INFO BlockManagerInfo: Added broadcast_11_piece0 in memory on 172.18.0.5:36289 (size: 24.0 KiB, free: 366.3 MiB)
[2025-04-27T12:05:18.214+0000] {spark_submit.py:490} INFO - 25/04/27 12:05:18 INFO BlockManagerInfo: Removed broadcast_10_piece0 on 172.18.0.5:36289 in memory (size: 7.9 KiB, free: 366.3 MiB)
[2025-04-27T12:05:18.215+0000] {spark_submit.py:490} INFO - 25/04/27 12:05:18 INFO BlockManagerInfo: Removed broadcast_10_piece0 on 6780dda4d52a:46703 in memory (size: 7.9 KiB, free: 434.4 MiB)
[2025-04-27T12:05:18.335+0000] {spark_submit.py:490} INFO - 25/04/27 12:05:18 INFO MapOutputTrackerMasterEndpoint: Asked to send map output locations for shuffle 6 to 172.18.0.5:43616
[2025-04-27T12:05:19.235+0000] {spark_submit.py:490} INFO - 25/04/27 12:05:19 INFO TaskSetManager: Starting task 0.0 in stage 20.0 (TID 13) (172.18.0.5, executor 0, partition 0, PROCESS_LOCAL, 4412 bytes) taskResourceAssignments Map()
[2025-04-27T12:05:19.237+0000] {spark_submit.py:490} INFO - 25/04/27 12:05:19 INFO TaskSetManager: Finished task 1.0 in stage 20.0 (TID 12) in 1071 ms on 172.18.0.5 (executor 0) (1/2)
[2025-04-27T12:05:19.337+0000] {spark_submit.py:490} INFO - 25/04/27 12:05:19 INFO TaskSetManager: Finished task 0.0 in stage 20.0 (TID 13) in 101 ms on 172.18.0.5 (executor 0) (2/2)
[2025-04-27T12:05:19.337+0000] {spark_submit.py:490} INFO - 25/04/27 12:05:19 INFO TaskSchedulerImpl: Removed TaskSet 20.0, whose tasks have all completed, from pool
[2025-04-27T12:05:19.338+0000] {spark_submit.py:490} INFO - 25/04/27 12:05:19 INFO DAGScheduler: ResultStage 20 (jdbc at NativeMethodAccessorImpl.java:0) finished in 1.204 s
[2025-04-27T12:05:19.338+0000] {spark_submit.py:490} INFO - 25/04/27 12:05:19 INFO DAGScheduler: Job 11 is finished. Cancelling potential speculative or zombie tasks for this job
[2025-04-27T12:05:19.338+0000] {spark_submit.py:490} INFO - 25/04/27 12:05:19 INFO TaskSchedulerImpl: Killing all running tasks in stage 20: Stage finished
[2025-04-27T12:05:19.339+0000] {spark_submit.py:490} INFO - 25/04/27 12:05:19 INFO DAGScheduler: Job 11 finished: jdbc at NativeMethodAccessorImpl.java:0, took 1.211735 s
[2025-04-27T12:05:19.354+0000] {spark_submit.py:490} INFO - INFO:__main__:Запись в mart.suspicious_transactions завершена
[2025-04-27T12:05:19.377+0000] {spark_submit.py:490} INFO - 25/04/27 12:05:19 WARN ClickHouseDriver: ******************************************************************************************
[2025-04-27T12:05:19.377+0000] {spark_submit.py:490} INFO - 25/04/27 12:05:19 WARN ClickHouseDriver: * This driver is DEPRECATED. Please use [com.clickhouse.jdbc.ClickHouseDriver] instead.  *
[2025-04-27T12:05:19.378+0000] {spark_submit.py:490} INFO - 25/04/27 12:05:19 WARN ClickHouseDriver: * Also everything in package [ru.yandex.clickhouse] will be removed starting from 0.4.0. *
[2025-04-27T12:05:19.378+0000] {spark_submit.py:490} INFO - 25/04/27 12:05:19 WARN ClickHouseDriver: ******************************************************************************************
[2025-04-27T12:05:19.530+0000] {spark_submit.py:490} INFO - Traceback (most recent call last):
[2025-04-27T12:05:19.530+0000] {spark_submit.py:490} INFO - File "/opt/airflow/spark/detect_suspicious.py", line 100, in <module>
[2025-04-27T12:05:19.530+0000] {spark_submit.py:490} INFO - .mode("append")
[2025-04-27T12:05:19.531+0000] {spark_submit.py:490} INFO - File "/opt/spark/python/lib/pyspark.zip/pyspark/sql/readwriter.py", line 966, in save
[2025-04-27T12:05:19.531+0000] {spark_submit.py:490} INFO - File "/opt/spark/python/lib/py4j-0.10.9.5-src.zip/py4j/java_gateway.py", line 1322, in __call__
[2025-04-27T12:05:19.531+0000] {spark_submit.py:490} INFO - File "/opt/spark/python/lib/pyspark.zip/pyspark/sql/utils.py", line 190, in deco
[2025-04-27T12:05:19.531+0000] {spark_submit.py:490} INFO - File "/opt/spark/python/lib/py4j-0.10.9.5-src.zip/py4j/protocol.py", line 328, in get_return_value
[2025-04-27T12:05:19.531+0000] {spark_submit.py:490} INFO - py4j.protocol.Py4JJavaError: An error occurred while calling o82.save.
[2025-04-27T12:05:19.532+0000] {spark_submit.py:490} INFO - : ru.yandex.clickhouse.except.ClickHouseException: ClickHouse exception, code: 81, host: clickhouse, port: 8123; Code: 81. DB::Exception: Database finbest doesn't exist. (UNKNOWN_DATABASE) (version 22.3.20.29 (official build))
[2025-04-27T12:05:19.532+0000] {spark_submit.py:490} INFO - 
[2025-04-27T12:05:19.532+0000] {spark_submit.py:490} INFO - at ru.yandex.clickhouse.except.ClickHouseExceptionSpecifier.specify(ClickHouseExceptionSpecifier.java:60)
[2025-04-27T12:05:19.532+0000] {spark_submit.py:490} INFO - at ru.yandex.clickhouse.except.ClickHouseExceptionSpecifier.specify(ClickHouseExceptionSpecifier.java:30)
[2025-04-27T12:05:19.532+0000] {spark_submit.py:490} INFO - at ru.yandex.clickhouse.ClickHouseStatementImpl.checkForErrorAndThrow(ClickHouseStatementImpl.java:1083)
[2025-04-27T12:05:19.532+0000] {spark_submit.py:490} INFO - at ru.yandex.clickhouse.ClickHouseStatementImpl.getInputStream(ClickHouseStatementImpl.java:770)
[2025-04-27T12:05:19.532+0000] {spark_submit.py:490} INFO - at ru.yandex.clickhouse.ClickHouseStatementImpl.getLastInputStream(ClickHouseStatementImpl.java:693)
[2025-04-27T12:05:19.532+0000] {spark_submit.py:490} INFO - at ru.yandex.clickhouse.ClickHouseStatementImpl.executeQuery(ClickHouseStatementImpl.java:341)
[2025-04-27T12:05:19.532+0000] {spark_submit.py:490} INFO - at ru.yandex.clickhouse.ClickHouseStatementImpl.executeQuery(ClickHouseStatementImpl.java:326)
[2025-04-27T12:05:19.532+0000] {spark_submit.py:490} INFO - at ru.yandex.clickhouse.ClickHouseStatementImpl.executeQuery(ClickHouseStatementImpl.java:320)
[2025-04-27T12:05:19.532+0000] {spark_submit.py:490} INFO - at ru.yandex.clickhouse.ClickHouseStatementImpl.executeQuery(ClickHouseStatementImpl.java:314)
[2025-04-27T12:05:19.533+0000] {spark_submit.py:490} INFO - at ru.yandex.clickhouse.ClickHouseConnectionImpl.initConnection(ClickHouseConnectionImpl.java:95)
[2025-04-27T12:05:19.533+0000] {spark_submit.py:490} INFO - at ru.yandex.clickhouse.ClickHouseConnectionImpl.<init>(ClickHouseConnectionImpl.java:79)
[2025-04-27T12:05:19.533+0000] {spark_submit.py:490} INFO - at ru.yandex.clickhouse.ClickHouseDriver.connect(ClickHouseDriver.java:65)
[2025-04-27T12:05:19.533+0000] {spark_submit.py:490} INFO - at ru.yandex.clickhouse.ClickHouseDriver.connect(ClickHouseDriver.java:57)
[2025-04-27T12:05:19.533+0000] {spark_submit.py:490} INFO - at ru.yandex.clickhouse.ClickHouseDriver.connect(ClickHouseDriver.java:36)
[2025-04-27T12:05:19.533+0000] {spark_submit.py:490} INFO - at org.apache.spark.sql.execution.datasources.jdbc.connection.BasicConnectionProvider.getConnection(BasicConnectionProvider.scala:49)
[2025-04-27T12:05:19.533+0000] {spark_submit.py:490} INFO - at org.apache.spark.sql.execution.datasources.jdbc.connection.ConnectionProviderBase.create(ConnectionProvider.scala:102)
[2025-04-27T12:05:19.533+0000] {spark_submit.py:490} INFO - at org.apache.spark.sql.jdbc.JdbcDialect.$anonfun$createConnectionFactory$1(JdbcDialects.scala:122)
[2025-04-27T12:05:19.533+0000] {spark_submit.py:490} INFO - at org.apache.spark.sql.jdbc.JdbcDialect.$anonfun$createConnectionFactory$1$adapted(JdbcDialects.scala:118)
[2025-04-27T12:05:19.533+0000] {spark_submit.py:490} INFO - at org.apache.spark.sql.execution.datasources.jdbc.JdbcRelationProvider.createRelation(JdbcRelationProvider.scala:50)
[2025-04-27T12:05:19.533+0000] {spark_submit.py:490} INFO - at org.apache.spark.sql.execution.datasources.SaveIntoDataSourceCommand.run(SaveIntoDataSourceCommand.scala:45)
[2025-04-27T12:05:19.533+0000] {spark_submit.py:490} INFO - at org.apache.spark.sql.execution.command.ExecutedCommandExec.sideEffectResult$lzycompute(commands.scala:75)
[2025-04-27T12:05:19.534+0000] {spark_submit.py:490} INFO - at org.apache.spark.sql.execution.command.ExecutedCommandExec.sideEffectResult(commands.scala:73)
[2025-04-27T12:05:19.534+0000] {spark_submit.py:490} INFO - at org.apache.spark.sql.execution.command.ExecutedCommandExec.executeCollect(commands.scala:84)
[2025-04-27T12:05:19.534+0000] {spark_submit.py:490} INFO - at org.apache.spark.sql.execution.QueryExecution$$anonfun$eagerlyExecuteCommands$1.$anonfun$applyOrElse$1(QueryExecution.scala:98)
[2025-04-27T12:05:19.534+0000] {spark_submit.py:490} INFO - at org.apache.spark.sql.execution.SQLExecution$.$anonfun$withNewExecutionId$6(SQLExecution.scala:109)
[2025-04-27T12:05:19.534+0000] {spark_submit.py:490} INFO - at org.apache.spark.sql.execution.SQLExecution$.withSQLConfPropagated(SQLExecution.scala:169)
[2025-04-27T12:05:19.534+0000] {spark_submit.py:490} INFO - at org.apache.spark.sql.execution.SQLExecution$.$anonfun$withNewExecutionId$1(SQLExecution.scala:95)
[2025-04-27T12:05:19.534+0000] {spark_submit.py:490} INFO - at org.apache.spark.sql.SparkSession.withActive(SparkSession.scala:779)
[2025-04-27T12:05:19.534+0000] {spark_submit.py:490} INFO - at org.apache.spark.sql.execution.SQLExecution$.withNewExecutionId(SQLExecution.scala:64)
[2025-04-27T12:05:19.534+0000] {spark_submit.py:490} INFO - at org.apache.spark.sql.execution.QueryExecution$$anonfun$eagerlyExecuteCommands$1.applyOrElse(QueryExecution.scala:98)
[2025-04-27T12:05:19.534+0000] {spark_submit.py:490} INFO - at org.apache.spark.sql.execution.QueryExecution$$anonfun$eagerlyExecuteCommands$1.applyOrElse(QueryExecution.scala:94)
[2025-04-27T12:05:19.534+0000] {spark_submit.py:490} INFO - at org.apache.spark.sql.catalyst.trees.TreeNode.$anonfun$transformDownWithPruning$1(TreeNode.scala:584)
[2025-04-27T12:05:19.534+0000] {spark_submit.py:490} INFO - at org.apache.spark.sql.catalyst.trees.CurrentOrigin$.withOrigin(TreeNode.scala:176)
[2025-04-27T12:05:19.535+0000] {spark_submit.py:490} INFO - at org.apache.spark.sql.catalyst.trees.TreeNode.transformDownWithPruning(TreeNode.scala:584)
[2025-04-27T12:05:19.535+0000] {spark_submit.py:490} INFO - at org.apache.spark.sql.catalyst.plans.logical.LogicalPlan.org$apache$spark$sql$catalyst$plans$logical$AnalysisHelper$$super$transformDownWithPruning(LogicalPlan.scala:30)
[2025-04-27T12:05:19.535+0000] {spark_submit.py:490} INFO - at org.apache.spark.sql.catalyst.plans.logical.AnalysisHelper.transformDownWithPruning(AnalysisHelper.scala:267)
[2025-04-27T12:05:19.535+0000] {spark_submit.py:490} INFO - at org.apache.spark.sql.catalyst.plans.logical.AnalysisHelper.transformDownWithPruning$(AnalysisHelper.scala:263)
[2025-04-27T12:05:19.535+0000] {spark_submit.py:490} INFO - at org.apache.spark.sql.catalyst.plans.logical.LogicalPlan.transformDownWithPruning(LogicalPlan.scala:30)
[2025-04-27T12:05:19.535+0000] {spark_submit.py:490} INFO - at org.apache.spark.sql.catalyst.plans.logical.LogicalPlan.transformDownWithPruning(LogicalPlan.scala:30)
[2025-04-27T12:05:19.535+0000] {spark_submit.py:490} INFO - at org.apache.spark.sql.catalyst.trees.TreeNode.transformDown(TreeNode.scala:560)
[2025-04-27T12:05:19.535+0000] {spark_submit.py:490} INFO - at org.apache.spark.sql.execution.QueryExecution.eagerlyExecuteCommands(QueryExecution.scala:94)
[2025-04-27T12:05:19.535+0000] {spark_submit.py:490} INFO - at org.apache.spark.sql.execution.QueryExecution.commandExecuted$lzycompute(QueryExecution.scala:81)
[2025-04-27T12:05:19.535+0000] {spark_submit.py:490} INFO - at org.apache.spark.sql.execution.QueryExecution.commandExecuted(QueryExecution.scala:79)
[2025-04-27T12:05:19.535+0000] {spark_submit.py:490} INFO - at org.apache.spark.sql.execution.QueryExecution.assertCommandExecuted(QueryExecution.scala:116)
[2025-04-27T12:05:19.535+0000] {spark_submit.py:490} INFO - at org.apache.spark.sql.DataFrameWriter.runCommand(DataFrameWriter.scala:860)
[2025-04-27T12:05:19.536+0000] {spark_submit.py:490} INFO - at org.apache.spark.sql.DataFrameWriter.saveToV1Source(DataFrameWriter.scala:390)
[2025-04-27T12:05:19.536+0000] {spark_submit.py:490} INFO - at org.apache.spark.sql.DataFrameWriter.saveInternal(DataFrameWriter.scala:363)
[2025-04-27T12:05:19.536+0000] {spark_submit.py:490} INFO - at org.apache.spark.sql.DataFrameWriter.save(DataFrameWriter.scala:247)
[2025-04-27T12:05:19.536+0000] {spark_submit.py:490} INFO - at java.base/jdk.internal.reflect.NativeMethodAccessorImpl.invoke0(Native Method)
[2025-04-27T12:05:19.536+0000] {spark_submit.py:490} INFO - at java.base/jdk.internal.reflect.NativeMethodAccessorImpl.invoke(NativeMethodAccessorImpl.java:62)
[2025-04-27T12:05:19.536+0000] {spark_submit.py:490} INFO - at java.base/jdk.internal.reflect.DelegatingMethodAccessorImpl.invoke(DelegatingMethodAccessorImpl.java:43)
[2025-04-27T12:05:19.536+0000] {spark_submit.py:490} INFO - at java.base/java.lang.reflect.Method.invoke(Method.java:566)
[2025-04-27T12:05:19.536+0000] {spark_submit.py:490} INFO - at py4j.reflection.MethodInvoker.invoke(MethodInvoker.java:244)
[2025-04-27T12:05:19.536+0000] {spark_submit.py:490} INFO - at py4j.reflection.ReflectionEngine.invoke(ReflectionEngine.java:357)
[2025-04-27T12:05:19.536+0000] {spark_submit.py:490} INFO - at py4j.Gateway.invoke(Gateway.java:282)
[2025-04-27T12:05:19.536+0000] {spark_submit.py:490} INFO - at py4j.commands.AbstractCommand.invokeMethod(AbstractCommand.java:132)
[2025-04-27T12:05:19.536+0000] {spark_submit.py:490} INFO - at py4j.commands.CallCommand.execute(CallCommand.java:79)
[2025-04-27T12:05:19.536+0000] {spark_submit.py:490} INFO - at py4j.ClientServerConnection.waitForCommands(ClientServerConnection.java:182)
[2025-04-27T12:05:19.537+0000] {spark_submit.py:490} INFO - at py4j.ClientServerConnection.run(ClientServerConnection.java:106)
[2025-04-27T12:05:19.537+0000] {spark_submit.py:490} INFO - at java.base/java.lang.Thread.run(Thread.java:829)
[2025-04-27T12:05:19.537+0000] {spark_submit.py:490} INFO - Caused by: java.lang.Throwable: Code: 81. DB::Exception: Database finbest doesn't exist. (UNKNOWN_DATABASE) (version 22.3.20.29 (official build))
[2025-04-27T12:05:19.537+0000] {spark_submit.py:490} INFO - 
[2025-04-27T12:05:19.537+0000] {spark_submit.py:490} INFO - at ru.yandex.clickhouse.except.ClickHouseExceptionSpecifier.specify(ClickHouseExceptionSpecifier.java:55)
[2025-04-27T12:05:19.537+0000] {spark_submit.py:490} INFO - ... 59 more
[2025-04-27T12:05:19.537+0000] {spark_submit.py:490} INFO - 
[2025-04-27T12:05:19.559+0000] {spark_submit.py:490} INFO - 25/04/27 12:05:19 INFO SparkContext: Invoking stop() from shutdown hook
[2025-04-27T12:05:19.565+0000] {spark_submit.py:490} INFO - 25/04/27 12:05:19 INFO SparkUI: Stopped Spark web UI at http://6780dda4d52a:4040
[2025-04-27T12:05:19.567+0000] {spark_submit.py:490} INFO - 25/04/27 12:05:19 INFO StandaloneSchedulerBackend: Shutting down all executors
[2025-04-27T12:05:19.568+0000] {spark_submit.py:490} INFO - 25/04/27 12:05:19 INFO CoarseGrainedSchedulerBackend$DriverEndpoint: Asking each executor to shut down
[2025-04-27T12:05:19.583+0000] {spark_submit.py:490} INFO - 25/04/27 12:05:19 INFO MapOutputTrackerMasterEndpoint: MapOutputTrackerMasterEndpoint stopped!
[2025-04-27T12:05:19.596+0000] {spark_submit.py:490} INFO - 25/04/27 12:05:19 INFO MemoryStore: MemoryStore cleared
[2025-04-27T12:05:19.597+0000] {spark_submit.py:490} INFO - 25/04/27 12:05:19 INFO BlockManager: BlockManager stopped
[2025-04-27T12:05:19.603+0000] {spark_submit.py:490} INFO - 25/04/27 12:05:19 INFO BlockManagerMaster: BlockManagerMaster stopped
[2025-04-27T12:05:19.605+0000] {spark_submit.py:490} INFO - 25/04/27 12:05:19 INFO OutputCommitCoordinator$OutputCommitCoordinatorEndpoint: OutputCommitCoordinator stopped!
[2025-04-27T12:05:19.612+0000] {spark_submit.py:490} INFO - 25/04/27 12:05:19 INFO SparkContext: Successfully stopped SparkContext
[2025-04-27T12:05:19.612+0000] {spark_submit.py:490} INFO - 25/04/27 12:05:19 INFO ShutdownHookManager: Shutdown hook called
[2025-04-27T12:05:19.613+0000] {spark_submit.py:490} INFO - 25/04/27 12:05:19 INFO ShutdownHookManager: Deleting directory /tmp/spark-3f164b30-77ac-4e4f-82d2-e9a52865af88
[2025-04-27T12:05:19.615+0000] {spark_submit.py:490} INFO - 25/04/27 12:05:19 INFO ShutdownHookManager: Deleting directory /tmp/spark-9d7de46a-13dd-4d6d-bb4e-1006423c9494/pyspark-022406ca-841f-414f-84eb-59be07efd981
[2025-04-27T12:05:19.618+0000] {spark_submit.py:490} INFO - 25/04/27 12:05:19 INFO ShutdownHookManager: Deleting directory /tmp/spark-9d7de46a-13dd-4d6d-bb4e-1006423c9494
[2025-04-27T12:05:19.681+0000] {taskinstance.py:1824} ERROR - Task failed with exception
Traceback (most recent call last):
  File "/home/airflow/.local/lib/python3.7/site-packages/airflow/providers/apache/spark/operators/spark_submit.py", line 157, in execute
    self._hook.submit(self._application)
  File "/home/airflow/.local/lib/python3.7/site-packages/airflow/providers/apache/spark/hooks/spark_submit.py", line 422, in submit
    f"Cannot execute: {self._mask_cmd(spark_submit_cmd)}. Error code is: {returncode}."
airflow.exceptions.AirflowException: Cannot execute: spark-submit --master spark://spark-master:7077 --packages org.postgresql:postgresql:42.6.0,ru.yandex.clickhouse:clickhouse-jdbc:0.3.2 --executor-cores 1 --executor-memory 1g --driver-memory 1g --name arrow-spark /opt/airflow/spark/detect_suspicious.py --jdbc jdbc:postgresql://postgres:5432/finbest --clickhouse-url jdbc:clickhouse://clickhouse:8123/finbest. Error code is: 1.
[2025-04-27T12:05:19.684+0000] {taskinstance.py:1350} INFO - Marking task as UP_FOR_RETRY. dag_id=transform, task_id=detect_suspicious, execution_date=20250427T120457, start_date=20250427T120506, end_date=20250427T120519
[2025-04-27T12:05:19.691+0000] {standard_task_runner.py:109} ERROR - Failed to execute job 77 for task detect_suspicious (Cannot execute: spark-submit --master spark://spark-master:7077 --packages org.postgresql:postgresql:42.6.0,ru.yandex.clickhouse:clickhouse-jdbc:0.3.2 --executor-cores 1 --executor-memory 1g --driver-memory 1g --name arrow-spark /opt/airflow/spark/detect_suspicious.py --jdbc jdbc:postgresql://postgres:5432/finbest --clickhouse-url jdbc:clickhouse://clickhouse:8123/finbest. Error code is: 1.; 1488)
[2025-04-27T12:05:19.716+0000] {local_task_job_runner.py:225} INFO - Task exited with return code 1
[2025-04-27T12:05:19.813+0000] {taskinstance.py:2653} INFO - 0 downstream tasks scheduled from follow-on schedule check
