[2025-04-27T12:06:21.946+0000] {taskinstance.py:1103} INFO - Dependencies all met for dep_context=non-requeueable deps ti=<TaskInstance: transform.detect_suspicious manual__2025-04-27T12:04:57.121963+00:00 [queued]>
[2025-04-27T12:06:21.952+0000] {taskinstance.py:1103} INFO - Dependencies all met for dep_context=requeueable deps ti=<TaskInstance: transform.detect_suspicious manual__2025-04-27T12:04:57.121963+00:00 [queued]>
[2025-04-27T12:06:21.952+0000] {taskinstance.py:1308} INFO - Starting attempt 2 of 2
[2025-04-27T12:06:21.962+0000] {taskinstance.py:1327} INFO - Executing <Task(SparkSubmitOperator): detect_suspicious> on 2025-04-27 12:04:57.121963+00:00
[2025-04-27T12:06:21.966+0000] {standard_task_runner.py:57} INFO - Started process 1850 to run task
[2025-04-27T12:06:21.968+0000] {standard_task_runner.py:84} INFO - Running: ['airflow', 'tasks', 'run', 'transform', 'detect_suspicious', 'manual__2025-04-27T12:04:57.121963+00:00', '--job-id', '78', '--raw', '--subdir', 'DAGS_FOLDER/transform.py', '--cfg-path', '/tmp/tmptes8wkyy']
[2025-04-27T12:06:21.969+0000] {standard_task_runner.py:85} INFO - Job 78: Subtask detect_suspicious
[2025-04-27T12:06:22.005+0000] {task_command.py:410} INFO - Running <TaskInstance: transform.detect_suspicious manual__2025-04-27T12:04:57.121963+00:00 [running]> on host 6780dda4d52a
[2025-04-27T12:06:22.135+0000] {taskinstance.py:1547} INFO - Exporting env vars: AIRFLOW_CTX_DAG_OWNER='finbest' AIRFLOW_CTX_DAG_ID='transform' AIRFLOW_CTX_TASK_ID='detect_suspicious' AIRFLOW_CTX_EXECUTION_DATE='2025-04-27T12:04:57.121963+00:00' AIRFLOW_CTX_TRY_NUMBER='2' AIRFLOW_CTX_DAG_RUN_ID='manual__2025-04-27T12:04:57.121963+00:00'
[2025-04-27T12:06:22.143+0000] {base.py:73} INFO - Using connection ID 'spark_default' for task execution.
[2025-04-27T12:06:22.144+0000] {spark_submit.py:339} INFO - Spark-Submit cmd: spark-submit --master spark://spark-master:7077 --packages org.postgresql:postgresql:42.6.0,ru.yandex.clickhouse:clickhouse-jdbc:0.3.2 --executor-cores 1 --executor-memory 1g --driver-memory 1g --name arrow-spark /opt/airflow/spark/detect_suspicious.py --jdbc jdbc:postgresql://postgres:5432/finbest --clickhouse-url jdbc:clickhouse://clickhouse:8123/finbest
[2025-04-27T12:06:23.311+0000] {spark_submit.py:490} INFO - :: loading settings :: url = jar:file:/opt/spark/jars/ivy-2.5.0.jar!/org/apache/ivy/core/settings/ivysettings.xml
[2025-04-27T12:06:23.381+0000] {spark_submit.py:490} INFO - Ivy Default Cache set to: /home/airflow/.ivy2/cache
[2025-04-27T12:06:23.382+0000] {spark_submit.py:490} INFO - The jars for the packages stored in: /home/airflow/.ivy2/jars
[2025-04-27T12:06:23.386+0000] {spark_submit.py:490} INFO - org.postgresql#postgresql added as a dependency
[2025-04-27T12:06:23.386+0000] {spark_submit.py:490} INFO - ru.yandex.clickhouse#clickhouse-jdbc added as a dependency
[2025-04-27T12:06:23.387+0000] {spark_submit.py:490} INFO - :: resolving dependencies :: org.apache.spark#spark-submit-parent-c00bbee1-549b-45d0-bf2a-20024be62d09;1.0
[2025-04-27T12:06:23.387+0000] {spark_submit.py:490} INFO - confs: [default]
[2025-04-27T12:06:23.465+0000] {spark_submit.py:490} INFO - found org.postgresql#postgresql;42.6.0 in central
[2025-04-27T12:06:23.480+0000] {spark_submit.py:490} INFO - found org.checkerframework#checker-qual;3.31.0 in central
[2025-04-27T12:06:23.498+0000] {spark_submit.py:490} INFO - found ru.yandex.clickhouse#clickhouse-jdbc;0.3.2 in central
[2025-04-27T12:06:23.514+0000] {spark_submit.py:490} INFO - found com.clickhouse#clickhouse-http-client;0.3.2 in central
[2025-04-27T12:06:23.535+0000] {spark_submit.py:490} INFO - found com.clickhouse#clickhouse-client;0.3.2 in central
[2025-04-27T12:06:23.555+0000] {spark_submit.py:490} INFO - found org.lz4#lz4-java;1.8.0 in central
[2025-04-27T12:06:23.574+0000] {spark_submit.py:490} INFO - found com.google.code.gson#gson;2.8.8 in central
[2025-04-27T12:06:23.591+0000] {spark_submit.py:490} INFO - found org.apache.httpcomponents#httpclient;4.5.13 in central
[2025-04-27T12:06:23.607+0000] {spark_submit.py:490} INFO - found org.apache.httpcomponents#httpcore;4.4.13 in central
[2025-04-27T12:06:23.624+0000] {spark_submit.py:490} INFO - found commons-logging#commons-logging;1.2 in central
[2025-04-27T12:06:23.641+0000] {spark_submit.py:490} INFO - found commons-codec#commons-codec;1.11 in central
[2025-04-27T12:06:23.656+0000] {spark_submit.py:490} INFO - found org.apache.httpcomponents#httpmime;4.5.13 in central
[2025-04-27T12:06:23.680+0000] {spark_submit.py:490} INFO - :: resolution report :: resolve 282ms :: artifacts dl 11ms
[2025-04-27T12:06:23.681+0000] {spark_submit.py:490} INFO - :: modules in use:
[2025-04-27T12:06:23.681+0000] {spark_submit.py:490} INFO - com.clickhouse#clickhouse-client;0.3.2 from central in [default]
[2025-04-27T12:06:23.681+0000] {spark_submit.py:490} INFO - com.clickhouse#clickhouse-http-client;0.3.2 from central in [default]
[2025-04-27T12:06:23.681+0000] {spark_submit.py:490} INFO - com.google.code.gson#gson;2.8.8 from central in [default]
[2025-04-27T12:06:23.681+0000] {spark_submit.py:490} INFO - commons-codec#commons-codec;1.11 from central in [default]
[2025-04-27T12:06:23.681+0000] {spark_submit.py:490} INFO - commons-logging#commons-logging;1.2 from central in [default]
[2025-04-27T12:06:23.681+0000] {spark_submit.py:490} INFO - org.apache.httpcomponents#httpclient;4.5.13 from central in [default]
[2025-04-27T12:06:23.681+0000] {spark_submit.py:490} INFO - org.apache.httpcomponents#httpcore;4.4.13 from central in [default]
[2025-04-27T12:06:23.681+0000] {spark_submit.py:490} INFO - org.apache.httpcomponents#httpmime;4.5.13 from central in [default]
[2025-04-27T12:06:23.681+0000] {spark_submit.py:490} INFO - org.checkerframework#checker-qual;3.31.0 from central in [default]
[2025-04-27T12:06:23.682+0000] {spark_submit.py:490} INFO - org.lz4#lz4-java;1.8.0 from central in [default]
[2025-04-27T12:06:23.682+0000] {spark_submit.py:490} INFO - org.postgresql#postgresql;42.6.0 from central in [default]
[2025-04-27T12:06:23.682+0000] {spark_submit.py:490} INFO - ru.yandex.clickhouse#clickhouse-jdbc;0.3.2 from central in [default]
[2025-04-27T12:06:23.682+0000] {spark_submit.py:490} INFO - ---------------------------------------------------------------------
[2025-04-27T12:06:23.682+0000] {spark_submit.py:490} INFO - |                  |            modules            ||   artifacts   |
[2025-04-27T12:06:23.682+0000] {spark_submit.py:490} INFO - |       conf       | number| search|dwnlded|evicted|| number|dwnlded|
[2025-04-27T12:06:23.682+0000] {spark_submit.py:490} INFO - ---------------------------------------------------------------------
[2025-04-27T12:06:23.682+0000] {spark_submit.py:490} INFO - |      default     |   12  |   0   |   0   |   0   ||   12  |   0   |
[2025-04-27T12:06:23.682+0000] {spark_submit.py:490} INFO - ---------------------------------------------------------------------
[2025-04-27T12:06:23.687+0000] {spark_submit.py:490} INFO - :: retrieving :: org.apache.spark#spark-submit-parent-c00bbee1-549b-45d0-bf2a-20024be62d09
[2025-04-27T12:06:23.687+0000] {spark_submit.py:490} INFO - confs: [default]
[2025-04-27T12:06:23.695+0000] {spark_submit.py:490} INFO - 0 artifacts copied, 12 already retrieved (0kB/7ms)
[2025-04-27T12:06:23.893+0000] {spark_submit.py:490} INFO - 25/04/27 12:06:23 WARN NativeCodeLoader: Unable to load native-hadoop library for your platform... using builtin-java classes where applicable
[2025-04-27T12:06:24.610+0000] {spark_submit.py:490} INFO - 25/04/27 12:06:24 INFO SparkContext: Running Spark version 3.3.0
[2025-04-27T12:06:24.626+0000] {spark_submit.py:490} INFO - 25/04/27 12:06:24 INFO ResourceUtils: ==============================================================
[2025-04-27T12:06:24.626+0000] {spark_submit.py:490} INFO - 25/04/27 12:06:24 INFO ResourceUtils: No custom resources configured for spark.driver.
[2025-04-27T12:06:24.627+0000] {spark_submit.py:490} INFO - 25/04/27 12:06:24 INFO ResourceUtils: ==============================================================
[2025-04-27T12:06:24.627+0000] {spark_submit.py:490} INFO - 25/04/27 12:06:24 INFO SparkContext: Submitted application: FinBestDetect
[2025-04-27T12:06:24.644+0000] {spark_submit.py:490} INFO - 25/04/27 12:06:24 INFO ResourceProfile: Default ResourceProfile created, executor resources: Map(cores -> name: cores, amount: 1, script: , vendor: , memory -> name: memory, amount: 1024, script: , vendor: , offHeap -> name: offHeap, amount: 0, script: , vendor: ), task resources: Map(cpus -> name: cpus, amount: 1.0)
[2025-04-27T12:06:24.654+0000] {spark_submit.py:490} INFO - 25/04/27 12:06:24 INFO ResourceProfile: Limiting resource is cpus at 1 tasks per executor
[2025-04-27T12:06:24.655+0000] {spark_submit.py:490} INFO - 25/04/27 12:06:24 INFO ResourceProfileManager: Added ResourceProfile id: 0
[2025-04-27T12:06:24.700+0000] {spark_submit.py:490} INFO - 25/04/27 12:06:24 INFO SecurityManager: Changing view acls to: airflow
[2025-04-27T12:06:24.701+0000] {spark_submit.py:490} INFO - 25/04/27 12:06:24 INFO SecurityManager: Changing modify acls to: airflow
[2025-04-27T12:06:24.701+0000] {spark_submit.py:490} INFO - 25/04/27 12:06:24 INFO SecurityManager: Changing view acls groups to:
[2025-04-27T12:06:24.701+0000] {spark_submit.py:490} INFO - 25/04/27 12:06:24 INFO SecurityManager: Changing modify acls groups to:
[2025-04-27T12:06:24.701+0000] {spark_submit.py:490} INFO - 25/04/27 12:06:24 INFO SecurityManager: SecurityManager: authentication disabled; ui acls disabled; users  with view permissions: Set(airflow); groups with view permissions: Set(); users  with modify permissions: Set(airflow); groups with modify permissions: Set()
[2025-04-27T12:06:24.911+0000] {spark_submit.py:490} INFO - 25/04/27 12:06:24 INFO Utils: Successfully started service 'sparkDriver' on port 35049.
[2025-04-27T12:06:24.930+0000] {spark_submit.py:490} INFO - 25/04/27 12:06:24 INFO SparkEnv: Registering MapOutputTracker
[2025-04-27T12:06:24.954+0000] {spark_submit.py:490} INFO - 25/04/27 12:06:24 INFO SparkEnv: Registering BlockManagerMaster
[2025-04-27T12:06:24.968+0000] {spark_submit.py:490} INFO - 25/04/27 12:06:24 INFO BlockManagerMasterEndpoint: Using org.apache.spark.storage.DefaultTopologyMapper for getting topology information
[2025-04-27T12:06:24.969+0000] {spark_submit.py:490} INFO - 25/04/27 12:06:24 INFO BlockManagerMasterEndpoint: BlockManagerMasterEndpoint up
[2025-04-27T12:06:24.972+0000] {spark_submit.py:490} INFO - 25/04/27 12:06:24 INFO SparkEnv: Registering BlockManagerMasterHeartbeat
[2025-04-27T12:06:24.986+0000] {spark_submit.py:490} INFO - 25/04/27 12:06:24 INFO DiskBlockManager: Created local directory at /tmp/blockmgr-17ae6d70-bce2-41f5-af36-0a88a8c04522
[2025-04-27T12:06:24.998+0000] {spark_submit.py:490} INFO - 25/04/27 12:06:24 INFO MemoryStore: MemoryStore started with capacity 434.4 MiB
[2025-04-27T12:06:25.012+0000] {spark_submit.py:490} INFO - 25/04/27 12:06:25 INFO SparkEnv: Registering OutputCommitCoordinator
[2025-04-27T12:06:25.147+0000] {spark_submit.py:490} INFO - 25/04/27 12:06:25 INFO Utils: Successfully started service 'SparkUI' on port 4040.
[2025-04-27T12:06:25.177+0000] {spark_submit.py:490} INFO - 25/04/27 12:06:25 INFO SparkContext: Added JAR file:///home/airflow/.ivy2/jars/org.postgresql_postgresql-42.6.0.jar at spark://6780dda4d52a:35049/jars/org.postgresql_postgresql-42.6.0.jar with timestamp 1745755584604
[2025-04-27T12:06:25.177+0000] {spark_submit.py:490} INFO - 25/04/27 12:06:25 INFO SparkContext: Added JAR file:///home/airflow/.ivy2/jars/ru.yandex.clickhouse_clickhouse-jdbc-0.3.2.jar at spark://6780dda4d52a:35049/jars/ru.yandex.clickhouse_clickhouse-jdbc-0.3.2.jar with timestamp 1745755584604
[2025-04-27T12:06:25.178+0000] {spark_submit.py:490} INFO - 25/04/27 12:06:25 INFO SparkContext: Added JAR file:///home/airflow/.ivy2/jars/org.checkerframework_checker-qual-3.31.0.jar at spark://6780dda4d52a:35049/jars/org.checkerframework_checker-qual-3.31.0.jar with timestamp 1745755584604
[2025-04-27T12:06:25.178+0000] {spark_submit.py:490} INFO - 25/04/27 12:06:25 INFO SparkContext: Added JAR file:///home/airflow/.ivy2/jars/com.clickhouse_clickhouse-http-client-0.3.2.jar at spark://6780dda4d52a:35049/jars/com.clickhouse_clickhouse-http-client-0.3.2.jar with timestamp 1745755584604
[2025-04-27T12:06:25.178+0000] {spark_submit.py:490} INFO - 25/04/27 12:06:25 INFO SparkContext: Added JAR file:///home/airflow/.ivy2/jars/com.google.code.gson_gson-2.8.8.jar at spark://6780dda4d52a:35049/jars/com.google.code.gson_gson-2.8.8.jar with timestamp 1745755584604
[2025-04-27T12:06:25.178+0000] {spark_submit.py:490} INFO - 25/04/27 12:06:25 INFO SparkContext: Added JAR file:///home/airflow/.ivy2/jars/org.apache.httpcomponents_httpclient-4.5.13.jar at spark://6780dda4d52a:35049/jars/org.apache.httpcomponents_httpclient-4.5.13.jar with timestamp 1745755584604
[2025-04-27T12:06:25.178+0000] {spark_submit.py:490} INFO - 25/04/27 12:06:25 INFO SparkContext: Added JAR file:///home/airflow/.ivy2/jars/org.apache.httpcomponents_httpmime-4.5.13.jar at spark://6780dda4d52a:35049/jars/org.apache.httpcomponents_httpmime-4.5.13.jar with timestamp 1745755584604
[2025-04-27T12:06:25.178+0000] {spark_submit.py:490} INFO - 25/04/27 12:06:25 INFO SparkContext: Added JAR file:///home/airflow/.ivy2/jars/org.lz4_lz4-java-1.8.0.jar at spark://6780dda4d52a:35049/jars/org.lz4_lz4-java-1.8.0.jar with timestamp 1745755584604
[2025-04-27T12:06:25.178+0000] {spark_submit.py:490} INFO - 25/04/27 12:06:25 INFO SparkContext: Added JAR file:///home/airflow/.ivy2/jars/com.clickhouse_clickhouse-client-0.3.2.jar at spark://6780dda4d52a:35049/jars/com.clickhouse_clickhouse-client-0.3.2.jar with timestamp 1745755584604
[2025-04-27T12:06:25.178+0000] {spark_submit.py:490} INFO - 25/04/27 12:06:25 INFO SparkContext: Added JAR file:///home/airflow/.ivy2/jars/org.apache.httpcomponents_httpcore-4.4.13.jar at spark://6780dda4d52a:35049/jars/org.apache.httpcomponents_httpcore-4.4.13.jar with timestamp 1745755584604
[2025-04-27T12:06:25.179+0000] {spark_submit.py:490} INFO - 25/04/27 12:06:25 INFO SparkContext: Added JAR file:///home/airflow/.ivy2/jars/commons-logging_commons-logging-1.2.jar at spark://6780dda4d52a:35049/jars/commons-logging_commons-logging-1.2.jar with timestamp 1745755584604
[2025-04-27T12:06:25.179+0000] {spark_submit.py:490} INFO - 25/04/27 12:06:25 INFO SparkContext: Added JAR file:///home/airflow/.ivy2/jars/commons-codec_commons-codec-1.11.jar at spark://6780dda4d52a:35049/jars/commons-codec_commons-codec-1.11.jar with timestamp 1745755584604
[2025-04-27T12:06:25.181+0000] {spark_submit.py:490} INFO - 25/04/27 12:06:25 INFO SparkContext: Added file file:///home/airflow/.ivy2/jars/org.postgresql_postgresql-42.6.0.jar at spark://6780dda4d52a:35049/files/org.postgresql_postgresql-42.6.0.jar with timestamp 1745755584604
[2025-04-27T12:06:25.183+0000] {spark_submit.py:490} INFO - 25/04/27 12:06:25 INFO Utils: Copying /home/airflow/.ivy2/jars/org.postgresql_postgresql-42.6.0.jar to /tmp/spark-842e6b14-1799-4ee2-9e8e-fab7cb95d071/userFiles-8a1487fc-fc4a-4e38-acb1-168cacbe7809/org.postgresql_postgresql-42.6.0.jar
[2025-04-27T12:06:25.191+0000] {spark_submit.py:490} INFO - 25/04/27 12:06:25 INFO SparkContext: Added file file:///home/airflow/.ivy2/jars/ru.yandex.clickhouse_clickhouse-jdbc-0.3.2.jar at spark://6780dda4d52a:35049/files/ru.yandex.clickhouse_clickhouse-jdbc-0.3.2.jar with timestamp 1745755584604
[2025-04-27T12:06:25.191+0000] {spark_submit.py:490} INFO - 25/04/27 12:06:25 INFO Utils: Copying /home/airflow/.ivy2/jars/ru.yandex.clickhouse_clickhouse-jdbc-0.3.2.jar to /tmp/spark-842e6b14-1799-4ee2-9e8e-fab7cb95d071/userFiles-8a1487fc-fc4a-4e38-acb1-168cacbe7809/ru.yandex.clickhouse_clickhouse-jdbc-0.3.2.jar
[2025-04-27T12:06:25.194+0000] {spark_submit.py:490} INFO - 25/04/27 12:06:25 INFO SparkContext: Added file file:///home/airflow/.ivy2/jars/org.checkerframework_checker-qual-3.31.0.jar at spark://6780dda4d52a:35049/files/org.checkerframework_checker-qual-3.31.0.jar with timestamp 1745755584604
[2025-04-27T12:06:25.194+0000] {spark_submit.py:490} INFO - 25/04/27 12:06:25 INFO Utils: Copying /home/airflow/.ivy2/jars/org.checkerframework_checker-qual-3.31.0.jar to /tmp/spark-842e6b14-1799-4ee2-9e8e-fab7cb95d071/userFiles-8a1487fc-fc4a-4e38-acb1-168cacbe7809/org.checkerframework_checker-qual-3.31.0.jar
[2025-04-27T12:06:25.198+0000] {spark_submit.py:490} INFO - 25/04/27 12:06:25 INFO SparkContext: Added file file:///home/airflow/.ivy2/jars/com.clickhouse_clickhouse-http-client-0.3.2.jar at spark://6780dda4d52a:35049/files/com.clickhouse_clickhouse-http-client-0.3.2.jar with timestamp 1745755584604
[2025-04-27T12:06:25.198+0000] {spark_submit.py:490} INFO - 25/04/27 12:06:25 INFO Utils: Copying /home/airflow/.ivy2/jars/com.clickhouse_clickhouse-http-client-0.3.2.jar to /tmp/spark-842e6b14-1799-4ee2-9e8e-fab7cb95d071/userFiles-8a1487fc-fc4a-4e38-acb1-168cacbe7809/com.clickhouse_clickhouse-http-client-0.3.2.jar
[2025-04-27T12:06:25.201+0000] {spark_submit.py:490} INFO - 25/04/27 12:06:25 INFO SparkContext: Added file file:///home/airflow/.ivy2/jars/com.google.code.gson_gson-2.8.8.jar at spark://6780dda4d52a:35049/files/com.google.code.gson_gson-2.8.8.jar with timestamp 1745755584604
[2025-04-27T12:06:25.202+0000] {spark_submit.py:490} INFO - 25/04/27 12:06:25 INFO Utils: Copying /home/airflow/.ivy2/jars/com.google.code.gson_gson-2.8.8.jar to /tmp/spark-842e6b14-1799-4ee2-9e8e-fab7cb95d071/userFiles-8a1487fc-fc4a-4e38-acb1-168cacbe7809/com.google.code.gson_gson-2.8.8.jar
[2025-04-27T12:06:25.205+0000] {spark_submit.py:490} INFO - 25/04/27 12:06:25 INFO SparkContext: Added file file:///home/airflow/.ivy2/jars/org.apache.httpcomponents_httpclient-4.5.13.jar at spark://6780dda4d52a:35049/files/org.apache.httpcomponents_httpclient-4.5.13.jar with timestamp 1745755584604
[2025-04-27T12:06:25.205+0000] {spark_submit.py:490} INFO - 25/04/27 12:06:25 INFO Utils: Copying /home/airflow/.ivy2/jars/org.apache.httpcomponents_httpclient-4.5.13.jar to /tmp/spark-842e6b14-1799-4ee2-9e8e-fab7cb95d071/userFiles-8a1487fc-fc4a-4e38-acb1-168cacbe7809/org.apache.httpcomponents_httpclient-4.5.13.jar
[2025-04-27T12:06:25.208+0000] {spark_submit.py:490} INFO - 25/04/27 12:06:25 INFO SparkContext: Added file file:///home/airflow/.ivy2/jars/org.apache.httpcomponents_httpmime-4.5.13.jar at spark://6780dda4d52a:35049/files/org.apache.httpcomponents_httpmime-4.5.13.jar with timestamp 1745755584604
[2025-04-27T12:06:25.209+0000] {spark_submit.py:490} INFO - 25/04/27 12:06:25 INFO Utils: Copying /home/airflow/.ivy2/jars/org.apache.httpcomponents_httpmime-4.5.13.jar to /tmp/spark-842e6b14-1799-4ee2-9e8e-fab7cb95d071/userFiles-8a1487fc-fc4a-4e38-acb1-168cacbe7809/org.apache.httpcomponents_httpmime-4.5.13.jar
[2025-04-27T12:06:25.212+0000] {spark_submit.py:490} INFO - 25/04/27 12:06:25 INFO SparkContext: Added file file:///home/airflow/.ivy2/jars/org.lz4_lz4-java-1.8.0.jar at spark://6780dda4d52a:35049/files/org.lz4_lz4-java-1.8.0.jar with timestamp 1745755584604
[2025-04-27T12:06:25.212+0000] {spark_submit.py:490} INFO - 25/04/27 12:06:25 INFO Utils: Copying /home/airflow/.ivy2/jars/org.lz4_lz4-java-1.8.0.jar to /tmp/spark-842e6b14-1799-4ee2-9e8e-fab7cb95d071/userFiles-8a1487fc-fc4a-4e38-acb1-168cacbe7809/org.lz4_lz4-java-1.8.0.jar
[2025-04-27T12:06:25.215+0000] {spark_submit.py:490} INFO - 25/04/27 12:06:25 INFO SparkContext: Added file file:///home/airflow/.ivy2/jars/com.clickhouse_clickhouse-client-0.3.2.jar at spark://6780dda4d52a:35049/files/com.clickhouse_clickhouse-client-0.3.2.jar with timestamp 1745755584604
[2025-04-27T12:06:25.216+0000] {spark_submit.py:490} INFO - 25/04/27 12:06:25 INFO Utils: Copying /home/airflow/.ivy2/jars/com.clickhouse_clickhouse-client-0.3.2.jar to /tmp/spark-842e6b14-1799-4ee2-9e8e-fab7cb95d071/userFiles-8a1487fc-fc4a-4e38-acb1-168cacbe7809/com.clickhouse_clickhouse-client-0.3.2.jar
[2025-04-27T12:06:25.219+0000] {spark_submit.py:490} INFO - 25/04/27 12:06:25 INFO SparkContext: Added file file:///home/airflow/.ivy2/jars/org.apache.httpcomponents_httpcore-4.4.13.jar at spark://6780dda4d52a:35049/files/org.apache.httpcomponents_httpcore-4.4.13.jar with timestamp 1745755584604
[2025-04-27T12:06:25.220+0000] {spark_submit.py:490} INFO - 25/04/27 12:06:25 INFO Utils: Copying /home/airflow/.ivy2/jars/org.apache.httpcomponents_httpcore-4.4.13.jar to /tmp/spark-842e6b14-1799-4ee2-9e8e-fab7cb95d071/userFiles-8a1487fc-fc4a-4e38-acb1-168cacbe7809/org.apache.httpcomponents_httpcore-4.4.13.jar
[2025-04-27T12:06:25.223+0000] {spark_submit.py:490} INFO - 25/04/27 12:06:25 INFO SparkContext: Added file file:///home/airflow/.ivy2/jars/commons-logging_commons-logging-1.2.jar at spark://6780dda4d52a:35049/files/commons-logging_commons-logging-1.2.jar with timestamp 1745755584604
[2025-04-27T12:06:25.223+0000] {spark_submit.py:490} INFO - 25/04/27 12:06:25 INFO Utils: Copying /home/airflow/.ivy2/jars/commons-logging_commons-logging-1.2.jar to /tmp/spark-842e6b14-1799-4ee2-9e8e-fab7cb95d071/userFiles-8a1487fc-fc4a-4e38-acb1-168cacbe7809/commons-logging_commons-logging-1.2.jar
[2025-04-27T12:06:25.227+0000] {spark_submit.py:490} INFO - 25/04/27 12:06:25 INFO SparkContext: Added file file:///home/airflow/.ivy2/jars/commons-codec_commons-codec-1.11.jar at spark://6780dda4d52a:35049/files/commons-codec_commons-codec-1.11.jar with timestamp 1745755584604
[2025-04-27T12:06:25.227+0000] {spark_submit.py:490} INFO - 25/04/27 12:06:25 INFO Utils: Copying /home/airflow/.ivy2/jars/commons-codec_commons-codec-1.11.jar to /tmp/spark-842e6b14-1799-4ee2-9e8e-fab7cb95d071/userFiles-8a1487fc-fc4a-4e38-acb1-168cacbe7809/commons-codec_commons-codec-1.11.jar
[2025-04-27T12:06:25.300+0000] {spark_submit.py:490} INFO - 25/04/27 12:06:25 INFO StandaloneAppClient$ClientEndpoint: Connecting to master spark://spark-master:7077...
[2025-04-27T12:06:25.331+0000] {spark_submit.py:490} INFO - 25/04/27 12:06:25 INFO TransportClientFactory: Successfully created connection to spark-master/172.18.0.2:7077 after 18 ms (0 ms spent in bootstraps)
[2025-04-27T12:06:25.393+0000] {spark_submit.py:490} INFO - 25/04/27 12:06:25 INFO StandaloneSchedulerBackend: Connected to Spark cluster with app ID app-20250427120625-0005
[2025-04-27T12:06:25.395+0000] {spark_submit.py:490} INFO - 25/04/27 12:06:25 INFO StandaloneAppClient$ClientEndpoint: Executor added: app-20250427120625-0005/0 on worker-20250427114819-172.18.0.5-35411 (172.18.0.5:35411) with 1 core(s)
[2025-04-27T12:06:25.397+0000] {spark_submit.py:490} INFO - 25/04/27 12:06:25 INFO StandaloneSchedulerBackend: Granted executor ID app-20250427120625-0005/0 on hostPort 172.18.0.5:35411 with 1 core(s), 1024.0 MiB RAM
[2025-04-27T12:06:25.399+0000] {spark_submit.py:490} INFO - 25/04/27 12:06:25 INFO Utils: Successfully started service 'org.apache.spark.network.netty.NettyBlockTransferService' on port 39379.
[2025-04-27T12:06:25.399+0000] {spark_submit.py:490} INFO - 25/04/27 12:06:25 INFO NettyBlockTransferService: Server created on 6780dda4d52a:39379
[2025-04-27T12:06:25.401+0000] {spark_submit.py:490} INFO - 25/04/27 12:06:25 INFO BlockManager: Using org.apache.spark.storage.RandomBlockReplicationPolicy for block replication policy
[2025-04-27T12:06:25.407+0000] {spark_submit.py:490} INFO - 25/04/27 12:06:25 INFO BlockManagerMaster: Registering BlockManager BlockManagerId(driver, 6780dda4d52a, 39379, None)
[2025-04-27T12:06:25.410+0000] {spark_submit.py:490} INFO - 25/04/27 12:06:25 INFO BlockManagerMasterEndpoint: Registering block manager 6780dda4d52a:39379 with 434.4 MiB RAM, BlockManagerId(driver, 6780dda4d52a, 39379, None)
[2025-04-27T12:06:25.413+0000] {spark_submit.py:490} INFO - 25/04/27 12:06:25 INFO BlockManagerMaster: Registered BlockManager BlockManagerId(driver, 6780dda4d52a, 39379, None)
[2025-04-27T12:06:25.415+0000] {spark_submit.py:490} INFO - 25/04/27 12:06:25 INFO BlockManager: Initialized BlockManager: BlockManagerId(driver, 6780dda4d52a, 39379, None)
[2025-04-27T12:06:25.420+0000] {spark_submit.py:490} INFO - 25/04/27 12:06:25 INFO StandaloneAppClient$ClientEndpoint: Executor updated: app-20250427120625-0005/0 is now RUNNING
[2025-04-27T12:06:25.574+0000] {spark_submit.py:490} INFO - 25/04/27 12:06:25 INFO StandaloneSchedulerBackend: SchedulerBackend is ready for scheduling beginning after reached minRegisteredResourcesRatio: 0.0
[2025-04-27T12:06:25.721+0000] {spark_submit.py:490} INFO - INFO:__main__:SparkSession создан
[2025-04-27T12:06:25.727+0000] {spark_submit.py:490} INFO - 25/04/27 12:06:25 INFO SharedState: Setting hive.metastore.warehouse.dir ('null') to the value of spark.sql.warehouse.dir.
[2025-04-27T12:06:25.730+0000] {spark_submit.py:490} INFO - 25/04/27 12:06:25 INFO SharedState: Warehouse path is 'file:/opt/airflow/spark-warehouse'.
[2025-04-27T12:06:27.526+0000] {spark_submit.py:490} INFO - 25/04/27 12:06:27 INFO CoarseGrainedSchedulerBackend$DriverEndpoint: Registered executor NettyRpcEndpointRef(spark-client://Executor) (172.18.0.5:51894) with ID 0,  ResourceProfileId 0
[2025-04-27T12:06:27.616+0000] {spark_submit.py:490} INFO - 25/04/27 12:06:27 INFO BlockManagerMasterEndpoint: Registering block manager 172.18.0.5:38321 with 366.3 MiB RAM, BlockManagerId(0, 172.18.0.5, 38321, None)
[2025-04-27T12:06:28.813+0000] {spark_submit.py:490} INFO - 25/04/27 12:06:28 INFO CodeGenerator: Code generated in 89.102981 ms
[2025-04-27T12:06:28.870+0000] {spark_submit.py:490} INFO - 25/04/27 12:06:28 INFO DAGScheduler: Registering RDD 2 (count at NativeMethodAccessorImpl.java:0) as input to shuffle 0
[2025-04-27T12:06:28.872+0000] {spark_submit.py:490} INFO - 25/04/27 12:06:28 INFO DAGScheduler: Got map stage job 0 (count at NativeMethodAccessorImpl.java:0) with 1 output partitions
[2025-04-27T12:06:28.873+0000] {spark_submit.py:490} INFO - 25/04/27 12:06:28 INFO DAGScheduler: Final stage: ShuffleMapStage 0 (count at NativeMethodAccessorImpl.java:0)
[2025-04-27T12:06:28.873+0000] {spark_submit.py:490} INFO - 25/04/27 12:06:28 INFO DAGScheduler: Parents of final stage: List()
[2025-04-27T12:06:28.874+0000] {spark_submit.py:490} INFO - 25/04/27 12:06:28 INFO DAGScheduler: Missing parents: List()
[2025-04-27T12:06:28.878+0000] {spark_submit.py:490} INFO - 25/04/27 12:06:28 INFO DAGScheduler: Submitting ShuffleMapStage 0 (MapPartitionsRDD[2] at count at NativeMethodAccessorImpl.java:0), which has no missing parents
[2025-04-27T12:06:28.990+0000] {spark_submit.py:490} INFO - 25/04/27 12:06:28 INFO MemoryStore: Block broadcast_0 stored as values in memory (estimated size 13.3 KiB, free 434.4 MiB)
[2025-04-27T12:06:29.024+0000] {spark_submit.py:490} INFO - 25/04/27 12:06:29 INFO MemoryStore: Block broadcast_0_piece0 stored as bytes in memory (estimated size 7.0 KiB, free 434.4 MiB)
[2025-04-27T12:06:29.027+0000] {spark_submit.py:490} INFO - 25/04/27 12:06:29 INFO BlockManagerInfo: Added broadcast_0_piece0 in memory on 6780dda4d52a:39379 (size: 7.0 KiB, free: 434.4 MiB)
[2025-04-27T12:06:29.032+0000] {spark_submit.py:490} INFO - 25/04/27 12:06:29 INFO SparkContext: Created broadcast 0 from broadcast at DAGScheduler.scala:1513
[2025-04-27T12:06:29.049+0000] {spark_submit.py:490} INFO - 25/04/27 12:06:29 INFO DAGScheduler: Submitting 1 missing tasks from ShuffleMapStage 0 (MapPartitionsRDD[2] at count at NativeMethodAccessorImpl.java:0) (first 15 tasks are for partitions Vector(0))
[2025-04-27T12:06:29.050+0000] {spark_submit.py:490} INFO - 25/04/27 12:06:29 INFO TaskSchedulerImpl: Adding task set 0.0 with 1 tasks resource profile 0
[2025-04-27T12:06:29.084+0000] {spark_submit.py:490} INFO - 25/04/27 12:06:29 INFO TaskSetManager: Starting task 0.0 in stage 0.0 (TID 0) (172.18.0.5, executor 0, partition 0, PROCESS_LOCAL, 4292 bytes) taskResourceAssignments Map()
[2025-04-27T12:06:29.266+0000] {spark_submit.py:490} INFO - 25/04/27 12:06:29 INFO BlockManagerInfo: Added broadcast_0_piece0 in memory on 172.18.0.5:38321 (size: 7.0 KiB, free: 366.3 MiB)
[2025-04-27T12:06:30.113+0000] {spark_submit.py:490} INFO - 25/04/27 12:06:30 INFO TaskSetManager: Finished task 0.0 in stage 0.0 (TID 0) in 1037 ms on 172.18.0.5 (executor 0) (1/1)
[2025-04-27T12:06:30.115+0000] {spark_submit.py:490} INFO - 25/04/27 12:06:30 INFO TaskSchedulerImpl: Removed TaskSet 0.0, whose tasks have all completed, from pool
[2025-04-27T12:06:30.121+0000] {spark_submit.py:490} INFO - 25/04/27 12:06:30 INFO DAGScheduler: ShuffleMapStage 0 (count at NativeMethodAccessorImpl.java:0) finished in 1.230 s
[2025-04-27T12:06:30.122+0000] {spark_submit.py:490} INFO - 25/04/27 12:06:30 INFO DAGScheduler: looking for newly runnable stages
[2025-04-27T12:06:30.122+0000] {spark_submit.py:490} INFO - 25/04/27 12:06:30 INFO DAGScheduler: running: Set()
[2025-04-27T12:06:30.122+0000] {spark_submit.py:490} INFO - 25/04/27 12:06:30 INFO DAGScheduler: waiting: Set()
[2025-04-27T12:06:30.123+0000] {spark_submit.py:490} INFO - 25/04/27 12:06:30 INFO DAGScheduler: failed: Set()
[2025-04-27T12:06:30.152+0000] {spark_submit.py:490} INFO - 25/04/27 12:06:30 INFO CodeGenerator: Code generated in 8.646126 ms
[2025-04-27T12:06:30.181+0000] {spark_submit.py:490} INFO - 25/04/27 12:06:30 INFO SparkContext: Starting job: count at NativeMethodAccessorImpl.java:0
[2025-04-27T12:06:30.184+0000] {spark_submit.py:490} INFO - 25/04/27 12:06:30 INFO DAGScheduler: Got job 1 (count at NativeMethodAccessorImpl.java:0) with 1 output partitions
[2025-04-27T12:06:30.184+0000] {spark_submit.py:490} INFO - 25/04/27 12:06:30 INFO DAGScheduler: Final stage: ResultStage 2 (count at NativeMethodAccessorImpl.java:0)
[2025-04-27T12:06:30.185+0000] {spark_submit.py:490} INFO - 25/04/27 12:06:30 INFO DAGScheduler: Parents of final stage: List(ShuffleMapStage 1)
[2025-04-27T12:06:30.185+0000] {spark_submit.py:490} INFO - 25/04/27 12:06:30 INFO DAGScheduler: Missing parents: List()
[2025-04-27T12:06:30.187+0000] {spark_submit.py:490} INFO - 25/04/27 12:06:30 INFO DAGScheduler: Submitting ResultStage 2 (MapPartitionsRDD[5] at count at NativeMethodAccessorImpl.java:0), which has no missing parents
[2025-04-27T12:06:30.199+0000] {spark_submit.py:490} INFO - 25/04/27 12:06:30 INFO MemoryStore: Block broadcast_1 stored as values in memory (estimated size 11.1 KiB, free 434.4 MiB)
[2025-04-27T12:06:30.202+0000] {spark_submit.py:490} INFO - 25/04/27 12:06:30 INFO MemoryStore: Block broadcast_1_piece0 stored as bytes in memory (estimated size 5.5 KiB, free 434.4 MiB)
[2025-04-27T12:06:30.203+0000] {spark_submit.py:490} INFO - 25/04/27 12:06:30 INFO BlockManagerInfo: Added broadcast_1_piece0 in memory on 6780dda4d52a:39379 (size: 5.5 KiB, free: 434.4 MiB)
[2025-04-27T12:06:30.203+0000] {spark_submit.py:490} INFO - 25/04/27 12:06:30 INFO SparkContext: Created broadcast 1 from broadcast at DAGScheduler.scala:1513
[2025-04-27T12:06:30.205+0000] {spark_submit.py:490} INFO - 25/04/27 12:06:30 INFO DAGScheduler: Submitting 1 missing tasks from ResultStage 2 (MapPartitionsRDD[5] at count at NativeMethodAccessorImpl.java:0) (first 15 tasks are for partitions Vector(0))
[2025-04-27T12:06:30.205+0000] {spark_submit.py:490} INFO - 25/04/27 12:06:30 INFO TaskSchedulerImpl: Adding task set 2.0 with 1 tasks resource profile 0
[2025-04-27T12:06:30.213+0000] {spark_submit.py:490} INFO - 25/04/27 12:06:30 INFO TaskSetManager: Starting task 0.0 in stage 2.0 (TID 1) (172.18.0.5, executor 0, partition 0, NODE_LOCAL, 4457 bytes) taskResourceAssignments Map()
[2025-04-27T12:06:30.236+0000] {spark_submit.py:490} INFO - 25/04/27 12:06:30 INFO BlockManagerInfo: Added broadcast_1_piece0 in memory on 172.18.0.5:38321 (size: 5.5 KiB, free: 366.3 MiB)
[2025-04-27T12:06:30.363+0000] {spark_submit.py:490} INFO - 25/04/27 12:06:30 INFO MapOutputTrackerMasterEndpoint: Asked to send map output locations for shuffle 0 to 172.18.0.5:51894
[2025-04-27T12:06:30.528+0000] {spark_submit.py:490} INFO - 25/04/27 12:06:30 INFO TaskSetManager: Finished task 0.0 in stage 2.0 (TID 1) in 318 ms on 172.18.0.5 (executor 0) (1/1)
[2025-04-27T12:06:30.529+0000] {spark_submit.py:490} INFO - 25/04/27 12:06:30 INFO TaskSchedulerImpl: Removed TaskSet 2.0, whose tasks have all completed, from pool
[2025-04-27T12:06:30.529+0000] {spark_submit.py:490} INFO - 25/04/27 12:06:30 INFO DAGScheduler: ResultStage 2 (count at NativeMethodAccessorImpl.java:0) finished in 0.334 s
[2025-04-27T12:06:30.530+0000] {spark_submit.py:490} INFO - 25/04/27 12:06:30 INFO DAGScheduler: Job 1 is finished. Cancelling potential speculative or zombie tasks for this job
[2025-04-27T12:06:30.530+0000] {spark_submit.py:490} INFO - 25/04/27 12:06:30 INFO TaskSchedulerImpl: Killing all running tasks in stage 2: Stage finished
[2025-04-27T12:06:30.531+0000] {spark_submit.py:490} INFO - 25/04/27 12:06:30 INFO DAGScheduler: Job 1 finished: count at NativeMethodAccessorImpl.java:0, took 0.350233 s
[2025-04-27T12:06:30.537+0000] {spark_submit.py:490} INFO - INFO:__main__:Таблица raw.masked_transactions загружена, записей: 1000
[2025-04-27T12:06:30.656+0000] {spark_submit.py:490} INFO - 25/04/27 12:06:30 INFO DAGScheduler: Registering RDD 8 (count at NativeMethodAccessorImpl.java:0) as input to shuffle 1
[2025-04-27T12:06:30.657+0000] {spark_submit.py:490} INFO - 25/04/27 12:06:30 INFO DAGScheduler: Got map stage job 2 (count at NativeMethodAccessorImpl.java:0) with 1 output partitions
[2025-04-27T12:06:30.657+0000] {spark_submit.py:490} INFO - 25/04/27 12:06:30 INFO DAGScheduler: Final stage: ShuffleMapStage 3 (count at NativeMethodAccessorImpl.java:0)
[2025-04-27T12:06:30.657+0000] {spark_submit.py:490} INFO - 25/04/27 12:06:30 INFO DAGScheduler: Parents of final stage: List()
[2025-04-27T12:06:30.657+0000] {spark_submit.py:490} INFO - 25/04/27 12:06:30 INFO DAGScheduler: Missing parents: List()
[2025-04-27T12:06:30.658+0000] {spark_submit.py:490} INFO - 25/04/27 12:06:30 INFO DAGScheduler: Submitting ShuffleMapStage 3 (MapPartitionsRDD[8] at count at NativeMethodAccessorImpl.java:0), which has no missing parents
[2025-04-27T12:06:30.661+0000] {spark_submit.py:490} INFO - 25/04/27 12:06:30 INFO MemoryStore: Block broadcast_2 stored as values in memory (estimated size 13.4 KiB, free 434.4 MiB)
[2025-04-27T12:06:30.664+0000] {spark_submit.py:490} INFO - 25/04/27 12:06:30 INFO MemoryStore: Block broadcast_2_piece0 stored as bytes in memory (estimated size 7.0 KiB, free 434.3 MiB)
[2025-04-27T12:06:30.665+0000] {spark_submit.py:490} INFO - 25/04/27 12:06:30 INFO BlockManagerInfo: Added broadcast_2_piece0 in memory on 6780dda4d52a:39379 (size: 7.0 KiB, free: 434.4 MiB)
[2025-04-27T12:06:30.666+0000] {spark_submit.py:490} INFO - 25/04/27 12:06:30 INFO SparkContext: Created broadcast 2 from broadcast at DAGScheduler.scala:1513
[2025-04-27T12:06:30.667+0000] {spark_submit.py:490} INFO - 25/04/27 12:06:30 INFO DAGScheduler: Submitting 1 missing tasks from ShuffleMapStage 3 (MapPartitionsRDD[8] at count at NativeMethodAccessorImpl.java:0) (first 15 tasks are for partitions Vector(0))
[2025-04-27T12:06:30.667+0000] {spark_submit.py:490} INFO - 25/04/27 12:06:30 INFO TaskSchedulerImpl: Adding task set 3.0 with 1 tasks resource profile 0
[2025-04-27T12:06:30.669+0000] {spark_submit.py:490} INFO - 25/04/27 12:06:30 INFO TaskSetManager: Starting task 0.0 in stage 3.0 (TID 2) (172.18.0.5, executor 0, partition 0, PROCESS_LOCAL, 4292 bytes) taskResourceAssignments Map()
[2025-04-27T12:06:30.683+0000] {spark_submit.py:490} INFO - 25/04/27 12:06:30 INFO BlockManagerInfo: Added broadcast_2_piece0 in memory on 172.18.0.5:38321 (size: 7.0 KiB, free: 366.3 MiB)
[2025-04-27T12:06:30.719+0000] {spark_submit.py:490} INFO - 25/04/27 12:06:30 INFO TaskSetManager: Finished task 0.0 in stage 3.0 (TID 2) in 51 ms on 172.18.0.5 (executor 0) (1/1)
[2025-04-27T12:06:30.720+0000] {spark_submit.py:490} INFO - 25/04/27 12:06:30 INFO TaskSchedulerImpl: Removed TaskSet 3.0, whose tasks have all completed, from pool
[2025-04-27T12:06:30.720+0000] {spark_submit.py:490} INFO - 25/04/27 12:06:30 INFO DAGScheduler: ShuffleMapStage 3 (count at NativeMethodAccessorImpl.java:0) finished in 0.061 s
[2025-04-27T12:06:30.721+0000] {spark_submit.py:490} INFO - 25/04/27 12:06:30 INFO DAGScheduler: looking for newly runnable stages
[2025-04-27T12:06:30.721+0000] {spark_submit.py:490} INFO - 25/04/27 12:06:30 INFO DAGScheduler: running: Set()
[2025-04-27T12:06:30.721+0000] {spark_submit.py:490} INFO - 25/04/27 12:06:30 INFO DAGScheduler: waiting: Set()
[2025-04-27T12:06:30.721+0000] {spark_submit.py:490} INFO - 25/04/27 12:06:30 INFO DAGScheduler: failed: Set()
[2025-04-27T12:06:30.749+0000] {spark_submit.py:490} INFO - 25/04/27 12:06:30 INFO SparkContext: Starting job: count at NativeMethodAccessorImpl.java:0
[2025-04-27T12:06:30.751+0000] {spark_submit.py:490} INFO - 25/04/27 12:06:30 INFO DAGScheduler: Got job 3 (count at NativeMethodAccessorImpl.java:0) with 1 output partitions
[2025-04-27T12:06:30.751+0000] {spark_submit.py:490} INFO - 25/04/27 12:06:30 INFO DAGScheduler: Final stage: ResultStage 5 (count at NativeMethodAccessorImpl.java:0)
[2025-04-27T12:06:30.751+0000] {spark_submit.py:490} INFO - 25/04/27 12:06:30 INFO DAGScheduler: Parents of final stage: List(ShuffleMapStage 4)
[2025-04-27T12:06:30.751+0000] {spark_submit.py:490} INFO - 25/04/27 12:06:30 INFO DAGScheduler: Missing parents: List()
[2025-04-27T12:06:30.752+0000] {spark_submit.py:490} INFO - 25/04/27 12:06:30 INFO DAGScheduler: Submitting ResultStage 5 (MapPartitionsRDD[11] at count at NativeMethodAccessorImpl.java:0), which has no missing parents
[2025-04-27T12:06:30.754+0000] {spark_submit.py:490} INFO - 25/04/27 12:06:30 INFO MemoryStore: Block broadcast_3 stored as values in memory (estimated size 11.1 KiB, free 434.3 MiB)
[2025-04-27T12:06:30.756+0000] {spark_submit.py:490} INFO - 25/04/27 12:06:30 INFO MemoryStore: Block broadcast_3_piece0 stored as bytes in memory (estimated size 5.5 KiB, free 434.3 MiB)
[2025-04-27T12:06:30.757+0000] {spark_submit.py:490} INFO - 25/04/27 12:06:30 INFO BlockManagerInfo: Added broadcast_3_piece0 in memory on 6780dda4d52a:39379 (size: 5.5 KiB, free: 434.4 MiB)
[2025-04-27T12:06:30.757+0000] {spark_submit.py:490} INFO - 25/04/27 12:06:30 INFO SparkContext: Created broadcast 3 from broadcast at DAGScheduler.scala:1513
[2025-04-27T12:06:30.758+0000] {spark_submit.py:490} INFO - 25/04/27 12:06:30 INFO DAGScheduler: Submitting 1 missing tasks from ResultStage 5 (MapPartitionsRDD[11] at count at NativeMethodAccessorImpl.java:0) (first 15 tasks are for partitions Vector(0))
[2025-04-27T12:06:30.758+0000] {spark_submit.py:490} INFO - 25/04/27 12:06:30 INFO TaskSchedulerImpl: Adding task set 5.0 with 1 tasks resource profile 0
[2025-04-27T12:06:30.760+0000] {spark_submit.py:490} INFO - 25/04/27 12:06:30 INFO TaskSetManager: Starting task 0.0 in stage 5.0 (TID 3) (172.18.0.5, executor 0, partition 0, NODE_LOCAL, 4457 bytes) taskResourceAssignments Map()
[2025-04-27T12:06:30.780+0000] {spark_submit.py:490} INFO - 25/04/27 12:06:30 INFO BlockManagerInfo: Added broadcast_3_piece0 in memory on 172.18.0.5:38321 (size: 5.5 KiB, free: 366.3 MiB)
[2025-04-27T12:06:30.789+0000] {spark_submit.py:490} INFO - 25/04/27 12:06:30 INFO MapOutputTrackerMasterEndpoint: Asked to send map output locations for shuffle 1 to 172.18.0.5:51894
[2025-04-27T12:06:30.802+0000] {spark_submit.py:490} INFO - 25/04/27 12:06:30 INFO TaskSetManager: Finished task 0.0 in stage 5.0 (TID 3) in 42 ms on 172.18.0.5 (executor 0) (1/1)
[2025-04-27T12:06:30.803+0000] {spark_submit.py:490} INFO - 25/04/27 12:06:30 INFO TaskSchedulerImpl: Removed TaskSet 5.0, whose tasks have all completed, from pool
[2025-04-27T12:06:30.805+0000] {spark_submit.py:490} INFO - 25/04/27 12:06:30 INFO DAGScheduler: ResultStage 5 (count at NativeMethodAccessorImpl.java:0) finished in 0.050 s
[2025-04-27T12:06:30.806+0000] {spark_submit.py:490} INFO - 25/04/27 12:06:30 INFO DAGScheduler: Job 3 is finished. Cancelling potential speculative or zombie tasks for this job
[2025-04-27T12:06:30.806+0000] {spark_submit.py:490} INFO - 25/04/27 12:06:30 INFO TaskSchedulerImpl: Killing all running tasks in stage 5: Stage finished
[2025-04-27T12:06:30.806+0000] {spark_submit.py:490} INFO - 25/04/27 12:06:30 INFO DAGScheduler: Job 3 finished: count at NativeMethodAccessorImpl.java:0, took 0.055935 s
[2025-04-27T12:06:30.807+0000] {spark_submit.py:490} INFO - INFO:__main__:Правило large_tx отработано, записей: 342
[2025-04-27T12:06:31.036+0000] {spark_submit.py:490} INFO - 25/04/27 12:06:31 INFO CodeGenerator: Code generated in 19.214641 ms
[2025-04-27T12:06:31.040+0000] {spark_submit.py:490} INFO - 25/04/27 12:06:31 INFO DAGScheduler: Registering RDD 14 (count at NativeMethodAccessorImpl.java:0) as input to shuffle 2
[2025-04-27T12:06:31.040+0000] {spark_submit.py:490} INFO - 25/04/27 12:06:31 INFO DAGScheduler: Got map stage job 4 (count at NativeMethodAccessorImpl.java:0) with 1 output partitions
[2025-04-27T12:06:31.041+0000] {spark_submit.py:490} INFO - 25/04/27 12:06:31 INFO DAGScheduler: Final stage: ShuffleMapStage 6 (count at NativeMethodAccessorImpl.java:0)
[2025-04-27T12:06:31.041+0000] {spark_submit.py:490} INFO - 25/04/27 12:06:31 INFO DAGScheduler: Parents of final stage: List()
[2025-04-27T12:06:31.041+0000] {spark_submit.py:490} INFO - 25/04/27 12:06:31 INFO DAGScheduler: Missing parents: List()
[2025-04-27T12:06:31.041+0000] {spark_submit.py:490} INFO - 25/04/27 12:06:31 INFO DAGScheduler: Submitting ShuffleMapStage 6 (MapPartitionsRDD[14] at count at NativeMethodAccessorImpl.java:0), which has no missing parents
[2025-04-27T12:06:31.052+0000] {spark_submit.py:490} INFO - 25/04/27 12:06:31 INFO MemoryStore: Block broadcast_4 stored as values in memory (estimated size 14.0 KiB, free 434.3 MiB)
[2025-04-27T12:06:31.053+0000] {spark_submit.py:490} INFO - 25/04/27 12:06:31 INFO MemoryStore: Block broadcast_4_piece0 stored as bytes in memory (estimated size 7.3 KiB, free 434.3 MiB)
[2025-04-27T12:06:31.055+0000] {spark_submit.py:490} INFO - 25/04/27 12:06:31 INFO BlockManagerInfo: Added broadcast_4_piece0 in memory on 6780dda4d52a:39379 (size: 7.3 KiB, free: 434.4 MiB)
[2025-04-27T12:06:31.057+0000] {spark_submit.py:490} INFO - 25/04/27 12:06:31 INFO SparkContext: Created broadcast 4 from broadcast at DAGScheduler.scala:1513
[2025-04-27T12:06:31.057+0000] {spark_submit.py:490} INFO - 25/04/27 12:06:31 INFO DAGScheduler: Submitting 1 missing tasks from ShuffleMapStage 6 (MapPartitionsRDD[14] at count at NativeMethodAccessorImpl.java:0) (first 15 tasks are for partitions Vector(0))
[2025-04-27T12:06:31.058+0000] {spark_submit.py:490} INFO - 25/04/27 12:06:31 INFO BlockManagerInfo: Removed broadcast_1_piece0 on 6780dda4d52a:39379 in memory (size: 5.5 KiB, free: 434.4 MiB)
[2025-04-27T12:06:31.059+0000] {spark_submit.py:490} INFO - 25/04/27 12:06:31 INFO TaskSchedulerImpl: Adding task set 6.0 with 1 tasks resource profile 0
[2025-04-27T12:06:31.059+0000] {spark_submit.py:490} INFO - 25/04/27 12:06:31 INFO TaskSetManager: Starting task 0.0 in stage 6.0 (TID 4) (172.18.0.5, executor 0, partition 0, PROCESS_LOCAL, 4292 bytes) taskResourceAssignments Map()
[2025-04-27T12:06:31.066+0000] {spark_submit.py:490} INFO - 25/04/27 12:06:31 INFO BlockManagerInfo: Removed broadcast_1_piece0 on 172.18.0.5:38321 in memory (size: 5.5 KiB, free: 366.3 MiB)
[2025-04-27T12:06:31.075+0000] {spark_submit.py:490} INFO - 25/04/27 12:06:31 INFO BlockManagerInfo: Removed broadcast_3_piece0 on 6780dda4d52a:39379 in memory (size: 5.5 KiB, free: 434.4 MiB)
[2025-04-27T12:06:31.076+0000] {spark_submit.py:490} INFO - 25/04/27 12:06:31 INFO BlockManagerInfo: Added broadcast_4_piece0 in memory on 172.18.0.5:38321 (size: 7.3 KiB, free: 366.3 MiB)
[2025-04-27T12:06:31.080+0000] {spark_submit.py:490} INFO - 25/04/27 12:06:31 INFO BlockManagerInfo: Removed broadcast_3_piece0 on 172.18.0.5:38321 in memory (size: 5.5 KiB, free: 366.3 MiB)
[2025-04-27T12:06:31.091+0000] {spark_submit.py:490} INFO - 25/04/27 12:06:31 INFO BlockManagerInfo: Removed broadcast_2_piece0 on 6780dda4d52a:39379 in memory (size: 7.0 KiB, free: 434.4 MiB)
[2025-04-27T12:06:31.093+0000] {spark_submit.py:490} INFO - 25/04/27 12:06:31 INFO BlockManagerInfo: Removed broadcast_2_piece0 on 172.18.0.5:38321 in memory (size: 7.0 KiB, free: 366.3 MiB)
[2025-04-27T12:06:31.101+0000] {spark_submit.py:490} INFO - 25/04/27 12:06:31 INFO BlockManagerInfo: Removed broadcast_0_piece0 on 6780dda4d52a:39379 in memory (size: 7.0 KiB, free: 434.4 MiB)
[2025-04-27T12:06:31.104+0000] {spark_submit.py:490} INFO - 25/04/27 12:06:31 INFO BlockManagerInfo: Removed broadcast_0_piece0 on 172.18.0.5:38321 in memory (size: 7.0 KiB, free: 366.3 MiB)
[2025-04-27T12:06:31.499+0000] {spark_submit.py:490} INFO - 25/04/27 12:06:31 INFO TaskSetManager: Finished task 0.0 in stage 6.0 (TID 4) in 442 ms on 172.18.0.5 (executor 0) (1/1)
[2025-04-27T12:06:31.499+0000] {spark_submit.py:490} INFO - 25/04/27 12:06:31 INFO TaskSchedulerImpl: Removed TaskSet 6.0, whose tasks have all completed, from pool
[2025-04-27T12:06:31.500+0000] {spark_submit.py:490} INFO - 25/04/27 12:06:31 INFO DAGScheduler: ShuffleMapStage 6 (count at NativeMethodAccessorImpl.java:0) finished in 0.456 s
[2025-04-27T12:06:31.500+0000] {spark_submit.py:490} INFO - 25/04/27 12:06:31 INFO DAGScheduler: looking for newly runnable stages
[2025-04-27T12:06:31.500+0000] {spark_submit.py:490} INFO - 25/04/27 12:06:31 INFO DAGScheduler: running: Set()
[2025-04-27T12:06:31.501+0000] {spark_submit.py:490} INFO - 25/04/27 12:06:31 INFO DAGScheduler: waiting: Set()
[2025-04-27T12:06:31.501+0000] {spark_submit.py:490} INFO - 25/04/27 12:06:31 INFO DAGScheduler: failed: Set()
[2025-04-27T12:06:31.515+0000] {spark_submit.py:490} INFO - 25/04/27 12:06:31 INFO ShufflePartitionsUtil: For shuffle(2), advisory target size: 67108864, actual target size 1048576, minimum partition size: 1048576
[2025-04-27T12:06:31.556+0000] {spark_submit.py:490} INFO - 25/04/27 12:06:31 INFO CodeGenerator: Code generated in 12.24948 ms
[2025-04-27T12:06:31.580+0000] {spark_submit.py:490} INFO - 25/04/27 12:06:31 INFO CodeGenerator: Code generated in 15.446893 ms
[2025-04-27T12:06:31.618+0000] {spark_submit.py:490} INFO - 25/04/27 12:06:31 INFO DAGScheduler: Registering RDD 19 (count at NativeMethodAccessorImpl.java:0) as input to shuffle 3
[2025-04-27T12:06:31.619+0000] {spark_submit.py:490} INFO - 25/04/27 12:06:31 INFO DAGScheduler: Got map stage job 5 (count at NativeMethodAccessorImpl.java:0) with 1 output partitions
[2025-04-27T12:06:31.619+0000] {spark_submit.py:490} INFO - 25/04/27 12:06:31 INFO DAGScheduler: Final stage: ShuffleMapStage 8 (count at NativeMethodAccessorImpl.java:0)
[2025-04-27T12:06:31.619+0000] {spark_submit.py:490} INFO - 25/04/27 12:06:31 INFO DAGScheduler: Parents of final stage: List(ShuffleMapStage 7)
[2025-04-27T12:06:31.619+0000] {spark_submit.py:490} INFO - 25/04/27 12:06:31 INFO DAGScheduler: Missing parents: List()
[2025-04-27T12:06:31.620+0000] {spark_submit.py:490} INFO - 25/04/27 12:06:31 INFO DAGScheduler: Submitting ShuffleMapStage 8 (MapPartitionsRDD[19] at count at NativeMethodAccessorImpl.java:0), which has no missing parents
[2025-04-27T12:06:31.628+0000] {spark_submit.py:490} INFO - 25/04/27 12:06:31 INFO MemoryStore: Block broadcast_5 stored as values in memory (estimated size 34.6 KiB, free 434.3 MiB)
[2025-04-27T12:06:31.630+0000] {spark_submit.py:490} INFO - 25/04/27 12:06:31 INFO MemoryStore: Block broadcast_5_piece0 stored as bytes in memory (estimated size 16.6 KiB, free 434.3 MiB)
[2025-04-27T12:06:31.631+0000] {spark_submit.py:490} INFO - 25/04/27 12:06:31 INFO BlockManagerInfo: Added broadcast_5_piece0 in memory on 6780dda4d52a:39379 (size: 16.6 KiB, free: 434.4 MiB)
[2025-04-27T12:06:31.632+0000] {spark_submit.py:490} INFO - 25/04/27 12:06:31 INFO SparkContext: Created broadcast 5 from broadcast at DAGScheduler.scala:1513
[2025-04-27T12:06:31.632+0000] {spark_submit.py:490} INFO - 25/04/27 12:06:31 INFO DAGScheduler: Submitting 1 missing tasks from ShuffleMapStage 8 (MapPartitionsRDD[19] at count at NativeMethodAccessorImpl.java:0) (first 15 tasks are for partitions Vector(0))
[2025-04-27T12:06:31.632+0000] {spark_submit.py:490} INFO - 25/04/27 12:06:31 INFO TaskSchedulerImpl: Adding task set 8.0 with 1 tasks resource profile 0
[2025-04-27T12:06:31.634+0000] {spark_submit.py:490} INFO - 25/04/27 12:06:31 INFO TaskSetManager: Starting task 0.0 in stage 8.0 (TID 5) (172.18.0.5, executor 0, partition 0, NODE_LOCAL, 4446 bytes) taskResourceAssignments Map()
[2025-04-27T12:06:31.651+0000] {spark_submit.py:490} INFO - 25/04/27 12:06:31 INFO BlockManagerInfo: Added broadcast_5_piece0 in memory on 172.18.0.5:38321 (size: 16.6 KiB, free: 366.3 MiB)
[2025-04-27T12:06:31.778+0000] {spark_submit.py:490} INFO - 25/04/27 12:06:31 INFO MapOutputTrackerMasterEndpoint: Asked to send map output locations for shuffle 2 to 172.18.0.5:51894
[2025-04-27T12:06:32.037+0000] {spark_submit.py:490} INFO - 25/04/27 12:06:32 INFO TaskSetManager: Finished task 0.0 in stage 8.0 (TID 5) in 402 ms on 172.18.0.5 (executor 0) (1/1)
[2025-04-27T12:06:32.037+0000] {spark_submit.py:490} INFO - 25/04/27 12:06:32 INFO TaskSchedulerImpl: Removed TaskSet 8.0, whose tasks have all completed, from pool
[2025-04-27T12:06:32.038+0000] {spark_submit.py:490} INFO - 25/04/27 12:06:32 INFO DAGScheduler: ShuffleMapStage 8 (count at NativeMethodAccessorImpl.java:0) finished in 0.414 s
[2025-04-27T12:06:32.038+0000] {spark_submit.py:490} INFO - 25/04/27 12:06:32 INFO DAGScheduler: looking for newly runnable stages
[2025-04-27T12:06:32.038+0000] {spark_submit.py:490} INFO - 25/04/27 12:06:32 INFO DAGScheduler: running: Set()
[2025-04-27T12:06:32.038+0000] {spark_submit.py:490} INFO - 25/04/27 12:06:32 INFO DAGScheduler: waiting: Set()
[2025-04-27T12:06:32.038+0000] {spark_submit.py:490} INFO - 25/04/27 12:06:32 INFO DAGScheduler: failed: Set()
[2025-04-27T12:06:32.057+0000] {spark_submit.py:490} INFO - 25/04/27 12:06:32 INFO CodeGenerator: Code generated in 10.38671 ms
[2025-04-27T12:06:32.071+0000] {spark_submit.py:490} INFO - 25/04/27 12:06:32 INFO SparkContext: Starting job: count at NativeMethodAccessorImpl.java:0
[2025-04-27T12:06:32.072+0000] {spark_submit.py:490} INFO - 25/04/27 12:06:32 INFO DAGScheduler: Got job 6 (count at NativeMethodAccessorImpl.java:0) with 1 output partitions
[2025-04-27T12:06:32.072+0000] {spark_submit.py:490} INFO - 25/04/27 12:06:32 INFO DAGScheduler: Final stage: ResultStage 11 (count at NativeMethodAccessorImpl.java:0)
[2025-04-27T12:06:32.072+0000] {spark_submit.py:490} INFO - 25/04/27 12:06:32 INFO DAGScheduler: Parents of final stage: List(ShuffleMapStage 10)
[2025-04-27T12:06:32.073+0000] {spark_submit.py:490} INFO - 25/04/27 12:06:32 INFO DAGScheduler: Missing parents: List()
[2025-04-27T12:06:32.073+0000] {spark_submit.py:490} INFO - 25/04/27 12:06:32 INFO DAGScheduler: Submitting ResultStage 11 (MapPartitionsRDD[22] at count at NativeMethodAccessorImpl.java:0), which has no missing parents
[2025-04-27T12:06:32.076+0000] {spark_submit.py:490} INFO - 25/04/27 12:06:32 INFO MemoryStore: Block broadcast_6 stored as values in memory (estimated size 11.1 KiB, free 434.3 MiB)
[2025-04-27T12:06:32.078+0000] {spark_submit.py:490} INFO - 25/04/27 12:06:32 INFO MemoryStore: Block broadcast_6_piece0 stored as bytes in memory (estimated size 5.5 KiB, free 434.3 MiB)
[2025-04-27T12:06:32.078+0000] {spark_submit.py:490} INFO - 25/04/27 12:06:32 INFO BlockManagerInfo: Added broadcast_6_piece0 in memory on 6780dda4d52a:39379 (size: 5.5 KiB, free: 434.4 MiB)
[2025-04-27T12:06:32.080+0000] {spark_submit.py:490} INFO - 25/04/27 12:06:32 INFO SparkContext: Created broadcast 6 from broadcast at DAGScheduler.scala:1513
[2025-04-27T12:06:32.081+0000] {spark_submit.py:490} INFO - 25/04/27 12:06:32 INFO DAGScheduler: Submitting 1 missing tasks from ResultStage 11 (MapPartitionsRDD[22] at count at NativeMethodAccessorImpl.java:0) (first 15 tasks are for partitions Vector(0))
[2025-04-27T12:06:32.081+0000] {spark_submit.py:490} INFO - 25/04/27 12:06:32 INFO TaskSchedulerImpl: Adding task set 11.0 with 1 tasks resource profile 0
[2025-04-27T12:06:32.084+0000] {spark_submit.py:490} INFO - 25/04/27 12:06:32 INFO TaskSetManager: Starting task 0.0 in stage 11.0 (TID 6) (172.18.0.5, executor 0, partition 0, NODE_LOCAL, 4457 bytes) taskResourceAssignments Map()
[2025-04-27T12:06:32.103+0000] {spark_submit.py:490} INFO - 25/04/27 12:06:32 INFO BlockManagerInfo: Added broadcast_6_piece0 in memory on 172.18.0.5:38321 (size: 5.5 KiB, free: 366.3 MiB)
[2025-04-27T12:06:32.112+0000] {spark_submit.py:490} INFO - 25/04/27 12:06:32 INFO MapOutputTrackerMasterEndpoint: Asked to send map output locations for shuffle 3 to 172.18.0.5:51894
[2025-04-27T12:06:32.161+0000] {spark_submit.py:490} INFO - 25/04/27 12:06:32 INFO TaskSetManager: Finished task 0.0 in stage 11.0 (TID 6) in 76 ms on 172.18.0.5 (executor 0) (1/1)
[2025-04-27T12:06:32.162+0000] {spark_submit.py:490} INFO - 25/04/27 12:06:32 INFO TaskSchedulerImpl: Removed TaskSet 11.0, whose tasks have all completed, from pool
[2025-04-27T12:06:32.164+0000] {spark_submit.py:490} INFO - 25/04/27 12:06:32 INFO DAGScheduler: ResultStage 11 (count at NativeMethodAccessorImpl.java:0) finished in 0.089 s
[2025-04-27T12:06:32.165+0000] {spark_submit.py:490} INFO - 25/04/27 12:06:32 INFO DAGScheduler: Job 6 is finished. Cancelling potential speculative or zombie tasks for this job
[2025-04-27T12:06:32.166+0000] {spark_submit.py:490} INFO - 25/04/27 12:06:32 INFO TaskSchedulerImpl: Killing all running tasks in stage 11: Stage finished
[2025-04-27T12:06:32.169+0000] {spark_submit.py:490} INFO - 25/04/27 12:06:32 INFO DAGScheduler: Job 6 finished: count at NativeMethodAccessorImpl.java:0, took 0.097697 s
[2025-04-27T12:06:32.176+0000] {spark_submit.py:490} INFO - INFO:__main__:Правило freq_tx отработано, записей: 8
[2025-04-27T12:06:32.372+0000] {spark_submit.py:490} INFO - 25/04/27 12:06:32 INFO DAGScheduler: Registering RDD 26 (count at NativeMethodAccessorImpl.java:0) as input to shuffle 4
[2025-04-27T12:06:32.372+0000] {spark_submit.py:490} INFO - 25/04/27 12:06:32 INFO DAGScheduler: Got map stage job 7 (count at NativeMethodAccessorImpl.java:0) with 1 output partitions
[2025-04-27T12:06:32.372+0000] {spark_submit.py:490} INFO - 25/04/27 12:06:32 INFO DAGScheduler: Final stage: ShuffleMapStage 12 (count at NativeMethodAccessorImpl.java:0)
[2025-04-27T12:06:32.372+0000] {spark_submit.py:490} INFO - 25/04/27 12:06:32 INFO DAGScheduler: Parents of final stage: List()
[2025-04-27T12:06:32.372+0000] {spark_submit.py:490} INFO - 25/04/27 12:06:32 INFO DAGScheduler: Missing parents: List()
[2025-04-27T12:06:32.373+0000] {spark_submit.py:490} INFO - 25/04/27 12:06:32 INFO DAGScheduler: Submitting ShuffleMapStage 12 (MapPartitionsRDD[26] at count at NativeMethodAccessorImpl.java:0), which has no missing parents
[2025-04-27T12:06:32.375+0000] {spark_submit.py:490} INFO - 25/04/27 12:06:32 INFO MemoryStore: Block broadcast_7 stored as values in memory (estimated size 14.1 KiB, free 434.3 MiB)
[2025-04-27T12:06:32.376+0000] {spark_submit.py:490} INFO - 25/04/27 12:06:32 INFO MemoryStore: Block broadcast_7_piece0 stored as bytes in memory (estimated size 7.3 KiB, free 434.3 MiB)
[2025-04-27T12:06:32.377+0000] {spark_submit.py:490} INFO - 25/04/27 12:06:32 INFO BlockManagerInfo: Added broadcast_7_piece0 in memory on 6780dda4d52a:39379 (size: 7.3 KiB, free: 434.4 MiB)
[2025-04-27T12:06:32.378+0000] {spark_submit.py:490} INFO - 25/04/27 12:06:32 INFO SparkContext: Created broadcast 7 from broadcast at DAGScheduler.scala:1513
[2025-04-27T12:06:32.378+0000] {spark_submit.py:490} INFO - 25/04/27 12:06:32 INFO DAGScheduler: Submitting 1 missing tasks from ShuffleMapStage 12 (MapPartitionsRDD[26] at count at NativeMethodAccessorImpl.java:0) (first 15 tasks are for partitions Vector(0))
[2025-04-27T12:06:32.378+0000] {spark_submit.py:490} INFO - 25/04/27 12:06:32 INFO TaskSchedulerImpl: Adding task set 12.0 with 1 tasks resource profile 0
[2025-04-27T12:06:32.379+0000] {spark_submit.py:490} INFO - 25/04/27 12:06:32 INFO TaskSetManager: Starting task 0.0 in stage 12.0 (TID 7) (172.18.0.5, executor 0, partition 0, PROCESS_LOCAL, 4292 bytes) taskResourceAssignments Map()
[2025-04-27T12:06:32.389+0000] {spark_submit.py:490} INFO - 25/04/27 12:06:32 INFO BlockManagerInfo: Added broadcast_7_piece0 in memory on 172.18.0.5:38321 (size: 7.3 KiB, free: 366.3 MiB)
[2025-04-27T12:06:32.478+0000] {spark_submit.py:490} INFO - 25/04/27 12:06:32 INFO TaskSetManager: Finished task 0.0 in stage 12.0 (TID 7) in 98 ms on 172.18.0.5 (executor 0) (1/1)
[2025-04-27T12:06:32.478+0000] {spark_submit.py:490} INFO - 25/04/27 12:06:32 INFO TaskSchedulerImpl: Removed TaskSet 12.0, whose tasks have all completed, from pool
[2025-04-27T12:06:32.479+0000] {spark_submit.py:490} INFO - 25/04/27 12:06:32 INFO DAGScheduler: ShuffleMapStage 12 (count at NativeMethodAccessorImpl.java:0) finished in 0.105 s
[2025-04-27T12:06:32.479+0000] {spark_submit.py:490} INFO - 25/04/27 12:06:32 INFO DAGScheduler: looking for newly runnable stages
[2025-04-27T12:06:32.479+0000] {spark_submit.py:490} INFO - 25/04/27 12:06:32 INFO DAGScheduler: running: Set()
[2025-04-27T12:06:32.479+0000] {spark_submit.py:490} INFO - 25/04/27 12:06:32 INFO DAGScheduler: waiting: Set()
[2025-04-27T12:06:32.479+0000] {spark_submit.py:490} INFO - 25/04/27 12:06:32 INFO DAGScheduler: failed: Set()
[2025-04-27T12:06:32.495+0000] {spark_submit.py:490} INFO - 25/04/27 12:06:32 INFO ShufflePartitionsUtil: For shuffle(4), advisory target size: 67108864, actual target size 1048576, minimum partition size: 1048576
[2025-04-27T12:06:32.523+0000] {spark_submit.py:490} INFO - 25/04/27 12:06:32 INFO CodeGenerator: Code generated in 13.73007 ms
[2025-04-27T12:06:32.532+0000] {spark_submit.py:490} INFO - 25/04/27 12:06:32 INFO CodeGenerator: Code generated in 7.310742 ms
[2025-04-27T12:06:32.545+0000] {spark_submit.py:490} INFO - 25/04/27 12:06:32 INFO CodeGenerator: Code generated in 7.346306 ms
[2025-04-27T12:06:32.564+0000] {spark_submit.py:490} INFO - 25/04/27 12:06:32 INFO CodeGenerator: Code generated in 12.563504 ms
[2025-04-27T12:06:32.588+0000] {spark_submit.py:490} INFO - 25/04/27 12:06:32 INFO DAGScheduler: Registering RDD 35 (count at NativeMethodAccessorImpl.java:0) as input to shuffle 5
[2025-04-27T12:06:32.589+0000] {spark_submit.py:490} INFO - 25/04/27 12:06:32 INFO DAGScheduler: Got map stage job 8 (count at NativeMethodAccessorImpl.java:0) with 2 output partitions
[2025-04-27T12:06:32.590+0000] {spark_submit.py:490} INFO - 25/04/27 12:06:32 INFO DAGScheduler: Final stage: ShuffleMapStage 14 (count at NativeMethodAccessorImpl.java:0)
[2025-04-27T12:06:32.591+0000] {spark_submit.py:490} INFO - 25/04/27 12:06:32 INFO DAGScheduler: Parents of final stage: List(ShuffleMapStage 13)
[2025-04-27T12:06:32.591+0000] {spark_submit.py:490} INFO - 25/04/27 12:06:32 INFO DAGScheduler: Missing parents: List()
[2025-04-27T12:06:32.593+0000] {spark_submit.py:490} INFO - 25/04/27 12:06:32 INFO DAGScheduler: Submitting ShuffleMapStage 14 (MapPartitionsRDD[35] at count at NativeMethodAccessorImpl.java:0), which has no missing parents
[2025-04-27T12:06:32.605+0000] {spark_submit.py:490} INFO - 25/04/27 12:06:32 INFO MemoryStore: Block broadcast_8 stored as values in memory (estimated size 38.6 KiB, free 434.3 MiB)
[2025-04-27T12:06:32.625+0000] {spark_submit.py:490} INFO - 25/04/27 12:06:32 INFO MemoryStore: Block broadcast_8_piece0 stored as bytes in memory (estimated size 17.8 KiB, free 434.2 MiB)
[2025-04-27T12:06:32.627+0000] {spark_submit.py:490} INFO - 25/04/27 12:06:32 INFO BlockManagerInfo: Added broadcast_8_piece0 in memory on 6780dda4d52a:39379 (size: 17.8 KiB, free: 434.3 MiB)
[2025-04-27T12:06:32.629+0000] {spark_submit.py:490} INFO - 25/04/27 12:06:32 INFO SparkContext: Created broadcast 8 from broadcast at DAGScheduler.scala:1513
[2025-04-27T12:06:32.632+0000] {spark_submit.py:490} INFO - 25/04/27 12:06:32 INFO DAGScheduler: Submitting 2 missing tasks from ShuffleMapStage 14 (MapPartitionsRDD[35] at count at NativeMethodAccessorImpl.java:0) (first 15 tasks are for partitions Vector(0, 1))
[2025-04-27T12:06:32.633+0000] {spark_submit.py:490} INFO - 25/04/27 12:06:32 INFO TaskSchedulerImpl: Adding task set 14.0 with 2 tasks resource profile 0
[2025-04-27T12:06:32.636+0000] {spark_submit.py:490} INFO - 25/04/27 12:06:32 INFO TaskSetManager: Starting task 1.0 in stage 14.0 (TID 8) (172.18.0.5, executor 0, partition 1, NODE_LOCAL, 4555 bytes) taskResourceAssignments Map()
[2025-04-27T12:06:32.643+0000] {spark_submit.py:490} INFO - 25/04/27 12:06:32 INFO BlockManagerInfo: Removed broadcast_6_piece0 on 6780dda4d52a:39379 in memory (size: 5.5 KiB, free: 434.4 MiB)
[2025-04-27T12:06:32.652+0000] {spark_submit.py:490} INFO - 25/04/27 12:06:32 INFO BlockManagerInfo: Removed broadcast_6_piece0 on 172.18.0.5:38321 in memory (size: 5.5 KiB, free: 366.3 MiB)
[2025-04-27T12:06:32.683+0000] {spark_submit.py:490} INFO - 25/04/27 12:06:32 INFO BlockManagerInfo: Added broadcast_8_piece0 in memory on 172.18.0.5:38321 (size: 17.8 KiB, free: 366.3 MiB)
[2025-04-27T12:06:32.684+0000] {spark_submit.py:490} INFO - 25/04/27 12:06:32 INFO BlockManagerInfo: Removed broadcast_5_piece0 on 172.18.0.5:38321 in memory (size: 16.6 KiB, free: 366.3 MiB)
[2025-04-27T12:06:32.692+0000] {spark_submit.py:490} INFO - 25/04/27 12:06:32 INFO BlockManagerInfo: Removed broadcast_5_piece0 on 6780dda4d52a:39379 in memory (size: 16.6 KiB, free: 434.4 MiB)
[2025-04-27T12:06:32.702+0000] {spark_submit.py:490} INFO - 25/04/27 12:06:32 INFO MapOutputTrackerMasterEndpoint: Asked to send map output locations for shuffle 4 to 172.18.0.5:51894
[2025-04-27T12:06:32.713+0000] {spark_submit.py:490} INFO - 25/04/27 12:06:32 INFO BlockManagerInfo: Removed broadcast_4_piece0 on 6780dda4d52a:39379 in memory (size: 7.3 KiB, free: 434.4 MiB)
[2025-04-27T12:06:32.715+0000] {spark_submit.py:490} INFO - 25/04/27 12:06:32 INFO BlockManagerInfo: Removed broadcast_4_piece0 on 172.18.0.5:38321 in memory (size: 7.3 KiB, free: 366.3 MiB)
[2025-04-27T12:06:32.729+0000] {spark_submit.py:490} INFO - 25/04/27 12:06:32 INFO BlockManagerInfo: Removed broadcast_7_piece0 on 6780dda4d52a:39379 in memory (size: 7.3 KiB, free: 434.4 MiB)
[2025-04-27T12:06:32.731+0000] {spark_submit.py:490} INFO - 25/04/27 12:06:32 INFO BlockManagerInfo: Removed broadcast_7_piece0 on 172.18.0.5:38321 in memory (size: 7.3 KiB, free: 366.3 MiB)
[2025-04-27T12:06:32.802+0000] {spark_submit.py:490} INFO - 25/04/27 12:06:32 INFO TaskSetManager: Starting task 0.0 in stage 14.0 (TID 9) (172.18.0.5, executor 0, partition 0, PROCESS_LOCAL, 4401 bytes) taskResourceAssignments Map()
[2025-04-27T12:06:32.802+0000] {spark_submit.py:490} INFO - 25/04/27 12:06:32 INFO TaskSetManager: Finished task 1.0 in stage 14.0 (TID 8) in 168 ms on 172.18.0.5 (executor 0) (1/2)
[2025-04-27T12:06:32.852+0000] {spark_submit.py:490} INFO - 25/04/27 12:06:32 INFO TaskSetManager: Finished task 0.0 in stage 14.0 (TID 9) in 52 ms on 172.18.0.5 (executor 0) (2/2)
[2025-04-27T12:06:32.853+0000] {spark_submit.py:490} INFO - 25/04/27 12:06:32 INFO TaskSchedulerImpl: Removed TaskSet 14.0, whose tasks have all completed, from pool
[2025-04-27T12:06:32.854+0000] {spark_submit.py:490} INFO - 25/04/27 12:06:32 INFO DAGScheduler: ShuffleMapStage 14 (count at NativeMethodAccessorImpl.java:0) finished in 0.256 s
[2025-04-27T12:06:32.855+0000] {spark_submit.py:490} INFO - 25/04/27 12:06:32 INFO DAGScheduler: looking for newly runnable stages
[2025-04-27T12:06:32.855+0000] {spark_submit.py:490} INFO - 25/04/27 12:06:32 INFO DAGScheduler: running: Set()
[2025-04-27T12:06:32.856+0000] {spark_submit.py:490} INFO - 25/04/27 12:06:32 INFO DAGScheduler: waiting: Set()
[2025-04-27T12:06:32.856+0000] {spark_submit.py:490} INFO - 25/04/27 12:06:32 INFO DAGScheduler: failed: Set()
[2025-04-27T12:06:32.875+0000] {spark_submit.py:490} INFO - 25/04/27 12:06:32 INFO CodeGenerator: Code generated in 10.12777 ms
[2025-04-27T12:06:32.884+0000] {spark_submit.py:490} INFO - 25/04/27 12:06:32 INFO SparkContext: Starting job: count at NativeMethodAccessorImpl.java:0
[2025-04-27T12:06:32.885+0000] {spark_submit.py:490} INFO - 25/04/27 12:06:32 INFO DAGScheduler: Got job 9 (count at NativeMethodAccessorImpl.java:0) with 1 output partitions
[2025-04-27T12:06:32.885+0000] {spark_submit.py:490} INFO - 25/04/27 12:06:32 INFO DAGScheduler: Final stage: ResultStage 17 (count at NativeMethodAccessorImpl.java:0)
[2025-04-27T12:06:32.885+0000] {spark_submit.py:490} INFO - 25/04/27 12:06:32 INFO DAGScheduler: Parents of final stage: List(ShuffleMapStage 16)
[2025-04-27T12:06:32.885+0000] {spark_submit.py:490} INFO - 25/04/27 12:06:32 INFO DAGScheduler: Missing parents: List()
[2025-04-27T12:06:32.886+0000] {spark_submit.py:490} INFO - 25/04/27 12:06:32 INFO DAGScheduler: Submitting ResultStage 17 (MapPartitionsRDD[38] at count at NativeMethodAccessorImpl.java:0), which has no missing parents
[2025-04-27T12:06:32.889+0000] {spark_submit.py:490} INFO - 25/04/27 12:06:32 INFO MemoryStore: Block broadcast_9 stored as values in memory (estimated size 11.1 KiB, free 434.3 MiB)
[2025-04-27T12:06:32.891+0000] {spark_submit.py:490} INFO - 25/04/27 12:06:32 INFO MemoryStore: Block broadcast_9_piece0 stored as bytes in memory (estimated size 5.5 KiB, free 434.3 MiB)
[2025-04-27T12:06:32.892+0000] {spark_submit.py:490} INFO - 25/04/27 12:06:32 INFO BlockManagerInfo: Added broadcast_9_piece0 in memory on 6780dda4d52a:39379 (size: 5.5 KiB, free: 434.4 MiB)
[2025-04-27T12:06:32.893+0000] {spark_submit.py:490} INFO - 25/04/27 12:06:32 INFO SparkContext: Created broadcast 9 from broadcast at DAGScheduler.scala:1513
[2025-04-27T12:06:32.893+0000] {spark_submit.py:490} INFO - 25/04/27 12:06:32 INFO DAGScheduler: Submitting 1 missing tasks from ResultStage 17 (MapPartitionsRDD[38] at count at NativeMethodAccessorImpl.java:0) (first 15 tasks are for partitions Vector(0))
[2025-04-27T12:06:32.893+0000] {spark_submit.py:490} INFO - 25/04/27 12:06:32 INFO TaskSchedulerImpl: Adding task set 17.0 with 1 tasks resource profile 0
[2025-04-27T12:06:32.895+0000] {spark_submit.py:490} INFO - 25/04/27 12:06:32 INFO TaskSetManager: Starting task 0.0 in stage 17.0 (TID 10) (172.18.0.5, executor 0, partition 0, NODE_LOCAL, 4457 bytes) taskResourceAssignments Map()
[2025-04-27T12:06:32.909+0000] {spark_submit.py:490} INFO - 25/04/27 12:06:32 INFO BlockManagerInfo: Added broadcast_9_piece0 in memory on 172.18.0.5:38321 (size: 5.5 KiB, free: 366.3 MiB)
[2025-04-27T12:06:32.915+0000] {spark_submit.py:490} INFO - 25/04/27 12:06:32 INFO MapOutputTrackerMasterEndpoint: Asked to send map output locations for shuffle 5 to 172.18.0.5:51894
[2025-04-27T12:06:32.931+0000] {spark_submit.py:490} INFO - 25/04/27 12:06:32 INFO TaskSetManager: Finished task 0.0 in stage 17.0 (TID 10) in 36 ms on 172.18.0.5 (executor 0) (1/1)
[2025-04-27T12:06:32.932+0000] {spark_submit.py:490} INFO - 25/04/27 12:06:32 INFO TaskSchedulerImpl: Removed TaskSet 17.0, whose tasks have all completed, from pool
[2025-04-27T12:06:32.933+0000] {spark_submit.py:490} INFO - 25/04/27 12:06:32 INFO DAGScheduler: ResultStage 17 (count at NativeMethodAccessorImpl.java:0) finished in 0.045 s
[2025-04-27T12:06:32.933+0000] {spark_submit.py:490} INFO - 25/04/27 12:06:32 INFO DAGScheduler: Job 9 is finished. Cancelling potential speculative or zombie tasks for this job
[2025-04-27T12:06:32.934+0000] {spark_submit.py:490} INFO - 25/04/27 12:06:32 INFO TaskSchedulerImpl: Killing all running tasks in stage 17: Stage finished
[2025-04-27T12:06:32.934+0000] {spark_submit.py:490} INFO - 25/04/27 12:06:32 INFO DAGScheduler: Job 9 finished: count at NativeMethodAccessorImpl.java:0, took 0.048965 s
[2025-04-27T12:06:32.935+0000] {spark_submit.py:490} INFO - INFO:__main__:Объединение результатов выполнено, итого записей: 350
[2025-04-27T12:06:33.065+0000] {spark_submit.py:490} INFO - 25/04/27 12:06:33 INFO CodeGenerator: Code generated in 8.873332 ms
[2025-04-27T12:06:33.069+0000] {spark_submit.py:490} INFO - 25/04/27 12:06:33 INFO DAGScheduler: Registering RDD 42 (jdbc at NativeMethodAccessorImpl.java:0) as input to shuffle 6
[2025-04-27T12:06:33.069+0000] {spark_submit.py:490} INFO - 25/04/27 12:06:33 INFO DAGScheduler: Got map stage job 10 (jdbc at NativeMethodAccessorImpl.java:0) with 1 output partitions
[2025-04-27T12:06:33.069+0000] {spark_submit.py:490} INFO - 25/04/27 12:06:33 INFO DAGScheduler: Final stage: ShuffleMapStage 18 (jdbc at NativeMethodAccessorImpl.java:0)
[2025-04-27T12:06:33.069+0000] {spark_submit.py:490} INFO - 25/04/27 12:06:33 INFO DAGScheduler: Parents of final stage: List()
[2025-04-27T12:06:33.069+0000] {spark_submit.py:490} INFO - 25/04/27 12:06:33 INFO DAGScheduler: Missing parents: List()
[2025-04-27T12:06:33.070+0000] {spark_submit.py:490} INFO - 25/04/27 12:06:33 INFO DAGScheduler: Submitting ShuffleMapStage 18 (MapPartitionsRDD[42] at jdbc at NativeMethodAccessorImpl.java:0), which has no missing parents
[2025-04-27T12:06:33.075+0000] {spark_submit.py:490} INFO - 25/04/27 12:06:33 INFO MemoryStore: Block broadcast_10 stored as values in memory (estimated size 16.3 KiB, free 434.3 MiB)
[2025-04-27T12:06:33.076+0000] {spark_submit.py:490} INFO - 25/04/27 12:06:33 INFO MemoryStore: Block broadcast_10_piece0 stored as bytes in memory (estimated size 7.9 KiB, free 434.3 MiB)
[2025-04-27T12:06:33.077+0000] {spark_submit.py:490} INFO - 25/04/27 12:06:33 INFO BlockManagerInfo: Added broadcast_10_piece0 in memory on 6780dda4d52a:39379 (size: 7.9 KiB, free: 434.4 MiB)
[2025-04-27T12:06:33.077+0000] {spark_submit.py:490} INFO - 25/04/27 12:06:33 INFO SparkContext: Created broadcast 10 from broadcast at DAGScheduler.scala:1513
[2025-04-27T12:06:33.078+0000] {spark_submit.py:490} INFO - 25/04/27 12:06:33 INFO DAGScheduler: Submitting 1 missing tasks from ShuffleMapStage 18 (MapPartitionsRDD[42] at jdbc at NativeMethodAccessorImpl.java:0) (first 15 tasks are for partitions Vector(0))
[2025-04-27T12:06:33.078+0000] {spark_submit.py:490} INFO - 25/04/27 12:06:33 INFO TaskSchedulerImpl: Adding task set 18.0 with 1 tasks resource profile 0
[2025-04-27T12:06:33.079+0000] {spark_submit.py:490} INFO - 25/04/27 12:06:33 INFO TaskSetManager: Starting task 0.0 in stage 18.0 (TID 11) (172.18.0.5, executor 0, partition 0, PROCESS_LOCAL, 4292 bytes) taskResourceAssignments Map()
[2025-04-27T12:06:33.092+0000] {spark_submit.py:490} INFO - 25/04/27 12:06:33 INFO BlockManagerInfo: Added broadcast_10_piece0 in memory on 172.18.0.5:38321 (size: 7.9 KiB, free: 366.3 MiB)
[2025-04-27T12:06:33.173+0000] {spark_submit.py:490} INFO - 25/04/27 12:06:33 INFO TaskSetManager: Finished task 0.0 in stage 18.0 (TID 11) in 93 ms on 172.18.0.5 (executor 0) (1/1)
[2025-04-27T12:06:33.173+0000] {spark_submit.py:490} INFO - 25/04/27 12:06:33 INFO TaskSchedulerImpl: Removed TaskSet 18.0, whose tasks have all completed, from pool
[2025-04-27T12:06:33.173+0000] {spark_submit.py:490} INFO - 25/04/27 12:06:33 INFO DAGScheduler: ShuffleMapStage 18 (jdbc at NativeMethodAccessorImpl.java:0) finished in 0.103 s
[2025-04-27T12:06:33.174+0000] {spark_submit.py:490} INFO - 25/04/27 12:06:33 INFO DAGScheduler: looking for newly runnable stages
[2025-04-27T12:06:33.174+0000] {spark_submit.py:490} INFO - 25/04/27 12:06:33 INFO DAGScheduler: running: Set()
[2025-04-27T12:06:33.174+0000] {spark_submit.py:490} INFO - 25/04/27 12:06:33 INFO DAGScheduler: waiting: Set()
[2025-04-27T12:06:33.174+0000] {spark_submit.py:490} INFO - 25/04/27 12:06:33 INFO DAGScheduler: failed: Set()
[2025-04-27T12:06:33.183+0000] {spark_submit.py:490} INFO - 25/04/27 12:06:33 INFO ShufflePartitionsUtil: For shuffle(6), advisory target size: 67108864, actual target size 1048576, minimum partition size: 1048576
[2025-04-27T12:06:33.203+0000] {spark_submit.py:490} INFO - 25/04/27 12:06:33 INFO CodeGenerator: Code generated in 12.046354 ms
[2025-04-27T12:06:33.223+0000] {spark_submit.py:490} INFO - 25/04/27 12:06:33 INFO CodeGenerator: Code generated in 10.26373 ms
[2025-04-27T12:06:33.278+0000] {spark_submit.py:490} INFO - 25/04/27 12:06:33 INFO SparkContext: Starting job: jdbc at NativeMethodAccessorImpl.java:0
[2025-04-27T12:06:33.279+0000] {spark_submit.py:490} INFO - 25/04/27 12:06:33 INFO DAGScheduler: Got job 11 (jdbc at NativeMethodAccessorImpl.java:0) with 2 output partitions
[2025-04-27T12:06:33.279+0000] {spark_submit.py:490} INFO - 25/04/27 12:06:33 INFO DAGScheduler: Final stage: ResultStage 20 (jdbc at NativeMethodAccessorImpl.java:0)
[2025-04-27T12:06:33.279+0000] {spark_submit.py:490} INFO - 25/04/27 12:06:33 INFO DAGScheduler: Parents of final stage: List(ShuffleMapStage 19)
[2025-04-27T12:06:33.280+0000] {spark_submit.py:490} INFO - 25/04/27 12:06:33 INFO DAGScheduler: Missing parents: List()
[2025-04-27T12:06:33.281+0000] {spark_submit.py:490} INFO - 25/04/27 12:06:33 INFO DAGScheduler: Submitting ResultStage 20 (MapPartitionsRDD[52] at jdbc at NativeMethodAccessorImpl.java:0), which has no missing parents
[2025-04-27T12:06:33.306+0000] {spark_submit.py:490} INFO - 25/04/27 12:06:33 INFO MemoryStore: Block broadcast_11 stored as values in memory (estimated size 58.9 KiB, free 434.2 MiB)
[2025-04-27T12:06:33.324+0000] {spark_submit.py:490} INFO - 25/04/27 12:06:33 INFO BlockManagerInfo: Removed broadcast_9_piece0 on 6780dda4d52a:39379 in memory (size: 5.5 KiB, free: 434.4 MiB)
[2025-04-27T12:06:33.325+0000] {spark_submit.py:490} INFO - 25/04/27 12:06:33 INFO MemoryStore: Block broadcast_11_piece0 stored as bytes in memory (estimated size 23.9 KiB, free 434.2 MiB)
[2025-04-27T12:06:33.330+0000] {spark_submit.py:490} INFO - 25/04/27 12:06:33 INFO BlockManagerInfo: Added broadcast_11_piece0 in memory on 6780dda4d52a:39379 (size: 23.9 KiB, free: 434.4 MiB)
[2025-04-27T12:06:33.330+0000] {spark_submit.py:490} INFO - 25/04/27 12:06:33 INFO BlockManagerInfo: Removed broadcast_9_piece0 on 172.18.0.5:38321 in memory (size: 5.5 KiB, free: 366.3 MiB)
[2025-04-27T12:06:33.331+0000] {spark_submit.py:490} INFO - 25/04/27 12:06:33 INFO SparkContext: Created broadcast 11 from broadcast at DAGScheduler.scala:1513
[2025-04-27T12:06:33.332+0000] {spark_submit.py:490} INFO - 25/04/27 12:06:33 INFO DAGScheduler: Submitting 2 missing tasks from ResultStage 20 (MapPartitionsRDD[52] at jdbc at NativeMethodAccessorImpl.java:0) (first 15 tasks are for partitions Vector(0, 1))
[2025-04-27T12:06:33.334+0000] {spark_submit.py:490} INFO - 25/04/27 12:06:33 INFO TaskSchedulerImpl: Adding task set 20.0 with 2 tasks resource profile 0
[2025-04-27T12:06:33.336+0000] {spark_submit.py:490} INFO - 25/04/27 12:06:33 INFO TaskSetManager: Starting task 1.0 in stage 20.0 (TID 12) (172.18.0.5, executor 0, partition 1, NODE_LOCAL, 4566 bytes) taskResourceAssignments Map()
[2025-04-27T12:06:33.343+0000] {spark_submit.py:490} INFO - 25/04/27 12:06:33 INFO BlockManagerInfo: Removed broadcast_10_piece0 on 6780dda4d52a:39379 in memory (size: 7.9 KiB, free: 434.4 MiB)
[2025-04-27T12:06:33.347+0000] {spark_submit.py:490} INFO - 25/04/27 12:06:33 INFO BlockManagerInfo: Removed broadcast_10_piece0 on 172.18.0.5:38321 in memory (size: 7.9 KiB, free: 366.3 MiB)
[2025-04-27T12:06:33.355+0000] {spark_submit.py:490} INFO - 25/04/27 12:06:33 INFO BlockManagerInfo: Added broadcast_11_piece0 in memory on 172.18.0.5:38321 (size: 23.9 KiB, free: 366.3 MiB)
[2025-04-27T12:06:33.375+0000] {spark_submit.py:490} INFO - 25/04/27 12:06:33 INFO BlockManagerInfo: Removed broadcast_8_piece0 on 172.18.0.5:38321 in memory (size: 17.8 KiB, free: 366.3 MiB)
[2025-04-27T12:06:33.377+0000] {spark_submit.py:490} INFO - 25/04/27 12:06:33 INFO BlockManagerInfo: Removed broadcast_8_piece0 on 6780dda4d52a:39379 in memory (size: 17.8 KiB, free: 434.4 MiB)
[2025-04-27T12:06:33.489+0000] {spark_submit.py:490} INFO - 25/04/27 12:06:33 INFO MapOutputTrackerMasterEndpoint: Asked to send map output locations for shuffle 6 to 172.18.0.5:51894
[2025-04-27T12:06:34.370+0000] {spark_submit.py:490} INFO - 25/04/27 12:06:34 INFO TaskSetManager: Starting task 0.0 in stage 20.0 (TID 13) (172.18.0.5, executor 0, partition 0, PROCESS_LOCAL, 4412 bytes) taskResourceAssignments Map()
[2025-04-27T12:06:34.372+0000] {spark_submit.py:490} INFO - 25/04/27 12:06:34 INFO TaskSetManager: Finished task 1.0 in stage 20.0 (TID 12) in 1039 ms on 172.18.0.5 (executor 0) (1/2)
[2025-04-27T12:06:34.462+0000] {spark_submit.py:490} INFO - 25/04/27 12:06:34 INFO TaskSetManager: Finished task 0.0 in stage 20.0 (TID 13) in 91 ms on 172.18.0.5 (executor 0) (2/2)
[2025-04-27T12:06:34.462+0000] {spark_submit.py:490} INFO - 25/04/27 12:06:34 INFO TaskSchedulerImpl: Removed TaskSet 20.0, whose tasks have all completed, from pool
[2025-04-27T12:06:34.463+0000] {spark_submit.py:490} INFO - 25/04/27 12:06:34 INFO DAGScheduler: ResultStage 20 (jdbc at NativeMethodAccessorImpl.java:0) finished in 1.177 s
[2025-04-27T12:06:34.463+0000] {spark_submit.py:490} INFO - 25/04/27 12:06:34 INFO DAGScheduler: Job 11 is finished. Cancelling potential speculative or zombie tasks for this job
[2025-04-27T12:06:34.463+0000] {spark_submit.py:490} INFO - 25/04/27 12:06:34 INFO TaskSchedulerImpl: Killing all running tasks in stage 20: Stage finished
[2025-04-27T12:06:34.463+0000] {spark_submit.py:490} INFO - 25/04/27 12:06:34 INFO DAGScheduler: Job 11 finished: jdbc at NativeMethodAccessorImpl.java:0, took 1.185236 s
[2025-04-27T12:06:34.477+0000] {spark_submit.py:490} INFO - INFO:__main__:Запись в mart.suspicious_transactions завершена
[2025-04-27T12:06:34.500+0000] {spark_submit.py:490} INFO - 25/04/27 12:06:34 WARN ClickHouseDriver: ******************************************************************************************
[2025-04-27T12:06:34.500+0000] {spark_submit.py:490} INFO - 25/04/27 12:06:34 WARN ClickHouseDriver: * This driver is DEPRECATED. Please use [com.clickhouse.jdbc.ClickHouseDriver] instead.  *
[2025-04-27T12:06:34.500+0000] {spark_submit.py:490} INFO - 25/04/27 12:06:34 WARN ClickHouseDriver: * Also everything in package [ru.yandex.clickhouse] will be removed starting from 0.4.0. *
[2025-04-27T12:06:34.500+0000] {spark_submit.py:490} INFO - 25/04/27 12:06:34 WARN ClickHouseDriver: ******************************************************************************************
[2025-04-27T12:06:34.654+0000] {spark_submit.py:490} INFO - Traceback (most recent call last):
[2025-04-27T12:06:34.654+0000] {spark_submit.py:490} INFO - File "/opt/airflow/spark/detect_suspicious.py", line 100, in <module>
[2025-04-27T12:06:34.654+0000] {spark_submit.py:490} INFO - .mode("append")
[2025-04-27T12:06:34.654+0000] {spark_submit.py:490} INFO - File "/opt/spark/python/lib/pyspark.zip/pyspark/sql/readwriter.py", line 966, in save
[2025-04-27T12:06:34.654+0000] {spark_submit.py:490} INFO - File "/opt/spark/python/lib/py4j-0.10.9.5-src.zip/py4j/java_gateway.py", line 1322, in __call__
[2025-04-27T12:06:34.655+0000] {spark_submit.py:490} INFO - File "/opt/spark/python/lib/pyspark.zip/pyspark/sql/utils.py", line 190, in deco
[2025-04-27T12:06:34.655+0000] {spark_submit.py:490} INFO - File "/opt/spark/python/lib/py4j-0.10.9.5-src.zip/py4j/protocol.py", line 328, in get_return_value
[2025-04-27T12:06:34.655+0000] {spark_submit.py:490} INFO - py4j.protocol.Py4JJavaError: An error occurred while calling o82.save.
[2025-04-27T12:06:34.655+0000] {spark_submit.py:490} INFO - : ru.yandex.clickhouse.except.ClickHouseException: ClickHouse exception, code: 81, host: clickhouse, port: 8123; Code: 81. DB::Exception: Database finbest doesn't exist. (UNKNOWN_DATABASE) (version 22.3.20.29 (official build))
[2025-04-27T12:06:34.655+0000] {spark_submit.py:490} INFO - 
[2025-04-27T12:06:34.655+0000] {spark_submit.py:490} INFO - at ru.yandex.clickhouse.except.ClickHouseExceptionSpecifier.specify(ClickHouseExceptionSpecifier.java:60)
[2025-04-27T12:06:34.655+0000] {spark_submit.py:490} INFO - at ru.yandex.clickhouse.except.ClickHouseExceptionSpecifier.specify(ClickHouseExceptionSpecifier.java:30)
[2025-04-27T12:06:34.656+0000] {spark_submit.py:490} INFO - at ru.yandex.clickhouse.ClickHouseStatementImpl.checkForErrorAndThrow(ClickHouseStatementImpl.java:1083)
[2025-04-27T12:06:34.656+0000] {spark_submit.py:490} INFO - at ru.yandex.clickhouse.ClickHouseStatementImpl.getInputStream(ClickHouseStatementImpl.java:770)
[2025-04-27T12:06:34.656+0000] {spark_submit.py:490} INFO - at ru.yandex.clickhouse.ClickHouseStatementImpl.getLastInputStream(ClickHouseStatementImpl.java:693)
[2025-04-27T12:06:34.656+0000] {spark_submit.py:490} INFO - at ru.yandex.clickhouse.ClickHouseStatementImpl.executeQuery(ClickHouseStatementImpl.java:341)
[2025-04-27T12:06:34.656+0000] {spark_submit.py:490} INFO - at ru.yandex.clickhouse.ClickHouseStatementImpl.executeQuery(ClickHouseStatementImpl.java:326)
[2025-04-27T12:06:34.656+0000] {spark_submit.py:490} INFO - at ru.yandex.clickhouse.ClickHouseStatementImpl.executeQuery(ClickHouseStatementImpl.java:320)
[2025-04-27T12:06:34.656+0000] {spark_submit.py:490} INFO - at ru.yandex.clickhouse.ClickHouseStatementImpl.executeQuery(ClickHouseStatementImpl.java:314)
[2025-04-27T12:06:34.656+0000] {spark_submit.py:490} INFO - at ru.yandex.clickhouse.ClickHouseConnectionImpl.initConnection(ClickHouseConnectionImpl.java:95)
[2025-04-27T12:06:34.656+0000] {spark_submit.py:490} INFO - at ru.yandex.clickhouse.ClickHouseConnectionImpl.<init>(ClickHouseConnectionImpl.java:79)
[2025-04-27T12:06:34.656+0000] {spark_submit.py:490} INFO - at ru.yandex.clickhouse.ClickHouseDriver.connect(ClickHouseDriver.java:65)
[2025-04-27T12:06:34.656+0000] {spark_submit.py:490} INFO - at ru.yandex.clickhouse.ClickHouseDriver.connect(ClickHouseDriver.java:57)
[2025-04-27T12:06:34.657+0000] {spark_submit.py:490} INFO - at ru.yandex.clickhouse.ClickHouseDriver.connect(ClickHouseDriver.java:36)
[2025-04-27T12:06:34.657+0000] {spark_submit.py:490} INFO - at org.apache.spark.sql.execution.datasources.jdbc.connection.BasicConnectionProvider.getConnection(BasicConnectionProvider.scala:49)
[2025-04-27T12:06:34.657+0000] {spark_submit.py:490} INFO - at org.apache.spark.sql.execution.datasources.jdbc.connection.ConnectionProviderBase.create(ConnectionProvider.scala:102)
[2025-04-27T12:06:34.657+0000] {spark_submit.py:490} INFO - at org.apache.spark.sql.jdbc.JdbcDialect.$anonfun$createConnectionFactory$1(JdbcDialects.scala:122)
[2025-04-27T12:06:34.657+0000] {spark_submit.py:490} INFO - at org.apache.spark.sql.jdbc.JdbcDialect.$anonfun$createConnectionFactory$1$adapted(JdbcDialects.scala:118)
[2025-04-27T12:06:34.657+0000] {spark_submit.py:490} INFO - at org.apache.spark.sql.execution.datasources.jdbc.JdbcRelationProvider.createRelation(JdbcRelationProvider.scala:50)
[2025-04-27T12:06:34.657+0000] {spark_submit.py:490} INFO - at org.apache.spark.sql.execution.datasources.SaveIntoDataSourceCommand.run(SaveIntoDataSourceCommand.scala:45)
[2025-04-27T12:06:34.657+0000] {spark_submit.py:490} INFO - at org.apache.spark.sql.execution.command.ExecutedCommandExec.sideEffectResult$lzycompute(commands.scala:75)
[2025-04-27T12:06:34.657+0000] {spark_submit.py:490} INFO - at org.apache.spark.sql.execution.command.ExecutedCommandExec.sideEffectResult(commands.scala:73)
[2025-04-27T12:06:34.657+0000] {spark_submit.py:490} INFO - at org.apache.spark.sql.execution.command.ExecutedCommandExec.executeCollect(commands.scala:84)
[2025-04-27T12:06:34.657+0000] {spark_submit.py:490} INFO - at org.apache.spark.sql.execution.QueryExecution$$anonfun$eagerlyExecuteCommands$1.$anonfun$applyOrElse$1(QueryExecution.scala:98)
[2025-04-27T12:06:34.657+0000] {spark_submit.py:490} INFO - at org.apache.spark.sql.execution.SQLExecution$.$anonfun$withNewExecutionId$6(SQLExecution.scala:109)
[2025-04-27T12:06:34.657+0000] {spark_submit.py:490} INFO - at org.apache.spark.sql.execution.SQLExecution$.withSQLConfPropagated(SQLExecution.scala:169)
[2025-04-27T12:06:34.658+0000] {spark_submit.py:490} INFO - at org.apache.spark.sql.execution.SQLExecution$.$anonfun$withNewExecutionId$1(SQLExecution.scala:95)
[2025-04-27T12:06:34.658+0000] {spark_submit.py:490} INFO - at org.apache.spark.sql.SparkSession.withActive(SparkSession.scala:779)
[2025-04-27T12:06:34.658+0000] {spark_submit.py:490} INFO - at org.apache.spark.sql.execution.SQLExecution$.withNewExecutionId(SQLExecution.scala:64)
[2025-04-27T12:06:34.658+0000] {spark_submit.py:490} INFO - at org.apache.spark.sql.execution.QueryExecution$$anonfun$eagerlyExecuteCommands$1.applyOrElse(QueryExecution.scala:98)
[2025-04-27T12:06:34.658+0000] {spark_submit.py:490} INFO - at org.apache.spark.sql.execution.QueryExecution$$anonfun$eagerlyExecuteCommands$1.applyOrElse(QueryExecution.scala:94)
[2025-04-27T12:06:34.658+0000] {spark_submit.py:490} INFO - at org.apache.spark.sql.catalyst.trees.TreeNode.$anonfun$transformDownWithPruning$1(TreeNode.scala:584)
[2025-04-27T12:06:34.658+0000] {spark_submit.py:490} INFO - at org.apache.spark.sql.catalyst.trees.CurrentOrigin$.withOrigin(TreeNode.scala:176)
[2025-04-27T12:06:34.658+0000] {spark_submit.py:490} INFO - at org.apache.spark.sql.catalyst.trees.TreeNode.transformDownWithPruning(TreeNode.scala:584)
[2025-04-27T12:06:34.658+0000] {spark_submit.py:490} INFO - at org.apache.spark.sql.catalyst.plans.logical.LogicalPlan.org$apache$spark$sql$catalyst$plans$logical$AnalysisHelper$$super$transformDownWithPruning(LogicalPlan.scala:30)
[2025-04-27T12:06:34.658+0000] {spark_submit.py:490} INFO - at org.apache.spark.sql.catalyst.plans.logical.AnalysisHelper.transformDownWithPruning(AnalysisHelper.scala:267)
[2025-04-27T12:06:34.658+0000] {spark_submit.py:490} INFO - at org.apache.spark.sql.catalyst.plans.logical.AnalysisHelper.transformDownWithPruning$(AnalysisHelper.scala:263)
[2025-04-27T12:06:34.658+0000] {spark_submit.py:490} INFO - at org.apache.spark.sql.catalyst.plans.logical.LogicalPlan.transformDownWithPruning(LogicalPlan.scala:30)
[2025-04-27T12:06:34.658+0000] {spark_submit.py:490} INFO - at org.apache.spark.sql.catalyst.plans.logical.LogicalPlan.transformDownWithPruning(LogicalPlan.scala:30)
[2025-04-27T12:06:34.659+0000] {spark_submit.py:490} INFO - at org.apache.spark.sql.catalyst.trees.TreeNode.transformDown(TreeNode.scala:560)
[2025-04-27T12:06:34.659+0000] {spark_submit.py:490} INFO - at org.apache.spark.sql.execution.QueryExecution.eagerlyExecuteCommands(QueryExecution.scala:94)
[2025-04-27T12:06:34.659+0000] {spark_submit.py:490} INFO - at org.apache.spark.sql.execution.QueryExecution.commandExecuted$lzycompute(QueryExecution.scala:81)
[2025-04-27T12:06:34.659+0000] {spark_submit.py:490} INFO - at org.apache.spark.sql.execution.QueryExecution.commandExecuted(QueryExecution.scala:79)
[2025-04-27T12:06:34.659+0000] {spark_submit.py:490} INFO - at org.apache.spark.sql.execution.QueryExecution.assertCommandExecuted(QueryExecution.scala:116)
[2025-04-27T12:06:34.659+0000] {spark_submit.py:490} INFO - at org.apache.spark.sql.DataFrameWriter.runCommand(DataFrameWriter.scala:860)
[2025-04-27T12:06:34.659+0000] {spark_submit.py:490} INFO - at org.apache.spark.sql.DataFrameWriter.saveToV1Source(DataFrameWriter.scala:390)
[2025-04-27T12:06:34.659+0000] {spark_submit.py:490} INFO - at org.apache.spark.sql.DataFrameWriter.saveInternal(DataFrameWriter.scala:363)
[2025-04-27T12:06:34.659+0000] {spark_submit.py:490} INFO - at org.apache.spark.sql.DataFrameWriter.save(DataFrameWriter.scala:247)
[2025-04-27T12:06:34.659+0000] {spark_submit.py:490} INFO - at java.base/jdk.internal.reflect.NativeMethodAccessorImpl.invoke0(Native Method)
[2025-04-27T12:06:34.659+0000] {spark_submit.py:490} INFO - at java.base/jdk.internal.reflect.NativeMethodAccessorImpl.invoke(NativeMethodAccessorImpl.java:62)
[2025-04-27T12:06:34.659+0000] {spark_submit.py:490} INFO - at java.base/jdk.internal.reflect.DelegatingMethodAccessorImpl.invoke(DelegatingMethodAccessorImpl.java:43)
[2025-04-27T12:06:34.659+0000] {spark_submit.py:490} INFO - at java.base/java.lang.reflect.Method.invoke(Method.java:566)
[2025-04-27T12:06:34.659+0000] {spark_submit.py:490} INFO - at py4j.reflection.MethodInvoker.invoke(MethodInvoker.java:244)
[2025-04-27T12:06:34.660+0000] {spark_submit.py:490} INFO - at py4j.reflection.ReflectionEngine.invoke(ReflectionEngine.java:357)
[2025-04-27T12:06:34.660+0000] {spark_submit.py:490} INFO - at py4j.Gateway.invoke(Gateway.java:282)
[2025-04-27T12:06:34.660+0000] {spark_submit.py:490} INFO - at py4j.commands.AbstractCommand.invokeMethod(AbstractCommand.java:132)
[2025-04-27T12:06:34.660+0000] {spark_submit.py:490} INFO - at py4j.commands.CallCommand.execute(CallCommand.java:79)
[2025-04-27T12:06:34.660+0000] {spark_submit.py:490} INFO - at py4j.ClientServerConnection.waitForCommands(ClientServerConnection.java:182)
[2025-04-27T12:06:34.660+0000] {spark_submit.py:490} INFO - at py4j.ClientServerConnection.run(ClientServerConnection.java:106)
[2025-04-27T12:06:34.660+0000] {spark_submit.py:490} INFO - at java.base/java.lang.Thread.run(Thread.java:829)
[2025-04-27T12:06:34.660+0000] {spark_submit.py:490} INFO - Caused by: java.lang.Throwable: Code: 81. DB::Exception: Database finbest doesn't exist. (UNKNOWN_DATABASE) (version 22.3.20.29 (official build))
[2025-04-27T12:06:34.660+0000] {spark_submit.py:490} INFO - 
[2025-04-27T12:06:34.660+0000] {spark_submit.py:490} INFO - at ru.yandex.clickhouse.except.ClickHouseExceptionSpecifier.specify(ClickHouseExceptionSpecifier.java:55)
[2025-04-27T12:06:34.660+0000] {spark_submit.py:490} INFO - ... 59 more
[2025-04-27T12:06:34.660+0000] {spark_submit.py:490} INFO - 
[2025-04-27T12:06:34.686+0000] {spark_submit.py:490} INFO - 25/04/27 12:06:34 INFO SparkContext: Invoking stop() from shutdown hook
[2025-04-27T12:06:34.693+0000] {spark_submit.py:490} INFO - 25/04/27 12:06:34 INFO SparkUI: Stopped Spark web UI at http://6780dda4d52a:4040
[2025-04-27T12:06:34.696+0000] {spark_submit.py:490} INFO - 25/04/27 12:06:34 INFO StandaloneSchedulerBackend: Shutting down all executors
[2025-04-27T12:06:34.696+0000] {spark_submit.py:490} INFO - 25/04/27 12:06:34 INFO CoarseGrainedSchedulerBackend$DriverEndpoint: Asking each executor to shut down
[2025-04-27T12:06:34.712+0000] {spark_submit.py:490} INFO - 25/04/27 12:06:34 INFO MapOutputTrackerMasterEndpoint: MapOutputTrackerMasterEndpoint stopped!
[2025-04-27T12:06:34.726+0000] {spark_submit.py:490} INFO - 25/04/27 12:06:34 INFO MemoryStore: MemoryStore cleared
[2025-04-27T12:06:34.726+0000] {spark_submit.py:490} INFO - 25/04/27 12:06:34 INFO BlockManager: BlockManager stopped
[2025-04-27T12:06:34.731+0000] {spark_submit.py:490} INFO - 25/04/27 12:06:34 INFO BlockManagerMaster: BlockManagerMaster stopped
[2025-04-27T12:06:34.734+0000] {spark_submit.py:490} INFO - 25/04/27 12:06:34 INFO OutputCommitCoordinator$OutputCommitCoordinatorEndpoint: OutputCommitCoordinator stopped!
[2025-04-27T12:06:34.739+0000] {spark_submit.py:490} INFO - 25/04/27 12:06:34 INFO SparkContext: Successfully stopped SparkContext
[2025-04-27T12:06:34.740+0000] {spark_submit.py:490} INFO - 25/04/27 12:06:34 INFO ShutdownHookManager: Shutdown hook called
[2025-04-27T12:06:34.740+0000] {spark_submit.py:490} INFO - 25/04/27 12:06:34 INFO ShutdownHookManager: Deleting directory /tmp/spark-842e6b14-1799-4ee2-9e8e-fab7cb95d071/pyspark-3a5aa02c-ae0f-418f-a7dc-33de76836d01
[2025-04-27T12:06:34.742+0000] {spark_submit.py:490} INFO - 25/04/27 12:06:34 INFO ShutdownHookManager: Deleting directory /tmp/spark-842e6b14-1799-4ee2-9e8e-fab7cb95d071
[2025-04-27T12:06:34.746+0000] {spark_submit.py:490} INFO - 25/04/27 12:06:34 INFO ShutdownHookManager: Deleting directory /tmp/spark-d40ca6d7-55af-4c9f-91dd-22c4f3d9bc63
[2025-04-27T12:06:34.804+0000] {taskinstance.py:1824} ERROR - Task failed with exception
Traceback (most recent call last):
  File "/home/airflow/.local/lib/python3.7/site-packages/airflow/providers/apache/spark/operators/spark_submit.py", line 157, in execute
    self._hook.submit(self._application)
  File "/home/airflow/.local/lib/python3.7/site-packages/airflow/providers/apache/spark/hooks/spark_submit.py", line 422, in submit
    f"Cannot execute: {self._mask_cmd(spark_submit_cmd)}. Error code is: {returncode}."
airflow.exceptions.AirflowException: Cannot execute: spark-submit --master spark://spark-master:7077 --packages org.postgresql:postgresql:42.6.0,ru.yandex.clickhouse:clickhouse-jdbc:0.3.2 --executor-cores 1 --executor-memory 1g --driver-memory 1g --name arrow-spark /opt/airflow/spark/detect_suspicious.py --jdbc jdbc:postgresql://postgres:5432/finbest --clickhouse-url jdbc:clickhouse://clickhouse:8123/finbest. Error code is: 1.
[2025-04-27T12:06:34.807+0000] {taskinstance.py:1350} INFO - Marking task as FAILED. dag_id=transform, task_id=detect_suspicious, execution_date=20250427T120457, start_date=20250427T120621, end_date=20250427T120634
[2025-04-27T12:06:34.816+0000] {standard_task_runner.py:109} ERROR - Failed to execute job 78 for task detect_suspicious (Cannot execute: spark-submit --master spark://spark-master:7077 --packages org.postgresql:postgresql:42.6.0,ru.yandex.clickhouse:clickhouse-jdbc:0.3.2 --executor-cores 1 --executor-memory 1g --driver-memory 1g --name arrow-spark /opt/airflow/spark/detect_suspicious.py --jdbc jdbc:postgresql://postgres:5432/finbest --clickhouse-url jdbc:clickhouse://clickhouse:8123/finbest. Error code is: 1.; 1850)
[2025-04-27T12:06:34.840+0000] {local_task_job_runner.py:225} INFO - Task exited with return code 1
[2025-04-27T12:06:34.930+0000] {taskinstance.py:2653} INFO - 0 downstream tasks scheduled from follow-on schedule check
