[2025-04-29T22:19:34.231+0000] {taskinstance.py:1103} INFO - Dependencies all met for dep_context=non-requeueable deps ti=<TaskInstance: superset_sync.dataset manual__2025-04-29T22:11:43.557206+00:00 [queued]>
[2025-04-29T22:19:34.238+0000] {taskinstance.py:1103} INFO - Dependencies all met for dep_context=requeueable deps ti=<TaskInstance: superset_sync.dataset manual__2025-04-29T22:11:43.557206+00:00 [queued]>
[2025-04-29T22:19:34.238+0000] {taskinstance.py:1308} INFO - Starting attempt 2 of 2
[2025-04-29T22:19:34.251+0000] {taskinstance.py:1327} INFO - Executing <Task(PythonOperator): dataset> on 2025-04-29 22:11:43.557206+00:00
[2025-04-29T22:19:34.254+0000] {standard_task_runner.py:57} INFO - Started process 170 to run task
[2025-04-29T22:19:34.256+0000] {standard_task_runner.py:84} INFO - Running: ['airflow', 'tasks', 'run', 'superset_sync', 'dataset', 'manual__2025-04-29T22:11:43.557206+00:00', '--job-id', '136', '--raw', '--subdir', 'DAGS_FOLDER/superset_sync.py', '--cfg-path', '/tmp/tmp780uz3nf']
[2025-04-29T22:19:34.257+0000] {standard_task_runner.py:85} INFO - Job 136: Subtask dataset
[2025-04-29T22:19:34.296+0000] {task_command.py:410} INFO - Running <TaskInstance: superset_sync.dataset manual__2025-04-29T22:11:43.557206+00:00 [running]> on host 5b42b61a262d
[2025-04-29T22:19:34.476+0000] {taskinstance.py:1547} INFO - Exporting env vars: AIRFLOW_CTX_DAG_OWNER='airflow' AIRFLOW_CTX_DAG_ID='superset_sync' AIRFLOW_CTX_TASK_ID='dataset' AIRFLOW_CTX_EXECUTION_DATE='2025-04-29T22:11:43.557206+00:00' AIRFLOW_CTX_TRY_NUMBER='2' AIRFLOW_CTX_DAG_RUN_ID='manual__2025-04-29T22:11:43.557206+00:00'
[2025-04-29T22:19:34.481+0000] {superset_sync.py:68} INFO - Superset ещё не готов (HTTPConnectionPool(host='superset', port=8088): Max retries exceeded with url: /api/v1/security/login (Caused by NewConnectionError('<urllib3.connection.HTTPConnection object at 0x77d2d786c4d0>: Failed to establish a new connection: [Errno -3] Temporary failure in name resolution'))). Ждём 3 c ...
[2025-04-29T22:19:37.490+0000] {superset_sync.py:68} INFO - Superset ещё не готов (HTTPConnectionPool(host='superset', port=8088): Max retries exceeded with url: /api/v1/security/login (Caused by NewConnectionError('<urllib3.connection.HTTPConnection object at 0x77d2d786c290>: Failed to establish a new connection: [Errno -3] Temporary failure in name resolution'))). Ждём 3 c ...
[2025-04-29T22:19:40.497+0000] {superset_sync.py:68} INFO - Superset ещё не готов (HTTPConnectionPool(host='superset', port=8088): Max retries exceeded with url: /api/v1/security/login (Caused by NewConnectionError('<urllib3.connection.HTTPConnection object at 0x77d2d786c450>: Failed to establish a new connection: [Errno -3] Temporary failure in name resolution'))). Ждём 3 c ...
[2025-04-29T22:19:43.506+0000] {superset_sync.py:68} INFO - Superset ещё не готов (HTTPConnectionPool(host='superset', port=8088): Max retries exceeded with url: /api/v1/security/login (Caused by NewConnectionError('<urllib3.connection.HTTPConnection object at 0x77d2d78a8250>: Failed to establish a new connection: [Errno -3] Temporary failure in name resolution'))). Ждём 3 c ...
[2025-04-29T22:19:46.513+0000] {superset_sync.py:68} INFO - Superset ещё не готов (HTTPConnectionPool(host='superset', port=8088): Max retries exceeded with url: /api/v1/security/login (Caused by NewConnectionError('<urllib3.connection.HTTPConnection object at 0x77d2d75ed110>: Failed to establish a new connection: [Errno -3] Temporary failure in name resolution'))). Ждём 3 c ...
[2025-04-29T22:19:49.521+0000] {superset_sync.py:68} INFO - Superset ещё не готов (HTTPConnectionPool(host='superset', port=8088): Max retries exceeded with url: /api/v1/security/login (Caused by NewConnectionError('<urllib3.connection.HTTPConnection object at 0x77d2d786c590>: Failed to establish a new connection: [Errno -3] Temporary failure in name resolution'))). Ждём 3 c ...
[2025-04-29T22:19:52.529+0000] {superset_sync.py:68} INFO - Superset ещё не готов (HTTPConnectionPool(host='superset', port=8088): Max retries exceeded with url: /api/v1/security/login (Caused by NewConnectionError('<urllib3.connection.HTTPConnection object at 0x77d2d786c390>: Failed to establish a new connection: [Errno -3] Temporary failure in name resolution'))). Ждём 3 c ...
[2025-04-29T22:19:55.538+0000] {superset_sync.py:68} INFO - Superset ещё не готов (HTTPConnectionPool(host='superset', port=8088): Max retries exceeded with url: /api/v1/security/login (Caused by NewConnectionError('<urllib3.connection.HTTPConnection object at 0x77d2d786cf10>: Failed to establish a new connection: [Errno -3] Temporary failure in name resolution'))). Ждём 3 c ...
[2025-04-29T22:19:58.547+0000] {superset_sync.py:68} INFO - Superset ещё не готов (HTTPConnectionPool(host='superset', port=8088): Max retries exceeded with url: /api/v1/security/login (Caused by NewConnectionError('<urllib3.connection.HTTPConnection object at 0x77d2d786c4d0>: Failed to establish a new connection: [Errno -3] Temporary failure in name resolution'))). Ждём 3 c ...
[2025-04-29T22:20:01.551+0000] {superset_sync.py:68} INFO - Superset ещё не готов (HTTPConnectionPool(host='superset', port=8088): Max retries exceeded with url: /api/v1/security/login (Caused by NewConnectionError('<urllib3.connection.HTTPConnection object at 0x77d2d786c3d0>: Failed to establish a new connection: [Errno -3] Temporary failure in name resolution'))). Ждём 3 c ...
[2025-04-29T22:20:04.559+0000] {superset_sync.py:68} INFO - Superset ещё не готов (HTTPConnectionPool(host='superset', port=8088): Max retries exceeded with url: /api/v1/security/login (Caused by NewConnectionError('<urllib3.connection.HTTPConnection object at 0x77d2d786c490>: Failed to establish a new connection: [Errno -3] Temporary failure in name resolution'))). Ждём 3 c ...
[2025-04-29T22:20:07.567+0000] {superset_sync.py:68} INFO - Superset ещё не готов (HTTPConnectionPool(host='superset', port=8088): Max retries exceeded with url: /api/v1/security/login (Caused by NewConnectionError('<urllib3.connection.HTTPConnection object at 0x77d2d786c150>: Failed to establish a new connection: [Errno -3] Temporary failure in name resolution'))). Ждём 3 c ...
[2025-04-29T22:20:10.575+0000] {superset_sync.py:68} INFO - Superset ещё не готов (HTTPConnectionPool(host='superset', port=8088): Max retries exceeded with url: /api/v1/security/login (Caused by NewConnectionError('<urllib3.connection.HTTPConnection object at 0x77d2d786ce10>: Failed to establish a new connection: [Errno -3] Temporary failure in name resolution'))). Ждём 3 c ...
[2025-04-29T22:20:13.584+0000] {superset_sync.py:68} INFO - Superset ещё не готов (HTTPConnectionPool(host='superset', port=8088): Max retries exceeded with url: /api/v1/security/login (Caused by NewConnectionError('<urllib3.connection.HTTPConnection object at 0x77d2d786c190>: Failed to establish a new connection: [Errno -3] Temporary failure in name resolution'))). Ждём 3 c ...
[2025-04-29T22:20:16.589+0000] {superset_sync.py:68} INFO - Superset ещё не готов (HTTPConnectionPool(host='superset', port=8088): Max retries exceeded with url: /api/v1/security/login (Caused by NewConnectionError('<urllib3.connection.HTTPConnection object at 0x77d2d786cd10>: Failed to establish a new connection: [Errno -3] Temporary failure in name resolution'))). Ждём 3 c ...
[2025-04-29T22:20:19.597+0000] {superset_sync.py:68} INFO - Superset ещё не готов (HTTPConnectionPool(host='superset', port=8088): Max retries exceeded with url: /api/v1/security/login (Caused by NewConnectionError('<urllib3.connection.HTTPConnection object at 0x77d2d786c450>: Failed to establish a new connection: [Errno -3] Temporary failure in name resolution'))). Ждём 3 c ...
[2025-04-29T22:20:22.604+0000] {superset_sync.py:68} INFO - Superset ещё не готов (HTTPConnectionPool(host='superset', port=8088): Max retries exceeded with url: /api/v1/security/login (Caused by NewConnectionError('<urllib3.connection.HTTPConnection object at 0x77d2d786cd50>: Failed to establish a new connection: [Errno -3] Temporary failure in name resolution'))). Ждём 3 c ...
[2025-04-29T22:20:25.608+0000] {superset_sync.py:68} INFO - Superset ещё не готов (HTTPConnectionPool(host='superset', port=8088): Max retries exceeded with url: /api/v1/security/login (Caused by NewConnectionError('<urllib3.connection.HTTPConnection object at 0x77d2d786c590>: Failed to establish a new connection: [Errno 111] Connection refused'))). Ждём 3 c ...
[2025-04-29T22:20:28.613+0000] {superset_sync.py:68} INFO - Superset ещё не готов (HTTPConnectionPool(host='superset', port=8088): Max retries exceeded with url: /api/v1/security/login (Caused by NewConnectionError('<urllib3.connection.HTTPConnection object at 0x77d2d78523d0>: Failed to establish a new connection: [Errno 111] Connection refused'))). Ждём 3 c ...
[2025-04-29T22:20:31.621+0000] {superset_sync.py:68} INFO - Superset ещё не готов (HTTPConnectionPool(host='superset', port=8088): Max retries exceeded with url: /api/v1/security/login (Caused by NewConnectionError('<urllib3.connection.HTTPConnection object at 0x77d2d78a2610>: Failed to establish a new connection: [Errno -3] Temporary failure in name resolution'))). Ждём 3 c ...
[2025-04-29T22:20:34.625+0000] {taskinstance.py:1824} ERROR - Task failed with exception
Traceback (most recent call last):
  File "/home/airflow/.local/lib/python3.7/site-packages/airflow/operators/python.py", line 181, in execute
    return_value = self.execute_callable()
  File "/home/airflow/.local/lib/python3.7/site-packages/airflow/operators/python.py", line 198, in execute_callable
    return self.python_callable(*self.op_args, **self.op_kwargs)
  File "/opt/airflow/dags/superset_sync.py", line 126, in task_datasets
    sess, head = _auth()
  File "/opt/airflow/dags/superset_sync.py", line 70, in _auth
    raise RuntimeError("Не удалось авторизоваться в Superset")
RuntimeError: Не удалось авторизоваться в Superset
[2025-04-29T22:20:34.642+0000] {taskinstance.py:1350} INFO - Marking task as FAILED. dag_id=superset_sync, task_id=dataset, execution_date=20250429T221143, start_date=20250429T221934, end_date=20250429T222034
[2025-04-29T22:20:34.662+0000] {standard_task_runner.py:109} ERROR - Failed to execute job 136 for task dataset (Не удалось авторизоваться в Superset; 170)
[2025-04-29T22:20:34.673+0000] {local_task_job_runner.py:225} INFO - Task exited with return code 1
[2025-04-29T22:20:34.694+0000] {taskinstance.py:2653} INFO - 0 downstream tasks scheduled from follow-on schedule check
