[2025-04-29T18:15:32.662+0000] {taskinstance.py:1103} INFO - Dependencies all met for dep_context=non-requeueable deps ti=<TaskInstance: transform.detect_suspicious manual__2025-04-29T17:53:37.714209+00:00 [queued]>
[2025-04-29T18:15:32.669+0000] {taskinstance.py:1103} INFO - Dependencies all met for dep_context=requeueable deps ti=<TaskInstance: transform.detect_suspicious manual__2025-04-29T17:53:37.714209+00:00 [queued]>
[2025-04-29T18:15:32.669+0000] {taskinstance.py:1308} INFO - Starting attempt 2 of 2
[2025-04-29T18:15:32.680+0000] {taskinstance.py:1327} INFO - Executing <Task(SparkSubmitOperator): detect_suspicious> on 2025-04-29 17:53:37.714209+00:00
[2025-04-29T18:15:32.683+0000] {standard_task_runner.py:57} INFO - Started process 55 to run task
[2025-04-29T18:15:32.685+0000] {standard_task_runner.py:84} INFO - Running: ['airflow', 'tasks', 'run', 'transform', 'detect_suspicious', 'manual__2025-04-29T17:53:37.714209+00:00', '--job-id', '96', '--raw', '--subdir', 'DAGS_FOLDER/transform.py', '--cfg-path', '/tmp/tmpb7oon6hn']
[2025-04-29T18:15:32.686+0000] {standard_task_runner.py:85} INFO - Job 96: Subtask detect_suspicious
[2025-04-29T18:15:32.731+0000] {task_command.py:410} INFO - Running <TaskInstance: transform.detect_suspicious manual__2025-04-29T17:53:37.714209+00:00 [running]> on host 2a409c1b1489
[2025-04-29T18:15:32.904+0000] {taskinstance.py:1547} INFO - Exporting env vars: AIRFLOW_CTX_DAG_OWNER='finbest' AIRFLOW_CTX_DAG_ID='transform' AIRFLOW_CTX_TASK_ID='detect_suspicious' AIRFLOW_CTX_EXECUTION_DATE='2025-04-29T17:53:37.714209+00:00' AIRFLOW_CTX_TRY_NUMBER='2' AIRFLOW_CTX_DAG_RUN_ID='manual__2025-04-29T17:53:37.714209+00:00'
[2025-04-29T18:15:32.913+0000] {base.py:73} INFO - Using connection ID 'spark_default' for task execution.
[2025-04-29T18:15:32.914+0000] {spark_submit.py:339} INFO - Spark-Submit cmd: spark-submit --master spark://spark-master:7077 --packages org.postgresql:postgresql:42.6.0,ru.yandex.clickhouse:clickhouse-jdbc:0.3.2 --executor-cores 1 --executor-memory 1g --driver-memory 1g --name arrow-spark /opt/airflow/spark/detect_suspicious.py --jdbc jdbc:postgresql://postgres:5432/finbest --clickhouse-url jdbc:clickhouse://clickhouse:8123/finbest
[2025-04-29T18:15:34.658+0000] {spark_submit.py:490} INFO - :: loading settings :: url = jar:file:/opt/spark/jars/ivy-2.5.0.jar!/org/apache/ivy/core/settings/ivysettings.xml
[2025-04-29T18:15:34.760+0000] {spark_submit.py:490} INFO - Ivy Default Cache set to: /home/airflow/.ivy2/cache
[2025-04-29T18:15:34.760+0000] {spark_submit.py:490} INFO - The jars for the packages stored in: /home/airflow/.ivy2/jars
[2025-04-29T18:15:34.764+0000] {spark_submit.py:490} INFO - org.postgresql#postgresql added as a dependency
[2025-04-29T18:15:34.764+0000] {spark_submit.py:490} INFO - ru.yandex.clickhouse#clickhouse-jdbc added as a dependency
[2025-04-29T18:15:34.765+0000] {spark_submit.py:490} INFO - :: resolving dependencies :: org.apache.spark#spark-submit-parent-a3011dbc-fd5d-4bd2-8408-d75616e9072d;1.0
[2025-04-29T18:15:34.765+0000] {spark_submit.py:490} INFO - confs: [default]
[2025-04-29T18:15:36.499+0000] {spark_submit.py:490} INFO - found org.postgresql#postgresql;42.6.0 in central
[2025-04-29T18:15:37.096+0000] {spark_submit.py:490} INFO - found org.checkerframework#checker-qual;3.31.0 in central
[2025-04-29T18:15:37.584+0000] {spark_submit.py:490} INFO - found ru.yandex.clickhouse#clickhouse-jdbc;0.3.2 in central
[2025-04-29T18:15:37.995+0000] {spark_submit.py:490} INFO - found com.clickhouse#clickhouse-http-client;0.3.2 in central
[2025-04-29T18:15:38.391+0000] {spark_submit.py:490} INFO - found com.clickhouse#clickhouse-client;0.3.2 in central
[2025-04-29T18:15:38.810+0000] {spark_submit.py:490} INFO - found org.lz4#lz4-java;1.8.0 in central
[2025-04-29T18:15:42.085+0000] {spark_submit.py:490} INFO - found com.google.code.gson#gson;2.8.8 in central
[2025-04-29T18:15:44.316+0000] {spark_submit.py:490} INFO - found org.apache.httpcomponents#httpclient;4.5.13 in central
[2025-04-29T18:15:45.160+0000] {spark_submit.py:490} INFO - found org.apache.httpcomponents#httpcore;4.4.13 in central
[2025-04-29T18:15:48.141+0000] {spark_submit.py:490} INFO - found commons-logging#commons-logging;1.2 in central
[2025-04-29T18:15:50.752+0000] {spark_submit.py:490} INFO - found commons-codec#commons-codec;1.11 in central
[2025-04-29T18:15:50.944+0000] {spark_submit.py:490} INFO - found org.apache.httpcomponents#httpmime;4.5.13 in central
[2025-04-29T18:15:51.018+0000] {spark_submit.py:490} INFO - downloading https://repo1.maven.org/maven2/org/postgresql/postgresql/42.6.0/postgresql-42.6.0.jar ...
[2025-04-29T18:16:00.401+0000] {spark_submit.py:490} INFO - [SUCCESSFUL ] org.postgresql#postgresql;42.6.0!postgresql.jar (9449ms)
[2025-04-29T18:16:00.488+0000] {spark_submit.py:490} INFO - downloading https://repo1.maven.org/maven2/ru/yandex/clickhouse/clickhouse-jdbc/0.3.2/clickhouse-jdbc-0.3.2.jar ...
[2025-04-29T18:16:06.028+0000] {spark_submit.py:490} INFO - [SUCCESSFUL ] ru.yandex.clickhouse#clickhouse-jdbc;0.3.2!clickhouse-jdbc.jar (5626ms)
[2025-04-29T18:16:06.101+0000] {spark_submit.py:490} INFO - downloading https://repo1.maven.org/maven2/org/checkerframework/checker-qual/3.31.0/checker-qual-3.31.0.jar ...
[2025-04-29T18:16:08.138+0000] {spark_submit.py:490} INFO - [SUCCESSFUL ] org.checkerframework#checker-qual;3.31.0!checker-qual.jar (2108ms)
[2025-04-29T18:16:08.208+0000] {spark_submit.py:490} INFO - downloading https://repo1.maven.org/maven2/com/clickhouse/clickhouse-http-client/0.3.2/clickhouse-http-client-0.3.2.jar ...
[2025-04-29T18:16:08.499+0000] {spark_submit.py:490} INFO - [SUCCESSFUL ] com.clickhouse#clickhouse-http-client;0.3.2!clickhouse-http-client.jar (359ms)
[2025-04-29T18:16:08.871+0000] {spark_submit.py:490} INFO - downloading https://repo1.maven.org/maven2/com/google/code/gson/gson/2.8.8/gson-2.8.8.jar ...
[2025-04-29T18:16:10.656+0000] {spark_submit.py:490} INFO - [SUCCESSFUL ] com.google.code.gson#gson;2.8.8!gson.jar (2156ms)
[2025-04-29T18:16:10.725+0000] {spark_submit.py:490} INFO - downloading https://repo1.maven.org/maven2/org/apache/httpcomponents/httpclient/4.5.13/httpclient-4.5.13.jar ...
[2025-04-29T18:16:17.372+0000] {spark_submit.py:490} INFO - [SUCCESSFUL ] org.apache.httpcomponents#httpclient;4.5.13!httpclient.jar (6714ms)
[2025-04-29T18:16:17.442+0000] {spark_submit.py:490} INFO - downloading https://repo1.maven.org/maven2/org/apache/httpcomponents/httpmime/4.5.13/httpmime-4.5.13.jar ...
[2025-04-29T18:16:17.784+0000] {spark_submit.py:490} INFO - [SUCCESSFUL ] org.apache.httpcomponents#httpmime;4.5.13!httpmime.jar (411ms)
[2025-04-29T18:16:17.855+0000] {spark_submit.py:490} INFO - downloading https://repo1.maven.org/maven2/org/lz4/lz4-java/1.8.0/lz4-java-1.8.0.jar ...
[2025-04-29T18:16:23.018+0000] {spark_submit.py:490} INFO - [SUCCESSFUL ] org.lz4#lz4-java;1.8.0!lz4-java.jar (5233ms)
[2025-04-29T18:16:23.115+0000] {spark_submit.py:490} INFO - downloading https://repo1.maven.org/maven2/com/clickhouse/clickhouse-client/0.3.2/clickhouse-client-0.3.2.jar ...
[2025-04-29T18:16:27.445+0000] {spark_submit.py:490} INFO - [SUCCESSFUL ] com.clickhouse#clickhouse-client;0.3.2!clickhouse-client.jar (4426ms)
[2025-04-29T18:16:27.510+0000] {spark_submit.py:490} INFO - downloading https://repo1.maven.org/maven2/org/apache/httpcomponents/httpcore/4.4.13/httpcore-4.4.13.jar ...
[2025-04-29T18:16:31.905+0000] {spark_submit.py:490} INFO - [SUCCESSFUL ] org.apache.httpcomponents#httpcore;4.4.13!httpcore.jar (4459ms)
[2025-04-29T18:16:31.975+0000] {spark_submit.py:490} INFO - downloading https://repo1.maven.org/maven2/commons-logging/commons-logging/1.2/commons-logging-1.2.jar ...
[2025-04-29T18:16:32.853+0000] {spark_submit.py:490} INFO - [SUCCESSFUL ] commons-logging#commons-logging;1.2!commons-logging.jar (947ms)
[2025-04-29T18:16:32.921+0000] {spark_submit.py:490} INFO - downloading https://repo1.maven.org/maven2/commons-codec/commons-codec/1.11/commons-codec-1.11.jar ...
[2025-04-29T18:16:37.458+0000] {spark_submit.py:490} INFO - [SUCCESSFUL ] commons-codec#commons-codec;1.11!commons-codec.jar (4603ms)
[2025-04-29T18:16:37.458+0000] {spark_submit.py:490} INFO - :: resolution report :: resolve 16186ms :: artifacts dl 46507ms
[2025-04-29T18:16:37.458+0000] {spark_submit.py:490} INFO - :: modules in use:
[2025-04-29T18:16:37.459+0000] {spark_submit.py:490} INFO - com.clickhouse#clickhouse-client;0.3.2 from central in [default]
[2025-04-29T18:16:37.459+0000] {spark_submit.py:490} INFO - com.clickhouse#clickhouse-http-client;0.3.2 from central in [default]
[2025-04-29T18:16:37.459+0000] {spark_submit.py:490} INFO - com.google.code.gson#gson;2.8.8 from central in [default]
[2025-04-29T18:16:37.459+0000] {spark_submit.py:490} INFO - commons-codec#commons-codec;1.11 from central in [default]
[2025-04-29T18:16:37.459+0000] {spark_submit.py:490} INFO - commons-logging#commons-logging;1.2 from central in [default]
[2025-04-29T18:16:37.459+0000] {spark_submit.py:490} INFO - org.apache.httpcomponents#httpclient;4.5.13 from central in [default]
[2025-04-29T18:16:37.459+0000] {spark_submit.py:490} INFO - org.apache.httpcomponents#httpcore;4.4.13 from central in [default]
[2025-04-29T18:16:37.460+0000] {spark_submit.py:490} INFO - org.apache.httpcomponents#httpmime;4.5.13 from central in [default]
[2025-04-29T18:16:37.460+0000] {spark_submit.py:490} INFO - org.checkerframework#checker-qual;3.31.0 from central in [default]
[2025-04-29T18:16:37.460+0000] {spark_submit.py:490} INFO - org.lz4#lz4-java;1.8.0 from central in [default]
[2025-04-29T18:16:37.460+0000] {spark_submit.py:490} INFO - org.postgresql#postgresql;42.6.0 from central in [default]
[2025-04-29T18:16:37.460+0000] {spark_submit.py:490} INFO - ru.yandex.clickhouse#clickhouse-jdbc;0.3.2 from central in [default]
[2025-04-29T18:16:37.460+0000] {spark_submit.py:490} INFO - ---------------------------------------------------------------------
[2025-04-29T18:16:37.460+0000] {spark_submit.py:490} INFO - |                  |            modules            ||   artifacts   |
[2025-04-29T18:16:37.460+0000] {spark_submit.py:490} INFO - |       conf       | number| search|dwnlded|evicted|| number|dwnlded|
[2025-04-29T18:16:37.460+0000] {spark_submit.py:490} INFO - ---------------------------------------------------------------------
[2025-04-29T18:16:37.460+0000] {spark_submit.py:490} INFO - |      default     |   12  |   12  |   12  |   0   ||   12  |   12  |
[2025-04-29T18:16:37.460+0000] {spark_submit.py:490} INFO - ---------------------------------------------------------------------
[2025-04-29T18:16:37.463+0000] {spark_submit.py:490} INFO - :: retrieving :: org.apache.spark#spark-submit-parent-a3011dbc-fd5d-4bd2-8408-d75616e9072d
[2025-04-29T18:16:37.464+0000] {spark_submit.py:490} INFO - confs: [default]
[2025-04-29T18:16:37.472+0000] {spark_submit.py:490} INFO - 12 artifacts copied, 0 already retrieved (4598kB/9ms)
[2025-04-29T18:16:37.649+0000] {spark_submit.py:490} INFO - 25/04/29 18:16:37 WARN NativeCodeLoader: Unable to load native-hadoop library for your platform... using builtin-java classes where applicable
[2025-04-29T18:16:38.405+0000] {spark_submit.py:490} INFO - 25/04/29 18:16:38 INFO SparkContext: Running Spark version 3.3.0
[2025-04-29T18:16:38.420+0000] {spark_submit.py:490} INFO - 25/04/29 18:16:38 INFO ResourceUtils: ==============================================================
[2025-04-29T18:16:38.420+0000] {spark_submit.py:490} INFO - 25/04/29 18:16:38 INFO ResourceUtils: No custom resources configured for spark.driver.
[2025-04-29T18:16:38.421+0000] {spark_submit.py:490} INFO - 25/04/29 18:16:38 INFO ResourceUtils: ==============================================================
[2025-04-29T18:16:38.421+0000] {spark_submit.py:490} INFO - 25/04/29 18:16:38 INFO SparkContext: Submitted application: FinBestDetect
[2025-04-29T18:16:38.437+0000] {spark_submit.py:490} INFO - 25/04/29 18:16:38 INFO ResourceProfile: Default ResourceProfile created, executor resources: Map(cores -> name: cores, amount: 1, script: , vendor: , memory -> name: memory, amount: 1024, script: , vendor: , offHeap -> name: offHeap, amount: 0, script: , vendor: ), task resources: Map(cpus -> name: cpus, amount: 1.0)
[2025-04-29T18:16:38.445+0000] {spark_submit.py:490} INFO - 25/04/29 18:16:38 INFO ResourceProfile: Limiting resource is cpus at 1 tasks per executor
[2025-04-29T18:16:38.446+0000] {spark_submit.py:490} INFO - 25/04/29 18:16:38 INFO ResourceProfileManager: Added ResourceProfile id: 0
[2025-04-29T18:16:38.501+0000] {spark_submit.py:490} INFO - 25/04/29 18:16:38 INFO SecurityManager: Changing view acls to: airflow
[2025-04-29T18:16:38.501+0000] {spark_submit.py:490} INFO - 25/04/29 18:16:38 INFO SecurityManager: Changing modify acls to: airflow
[2025-04-29T18:16:38.501+0000] {spark_submit.py:490} INFO - 25/04/29 18:16:38 INFO SecurityManager: Changing view acls groups to:
[2025-04-29T18:16:38.501+0000] {spark_submit.py:490} INFO - 25/04/29 18:16:38 INFO SecurityManager: Changing modify acls groups to:
[2025-04-29T18:16:38.502+0000] {spark_submit.py:490} INFO - 25/04/29 18:16:38 INFO SecurityManager: SecurityManager: authentication disabled; ui acls disabled; users  with view permissions: Set(airflow); groups with view permissions: Set(); users  with modify permissions: Set(airflow); groups with modify permissions: Set()
[2025-04-29T18:16:38.680+0000] {spark_submit.py:490} INFO - 25/04/29 18:16:38 INFO Utils: Successfully started service 'sparkDriver' on port 35947.
[2025-04-29T18:16:38.711+0000] {spark_submit.py:490} INFO - 25/04/29 18:16:38 INFO SparkEnv: Registering MapOutputTracker
[2025-04-29T18:16:38.737+0000] {spark_submit.py:490} INFO - 25/04/29 18:16:38 INFO SparkEnv: Registering BlockManagerMaster
[2025-04-29T18:16:38.753+0000] {spark_submit.py:490} INFO - 25/04/29 18:16:38 INFO BlockManagerMasterEndpoint: Using org.apache.spark.storage.DefaultTopologyMapper for getting topology information
[2025-04-29T18:16:38.753+0000] {spark_submit.py:490} INFO - 25/04/29 18:16:38 INFO BlockManagerMasterEndpoint: BlockManagerMasterEndpoint up
[2025-04-29T18:16:38.757+0000] {spark_submit.py:490} INFO - 25/04/29 18:16:38 INFO SparkEnv: Registering BlockManagerMasterHeartbeat
[2025-04-29T18:16:38.777+0000] {spark_submit.py:490} INFO - 25/04/29 18:16:38 INFO DiskBlockManager: Created local directory at /tmp/blockmgr-73d1d8e2-49f0-4601-9ca0-f87754340097
[2025-04-29T18:16:38.793+0000] {spark_submit.py:490} INFO - 25/04/29 18:16:38 INFO MemoryStore: MemoryStore started with capacity 434.4 MiB
[2025-04-29T18:16:38.807+0000] {spark_submit.py:490} INFO - 25/04/29 18:16:38 INFO SparkEnv: Registering OutputCommitCoordinator
[2025-04-29T18:16:38.981+0000] {spark_submit.py:490} INFO - 25/04/29 18:16:38 INFO Utils: Successfully started service 'SparkUI' on port 4040.
[2025-04-29T18:16:39.011+0000] {spark_submit.py:490} INFO - 25/04/29 18:16:39 INFO SparkContext: Added JAR file:///home/airflow/.ivy2/jars/org.postgresql_postgresql-42.6.0.jar at spark://2a409c1b1489:35947/jars/org.postgresql_postgresql-42.6.0.jar with timestamp 1745950598399
[2025-04-29T18:16:39.011+0000] {spark_submit.py:490} INFO - 25/04/29 18:16:39 INFO SparkContext: Added JAR file:///home/airflow/.ivy2/jars/ru.yandex.clickhouse_clickhouse-jdbc-0.3.2.jar at spark://2a409c1b1489:35947/jars/ru.yandex.clickhouse_clickhouse-jdbc-0.3.2.jar with timestamp 1745950598399
[2025-04-29T18:16:39.011+0000] {spark_submit.py:490} INFO - 25/04/29 18:16:39 INFO SparkContext: Added JAR file:///home/airflow/.ivy2/jars/org.checkerframework_checker-qual-3.31.0.jar at spark://2a409c1b1489:35947/jars/org.checkerframework_checker-qual-3.31.0.jar with timestamp 1745950598399
[2025-04-29T18:16:39.011+0000] {spark_submit.py:490} INFO - 25/04/29 18:16:39 INFO SparkContext: Added JAR file:///home/airflow/.ivy2/jars/com.clickhouse_clickhouse-http-client-0.3.2.jar at spark://2a409c1b1489:35947/jars/com.clickhouse_clickhouse-http-client-0.3.2.jar with timestamp 1745950598399
[2025-04-29T18:16:39.011+0000] {spark_submit.py:490} INFO - 25/04/29 18:16:39 INFO SparkContext: Added JAR file:///home/airflow/.ivy2/jars/com.google.code.gson_gson-2.8.8.jar at spark://2a409c1b1489:35947/jars/com.google.code.gson_gson-2.8.8.jar with timestamp 1745950598399
[2025-04-29T18:16:39.011+0000] {spark_submit.py:490} INFO - 25/04/29 18:16:39 INFO SparkContext: Added JAR file:///home/airflow/.ivy2/jars/org.apache.httpcomponents_httpclient-4.5.13.jar at spark://2a409c1b1489:35947/jars/org.apache.httpcomponents_httpclient-4.5.13.jar with timestamp 1745950598399
[2025-04-29T18:16:39.012+0000] {spark_submit.py:490} INFO - 25/04/29 18:16:39 INFO SparkContext: Added JAR file:///home/airflow/.ivy2/jars/org.apache.httpcomponents_httpmime-4.5.13.jar at spark://2a409c1b1489:35947/jars/org.apache.httpcomponents_httpmime-4.5.13.jar with timestamp 1745950598399
[2025-04-29T18:16:39.012+0000] {spark_submit.py:490} INFO - 25/04/29 18:16:39 INFO SparkContext: Added JAR file:///home/airflow/.ivy2/jars/org.lz4_lz4-java-1.8.0.jar at spark://2a409c1b1489:35947/jars/org.lz4_lz4-java-1.8.0.jar with timestamp 1745950598399
[2025-04-29T18:16:39.012+0000] {spark_submit.py:490} INFO - 25/04/29 18:16:39 INFO SparkContext: Added JAR file:///home/airflow/.ivy2/jars/com.clickhouse_clickhouse-client-0.3.2.jar at spark://2a409c1b1489:35947/jars/com.clickhouse_clickhouse-client-0.3.2.jar with timestamp 1745950598399
[2025-04-29T18:16:39.012+0000] {spark_submit.py:490} INFO - 25/04/29 18:16:39 INFO SparkContext: Added JAR file:///home/airflow/.ivy2/jars/org.apache.httpcomponents_httpcore-4.4.13.jar at spark://2a409c1b1489:35947/jars/org.apache.httpcomponents_httpcore-4.4.13.jar with timestamp 1745950598399
[2025-04-29T18:16:39.012+0000] {spark_submit.py:490} INFO - 25/04/29 18:16:39 INFO SparkContext: Added JAR file:///home/airflow/.ivy2/jars/commons-logging_commons-logging-1.2.jar at spark://2a409c1b1489:35947/jars/commons-logging_commons-logging-1.2.jar with timestamp 1745950598399
[2025-04-29T18:16:39.012+0000] {spark_submit.py:490} INFO - 25/04/29 18:16:39 INFO SparkContext: Added JAR file:///home/airflow/.ivy2/jars/commons-codec_commons-codec-1.11.jar at spark://2a409c1b1489:35947/jars/commons-codec_commons-codec-1.11.jar with timestamp 1745950598399
[2025-04-29T18:16:39.014+0000] {spark_submit.py:490} INFO - 25/04/29 18:16:39 INFO SparkContext: Added file file:///home/airflow/.ivy2/jars/org.postgresql_postgresql-42.6.0.jar at spark://2a409c1b1489:35947/files/org.postgresql_postgresql-42.6.0.jar with timestamp 1745950598399
[2025-04-29T18:16:39.015+0000] {spark_submit.py:490} INFO - 25/04/29 18:16:39 INFO Utils: Copying /home/airflow/.ivy2/jars/org.postgresql_postgresql-42.6.0.jar to /tmp/spark-bb515d07-dd49-4b02-a1b8-a098ca200662/userFiles-7eec0737-7865-4228-91ec-5e22d725141d/org.postgresql_postgresql-42.6.0.jar
[2025-04-29T18:16:39.023+0000] {spark_submit.py:490} INFO - 25/04/29 18:16:39 INFO SparkContext: Added file file:///home/airflow/.ivy2/jars/ru.yandex.clickhouse_clickhouse-jdbc-0.3.2.jar at spark://2a409c1b1489:35947/files/ru.yandex.clickhouse_clickhouse-jdbc-0.3.2.jar with timestamp 1745950598399
[2025-04-29T18:16:39.023+0000] {spark_submit.py:490} INFO - 25/04/29 18:16:39 INFO Utils: Copying /home/airflow/.ivy2/jars/ru.yandex.clickhouse_clickhouse-jdbc-0.3.2.jar to /tmp/spark-bb515d07-dd49-4b02-a1b8-a098ca200662/userFiles-7eec0737-7865-4228-91ec-5e22d725141d/ru.yandex.clickhouse_clickhouse-jdbc-0.3.2.jar
[2025-04-29T18:16:39.025+0000] {spark_submit.py:490} INFO - 25/04/29 18:16:39 INFO SparkContext: Added file file:///home/airflow/.ivy2/jars/org.checkerframework_checker-qual-3.31.0.jar at spark://2a409c1b1489:35947/files/org.checkerframework_checker-qual-3.31.0.jar with timestamp 1745950598399
[2025-04-29T18:16:39.026+0000] {spark_submit.py:490} INFO - 25/04/29 18:16:39 INFO Utils: Copying /home/airflow/.ivy2/jars/org.checkerframework_checker-qual-3.31.0.jar to /tmp/spark-bb515d07-dd49-4b02-a1b8-a098ca200662/userFiles-7eec0737-7865-4228-91ec-5e22d725141d/org.checkerframework_checker-qual-3.31.0.jar
[2025-04-29T18:16:39.028+0000] {spark_submit.py:490} INFO - 25/04/29 18:16:39 INFO SparkContext: Added file file:///home/airflow/.ivy2/jars/com.clickhouse_clickhouse-http-client-0.3.2.jar at spark://2a409c1b1489:35947/files/com.clickhouse_clickhouse-http-client-0.3.2.jar with timestamp 1745950598399
[2025-04-29T18:16:39.028+0000] {spark_submit.py:490} INFO - 25/04/29 18:16:39 INFO Utils: Copying /home/airflow/.ivy2/jars/com.clickhouse_clickhouse-http-client-0.3.2.jar to /tmp/spark-bb515d07-dd49-4b02-a1b8-a098ca200662/userFiles-7eec0737-7865-4228-91ec-5e22d725141d/com.clickhouse_clickhouse-http-client-0.3.2.jar
[2025-04-29T18:16:39.031+0000] {spark_submit.py:490} INFO - 25/04/29 18:16:39 INFO SparkContext: Added file file:///home/airflow/.ivy2/jars/com.google.code.gson_gson-2.8.8.jar at spark://2a409c1b1489:35947/files/com.google.code.gson_gson-2.8.8.jar with timestamp 1745950598399
[2025-04-29T18:16:39.031+0000] {spark_submit.py:490} INFO - 25/04/29 18:16:39 INFO Utils: Copying /home/airflow/.ivy2/jars/com.google.code.gson_gson-2.8.8.jar to /tmp/spark-bb515d07-dd49-4b02-a1b8-a098ca200662/userFiles-7eec0737-7865-4228-91ec-5e22d725141d/com.google.code.gson_gson-2.8.8.jar
[2025-04-29T18:16:39.033+0000] {spark_submit.py:490} INFO - 25/04/29 18:16:39 INFO SparkContext: Added file file:///home/airflow/.ivy2/jars/org.apache.httpcomponents_httpclient-4.5.13.jar at spark://2a409c1b1489:35947/files/org.apache.httpcomponents_httpclient-4.5.13.jar with timestamp 1745950598399
[2025-04-29T18:16:39.034+0000] {spark_submit.py:490} INFO - 25/04/29 18:16:39 INFO Utils: Copying /home/airflow/.ivy2/jars/org.apache.httpcomponents_httpclient-4.5.13.jar to /tmp/spark-bb515d07-dd49-4b02-a1b8-a098ca200662/userFiles-7eec0737-7865-4228-91ec-5e22d725141d/org.apache.httpcomponents_httpclient-4.5.13.jar
[2025-04-29T18:16:39.036+0000] {spark_submit.py:490} INFO - 25/04/29 18:16:39 INFO SparkContext: Added file file:///home/airflow/.ivy2/jars/org.apache.httpcomponents_httpmime-4.5.13.jar at spark://2a409c1b1489:35947/files/org.apache.httpcomponents_httpmime-4.5.13.jar with timestamp 1745950598399
[2025-04-29T18:16:39.037+0000] {spark_submit.py:490} INFO - 25/04/29 18:16:39 INFO Utils: Copying /home/airflow/.ivy2/jars/org.apache.httpcomponents_httpmime-4.5.13.jar to /tmp/spark-bb515d07-dd49-4b02-a1b8-a098ca200662/userFiles-7eec0737-7865-4228-91ec-5e22d725141d/org.apache.httpcomponents_httpmime-4.5.13.jar
[2025-04-29T18:16:39.039+0000] {spark_submit.py:490} INFO - 25/04/29 18:16:39 INFO SparkContext: Added file file:///home/airflow/.ivy2/jars/org.lz4_lz4-java-1.8.0.jar at spark://2a409c1b1489:35947/files/org.lz4_lz4-java-1.8.0.jar with timestamp 1745950598399
[2025-04-29T18:16:39.040+0000] {spark_submit.py:490} INFO - 25/04/29 18:16:39 INFO Utils: Copying /home/airflow/.ivy2/jars/org.lz4_lz4-java-1.8.0.jar to /tmp/spark-bb515d07-dd49-4b02-a1b8-a098ca200662/userFiles-7eec0737-7865-4228-91ec-5e22d725141d/org.lz4_lz4-java-1.8.0.jar
[2025-04-29T18:16:39.042+0000] {spark_submit.py:490} INFO - 25/04/29 18:16:39 INFO SparkContext: Added file file:///home/airflow/.ivy2/jars/com.clickhouse_clickhouse-client-0.3.2.jar at spark://2a409c1b1489:35947/files/com.clickhouse_clickhouse-client-0.3.2.jar with timestamp 1745950598399
[2025-04-29T18:16:39.042+0000] {spark_submit.py:490} INFO - 25/04/29 18:16:39 INFO Utils: Copying /home/airflow/.ivy2/jars/com.clickhouse_clickhouse-client-0.3.2.jar to /tmp/spark-bb515d07-dd49-4b02-a1b8-a098ca200662/userFiles-7eec0737-7865-4228-91ec-5e22d725141d/com.clickhouse_clickhouse-client-0.3.2.jar
[2025-04-29T18:16:39.045+0000] {spark_submit.py:490} INFO - 25/04/29 18:16:39 INFO SparkContext: Added file file:///home/airflow/.ivy2/jars/org.apache.httpcomponents_httpcore-4.4.13.jar at spark://2a409c1b1489:35947/files/org.apache.httpcomponents_httpcore-4.4.13.jar with timestamp 1745950598399
[2025-04-29T18:16:39.045+0000] {spark_submit.py:490} INFO - 25/04/29 18:16:39 INFO Utils: Copying /home/airflow/.ivy2/jars/org.apache.httpcomponents_httpcore-4.4.13.jar to /tmp/spark-bb515d07-dd49-4b02-a1b8-a098ca200662/userFiles-7eec0737-7865-4228-91ec-5e22d725141d/org.apache.httpcomponents_httpcore-4.4.13.jar
[2025-04-29T18:16:39.048+0000] {spark_submit.py:490} INFO - 25/04/29 18:16:39 INFO SparkContext: Added file file:///home/airflow/.ivy2/jars/commons-logging_commons-logging-1.2.jar at spark://2a409c1b1489:35947/files/commons-logging_commons-logging-1.2.jar with timestamp 1745950598399
[2025-04-29T18:16:39.048+0000] {spark_submit.py:490} INFO - 25/04/29 18:16:39 INFO Utils: Copying /home/airflow/.ivy2/jars/commons-logging_commons-logging-1.2.jar to /tmp/spark-bb515d07-dd49-4b02-a1b8-a098ca200662/userFiles-7eec0737-7865-4228-91ec-5e22d725141d/commons-logging_commons-logging-1.2.jar
[2025-04-29T18:16:39.050+0000] {spark_submit.py:490} INFO - 25/04/29 18:16:39 INFO SparkContext: Added file file:///home/airflow/.ivy2/jars/commons-codec_commons-codec-1.11.jar at spark://2a409c1b1489:35947/files/commons-codec_commons-codec-1.11.jar with timestamp 1745950598399
[2025-04-29T18:16:39.050+0000] {spark_submit.py:490} INFO - 25/04/29 18:16:39 INFO Utils: Copying /home/airflow/.ivy2/jars/commons-codec_commons-codec-1.11.jar to /tmp/spark-bb515d07-dd49-4b02-a1b8-a098ca200662/userFiles-7eec0737-7865-4228-91ec-5e22d725141d/commons-codec_commons-codec-1.11.jar
[2025-04-29T18:16:39.120+0000] {spark_submit.py:490} INFO - 25/04/29 18:16:39 INFO StandaloneAppClient$ClientEndpoint: Connecting to master spark://spark-master:7077...
[2025-04-29T18:16:39.150+0000] {spark_submit.py:490} INFO - 25/04/29 18:16:39 INFO TransportClientFactory: Successfully created connection to spark-master/172.18.0.2:7077 after 18 ms (0 ms spent in bootstraps)
[2025-04-29T18:16:39.240+0000] {spark_submit.py:490} INFO - 25/04/29 18:16:39 INFO StandaloneSchedulerBackend: Connected to Spark cluster with app ID app-20250429181639-0000
[2025-04-29T18:16:39.245+0000] {spark_submit.py:490} INFO - 25/04/29 18:16:39 INFO Utils: Successfully started service 'org.apache.spark.network.netty.NettyBlockTransferService' on port 36603.
[2025-04-29T18:16:39.245+0000] {spark_submit.py:490} INFO - 25/04/29 18:16:39 INFO NettyBlockTransferService: Server created on 2a409c1b1489:36603
[2025-04-29T18:16:39.246+0000] {spark_submit.py:490} INFO - 25/04/29 18:16:39 INFO BlockManager: Using org.apache.spark.storage.RandomBlockReplicationPolicy for block replication policy
[2025-04-29T18:16:39.259+0000] {spark_submit.py:490} INFO - 25/04/29 18:16:39 INFO BlockManagerMaster: Registering BlockManager BlockManagerId(driver, 2a409c1b1489, 36603, None)
[2025-04-29T18:16:39.262+0000] {spark_submit.py:490} INFO - 25/04/29 18:16:39 INFO BlockManagerMasterEndpoint: Registering block manager 2a409c1b1489:36603 with 434.4 MiB RAM, BlockManagerId(driver, 2a409c1b1489, 36603, None)
[2025-04-29T18:16:39.265+0000] {spark_submit.py:490} INFO - 25/04/29 18:16:39 INFO BlockManagerMaster: Registered BlockManager BlockManagerId(driver, 2a409c1b1489, 36603, None)
[2025-04-29T18:16:39.266+0000] {spark_submit.py:490} INFO - 25/04/29 18:16:39 INFO BlockManager: Initialized BlockManager: BlockManagerId(driver, 2a409c1b1489, 36603, None)
[2025-04-29T18:16:39.267+0000] {spark_submit.py:490} INFO - 25/04/29 18:16:39 INFO StandaloneAppClient$ClientEndpoint: Executor added: app-20250429181639-0000/0 on worker-20250429181508-172.18.0.5-33827 (172.18.0.5:33827) with 1 core(s)
[2025-04-29T18:16:39.269+0000] {spark_submit.py:490} INFO - 25/04/29 18:16:39 INFO StandaloneSchedulerBackend: Granted executor ID app-20250429181639-0000/0 on hostPort 172.18.0.5:33827 with 1 core(s), 1024.0 MiB RAM
[2025-04-29T18:16:39.380+0000] {spark_submit.py:490} INFO - 25/04/29 18:16:39 INFO StandaloneAppClient$ClientEndpoint: Executor updated: app-20250429181639-0000/0 is now RUNNING
[2025-04-29T18:16:39.428+0000] {spark_submit.py:490} INFO - 25/04/29 18:16:39 INFO StandaloneSchedulerBackend: SchedulerBackend is ready for scheduling beginning after reached minRegisteredResourcesRatio: 0.0
[2025-04-29T18:16:39.620+0000] {spark_submit.py:490} INFO - INFO:__main__:SparkSession создан
[2025-04-29T18:16:39.680+0000] {spark_submit.py:490} INFO - 25/04/29 18:16:39 INFO SharedState: Setting hive.metastore.warehouse.dir ('null') to the value of spark.sql.warehouse.dir.
[2025-04-29T18:16:39.682+0000] {spark_submit.py:490} INFO - 25/04/29 18:16:39 INFO SharedState: Warehouse path is 'file:/opt/airflow/spark-warehouse'.
[2025-04-29T18:16:41.902+0000] {spark_submit.py:490} INFO - 25/04/29 18:16:41 INFO CoarseGrainedSchedulerBackend$DriverEndpoint: Registered executor NettyRpcEndpointRef(spark-client://Executor) (172.18.0.5:58996) with ID 0,  ResourceProfileId 0
[2025-04-29T18:16:41.967+0000] {spark_submit.py:490} INFO - 25/04/29 18:16:41 INFO BlockManagerMasterEndpoint: Registering block manager 172.18.0.5:38267 with 366.3 MiB RAM, BlockManagerId(0, 172.18.0.5, 38267, None)
[2025-04-29T18:16:42.881+0000] {spark_submit.py:490} INFO - 25/04/29 18:16:42 INFO CodeGenerator: Code generated in 87.696245 ms
[2025-04-29T18:16:42.929+0000] {spark_submit.py:490} INFO - 25/04/29 18:16:42 INFO DAGScheduler: Registering RDD 2 (count at NativeMethodAccessorImpl.java:0) as input to shuffle 0
[2025-04-29T18:16:42.932+0000] {spark_submit.py:490} INFO - 25/04/29 18:16:42 INFO DAGScheduler: Got map stage job 0 (count at NativeMethodAccessorImpl.java:0) with 1 output partitions
[2025-04-29T18:16:42.932+0000] {spark_submit.py:490} INFO - 25/04/29 18:16:42 INFO DAGScheduler: Final stage: ShuffleMapStage 0 (count at NativeMethodAccessorImpl.java:0)
[2025-04-29T18:16:42.932+0000] {spark_submit.py:490} INFO - 25/04/29 18:16:42 INFO DAGScheduler: Parents of final stage: List()
[2025-04-29T18:16:42.933+0000] {spark_submit.py:490} INFO - 25/04/29 18:16:42 INFO DAGScheduler: Missing parents: List()
[2025-04-29T18:16:42.935+0000] {spark_submit.py:490} INFO - 25/04/29 18:16:42 INFO DAGScheduler: Submitting ShuffleMapStage 0 (MapPartitionsRDD[2] at count at NativeMethodAccessorImpl.java:0), which has no missing parents
[2025-04-29T18:16:43.022+0000] {spark_submit.py:490} INFO - 25/04/29 18:16:43 INFO MemoryStore: Block broadcast_0 stored as values in memory (estimated size 13.3 KiB, free 434.4 MiB)
[2025-04-29T18:16:43.056+0000] {spark_submit.py:490} INFO - 25/04/29 18:16:43 INFO MemoryStore: Block broadcast_0_piece0 stored as bytes in memory (estimated size 7.0 KiB, free 434.4 MiB)
[2025-04-29T18:16:43.058+0000] {spark_submit.py:490} INFO - 25/04/29 18:16:43 INFO BlockManagerInfo: Added broadcast_0_piece0 in memory on 2a409c1b1489:36603 (size: 7.0 KiB, free: 434.4 MiB)
[2025-04-29T18:16:43.061+0000] {spark_submit.py:490} INFO - 25/04/29 18:16:43 INFO SparkContext: Created broadcast 0 from broadcast at DAGScheduler.scala:1513
[2025-04-29T18:16:43.074+0000] {spark_submit.py:490} INFO - 25/04/29 18:16:43 INFO DAGScheduler: Submitting 1 missing tasks from ShuffleMapStage 0 (MapPartitionsRDD[2] at count at NativeMethodAccessorImpl.java:0) (first 15 tasks are for partitions Vector(0))
[2025-04-29T18:16:43.075+0000] {spark_submit.py:490} INFO - 25/04/29 18:16:43 INFO TaskSchedulerImpl: Adding task set 0.0 with 1 tasks resource profile 0
[2025-04-29T18:16:43.103+0000] {spark_submit.py:490} INFO - 25/04/29 18:16:43 INFO TaskSetManager: Starting task 0.0 in stage 0.0 (TID 0) (172.18.0.5, executor 0, partition 0, PROCESS_LOCAL, 4292 bytes) taskResourceAssignments Map()
[2025-04-29T18:16:43.304+0000] {spark_submit.py:490} INFO - 25/04/29 18:16:43 INFO BlockManagerInfo: Added broadcast_0_piece0 in memory on 172.18.0.5:38267 (size: 7.0 KiB, free: 366.3 MiB)
[2025-04-29T18:16:44.155+0000] {spark_submit.py:490} INFO - 25/04/29 18:16:44 INFO TaskSetManager: Finished task 0.0 in stage 0.0 (TID 0) in 1062 ms on 172.18.0.5 (executor 0) (1/1)
[2025-04-29T18:16:44.156+0000] {spark_submit.py:490} INFO - 25/04/29 18:16:44 INFO TaskSchedulerImpl: Removed TaskSet 0.0, whose tasks have all completed, from pool
[2025-04-29T18:16:44.162+0000] {spark_submit.py:490} INFO - 25/04/29 18:16:44 INFO DAGScheduler: ShuffleMapStage 0 (count at NativeMethodAccessorImpl.java:0) finished in 1.219 s
[2025-04-29T18:16:44.163+0000] {spark_submit.py:490} INFO - 25/04/29 18:16:44 INFO DAGScheduler: looking for newly runnable stages
[2025-04-29T18:16:44.163+0000] {spark_submit.py:490} INFO - 25/04/29 18:16:44 INFO DAGScheduler: running: Set()
[2025-04-29T18:16:44.163+0000] {spark_submit.py:490} INFO - 25/04/29 18:16:44 INFO DAGScheduler: waiting: Set()
[2025-04-29T18:16:44.163+0000] {spark_submit.py:490} INFO - 25/04/29 18:16:44 INFO DAGScheduler: failed: Set()
[2025-04-29T18:16:44.191+0000] {spark_submit.py:490} INFO - 25/04/29 18:16:44 INFO CodeGenerator: Code generated in 7.592983 ms
[2025-04-29T18:16:44.217+0000] {spark_submit.py:490} INFO - 25/04/29 18:16:44 INFO SparkContext: Starting job: count at NativeMethodAccessorImpl.java:0
[2025-04-29T18:16:44.220+0000] {spark_submit.py:490} INFO - 25/04/29 18:16:44 INFO DAGScheduler: Got job 1 (count at NativeMethodAccessorImpl.java:0) with 1 output partitions
[2025-04-29T18:16:44.220+0000] {spark_submit.py:490} INFO - 25/04/29 18:16:44 INFO DAGScheduler: Final stage: ResultStage 2 (count at NativeMethodAccessorImpl.java:0)
[2025-04-29T18:16:44.221+0000] {spark_submit.py:490} INFO - 25/04/29 18:16:44 INFO DAGScheduler: Parents of final stage: List(ShuffleMapStage 1)
[2025-04-29T18:16:44.221+0000] {spark_submit.py:490} INFO - 25/04/29 18:16:44 INFO DAGScheduler: Missing parents: List()
[2025-04-29T18:16:44.223+0000] {spark_submit.py:490} INFO - 25/04/29 18:16:44 INFO DAGScheduler: Submitting ResultStage 2 (MapPartitionsRDD[5] at count at NativeMethodAccessorImpl.java:0), which has no missing parents
[2025-04-29T18:16:44.232+0000] {spark_submit.py:490} INFO - 25/04/29 18:16:44 INFO MemoryStore: Block broadcast_1 stored as values in memory (estimated size 11.1 KiB, free 434.4 MiB)
[2025-04-29T18:16:44.235+0000] {spark_submit.py:490} INFO - 25/04/29 18:16:44 INFO MemoryStore: Block broadcast_1_piece0 stored as bytes in memory (estimated size 5.5 KiB, free 434.4 MiB)
[2025-04-29T18:16:44.235+0000] {spark_submit.py:490} INFO - 25/04/29 18:16:44 INFO BlockManagerInfo: Added broadcast_1_piece0 in memory on 2a409c1b1489:36603 (size: 5.5 KiB, free: 434.4 MiB)
[2025-04-29T18:16:44.236+0000] {spark_submit.py:490} INFO - 25/04/29 18:16:44 INFO SparkContext: Created broadcast 1 from broadcast at DAGScheduler.scala:1513
[2025-04-29T18:16:44.237+0000] {spark_submit.py:490} INFO - 25/04/29 18:16:44 INFO DAGScheduler: Submitting 1 missing tasks from ResultStage 2 (MapPartitionsRDD[5] at count at NativeMethodAccessorImpl.java:0) (first 15 tasks are for partitions Vector(0))
[2025-04-29T18:16:44.237+0000] {spark_submit.py:490} INFO - 25/04/29 18:16:44 INFO TaskSchedulerImpl: Adding task set 2.0 with 1 tasks resource profile 0
[2025-04-29T18:16:44.242+0000] {spark_submit.py:490} INFO - 25/04/29 18:16:44 INFO TaskSetManager: Starting task 0.0 in stage 2.0 (TID 1) (172.18.0.5, executor 0, partition 0, NODE_LOCAL, 4457 bytes) taskResourceAssignments Map()
[2025-04-29T18:16:44.261+0000] {spark_submit.py:490} INFO - 25/04/29 18:16:44 INFO BlockManagerInfo: Added broadcast_1_piece0 in memory on 172.18.0.5:38267 (size: 5.5 KiB, free: 366.3 MiB)
[2025-04-29T18:16:44.362+0000] {spark_submit.py:490} INFO - 25/04/29 18:16:44 INFO MapOutputTrackerMasterEndpoint: Asked to send map output locations for shuffle 0 to 172.18.0.5:58996
[2025-04-29T18:16:44.533+0000] {spark_submit.py:490} INFO - 25/04/29 18:16:44 INFO TaskSetManager: Finished task 0.0 in stage 2.0 (TID 1) in 292 ms on 172.18.0.5 (executor 0) (1/1)
[2025-04-29T18:16:44.533+0000] {spark_submit.py:490} INFO - 25/04/29 18:16:44 INFO TaskSchedulerImpl: Removed TaskSet 2.0, whose tasks have all completed, from pool
[2025-04-29T18:16:44.534+0000] {spark_submit.py:490} INFO - 25/04/29 18:16:44 INFO DAGScheduler: ResultStage 2 (count at NativeMethodAccessorImpl.java:0) finished in 0.305 s
[2025-04-29T18:16:44.535+0000] {spark_submit.py:490} INFO - 25/04/29 18:16:44 INFO DAGScheduler: Job 1 is finished. Cancelling potential speculative or zombie tasks for this job
[2025-04-29T18:16:44.535+0000] {spark_submit.py:490} INFO - 25/04/29 18:16:44 INFO TaskSchedulerImpl: Killing all running tasks in stage 2: Stage finished
[2025-04-29T18:16:44.537+0000] {spark_submit.py:490} INFO - 25/04/29 18:16:44 INFO DAGScheduler: Job 1 finished: count at NativeMethodAccessorImpl.java:0, took 0.319622 s
[2025-04-29T18:16:44.545+0000] {spark_submit.py:490} INFO - INFO:__main__:Таблица raw.masked_transactions загружена, записей: 1000
[2025-04-29T18:16:44.681+0000] {spark_submit.py:490} INFO - 25/04/29 18:16:44 INFO DAGScheduler: Registering RDD 8 (count at NativeMethodAccessorImpl.java:0) as input to shuffle 1
[2025-04-29T18:16:44.681+0000] {spark_submit.py:490} INFO - 25/04/29 18:16:44 INFO DAGScheduler: Got map stage job 2 (count at NativeMethodAccessorImpl.java:0) with 1 output partitions
[2025-04-29T18:16:44.682+0000] {spark_submit.py:490} INFO - 25/04/29 18:16:44 INFO DAGScheduler: Final stage: ShuffleMapStage 3 (count at NativeMethodAccessorImpl.java:0)
[2025-04-29T18:16:44.682+0000] {spark_submit.py:490} INFO - 25/04/29 18:16:44 INFO DAGScheduler: Parents of final stage: List()
[2025-04-29T18:16:44.682+0000] {spark_submit.py:490} INFO - 25/04/29 18:16:44 INFO DAGScheduler: Missing parents: List()
[2025-04-29T18:16:44.682+0000] {spark_submit.py:490} INFO - 25/04/29 18:16:44 INFO DAGScheduler: Submitting ShuffleMapStage 3 (MapPartitionsRDD[8] at count at NativeMethodAccessorImpl.java:0), which has no missing parents
[2025-04-29T18:16:44.684+0000] {spark_submit.py:490} INFO - 25/04/29 18:16:44 INFO MemoryStore: Block broadcast_2 stored as values in memory (estimated size 13.4 KiB, free 434.4 MiB)
[2025-04-29T18:16:44.686+0000] {spark_submit.py:490} INFO - 25/04/29 18:16:44 INFO MemoryStore: Block broadcast_2_piece0 stored as bytes in memory (estimated size 7.0 KiB, free 434.3 MiB)
[2025-04-29T18:16:44.686+0000] {spark_submit.py:490} INFO - 25/04/29 18:16:44 INFO BlockManagerInfo: Added broadcast_2_piece0 in memory on 2a409c1b1489:36603 (size: 7.0 KiB, free: 434.4 MiB)
[2025-04-29T18:16:44.687+0000] {spark_submit.py:490} INFO - 25/04/29 18:16:44 INFO SparkContext: Created broadcast 2 from broadcast at DAGScheduler.scala:1513
[2025-04-29T18:16:44.687+0000] {spark_submit.py:490} INFO - 25/04/29 18:16:44 INFO DAGScheduler: Submitting 1 missing tasks from ShuffleMapStage 3 (MapPartitionsRDD[8] at count at NativeMethodAccessorImpl.java:0) (first 15 tasks are for partitions Vector(0))
[2025-04-29T18:16:44.688+0000] {spark_submit.py:490} INFO - 25/04/29 18:16:44 INFO TaskSchedulerImpl: Adding task set 3.0 with 1 tasks resource profile 0
[2025-04-29T18:16:44.689+0000] {spark_submit.py:490} INFO - 25/04/29 18:16:44 INFO TaskSetManager: Starting task 0.0 in stage 3.0 (TID 2) (172.18.0.5, executor 0, partition 0, PROCESS_LOCAL, 4292 bytes) taskResourceAssignments Map()
[2025-04-29T18:16:44.701+0000] {spark_submit.py:490} INFO - 25/04/29 18:16:44 INFO BlockManagerInfo: Added broadcast_2_piece0 in memory on 172.18.0.5:38267 (size: 7.0 KiB, free: 366.3 MiB)
[2025-04-29T18:16:44.734+0000] {spark_submit.py:490} INFO - 25/04/29 18:16:44 INFO TaskSetManager: Finished task 0.0 in stage 3.0 (TID 2) in 45 ms on 172.18.0.5 (executor 0) (1/1)
[2025-04-29T18:16:44.734+0000] {spark_submit.py:490} INFO - 25/04/29 18:16:44 INFO TaskSchedulerImpl: Removed TaskSet 3.0, whose tasks have all completed, from pool
[2025-04-29T18:16:44.735+0000] {spark_submit.py:490} INFO - 25/04/29 18:16:44 INFO DAGScheduler: ShuffleMapStage 3 (count at NativeMethodAccessorImpl.java:0) finished in 0.052 s
[2025-04-29T18:16:44.735+0000] {spark_submit.py:490} INFO - 25/04/29 18:16:44 INFO DAGScheduler: looking for newly runnable stages
[2025-04-29T18:16:44.735+0000] {spark_submit.py:490} INFO - 25/04/29 18:16:44 INFO DAGScheduler: running: Set()
[2025-04-29T18:16:44.735+0000] {spark_submit.py:490} INFO - 25/04/29 18:16:44 INFO DAGScheduler: waiting: Set()
[2025-04-29T18:16:44.735+0000] {spark_submit.py:490} INFO - 25/04/29 18:16:44 INFO DAGScheduler: failed: Set()
[2025-04-29T18:16:44.772+0000] {spark_submit.py:490} INFO - 25/04/29 18:16:44 INFO SparkContext: Starting job: count at NativeMethodAccessorImpl.java:0
[2025-04-29T18:16:44.773+0000] {spark_submit.py:490} INFO - 25/04/29 18:16:44 INFO DAGScheduler: Got job 3 (count at NativeMethodAccessorImpl.java:0) with 1 output partitions
[2025-04-29T18:16:44.773+0000] {spark_submit.py:490} INFO - 25/04/29 18:16:44 INFO DAGScheduler: Final stage: ResultStage 5 (count at NativeMethodAccessorImpl.java:0)
[2025-04-29T18:16:44.773+0000] {spark_submit.py:490} INFO - 25/04/29 18:16:44 INFO DAGScheduler: Parents of final stage: List(ShuffleMapStage 4)
[2025-04-29T18:16:44.774+0000] {spark_submit.py:490} INFO - 25/04/29 18:16:44 INFO DAGScheduler: Missing parents: List()
[2025-04-29T18:16:44.775+0000] {spark_submit.py:490} INFO - 25/04/29 18:16:44 INFO DAGScheduler: Submitting ResultStage 5 (MapPartitionsRDD[11] at count at NativeMethodAccessorImpl.java:0), which has no missing parents
[2025-04-29T18:16:44.779+0000] {spark_submit.py:490} INFO - 25/04/29 18:16:44 INFO MemoryStore: Block broadcast_3 stored as values in memory (estimated size 11.1 KiB, free 434.3 MiB)
[2025-04-29T18:16:44.781+0000] {spark_submit.py:490} INFO - 25/04/29 18:16:44 INFO MemoryStore: Block broadcast_3_piece0 stored as bytes in memory (estimated size 5.5 KiB, free 434.3 MiB)
[2025-04-29T18:16:44.782+0000] {spark_submit.py:490} INFO - 25/04/29 18:16:44 INFO BlockManagerInfo: Added broadcast_3_piece0 in memory on 2a409c1b1489:36603 (size: 5.5 KiB, free: 434.4 MiB)
[2025-04-29T18:16:44.783+0000] {spark_submit.py:490} INFO - 25/04/29 18:16:44 INFO SparkContext: Created broadcast 3 from broadcast at DAGScheduler.scala:1513
[2025-04-29T18:16:44.784+0000] {spark_submit.py:490} INFO - 25/04/29 18:16:44 INFO DAGScheduler: Submitting 1 missing tasks from ResultStage 5 (MapPartitionsRDD[11] at count at NativeMethodAccessorImpl.java:0) (first 15 tasks are for partitions Vector(0))
[2025-04-29T18:16:44.785+0000] {spark_submit.py:490} INFO - 25/04/29 18:16:44 INFO TaskSchedulerImpl: Adding task set 5.0 with 1 tasks resource profile 0
[2025-04-29T18:16:44.786+0000] {spark_submit.py:490} INFO - 25/04/29 18:16:44 INFO TaskSetManager: Starting task 0.0 in stage 5.0 (TID 3) (172.18.0.5, executor 0, partition 0, NODE_LOCAL, 4457 bytes) taskResourceAssignments Map()
[2025-04-29T18:16:44.787+0000] {spark_submit.py:490} INFO - 25/04/29 18:16:44 INFO BlockManagerInfo: Removed broadcast_2_piece0 on 2a409c1b1489:36603 in memory (size: 7.0 KiB, free: 434.4 MiB)
[2025-04-29T18:16:44.794+0000] {spark_submit.py:490} INFO - 25/04/29 18:16:44 INFO BlockManagerInfo: Removed broadcast_2_piece0 on 172.18.0.5:38267 in memory (size: 7.0 KiB, free: 366.3 MiB)
[2025-04-29T18:16:44.812+0000] {spark_submit.py:490} INFO - 25/04/29 18:16:44 INFO BlockManagerInfo: Added broadcast_3_piece0 in memory on 172.18.0.5:38267 (size: 5.5 KiB, free: 366.3 MiB)
[2025-04-29T18:16:44.813+0000] {spark_submit.py:490} INFO - 25/04/29 18:16:44 INFO BlockManagerInfo: Removed broadcast_1_piece0 on 2a409c1b1489:36603 in memory (size: 5.5 KiB, free: 434.4 MiB)
[2025-04-29T18:16:44.817+0000] {spark_submit.py:490} INFO - 25/04/29 18:16:44 INFO BlockManagerInfo: Removed broadcast_1_piece0 on 172.18.0.5:38267 in memory (size: 5.5 KiB, free: 366.3 MiB)
[2025-04-29T18:16:44.823+0000] {spark_submit.py:490} INFO - 25/04/29 18:16:44 INFO MapOutputTrackerMasterEndpoint: Asked to send map output locations for shuffle 1 to 172.18.0.5:58996
[2025-04-29T18:16:44.832+0000] {spark_submit.py:490} INFO - 25/04/29 18:16:44 INFO BlockManagerInfo: Removed broadcast_0_piece0 on 2a409c1b1489:36603 in memory (size: 7.0 KiB, free: 434.4 MiB)
[2025-04-29T18:16:44.836+0000] {spark_submit.py:490} INFO - 25/04/29 18:16:44 INFO BlockManagerInfo: Removed broadcast_0_piece0 on 172.18.0.5:38267 in memory (size: 7.0 KiB, free: 366.3 MiB)
[2025-04-29T18:16:44.839+0000] {spark_submit.py:490} INFO - 25/04/29 18:16:44 INFO TaskSetManager: Finished task 0.0 in stage 5.0 (TID 3) in 53 ms on 172.18.0.5 (executor 0) (1/1)
[2025-04-29T18:16:44.840+0000] {spark_submit.py:490} INFO - 25/04/29 18:16:44 INFO TaskSchedulerImpl: Removed TaskSet 5.0, whose tasks have all completed, from pool
[2025-04-29T18:16:44.841+0000] {spark_submit.py:490} INFO - 25/04/29 18:16:44 INFO DAGScheduler: ResultStage 5 (count at NativeMethodAccessorImpl.java:0) finished in 0.064 s
[2025-04-29T18:16:44.842+0000] {spark_submit.py:490} INFO - 25/04/29 18:16:44 INFO DAGScheduler: Job 3 is finished. Cancelling potential speculative or zombie tasks for this job
[2025-04-29T18:16:44.842+0000] {spark_submit.py:490} INFO - 25/04/29 18:16:44 INFO TaskSchedulerImpl: Killing all running tasks in stage 5: Stage finished
[2025-04-29T18:16:44.842+0000] {spark_submit.py:490} INFO - 25/04/29 18:16:44 INFO DAGScheduler: Job 3 finished: count at NativeMethodAccessorImpl.java:0, took 0.070456 s
[2025-04-29T18:16:44.844+0000] {spark_submit.py:490} INFO - INFO:__main__:Правило large_tx отработано, записей: 340
[2025-04-29T18:16:45.073+0000] {spark_submit.py:490} INFO - 25/04/29 18:16:45 INFO CodeGenerator: Code generated in 14.103229 ms
[2025-04-29T18:16:45.077+0000] {spark_submit.py:490} INFO - 25/04/29 18:16:45 INFO DAGScheduler: Registering RDD 14 (count at NativeMethodAccessorImpl.java:0) as input to shuffle 2
[2025-04-29T18:16:45.077+0000] {spark_submit.py:490} INFO - 25/04/29 18:16:45 INFO DAGScheduler: Got map stage job 4 (count at NativeMethodAccessorImpl.java:0) with 1 output partitions
[2025-04-29T18:16:45.078+0000] {spark_submit.py:490} INFO - 25/04/29 18:16:45 INFO DAGScheduler: Final stage: ShuffleMapStage 6 (count at NativeMethodAccessorImpl.java:0)
[2025-04-29T18:16:45.078+0000] {spark_submit.py:490} INFO - 25/04/29 18:16:45 INFO DAGScheduler: Parents of final stage: List()
[2025-04-29T18:16:45.078+0000] {spark_submit.py:490} INFO - 25/04/29 18:16:45 INFO DAGScheduler: Missing parents: List()
[2025-04-29T18:16:45.078+0000] {spark_submit.py:490} INFO - 25/04/29 18:16:45 INFO DAGScheduler: Submitting ShuffleMapStage 6 (MapPartitionsRDD[14] at count at NativeMethodAccessorImpl.java:0), which has no missing parents
[2025-04-29T18:16:45.082+0000] {spark_submit.py:490} INFO - 25/04/29 18:16:45 INFO MemoryStore: Block broadcast_4 stored as values in memory (estimated size 14.0 KiB, free 434.4 MiB)
[2025-04-29T18:16:45.084+0000] {spark_submit.py:490} INFO - 25/04/29 18:16:45 INFO MemoryStore: Block broadcast_4_piece0 stored as bytes in memory (estimated size 7.3 KiB, free 434.4 MiB)
[2025-04-29T18:16:45.084+0000] {spark_submit.py:490} INFO - 25/04/29 18:16:45 INFO BlockManagerInfo: Added broadcast_4_piece0 in memory on 2a409c1b1489:36603 (size: 7.3 KiB, free: 434.4 MiB)
[2025-04-29T18:16:45.085+0000] {spark_submit.py:490} INFO - 25/04/29 18:16:45 INFO SparkContext: Created broadcast 4 from broadcast at DAGScheduler.scala:1513
[2025-04-29T18:16:45.085+0000] {spark_submit.py:490} INFO - 25/04/29 18:16:45 INFO DAGScheduler: Submitting 1 missing tasks from ShuffleMapStage 6 (MapPartitionsRDD[14] at count at NativeMethodAccessorImpl.java:0) (first 15 tasks are for partitions Vector(0))
[2025-04-29T18:16:45.085+0000] {spark_submit.py:490} INFO - 25/04/29 18:16:45 INFO TaskSchedulerImpl: Adding task set 6.0 with 1 tasks resource profile 0
[2025-04-29T18:16:45.087+0000] {spark_submit.py:490} INFO - 25/04/29 18:16:45 INFO TaskSetManager: Starting task 0.0 in stage 6.0 (TID 4) (172.18.0.5, executor 0, partition 0, PROCESS_LOCAL, 4292 bytes) taskResourceAssignments Map()
[2025-04-29T18:16:45.098+0000] {spark_submit.py:490} INFO - 25/04/29 18:16:45 INFO BlockManagerInfo: Added broadcast_4_piece0 in memory on 172.18.0.5:38267 (size: 7.3 KiB, free: 366.3 MiB)
[2025-04-29T18:16:45.502+0000] {spark_submit.py:490} INFO - 25/04/29 18:16:45 INFO TaskSetManager: Finished task 0.0 in stage 6.0 (TID 4) in 416 ms on 172.18.0.5 (executor 0) (1/1)
[2025-04-29T18:16:45.502+0000] {spark_submit.py:490} INFO - 25/04/29 18:16:45 INFO TaskSchedulerImpl: Removed TaskSet 6.0, whose tasks have all completed, from pool
[2025-04-29T18:16:45.503+0000] {spark_submit.py:490} INFO - 25/04/29 18:16:45 INFO DAGScheduler: ShuffleMapStage 6 (count at NativeMethodAccessorImpl.java:0) finished in 0.425 s
[2025-04-29T18:16:45.503+0000] {spark_submit.py:490} INFO - 25/04/29 18:16:45 INFO DAGScheduler: looking for newly runnable stages
[2025-04-29T18:16:45.503+0000] {spark_submit.py:490} INFO - 25/04/29 18:16:45 INFO DAGScheduler: running: Set()
[2025-04-29T18:16:45.503+0000] {spark_submit.py:490} INFO - 25/04/29 18:16:45 INFO DAGScheduler: waiting: Set()
[2025-04-29T18:16:45.503+0000] {spark_submit.py:490} INFO - 25/04/29 18:16:45 INFO DAGScheduler: failed: Set()
[2025-04-29T18:16:45.515+0000] {spark_submit.py:490} INFO - 25/04/29 18:16:45 INFO ShufflePartitionsUtil: For shuffle(2), advisory target size: 67108864, actual target size 1048576, minimum partition size: 1048576
[2025-04-29T18:16:45.541+0000] {spark_submit.py:490} INFO - 25/04/29 18:16:45 INFO CodeGenerator: Code generated in 7.116809 ms
[2025-04-29T18:16:45.555+0000] {spark_submit.py:490} INFO - 25/04/29 18:16:45 INFO CodeGenerator: Code generated in 8.937388 ms
[2025-04-29T18:16:45.590+0000] {spark_submit.py:490} INFO - 25/04/29 18:16:45 INFO DAGScheduler: Registering RDD 19 (count at NativeMethodAccessorImpl.java:0) as input to shuffle 3
[2025-04-29T18:16:45.590+0000] {spark_submit.py:490} INFO - 25/04/29 18:16:45 INFO DAGScheduler: Got map stage job 5 (count at NativeMethodAccessorImpl.java:0) with 1 output partitions
[2025-04-29T18:16:45.590+0000] {spark_submit.py:490} INFO - 25/04/29 18:16:45 INFO DAGScheduler: Final stage: ShuffleMapStage 8 (count at NativeMethodAccessorImpl.java:0)
[2025-04-29T18:16:45.590+0000] {spark_submit.py:490} INFO - 25/04/29 18:16:45 INFO DAGScheduler: Parents of final stage: List(ShuffleMapStage 7)
[2025-04-29T18:16:45.590+0000] {spark_submit.py:490} INFO - 25/04/29 18:16:45 INFO DAGScheduler: Missing parents: List()
[2025-04-29T18:16:45.591+0000] {spark_submit.py:490} INFO - 25/04/29 18:16:45 INFO DAGScheduler: Submitting ShuffleMapStage 8 (MapPartitionsRDD[19] at count at NativeMethodAccessorImpl.java:0), which has no missing parents
[2025-04-29T18:16:45.598+0000] {spark_submit.py:490} INFO - 25/04/29 18:16:45 INFO MemoryStore: Block broadcast_5 stored as values in memory (estimated size 34.6 KiB, free 434.3 MiB)
[2025-04-29T18:16:45.600+0000] {spark_submit.py:490} INFO - 25/04/29 18:16:45 INFO MemoryStore: Block broadcast_5_piece0 stored as bytes in memory (estimated size 16.6 KiB, free 434.3 MiB)
[2025-04-29T18:16:45.600+0000] {spark_submit.py:490} INFO - 25/04/29 18:16:45 INFO BlockManagerInfo: Added broadcast_5_piece0 in memory on 2a409c1b1489:36603 (size: 16.6 KiB, free: 434.4 MiB)
[2025-04-29T18:16:45.601+0000] {spark_submit.py:490} INFO - 25/04/29 18:16:45 INFO SparkContext: Created broadcast 5 from broadcast at DAGScheduler.scala:1513
[2025-04-29T18:16:45.601+0000] {spark_submit.py:490} INFO - 25/04/29 18:16:45 INFO DAGScheduler: Submitting 1 missing tasks from ShuffleMapStage 8 (MapPartitionsRDD[19] at count at NativeMethodAccessorImpl.java:0) (first 15 tasks are for partitions Vector(0))
[2025-04-29T18:16:45.601+0000] {spark_submit.py:490} INFO - 25/04/29 18:16:45 INFO TaskSchedulerImpl: Adding task set 8.0 with 1 tasks resource profile 0
[2025-04-29T18:16:45.603+0000] {spark_submit.py:490} INFO - 25/04/29 18:16:45 INFO TaskSetManager: Starting task 0.0 in stage 8.0 (TID 5) (172.18.0.5, executor 0, partition 0, NODE_LOCAL, 4446 bytes) taskResourceAssignments Map()
[2025-04-29T18:16:45.614+0000] {spark_submit.py:490} INFO - 25/04/29 18:16:45 INFO BlockManagerInfo: Added broadcast_5_piece0 in memory on 172.18.0.5:38267 (size: 16.6 KiB, free: 366.3 MiB)
[2025-04-29T18:16:45.716+0000] {spark_submit.py:490} INFO - 25/04/29 18:16:45 INFO MapOutputTrackerMasterEndpoint: Asked to send map output locations for shuffle 2 to 172.18.0.5:58996
[2025-04-29T18:16:45.975+0000] {spark_submit.py:490} INFO - 25/04/29 18:16:45 INFO TaskSetManager: Finished task 0.0 in stage 8.0 (TID 5) in 373 ms on 172.18.0.5 (executor 0) (1/1)
[2025-04-29T18:16:45.975+0000] {spark_submit.py:490} INFO - 25/04/29 18:16:45 INFO TaskSchedulerImpl: Removed TaskSet 8.0, whose tasks have all completed, from pool
[2025-04-29T18:16:45.976+0000] {spark_submit.py:490} INFO - 25/04/29 18:16:45 INFO DAGScheduler: ShuffleMapStage 8 (count at NativeMethodAccessorImpl.java:0) finished in 0.381 s
[2025-04-29T18:16:45.976+0000] {spark_submit.py:490} INFO - 25/04/29 18:16:45 INFO DAGScheduler: looking for newly runnable stages
[2025-04-29T18:16:45.976+0000] {spark_submit.py:490} INFO - 25/04/29 18:16:45 INFO DAGScheduler: running: Set()
[2025-04-29T18:16:45.976+0000] {spark_submit.py:490} INFO - 25/04/29 18:16:45 INFO DAGScheduler: waiting: Set()
[2025-04-29T18:16:45.977+0000] {spark_submit.py:490} INFO - 25/04/29 18:16:45 INFO DAGScheduler: failed: Set()
[2025-04-29T18:16:45.997+0000] {spark_submit.py:490} INFO - 25/04/29 18:16:45 INFO CodeGenerator: Code generated in 9.886906 ms
[2025-04-29T18:16:46.009+0000] {spark_submit.py:490} INFO - 25/04/29 18:16:46 INFO SparkContext: Starting job: count at NativeMethodAccessorImpl.java:0
[2025-04-29T18:16:46.010+0000] {spark_submit.py:490} INFO - 25/04/29 18:16:46 INFO DAGScheduler: Got job 6 (count at NativeMethodAccessorImpl.java:0) with 1 output partitions
[2025-04-29T18:16:46.010+0000] {spark_submit.py:490} INFO - 25/04/29 18:16:46 INFO DAGScheduler: Final stage: ResultStage 11 (count at NativeMethodAccessorImpl.java:0)
[2025-04-29T18:16:46.010+0000] {spark_submit.py:490} INFO - 25/04/29 18:16:46 INFO DAGScheduler: Parents of final stage: List(ShuffleMapStage 10)
[2025-04-29T18:16:46.010+0000] {spark_submit.py:490} INFO - 25/04/29 18:16:46 INFO DAGScheduler: Missing parents: List()
[2025-04-29T18:16:46.010+0000] {spark_submit.py:490} INFO - 25/04/29 18:16:46 INFO DAGScheduler: Submitting ResultStage 11 (MapPartitionsRDD[22] at count at NativeMethodAccessorImpl.java:0), which has no missing parents
[2025-04-29T18:16:46.012+0000] {spark_submit.py:490} INFO - 25/04/29 18:16:46 INFO MemoryStore: Block broadcast_6 stored as values in memory (estimated size 11.1 KiB, free 434.3 MiB)
[2025-04-29T18:16:46.027+0000] {spark_submit.py:490} INFO - 25/04/29 18:16:46 INFO MemoryStore: Block broadcast_6_piece0 stored as bytes in memory (estimated size 5.5 KiB, free 434.3 MiB)
[2025-04-29T18:16:46.028+0000] {spark_submit.py:490} INFO - 25/04/29 18:16:46 INFO BlockManagerInfo: Added broadcast_6_piece0 in memory on 2a409c1b1489:36603 (size: 5.5 KiB, free: 434.4 MiB)
[2025-04-29T18:16:46.028+0000] {spark_submit.py:490} INFO - 25/04/29 18:16:46 INFO BlockManagerInfo: Removed broadcast_5_piece0 on 2a409c1b1489:36603 in memory (size: 16.6 KiB, free: 434.4 MiB)
[2025-04-29T18:16:46.030+0000] {spark_submit.py:490} INFO - 25/04/29 18:16:46 INFO SparkContext: Created broadcast 6 from broadcast at DAGScheduler.scala:1513
[2025-04-29T18:16:46.030+0000] {spark_submit.py:490} INFO - 25/04/29 18:16:46 INFO DAGScheduler: Submitting 1 missing tasks from ResultStage 11 (MapPartitionsRDD[22] at count at NativeMethodAccessorImpl.java:0) (first 15 tasks are for partitions Vector(0))
[2025-04-29T18:16:46.031+0000] {spark_submit.py:490} INFO - 25/04/29 18:16:46 INFO TaskSchedulerImpl: Adding task set 11.0 with 1 tasks resource profile 0
[2025-04-29T18:16:46.031+0000] {spark_submit.py:490} INFO - 25/04/29 18:16:46 INFO TaskSetManager: Starting task 0.0 in stage 11.0 (TID 6) (172.18.0.5, executor 0, partition 0, NODE_LOCAL, 4457 bytes) taskResourceAssignments Map()
[2025-04-29T18:16:46.036+0000] {spark_submit.py:490} INFO - 25/04/29 18:16:46 INFO BlockManagerInfo: Removed broadcast_5_piece0 on 172.18.0.5:38267 in memory (size: 16.6 KiB, free: 366.3 MiB)
[2025-04-29T18:16:46.045+0000] {spark_submit.py:490} INFO - 25/04/29 18:16:46 INFO BlockManagerInfo: Removed broadcast_3_piece0 on 2a409c1b1489:36603 in memory (size: 5.5 KiB, free: 434.4 MiB)
[2025-04-29T18:16:46.059+0000] {spark_submit.py:490} INFO - 25/04/29 18:16:46 INFO BlockManagerInfo: Added broadcast_6_piece0 in memory on 172.18.0.5:38267 (size: 5.5 KiB, free: 366.3 MiB)
[2025-04-29T18:16:46.060+0000] {spark_submit.py:490} INFO - 25/04/29 18:16:46 INFO BlockManagerInfo: Removed broadcast_3_piece0 on 172.18.0.5:38267 in memory (size: 5.5 KiB, free: 366.3 MiB)
[2025-04-29T18:16:46.069+0000] {spark_submit.py:490} INFO - 25/04/29 18:16:46 INFO MapOutputTrackerMasterEndpoint: Asked to send map output locations for shuffle 3 to 172.18.0.5:58996
[2025-04-29T18:16:46.071+0000] {spark_submit.py:490} INFO - 25/04/29 18:16:46 INFO BlockManagerInfo: Removed broadcast_4_piece0 on 2a409c1b1489:36603 in memory (size: 7.3 KiB, free: 434.4 MiB)
[2025-04-29T18:16:46.074+0000] {spark_submit.py:490} INFO - 25/04/29 18:16:46 INFO BlockManagerInfo: Removed broadcast_4_piece0 on 172.18.0.5:38267 in memory (size: 7.3 KiB, free: 366.3 MiB)
[2025-04-29T18:16:46.087+0000] {spark_submit.py:490} INFO - 25/04/29 18:16:46 INFO TaskSetManager: Finished task 0.0 in stage 11.0 (TID 6) in 56 ms on 172.18.0.5 (executor 0) (1/1)
[2025-04-29T18:16:46.087+0000] {spark_submit.py:490} INFO - 25/04/29 18:16:46 INFO TaskSchedulerImpl: Removed TaskSet 11.0, whose tasks have all completed, from pool
[2025-04-29T18:16:46.088+0000] {spark_submit.py:490} INFO - 25/04/29 18:16:46 INFO DAGScheduler: ResultStage 11 (count at NativeMethodAccessorImpl.java:0) finished in 0.077 s
[2025-04-29T18:16:46.089+0000] {spark_submit.py:490} INFO - 25/04/29 18:16:46 INFO DAGScheduler: Job 6 is finished. Cancelling potential speculative or zombie tasks for this job
[2025-04-29T18:16:46.089+0000] {spark_submit.py:490} INFO - 25/04/29 18:16:46 INFO TaskSchedulerImpl: Killing all running tasks in stage 11: Stage finished
[2025-04-29T18:16:46.089+0000] {spark_submit.py:490} INFO - 25/04/29 18:16:46 INFO DAGScheduler: Job 6 finished: count at NativeMethodAccessorImpl.java:0, took 0.079797 s
[2025-04-29T18:16:46.090+0000] {spark_submit.py:490} INFO - INFO:__main__:Правило freq_tx отработано, записей: 8
[2025-04-29T18:16:46.188+0000] {spark_submit.py:490} INFO - 25/04/29 18:16:46 INFO DAGScheduler: Registering RDD 26 (count at NativeMethodAccessorImpl.java:0) as input to shuffle 4
[2025-04-29T18:16:46.188+0000] {spark_submit.py:490} INFO - 25/04/29 18:16:46 INFO DAGScheduler: Got map stage job 7 (count at NativeMethodAccessorImpl.java:0) with 1 output partitions
[2025-04-29T18:16:46.188+0000] {spark_submit.py:490} INFO - 25/04/29 18:16:46 INFO DAGScheduler: Final stage: ShuffleMapStage 12 (count at NativeMethodAccessorImpl.java:0)
[2025-04-29T18:16:46.188+0000] {spark_submit.py:490} INFO - 25/04/29 18:16:46 INFO DAGScheduler: Parents of final stage: List()
[2025-04-29T18:16:46.189+0000] {spark_submit.py:490} INFO - 25/04/29 18:16:46 INFO DAGScheduler: Missing parents: List()
[2025-04-29T18:16:46.189+0000] {spark_submit.py:490} INFO - 25/04/29 18:16:46 INFO DAGScheduler: Submitting ShuffleMapStage 12 (MapPartitionsRDD[26] at count at NativeMethodAccessorImpl.java:0), which has no missing parents
[2025-04-29T18:16:46.192+0000] {spark_submit.py:490} INFO - 25/04/29 18:16:46 INFO MemoryStore: Block broadcast_7 stored as values in memory (estimated size 14.1 KiB, free 434.4 MiB)
[2025-04-29T18:16:46.193+0000] {spark_submit.py:490} INFO - 25/04/29 18:16:46 INFO MemoryStore: Block broadcast_7_piece0 stored as bytes in memory (estimated size 7.3 KiB, free 434.4 MiB)
[2025-04-29T18:16:46.193+0000] {spark_submit.py:490} INFO - 25/04/29 18:16:46 INFO BlockManagerInfo: Added broadcast_7_piece0 in memory on 2a409c1b1489:36603 (size: 7.3 KiB, free: 434.4 MiB)
[2025-04-29T18:16:46.194+0000] {spark_submit.py:490} INFO - 25/04/29 18:16:46 INFO SparkContext: Created broadcast 7 from broadcast at DAGScheduler.scala:1513
[2025-04-29T18:16:46.194+0000] {spark_submit.py:490} INFO - 25/04/29 18:16:46 INFO DAGScheduler: Submitting 1 missing tasks from ShuffleMapStage 12 (MapPartitionsRDD[26] at count at NativeMethodAccessorImpl.java:0) (first 15 tasks are for partitions Vector(0))
[2025-04-29T18:16:46.194+0000] {spark_submit.py:490} INFO - 25/04/29 18:16:46 INFO TaskSchedulerImpl: Adding task set 12.0 with 1 tasks resource profile 0
[2025-04-29T18:16:46.195+0000] {spark_submit.py:490} INFO - 25/04/29 18:16:46 INFO TaskSetManager: Starting task 0.0 in stage 12.0 (TID 7) (172.18.0.5, executor 0, partition 0, PROCESS_LOCAL, 4292 bytes) taskResourceAssignments Map()
[2025-04-29T18:16:46.204+0000] {spark_submit.py:490} INFO - 25/04/29 18:16:46 INFO BlockManagerInfo: Added broadcast_7_piece0 in memory on 172.18.0.5:38267 (size: 7.3 KiB, free: 366.3 MiB)
[2025-04-29T18:16:46.274+0000] {spark_submit.py:490} INFO - 25/04/29 18:16:46 INFO TaskSetManager: Finished task 0.0 in stage 12.0 (TID 7) in 79 ms on 172.18.0.5 (executor 0) (1/1)
[2025-04-29T18:16:46.274+0000] {spark_submit.py:490} INFO - 25/04/29 18:16:46 INFO TaskSchedulerImpl: Removed TaskSet 12.0, whose tasks have all completed, from pool
[2025-04-29T18:16:46.275+0000] {spark_submit.py:490} INFO - 25/04/29 18:16:46 INFO DAGScheduler: ShuffleMapStage 12 (count at NativeMethodAccessorImpl.java:0) finished in 0.084 s
[2025-04-29T18:16:46.275+0000] {spark_submit.py:490} INFO - 25/04/29 18:16:46 INFO DAGScheduler: looking for newly runnable stages
[2025-04-29T18:16:46.275+0000] {spark_submit.py:490} INFO - 25/04/29 18:16:46 INFO DAGScheduler: running: Set()
[2025-04-29T18:16:46.275+0000] {spark_submit.py:490} INFO - 25/04/29 18:16:46 INFO DAGScheduler: waiting: Set()
[2025-04-29T18:16:46.275+0000] {spark_submit.py:490} INFO - 25/04/29 18:16:46 INFO DAGScheduler: failed: Set()
[2025-04-29T18:16:46.287+0000] {spark_submit.py:490} INFO - 25/04/29 18:16:46 INFO ShufflePartitionsUtil: For shuffle(4), advisory target size: 67108864, actual target size 1048576, minimum partition size: 1048576
[2025-04-29T18:16:46.303+0000] {spark_submit.py:490} INFO - 25/04/29 18:16:46 INFO CodeGenerator: Code generated in 6.460631 ms
[2025-04-29T18:16:46.308+0000] {spark_submit.py:490} INFO - 25/04/29 18:16:46 INFO CodeGenerator: Code generated in 3.900204 ms
[2025-04-29T18:16:46.317+0000] {spark_submit.py:490} INFO - 25/04/29 18:16:46 INFO CodeGenerator: Code generated in 4.45642 ms
[2025-04-29T18:16:46.326+0000] {spark_submit.py:490} INFO - 25/04/29 18:16:46 INFO CodeGenerator: Code generated in 7.352379 ms
[2025-04-29T18:16:46.349+0000] {spark_submit.py:490} INFO - 25/04/29 18:16:46 INFO DAGScheduler: Registering RDD 35 (count at NativeMethodAccessorImpl.java:0) as input to shuffle 5
[2025-04-29T18:16:46.349+0000] {spark_submit.py:490} INFO - 25/04/29 18:16:46 INFO DAGScheduler: Got map stage job 8 (count at NativeMethodAccessorImpl.java:0) with 2 output partitions
[2025-04-29T18:16:46.349+0000] {spark_submit.py:490} INFO - 25/04/29 18:16:46 INFO DAGScheduler: Final stage: ShuffleMapStage 14 (count at NativeMethodAccessorImpl.java:0)
[2025-04-29T18:16:46.349+0000] {spark_submit.py:490} INFO - 25/04/29 18:16:46 INFO DAGScheduler: Parents of final stage: List(ShuffleMapStage 13)
[2025-04-29T18:16:46.350+0000] {spark_submit.py:490} INFO - 25/04/29 18:16:46 INFO DAGScheduler: Missing parents: List()
[2025-04-29T18:16:46.351+0000] {spark_submit.py:490} INFO - 25/04/29 18:16:46 INFO DAGScheduler: Submitting ShuffleMapStage 14 (MapPartitionsRDD[35] at count at NativeMethodAccessorImpl.java:0), which has no missing parents
[2025-04-29T18:16:46.358+0000] {spark_submit.py:490} INFO - 25/04/29 18:16:46 INFO MemoryStore: Block broadcast_8 stored as values in memory (estimated size 38.6 KiB, free 434.3 MiB)
[2025-04-29T18:16:46.359+0000] {spark_submit.py:490} INFO - 25/04/29 18:16:46 INFO MemoryStore: Block broadcast_8_piece0 stored as bytes in memory (estimated size 17.8 KiB, free 434.3 MiB)
[2025-04-29T18:16:46.359+0000] {spark_submit.py:490} INFO - 25/04/29 18:16:46 INFO BlockManagerInfo: Added broadcast_8_piece0 in memory on 2a409c1b1489:36603 (size: 17.8 KiB, free: 434.4 MiB)
[2025-04-29T18:16:46.360+0000] {spark_submit.py:490} INFO - 25/04/29 18:16:46 INFO SparkContext: Created broadcast 8 from broadcast at DAGScheduler.scala:1513
[2025-04-29T18:16:46.361+0000] {spark_submit.py:490} INFO - 25/04/29 18:16:46 INFO DAGScheduler: Submitting 2 missing tasks from ShuffleMapStage 14 (MapPartitionsRDD[35] at count at NativeMethodAccessorImpl.java:0) (first 15 tasks are for partitions Vector(0, 1))
[2025-04-29T18:16:46.361+0000] {spark_submit.py:490} INFO - 25/04/29 18:16:46 INFO TaskSchedulerImpl: Adding task set 14.0 with 2 tasks resource profile 0
[2025-04-29T18:16:46.365+0000] {spark_submit.py:490} INFO - 25/04/29 18:16:46 INFO TaskSetManager: Starting task 1.0 in stage 14.0 (TID 8) (172.18.0.5, executor 0, partition 1, NODE_LOCAL, 4555 bytes) taskResourceAssignments Map()
[2025-04-29T18:16:46.380+0000] {spark_submit.py:490} INFO - 25/04/29 18:16:46 INFO BlockManagerInfo: Added broadcast_8_piece0 in memory on 172.18.0.5:38267 (size: 17.8 KiB, free: 366.3 MiB)
[2025-04-29T18:16:46.393+0000] {spark_submit.py:490} INFO - 25/04/29 18:16:46 INFO MapOutputTrackerMasterEndpoint: Asked to send map output locations for shuffle 4 to 172.18.0.5:58996
[2025-04-29T18:16:46.412+0000] {spark_submit.py:490} INFO - 25/04/29 18:16:46 INFO BlockManagerInfo: Removed broadcast_6_piece0 on 2a409c1b1489:36603 in memory (size: 5.5 KiB, free: 434.4 MiB)
[2025-04-29T18:16:46.417+0000] {spark_submit.py:490} INFO - 25/04/29 18:16:46 INFO BlockManagerInfo: Removed broadcast_6_piece0 on 172.18.0.5:38267 in memory (size: 5.5 KiB, free: 366.3 MiB)
[2025-04-29T18:16:46.429+0000] {spark_submit.py:490} INFO - 25/04/29 18:16:46 INFO BlockManagerInfo: Removed broadcast_7_piece0 on 2a409c1b1489:36603 in memory (size: 7.3 KiB, free: 434.4 MiB)
[2025-04-29T18:16:46.438+0000] {spark_submit.py:490} INFO - 25/04/29 18:16:46 INFO BlockManagerInfo: Removed broadcast_7_piece0 on 172.18.0.5:38267 in memory (size: 7.3 KiB, free: 366.3 MiB)
[2025-04-29T18:16:46.498+0000] {spark_submit.py:490} INFO - 25/04/29 18:16:46 INFO TaskSetManager: Starting task 0.0 in stage 14.0 (TID 9) (172.18.0.5, executor 0, partition 0, PROCESS_LOCAL, 4401 bytes) taskResourceAssignments Map()
[2025-04-29T18:16:46.499+0000] {spark_submit.py:490} INFO - 25/04/29 18:16:46 INFO TaskSetManager: Finished task 1.0 in stage 14.0 (TID 8) in 136 ms on 172.18.0.5 (executor 0) (1/2)
[2025-04-29T18:16:46.552+0000] {spark_submit.py:490} INFO - 25/04/29 18:16:46 INFO TaskSetManager: Finished task 0.0 in stage 14.0 (TID 9) in 55 ms on 172.18.0.5 (executor 0) (2/2)
[2025-04-29T18:16:46.553+0000] {spark_submit.py:490} INFO - 25/04/29 18:16:46 INFO TaskSchedulerImpl: Removed TaskSet 14.0, whose tasks have all completed, from pool
[2025-04-29T18:16:46.554+0000] {spark_submit.py:490} INFO - 25/04/29 18:16:46 INFO DAGScheduler: ShuffleMapStage 14 (count at NativeMethodAccessorImpl.java:0) finished in 0.199 s
[2025-04-29T18:16:46.554+0000] {spark_submit.py:490} INFO - 25/04/29 18:16:46 INFO DAGScheduler: looking for newly runnable stages
[2025-04-29T18:16:46.554+0000] {spark_submit.py:490} INFO - 25/04/29 18:16:46 INFO DAGScheduler: running: Set()
[2025-04-29T18:16:46.554+0000] {spark_submit.py:490} INFO - 25/04/29 18:16:46 INFO DAGScheduler: waiting: Set()
[2025-04-29T18:16:46.554+0000] {spark_submit.py:490} INFO - 25/04/29 18:16:46 INFO DAGScheduler: failed: Set()
[2025-04-29T18:16:46.570+0000] {spark_submit.py:490} INFO - 25/04/29 18:16:46 INFO CodeGenerator: Code generated in 7.472019 ms
[2025-04-29T18:16:46.584+0000] {spark_submit.py:490} INFO - 25/04/29 18:16:46 INFO SparkContext: Starting job: count at NativeMethodAccessorImpl.java:0
[2025-04-29T18:16:46.586+0000] {spark_submit.py:490} INFO - 25/04/29 18:16:46 INFO DAGScheduler: Got job 9 (count at NativeMethodAccessorImpl.java:0) with 1 output partitions
[2025-04-29T18:16:46.586+0000] {spark_submit.py:490} INFO - 25/04/29 18:16:46 INFO DAGScheduler: Final stage: ResultStage 17 (count at NativeMethodAccessorImpl.java:0)
[2025-04-29T18:16:46.586+0000] {spark_submit.py:490} INFO - 25/04/29 18:16:46 INFO DAGScheduler: Parents of final stage: List(ShuffleMapStage 16)
[2025-04-29T18:16:46.586+0000] {spark_submit.py:490} INFO - 25/04/29 18:16:46 INFO DAGScheduler: Missing parents: List()
[2025-04-29T18:16:46.589+0000] {spark_submit.py:490} INFO - 25/04/29 18:16:46 INFO DAGScheduler: Submitting ResultStage 17 (MapPartitionsRDD[38] at count at NativeMethodAccessorImpl.java:0), which has no missing parents
[2025-04-29T18:16:46.590+0000] {spark_submit.py:490} INFO - 25/04/29 18:16:46 INFO MemoryStore: Block broadcast_9 stored as values in memory (estimated size 11.1 KiB, free 434.3 MiB)
[2025-04-29T18:16:46.592+0000] {spark_submit.py:490} INFO - 25/04/29 18:16:46 INFO MemoryStore: Block broadcast_9_piece0 stored as bytes in memory (estimated size 5.5 KiB, free 434.3 MiB)
[2025-04-29T18:16:46.593+0000] {spark_submit.py:490} INFO - 25/04/29 18:16:46 INFO BlockManagerInfo: Added broadcast_9_piece0 in memory on 2a409c1b1489:36603 (size: 5.5 KiB, free: 434.4 MiB)
[2025-04-29T18:16:46.594+0000] {spark_submit.py:490} INFO - 25/04/29 18:16:46 INFO SparkContext: Created broadcast 9 from broadcast at DAGScheduler.scala:1513
[2025-04-29T18:16:46.595+0000] {spark_submit.py:490} INFO - 25/04/29 18:16:46 INFO DAGScheduler: Submitting 1 missing tasks from ResultStage 17 (MapPartitionsRDD[38] at count at NativeMethodAccessorImpl.java:0) (first 15 tasks are for partitions Vector(0))
[2025-04-29T18:16:46.595+0000] {spark_submit.py:490} INFO - 25/04/29 18:16:46 INFO TaskSchedulerImpl: Adding task set 17.0 with 1 tasks resource profile 0
[2025-04-29T18:16:46.597+0000] {spark_submit.py:490} INFO - 25/04/29 18:16:46 INFO TaskSetManager: Starting task 0.0 in stage 17.0 (TID 10) (172.18.0.5, executor 0, partition 0, NODE_LOCAL, 4457 bytes) taskResourceAssignments Map()
[2025-04-29T18:16:46.613+0000] {spark_submit.py:490} INFO - 25/04/29 18:16:46 INFO BlockManagerInfo: Added broadcast_9_piece0 in memory on 172.18.0.5:38267 (size: 5.5 KiB, free: 366.3 MiB)
[2025-04-29T18:16:46.620+0000] {spark_submit.py:490} INFO - 25/04/29 18:16:46 INFO MapOutputTrackerMasterEndpoint: Asked to send map output locations for shuffle 5 to 172.18.0.5:58996
[2025-04-29T18:16:46.641+0000] {spark_submit.py:490} INFO - 25/04/29 18:16:46 INFO TaskSetManager: Finished task 0.0 in stage 17.0 (TID 10) in 45 ms on 172.18.0.5 (executor 0) (1/1)
[2025-04-29T18:16:46.642+0000] {spark_submit.py:490} INFO - 25/04/29 18:16:46 INFO TaskSchedulerImpl: Removed TaskSet 17.0, whose tasks have all completed, from pool
[2025-04-29T18:16:46.643+0000] {spark_submit.py:490} INFO - 25/04/29 18:16:46 INFO DAGScheduler: ResultStage 17 (count at NativeMethodAccessorImpl.java:0) finished in 0.055 s
[2025-04-29T18:16:46.643+0000] {spark_submit.py:490} INFO - 25/04/29 18:16:46 INFO DAGScheduler: Job 9 is finished. Cancelling potential speculative or zombie tasks for this job
[2025-04-29T18:16:46.644+0000] {spark_submit.py:490} INFO - 25/04/29 18:16:46 INFO TaskSchedulerImpl: Killing all running tasks in stage 17: Stage finished
[2025-04-29T18:16:46.645+0000] {spark_submit.py:490} INFO - 25/04/29 18:16:46 INFO DAGScheduler: Job 9 finished: count at NativeMethodAccessorImpl.java:0, took 0.059543 s
[2025-04-29T18:16:46.649+0000] {spark_submit.py:490} INFO - INFO:__main__:Объединение результатов выполнено, итого записей: 348
[2025-04-29T18:16:46.768+0000] {spark_submit.py:490} INFO - 25/04/29 18:16:46 INFO CodeGenerator: Code generated in 8.543394 ms
[2025-04-29T18:16:46.772+0000] {spark_submit.py:490} INFO - 25/04/29 18:16:46 INFO DAGScheduler: Registering RDD 42 (jdbc at NativeMethodAccessorImpl.java:0) as input to shuffle 6
[2025-04-29T18:16:46.772+0000] {spark_submit.py:490} INFO - 25/04/29 18:16:46 INFO DAGScheduler: Got map stage job 10 (jdbc at NativeMethodAccessorImpl.java:0) with 1 output partitions
[2025-04-29T18:16:46.772+0000] {spark_submit.py:490} INFO - 25/04/29 18:16:46 INFO DAGScheduler: Final stage: ShuffleMapStage 18 (jdbc at NativeMethodAccessorImpl.java:0)
[2025-04-29T18:16:46.772+0000] {spark_submit.py:490} INFO - 25/04/29 18:16:46 INFO DAGScheduler: Parents of final stage: List()
[2025-04-29T18:16:46.772+0000] {spark_submit.py:490} INFO - 25/04/29 18:16:46 INFO DAGScheduler: Missing parents: List()
[2025-04-29T18:16:46.773+0000] {spark_submit.py:490} INFO - 25/04/29 18:16:46 INFO DAGScheduler: Submitting ShuffleMapStage 18 (MapPartitionsRDD[42] at jdbc at NativeMethodAccessorImpl.java:0), which has no missing parents
[2025-04-29T18:16:46.779+0000] {spark_submit.py:490} INFO - 25/04/29 18:16:46 INFO MemoryStore: Block broadcast_10 stored as values in memory (estimated size 16.3 KiB, free 434.3 MiB)
[2025-04-29T18:16:46.780+0000] {spark_submit.py:490} INFO - 25/04/29 18:16:46 INFO MemoryStore: Block broadcast_10_piece0 stored as bytes in memory (estimated size 7.9 KiB, free 434.3 MiB)
[2025-04-29T18:16:46.781+0000] {spark_submit.py:490} INFO - 25/04/29 18:16:46 INFO BlockManagerInfo: Added broadcast_10_piece0 in memory on 2a409c1b1489:36603 (size: 7.9 KiB, free: 434.4 MiB)
[2025-04-29T18:16:46.781+0000] {spark_submit.py:490} INFO - 25/04/29 18:16:46 INFO SparkContext: Created broadcast 10 from broadcast at DAGScheduler.scala:1513
[2025-04-29T18:16:46.781+0000] {spark_submit.py:490} INFO - 25/04/29 18:16:46 INFO DAGScheduler: Submitting 1 missing tasks from ShuffleMapStage 18 (MapPartitionsRDD[42] at jdbc at NativeMethodAccessorImpl.java:0) (first 15 tasks are for partitions Vector(0))
[2025-04-29T18:16:46.781+0000] {spark_submit.py:490} INFO - 25/04/29 18:16:46 INFO TaskSchedulerImpl: Adding task set 18.0 with 1 tasks resource profile 0
[2025-04-29T18:16:46.783+0000] {spark_submit.py:490} INFO - 25/04/29 18:16:46 INFO TaskSetManager: Starting task 0.0 in stage 18.0 (TID 11) (172.18.0.5, executor 0, partition 0, PROCESS_LOCAL, 4292 bytes) taskResourceAssignments Map()
[2025-04-29T18:16:46.796+0000] {spark_submit.py:490} INFO - 25/04/29 18:16:46 INFO BlockManagerInfo: Added broadcast_10_piece0 in memory on 172.18.0.5:38267 (size: 7.9 KiB, free: 366.3 MiB)
[2025-04-29T18:16:46.891+0000] {spark_submit.py:490} INFO - 25/04/29 18:16:46 INFO TaskSetManager: Finished task 0.0 in stage 18.0 (TID 11) in 109 ms on 172.18.0.5 (executor 0) (1/1)
[2025-04-29T18:16:46.891+0000] {spark_submit.py:490} INFO - 25/04/29 18:16:46 INFO TaskSchedulerImpl: Removed TaskSet 18.0, whose tasks have all completed, from pool
[2025-04-29T18:16:46.892+0000] {spark_submit.py:490} INFO - 25/04/29 18:16:46 INFO DAGScheduler: ShuffleMapStage 18 (jdbc at NativeMethodAccessorImpl.java:0) finished in 0.118 s
[2025-04-29T18:16:46.892+0000] {spark_submit.py:490} INFO - 25/04/29 18:16:46 INFO DAGScheduler: looking for newly runnable stages
[2025-04-29T18:16:46.892+0000] {spark_submit.py:490} INFO - 25/04/29 18:16:46 INFO DAGScheduler: running: Set()
[2025-04-29T18:16:46.892+0000] {spark_submit.py:490} INFO - 25/04/29 18:16:46 INFO DAGScheduler: waiting: Set()
[2025-04-29T18:16:46.892+0000] {spark_submit.py:490} INFO - 25/04/29 18:16:46 INFO DAGScheduler: failed: Set()
[2025-04-29T18:16:46.901+0000] {spark_submit.py:490} INFO - 25/04/29 18:16:46 INFO ShufflePartitionsUtil: For shuffle(6), advisory target size: 67108864, actual target size 1048576, minimum partition size: 1048576
[2025-04-29T18:16:46.922+0000] {spark_submit.py:490} INFO - 25/04/29 18:16:46 INFO CodeGenerator: Code generated in 12.450141 ms
[2025-04-29T18:16:46.945+0000] {spark_submit.py:490} INFO - 25/04/29 18:16:46 INFO CodeGenerator: Code generated in 11.728173 ms
[2025-04-29T18:16:46.989+0000] {spark_submit.py:490} INFO - 25/04/29 18:16:46 INFO SparkContext: Starting job: jdbc at NativeMethodAccessorImpl.java:0
[2025-04-29T18:16:46.990+0000] {spark_submit.py:490} INFO - 25/04/29 18:16:46 INFO DAGScheduler: Got job 11 (jdbc at NativeMethodAccessorImpl.java:0) with 2 output partitions
[2025-04-29T18:16:46.990+0000] {spark_submit.py:490} INFO - 25/04/29 18:16:46 INFO DAGScheduler: Final stage: ResultStage 20 (jdbc at NativeMethodAccessorImpl.java:0)
[2025-04-29T18:16:46.990+0000] {spark_submit.py:490} INFO - 25/04/29 18:16:46 INFO DAGScheduler: Parents of final stage: List(ShuffleMapStage 19)
[2025-04-29T18:16:46.990+0000] {spark_submit.py:490} INFO - 25/04/29 18:16:46 INFO DAGScheduler: Missing parents: List()
[2025-04-29T18:16:46.991+0000] {spark_submit.py:490} INFO - 25/04/29 18:16:46 INFO DAGScheduler: Submitting ResultStage 20 (MapPartitionsRDD[52] at jdbc at NativeMethodAccessorImpl.java:0), which has no missing parents
[2025-04-29T18:16:47.015+0000] {spark_submit.py:490} INFO - 25/04/29 18:16:47 INFO MemoryStore: Block broadcast_11 stored as values in memory (estimated size 58.9 KiB, free 434.2 MiB)
[2025-04-29T18:16:47.022+0000] {spark_submit.py:490} INFO - 25/04/29 18:16:47 INFO MemoryStore: Block broadcast_11_piece0 stored as bytes in memory (estimated size 23.9 KiB, free 434.2 MiB)
[2025-04-29T18:16:47.022+0000] {spark_submit.py:490} INFO - 25/04/29 18:16:47 INFO BlockManagerInfo: Added broadcast_11_piece0 in memory on 2a409c1b1489:36603 (size: 23.9 KiB, free: 434.3 MiB)
[2025-04-29T18:16:47.023+0000] {spark_submit.py:490} INFO - 25/04/29 18:16:47 INFO SparkContext: Created broadcast 11 from broadcast at DAGScheduler.scala:1513
[2025-04-29T18:16:47.023+0000] {spark_submit.py:490} INFO - 25/04/29 18:16:47 INFO DAGScheduler: Submitting 2 missing tasks from ResultStage 20 (MapPartitionsRDD[52] at jdbc at NativeMethodAccessorImpl.java:0) (first 15 tasks are for partitions Vector(0, 1))
[2025-04-29T18:16:47.024+0000] {spark_submit.py:490} INFO - 25/04/29 18:16:47 INFO TaskSchedulerImpl: Adding task set 20.0 with 2 tasks resource profile 0
[2025-04-29T18:16:47.026+0000] {spark_submit.py:490} INFO - 25/04/29 18:16:47 INFO TaskSetManager: Starting task 1.0 in stage 20.0 (TID 12) (172.18.0.5, executor 0, partition 1, NODE_LOCAL, 4566 bytes) taskResourceAssignments Map()
[2025-04-29T18:16:47.027+0000] {spark_submit.py:490} INFO - 25/04/29 18:16:47 INFO BlockManagerInfo: Removed broadcast_10_piece0 on 2a409c1b1489:36603 in memory (size: 7.9 KiB, free: 434.4 MiB)
[2025-04-29T18:16:47.029+0000] {spark_submit.py:490} INFO - 25/04/29 18:16:47 INFO BlockManagerInfo: Removed broadcast_10_piece0 on 172.18.0.5:38267 in memory (size: 7.9 KiB, free: 366.3 MiB)
[2025-04-29T18:16:47.037+0000] {spark_submit.py:490} INFO - 25/04/29 18:16:47 INFO BlockManagerInfo: Removed broadcast_9_piece0 on 2a409c1b1489:36603 in memory (size: 5.5 KiB, free: 434.4 MiB)
[2025-04-29T18:16:47.038+0000] {spark_submit.py:490} INFO - 25/04/29 18:16:47 INFO BlockManagerInfo: Removed broadcast_9_piece0 on 172.18.0.5:38267 in memory (size: 5.5 KiB, free: 366.3 MiB)
[2025-04-29T18:16:47.042+0000] {spark_submit.py:490} INFO - 25/04/29 18:16:47 INFO BlockManagerInfo: Added broadcast_11_piece0 in memory on 172.18.0.5:38267 (size: 23.9 KiB, free: 366.3 MiB)
[2025-04-29T18:16:47.044+0000] {spark_submit.py:490} INFO - 25/04/29 18:16:47 INFO BlockManagerInfo: Removed broadcast_8_piece0 on 2a409c1b1489:36603 in memory (size: 17.8 KiB, free: 434.4 MiB)
[2025-04-29T18:16:47.047+0000] {spark_submit.py:490} INFO - 25/04/29 18:16:47 INFO BlockManagerInfo: Removed broadcast_8_piece0 on 172.18.0.5:38267 in memory (size: 17.8 KiB, free: 366.3 MiB)
[2025-04-29T18:16:47.177+0000] {spark_submit.py:490} INFO - 25/04/29 18:16:47 INFO MapOutputTrackerMasterEndpoint: Asked to send map output locations for shuffle 6 to 172.18.0.5:58996
[2025-04-29T18:16:48.039+0000] {spark_submit.py:490} INFO - 25/04/29 18:16:48 INFO TaskSetManager: Starting task 0.0 in stage 20.0 (TID 13) (172.18.0.5, executor 0, partition 0, PROCESS_LOCAL, 4412 bytes) taskResourceAssignments Map()
[2025-04-29T18:16:48.040+0000] {spark_submit.py:490} INFO - 25/04/29 18:16:48 INFO TaskSetManager: Finished task 1.0 in stage 20.0 (TID 12) in 1014 ms on 172.18.0.5 (executor 0) (1/2)
[2025-04-29T18:16:48.130+0000] {spark_submit.py:490} INFO - 25/04/29 18:16:48 INFO TaskSetManager: Finished task 0.0 in stage 20.0 (TID 13) in 92 ms on 172.18.0.5 (executor 0) (2/2)
[2025-04-29T18:16:48.131+0000] {spark_submit.py:490} INFO - 25/04/29 18:16:48 INFO TaskSchedulerImpl: Removed TaskSet 20.0, whose tasks have all completed, from pool
[2025-04-29T18:16:48.131+0000] {spark_submit.py:490} INFO - 25/04/29 18:16:48 INFO DAGScheduler: ResultStage 20 (jdbc at NativeMethodAccessorImpl.java:0) finished in 1.136 s
[2025-04-29T18:16:48.131+0000] {spark_submit.py:490} INFO - 25/04/29 18:16:48 INFO DAGScheduler: Job 11 is finished. Cancelling potential speculative or zombie tasks for this job
[2025-04-29T18:16:48.131+0000] {spark_submit.py:490} INFO - 25/04/29 18:16:48 INFO TaskSchedulerImpl: Killing all running tasks in stage 20: Stage finished
[2025-04-29T18:16:48.131+0000] {spark_submit.py:490} INFO - 25/04/29 18:16:48 INFO DAGScheduler: Job 11 finished: jdbc at NativeMethodAccessorImpl.java:0, took 1.142624 s
[2025-04-29T18:16:48.143+0000] {spark_submit.py:490} INFO - INFO:__main__:Запись в mart.suspicious_transactions завершена
[2025-04-29T18:16:48.177+0000] {spark_submit.py:490} INFO - 25/04/29 18:16:48 WARN ClickHouseDriver: ******************************************************************************************
[2025-04-29T18:16:48.178+0000] {spark_submit.py:490} INFO - 25/04/29 18:16:48 WARN ClickHouseDriver: * This driver is DEPRECATED. Please use [com.clickhouse.jdbc.ClickHouseDriver] instead.  *
[2025-04-29T18:16:48.178+0000] {spark_submit.py:490} INFO - 25/04/29 18:16:48 WARN ClickHouseDriver: * Also everything in package [ru.yandex.clickhouse] will be removed starting from 0.4.0. *
[2025-04-29T18:16:48.178+0000] {spark_submit.py:490} INFO - 25/04/29 18:16:48 WARN ClickHouseDriver: ******************************************************************************************
[2025-04-29T18:16:48.380+0000] {spark_submit.py:490} INFO - 25/04/29 18:16:48 INFO DAGScheduler: Registering RDD 56 (save at NativeMethodAccessorImpl.java:0) as input to shuffle 7
[2025-04-29T18:16:48.380+0000] {spark_submit.py:490} INFO - 25/04/29 18:16:48 INFO DAGScheduler: Got map stage job 12 (save at NativeMethodAccessorImpl.java:0) with 1 output partitions
[2025-04-29T18:16:48.381+0000] {spark_submit.py:490} INFO - 25/04/29 18:16:48 INFO DAGScheduler: Final stage: ShuffleMapStage 21 (save at NativeMethodAccessorImpl.java:0)
[2025-04-29T18:16:48.381+0000] {spark_submit.py:490} INFO - 25/04/29 18:16:48 INFO DAGScheduler: Parents of final stage: List()
[2025-04-29T18:16:48.381+0000] {spark_submit.py:490} INFO - 25/04/29 18:16:48 INFO DAGScheduler: Missing parents: List()
[2025-04-29T18:16:48.381+0000] {spark_submit.py:490} INFO - 25/04/29 18:16:48 INFO DAGScheduler: Submitting ShuffleMapStage 21 (MapPartitionsRDD[56] at save at NativeMethodAccessorImpl.java:0), which has no missing parents
[2025-04-29T18:16:48.383+0000] {spark_submit.py:490} INFO - 25/04/29 18:16:48 INFO MemoryStore: Block broadcast_12 stored as values in memory (estimated size 16.3 KiB, free 434.3 MiB)
[2025-04-29T18:16:48.384+0000] {spark_submit.py:490} INFO - 25/04/29 18:16:48 INFO MemoryStore: Block broadcast_12_piece0 stored as bytes in memory (estimated size 7.9 KiB, free 434.3 MiB)
[2025-04-29T18:16:48.385+0000] {spark_submit.py:490} INFO - 25/04/29 18:16:48 INFO BlockManagerInfo: Added broadcast_12_piece0 in memory on 2a409c1b1489:36603 (size: 7.9 KiB, free: 434.4 MiB)
[2025-04-29T18:16:48.385+0000] {spark_submit.py:490} INFO - 25/04/29 18:16:48 INFO SparkContext: Created broadcast 12 from broadcast at DAGScheduler.scala:1513
[2025-04-29T18:16:48.386+0000] {spark_submit.py:490} INFO - 25/04/29 18:16:48 INFO DAGScheduler: Submitting 1 missing tasks from ShuffleMapStage 21 (MapPartitionsRDD[56] at save at NativeMethodAccessorImpl.java:0) (first 15 tasks are for partitions Vector(0))
[2025-04-29T18:16:48.386+0000] {spark_submit.py:490} INFO - 25/04/29 18:16:48 INFO TaskSchedulerImpl: Adding task set 21.0 with 1 tasks resource profile 0
[2025-04-29T18:16:48.387+0000] {spark_submit.py:490} INFO - 25/04/29 18:16:48 INFO TaskSetManager: Starting task 0.0 in stage 21.0 (TID 14) (172.18.0.5, executor 0, partition 0, PROCESS_LOCAL, 4292 bytes) taskResourceAssignments Map()
[2025-04-29T18:16:48.395+0000] {spark_submit.py:490} INFO - 25/04/29 18:16:48 INFO BlockManagerInfo: Added broadcast_12_piece0 in memory on 172.18.0.5:38267 (size: 7.9 KiB, free: 366.3 MiB)
[2025-04-29T18:16:48.439+0000] {spark_submit.py:490} INFO - 25/04/29 18:16:48 INFO TaskSetManager: Finished task 0.0 in stage 21.0 (TID 14) in 52 ms on 172.18.0.5 (executor 0) (1/1)
[2025-04-29T18:16:48.440+0000] {spark_submit.py:490} INFO - 25/04/29 18:16:48 INFO TaskSchedulerImpl: Removed TaskSet 21.0, whose tasks have all completed, from pool
[2025-04-29T18:16:48.440+0000] {spark_submit.py:490} INFO - 25/04/29 18:16:48 INFO DAGScheduler: ShuffleMapStage 21 (save at NativeMethodAccessorImpl.java:0) finished in 0.059 s
[2025-04-29T18:16:48.440+0000] {spark_submit.py:490} INFO - 25/04/29 18:16:48 INFO DAGScheduler: looking for newly runnable stages
[2025-04-29T18:16:48.440+0000] {spark_submit.py:490} INFO - 25/04/29 18:16:48 INFO DAGScheduler: running: Set()
[2025-04-29T18:16:48.440+0000] {spark_submit.py:490} INFO - 25/04/29 18:16:48 INFO DAGScheduler: waiting: Set()
[2025-04-29T18:16:48.440+0000] {spark_submit.py:490} INFO - 25/04/29 18:16:48 INFO DAGScheduler: failed: Set()
[2025-04-29T18:16:48.447+0000] {spark_submit.py:490} INFO - 25/04/29 18:16:48 INFO ShufflePartitionsUtil: For shuffle(7), advisory target size: 67108864, actual target size 1048576, minimum partition size: 1048576
[2025-04-29T18:16:48.463+0000] {spark_submit.py:490} INFO - 25/04/29 18:16:48 INFO CodeGenerator: Code generated in 10.010027 ms
[2025-04-29T18:16:48.483+0000] {spark_submit.py:490} INFO - 25/04/29 18:16:48 INFO CodeGenerator: Code generated in 8.517847 ms
[2025-04-29T18:16:48.511+0000] {spark_submit.py:490} INFO - 25/04/29 18:16:48 INFO SparkContext: Starting job: save at NativeMethodAccessorImpl.java:0
[2025-04-29T18:16:48.512+0000] {spark_submit.py:490} INFO - 25/04/29 18:16:48 INFO DAGScheduler: Got job 13 (save at NativeMethodAccessorImpl.java:0) with 2 output partitions
[2025-04-29T18:16:48.512+0000] {spark_submit.py:490} INFO - 25/04/29 18:16:48 INFO DAGScheduler: Final stage: ResultStage 23 (save at NativeMethodAccessorImpl.java:0)
[2025-04-29T18:16:48.512+0000] {spark_submit.py:490} INFO - 25/04/29 18:16:48 INFO DAGScheduler: Parents of final stage: List(ShuffleMapStage 22)
[2025-04-29T18:16:48.512+0000] {spark_submit.py:490} INFO - 25/04/29 18:16:48 INFO DAGScheduler: Missing parents: List()
[2025-04-29T18:16:48.513+0000] {spark_submit.py:490} INFO - 25/04/29 18:16:48 INFO DAGScheduler: Submitting ResultStage 23 (MapPartitionsRDD[66] at save at NativeMethodAccessorImpl.java:0), which has no missing parents
[2025-04-29T18:16:48.525+0000] {spark_submit.py:490} INFO - 25/04/29 18:16:48 INFO MemoryStore: Block broadcast_13 stored as values in memory (estimated size 60.3 KiB, free 434.2 MiB)
[2025-04-29T18:16:48.536+0000] {spark_submit.py:490} INFO - 25/04/29 18:16:48 INFO MemoryStore: Block broadcast_13_piece0 stored as bytes in memory (estimated size 24.8 KiB, free 434.2 MiB)
[2025-04-29T18:16:48.537+0000] {spark_submit.py:490} INFO - 25/04/29 18:16:48 INFO BlockManagerInfo: Added broadcast_13_piece0 in memory on 2a409c1b1489:36603 (size: 24.8 KiB, free: 434.3 MiB)
[2025-04-29T18:16:48.538+0000] {spark_submit.py:490} INFO - 25/04/29 18:16:48 INFO SparkContext: Created broadcast 13 from broadcast at DAGScheduler.scala:1513
[2025-04-29T18:16:48.538+0000] {spark_submit.py:490} INFO - 25/04/29 18:16:48 INFO DAGScheduler: Submitting 2 missing tasks from ResultStage 23 (MapPartitionsRDD[66] at save at NativeMethodAccessorImpl.java:0) (first 15 tasks are for partitions Vector(0, 1))
[2025-04-29T18:16:48.538+0000] {spark_submit.py:490} INFO - 25/04/29 18:16:48 INFO TaskSchedulerImpl: Adding task set 23.0 with 2 tasks resource profile 0
[2025-04-29T18:16:48.540+0000] {spark_submit.py:490} INFO - 25/04/29 18:16:48 INFO BlockManagerInfo: Removed broadcast_12_piece0 on 2a409c1b1489:36603 in memory (size: 7.9 KiB, free: 434.4 MiB)
[2025-04-29T18:16:48.540+0000] {spark_submit.py:490} INFO - 25/04/29 18:16:48 INFO TaskSetManager: Starting task 1.0 in stage 23.0 (TID 15) (172.18.0.5, executor 0, partition 1, NODE_LOCAL, 4566 bytes) taskResourceAssignments Map()
[2025-04-29T18:16:48.541+0000] {spark_submit.py:490} INFO - 25/04/29 18:16:48 INFO BlockManagerInfo: Removed broadcast_12_piece0 on 172.18.0.5:38267 in memory (size: 7.9 KiB, free: 366.3 MiB)
[2025-04-29T18:16:48.556+0000] {spark_submit.py:490} INFO - 25/04/29 18:16:48 INFO BlockManagerInfo: Added broadcast_13_piece0 in memory on 172.18.0.5:38267 (size: 24.8 KiB, free: 366.3 MiB)
[2025-04-29T18:16:48.565+0000] {spark_submit.py:490} INFO - 25/04/29 18:16:48 INFO BlockManagerInfo: Removed broadcast_11_piece0 on 2a409c1b1489:36603 in memory (size: 23.9 KiB, free: 434.4 MiB)
[2025-04-29T18:16:48.568+0000] {spark_submit.py:490} INFO - 25/04/29 18:16:48 INFO BlockManagerInfo: Removed broadcast_11_piece0 on 172.18.0.5:38267 in memory (size: 23.9 KiB, free: 366.3 MiB)
[2025-04-29T18:16:48.594+0000] {spark_submit.py:490} INFO - 25/04/29 18:16:48 INFO MapOutputTrackerMasterEndpoint: Asked to send map output locations for shuffle 7 to 172.18.0.5:58996
[2025-04-29T18:16:48.803+0000] {spark_submit.py:490} INFO - 25/04/29 18:16:48 INFO TaskSetManager: Starting task 0.0 in stage 23.0 (TID 16) (172.18.0.5, executor 0, partition 0, PROCESS_LOCAL, 4412 bytes) taskResourceAssignments Map()
[2025-04-29T18:16:48.803+0000] {spark_submit.py:490} INFO - 25/04/29 18:16:48 INFO TaskSetManager: Finished task 1.0 in stage 23.0 (TID 15) in 264 ms on 172.18.0.5 (executor 0) (1/2)
[2025-04-29T18:16:48.872+0000] {spark_submit.py:490} INFO - 25/04/29 18:16:48 INFO TaskSetManager: Finished task 0.0 in stage 23.0 (TID 16) in 70 ms on 172.18.0.5 (executor 0) (2/2)
[2025-04-29T18:16:48.872+0000] {spark_submit.py:490} INFO - 25/04/29 18:16:48 INFO TaskSchedulerImpl: Removed TaskSet 23.0, whose tasks have all completed, from pool
[2025-04-29T18:16:48.873+0000] {spark_submit.py:490} INFO - 25/04/29 18:16:48 INFO DAGScheduler: ResultStage 23 (save at NativeMethodAccessorImpl.java:0) finished in 0.355 s
[2025-04-29T18:16:48.873+0000] {spark_submit.py:490} INFO - 25/04/29 18:16:48 INFO DAGScheduler: Job 13 is finished. Cancelling potential speculative or zombie tasks for this job
[2025-04-29T18:16:48.873+0000] {spark_submit.py:490} INFO - 25/04/29 18:16:48 INFO TaskSchedulerImpl: Killing all running tasks in stage 23: Stage finished
[2025-04-29T18:16:48.873+0000] {spark_submit.py:490} INFO - 25/04/29 18:16:48 INFO DAGScheduler: Job 13 finished: save at NativeMethodAccessorImpl.java:0, took 0.361746 s
[2025-04-29T18:16:48.882+0000] {spark_submit.py:490} INFO - INFO:__main__:Дублирование в ClickHouse завершено
[2025-04-29T18:16:48.890+0000] {spark_submit.py:490} INFO - 25/04/29 18:16:48 INFO SparkUI: Stopped Spark web UI at http://2a409c1b1489:4040
[2025-04-29T18:16:48.892+0000] {spark_submit.py:490} INFO - 25/04/29 18:16:48 INFO StandaloneSchedulerBackend: Shutting down all executors
[2025-04-29T18:16:48.892+0000] {spark_submit.py:490} INFO - 25/04/29 18:16:48 INFO CoarseGrainedSchedulerBackend$DriverEndpoint: Asking each executor to shut down
[2025-04-29T18:16:48.906+0000] {spark_submit.py:490} INFO - 25/04/29 18:16:48 INFO MapOutputTrackerMasterEndpoint: MapOutputTrackerMasterEndpoint stopped!
[2025-04-29T18:16:48.919+0000] {spark_submit.py:490} INFO - 25/04/29 18:16:48 INFO MemoryStore: MemoryStore cleared
[2025-04-29T18:16:48.920+0000] {spark_submit.py:490} INFO - 25/04/29 18:16:48 INFO BlockManager: BlockManager stopped
[2025-04-29T18:16:48.924+0000] {spark_submit.py:490} INFO - 25/04/29 18:16:48 INFO BlockManagerMaster: BlockManagerMaster stopped
[2025-04-29T18:16:48.926+0000] {spark_submit.py:490} INFO - 25/04/29 18:16:48 INFO OutputCommitCoordinator$OutputCommitCoordinatorEndpoint: OutputCommitCoordinator stopped!
[2025-04-29T18:16:48.933+0000] {spark_submit.py:490} INFO - 25/04/29 18:16:48 INFO SparkContext: Successfully stopped SparkContext
[2025-04-29T18:16:48.959+0000] {spark_submit.py:490} INFO - INFO:__main__:SparkSession остановлен
[2025-04-29T18:16:48.988+0000] {spark_submit.py:490} INFO - 25/04/29 18:16:48 INFO ShutdownHookManager: Shutdown hook called
[2025-04-29T18:16:48.988+0000] {spark_submit.py:490} INFO - 25/04/29 18:16:48 INFO ShutdownHookManager: Deleting directory /tmp/spark-37dff2bf-5fb7-415f-9480-212c83aca5a0
[2025-04-29T18:16:48.990+0000] {spark_submit.py:490} INFO - 25/04/29 18:16:48 INFO ShutdownHookManager: Deleting directory /tmp/spark-bb515d07-dd49-4b02-a1b8-a098ca200662/pyspark-a99244e4-d730-455f-a3c1-95983b515c29
[2025-04-29T18:16:48.992+0000] {spark_submit.py:490} INFO - 25/04/29 18:16:48 INFO ShutdownHookManager: Deleting directory /tmp/spark-bb515d07-dd49-4b02-a1b8-a098ca200662
[2025-04-29T18:16:49.052+0000] {taskinstance.py:1350} INFO - Marking task as SUCCESS. dag_id=transform, task_id=detect_suspicious, execution_date=20250429T175337, start_date=20250429T181532, end_date=20250429T181649
[2025-04-29T18:16:49.067+0000] {local_task_job_runner.py:225} INFO - Task exited with return code 0
[2025-04-29T18:16:49.142+0000] {taskinstance.py:2653} INFO - 0 downstream tasks scheduled from follow-on schedule check
