[2025-04-27T12:23:30.400+0000] {taskinstance.py:1103} INFO - Dependencies all met for dep_context=non-requeueable deps ti=<TaskInstance: transform.refresh_mv manual__2025-04-27T12:21:56.476289+00:00 [queued]>
[2025-04-27T12:23:30.407+0000] {taskinstance.py:1103} INFO - Dependencies all met for dep_context=requeueable deps ti=<TaskInstance: transform.refresh_mv manual__2025-04-27T12:21:56.476289+00:00 [queued]>
[2025-04-27T12:23:30.407+0000] {taskinstance.py:1308} INFO - Starting attempt 2 of 2
[2025-04-27T12:23:30.417+0000] {taskinstance.py:1327} INFO - Executing <Task(PostgresOperator): refresh_mv> on 2025-04-27 12:21:56.476289+00:00
[2025-04-27T12:23:30.421+0000] {standard_task_runner.py:57} INFO - Started process 425 to run task
[2025-04-27T12:23:30.423+0000] {standard_task_runner.py:84} INFO - Running: ['airflow', 'tasks', 'run', 'transform', 'refresh_mv', 'manual__2025-04-27T12:21:56.476289+00:00', '--job-id', '83', '--raw', '--subdir', 'DAGS_FOLDER/transform.py', '--cfg-path', '/tmp/tmp795ray_6']
[2025-04-27T12:23:30.423+0000] {standard_task_runner.py:85} INFO - Job 83: Subtask refresh_mv
[2025-04-27T12:23:30.461+0000] {task_command.py:410} INFO - Running <TaskInstance: transform.refresh_mv manual__2025-04-27T12:21:56.476289+00:00 [running]> on host 6780dda4d52a
[2025-04-27T12:23:30.597+0000] {taskinstance.py:1547} INFO - Exporting env vars: AIRFLOW_CTX_DAG_OWNER='finbest' AIRFLOW_CTX_DAG_ID='transform' AIRFLOW_CTX_TASK_ID='refresh_mv' AIRFLOW_CTX_EXECUTION_DATE='2025-04-27T12:21:56.476289+00:00' AIRFLOW_CTX_TRY_NUMBER='2' AIRFLOW_CTX_DAG_RUN_ID='manual__2025-04-27T12:21:56.476289+00:00'
[2025-04-27T12:23:30.597+0000] {sql.py:265} INFO - Executing: REFRESH MATERIALIZED VIEW CONCURRENTLY mart.client_balance
[2025-04-27T12:23:30.606+0000] {base.py:73} INFO - Using connection ID 'postgres_default' for task execution.
[2025-04-27T12:23:30.649+0000] {base.py:73} INFO - Using connection ID 'postgres_default' for task execution.
[2025-04-27T12:23:30.653+0000] {sql.py:375} INFO - Running statement: REFRESH MATERIALIZED VIEW CONCURRENTLY mart.client_balance, parameters: None
[2025-04-27T12:23:30.654+0000] {taskinstance.py:1824} ERROR - Task failed with exception
Traceback (most recent call last):
  File "/home/airflow/.local/lib/python3.7/site-packages/airflow/providers/common/sql/operators/sql.py", line 277, in execute
    **extra_kwargs,
  File "/home/airflow/.local/lib/python3.7/site-packages/airflow/providers/common/sql/hooks/sql.py", line 349, in run
    self._run_command(cur, sql_statement, parameters)
  File "/home/airflow/.local/lib/python3.7/site-packages/airflow/providers/common/sql/hooks/sql.py", line 380, in _run_command
    cur.execute(sql_statement)
psycopg2.errors.FeatureNotSupported: "client_balance" is not a materialized view

[2025-04-27T12:23:30.661+0000] {taskinstance.py:1350} INFO - Marking task as FAILED. dag_id=transform, task_id=refresh_mv, execution_date=20250427T122156, start_date=20250427T122330, end_date=20250427T122330
[2025-04-27T12:23:30.670+0000] {standard_task_runner.py:109} ERROR - Failed to execute job 83 for task refresh_mv ("client_balance" is not a materialized view
; 425)
[2025-04-27T12:23:30.715+0000] {local_task_job_runner.py:225} INFO - Task exited with return code 1
[2025-04-27T12:23:30.747+0000] {taskinstance.py:2653} INFO - 0 downstream tasks scheduled from follow-on schedule check
