[2025-05-06T09:06:55.733+0000] {taskinstance.py:1103} INFO - Dependencies all met for dep_context=non-requeueable deps ti=<TaskInstance: graph_analysis.define_categories manual__2025-05-05T05:20:15.344253+00:00 [queued]>
[2025-05-06T09:06:55.743+0000] {taskinstance.py:1103} INFO - Dependencies all met for dep_context=requeueable deps ti=<TaskInstance: graph_analysis.define_categories manual__2025-05-05T05:20:15.344253+00:00 [queued]>
[2025-05-06T09:06:55.743+0000] {taskinstance.py:1308} INFO - Starting attempt 1 of 2
[2025-05-06T09:06:55.754+0000] {taskinstance.py:1327} INFO - Executing <Task(PostgresOperator): define_categories> on 2025-05-05 05:20:15.344253+00:00
[2025-05-06T09:06:55.758+0000] {standard_task_runner.py:57} INFO - Started process 56 to run task
[2025-05-06T09:06:55.761+0000] {standard_task_runner.py:84} INFO - Running: ['airflow', 'tasks', 'run', 'graph_analysis', 'define_categories', 'manual__2025-05-05T05:20:15.344253+00:00', '--job-id', '166', '--raw', '--subdir', 'DAGS_FOLDER/graph_analysis.py', '--cfg-path', '/tmp/tmp_2ktz7d3']
[2025-05-06T09:06:55.762+0000] {standard_task_runner.py:85} INFO - Job 166: Subtask define_categories
[2025-05-06T09:06:55.775+0000] {logging_mixin.py:150} WARNING - /home/airflow/.local/lib/python3.7/site-packages/airflow/settings.py:195 DeprecationWarning: The sql_alchemy_conn option in [core] has been moved to the sql_alchemy_conn option in [database] - the old setting has been used, but please update your config.
[2025-05-06T09:06:55.808+0000] {task_command.py:410} INFO - Running <TaskInstance: graph_analysis.define_categories manual__2025-05-05T05:20:15.344253+00:00 [running]> on host 18351abe39b6
[2025-05-06T09:06:55.964+0000] {taskinstance.py:1547} INFO - Exporting env vars: AIRFLOW_CTX_DAG_OWNER='finbest' AIRFLOW_CTX_DAG_ID='graph_analysis' AIRFLOW_CTX_TASK_ID='define_categories' AIRFLOW_CTX_EXECUTION_DATE='2025-05-05T05:20:15.344253+00:00' AIRFLOW_CTX_TRY_NUMBER='1' AIRFLOW_CTX_DAG_RUN_ID='manual__2025-05-05T05:20:15.344253+00:00'
[2025-05-06T09:06:55.964+0000] {sql.py:265} INFO - Executing: 
    -- Обновляем raw.masked_transactions, добавляя категорию, если ее нет
    ALTER TABLE raw.masked_transactions ADD COLUMN IF NOT EXISTS category VARCHAR;
    
    -- Заполняем категории на основе типа транзакции и мерчанта
    UPDATE raw.masked_transactions
    SET category = 
        CASE 
            WHEN transaction_type = 'p2p' THEN 'p2p'
            WHEN merchant IN ('Amazon', 'Ozon') THEN 'retail'
            WHEN merchant = 'Uber' THEN 'travel'
            ELSE 'other'
        END
    WHERE category IS NULL;
    
[2025-05-06T09:06:55.965+0000] {crypto.py:83} WARNING - empty cryptography key - values will not be stored encrypted.
[2025-05-06T09:06:55.965+0000] {base.py:73} INFO - Using connection ID 'postgres_default' for task execution.
[2025-05-06T09:06:56.062+0000] {base.py:73} INFO - Using connection ID 'postgres_default' for task execution.
[2025-05-06T09:06:56.067+0000] {sql.py:375} INFO - Running statement: 
    -- Обновляем raw.masked_transactions, добавляя категорию, если ее нет
    ALTER TABLE raw.masked_transactions ADD COLUMN IF NOT EXISTS category VARCHAR;
    
    -- Заполняем категории на основе типа транзакции и мерчанта
    UPDATE raw.masked_transactions
    SET category = 
        CASE 
            WHEN transaction_type = 'p2p' THEN 'p2p'
            WHEN merchant IN ('Amazon', 'Ozon') THEN 'retail'
            WHEN merchant = 'Uber' THEN 'travel'
            ELSE 'other'
        END
    WHERE category IS NULL;
    , parameters: None
[2025-05-06T09:06:56.075+0000] {sql.py:384} INFO - Rows affected: 0
[2025-05-06T09:06:56.088+0000] {taskinstance.py:1350} INFO - Marking task as SUCCESS. dag_id=graph_analysis, task_id=define_categories, execution_date=20250505T052015, start_date=20250506T090655, end_date=20250506T090656
[2025-05-06T09:06:56.133+0000] {local_task_job_runner.py:225} INFO - Task exited with return code 0
[2025-05-06T09:06:56.221+0000] {taskinstance.py:2653} INFO - 1 downstream tasks scheduled from follow-on schedule check
