[2025-04-29T18:18:22.791+0000] {taskinstance.py:1103} INFO - Dependencies all met for dep_context=non-requeueable deps ti=<TaskInstance: superset_sync.dataset manual__2025-04-29T18:18:20.364265+00:00 [queued]>
[2025-04-29T18:18:22.797+0000] {taskinstance.py:1103} INFO - Dependencies all met for dep_context=requeueable deps ti=<TaskInstance: superset_sync.dataset manual__2025-04-29T18:18:20.364265+00:00 [queued]>
[2025-04-29T18:18:22.797+0000] {taskinstance.py:1308} INFO - Starting attempt 1 of 1
[2025-04-29T18:18:22.809+0000] {taskinstance.py:1327} INFO - Executing <Task(PythonOperator): dataset> on 2025-04-29 18:18:20.364265+00:00
[2025-04-29T18:18:22.812+0000] {standard_task_runner.py:57} INFO - Started process 862 to run task
[2025-04-29T18:18:22.814+0000] {standard_task_runner.py:84} INFO - Running: ['airflow', 'tasks', 'run', 'superset_sync', 'dataset', 'manual__2025-04-29T18:18:20.364265+00:00', '--job-id', '99', '--raw', '--subdir', 'DAGS_FOLDER/superset_sync.py', '--cfg-path', '/tmp/tmpnwsq3qku']
[2025-04-29T18:18:22.815+0000] {standard_task_runner.py:85} INFO - Job 99: Subtask dataset
[2025-04-29T18:18:22.855+0000] {task_command.py:410} INFO - Running <TaskInstance: superset_sync.dataset manual__2025-04-29T18:18:20.364265+00:00 [running]> on host 2a409c1b1489
[2025-04-29T18:18:22.996+0000] {taskinstance.py:1547} INFO - Exporting env vars: AIRFLOW_CTX_DAG_OWNER='airflow' AIRFLOW_CTX_DAG_ID='superset_sync' AIRFLOW_CTX_TASK_ID='dataset' AIRFLOW_CTX_EXECUTION_DATE='2025-04-29T18:18:20.364265+00:00' AIRFLOW_CTX_TRY_NUMBER='1' AIRFLOW_CTX_DAG_RUN_ID='manual__2025-04-29T18:18:20.364265+00:00'
[2025-04-29T18:18:23.409+0000] {taskinstance.py:1824} ERROR - Task failed with exception
Traceback (most recent call last):
  File "/home/airflow/.local/lib/python3.7/site-packages/airflow/operators/python.py", line 181, in execute
    return_value = self.execute_callable()
  File "/home/airflow/.local/lib/python3.7/site-packages/airflow/operators/python.py", line 198, in execute_callable
    return self.python_callable(*self.op_args, **self.op_kwargs)
  File "/opt/airflow/dags/superset_sync.py", line 99, in make_datasets
    PG_SCHEMA, TABLE)
  File "/opt/airflow/dags/superset_sync.py", line 89, in _ensure_dataset
    r.raise_for_status()
  File "/home/airflow/.local/lib/python3.7/site-packages/requests/models.py", line 1021, in raise_for_status
    raise HTTPError(http_error_msg, response=self)
requests.exceptions.HTTPError: 400 Client Error: BAD REQUEST for url: http://superset:8088/api/v1/dataset/
[2025-04-29T18:18:23.417+0000] {taskinstance.py:1350} INFO - Marking task as FAILED. dag_id=superset_sync, task_id=dataset, execution_date=20250429T181820, start_date=20250429T181822, end_date=20250429T181823
[2025-04-29T18:18:23.426+0000] {standard_task_runner.py:109} ERROR - Failed to execute job 99 for task dataset (400 Client Error: BAD REQUEST for url: http://superset:8088/api/v1/dataset/; 862)
[2025-04-29T18:18:23.467+0000] {local_task_job_runner.py:225} INFO - Task exited with return code 1
[2025-04-29T18:18:23.506+0000] {taskinstance.py:2653} INFO - 0 downstream tasks scheduled from follow-on schedule check
