[2025-05-06T12:57:42.132+0000] {taskinstance.py:1103} INFO - Dependencies all met for dep_context=non-requeueable deps ti=<TaskInstance: extract_load.load_rates manual__2025-05-06T12:57:33.625612+00:00 [queued]>
[2025-05-06T12:57:42.137+0000] {taskinstance.py:1103} INFO - Dependencies all met for dep_context=requeueable deps ti=<TaskInstance: extract_load.load_rates manual__2025-05-06T12:57:33.625612+00:00 [queued]>
[2025-05-06T12:57:42.137+0000] {taskinstance.py:1308} INFO - Starting attempt 1 of 2
[2025-05-06T12:57:42.147+0000] {taskinstance.py:1327} INFO - Executing <Task(PythonOperator): load_rates> on 2025-05-06 12:57:33.625612+00:00
[2025-05-06T12:57:42.152+0000] {standard_task_runner.py:57} INFO - Started process 1191 to run task
[2025-05-06T12:57:42.154+0000] {standard_task_runner.py:84} INFO - Running: ['airflow', 'tasks', 'run', 'extract_load', 'load_rates', 'manual__2025-05-06T12:57:33.625612+00:00', '--job-id', '189', '--raw', '--subdir', 'DAGS_FOLDER/extract_load.py', '--cfg-path', '/tmp/tmpq_jub914']
[2025-05-06T12:57:42.155+0000] {standard_task_runner.py:85} INFO - Job 189: Subtask load_rates
[2025-05-06T12:57:42.166+0000] {logging_mixin.py:150} WARNING - /home/airflow/.local/lib/python3.8/site-packages/airflow/settings.py:195 DeprecationWarning: The sql_alchemy_conn option in [core] has been moved to the sql_alchemy_conn option in [database] - the old setting has been used, but please update your config.
[2025-05-06T12:57:42.189+0000] {task_command.py:410} INFO - Running <TaskInstance: extract_load.load_rates manual__2025-05-06T12:57:33.625612+00:00 [running]> on host 016737cbcc7e
[2025-05-06T12:57:42.244+0000] {taskinstance.py:1545} INFO - Exporting env vars: AIRFLOW_CTX_DAG_OWNER='finbest' AIRFLOW_CTX_DAG_ID='extract_load' AIRFLOW_CTX_TASK_ID='load_rates' AIRFLOW_CTX_EXECUTION_DATE='2025-05-06T12:57:33.625612+00:00' AIRFLOW_CTX_TRY_NUMBER='1' AIRFLOW_CTX_DAG_RUN_ID='manual__2025-05-06T12:57:33.625612+00:00'
[2025-05-06T12:57:42.248+0000] {crypto.py:83} WARNING - empty cryptography key - values will not be stored encrypted.
[2025-05-06T12:57:42.248+0000] {base.py:73} INFO - Using connection ID 'postgres_default' for task execution.
[2025-05-06T12:57:42.253+0000] {sql.py:374} INFO - Running statement: DELETE FROM staging.currency_rates WHERE date='2025-05-06', parameters: None
[2025-05-06T12:57:42.260+0000] {sql.py:383} INFO - Rows affected: 4
[2025-05-06T12:57:42.261+0000] {base.py:73} INFO - Using connection ID 'postgres_default' for task execution.
[2025-05-06T12:57:42.278+0000] {logging_mixin.py:150} INFO - Курсы валют загружены на дату 2025-05-06
[2025-05-06T12:57:42.278+0000] {python.py:183} INFO - Done. Returned value was: None
[2025-05-06T12:57:42.286+0000] {taskinstance.py:1345} INFO - Marking task as SUCCESS. dag_id=extract_load, task_id=load_rates, execution_date=20250506T125733, start_date=20250506T125742, end_date=20250506T125742
[2025-05-06T12:57:42.326+0000] {local_task_job_runner.py:225} INFO - Task exited with return code 0
[2025-05-06T12:57:42.352+0000] {taskinstance.py:2653} INFO - 0 downstream tasks scheduled from follow-on schedule check
