[2025-04-22T21:52:07.948+0000] {taskinstance.py:1103} INFO - Dependencies all met for dep_context=non-requeueable deps ti=<TaskInstance: transform.dbt_run manual__2025-04-22T21:50:03.479873+00:00 [queued]>
[2025-04-22T21:52:07.954+0000] {taskinstance.py:1103} INFO - Dependencies all met for dep_context=requeueable deps ti=<TaskInstance: transform.dbt_run manual__2025-04-22T21:50:03.479873+00:00 [queued]>
[2025-04-22T21:52:07.954+0000] {taskinstance.py:1308} INFO - Starting attempt 2 of 2
[2025-04-22T21:52:07.965+0000] {taskinstance.py:1327} INFO - Executing <Task(BashOperator): dbt_run> on 2025-04-22 21:50:03.479873+00:00
[2025-04-22T21:52:07.969+0000] {standard_task_runner.py:57} INFO - Started process 1501 to run task
[2025-04-22T21:52:07.971+0000] {standard_task_runner.py:84} INFO - Running: ['airflow', 'tasks', 'run', 'transform', 'dbt_run', 'manual__2025-04-22T21:50:03.479873+00:00', '--job-id', '23', '--raw', '--subdir', 'DAGS_FOLDER/transform.py', '--cfg-path', '/tmp/tmp_yzny7xw']
[2025-04-22T21:52:07.972+0000] {standard_task_runner.py:85} INFO - Job 23: Subtask dbt_run
[2025-04-22T21:52:08.013+0000] {task_command.py:410} INFO - Running <TaskInstance: transform.dbt_run manual__2025-04-22T21:50:03.479873+00:00 [running]> on host ee3569271e7b
[2025-04-22T21:52:08.160+0000] {taskinstance.py:1547} INFO - Exporting env vars: AIRFLOW_CTX_DAG_OWNER='finbest' AIRFLOW_CTX_DAG_ID='transform' AIRFLOW_CTX_TASK_ID='dbt_run' AIRFLOW_CTX_EXECUTION_DATE='2025-04-22T21:50:03.479873+00:00' AIRFLOW_CTX_TRY_NUMBER='2' AIRFLOW_CTX_DAG_RUN_ID='manual__2025-04-22T21:50:03.479873+00:00'
[2025-04-22T21:52:08.161+0000] {subprocess.py:63} INFO - Tmp dir root location: /tmp
[2025-04-22T21:52:08.161+0000] {subprocess.py:75} INFO - Running command: ['/bin/bash', '-c', 'dbt run --project-dir /dbt_project --profiles-dir /dbt_project']
[2025-04-22T21:52:08.169+0000] {subprocess.py:86} INFO - Output:
[2025-04-22T21:52:08.170+0000] {subprocess.py:93} INFO - /bin/bash: line 1: dbt: command not found
[2025-04-22T21:52:08.170+0000] {subprocess.py:97} INFO - Command exited with return code 127
[2025-04-22T21:52:08.181+0000] {taskinstance.py:1824} ERROR - Task failed with exception
Traceback (most recent call last):
  File "/home/airflow/.local/lib/python3.7/site-packages/airflow/operators/bash.py", line 211, in execute
    f"Bash command failed. The command returned a non-zero exit code {result.exit_code}."
airflow.exceptions.AirflowException: Bash command failed. The command returned a non-zero exit code 127.
[2025-04-22T21:52:08.183+0000] {taskinstance.py:1350} INFO - Marking task as FAILED. dag_id=transform, task_id=dbt_run, execution_date=20250422T215003, start_date=20250422T215207, end_date=20250422T215208
[2025-04-22T21:52:08.195+0000] {standard_task_runner.py:109} ERROR - Failed to execute job 23 for task dbt_run (Bash command failed. The command returned a non-zero exit code 127.; 1501)
[2025-04-22T21:52:08.223+0000] {local_task_job_runner.py:225} INFO - Task exited with return code 1
[2025-04-22T21:52:08.244+0000] {taskinstance.py:2653} INFO - 0 downstream tasks scheduled from follow-on schedule check
