[2025-04-27T08:20:53.650+0000] {taskinstance.py:1103} INFO - Dependencies all met for dep_context=non-requeueable deps ti=<TaskInstance: transform.dbt_run manual__2025-04-27T08:18:53.097011+00:00 [queued]>
[2025-04-27T08:20:53.656+0000] {taskinstance.py:1103} INFO - Dependencies all met for dep_context=requeueable deps ti=<TaskInstance: transform.dbt_run manual__2025-04-27T08:18:53.097011+00:00 [queued]>
[2025-04-27T08:20:53.656+0000] {taskinstance.py:1308} INFO - Starting attempt 1 of 2
[2025-04-27T08:20:53.667+0000] {taskinstance.py:1327} INFO - Executing <Task(PythonOperator): dbt_run> on 2025-04-27 08:18:53.097011+00:00
[2025-04-27T08:20:53.670+0000] {standard_task_runner.py:57} INFO - Started process 54 to run task
[2025-04-27T08:20:53.672+0000] {standard_task_runner.py:84} INFO - Running: ['airflow', 'tasks', 'run', 'transform', 'dbt_run', 'manual__2025-04-27T08:18:53.097011+00:00', '--job-id', '25', '--raw', '--subdir', 'DAGS_FOLDER/transform.py', '--cfg-path', '/tmp/tmpuqnrxmit']
[2025-04-27T08:20:53.673+0000] {standard_task_runner.py:85} INFO - Job 25: Subtask dbt_run
[2025-04-27T08:20:53.711+0000] {task_command.py:410} INFO - Running <TaskInstance: transform.dbt_run manual__2025-04-27T08:18:53.097011+00:00 [running]> on host c82426b22b9f
[2025-04-27T08:20:53.847+0000] {taskinstance.py:1547} INFO - Exporting env vars: AIRFLOW_CTX_DAG_OWNER='finbest' AIRFLOW_CTX_DAG_ID='transform' AIRFLOW_CTX_TASK_ID='dbt_run' AIRFLOW_CTX_EXECUTION_DATE='2025-04-27T08:18:53.097011+00:00' AIRFLOW_CTX_TRY_NUMBER='1' AIRFLOW_CTX_DAG_RUN_ID='manual__2025-04-27T08:18:53.097011+00:00'
[2025-04-27T08:20:53.847+0000] {logging_mixin.py:150} INFO - Проверка существования dbt: True
[2025-04-27T08:20:53.847+0000] {logging_mixin.py:150} INFO - Содержимое каталога /dbt_project:
[2025-04-27T08:20:53.848+0000] {logging_mixin.py:150} INFO - Директория: /dbt_project
[2025-04-27T08:20:53.848+0000] {logging_mixin.py:150} INFO -   Поддиректории: ['logs', 'dbt_packages', 'models', 'target']
[2025-04-27T08:20:53.848+0000] {logging_mixin.py:150} INFO -   Файлы: ['dbt_project.yml', 'profiles.yml', '.user.yml']
[2025-04-27T08:20:53.848+0000] {logging_mixin.py:150} INFO - Директория: /dbt_project/logs
[2025-04-27T08:20:53.848+0000] {logging_mixin.py:150} INFO -   Поддиректории: []
[2025-04-27T08:20:53.848+0000] {logging_mixin.py:150} INFO -   Файлы: ['dbt.log']
[2025-04-27T08:20:53.849+0000] {logging_mixin.py:150} INFO - Директория: /dbt_project/dbt_packages
[2025-04-27T08:20:53.849+0000] {logging_mixin.py:150} INFO -   Поддиректории: []
[2025-04-27T08:20:53.849+0000] {logging_mixin.py:150} INFO -   Файлы: []
[2025-04-27T08:20:53.849+0000] {logging_mixin.py:150} INFO - Директория: /dbt_project/models
[2025-04-27T08:20:53.849+0000] {logging_mixin.py:150} INFO -   Поддиректории: ['mart', 'staging', 'intermediate']
[2025-04-27T08:20:53.849+0000] {logging_mixin.py:150} INFO -   Файлы: []
[2025-04-27T08:20:53.849+0000] {logging_mixin.py:150} INFO - Директория: /dbt_project/models/mart
[2025-04-27T08:20:53.849+0000] {logging_mixin.py:150} INFO -   Поддиректории: []
[2025-04-27T08:20:53.849+0000] {logging_mixin.py:150} INFO -   Файлы: ['fact_client_balance.sql']
[2025-04-27T08:20:53.850+0000] {logging_mixin.py:150} INFO - Директория: /dbt_project/models/staging
[2025-04-27T08:20:53.850+0000] {logging_mixin.py:150} INFO -   Поддиректории: []
[2025-04-27T08:20:53.850+0000] {logging_mixin.py:150} INFO -   Файлы: ['stg_clients.sql', 'stg_transactions.sql', 'stg_rates.sql']
[2025-04-27T08:20:53.850+0000] {logging_mixin.py:150} INFO - Директория: /dbt_project/models/intermediate
[2025-04-27T08:20:53.850+0000] {logging_mixin.py:150} INFO -   Поддиректории: []
[2025-04-27T08:20:53.850+0000] {logging_mixin.py:150} INFO -   Файлы: ['int_daily_transactions.sql']
[2025-04-27T08:20:53.850+0000] {logging_mixin.py:150} INFO - Директория: /dbt_project/target
[2025-04-27T08:20:53.850+0000] {logging_mixin.py:150} INFO -   Поддиректории: ['compiled', 'run']
[2025-04-27T08:20:53.850+0000] {logging_mixin.py:150} INFO -   Файлы: ['run_results.json', 'partial_parse.msgpack', 'manifest.json', 'graph.gpickle']
[2025-04-27T08:20:53.851+0000] {logging_mixin.py:150} INFO - Директория: /dbt_project/target/compiled
[2025-04-27T08:20:53.851+0000] {logging_mixin.py:150} INFO -   Поддиректории: ['finbest']
[2025-04-27T08:20:53.851+0000] {logging_mixin.py:150} INFO -   Файлы: []
[2025-04-27T08:20:53.851+0000] {logging_mixin.py:150} INFO - Директория: /dbt_project/target/compiled/finbest
[2025-04-27T08:20:53.851+0000] {logging_mixin.py:150} INFO -   Поддиректории: ['models']
[2025-04-27T08:20:53.851+0000] {logging_mixin.py:150} INFO -   Файлы: []
[2025-04-27T08:20:53.851+0000] {logging_mixin.py:150} INFO - Директория: /dbt_project/target/compiled/finbest/models
[2025-04-27T08:20:53.851+0000] {logging_mixin.py:150} INFO -   Поддиректории: ['mart', 'staging', 'intermediate']
[2025-04-27T08:20:53.851+0000] {logging_mixin.py:150} INFO -   Файлы: []
[2025-04-27T08:20:53.852+0000] {logging_mixin.py:150} INFO - Директория: /dbt_project/target/compiled/finbest/models/mart
[2025-04-27T08:20:53.852+0000] {logging_mixin.py:150} INFO -   Поддиректории: []
[2025-04-27T08:20:53.852+0000] {logging_mixin.py:150} INFO -   Файлы: ['fact_client_balance.sql']
[2025-04-27T08:20:53.852+0000] {logging_mixin.py:150} INFO - Директория: /dbt_project/target/compiled/finbest/models/staging
[2025-04-27T08:20:53.852+0000] {logging_mixin.py:150} INFO -   Поддиректории: []
[2025-04-27T08:20:53.852+0000] {logging_mixin.py:150} INFO -   Файлы: ['stg_clients.sql', 'stg_transactions.sql', 'stg_rates.sql']
[2025-04-27T08:20:53.852+0000] {logging_mixin.py:150} INFO - Директория: /dbt_project/target/compiled/finbest/models/intermediate
[2025-04-27T08:20:53.852+0000] {logging_mixin.py:150} INFO -   Поддиректории: []
[2025-04-27T08:20:53.852+0000] {logging_mixin.py:150} INFO -   Файлы: ['int_daily_transactions.sql']
[2025-04-27T08:20:53.853+0000] {logging_mixin.py:150} INFO - Директория: /dbt_project/target/run
[2025-04-27T08:20:53.853+0000] {logging_mixin.py:150} INFO -   Поддиректории: ['finbest']
[2025-04-27T08:20:53.853+0000] {logging_mixin.py:150} INFO -   Файлы: []
[2025-04-27T08:20:53.853+0000] {logging_mixin.py:150} INFO - Директория: /dbt_project/target/run/finbest
[2025-04-27T08:20:53.853+0000] {logging_mixin.py:150} INFO -   Поддиректории: ['models']
[2025-04-27T08:20:53.853+0000] {logging_mixin.py:150} INFO -   Файлы: []
[2025-04-27T08:20:53.853+0000] {logging_mixin.py:150} INFO - Директория: /dbt_project/target/run/finbest/models
[2025-04-27T08:20:53.853+0000] {logging_mixin.py:150} INFO -   Поддиректории: ['mart', 'staging', 'intermediate']
[2025-04-27T08:20:53.853+0000] {logging_mixin.py:150} INFO -   Файлы: []
[2025-04-27T08:20:53.854+0000] {logging_mixin.py:150} INFO - Директория: /dbt_project/target/run/finbest/models/mart
[2025-04-27T08:20:53.854+0000] {logging_mixin.py:150} INFO -   Поддиректории: []
[2025-04-27T08:20:53.854+0000] {logging_mixin.py:150} INFO -   Файлы: ['fact_client_balance.sql']
[2025-04-27T08:20:53.854+0000] {logging_mixin.py:150} INFO - Директория: /dbt_project/target/run/finbest/models/staging
[2025-04-27T08:20:53.854+0000] {logging_mixin.py:150} INFO -   Поддиректории: []
[2025-04-27T08:20:53.854+0000] {logging_mixin.py:150} INFO -   Файлы: ['stg_clients.sql', 'stg_transactions.sql', 'stg_rates.sql']
[2025-04-27T08:20:53.854+0000] {logging_mixin.py:150} INFO - Директория: /dbt_project/target/run/finbest/models/intermediate
[2025-04-27T08:20:53.854+0000] {logging_mixin.py:150} INFO -   Поддиректории: []
[2025-04-27T08:20:53.854+0000] {logging_mixin.py:150} INFO -   Файлы: ['int_daily_transactions.sql']
[2025-04-27T08:20:58.579+0000] {logging_mixin.py:150} INFO - STDOUT:
[2025-04-27T08:20:58.581+0000] {logging_mixin.py:150} INFO - 08:20:56  Sending event: {'category': 'dbt', 'action': 'invocation', 'label': 'start', 'context': [<snowplow_tracker.self_describing_json.SelfDescribingJson object at 0x7ff6efffd290>, <snowplow_tracker.self_describing_json.SelfDescribingJson object at 0x7ff6efffd110>, <snowplow_tracker.self_describing_json.SelfDescribingJson object at 0x7ff6efffd910>]}
08:20:56  Running with dbt=1.5.11
08:20:56  running dbt with arguments {'printer_width': '80', 'indirect_selection': 'eager', 'write_json': 'True', 'log_cache_events': 'False', 'partial_parse': 'True', 'cache_selected_only': 'False', 'profiles_dir': '/dbt_project', 'version_check': 'True', 'debug': 'True', 'log_path': '/dbt_project/logs', 'warn_error': 'None', 'fail_fast': 'False', 'use_colors': 'True', 'use_experimental_parser': 'False', 'no_print': 'None', 'quiet': 'False', 'log_format': 'default', 'introspect': 'True', 'warn_error_options': 'WarnErrorOptions(include=[], exclude=[])', 'static_parser': 'True', 'target_path': 'None', 'send_anonymous_usage_stats': 'True'}
08:20:56  Sending event: {'category': 'dbt', 'action': 'project_id', 'label': '2b3a3a37-91e5-489d-9ca9-b4ca7f041d37', 'context': [<snowplow_tracker.self_describing_json.SelfDescribingJson object at 0x7ff6f002f050>]}
08:20:56  Sending event: {'category': 'dbt', 'action': 'adapter_info', 'label': '2b3a3a37-91e5-489d-9ca9-b4ca7f041d37', 'context': [<snowplow_tracker.self_describing_json.SelfDescribingJson object at 0x7ff6efffd290>]}
08:20:56  Registered adapter: postgres=1.5.11
08:20:56  checksum: 007b492a958e08141e13011e4198bea48e7f359a98b57e51b7a963fca8fc83af, vars: {}, profile: , target: , version: 1.5.11
08:20:56  Partial parsing enabled: 0 files deleted, 0 files added, 0 files changed.
08:20:56  Partial parsing enabled, no changes found, skipping parsing
08:20:56  Sending event: {'category': 'dbt', 'action': 'load_project', 'label': '2b3a3a37-91e5-489d-9ca9-b4ca7f041d37', 'context': [<snowplow_tracker.self_describing_json.SelfDescribingJson object at 0x7ff6ebc43590>]}
08:20:56  Sending event: {'category': 'dbt', 'action': 'resource_counts', 'label': '2b3a3a37-91e5-489d-9ca9-b4ca7f041d37', 'context': [<snowplow_tracker.self_describing_json.SelfDescribingJson object at 0x7ff6ebc8a810>]}
08:20:56  Found 5 models, 0 tests, 0 snapshots, 0 analyses, 310 macros, 0 operations, 0 seed files, 0 sources, 0 exposures, 0 metrics, 0 groups
08:20:56  Sending event: {'category': 'dbt', 'action': 'runnable_timing', 'label': '2b3a3a37-91e5-489d-9ca9-b4ca7f041d37', 'context': [<snowplow_tracker.self_describing_json.SelfDescribingJson object at 0x7ff6ebc8ab90>]}
08:20:56  
08:20:56  Acquiring new postgres connection 'master'
08:20:56  Acquiring new postgres connection 'list_finbest'
08:20:56  Using postgres connection "list_finbest"
08:20:56  On list_finbest: /* {"app": "dbt", "dbt_version": "1.5.11", "profile_name": "finbest", "target_name": "dev", "connection_name": "list_finbest"} */

    select distinct nspname from pg_namespace
  
08:20:56  Opening a new connection, currently in state init
08:20:56  SQL status: SELECT 7 in 0.0 seconds
08:20:56  On list_finbest: Close
08:20:56  Acquiring new postgres connection 'list_finbest_mart'
08:20:56  Using postgres connection "list_finbest_mart"
08:20:56  On list_finbest_mart: BEGIN
08:20:56  Opening a new connection, currently in state init
08:20:56  SQL status: BEGIN in 0.0 seconds
08:20:56  Using postgres connection "list_finbest_mart"
08:20:56  On list_finbest_mart: /* {"app": "dbt", "dbt_version": "1.5.11", "profile_name": "finbest", "target_name": "dev", "connection_name": "list_finbest_mart"} */
select
      'finbest' as database,
      tablename as name,
      schemaname as schema,
      'table' as type
    from pg_tables
    where schemaname ilike 'mart'
    union all
    select
      'finbest' as database,
      viewname as name,
      schemaname as schema,
      'view' as type
    from pg_views
    where schemaname ilike 'mart'
  
08:20:56  SQL status: SELECT 7 in 0.0 seconds
08:20:56  On list_finbest_mart: ROLLBACK
08:20:56  On list_finbest_mart: Close
08:20:56  Using postgres connection "master"
08:20:56  On master: BEGIN
08:20:56  Opening a new connection, currently in state init
08:20:56  SQL status: BEGIN in 0.0 seconds
08:20:56  Using postgres connection "master"
08:20:56  On master: /* {"app": "dbt", "dbt_version": "1.5.11", "profile_name": "finbest", "target_name": "dev", "connection_name": "master"} */
with relation as (
        select
            pg_rewrite.ev_class as class,
            pg_rewrite.oid as id
        from pg_rewrite
    ),
    class as (
        select
            oid as id,
            relname as name,
            relnamespace as schema,
            relkind as kind
        from pg_class
    ),
    dependency as (
        select distinct
            pg_depend.objid as id,
            pg_depend.refobjid as ref
        from pg_depend
    ),
    schema as (
        select
            pg_namespace.oid as id,
            pg_namespace.nspname as name
        from pg_namespace
        where nspname != 'information_schema' and nspname not like 'pg\_%'
    ),
    referenced as (
        select
            relation.id AS id,
            referenced_class.name ,
            referenced_class.schema ,
            referenced_class.kind
        from relation
        join class as referenced_class on relation.class=referenced_class.id
        where referenced_class.kind in ('r', 'v')
    ),
    relationships as (
        select
            referenced.name as referenced_name,
            referenced.schema as referenced_schema_id,
            dependent_class.name as dependent_name,
            dependent_class.schema as dependent_schema_id,
            referenced.kind as kind
        from referenced
        join dependency on referenced.id=dependency.id
        join class as dependent_class on dependency.ref=dependent_class.id
        where
            (referenced.name != dependent_class.name or
             referenced.schema != dependent_class.schema)
    )

    select
        referenced_schema.name as referenced_schema,
        relationships.referenced_name as referenced_name,
        dependent_schema.name as dependent_schema,
        relationships.dependent_name as dependent_name
    from relationships
    join schema as dependent_schema on relationships.dependent_schema_id=dependent_schema.id
    join schema as referenced_schema on relationships.referenced_schema_id=referenced_schema.id
    group by referenced_schema, referenced_name, dependent_schema, dependent_name
    order by referenced_schema, referenced_name, dependent_schema, dependent_name;
08:20:56  SQL status: SELECT 0 in 0.0 seconds
08:20:56  Sending event: {'category': 'dbt', 'action': 'runnable_timing', 'label': '2b3a3a37-91e5-489d-9ca9-b4ca7f041d37', 'context': [<snowplow_tracker.self_describing_json.SelfDescribingJson object at 0x7ff6eb351c10>]}
08:20:56  On master: ROLLBACK
08:20:56  Using postgres connection "master"
08:20:56  On master: BEGIN
08:20:56  SQL status: BEGIN in 0.0 seconds
08:20:56  On master: COMMIT
08:20:56  Using postgres connection "master"
08:20:56  On master: COMMIT
08:20:56  SQL status: COMMIT in 0.0 seconds
08:20:56  On master: Close
08:20:56  Concurrency: 4 threads (target='dev')
08:20:56  
08:20:56  Began running node model.finbest.stg_clients
08:20:56  Began running node model.finbest.stg_rates
08:20:56  Began running node model.finbest.stg_transactions
08:20:56  1 of 5 START sql table model mart.stg_clients .................................. [RUN]
08:20:56  2 of 5 START sql table model mart.stg_rates .................................... [RUN]
08:20:56  3 of 5 START sql table model mart.stg_transactions ............................. [RUN]
08:20:56  Re-using an available connection from the pool (formerly list_finbest_mart, now model.finbest.stg_clients)
08:20:56  Re-using an available connection from the pool (formerly list_finbest, now model.finbest.stg_rates)
08:20:56  Acquiring new postgres connection 'model.finbest.stg_transactions'
08:20:56  Began compiling node model.finbest.stg_clients
08:20:56  Began compiling node model.finbest.stg_rates
08:20:56  Began compiling node model.finbest.stg_transactions
08:20:56  Writing injected SQL for node "model.finbest.stg_clients"
08:20:56  Writing injected SQL for node "model.finbest.stg_rates"
08:20:56  Writing injected SQL for node "model.finbest.stg_transactions"
08:20:56  Timing info for model.finbest.stg_clients (compile): 08:20:56.741940 => 08:20:56.753757
08:20:56  Timing info for model.finbest.stg_rates (compile): 08:20:56.749253 => 08:20:56.754496
08:20:56  Began executing node model.finbest.stg_clients
08:20:56  Began executing node model.finbest.stg_rates
08:20:56  Timing info for model.finbest.stg_transactions (compile): 08:20:56.751728 => 08:20:56.756231
08:20:56  Writing runtime sql for node "model.finbest.stg_rates"
08:20:56  Writing runtime sql for node "model.finbest.stg_clients"
08:20:56  Began executing node model.finbest.stg_transactions
08:20:56  Writing runtime sql for node "model.finbest.stg_transactions"
08:20:56  Using postgres connection "model.finbest.stg_rates"
08:20:56  On model.finbest.stg_rates: BEGIN
08:20:56  Using postgres connection "model.finbest.stg_clients"
08:20:56  Opening a new connection, currently in state closed
08:20:56  On model.finbest.stg_clients: BEGIN
08:20:56  Using postgres connection "model.finbest.stg_transactions"
08:20:56  Opening a new connection, currently in state closed
08:20:56  On model.finbest.stg_transactions: BEGIN
08:20:56  Opening a new connection, currently in state init
08:20:56  SQL status: BEGIN in 0.0 seconds
08:20:56  Using postgres connection "model.finbest.stg_rates"
08:20:56  On model.finbest.stg_rates: /* {"app": "dbt", "dbt_version": "1.5.11", "profile_name": "finbest", "target_name": "dev", "node_id": "model.finbest.stg_rates"} */

  
    

  create  table "finbest"."mart"."stg_rates__dbt_tmp"
  
  
    as
  
  (
    select * from staging.currency_rates
  );
  
08:20:56  SQL status: BEGIN in 0.0 seconds
08:20:56  SQL status: BEGIN in 0.0 seconds
08:20:56  Using postgres connection "model.finbest.stg_transactions"
08:20:56  Using postgres connection "model.finbest.stg_clients"
08:20:56  On model.finbest.stg_transactions: /* {"app": "dbt", "dbt_version": "1.5.11", "profile_name": "finbest", "target_name": "dev", "node_id": "model.finbest.stg_transactions"} */

  
    

  create  table "finbest"."mart"."stg_transactions__dbt_tmp"
  
  
    as
  
  (
    select * from raw.masked_transactions
  );
  
08:20:56  On model.finbest.stg_clients: /* {"app": "dbt", "dbt_version": "1.5.11", "profile_name": "finbest", "target_name": "dev", "node_id": "model.finbest.stg_clients"} */

  
    

  create  table "finbest"."mart"."stg_clients__dbt_tmp"
  
  
    as
  
  (
    select * from raw.masked_clients
  );
  
08:20:56  SQL status: SELECT 4 in 0.0 seconds
08:20:56  SQL status: SELECT 200 in 0.0 seconds
08:20:56  SQL status: SELECT 1000 in 0.0 seconds
08:20:56  Using postgres connection "model.finbest.stg_rates"
08:20:56  Using postgres connection "model.finbest.stg_clients"
08:20:56  Using postgres connection "model.finbest.stg_transactions"
08:20:56  On model.finbest.stg_rates: /* {"app": "dbt", "dbt_version": "1.5.11", "profile_name": "finbest", "target_name": "dev", "node_id": "model.finbest.stg_rates"} */
alter table "finbest"."mart"."stg_rates" rename to "stg_rates__dbt_backup"
08:20:56  On model.finbest.stg_clients: /* {"app": "dbt", "dbt_version": "1.5.11", "profile_name": "finbest", "target_name": "dev", "node_id": "model.finbest.stg_clients"} */
alter table "finbest"."mart"."stg_clients" rename to "stg_clients__dbt_backup"
08:20:56  On model.finbest.stg_transactions: /* {"app": "dbt", "dbt_version": "1.5.11", "profile_name": "finbest", "target_name": "dev", "node_id": "model.finbest.stg_transactions"} */
alter table "finbest"."mart"."stg_transactions" rename to "stg_transactions__dbt_backup"
08:20:56  SQL status: ALTER TABLE in 0.0 seconds
08:20:56  SQL status: ALTER TABLE in 0.0 seconds
08:20:56  SQL status: ALTER TABLE in 0.0 seconds
08:20:56  Using postgres connection "model.finbest.stg_clients"
08:20:56  Using postgres connection "model.finbest.stg_rates"
08:20:56  Using postgres connection "model.finbest.stg_transactions"
08:20:56  On model.finbest.stg_clients: /* {"app": "dbt", "dbt_version": "1.5.11", "profile_name": "finbest", "target_name": "dev", "node_id": "model.finbest.stg_clients"} */
alter table "finbest"."mart"."stg_clients__dbt_tmp" rename to "stg_clients"
08:20:56  On model.finbest.stg_rates: /* {"app": "dbt", "dbt_version": "1.5.11", "profile_name": "finbest", "target_name": "dev", "node_id": "model.finbest.stg_rates"} */
alter table "finbest"."mart"."stg_rates__dbt_tmp" rename to "stg_rates"
08:20:56  On model.finbest.stg_transactions: /* {"app": "dbt", "dbt_version": "1.5.11", "profile_name": "finbest", "target_name": "dev", "node_id": "model.finbest.stg_transactions"} */
alter table "finbest"."mart"."stg_transactions__dbt_tmp" rename to "stg_transactions"
08:20:56  SQL status: ALTER TABLE in 0.0 seconds
08:20:56  SQL status: ALTER TABLE in 0.0 seconds
08:20:56  SQL status: ALTER TABLE in 0.0 seconds
08:20:56  On model.finbest.stg_clients: COMMIT
08:20:56  On model.finbest.stg_rates: COMMIT
08:20:56  On model.finbest.stg_transactions: COMMIT
08:20:56  Using postgres connection "model.finbest.stg_clients"
08:20:56  Using postgres connection "model.finbest.stg_rates"
08:20:56  Using postgres connection "model.finbest.stg_transactions"
08:20:56  On model.finbest.stg_clients: COMMIT
08:20:56  On model.finbest.stg_rates: COMMIT
08:20:56  On model.finbest.stg_transactions: COMMIT
08:20:56  SQL status: COMMIT in 0.0 seconds
08:20:56  SQL status: COMMIT in 0.0 seconds
08:20:56  SQL status: COMMIT in 0.0 seconds
08:20:56  Using postgres connection "model.finbest.stg_clients"
08:20:56  Using postgres connection "model.finbest.stg_rates"
08:20:56  Using postgres connection "model.finbest.stg_transactions"
08:20:56  On model.finbest.stg_clients: /* {"app": "dbt", "dbt_version": "1.5.11", "profile_name": "finbest", "target_name": "dev", "node_id": "model.finbest.stg_clients"} */
drop table if exists "finbest"."mart"."stg_clients__dbt_backup" cascade
08:20:56  On model.finbest.stg_rates: /* {"app": "dbt", "dbt_version": "1.5.11", "profile_name": "finbest", "target_name": "dev", "node_id": "model.finbest.stg_rates"} */
drop table if exists "finbest"."mart"."stg_rates__dbt_backup" cascade
08:20:56  On model.finbest.stg_transactions: /* {"app": "dbt", "dbt_version": "1.5.11", "profile_name": "finbest", "target_name": "dev", "node_id": "model.finbest.stg_transactions"} */
drop table if exists "finbest"."mart"."stg_transactions__dbt_backup" cascade
08:20:56  SQL status: DROP TABLE in 0.0 seconds
08:20:56  Timing info for model.finbest.stg_rates (execute): 08:20:56.767118 => 08:20:56.947618
08:20:56  On model.finbest.stg_rates: Close
08:20:56  Sending event: {'category': 'dbt', 'action': 'run_model', 'label': '2b3a3a37-91e5-489d-9ca9-b4ca7f041d37', 'context': [<snowplow_tracker.self_describing_json.SelfDescribingJson object at 0x7ff6eb352d90>]}
08:20:56  2 of 5 OK created sql table model mart.stg_rates ............................... [SELECT 4 in 0.21s]
08:20:56  Finished running node model.finbest.stg_rates
08:20:56  SQL status: DROP TABLE in 0.0 seconds
08:20:56  SQL status: DROP TABLE in 0.0 seconds
08:20:56  Timing info for model.finbest.stg_clients (execute): 08:20:56.756766 => 08:20:56.968450
08:20:56  Timing info for model.finbest.stg_transactions (execute): 08:20:56.831821 => 08:20:56.969873
08:20:56  On model.finbest.stg_clients: Close
08:20:56  On model.finbest.stg_transactions: Close
08:20:56  Sending event: {'category': 'dbt', 'action': 'run_model', 'label': '2b3a3a37-91e5-489d-9ca9-b4ca7f041d37', 'context': [<snowplow_tracker.self_describing_json.SelfDescribingJson object at 0x7ff6eab12890>]}
08:20:56  Sending event: {'category': 'dbt', 'action': 'run_model', 'label': '2b3a3a37-91e5-489d-9ca9-b4ca7f041d37', 'context': [<snowplow_tracker.self_describing_json.SelfDescribingJson object at 0x7ff6eb332f10>]}
08:20:56  1 of 5 OK created sql table model mart.stg_clients ............................. [SELECT 200 in 0.23s]
08:20:56  3 of 5 OK created sql table model mart.stg_transactions ........................ [SELECT 1000 in 0.23s]
08:20:56  Finished running node model.finbest.stg_clients
08:20:56  Finished running node model.finbest.stg_transactions
08:20:56  Began running node model.finbest.int_daily_transactions
08:20:56  4 of 5 START sql table model mart.int_daily_transactions ....................... [RUN]
08:20:56  Acquiring new postgres connection 'model.finbest.int_daily_transactions'
08:20:56  Began compiling node model.finbest.int_daily_transactions
08:20:56  Writing injected SQL for node "model.finbest.int_daily_transactions"
08:20:56  Timing info for model.finbest.int_daily_transactions (compile): 08:20:56.978932 => 08:20:56.982298
08:20:56  Began executing node model.finbest.int_daily_transactions
08:20:56  Writing runtime sql for node "model.finbest.int_daily_transactions"
08:20:56  Using postgres connection "model.finbest.int_daily_transactions"
08:20:56  On model.finbest.int_daily_transactions: BEGIN
08:20:56  Opening a new connection, currently in state init
08:20:56  SQL status: BEGIN in 0.0 seconds
08:20:56  Using postgres connection "model.finbest.int_daily_transactions"
08:20:56  On model.finbest.int_daily_transactions: /* {"app": "dbt", "dbt_version": "1.5.11", "profile_name": "finbest", "target_name": "dev", "node_id": "model.finbest.int_daily_transactions"} */

  
    

  create  table "finbest"."mart"."int_daily_transactions__dbt_tmp"
  
  
    as
  
  (
    with t as (
  select date(datetime) as dt, client_id, currency,
         sum(case when transaction_type='deposit' then amount end) as inflow,
         sum(case when transaction_type='withdrawal' then amount end) as outflow,
         count(*) as tx_cnt
  from "finbest"."mart"."stg_transactions"
  group by 1,2,3)
select *, inflow-outflow as net_flow from t
  );
  
08:20:57  SQL status: SELECT 669 in 0.0 seconds
08:20:57  Using postgres connection "model.finbest.int_daily_transactions"
08:20:57  On model.finbest.int_daily_transactions: /* {"app": "dbt", "dbt_version": "1.5.11", "profile_name": "finbest", "target_name": "dev", "node_id": "model.finbest.int_daily_transactions"} */
alter table "finbest"."mart"."int_daily_transactions" rename to "int_daily_transactions__dbt_backup"
08:20:57  SQL status: ALTER TABLE in 0.0 seconds
08:20:57  Using postgres connection "model.finbest.int_daily_transactions"
08:20:57  On model.finbest.int_daily_transactions: /* {"app": "dbt", "dbt_version": "1.5.11", "profile_name": "finbest", "target_name": "dev", "node_id": "model.finbest.int_daily_transactions"} */
alter table "finbest"."mart"."int_daily_transactions__dbt_tmp" rename to "int_daily_transactions"
08:20:57  SQL status: ALTER TABLE in 0.0 seconds
08:20:57  On model.finbest.int_daily_transactions: COMMIT
08:20:57  Using postgres connection "model.finbest.int_daily_transactions"
08:20:57  On model.finbest.int_daily_transactions: COMMIT
08:20:57  SQL status: COMMIT in 0.0 seconds
08:20:57  Using postgres connection "model.finbest.int_daily_transactions"
08:20:57  On model.finbest.int_daily_transactions: /* {"app": "dbt", "dbt_version": "1.5.11", "profile_name": "finbest", "target_name": "dev", "node_id": "model.finbest.int_daily_transactions"} */
drop table if exists "finbest"."mart"."int_daily_transactions__dbt_backup" cascade
08:20:57  SQL status: DROP TABLE in 0.0 seconds
08:20:57  Timing info for model.finbest.int_daily_transactions (execute): 08:20:56.983266 => 08:20:57.054798
08:20:57  On model.finbest.int_daily_transactions: Close
08:20:57  Sending event: {'category': 'dbt', 'action': 'run_model', 'label': '2b3a3a37-91e5-489d-9ca9-b4ca7f041d37', 'context': [<snowplow_tracker.self_describing_json.SelfDescribingJson object at 0x7ff6eaab5b90>]}
08:20:57  4 of 5 OK created sql table model mart.int_daily_transactions .................. [SELECT 669 in 0.08s]
08:20:57  Finished running node model.finbest.int_daily_transactions
08:20:57  Began running node model.finbest.fact_client_balance
08:20:57  5 of 5 START sql table model mart.fact_client_balance .......................... [RUN]
08:20:57  Re-using an available connection from the pool (formerly model.finbest.stg_clients, now model.finbest.fact_client_balance)
08:20:57  Began compiling node model.finbest.fact_client_balance
08:20:57  Writing injected SQL for node "model.finbest.fact_client_balance"
08:20:57  Timing info for model.finbest.fact_client_balance (compile): 08:20:57.060387 => 08:20:57.063406
08:20:57  Began executing node model.finbest.fact_client_balance
08:20:57  Writing runtime sql for node "model.finbest.fact_client_balance"
08:20:57  Using postgres connection "model.finbest.fact_client_balance"
08:20:57  On model.finbest.fact_client_balance: BEGIN
08:20:57  Opening a new connection, currently in state closed
08:20:57  SQL status: BEGIN in 0.0 seconds
08:20:57  Using postgres connection "model.finbest.fact_client_balance"
08:20:57  On model.finbest.fact_client_balance: /* {"app": "dbt", "dbt_version": "1.5.11", "profile_name": "finbest", "target_name": "dev", "node_id": "model.finbest.fact_client_balance"} */

  
    

  create  table "finbest"."mart"."fact_client_balance__dbt_tmp"
  
  
    as
  
  (
    select dt as date, client_id, currency,
       sum(net_flow) over (partition by client_id,currency
                           order by dt
                           rows between unbounded preceding and 1 preceding) as opening_balance,
       sum(net_flow) over (partition by client_id,currency
                           order by dt) as closing_balance,
       inflow,outflow,tx_cnt as transaction_count
from "finbest"."mart"."int_daily_transactions"
  );
  
08:20:57  SQL status: SELECT 669 in 0.0 seconds
08:20:57  Using postgres connection "model.finbest.fact_client_balance"
08:20:57  On model.finbest.fact_client_balance: /* {"app": "dbt", "dbt_version": "1.5.11", "profile_name": "finbest", "target_name": "dev", "node_id": "model.finbest.fact_client_balance"} */
alter table "finbest"."mart"."fact_client_balance" rename to "fact_client_balance__dbt_backup"
08:20:57  SQL status: ALTER TABLE in 0.0 seconds
08:20:57  Using postgres connection "model.finbest.fact_client_balance"
08:20:57  On model.finbest.fact_client_balance: /* {"app": "dbt", "dbt_version": "1.5.11", "profile_name": "finbest", "target_name": "dev", "node_id": "model.finbest.fact_client_balance"} */
alter table "finbest"."mart"."fact_client_balance__dbt_tmp" rename to "fact_client_balance"
08:20:57  SQL status: ALTER TABLE in 0.0 seconds
08:20:57  On model.finbest.fact_client_balance: COMMIT
08:20:57  Using postgres connection "model.finbest.fact_client_balance"
08:20:57  On model.finbest.fact_client_balance: COMMIT
08:20:57  SQL status: COMMIT in 0.0 seconds
08:20:57  Using postgres connection "model.finbest.fact_client_balance"
08:20:57  On model.finbest.fact_client_balance: /* {"app": "dbt", "dbt_version": "1.5.11", "profile_name": "finbest", "target_name": "dev", "node_id": "model.finbest.fact_client_balance"} */
drop table if exists "finbest"."mart"."fact_client_balance__dbt_backup" cascade
08:20:57  SQL status: DROP TABLE in 0.0 seconds
08:20:57  Timing info for model.finbest.fact_client_balance (execute): 08:20:57.064464 => 08:20:57.100567
08:20:57  On model.finbest.fact_client_balance: Close
08:20:57  Sending event: {'category': 'dbt', 'action': 'run_model', 'label': '2b3a3a37-91e5-489d-9ca9-b4ca7f041d37', 'context': [<snowplow_tracker.self_describing_json.SelfDescribingJson object at 0x7ff6ea9fddd0>]}
08:20:57  5 of 5 OK created sql table model mart.fact_client_balance ..................... [SELECT 669 in 0.04s]
08:20:57  Finished running node model.finbest.fact_client_balance
08:20:57  Using postgres connection "master"
08:20:57  On master: BEGIN
08:20:57  Opening a new connection, currently in state closed
08:20:57  SQL status: BEGIN in 0.0 seconds
08:20:57  On master: COMMIT
08:20:57  Using postgres connection "master"
08:20:57  On master: COMMIT
08:20:57  SQL status: COMMIT in 0.0 seconds
08:20:57  On master: Close
08:20:57  Connection 'master' was properly closed.
08:20:57  Connection 'model.finbest.stg_rates' was properly closed.
08:20:57  Connection 'model.finbest.fact_client_balance' was properly closed.
08:20:57  Connection 'model.finbest.stg_transactions' was properly closed.
08:20:57  Connection 'model.finbest.int_daily_transactions' was properly closed.
08:20:57  
08:20:57  Finished running 5 table models in 0 hours 0 minutes and 0.50 seconds (0.50s).
08:20:57  Command end result
08:20:57  
08:20:57  Completed successfully
08:20:57  
08:20:57  Done. PASS=5 WARN=0 ERROR=0 SKIP=0 TOTAL=5
08:20:57  Command `dbt run` succeeded at 08:20:57.176748 after 0.67 seconds
08:20:57  Sending event: {'category': 'dbt', 'action': 'invocation', 'label': 'end', 'context': [<snowplow_tracker.self_describing_json.SelfDescribingJson object at 0x7ff6eaad6210>, <snowplow_tracker.self_describing_json.SelfDescribingJson object at 0x7ff6eaad6510>, <snowplow_tracker.self_describing_json.SelfDescribingJson object at 0x7ff6eaad6fd0>]}
08:20:57  Flushing usage events
[2025-04-27T08:20:58.582+0000] {logging_mixin.py:150} INFO - STDERR:
[2025-04-27T08:20:58.582+0000] {python.py:183} INFO - Done. Returned value was: 0
[2025-04-27T08:20:58.608+0000] {taskinstance.py:1350} INFO - Marking task as SUCCESS. dag_id=transform, task_id=dbt_run, execution_date=20250427T081853, start_date=20250427T082053, end_date=20250427T082058
[2025-04-27T08:20:58.659+0000] {local_task_job_runner.py:225} INFO - Task exited with return code 0
[2025-04-27T08:20:58.764+0000] {taskinstance.py:2653} INFO - 1 downstream tasks scheduled from follow-on schedule check
