[2025-04-27T12:37:44.122+0000] {taskinstance.py:1103} INFO - Dependencies all met for dep_context=non-requeueable deps ti=<TaskInstance: transform.dbt_run manual__2025-04-27T12:37:41.823180+00:00 [queued]>
[2025-04-27T12:37:44.127+0000] {taskinstance.py:1103} INFO - Dependencies all met for dep_context=requeueable deps ti=<TaskInstance: transform.dbt_run manual__2025-04-27T12:37:41.823180+00:00 [queued]>
[2025-04-27T12:37:44.128+0000] {taskinstance.py:1308} INFO - Starting attempt 1 of 2
[2025-04-27T12:37:44.137+0000] {taskinstance.py:1327} INFO - Executing <Task(PythonOperator): dbt_run> on 2025-04-27 12:37:41.823180+00:00
[2025-04-27T12:37:44.140+0000] {standard_task_runner.py:57} INFO - Started process 965 to run task
[2025-04-27T12:37:44.142+0000] {standard_task_runner.py:84} INFO - Running: ['airflow', 'tasks', 'run', 'transform', 'dbt_run', 'manual__2025-04-27T12:37:41.823180+00:00', '--job-id', '84', '--raw', '--subdir', 'DAGS_FOLDER/transform.py', '--cfg-path', '/tmp/tmp3d51zcmj']
[2025-04-27T12:37:44.143+0000] {standard_task_runner.py:85} INFO - Job 84: Subtask dbt_run
[2025-04-27T12:37:44.179+0000] {task_command.py:410} INFO - Running <TaskInstance: transform.dbt_run manual__2025-04-27T12:37:41.823180+00:00 [running]> on host 6780dda4d52a
[2025-04-27T12:37:44.313+0000] {taskinstance.py:1547} INFO - Exporting env vars: AIRFLOW_CTX_DAG_OWNER='finbest' AIRFLOW_CTX_DAG_ID='transform' AIRFLOW_CTX_TASK_ID='dbt_run' AIRFLOW_CTX_EXECUTION_DATE='2025-04-27T12:37:41.823180+00:00' AIRFLOW_CTX_TRY_NUMBER='1' AIRFLOW_CTX_DAG_RUN_ID='manual__2025-04-27T12:37:41.823180+00:00'
[2025-04-27T12:37:44.313+0000] {logging_mixin.py:150} INFO - Проверка существования dbt: True
[2025-04-27T12:37:44.313+0000] {logging_mixin.py:150} INFO - Содержимое каталога /dbt_project:
[2025-04-27T12:37:44.313+0000] {logging_mixin.py:150} INFO - Директория: /dbt_project
[2025-04-27T12:37:44.313+0000] {logging_mixin.py:150} INFO -   Поддиректории: ['logs', 'dbt_packages', 'models', 'target']
[2025-04-27T12:37:44.314+0000] {logging_mixin.py:150} INFO -   Файлы: ['dbt_project.yml', 'profiles.yml', '.user.yml']
[2025-04-27T12:37:44.314+0000] {logging_mixin.py:150} INFO - Директория: /dbt_project/logs
[2025-04-27T12:37:44.314+0000] {logging_mixin.py:150} INFO -   Поддиректории: []
[2025-04-27T12:37:44.314+0000] {logging_mixin.py:150} INFO -   Файлы: ['dbt.log']
[2025-04-27T12:37:44.314+0000] {logging_mixin.py:150} INFO - Директория: /dbt_project/dbt_packages
[2025-04-27T12:37:44.314+0000] {logging_mixin.py:150} INFO -   Поддиректории: []
[2025-04-27T12:37:44.314+0000] {logging_mixin.py:150} INFO -   Файлы: []
[2025-04-27T12:37:44.315+0000] {logging_mixin.py:150} INFO - Директория: /dbt_project/models
[2025-04-27T12:37:44.315+0000] {logging_mixin.py:150} INFO -   Поддиректории: ['mart', 'staging', 'intermediate']
[2025-04-27T12:37:44.315+0000] {logging_mixin.py:150} INFO -   Файлы: []
[2025-04-27T12:37:44.315+0000] {logging_mixin.py:150} INFO - Директория: /dbt_project/models/mart
[2025-04-27T12:37:44.315+0000] {logging_mixin.py:150} INFO -   Поддиректории: []
[2025-04-27T12:37:44.315+0000] {logging_mixin.py:150} INFO -   Файлы: ['fact_client_balance.sql']
[2025-04-27T12:37:44.315+0000] {logging_mixin.py:150} INFO - Директория: /dbt_project/models/staging
[2025-04-27T12:37:44.315+0000] {logging_mixin.py:150} INFO -   Поддиректории: []
[2025-04-27T12:37:44.315+0000] {logging_mixin.py:150} INFO -   Файлы: ['stg_clients.sql', 'stg_transactions.sql', 'stg_rates.sql']
[2025-04-27T12:37:44.315+0000] {logging_mixin.py:150} INFO - Директория: /dbt_project/models/intermediate
[2025-04-27T12:37:44.315+0000] {logging_mixin.py:150} INFO -   Поддиректории: []
[2025-04-27T12:37:44.315+0000] {logging_mixin.py:150} INFO -   Файлы: ['int_daily_transactions.sql']
[2025-04-27T12:37:44.316+0000] {logging_mixin.py:150} INFO - Директория: /dbt_project/target
[2025-04-27T12:37:44.316+0000] {logging_mixin.py:150} INFO -   Поддиректории: ['compiled', 'run']
[2025-04-27T12:37:44.316+0000] {logging_mixin.py:150} INFO -   Файлы: ['run_results.json', 'partial_parse.msgpack', 'manifest.json', 'graph.gpickle']
[2025-04-27T12:37:44.316+0000] {logging_mixin.py:150} INFO - Директория: /dbt_project/target/compiled
[2025-04-27T12:37:44.316+0000] {logging_mixin.py:150} INFO -   Поддиректории: ['finbest']
[2025-04-27T12:37:44.316+0000] {logging_mixin.py:150} INFO -   Файлы: []
[2025-04-27T12:37:44.316+0000] {logging_mixin.py:150} INFO - Директория: /dbt_project/target/compiled/finbest
[2025-04-27T12:37:44.316+0000] {logging_mixin.py:150} INFO -   Поддиректории: ['models']
[2025-04-27T12:37:44.316+0000] {logging_mixin.py:150} INFO -   Файлы: []
[2025-04-27T12:37:44.317+0000] {logging_mixin.py:150} INFO - Директория: /dbt_project/target/compiled/finbest/models
[2025-04-27T12:37:44.317+0000] {logging_mixin.py:150} INFO -   Поддиректории: ['mart', 'staging', 'intermediate']
[2025-04-27T12:37:44.317+0000] {logging_mixin.py:150} INFO -   Файлы: []
[2025-04-27T12:37:44.317+0000] {logging_mixin.py:150} INFO - Директория: /dbt_project/target/compiled/finbest/models/mart
[2025-04-27T12:37:44.317+0000] {logging_mixin.py:150} INFO -   Поддиректории: []
[2025-04-27T12:37:44.317+0000] {logging_mixin.py:150} INFO -   Файлы: ['fact_client_balance.sql']
[2025-04-27T12:37:44.317+0000] {logging_mixin.py:150} INFO - Директория: /dbt_project/target/compiled/finbest/models/staging
[2025-04-27T12:37:44.317+0000] {logging_mixin.py:150} INFO -   Поддиректории: []
[2025-04-27T12:37:44.317+0000] {logging_mixin.py:150} INFO -   Файлы: ['stg_clients.sql', 'stg_transactions.sql', 'stg_rates.sql']
[2025-04-27T12:37:44.318+0000] {logging_mixin.py:150} INFO - Директория: /dbt_project/target/compiled/finbest/models/intermediate
[2025-04-27T12:37:44.318+0000] {logging_mixin.py:150} INFO -   Поддиректории: []
[2025-04-27T12:37:44.318+0000] {logging_mixin.py:150} INFO -   Файлы: ['int_daily_transactions.sql']
[2025-04-27T12:37:44.318+0000] {logging_mixin.py:150} INFO - Директория: /dbt_project/target/run
[2025-04-27T12:37:44.318+0000] {logging_mixin.py:150} INFO -   Поддиректории: ['finbest']
[2025-04-27T12:37:44.318+0000] {logging_mixin.py:150} INFO -   Файлы: []
[2025-04-27T12:37:44.318+0000] {logging_mixin.py:150} INFO - Директория: /dbt_project/target/run/finbest
[2025-04-27T12:37:44.318+0000] {logging_mixin.py:150} INFO -   Поддиректории: ['models']
[2025-04-27T12:37:44.318+0000] {logging_mixin.py:150} INFO -   Файлы: []
[2025-04-27T12:37:44.319+0000] {logging_mixin.py:150} INFO - Директория: /dbt_project/target/run/finbest/models
[2025-04-27T12:37:44.319+0000] {logging_mixin.py:150} INFO -   Поддиректории: ['mart', 'staging', 'intermediate']
[2025-04-27T12:37:44.319+0000] {logging_mixin.py:150} INFO -   Файлы: []
[2025-04-27T12:37:44.319+0000] {logging_mixin.py:150} INFO - Директория: /dbt_project/target/run/finbest/models/mart
[2025-04-27T12:37:44.319+0000] {logging_mixin.py:150} INFO -   Поддиректории: []
[2025-04-27T12:37:44.319+0000] {logging_mixin.py:150} INFO -   Файлы: ['fact_client_balance.sql']
[2025-04-27T12:37:44.319+0000] {logging_mixin.py:150} INFO - Директория: /dbt_project/target/run/finbest/models/staging
[2025-04-27T12:37:44.319+0000] {logging_mixin.py:150} INFO -   Поддиректории: []
[2025-04-27T12:37:44.319+0000] {logging_mixin.py:150} INFO -   Файлы: ['stg_clients.sql', 'stg_transactions.sql', 'stg_rates.sql']
[2025-04-27T12:37:44.320+0000] {logging_mixin.py:150} INFO - Директория: /dbt_project/target/run/finbest/models/intermediate
[2025-04-27T12:37:44.320+0000] {logging_mixin.py:150} INFO -   Поддиректории: []
[2025-04-27T12:37:44.320+0000] {logging_mixin.py:150} INFO -   Файлы: ['int_daily_transactions.sql']
[2025-04-27T12:37:49.179+0000] {logging_mixin.py:150} INFO - STDOUT:
[2025-04-27T12:37:49.181+0000] {logging_mixin.py:150} INFO - 12:37:46  Sending event: {'category': 'dbt', 'action': 'invocation', 'label': 'start', 'context': [<snowplow_tracker.self_describing_json.SelfDescribingJson object at 0x7ec8dbc2b290>, <snowplow_tracker.self_describing_json.SelfDescribingJson object at 0x7ec8dbc2b250>, <snowplow_tracker.self_describing_json.SelfDescribingJson object at 0x7ec8dbc2b9d0>]}
12:37:46  Running with dbt=1.5.11
12:37:46  running dbt with arguments {'printer_width': '80', 'indirect_selection': 'eager', 'write_json': 'True', 'log_cache_events': 'False', 'partial_parse': 'True', 'cache_selected_only': 'False', 'warn_error': 'None', 'fail_fast': 'False', 'version_check': 'True', 'log_path': '/dbt_project/logs', 'profiles_dir': '/dbt_project', 'debug': 'True', 'use_colors': 'True', 'use_experimental_parser': 'False', 'no_print': 'None', 'quiet': 'False', 'log_format': 'default', 'introspect': 'True', 'static_parser': 'True', 'warn_error_options': 'WarnErrorOptions(include=[], exclude=[])', 'target_path': 'None', 'send_anonymous_usage_stats': 'True'}
12:37:46  Sending event: {'category': 'dbt', 'action': 'project_id', 'label': '344a23ff-a83f-4ee8-b3f6-0f3feeaba26a', 'context': [<snowplow_tracker.self_describing_json.SelfDescribingJson object at 0x7ec8dbc5b790>]}
12:37:46  Sending event: {'category': 'dbt', 'action': 'adapter_info', 'label': '344a23ff-a83f-4ee8-b3f6-0f3feeaba26a', 'context': [<snowplow_tracker.self_describing_json.SelfDescribingJson object at 0x7ec8d91e7fd0>]}
12:37:46  Registered adapter: postgres=1.5.11
12:37:46  checksum: 007b492a958e08141e13011e4198bea48e7f359a98b57e51b7a963fca8fc83af, vars: {}, profile: , target: , version: 1.5.11
12:37:46  Partial parsing enabled: 0 files deleted, 0 files added, 0 files changed.
12:37:46  Partial parsing enabled, no changes found, skipping parsing
12:37:46  Sending event: {'category': 'dbt', 'action': 'load_project', 'label': '344a23ff-a83f-4ee8-b3f6-0f3feeaba26a', 'context': [<snowplow_tracker.self_describing_json.SelfDescribingJson object at 0x7ec8d791db50>]}
12:37:46  Sending event: {'category': 'dbt', 'action': 'resource_counts', 'label': '344a23ff-a83f-4ee8-b3f6-0f3feeaba26a', 'context': [<snowplow_tracker.self_describing_json.SelfDescribingJson object at 0x7ec8d78b6e50>]}
12:37:46  Found 5 models, 0 tests, 0 snapshots, 0 analyses, 310 macros, 0 operations, 0 seed files, 0 sources, 0 exposures, 0 metrics, 0 groups
12:37:46  Sending event: {'category': 'dbt', 'action': 'runnable_timing', 'label': '344a23ff-a83f-4ee8-b3f6-0f3feeaba26a', 'context': [<snowplow_tracker.self_describing_json.SelfDescribingJson object at 0x7ec8d78b6dd0>]}
12:37:46  
12:37:46  Acquiring new postgres connection 'master'
12:37:46  Acquiring new postgres connection 'list_finbest'
12:37:46  Using postgres connection "list_finbest"
12:37:46  On list_finbest: /* {"app": "dbt", "dbt_version": "1.5.11", "profile_name": "finbest", "target_name": "dev", "connection_name": "list_finbest"} */

    select distinct nspname from pg_namespace
  
12:37:46  Opening a new connection, currently in state init
12:37:46  SQL status: SELECT 7 in 0.0 seconds
12:37:46  On list_finbest: Close
12:37:46  Re-using an available connection from the pool (formerly list_finbest, now list_finbest_mart)
12:37:46  Using postgres connection "list_finbest_mart"
12:37:46  On list_finbest_mart: BEGIN
12:37:46  Opening a new connection, currently in state closed
12:37:46  SQL status: BEGIN in 0.0 seconds
12:37:46  Using postgres connection "list_finbest_mart"
12:37:46  On list_finbest_mart: /* {"app": "dbt", "dbt_version": "1.5.11", "profile_name": "finbest", "target_name": "dev", "connection_name": "list_finbest_mart"} */
select
      'finbest' as database,
      tablename as name,
      schemaname as schema,
      'table' as type
    from pg_tables
    where schemaname ilike 'mart'
    union all
    select
      'finbest' as database,
      viewname as name,
      schemaname as schema,
      'view' as type
    from pg_views
    where schemaname ilike 'mart'
  
12:37:46  SQL status: SELECT 7 in 0.0 seconds
12:37:46  On list_finbest_mart: ROLLBACK
12:37:46  On list_finbest_mart: Close
12:37:46  Using postgres connection "master"
12:37:46  On master: BEGIN
12:37:46  Opening a new connection, currently in state init
12:37:46  SQL status: BEGIN in 0.0 seconds
12:37:46  Using postgres connection "master"
12:37:46  On master: /* {"app": "dbt", "dbt_version": "1.5.11", "profile_name": "finbest", "target_name": "dev", "connection_name": "master"} */
with relation as (
        select
            pg_rewrite.ev_class as class,
            pg_rewrite.oid as id
        from pg_rewrite
    ),
    class as (
        select
            oid as id,
            relname as name,
            relnamespace as schema,
            relkind as kind
        from pg_class
    ),
    dependency as (
        select distinct
            pg_depend.objid as id,
            pg_depend.refobjid as ref
        from pg_depend
    ),
    schema as (
        select
            pg_namespace.oid as id,
            pg_namespace.nspname as name
        from pg_namespace
        where nspname != 'information_schema' and nspname not like 'pg\_%'
    ),
    referenced as (
        select
            relation.id AS id,
            referenced_class.name ,
            referenced_class.schema ,
            referenced_class.kind
        from relation
        join class as referenced_class on relation.class=referenced_class.id
        where referenced_class.kind in ('r', 'v')
    ),
    relationships as (
        select
            referenced.name as referenced_name,
            referenced.schema as referenced_schema_id,
            dependent_class.name as dependent_name,
            dependent_class.schema as dependent_schema_id,
            referenced.kind as kind
        from referenced
        join dependency on referenced.id=dependency.id
        join class as dependent_class on dependency.ref=dependent_class.id
        where
            (referenced.name != dependent_class.name or
             referenced.schema != dependent_class.schema)
    )

    select
        referenced_schema.name as referenced_schema,
        relationships.referenced_name as referenced_name,
        dependent_schema.name as dependent_schema,
        relationships.dependent_name as dependent_name
    from relationships
    join schema as dependent_schema on relationships.dependent_schema_id=dependent_schema.id
    join schema as referenced_schema on relationships.referenced_schema_id=referenced_schema.id
    group by referenced_schema, referenced_name, dependent_schema, dependent_name
    order by referenced_schema, referenced_name, dependent_schema, dependent_name;
12:37:46  SQL status: SELECT 0 in 0.0 seconds
12:37:46  Sending event: {'category': 'dbt', 'action': 'runnable_timing', 'label': '344a23ff-a83f-4ee8-b3f6-0f3feeaba26a', 'context': [<snowplow_tracker.self_describing_json.SelfDescribingJson object at 0x7ec8d78cb3d0>]}
12:37:46  On master: ROLLBACK
12:37:46  Using postgres connection "master"
12:37:46  On master: BEGIN
12:37:46  SQL status: BEGIN in 0.0 seconds
12:37:46  On master: COMMIT
12:37:46  Using postgres connection "master"
12:37:46  On master: COMMIT
12:37:46  SQL status: COMMIT in 0.0 seconds
12:37:46  On master: Close
12:37:46  Concurrency: 4 threads (target='dev')
12:37:46  
12:37:46  Began running node model.finbest.stg_clients
12:37:46  Began running node model.finbest.stg_rates
12:37:46  1 of 5 START sql table model mart.stg_clients .................................. [RUN]
12:37:46  Began running node model.finbest.stg_transactions
12:37:46  2 of 5 START sql table model mart.stg_rates .................................... [RUN]
12:37:46  Re-using an available connection from the pool (formerly list_finbest_mart, now model.finbest.stg_clients)
12:37:46  3 of 5 START sql table model mart.stg_transactions ............................. [RUN]
12:37:46  Acquiring new postgres connection 'model.finbest.stg_rates'
12:37:46  Began compiling node model.finbest.stg_clients
12:37:46  Acquiring new postgres connection 'model.finbest.stg_transactions'
12:37:46  Began compiling node model.finbest.stg_rates
12:37:46  Writing injected SQL for node "model.finbest.stg_clients"
12:37:46  Began compiling node model.finbest.stg_transactions
12:37:46  Writing injected SQL for node "model.finbest.stg_rates"
12:37:46  Writing injected SQL for node "model.finbest.stg_transactions"
12:37:46  Timing info for model.finbest.stg_clients (compile): 12:37:46.878395 => 12:37:46.890589
12:37:46  Timing info for model.finbest.stg_rates (compile): 12:37:46.885361 => 12:37:46.891204
12:37:46  Timing info for model.finbest.stg_transactions (compile): 12:37:46.887808 => 12:37:46.891688
12:37:46  Began executing node model.finbest.stg_clients
12:37:46  Began executing node model.finbest.stg_rates
12:37:46  Began executing node model.finbest.stg_transactions
12:37:46  Writing runtime sql for node "model.finbest.stg_transactions"
12:37:46  Writing runtime sql for node "model.finbest.stg_rates"
12:37:46  Writing runtime sql for node "model.finbest.stg_clients"
12:37:46  Using postgres connection "model.finbest.stg_rates"
12:37:46  Using postgres connection "model.finbest.stg_transactions"
12:37:46  Using postgres connection "model.finbest.stg_clients"
12:37:46  On model.finbest.stg_rates: BEGIN
12:37:46  On model.finbest.stg_transactions: BEGIN
12:37:46  On model.finbest.stg_clients: BEGIN
12:37:46  Opening a new connection, currently in state init
12:37:46  Opening a new connection, currently in state init
12:37:46  Opening a new connection, currently in state closed
12:37:46  SQL status: BEGIN in 0.0 seconds
12:37:46  SQL status: BEGIN in 0.0 seconds
12:37:47  Using postgres connection "model.finbest.stg_rates"
12:37:47  Using postgres connection "model.finbest.stg_clients"
12:37:47  SQL status: BEGIN in 0.0 seconds
12:37:47  On model.finbest.stg_rates: /* {"app": "dbt", "dbt_version": "1.5.11", "profile_name": "finbest", "target_name": "dev", "node_id": "model.finbest.stg_rates"} */

  
    

  create  table "finbest"."mart"."stg_rates__dbt_tmp"
  
  
    as
  
  (
    select * from staging.currency_rates
  );
  
12:37:47  On model.finbest.stg_clients: /* {"app": "dbt", "dbt_version": "1.5.11", "profile_name": "finbest", "target_name": "dev", "node_id": "model.finbest.stg_clients"} */

  
    

  create  table "finbest"."mart"."stg_clients__dbt_tmp"
  
  
    as
  
  (
    select * from raw.masked_clients
  );
  
12:37:47  Using postgres connection "model.finbest.stg_transactions"
12:37:47  On model.finbest.stg_transactions: /* {"app": "dbt", "dbt_version": "1.5.11", "profile_name": "finbest", "target_name": "dev", "node_id": "model.finbest.stg_transactions"} */

  
    

  create  table "finbest"."mart"."stg_transactions__dbt_tmp"
  
  
    as
  
  (
    select * from raw.masked_transactions
  );
  
12:37:47  SQL status: SELECT 4 in 0.0 seconds
12:37:47  SQL status: SELECT 200 in 0.0 seconds
12:37:47  SQL status: SELECT 1000 in 0.0 seconds
12:37:47  Using postgres connection "model.finbest.stg_clients"
12:37:47  Using postgres connection "model.finbest.stg_rates"
12:37:47  Using postgres connection "model.finbest.stg_transactions"
12:37:47  On model.finbest.stg_clients: /* {"app": "dbt", "dbt_version": "1.5.11", "profile_name": "finbest", "target_name": "dev", "node_id": "model.finbest.stg_clients"} */
alter table "finbest"."mart"."stg_clients" rename to "stg_clients__dbt_backup"
12:37:47  On model.finbest.stg_rates: /* {"app": "dbt", "dbt_version": "1.5.11", "profile_name": "finbest", "target_name": "dev", "node_id": "model.finbest.stg_rates"} */
alter table "finbest"."mart"."stg_rates" rename to "stg_rates__dbt_backup"
12:37:47  On model.finbest.stg_transactions: /* {"app": "dbt", "dbt_version": "1.5.11", "profile_name": "finbest", "target_name": "dev", "node_id": "model.finbest.stg_transactions"} */
alter table "finbest"."mart"."stg_transactions" rename to "stg_transactions__dbt_backup"
12:37:47  SQL status: ALTER TABLE in 0.0 seconds
12:37:47  SQL status: ALTER TABLE in 0.0 seconds
12:37:47  SQL status: ALTER TABLE in 0.0 seconds
12:37:47  Using postgres connection "model.finbest.stg_rates"
12:37:47  Using postgres connection "model.finbest.stg_clients"
12:37:47  Using postgres connection "model.finbest.stg_transactions"
12:37:47  On model.finbest.stg_rates: /* {"app": "dbt", "dbt_version": "1.5.11", "profile_name": "finbest", "target_name": "dev", "node_id": "model.finbest.stg_rates"} */
alter table "finbest"."mart"."stg_rates__dbt_tmp" rename to "stg_rates"
12:37:47  On model.finbest.stg_clients: /* {"app": "dbt", "dbt_version": "1.5.11", "profile_name": "finbest", "target_name": "dev", "node_id": "model.finbest.stg_clients"} */
alter table "finbest"."mart"."stg_clients__dbt_tmp" rename to "stg_clients"
12:37:47  On model.finbest.stg_transactions: /* {"app": "dbt", "dbt_version": "1.5.11", "profile_name": "finbest", "target_name": "dev", "node_id": "model.finbest.stg_transactions"} */
alter table "finbest"."mart"."stg_transactions__dbt_tmp" rename to "stg_transactions"
12:37:47  SQL status: ALTER TABLE in 0.0 seconds
12:37:47  SQL status: ALTER TABLE in 0.0 seconds
12:37:47  SQL status: ALTER TABLE in 0.0 seconds
12:37:47  On model.finbest.stg_rates: COMMIT
12:37:47  On model.finbest.stg_transactions: COMMIT
12:37:47  On model.finbest.stg_clients: COMMIT
12:37:47  Using postgres connection "model.finbest.stg_rates"
12:37:47  Using postgres connection "model.finbest.stg_transactions"
12:37:47  Using postgres connection "model.finbest.stg_clients"
12:37:47  On model.finbest.stg_rates: COMMIT
12:37:47  On model.finbest.stg_transactions: COMMIT
12:37:47  On model.finbest.stg_clients: COMMIT
12:37:47  SQL status: COMMIT in 0.0 seconds
12:37:47  SQL status: COMMIT in 0.0 seconds
12:37:47  SQL status: COMMIT in 0.0 seconds
12:37:47  Using postgres connection "model.finbest.stg_rates"
12:37:47  Using postgres connection "model.finbest.stg_transactions"
12:37:47  Using postgres connection "model.finbest.stg_clients"
12:37:47  On model.finbest.stg_rates: /* {"app": "dbt", "dbt_version": "1.5.11", "profile_name": "finbest", "target_name": "dev", "node_id": "model.finbest.stg_rates"} */
drop table if exists "finbest"."mart"."stg_rates__dbt_backup" cascade
12:37:47  On model.finbest.stg_transactions: /* {"app": "dbt", "dbt_version": "1.5.11", "profile_name": "finbest", "target_name": "dev", "node_id": "model.finbest.stg_transactions"} */
drop table if exists "finbest"."mart"."stg_transactions__dbt_backup" cascade
12:37:47  On model.finbest.stg_clients: /* {"app": "dbt", "dbt_version": "1.5.11", "profile_name": "finbest", "target_name": "dev", "node_id": "model.finbest.stg_clients"} */
drop table if exists "finbest"."mart"."stg_clients__dbt_backup" cascade
12:37:47  SQL status: DROP TABLE in 0.0 seconds
12:37:47  SQL status: DROP TABLE in 0.0 seconds
12:37:47  SQL status: DROP TABLE in 0.0 seconds
12:37:47  Timing info for model.finbest.stg_rates (execute): 12:37:46.905056 => 12:37:47.109947
12:37:47  Timing info for model.finbest.stg_clients (execute): 12:37:46.893804 => 12:37:47.111562
12:37:47  Timing info for model.finbest.stg_transactions (execute): 12:37:46.926732 => 12:37:47.112926
12:37:47  On model.finbest.stg_rates: Close
12:37:47  On model.finbest.stg_clients: Close
12:37:47  On model.finbest.stg_transactions: Close
12:37:47  Sending event: {'category': 'dbt', 'action': 'run_model', 'label': '344a23ff-a83f-4ee8-b3f6-0f3feeaba26a', 'context': [<snowplow_tracker.self_describing_json.SelfDescribingJson object at 0x7ec8d77b8210>]}
12:37:47  Sending event: {'category': 'dbt', 'action': 'run_model', 'label': '344a23ff-a83f-4ee8-b3f6-0f3feeaba26a', 'context': [<snowplow_tracker.self_describing_json.SelfDescribingJson object at 0x7ec8d6f7edd0>]}
12:37:47  Sending event: {'category': 'dbt', 'action': 'run_model', 'label': '344a23ff-a83f-4ee8-b3f6-0f3feeaba26a', 'context': [<snowplow_tracker.self_describing_json.SelfDescribingJson object at 0x7ec8d77b2890>]}
12:37:47  2 of 5 OK created sql table model mart.stg_rates ............................... [SELECT 4 in 0.24s]
12:37:47  1 of 5 OK created sql table model mart.stg_clients ............................. [SELECT 200 in 0.24s]
12:37:47  3 of 5 OK created sql table model mart.stg_transactions ........................ [SELECT 1000 in 0.24s]
12:37:47  Finished running node model.finbest.stg_rates
12:37:47  Finished running node model.finbest.stg_clients
12:37:47  Finished running node model.finbest.stg_transactions
12:37:47  Began running node model.finbest.int_daily_transactions
12:37:47  4 of 5 START sql table model mart.int_daily_transactions ....................... [RUN]
12:37:47  Acquiring new postgres connection 'model.finbest.int_daily_transactions'
12:37:47  Began compiling node model.finbest.int_daily_transactions
12:37:47  Writing injected SQL for node "model.finbest.int_daily_transactions"
12:37:47  Timing info for model.finbest.int_daily_transactions (compile): 12:37:47.126029 => 12:37:47.129170
12:37:47  Began executing node model.finbest.int_daily_transactions
12:37:47  Writing runtime sql for node "model.finbest.int_daily_transactions"
12:37:47  Using postgres connection "model.finbest.int_daily_transactions"
12:37:47  On model.finbest.int_daily_transactions: BEGIN
12:37:47  Opening a new connection, currently in state init
12:37:47  SQL status: BEGIN in 0.0 seconds
12:37:47  Using postgres connection "model.finbest.int_daily_transactions"
12:37:47  On model.finbest.int_daily_transactions: /* {"app": "dbt", "dbt_version": "1.5.11", "profile_name": "finbest", "target_name": "dev", "node_id": "model.finbest.int_daily_transactions"} */

  
    

  create  table "finbest"."mart"."int_daily_transactions__dbt_tmp"
  
  
    as
  
  (
    with t as (
  select date(datetime) as dt, client_id, currency,
         sum(case when transaction_type='deposit' then amount end) as inflow,
         sum(case when transaction_type='withdrawal' then amount end) as outflow,
         count(*) as tx_cnt
  from "finbest"."mart"."stg_transactions"
  group by 1,2,3)
select *, inflow-outflow as net_flow from t
  );
  
12:37:47  SQL status: SELECT 669 in 0.0 seconds
12:37:47  Using postgres connection "model.finbest.int_daily_transactions"
12:37:47  On model.finbest.int_daily_transactions: /* {"app": "dbt", "dbt_version": "1.5.11", "profile_name": "finbest", "target_name": "dev", "node_id": "model.finbest.int_daily_transactions"} */
alter table "finbest"."mart"."int_daily_transactions" rename to "int_daily_transactions__dbt_backup"
12:37:47  SQL status: ALTER TABLE in 0.0 seconds
12:37:47  Using postgres connection "model.finbest.int_daily_transactions"
12:37:47  On model.finbest.int_daily_transactions: /* {"app": "dbt", "dbt_version": "1.5.11", "profile_name": "finbest", "target_name": "dev", "node_id": "model.finbest.int_daily_transactions"} */
alter table "finbest"."mart"."int_daily_transactions__dbt_tmp" rename to "int_daily_transactions"
12:37:47  SQL status: ALTER TABLE in 0.0 seconds
12:37:47  On model.finbest.int_daily_transactions: COMMIT
12:37:47  Using postgres connection "model.finbest.int_daily_transactions"
12:37:47  On model.finbest.int_daily_transactions: COMMIT
12:37:47  SQL status: COMMIT in 0.0 seconds
12:37:47  Using postgres connection "model.finbest.int_daily_transactions"
12:37:47  On model.finbest.int_daily_transactions: /* {"app": "dbt", "dbt_version": "1.5.11", "profile_name": "finbest", "target_name": "dev", "node_id": "model.finbest.int_daily_transactions"} */
drop table if exists "finbest"."mart"."int_daily_transactions__dbt_backup" cascade
12:37:47  SQL status: DROP TABLE in 0.0 seconds
12:37:47  Timing info for model.finbest.int_daily_transactions (execute): 12:37:47.130209 => 12:37:47.206955
12:37:47  On model.finbest.int_daily_transactions: Close
12:37:47  Sending event: {'category': 'dbt', 'action': 'run_model', 'label': '344a23ff-a83f-4ee8-b3f6-0f3feeaba26a', 'context': [<snowplow_tracker.self_describing_json.SelfDescribingJson object at 0x7ec8da60f710>]}
12:37:47  4 of 5 OK created sql table model mart.int_daily_transactions .................. [SELECT 669 in 0.08s]
12:37:47  Finished running node model.finbest.int_daily_transactions
12:37:47  Began running node model.finbest.fact_client_balance
12:37:47  5 of 5 START sql table model mart.fact_client_balance .......................... [RUN]
12:37:47  Re-using an available connection from the pool (formerly model.finbest.stg_clients, now model.finbest.fact_client_balance)
12:37:47  Began compiling node model.finbest.fact_client_balance
12:37:47  Writing injected SQL for node "model.finbest.fact_client_balance"
12:37:47  Timing info for model.finbest.fact_client_balance (compile): 12:37:47.212654 => 12:37:47.215657
12:37:47  Began executing node model.finbest.fact_client_balance
12:37:47  Writing runtime sql for node "model.finbest.fact_client_balance"
12:37:47  Using postgres connection "model.finbest.fact_client_balance"
12:37:47  On model.finbest.fact_client_balance: BEGIN
12:37:47  Opening a new connection, currently in state closed
12:37:47  SQL status: BEGIN in 0.0 seconds
12:37:47  Using postgres connection "model.finbest.fact_client_balance"
12:37:47  On model.finbest.fact_client_balance: /* {"app": "dbt", "dbt_version": "1.5.11", "profile_name": "finbest", "target_name": "dev", "node_id": "model.finbest.fact_client_balance"} */

  
    

  create  table "finbest"."mart"."fact_client_balance__dbt_tmp"
  
  
    as
  
  (
    select dt as date, client_id, currency,
       sum(net_flow) over (partition by client_id,currency
                           order by dt
                           rows between unbounded preceding and 1 preceding) as opening_balance,
       sum(net_flow) over (partition by client_id,currency
                           order by dt) as closing_balance,
       inflow,outflow,tx_cnt as transaction_count
from "finbest"."mart"."int_daily_transactions"
  );
  
12:37:47  SQL status: SELECT 669 in 0.0 seconds
12:37:47  Using postgres connection "model.finbest.fact_client_balance"
12:37:47  On model.finbest.fact_client_balance: /* {"app": "dbt", "dbt_version": "1.5.11", "profile_name": "finbest", "target_name": "dev", "node_id": "model.finbest.fact_client_balance"} */
alter table "finbest"."mart"."fact_client_balance" rename to "fact_client_balance__dbt_backup"
12:37:47  SQL status: ALTER TABLE in 0.0 seconds
12:37:47  Using postgres connection "model.finbest.fact_client_balance"
12:37:47  On model.finbest.fact_client_balance: /* {"app": "dbt", "dbt_version": "1.5.11", "profile_name": "finbest", "target_name": "dev", "node_id": "model.finbest.fact_client_balance"} */
alter table "finbest"."mart"."fact_client_balance__dbt_tmp" rename to "fact_client_balance"
12:37:47  SQL status: ALTER TABLE in 0.0 seconds
12:37:47  On model.finbest.fact_client_balance: COMMIT
12:37:47  Using postgres connection "model.finbest.fact_client_balance"
12:37:47  On model.finbest.fact_client_balance: COMMIT
12:37:47  SQL status: COMMIT in 0.0 seconds
12:37:47  Using postgres connection "model.finbest.fact_client_balance"
12:37:47  On model.finbest.fact_client_balance: /* {"app": "dbt", "dbt_version": "1.5.11", "profile_name": "finbest", "target_name": "dev", "node_id": "model.finbest.fact_client_balance"} */
drop table if exists "finbest"."mart"."fact_client_balance__dbt_backup" cascade
12:37:47  SQL status: DROP TABLE in 0.0 seconds
12:37:47  Timing info for model.finbest.fact_client_balance (execute): 12:37:47.216608 => 12:37:47.254337
12:37:47  On model.finbest.fact_client_balance: Close
12:37:47  Sending event: {'category': 'dbt', 'action': 'run_model', 'label': '344a23ff-a83f-4ee8-b3f6-0f3feeaba26a', 'context': [<snowplow_tracker.self_describing_json.SelfDescribingJson object at 0x7ec8d6dfd2d0>]}
12:37:47  5 of 5 OK created sql table model mart.fact_client_balance ..................... [SELECT 669 in 0.04s]
12:37:47  Finished running node model.finbest.fact_client_balance
12:37:47  Using postgres connection "master"
12:37:47  On master: BEGIN
12:37:47  Opening a new connection, currently in state closed
12:37:47  SQL status: BEGIN in 0.0 seconds
12:37:47  On master: COMMIT
12:37:47  Using postgres connection "master"
12:37:47  On master: COMMIT
12:37:47  SQL status: COMMIT in 0.0 seconds
12:37:47  On master: Close
12:37:47  Connection 'master' was properly closed.
12:37:47  Connection 'model.finbest.fact_client_balance' was properly closed.
12:37:47  Connection 'model.finbest.stg_rates' was properly closed.
12:37:47  Connection 'model.finbest.stg_transactions' was properly closed.
12:37:47  Connection 'model.finbest.int_daily_transactions' was properly closed.
12:37:47  
12:37:47  Finished running 5 table models in 0 hours 0 minutes and 0.50 seconds (0.50s).
12:37:47  Command end result
12:37:47  
12:37:47  Completed successfully
12:37:47  
12:37:47  Done. PASS=5 WARN=0 ERROR=0 SKIP=0 TOTAL=5
12:37:47  Command `dbt run` succeeded at 12:37:47.311520 after 0.65 seconds
12:37:47  Sending event: {'category': 'dbt', 'action': 'invocation', 'label': 'end', 'context': [<snowplow_tracker.self_describing_json.SelfDescribingJson object at 0x7ec8dbc2b490>, <snowplow_tracker.self_describing_json.SelfDescribingJson object at 0x7ec8dbc2b6d0>, <snowplow_tracker.self_describing_json.SelfDescribingJson object at 0x7ec8dbc2bc90>]}
12:37:47  Flushing usage events
[2025-04-27T12:37:49.181+0000] {logging_mixin.py:150} INFO - STDERR:
[2025-04-27T12:37:49.181+0000] {python.py:183} INFO - Done. Returned value was: 0
[2025-04-27T12:37:49.208+0000] {taskinstance.py:1350} INFO - Marking task as SUCCESS. dag_id=transform, task_id=dbt_run, execution_date=20250427T123741, start_date=20250427T123744, end_date=20250427T123749
[2025-04-27T12:37:49.240+0000] {local_task_job_runner.py:225} INFO - Task exited with return code 0
[2025-04-27T12:37:49.258+0000] {dagrun.py:720} ERROR - Failed to get task for ti <TaskInstance: transform.refresh_mv manual__2025-04-27T12:37:41.823180+00:00 [queued]>. Marking it as removed.
[2025-04-27T12:37:49.261+0000] {taskinstance.py:2653} INFO - 0 downstream tasks scheduled from follow-on schedule check
