[2025-05-04T20:07:16.813+0000] {taskinstance.py:1103} INFO - Dependencies all met for dep_context=non-requeueable deps ti=<TaskInstance: graph_analysis.build_graph manual__2025-05-04T19:59:02.289589+00:00 [queued]>
[2025-05-04T20:07:16.819+0000] {taskinstance.py:1103} INFO - Dependencies all met for dep_context=requeueable deps ti=<TaskInstance: graph_analysis.build_graph manual__2025-05-04T19:59:02.289589+00:00 [queued]>
[2025-05-04T20:07:16.820+0000] {taskinstance.py:1308} INFO - Starting attempt 3 of 4
[2025-05-04T20:07:16.832+0000] {taskinstance.py:1327} INFO - Executing <Task(SparkSubmitOperator): build_graph> on 2025-05-04 19:59:02.289589+00:00
[2025-05-04T20:07:16.835+0000] {standard_task_runner.py:57} INFO - Started process 5653 to run task
[2025-05-04T20:07:16.837+0000] {standard_task_runner.py:84} INFO - Running: ['airflow', 'tasks', 'run', 'graph_analysis', 'build_graph', 'manual__2025-05-04T19:59:02.289589+00:00', '--job-id', '152', '--raw', '--subdir', 'DAGS_FOLDER/graph_analysis.py', '--cfg-path', '/tmp/tmpbcs3bbtp']
[2025-05-04T20:07:16.838+0000] {standard_task_runner.py:85} INFO - Job 152: Subtask build_graph
[2025-05-04T20:07:16.851+0000] {logging_mixin.py:150} WARNING - /home/airflow/.local/lib/python3.7/site-packages/airflow/settings.py:195 DeprecationWarning: The sql_alchemy_conn option in [core] has been moved to the sql_alchemy_conn option in [database] - the old setting has been used, but please update your config.
[2025-05-04T20:07:16.884+0000] {task_command.py:410} INFO - Running <TaskInstance: graph_analysis.build_graph manual__2025-05-04T19:59:02.289589+00:00 [running]> on host 773728ee9afd
[2025-05-04T20:07:17.037+0000] {taskinstance.py:1547} INFO - Exporting env vars: AIRFLOW_CTX_DAG_OWNER='finbest' AIRFLOW_CTX_DAG_ID='graph_analysis' AIRFLOW_CTX_TASK_ID='build_graph' AIRFLOW_CTX_EXECUTION_DATE='2025-05-04T19:59:02.289589+00:00' AIRFLOW_CTX_TRY_NUMBER='3' AIRFLOW_CTX_DAG_RUN_ID='manual__2025-05-04T19:59:02.289589+00:00'
[2025-05-04T20:07:17.046+0000] {base.py:73} INFO - Using connection ID 'spark_default' for task execution.
[2025-05-04T20:07:17.047+0000] {spark_submit.py:339} INFO - Spark-Submit cmd: spark-submit --master spark://spark-master:7077 --packages org.postgresql:postgresql:42.6.0,graphframes:graphframes:0.8.3-spark3.2-s_2.12 --repositories https://repos.spark-packages.org/ --executor-cores 2 --executor-memory 2g --driver-memory 2g --name arrow-spark --verbose /opt/airflow/spark/build_graph.py --jdbc jdbc:postgresql://postgres:5432/finbest --user finbest --password ******
[2025-05-04T20:07:18.141+0000] {spark_submit.py:490} INFO - Using properties file: null
[2025-05-04T20:07:18.236+0000] {spark_submit.py:490} INFO - Parsed arguments:
[2025-05-04T20:07:18.237+0000] {spark_submit.py:490} INFO - master                  spark://spark-master:7077
[2025-05-04T20:07:18.237+0000] {spark_submit.py:490} INFO - deployMode              null
[2025-05-04T20:07:18.237+0000] {spark_submit.py:490} INFO - executorMemory          2g
[2025-05-04T20:07:18.237+0000] {spark_submit.py:490} INFO - executorCores           2
[2025-05-04T20:07:18.237+0000] {spark_submit.py:490} INFO - totalExecutorCores      null
[2025-05-04T20:07:18.237+0000] {spark_submit.py:490} INFO - propertiesFile          null
[2025-05-04T20:07:18.237+0000] {spark_submit.py:490} INFO - driverMemory            2g
[2025-05-04T20:07:18.237+0000] {spark_submit.py:490} INFO - driverCores             null
[2025-05-04T20:07:18.237+0000] {spark_submit.py:490} INFO - driverExtraClassPath    null
[2025-05-04T20:07:18.237+0000] {spark_submit.py:490} INFO - driverExtraLibraryPath  null
[2025-05-04T20:07:18.237+0000] {spark_submit.py:490} INFO - driverExtraJavaOptions  null
[2025-05-04T20:07:18.237+0000] {spark_submit.py:490} INFO - supervise               false
[2025-05-04T20:07:18.237+0000] {spark_submit.py:490} INFO - queue                   null
[2025-05-04T20:07:18.237+0000] {spark_submit.py:490} INFO - numExecutors            null
[2025-05-04T20:07:18.237+0000] {spark_submit.py:490} INFO - files                   null
[2025-05-04T20:07:18.237+0000] {spark_submit.py:490} INFO - pyFiles                 null
[2025-05-04T20:07:18.237+0000] {spark_submit.py:490} INFO - archives                null
[2025-05-04T20:07:18.237+0000] {spark_submit.py:490} INFO - mainClass               null
[2025-05-04T20:07:18.238+0000] {spark_submit.py:490} INFO - primaryResource         file:/opt/airflow/spark/build_graph.py
[2025-05-04T20:07:18.238+0000] {spark_submit.py:490} INFO - name                    arrow-spark
[2025-05-04T20:07:18.238+0000] {spark_submit.py:490} INFO - childArgs               [--jdbc jdbc:postgresql://postgres:5432/finbest --user finbest --password ***]
[2025-05-04T20:07:18.238+0000] {spark_submit.py:490} INFO - jars                    null
[2025-05-04T20:07:18.238+0000] {spark_submit.py:490} INFO - packages                org.postgresql:postgresql:42.6.0,graphframes:graphframes:0.8.3-spark3.2-s_2.12
[2025-05-04T20:07:18.238+0000] {spark_submit.py:490} INFO - packagesExclusions      null
[2025-05-04T20:07:18.238+0000] {spark_submit.py:490} INFO - repositories            https://repos.spark-packages.org/
[2025-05-04T20:07:18.238+0000] {spark_submit.py:490} INFO - verbose                 true
[2025-05-04T20:07:18.238+0000] {spark_submit.py:490} INFO - 
[2025-05-04T20:07:18.238+0000] {spark_submit.py:490} INFO - Spark properties used, including those specified through
[2025-05-04T20:07:18.238+0000] {spark_submit.py:490} INFO - --conf and those from the properties file null:
[2025-05-04T20:07:18.238+0000] {spark_submit.py:490} INFO - (spark.driver.memory,2g)
[2025-05-04T20:07:18.238+0000] {spark_submit.py:490} INFO - 
[2025-05-04T20:07:18.238+0000] {spark_submit.py:490} INFO - 
[2025-05-04T20:07:18.343+0000] {spark_submit.py:490} INFO - https://repos.spark-packages.org/ added as a remote repository with the name: repo-1
[2025-05-04T20:07:18.376+0000] {spark_submit.py:490} INFO - :: loading settings :: url = jar:file:/opt/spark/jars/ivy-2.5.0.jar!/org/apache/ivy/core/settings/ivysettings.xml
[2025-05-04T20:07:18.457+0000] {spark_submit.py:490} INFO - Ivy Default Cache set to: /home/airflow/.ivy2/cache
[2025-05-04T20:07:18.457+0000] {spark_submit.py:490} INFO - The jars for the packages stored in: /home/airflow/.ivy2/jars
[2025-05-04T20:07:18.462+0000] {spark_submit.py:490} INFO - org.postgresql#postgresql added as a dependency
[2025-05-04T20:07:18.462+0000] {spark_submit.py:490} INFO - graphframes#graphframes added as a dependency
[2025-05-04T20:07:18.463+0000] {spark_submit.py:490} INFO - :: resolving dependencies :: org.apache.spark#spark-submit-parent-b9bfe2eb-fd8b-4c08-a3f5-879bba20bdfe;1.0
[2025-05-04T20:07:18.463+0000] {spark_submit.py:490} INFO - confs: [default]
[2025-05-04T20:07:18.543+0000] {spark_submit.py:490} INFO - found org.postgresql#postgresql;42.6.0 in central
[2025-05-04T20:07:18.560+0000] {spark_submit.py:490} INFO - found org.checkerframework#checker-qual;3.31.0 in central
[2025-05-04T20:07:21.368+0000] {spark_submit.py:490} INFO - :: resolution report :: resolve 2901ms :: artifacts dl 3ms
[2025-05-04T20:07:21.368+0000] {spark_submit.py:490} INFO - :: modules in use:
[2025-05-04T20:07:21.368+0000] {spark_submit.py:490} INFO - org.checkerframework#checker-qual;3.31.0 from central in [default]
[2025-05-04T20:07:21.368+0000] {spark_submit.py:490} INFO - org.postgresql#postgresql;42.6.0 from central in [default]
[2025-05-04T20:07:21.368+0000] {spark_submit.py:490} INFO - ---------------------------------------------------------------------
[2025-05-04T20:07:21.368+0000] {spark_submit.py:490} INFO - |                  |            modules            ||   artifacts   |
[2025-05-04T20:07:21.368+0000] {spark_submit.py:490} INFO - |       conf       | number| search|dwnlded|evicted|| number|dwnlded|
[2025-05-04T20:07:21.368+0000] {spark_submit.py:490} INFO - ---------------------------------------------------------------------
[2025-05-04T20:07:21.368+0000] {spark_submit.py:490} INFO - |      default     |   3   |   0   |   0   |   0   ||   2   |   0   |
[2025-05-04T20:07:21.368+0000] {spark_submit.py:490} INFO - ---------------------------------------------------------------------
[2025-05-04T20:07:21.370+0000] {spark_submit.py:490} INFO - 
[2025-05-04T20:07:21.370+0000] {spark_submit.py:490} INFO - :: problems summary ::
[2025-05-04T20:07:21.370+0000] {spark_submit.py:490} INFO - :::: WARNINGS
[2025-05-04T20:07:21.370+0000] {spark_submit.py:490} INFO - module not found: graphframes#graphframes;0.8.3-spark3.2-s_2.12
[2025-05-04T20:07:21.370+0000] {spark_submit.py:490} INFO - 
[2025-05-04T20:07:21.370+0000] {spark_submit.py:490} INFO - ==== local-m2-cache: tried
[2025-05-04T20:07:21.370+0000] {spark_submit.py:490} INFO - 
[2025-05-04T20:07:21.370+0000] {spark_submit.py:490} INFO - file:/home/airflow/.m2/repository/graphframes/graphframes/0.8.3-spark3.2-s_2.12/graphframes-0.8.3-spark3.2-s_2.12.pom
[2025-05-04T20:07:21.370+0000] {spark_submit.py:490} INFO - 
[2025-05-04T20:07:21.370+0000] {spark_submit.py:490} INFO - -- artifact graphframes#graphframes;0.8.3-spark3.2-s_2.12!graphframes.jar:
[2025-05-04T20:07:21.370+0000] {spark_submit.py:490} INFO - 
[2025-05-04T20:07:21.370+0000] {spark_submit.py:490} INFO - file:/home/airflow/.m2/repository/graphframes/graphframes/0.8.3-spark3.2-s_2.12/graphframes-0.8.3-spark3.2-s_2.12.jar
[2025-05-04T20:07:21.370+0000] {spark_submit.py:490} INFO - 
[2025-05-04T20:07:21.370+0000] {spark_submit.py:490} INFO - ==== local-ivy-cache: tried
[2025-05-04T20:07:21.370+0000] {spark_submit.py:490} INFO - 
[2025-05-04T20:07:21.370+0000] {spark_submit.py:490} INFO - /home/airflow/.ivy2/local/graphframes/graphframes/0.8.3-spark3.2-s_2.12/ivys/ivy.xml
[2025-05-04T20:07:21.371+0000] {spark_submit.py:490} INFO - 
[2025-05-04T20:07:21.371+0000] {spark_submit.py:490} INFO - -- artifact graphframes#graphframes;0.8.3-spark3.2-s_2.12!graphframes.jar:
[2025-05-04T20:07:21.371+0000] {spark_submit.py:490} INFO - 
[2025-05-04T20:07:21.371+0000] {spark_submit.py:490} INFO - /home/airflow/.ivy2/local/graphframes/graphframes/0.8.3-spark3.2-s_2.12/jars/graphframes.jar
[2025-05-04T20:07:21.371+0000] {spark_submit.py:490} INFO - 
[2025-05-04T20:07:21.371+0000] {spark_submit.py:490} INFO - ==== central: tried
[2025-05-04T20:07:21.371+0000] {spark_submit.py:490} INFO - 
[2025-05-04T20:07:21.371+0000] {spark_submit.py:490} INFO - https://repo1.maven.org/maven2/graphframes/graphframes/0.8.3-spark3.2-s_2.12/graphframes-0.8.3-spark3.2-s_2.12.pom
[2025-05-04T20:07:21.371+0000] {spark_submit.py:490} INFO - 
[2025-05-04T20:07:21.371+0000] {spark_submit.py:490} INFO - -- artifact graphframes#graphframes;0.8.3-spark3.2-s_2.12!graphframes.jar:
[2025-05-04T20:07:21.371+0000] {spark_submit.py:490} INFO - 
[2025-05-04T20:07:21.371+0000] {spark_submit.py:490} INFO - https://repo1.maven.org/maven2/graphframes/graphframes/0.8.3-spark3.2-s_2.12/graphframes-0.8.3-spark3.2-s_2.12.jar
[2025-05-04T20:07:21.371+0000] {spark_submit.py:490} INFO - 
[2025-05-04T20:07:21.371+0000] {spark_submit.py:490} INFO - ==== spark-packages: tried
[2025-05-04T20:07:21.371+0000] {spark_submit.py:490} INFO - 
[2025-05-04T20:07:21.371+0000] {spark_submit.py:490} INFO - https://repos.spark-packages.org/graphframes/graphframes/0.8.3-spark3.2-s_2.12/graphframes-0.8.3-spark3.2-s_2.12.pom
[2025-05-04T20:07:21.371+0000] {spark_submit.py:490} INFO - 
[2025-05-04T20:07:21.371+0000] {spark_submit.py:490} INFO - -- artifact graphframes#graphframes;0.8.3-spark3.2-s_2.12!graphframes.jar:
[2025-05-04T20:07:21.371+0000] {spark_submit.py:490} INFO - 
[2025-05-04T20:07:21.372+0000] {spark_submit.py:490} INFO - https://repos.spark-packages.org/graphframes/graphframes/0.8.3-spark3.2-s_2.12/graphframes-0.8.3-spark3.2-s_2.12.jar
[2025-05-04T20:07:21.372+0000] {spark_submit.py:490} INFO - 
[2025-05-04T20:07:21.372+0000] {spark_submit.py:490} INFO - ==== repo-1: tried
[2025-05-04T20:07:21.372+0000] {spark_submit.py:490} INFO - 
[2025-05-04T20:07:21.372+0000] {spark_submit.py:490} INFO - https://repos.spark-packages.org/graphframes/graphframes/0.8.3-spark3.2-s_2.12/graphframes-0.8.3-spark3.2-s_2.12.pom
[2025-05-04T20:07:21.372+0000] {spark_submit.py:490} INFO - 
[2025-05-04T20:07:21.372+0000] {spark_submit.py:490} INFO - -- artifact graphframes#graphframes;0.8.3-spark3.2-s_2.12!graphframes.jar:
[2025-05-04T20:07:21.372+0000] {spark_submit.py:490} INFO - 
[2025-05-04T20:07:21.372+0000] {spark_submit.py:490} INFO - https://repos.spark-packages.org/graphframes/graphframes/0.8.3-spark3.2-s_2.12/graphframes-0.8.3-spark3.2-s_2.12.jar
[2025-05-04T20:07:21.372+0000] {spark_submit.py:490} INFO - 
[2025-05-04T20:07:21.372+0000] {spark_submit.py:490} INFO - ::::::::::::::::::::::::::::::::::::::::::::::
[2025-05-04T20:07:21.372+0000] {spark_submit.py:490} INFO - 
[2025-05-04T20:07:21.372+0000] {spark_submit.py:490} INFO - ::          UNRESOLVED DEPENDENCIES         ::
[2025-05-04T20:07:21.372+0000] {spark_submit.py:490} INFO - 
[2025-05-04T20:07:21.372+0000] {spark_submit.py:490} INFO - ::::::::::::::::::::::::::::::::::::::::::::::
[2025-05-04T20:07:21.372+0000] {spark_submit.py:490} INFO - 
[2025-05-04T20:07:21.372+0000] {spark_submit.py:490} INFO - :: graphframes#graphframes;0.8.3-spark3.2-s_2.12: not found
[2025-05-04T20:07:21.372+0000] {spark_submit.py:490} INFO - 
[2025-05-04T20:07:21.372+0000] {spark_submit.py:490} INFO - ::::::::::::::::::::::::::::::::::::::::::::::
[2025-05-04T20:07:21.372+0000] {spark_submit.py:490} INFO - 
[2025-05-04T20:07:21.373+0000] {spark_submit.py:490} INFO - 
[2025-05-04T20:07:21.373+0000] {spark_submit.py:490} INFO - 
[2025-05-04T20:07:21.373+0000] {spark_submit.py:490} INFO - :: USE VERBOSE OR DEBUG MESSAGE LEVEL FOR MORE DETAILS
[2025-05-04T20:07:21.373+0000] {spark_submit.py:490} INFO - Exception in thread "main" java.lang.RuntimeException: [unresolved dependency: graphframes#graphframes;0.8.3-spark3.2-s_2.12: not found]
[2025-05-04T20:07:21.373+0000] {spark_submit.py:490} INFO - at org.apache.spark.deploy.SparkSubmitUtils$.resolveMavenCoordinates(SparkSubmit.scala:1456)
[2025-05-04T20:07:21.373+0000] {spark_submit.py:490} INFO - at org.apache.spark.util.DependencyUtils$.resolveMavenDependencies(DependencyUtils.scala:185)
[2025-05-04T20:07:21.373+0000] {spark_submit.py:490} INFO - at org.apache.spark.deploy.SparkSubmit.prepareSubmitEnvironment(SparkSubmit.scala:308)
[2025-05-04T20:07:21.373+0000] {spark_submit.py:490} INFO - at org.apache.spark.deploy.SparkSubmit.org$apache$spark$deploy$SparkSubmit$$runMain(SparkSubmit.scala:901)
[2025-05-04T20:07:21.373+0000] {spark_submit.py:490} INFO - at org.apache.spark.deploy.SparkSubmit.doRunMain$1(SparkSubmit.scala:180)
[2025-05-04T20:07:21.373+0000] {spark_submit.py:490} INFO - at org.apache.spark.deploy.SparkSubmit.submit(SparkSubmit.scala:203)
[2025-05-04T20:07:21.373+0000] {spark_submit.py:490} INFO - at org.apache.spark.deploy.SparkSubmit.doSubmit(SparkSubmit.scala:90)
[2025-05-04T20:07:21.373+0000] {spark_submit.py:490} INFO - at org.apache.spark.deploy.SparkSubmit$$anon$2.doSubmit(SparkSubmit.scala:1046)
[2025-05-04T20:07:21.373+0000] {spark_submit.py:490} INFO - at org.apache.spark.deploy.SparkSubmit$.main(SparkSubmit.scala:1055)
[2025-05-04T20:07:21.373+0000] {spark_submit.py:490} INFO - at org.apache.spark.deploy.SparkSubmit.main(SparkSubmit.scala)
[2025-05-04T20:07:21.423+0000] {local_task_job_runner.py:225} INFO - Task exited with return code 0
[2025-05-04T20:07:21.446+0000] {taskinstance.py:2653} INFO - 0 downstream tasks scheduled from follow-on schedule check
