[2025-04-27T08:16:49.675+0000] {taskinstance.py:1103} INFO - Dependencies all met for dep_context=non-requeueable deps ti=<TaskInstance: transform.detect_suspicious manual__2025-04-27T08:16:40.124228+00:00 [queued]>
[2025-04-27T08:16:49.681+0000] {taskinstance.py:1103} INFO - Dependencies all met for dep_context=requeueable deps ti=<TaskInstance: transform.detect_suspicious manual__2025-04-27T08:16:40.124228+00:00 [queued]>
[2025-04-27T08:16:49.682+0000] {taskinstance.py:1308} INFO - Starting attempt 1 of 2
[2025-04-27T08:16:49.692+0000] {taskinstance.py:1327} INFO - Executing <Task(SparkSubmitOperator): detect_suspicious> on 2025-04-27 08:16:40.124228+00:00
[2025-04-27T08:16:49.695+0000] {standard_task_runner.py:57} INFO - Started process 7882 to run task
[2025-04-27T08:16:49.697+0000] {standard_task_runner.py:84} INFO - Running: ['airflow', 'tasks', 'run', 'transform', 'detect_suspicious', 'manual__2025-04-27T08:16:40.124228+00:00', '--job-id', '22', '--raw', '--subdir', 'DAGS_FOLDER/transform.py', '--cfg-path', '/tmp/tmpy_gst77t']
[2025-04-27T08:16:49.698+0000] {standard_task_runner.py:85} INFO - Job 22: Subtask detect_suspicious
[2025-04-27T08:16:49.736+0000] {task_command.py:410} INFO - Running <TaskInstance: transform.detect_suspicious manual__2025-04-27T08:16:40.124228+00:00 [running]> on host c82426b22b9f
[2025-04-27T08:16:49.875+0000] {taskinstance.py:1547} INFO - Exporting env vars: AIRFLOW_CTX_DAG_OWNER='finbest' AIRFLOW_CTX_DAG_ID='transform' AIRFLOW_CTX_TASK_ID='detect_suspicious' AIRFLOW_CTX_EXECUTION_DATE='2025-04-27T08:16:40.124228+00:00' AIRFLOW_CTX_TRY_NUMBER='1' AIRFLOW_CTX_DAG_RUN_ID='manual__2025-04-27T08:16:40.124228+00:00'
[2025-04-27T08:16:49.883+0000] {base.py:73} INFO - Using connection ID 'spark_default' for task execution.
[2025-04-27T08:16:49.884+0000] {spark_submit.py:339} INFO - Spark-Submit cmd: spark-submit --master spark://spark-master:7077 --packages org.postgresql:postgresql:42.6.0,ru.yandex.clickhouse:clickhouse-jdbc:0.3.2 --executor-cores 2 --executor-memory 2g --driver-memory 1g --name arrow-spark /opt/airflow/spark/detect_suspicious.py --jdbc jdbc:postgresql://postgres:5432/finbest --clickhouse-url jdbc:clickhouse://clickhouse:8123/finbest
[2025-04-27T08:16:51.413+0000] {spark_submit.py:490} INFO - :: loading settings :: url = jar:file:/opt/spark/jars/ivy-2.5.0.jar!/org/apache/ivy/core/settings/ivysettings.xml
[2025-04-27T08:16:51.501+0000] {spark_submit.py:490} INFO - Ivy Default Cache set to: /home/airflow/.ivy2/cache
[2025-04-27T08:16:51.501+0000] {spark_submit.py:490} INFO - The jars for the packages stored in: /home/airflow/.ivy2/jars
[2025-04-27T08:16:51.507+0000] {spark_submit.py:490} INFO - org.postgresql#postgresql added as a dependency
[2025-04-27T08:16:51.507+0000] {spark_submit.py:490} INFO - ru.yandex.clickhouse#clickhouse-jdbc added as a dependency
[2025-04-27T08:16:51.509+0000] {spark_submit.py:490} INFO - :: resolving dependencies :: org.apache.spark#spark-submit-parent-7679465b-fc4f-4e2c-b016-b4baa4b0e8f3;1.0
[2025-04-27T08:16:51.509+0000] {spark_submit.py:490} INFO - confs: [default]
[2025-04-27T08:16:51.597+0000] {spark_submit.py:490} INFO - found org.postgresql#postgresql;42.6.0 in central
[2025-04-27T08:16:51.623+0000] {spark_submit.py:490} INFO - found org.checkerframework#checker-qual;3.31.0 in central
[2025-04-27T08:16:51.638+0000] {spark_submit.py:490} INFO - found ru.yandex.clickhouse#clickhouse-jdbc;0.3.2 in central
[2025-04-27T08:16:51.654+0000] {spark_submit.py:490} INFO - found com.clickhouse#clickhouse-http-client;0.3.2 in central
[2025-04-27T08:16:51.684+0000] {spark_submit.py:490} INFO - found com.clickhouse#clickhouse-client;0.3.2 in central
[2025-04-27T08:16:51.698+0000] {spark_submit.py:490} INFO - found org.lz4#lz4-java;1.8.0 in central
[2025-04-27T08:16:51.717+0000] {spark_submit.py:490} INFO - found com.google.code.gson#gson;2.8.8 in central
[2025-04-27T08:16:51.737+0000] {spark_submit.py:490} INFO - found org.apache.httpcomponents#httpclient;4.5.13 in central
[2025-04-27T08:16:51.754+0000] {spark_submit.py:490} INFO - found org.apache.httpcomponents#httpcore;4.4.13 in central
[2025-04-27T08:16:51.771+0000] {spark_submit.py:490} INFO - found commons-logging#commons-logging;1.2 in central
[2025-04-27T08:16:51.787+0000] {spark_submit.py:490} INFO - found commons-codec#commons-codec;1.11 in central
[2025-04-27T08:16:51.803+0000] {spark_submit.py:490} INFO - found org.apache.httpcomponents#httpmime;4.5.13 in central
[2025-04-27T08:16:51.829+0000] {spark_submit.py:490} INFO - :: resolution report :: resolve 307ms :: artifacts dl 13ms
[2025-04-27T08:16:51.830+0000] {spark_submit.py:490} INFO - :: modules in use:
[2025-04-27T08:16:51.830+0000] {spark_submit.py:490} INFO - com.clickhouse#clickhouse-client;0.3.2 from central in [default]
[2025-04-27T08:16:51.830+0000] {spark_submit.py:490} INFO - com.clickhouse#clickhouse-http-client;0.3.2 from central in [default]
[2025-04-27T08:16:51.830+0000] {spark_submit.py:490} INFO - com.google.code.gson#gson;2.8.8 from central in [default]
[2025-04-27T08:16:51.830+0000] {spark_submit.py:490} INFO - commons-codec#commons-codec;1.11 from central in [default]
[2025-04-27T08:16:51.830+0000] {spark_submit.py:490} INFO - commons-logging#commons-logging;1.2 from central in [default]
[2025-04-27T08:16:51.830+0000] {spark_submit.py:490} INFO - org.apache.httpcomponents#httpclient;4.5.13 from central in [default]
[2025-04-27T08:16:51.830+0000] {spark_submit.py:490} INFO - org.apache.httpcomponents#httpcore;4.4.13 from central in [default]
[2025-04-27T08:16:51.830+0000] {spark_submit.py:490} INFO - org.apache.httpcomponents#httpmime;4.5.13 from central in [default]
[2025-04-27T08:16:51.831+0000] {spark_submit.py:490} INFO - org.checkerframework#checker-qual;3.31.0 from central in [default]
[2025-04-27T08:16:51.831+0000] {spark_submit.py:490} INFO - org.lz4#lz4-java;1.8.0 from central in [default]
[2025-04-27T08:16:51.831+0000] {spark_submit.py:490} INFO - org.postgresql#postgresql;42.6.0 from central in [default]
[2025-04-27T08:16:51.831+0000] {spark_submit.py:490} INFO - ru.yandex.clickhouse#clickhouse-jdbc;0.3.2 from central in [default]
[2025-04-27T08:16:51.831+0000] {spark_submit.py:490} INFO - ---------------------------------------------------------------------
[2025-04-27T08:16:51.831+0000] {spark_submit.py:490} INFO - |                  |            modules            ||   artifacts   |
[2025-04-27T08:16:51.831+0000] {spark_submit.py:490} INFO - |       conf       | number| search|dwnlded|evicted|| number|dwnlded|
[2025-04-27T08:16:51.831+0000] {spark_submit.py:490} INFO - ---------------------------------------------------------------------
[2025-04-27T08:16:51.831+0000] {spark_submit.py:490} INFO - |      default     |   12  |   0   |   0   |   0   ||   12  |   0   |
[2025-04-27T08:16:51.831+0000] {spark_submit.py:490} INFO - ---------------------------------------------------------------------
[2025-04-27T08:16:51.836+0000] {spark_submit.py:490} INFO - :: retrieving :: org.apache.spark#spark-submit-parent-7679465b-fc4f-4e2c-b016-b4baa4b0e8f3
[2025-04-27T08:16:51.836+0000] {spark_submit.py:490} INFO - confs: [default]
[2025-04-27T08:16:51.843+0000] {spark_submit.py:490} INFO - 0 artifacts copied, 12 already retrieved (0kB/7ms)
[2025-04-27T08:16:52.046+0000] {spark_submit.py:490} INFO - 25/04/27 08:16:52 WARN NativeCodeLoader: Unable to load native-hadoop library for your platform... using builtin-java classes where applicable
[2025-04-27T08:16:52.845+0000] {spark_submit.py:490} INFO - 25/04/27 08:16:52 INFO SparkContext: Running Spark version 3.3.0
[2025-04-27T08:16:52.862+0000] {spark_submit.py:490} INFO - 25/04/27 08:16:52 INFO ResourceUtils: ==============================================================
[2025-04-27T08:16:52.863+0000] {spark_submit.py:490} INFO - 25/04/27 08:16:52 INFO ResourceUtils: No custom resources configured for spark.driver.
[2025-04-27T08:16:52.863+0000] {spark_submit.py:490} INFO - 25/04/27 08:16:52 INFO ResourceUtils: ==============================================================
[2025-04-27T08:16:52.863+0000] {spark_submit.py:490} INFO - 25/04/27 08:16:52 INFO SparkContext: Submitted application: FinBestDetect
[2025-04-27T08:16:52.881+0000] {spark_submit.py:490} INFO - 25/04/27 08:16:52 INFO ResourceProfile: Default ResourceProfile created, executor resources: Map(cores -> name: cores, amount: 2, script: , vendor: , memory -> name: memory, amount: 2048, script: , vendor: , offHeap -> name: offHeap, amount: 0, script: , vendor: ), task resources: Map(cpus -> name: cpus, amount: 1.0)
[2025-04-27T08:16:52.890+0000] {spark_submit.py:490} INFO - 25/04/27 08:16:52 INFO ResourceProfile: Limiting resource is cpus at 2 tasks per executor
[2025-04-27T08:16:52.892+0000] {spark_submit.py:490} INFO - 25/04/27 08:16:52 INFO ResourceProfileManager: Added ResourceProfile id: 0
[2025-04-27T08:16:52.943+0000] {spark_submit.py:490} INFO - 25/04/27 08:16:52 INFO SecurityManager: Changing view acls to: airflow
[2025-04-27T08:16:52.944+0000] {spark_submit.py:490} INFO - 25/04/27 08:16:52 INFO SecurityManager: Changing modify acls to: airflow
[2025-04-27T08:16:52.944+0000] {spark_submit.py:490} INFO - 25/04/27 08:16:52 INFO SecurityManager: Changing view acls groups to:
[2025-04-27T08:16:52.944+0000] {spark_submit.py:490} INFO - 25/04/27 08:16:52 INFO SecurityManager: Changing modify acls groups to:
[2025-04-27T08:16:52.944+0000] {spark_submit.py:490} INFO - 25/04/27 08:16:52 INFO SecurityManager: SecurityManager: authentication disabled; ui acls disabled; users  with view permissions: Set(airflow); groups with view permissions: Set(); users  with modify permissions: Set(airflow); groups with modify permissions: Set()
[2025-04-27T08:16:53.186+0000] {spark_submit.py:490} INFO - 25/04/27 08:16:53 INFO Utils: Successfully started service 'sparkDriver' on port 37255.
[2025-04-27T08:16:53.212+0000] {spark_submit.py:490} INFO - 25/04/27 08:16:53 INFO SparkEnv: Registering MapOutputTracker
[2025-04-27T08:16:53.241+0000] {spark_submit.py:490} INFO - 25/04/27 08:16:53 INFO SparkEnv: Registering BlockManagerMaster
[2025-04-27T08:16:53.255+0000] {spark_submit.py:490} INFO - 25/04/27 08:16:53 INFO BlockManagerMasterEndpoint: Using org.apache.spark.storage.DefaultTopologyMapper for getting topology information
[2025-04-27T08:16:53.256+0000] {spark_submit.py:490} INFO - 25/04/27 08:16:53 INFO BlockManagerMasterEndpoint: BlockManagerMasterEndpoint up
[2025-04-27T08:16:53.259+0000] {spark_submit.py:490} INFO - 25/04/27 08:16:53 INFO SparkEnv: Registering BlockManagerMasterHeartbeat
[2025-04-27T08:16:53.278+0000] {spark_submit.py:490} INFO - 25/04/27 08:16:53 INFO DiskBlockManager: Created local directory at /tmp/blockmgr-7680b0e0-d262-453b-87a8-cc58f741088d
[2025-04-27T08:16:53.292+0000] {spark_submit.py:490} INFO - 25/04/27 08:16:53 INFO MemoryStore: MemoryStore started with capacity 434.4 MiB
[2025-04-27T08:16:53.306+0000] {spark_submit.py:490} INFO - 25/04/27 08:16:53 INFO SparkEnv: Registering OutputCommitCoordinator
[2025-04-27T08:16:53.466+0000] {spark_submit.py:490} INFO - 25/04/27 08:16:53 INFO Utils: Successfully started service 'SparkUI' on port 4040.
[2025-04-27T08:16:53.503+0000] {spark_submit.py:490} INFO - 25/04/27 08:16:53 INFO SparkContext: Added JAR file:///home/airflow/.ivy2/jars/org.postgresql_postgresql-42.6.0.jar at spark://c82426b22b9f:37255/jars/org.postgresql_postgresql-42.6.0.jar with timestamp 1745741812837
[2025-04-27T08:16:53.504+0000] {spark_submit.py:490} INFO - 25/04/27 08:16:53 INFO SparkContext: Added JAR file:///home/airflow/.ivy2/jars/ru.yandex.clickhouse_clickhouse-jdbc-0.3.2.jar at spark://c82426b22b9f:37255/jars/ru.yandex.clickhouse_clickhouse-jdbc-0.3.2.jar with timestamp 1745741812837
[2025-04-27T08:16:53.504+0000] {spark_submit.py:490} INFO - 25/04/27 08:16:53 INFO SparkContext: Added JAR file:///home/airflow/.ivy2/jars/org.checkerframework_checker-qual-3.31.0.jar at spark://c82426b22b9f:37255/jars/org.checkerframework_checker-qual-3.31.0.jar with timestamp 1745741812837
[2025-04-27T08:16:53.504+0000] {spark_submit.py:490} INFO - 25/04/27 08:16:53 INFO SparkContext: Added JAR file:///home/airflow/.ivy2/jars/com.clickhouse_clickhouse-http-client-0.3.2.jar at spark://c82426b22b9f:37255/jars/com.clickhouse_clickhouse-http-client-0.3.2.jar with timestamp 1745741812837
[2025-04-27T08:16:53.504+0000] {spark_submit.py:490} INFO - 25/04/27 08:16:53 INFO SparkContext: Added JAR file:///home/airflow/.ivy2/jars/com.google.code.gson_gson-2.8.8.jar at spark://c82426b22b9f:37255/jars/com.google.code.gson_gson-2.8.8.jar with timestamp 1745741812837
[2025-04-27T08:16:53.504+0000] {spark_submit.py:490} INFO - 25/04/27 08:16:53 INFO SparkContext: Added JAR file:///home/airflow/.ivy2/jars/org.apache.httpcomponents_httpclient-4.5.13.jar at spark://c82426b22b9f:37255/jars/org.apache.httpcomponents_httpclient-4.5.13.jar with timestamp 1745741812837
[2025-04-27T08:16:53.504+0000] {spark_submit.py:490} INFO - 25/04/27 08:16:53 INFO SparkContext: Added JAR file:///home/airflow/.ivy2/jars/org.apache.httpcomponents_httpmime-4.5.13.jar at spark://c82426b22b9f:37255/jars/org.apache.httpcomponents_httpmime-4.5.13.jar with timestamp 1745741812837
[2025-04-27T08:16:53.504+0000] {spark_submit.py:490} INFO - 25/04/27 08:16:53 INFO SparkContext: Added JAR file:///home/airflow/.ivy2/jars/org.lz4_lz4-java-1.8.0.jar at spark://c82426b22b9f:37255/jars/org.lz4_lz4-java-1.8.0.jar with timestamp 1745741812837
[2025-04-27T08:16:53.504+0000] {spark_submit.py:490} INFO - 25/04/27 08:16:53 INFO SparkContext: Added JAR file:///home/airflow/.ivy2/jars/com.clickhouse_clickhouse-client-0.3.2.jar at spark://c82426b22b9f:37255/jars/com.clickhouse_clickhouse-client-0.3.2.jar with timestamp 1745741812837
[2025-04-27T08:16:53.504+0000] {spark_submit.py:490} INFO - 25/04/27 08:16:53 INFO SparkContext: Added JAR file:///home/airflow/.ivy2/jars/org.apache.httpcomponents_httpcore-4.4.13.jar at spark://c82426b22b9f:37255/jars/org.apache.httpcomponents_httpcore-4.4.13.jar with timestamp 1745741812837
[2025-04-27T08:16:53.504+0000] {spark_submit.py:490} INFO - 25/04/27 08:16:53 INFO SparkContext: Added JAR file:///home/airflow/.ivy2/jars/commons-logging_commons-logging-1.2.jar at spark://c82426b22b9f:37255/jars/commons-logging_commons-logging-1.2.jar with timestamp 1745741812837
[2025-04-27T08:16:53.504+0000] {spark_submit.py:490} INFO - 25/04/27 08:16:53 INFO SparkContext: Added JAR file:///home/airflow/.ivy2/jars/commons-codec_commons-codec-1.11.jar at spark://c82426b22b9f:37255/jars/commons-codec_commons-codec-1.11.jar with timestamp 1745741812837
[2025-04-27T08:16:53.506+0000] {spark_submit.py:490} INFO - 25/04/27 08:16:53 INFO SparkContext: Added file file:///home/airflow/.ivy2/jars/org.postgresql_postgresql-42.6.0.jar at spark://c82426b22b9f:37255/files/org.postgresql_postgresql-42.6.0.jar with timestamp 1745741812837
[2025-04-27T08:16:53.508+0000] {spark_submit.py:490} INFO - 25/04/27 08:16:53 INFO Utils: Copying /home/airflow/.ivy2/jars/org.postgresql_postgresql-42.6.0.jar to /tmp/spark-4b78b679-ca51-4902-93f0-7ef9ee449d61/userFiles-3302a487-25de-4510-94eb-bf1766e0cd81/org.postgresql_postgresql-42.6.0.jar
[2025-04-27T08:16:53.517+0000] {spark_submit.py:490} INFO - 25/04/27 08:16:53 INFO SparkContext: Added file file:///home/airflow/.ivy2/jars/ru.yandex.clickhouse_clickhouse-jdbc-0.3.2.jar at spark://c82426b22b9f:37255/files/ru.yandex.clickhouse_clickhouse-jdbc-0.3.2.jar with timestamp 1745741812837
[2025-04-27T08:16:53.517+0000] {spark_submit.py:490} INFO - 25/04/27 08:16:53 INFO Utils: Copying /home/airflow/.ivy2/jars/ru.yandex.clickhouse_clickhouse-jdbc-0.3.2.jar to /tmp/spark-4b78b679-ca51-4902-93f0-7ef9ee449d61/userFiles-3302a487-25de-4510-94eb-bf1766e0cd81/ru.yandex.clickhouse_clickhouse-jdbc-0.3.2.jar
[2025-04-27T08:16:53.520+0000] {spark_submit.py:490} INFO - 25/04/27 08:16:53 INFO SparkContext: Added file file:///home/airflow/.ivy2/jars/org.checkerframework_checker-qual-3.31.0.jar at spark://c82426b22b9f:37255/files/org.checkerframework_checker-qual-3.31.0.jar with timestamp 1745741812837
[2025-04-27T08:16:53.521+0000] {spark_submit.py:490} INFO - 25/04/27 08:16:53 INFO Utils: Copying /home/airflow/.ivy2/jars/org.checkerframework_checker-qual-3.31.0.jar to /tmp/spark-4b78b679-ca51-4902-93f0-7ef9ee449d61/userFiles-3302a487-25de-4510-94eb-bf1766e0cd81/org.checkerframework_checker-qual-3.31.0.jar
[2025-04-27T08:16:53.524+0000] {spark_submit.py:490} INFO - 25/04/27 08:16:53 INFO SparkContext: Added file file:///home/airflow/.ivy2/jars/com.clickhouse_clickhouse-http-client-0.3.2.jar at spark://c82426b22b9f:37255/files/com.clickhouse_clickhouse-http-client-0.3.2.jar with timestamp 1745741812837
[2025-04-27T08:16:53.524+0000] {spark_submit.py:490} INFO - 25/04/27 08:16:53 INFO Utils: Copying /home/airflow/.ivy2/jars/com.clickhouse_clickhouse-http-client-0.3.2.jar to /tmp/spark-4b78b679-ca51-4902-93f0-7ef9ee449d61/userFiles-3302a487-25de-4510-94eb-bf1766e0cd81/com.clickhouse_clickhouse-http-client-0.3.2.jar
[2025-04-27T08:16:53.527+0000] {spark_submit.py:490} INFO - 25/04/27 08:16:53 INFO SparkContext: Added file file:///home/airflow/.ivy2/jars/com.google.code.gson_gson-2.8.8.jar at spark://c82426b22b9f:37255/files/com.google.code.gson_gson-2.8.8.jar with timestamp 1745741812837
[2025-04-27T08:16:53.527+0000] {spark_submit.py:490} INFO - 25/04/27 08:16:53 INFO Utils: Copying /home/airflow/.ivy2/jars/com.google.code.gson_gson-2.8.8.jar to /tmp/spark-4b78b679-ca51-4902-93f0-7ef9ee449d61/userFiles-3302a487-25de-4510-94eb-bf1766e0cd81/com.google.code.gson_gson-2.8.8.jar
[2025-04-27T08:16:53.530+0000] {spark_submit.py:490} INFO - 25/04/27 08:16:53 INFO SparkContext: Added file file:///home/airflow/.ivy2/jars/org.apache.httpcomponents_httpclient-4.5.13.jar at spark://c82426b22b9f:37255/files/org.apache.httpcomponents_httpclient-4.5.13.jar with timestamp 1745741812837
[2025-04-27T08:16:53.531+0000] {spark_submit.py:490} INFO - 25/04/27 08:16:53 INFO Utils: Copying /home/airflow/.ivy2/jars/org.apache.httpcomponents_httpclient-4.5.13.jar to /tmp/spark-4b78b679-ca51-4902-93f0-7ef9ee449d61/userFiles-3302a487-25de-4510-94eb-bf1766e0cd81/org.apache.httpcomponents_httpclient-4.5.13.jar
[2025-04-27T08:16:53.534+0000] {spark_submit.py:490} INFO - 25/04/27 08:16:53 INFO SparkContext: Added file file:///home/airflow/.ivy2/jars/org.apache.httpcomponents_httpmime-4.5.13.jar at spark://c82426b22b9f:37255/files/org.apache.httpcomponents_httpmime-4.5.13.jar with timestamp 1745741812837
[2025-04-27T08:16:53.535+0000] {spark_submit.py:490} INFO - 25/04/27 08:16:53 INFO Utils: Copying /home/airflow/.ivy2/jars/org.apache.httpcomponents_httpmime-4.5.13.jar to /tmp/spark-4b78b679-ca51-4902-93f0-7ef9ee449d61/userFiles-3302a487-25de-4510-94eb-bf1766e0cd81/org.apache.httpcomponents_httpmime-4.5.13.jar
[2025-04-27T08:16:53.537+0000] {spark_submit.py:490} INFO - 25/04/27 08:16:53 INFO SparkContext: Added file file:///home/airflow/.ivy2/jars/org.lz4_lz4-java-1.8.0.jar at spark://c82426b22b9f:37255/files/org.lz4_lz4-java-1.8.0.jar with timestamp 1745741812837
[2025-04-27T08:16:53.537+0000] {spark_submit.py:490} INFO - 25/04/27 08:16:53 INFO Utils: Copying /home/airflow/.ivy2/jars/org.lz4_lz4-java-1.8.0.jar to /tmp/spark-4b78b679-ca51-4902-93f0-7ef9ee449d61/userFiles-3302a487-25de-4510-94eb-bf1766e0cd81/org.lz4_lz4-java-1.8.0.jar
[2025-04-27T08:16:53.541+0000] {spark_submit.py:490} INFO - 25/04/27 08:16:53 INFO SparkContext: Added file file:///home/airflow/.ivy2/jars/com.clickhouse_clickhouse-client-0.3.2.jar at spark://c82426b22b9f:37255/files/com.clickhouse_clickhouse-client-0.3.2.jar with timestamp 1745741812837
[2025-04-27T08:16:53.541+0000] {spark_submit.py:490} INFO - 25/04/27 08:16:53 INFO Utils: Copying /home/airflow/.ivy2/jars/com.clickhouse_clickhouse-client-0.3.2.jar to /tmp/spark-4b78b679-ca51-4902-93f0-7ef9ee449d61/userFiles-3302a487-25de-4510-94eb-bf1766e0cd81/com.clickhouse_clickhouse-client-0.3.2.jar
[2025-04-27T08:16:53.544+0000] {spark_submit.py:490} INFO - 25/04/27 08:16:53 INFO SparkContext: Added file file:///home/airflow/.ivy2/jars/org.apache.httpcomponents_httpcore-4.4.13.jar at spark://c82426b22b9f:37255/files/org.apache.httpcomponents_httpcore-4.4.13.jar with timestamp 1745741812837
[2025-04-27T08:16:53.544+0000] {spark_submit.py:490} INFO - 25/04/27 08:16:53 INFO Utils: Copying /home/airflow/.ivy2/jars/org.apache.httpcomponents_httpcore-4.4.13.jar to /tmp/spark-4b78b679-ca51-4902-93f0-7ef9ee449d61/userFiles-3302a487-25de-4510-94eb-bf1766e0cd81/org.apache.httpcomponents_httpcore-4.4.13.jar
[2025-04-27T08:16:53.548+0000] {spark_submit.py:490} INFO - 25/04/27 08:16:53 INFO SparkContext: Added file file:///home/airflow/.ivy2/jars/commons-logging_commons-logging-1.2.jar at spark://c82426b22b9f:37255/files/commons-logging_commons-logging-1.2.jar with timestamp 1745741812837
[2025-04-27T08:16:53.548+0000] {spark_submit.py:490} INFO - 25/04/27 08:16:53 INFO Utils: Copying /home/airflow/.ivy2/jars/commons-logging_commons-logging-1.2.jar to /tmp/spark-4b78b679-ca51-4902-93f0-7ef9ee449d61/userFiles-3302a487-25de-4510-94eb-bf1766e0cd81/commons-logging_commons-logging-1.2.jar
[2025-04-27T08:16:53.551+0000] {spark_submit.py:490} INFO - 25/04/27 08:16:53 INFO SparkContext: Added file file:///home/airflow/.ivy2/jars/commons-codec_commons-codec-1.11.jar at spark://c82426b22b9f:37255/files/commons-codec_commons-codec-1.11.jar with timestamp 1745741812837
[2025-04-27T08:16:53.551+0000] {spark_submit.py:490} INFO - 25/04/27 08:16:53 INFO Utils: Copying /home/airflow/.ivy2/jars/commons-codec_commons-codec-1.11.jar to /tmp/spark-4b78b679-ca51-4902-93f0-7ef9ee449d61/userFiles-3302a487-25de-4510-94eb-bf1766e0cd81/commons-codec_commons-codec-1.11.jar
[2025-04-27T08:16:53.617+0000] {spark_submit.py:490} INFO - 25/04/27 08:16:53 INFO StandaloneAppClient$ClientEndpoint: Connecting to master spark://spark-master:7077...
[2025-04-27T08:16:53.655+0000] {spark_submit.py:490} INFO - 25/04/27 08:16:53 INFO TransportClientFactory: Successfully created connection to spark-master/172.18.0.2:7077 after 22 ms (0 ms spent in bootstraps)
[2025-04-27T08:16:53.724+0000] {spark_submit.py:490} INFO - 25/04/27 08:16:53 INFO StandaloneSchedulerBackend: Connected to Spark cluster with app ID app-20250427081653-0008
[2025-04-27T08:16:53.729+0000] {spark_submit.py:490} INFO - 25/04/27 08:16:53 INFO Utils: Successfully started service 'org.apache.spark.network.netty.NettyBlockTransferService' on port 35441.
[2025-04-27T08:16:53.729+0000] {spark_submit.py:490} INFO - 25/04/27 08:16:53 INFO NettyBlockTransferService: Server created on c82426b22b9f:35441
[2025-04-27T08:16:53.730+0000] {spark_submit.py:490} INFO - 25/04/27 08:16:53 INFO BlockManager: Using org.apache.spark.storage.RandomBlockReplicationPolicy for block replication policy
[2025-04-27T08:16:53.736+0000] {spark_submit.py:490} INFO - 25/04/27 08:16:53 INFO BlockManagerMaster: Registering BlockManager BlockManagerId(driver, c82426b22b9f, 35441, None)
[2025-04-27T08:16:53.738+0000] {spark_submit.py:490} INFO - 25/04/27 08:16:53 INFO BlockManagerMasterEndpoint: Registering block manager c82426b22b9f:35441 with 434.4 MiB RAM, BlockManagerId(driver, c82426b22b9f, 35441, None)
[2025-04-27T08:16:53.740+0000] {spark_submit.py:490} INFO - 25/04/27 08:16:53 INFO BlockManagerMaster: Registered BlockManager BlockManagerId(driver, c82426b22b9f, 35441, None)
[2025-04-27T08:16:53.741+0000] {spark_submit.py:490} INFO - 25/04/27 08:16:53 INFO BlockManager: Initialized BlockManager: BlockManagerId(driver, c82426b22b9f, 35441, None)
[2025-04-27T08:16:53.867+0000] {spark_submit.py:490} INFO - 25/04/27 08:16:53 INFO StandaloneSchedulerBackend: SchedulerBackend is ready for scheduling beginning after reached minRegisteredResourcesRatio: 0.0
[2025-04-27T08:16:54.039+0000] {spark_submit.py:490} INFO - 25/04/27 08:16:54 INFO SharedState: Setting hive.metastore.warehouse.dir ('null') to the value of spark.sql.warehouse.dir.
[2025-04-27T08:16:54.040+0000] {spark_submit.py:490} INFO - 25/04/27 08:16:54 INFO SharedState: Warehouse path is 'file:/opt/airflow/spark-warehouse'.
[2025-04-27T08:16:57.116+0000] {spark_submit.py:490} INFO - 25/04/27 08:16:57 INFO CodeGenerator: Code generated in 101.920447 ms
[2025-04-27T08:16:57.174+0000] {spark_submit.py:490} INFO - 25/04/27 08:16:57 INFO DAGScheduler: Registering RDD 3 (jdbc at NativeMethodAccessorImpl.java:0) as input to shuffle 0
[2025-04-27T08:16:57.178+0000] {spark_submit.py:490} INFO - 25/04/27 08:16:57 INFO DAGScheduler: Got map stage job 0 (jdbc at NativeMethodAccessorImpl.java:0) with 1 output partitions
[2025-04-27T08:16:57.178+0000] {spark_submit.py:490} INFO - 25/04/27 08:16:57 INFO DAGScheduler: Final stage: ShuffleMapStage 0 (jdbc at NativeMethodAccessorImpl.java:0)
[2025-04-27T08:16:57.178+0000] {spark_submit.py:490} INFO - 25/04/27 08:16:57 INFO DAGScheduler: Parents of final stage: List()
[2025-04-27T08:16:57.179+0000] {spark_submit.py:490} INFO - 25/04/27 08:16:57 INFO DAGScheduler: Missing parents: List()
[2025-04-27T08:16:57.181+0000] {spark_submit.py:490} INFO - 25/04/27 08:16:57 INFO DAGScheduler: Submitting ShuffleMapStage 0 (MapPartitionsRDD[3] at jdbc at NativeMethodAccessorImpl.java:0), which has no missing parents
[2025-04-27T08:16:57.286+0000] {spark_submit.py:490} INFO - 25/04/27 08:16:57 INFO MemoryStore: Block broadcast_0 stored as values in memory (estimated size 16.3 KiB, free 434.4 MiB)
[2025-04-27T08:16:57.320+0000] {spark_submit.py:490} INFO - 25/04/27 08:16:57 INFO MemoryStore: Block broadcast_0_piece0 stored as bytes in memory (estimated size 7.9 KiB, free 434.4 MiB)
[2025-04-27T08:16:57.323+0000] {spark_submit.py:490} INFO - 25/04/27 08:16:57 INFO BlockManagerInfo: Added broadcast_0_piece0 in memory on c82426b22b9f:35441 (size: 7.9 KiB, free: 434.4 MiB)
[2025-04-27T08:16:57.326+0000] {spark_submit.py:490} INFO - 25/04/27 08:16:57 INFO SparkContext: Created broadcast 0 from broadcast at DAGScheduler.scala:1513
[2025-04-27T08:16:57.339+0000] {spark_submit.py:490} INFO - 25/04/27 08:16:57 INFO DAGScheduler: Submitting 1 missing tasks from ShuffleMapStage 0 (MapPartitionsRDD[3] at jdbc at NativeMethodAccessorImpl.java:0) (first 15 tasks are for partitions Vector(0))
[2025-04-27T08:16:57.340+0000] {spark_submit.py:490} INFO - 25/04/27 08:16:57 INFO TaskSchedulerImpl: Adding task set 0.0 with 1 tasks resource profile 0
[2025-04-27T08:17:12.357+0000] {spark_submit.py:490} INFO - 25/04/27 08:17:12 WARN TaskSchedulerImpl: Initial job has not accepted any resources; check your cluster UI to ensure that workers are registered and have sufficient resources
[2025-04-27T08:17:27.361+0000] {spark_submit.py:490} INFO - 25/04/27 08:17:27 WARN TaskSchedulerImpl: Initial job has not accepted any resources; check your cluster UI to ensure that workers are registered and have sufficient resources
[2025-04-27T08:17:42.399+0000] {spark_submit.py:490} INFO - 25/04/27 08:17:42 WARN TaskSchedulerImpl: Initial job has not accepted any resources; check your cluster UI to ensure that workers are registered and have sufficient resources
[2025-04-27T08:17:57.359+0000] {spark_submit.py:490} INFO - 25/04/27 08:17:57 WARN TaskSchedulerImpl: Initial job has not accepted any resources; check your cluster UI to ensure that workers are registered and have sufficient resources
[2025-04-27T08:18:12.356+0000] {spark_submit.py:490} INFO - 25/04/27 08:18:12 WARN TaskSchedulerImpl: Initial job has not accepted any resources; check your cluster UI to ensure that workers are registered and have sufficient resources
[2025-04-27T08:18:27.359+0000] {spark_submit.py:490} INFO - 25/04/27 08:18:27 WARN TaskSchedulerImpl: Initial job has not accepted any resources; check your cluster UI to ensure that workers are registered and have sufficient resources
[2025-04-27T08:18:42.360+0000] {spark_submit.py:490} INFO - 25/04/27 08:18:42 WARN TaskSchedulerImpl: Initial job has not accepted any resources; check your cluster UI to ensure that workers are registered and have sufficient resources
[2025-04-27T08:18:57.358+0000] {spark_submit.py:490} INFO - 25/04/27 08:18:57 WARN TaskSchedulerImpl: Initial job has not accepted any resources; check your cluster UI to ensure that workers are registered and have sufficient resources
[2025-04-27T08:19:12.363+0000] {spark_submit.py:490} INFO - 25/04/27 08:19:12 WARN TaskSchedulerImpl: Initial job has not accepted any resources; check your cluster UI to ensure that workers are registered and have sufficient resources
[2025-04-27T08:19:27.360+0000] {spark_submit.py:490} INFO - 25/04/27 08:19:27 WARN TaskSchedulerImpl: Initial job has not accepted any resources; check your cluster UI to ensure that workers are registered and have sufficient resources
[2025-04-27T08:19:42.363+0000] {spark_submit.py:490} INFO - 25/04/27 08:19:42 WARN TaskSchedulerImpl: Initial job has not accepted any resources; check your cluster UI to ensure that workers are registered and have sufficient resources
[2025-04-27T08:19:57.357+0000] {spark_submit.py:490} INFO - 25/04/27 08:19:57 WARN TaskSchedulerImpl: Initial job has not accepted any resources; check your cluster UI to ensure that workers are registered and have sufficient resources
[2025-04-27T08:20:12.356+0000] {spark_submit.py:490} INFO - 25/04/27 08:20:12 WARN TaskSchedulerImpl: Initial job has not accepted any resources; check your cluster UI to ensure that workers are registered and have sufficient resources
[2025-04-27T08:20:27.357+0000] {spark_submit.py:490} INFO - 25/04/27 08:20:27 WARN TaskSchedulerImpl: Initial job has not accepted any resources; check your cluster UI to ensure that workers are registered and have sufficient resources
[2025-04-27T08:20:41.849+0000] {local_task_job_runner.py:115} ERROR - Received SIGTERM. Terminating subprocesses
[2025-04-27T08:20:41.850+0000] {process_utils.py:135} INFO - Sending Signals.SIGTERM to group 7882. PIDs of all processes in the group: [7883, 7928, 7882]
[2025-04-27T08:20:41.850+0000] {process_utils.py:86} INFO - Sending the signal Signals.SIGTERM to group 7882
[2025-04-27T08:20:41.851+0000] {taskinstance.py:1517} ERROR - Received SIGTERM. Terminating subprocesses.
[2025-04-27T08:20:41.851+0000] {spark_submit.py:615} INFO - Sending kill signal to spark-submit
[2025-04-27T08:20:41.863+0000] {taskinstance.py:1824} ERROR - Task failed with exception
Traceback (most recent call last):
  File "/home/airflow/.local/lib/python3.7/site-packages/airflow/providers/apache/spark/operators/spark_submit.py", line 157, in execute
    self._hook.submit(self._application)
  File "/home/airflow/.local/lib/python3.7/site-packages/airflow/providers/apache/spark/hooks/spark_submit.py", line 409, in submit
    self._process_spark_submit_log(iter(self._submit_sp.stdout))  # type: ignore
  File "/home/airflow/.local/lib/python3.7/site-packages/airflow/providers/apache/spark/hooks/spark_submit.py", line 458, in _process_spark_submit_log
    for line in itr:
  File "/home/airflow/.local/lib/python3.7/site-packages/airflow/models/taskinstance.py", line 1519, in signal_handler
    raise AirflowException("Task received SIGTERM signal")
airflow.exceptions.AirflowException: Task received SIGTERM signal
[2025-04-27T08:20:41.869+0000] {taskinstance.py:1350} INFO - Marking task as UP_FOR_RETRY. dag_id=transform, task_id=detect_suspicious, execution_date=20250427T081640, start_date=20250427T081649, end_date=20250427T082041
[2025-04-27T08:20:41.879+0000] {standard_task_runner.py:109} ERROR - Failed to execute job 22 for task detect_suspicious (Task received SIGTERM signal; 7882)
[2025-04-27T08:20:41.903+0000] {process_utils.py:79} INFO - Process psutil.Process(pid=7883, status='terminated', started='08:16:49') (7883) terminated with exit code None
[2025-04-27T08:20:41.903+0000] {process_utils.py:79} INFO - Process psutil.Process(pid=7882, status='terminated', exitcode=1, started='08:16:49') (7882) terminated with exit code 1
[2025-04-27T08:20:41.904+0000] {process_utils.py:79} INFO - Process psutil.Process(pid=7928, status='terminated', started='08:16:52') (7928) terminated with exit code None
[2025-04-27T08:20:41.904+0000] {local_task_job_runner.py:225} INFO - Task exited with return code 143
[2025-04-27T08:20:41.998+0000] {taskinstance.py:2653} INFO - 0 downstream tasks scheduled from follow-on schedule check
