[2025-04-27T08:20:45.145+0000] {taskinstance.py:1097} INFO - Dependencies not met for <TaskInstance: transform.detect_suspicious manual__2025-04-27T08:16:40.124228+00:00 [up_for_retry]>, dependency 'Not In Retry Period' FAILED: Task is not ready for retry yet but will be retried automatically. Current date is 2025-04-27T08:20:45.145778+00:00 and task will be retried at 2025-04-27T08:21:41.868722+00:00.
[2025-04-27T08:20:45.152+0000] {local_task_job_runner.py:154} INFO - Task is not able to be run
[2025-04-27T08:24:02.890+0000] {taskinstance.py:1103} INFO - Dependencies all met for dep_context=non-requeueable deps ti=<TaskInstance: transform.detect_suspicious manual__2025-04-27T08:16:40.124228+00:00 [queued]>
[2025-04-27T08:24:02.895+0000] {taskinstance.py:1103} INFO - Dependencies all met for dep_context=requeueable deps ti=<TaskInstance: transform.detect_suspicious manual__2025-04-27T08:16:40.124228+00:00 [queued]>
[2025-04-27T08:24:02.896+0000] {taskinstance.py:1308} INFO - Starting attempt 2 of 2
[2025-04-27T08:24:02.906+0000] {taskinstance.py:1327} INFO - Executing <Task(SparkSubmitOperator): detect_suspicious> on 2025-04-27 08:16:40.124228+00:00
[2025-04-27T08:24:02.909+0000] {standard_task_runner.py:57} INFO - Started process 350 to run task
[2025-04-27T08:24:02.911+0000] {standard_task_runner.py:84} INFO - Running: ['airflow', 'tasks', 'run', 'transform', 'detect_suspicious', 'manual__2025-04-27T08:16:40.124228+00:00', '--job-id', '28', '--raw', '--subdir', 'DAGS_FOLDER/transform.py', '--cfg-path', '/tmp/tmpllzchahf']
[2025-04-27T08:24:02.912+0000] {standard_task_runner.py:85} INFO - Job 28: Subtask detect_suspicious
[2025-04-27T08:24:02.951+0000] {task_command.py:410} INFO - Running <TaskInstance: transform.detect_suspicious manual__2025-04-27T08:16:40.124228+00:00 [running]> on host c82426b22b9f
[2025-04-27T08:24:03.111+0000] {taskinstance.py:1547} INFO - Exporting env vars: AIRFLOW_CTX_DAG_OWNER='finbest' AIRFLOW_CTX_DAG_ID='transform' AIRFLOW_CTX_TASK_ID='detect_suspicious' AIRFLOW_CTX_EXECUTION_DATE='2025-04-27T08:16:40.124228+00:00' AIRFLOW_CTX_TRY_NUMBER='2' AIRFLOW_CTX_DAG_RUN_ID='manual__2025-04-27T08:16:40.124228+00:00'
[2025-04-27T08:24:03.120+0000] {base.py:73} INFO - Using connection ID 'spark_default' for task execution.
[2025-04-27T08:24:03.121+0000] {spark_submit.py:339} INFO - Spark-Submit cmd: spark-submit --master spark://spark-master:7077 --packages org.postgresql:postgresql:42.6.0,ru.yandex.clickhouse:clickhouse-jdbc:0.3.2 --executor-cores 2 --executor-memory 2g --driver-memory 1g --name arrow-spark /opt/airflow/spark/detect_suspicious.py --jdbc jdbc:postgresql://postgres:5432/finbest --clickhouse-url jdbc:clickhouse://clickhouse:8123/finbest
[2025-04-27T08:24:04.538+0000] {spark_submit.py:490} INFO - :: loading settings :: url = jar:file:/opt/spark/jars/ivy-2.5.0.jar!/org/apache/ivy/core/settings/ivysettings.xml
[2025-04-27T08:24:04.606+0000] {spark_submit.py:490} INFO - Ivy Default Cache set to: /home/airflow/.ivy2/cache
[2025-04-27T08:24:04.606+0000] {spark_submit.py:490} INFO - The jars for the packages stored in: /home/airflow/.ivy2/jars
[2025-04-27T08:24:04.610+0000] {spark_submit.py:490} INFO - org.postgresql#postgresql added as a dependency
[2025-04-27T08:24:04.610+0000] {spark_submit.py:490} INFO - ru.yandex.clickhouse#clickhouse-jdbc added as a dependency
[2025-04-27T08:24:04.610+0000] {spark_submit.py:490} INFO - :: resolving dependencies :: org.apache.spark#spark-submit-parent-6d28ebb5-f0fb-4611-a359-df3785e9400a;1.0
[2025-04-27T08:24:04.611+0000] {spark_submit.py:490} INFO - confs: [default]
[2025-04-27T08:24:04.679+0000] {spark_submit.py:490} INFO - found org.postgresql#postgresql;42.6.0 in central
[2025-04-27T08:24:04.694+0000] {spark_submit.py:490} INFO - found org.checkerframework#checker-qual;3.31.0 in central
[2025-04-27T08:24:04.707+0000] {spark_submit.py:490} INFO - found ru.yandex.clickhouse#clickhouse-jdbc;0.3.2 in central
[2025-04-27T08:24:04.724+0000] {spark_submit.py:490} INFO - found com.clickhouse#clickhouse-http-client;0.3.2 in central
[2025-04-27T08:24:04.740+0000] {spark_submit.py:490} INFO - found com.clickhouse#clickhouse-client;0.3.2 in central
[2025-04-27T08:24:04.754+0000] {spark_submit.py:490} INFO - found org.lz4#lz4-java;1.8.0 in central
[2025-04-27T08:24:04.770+0000] {spark_submit.py:490} INFO - found com.google.code.gson#gson;2.8.8 in central
[2025-04-27T08:24:04.785+0000] {spark_submit.py:490} INFO - found org.apache.httpcomponents#httpclient;4.5.13 in central
[2025-04-27T08:24:04.800+0000] {spark_submit.py:490} INFO - found org.apache.httpcomponents#httpcore;4.4.13 in central
[2025-04-27T08:24:04.822+0000] {spark_submit.py:490} INFO - found commons-logging#commons-logging;1.2 in central
[2025-04-27T08:24:04.864+0000] {spark_submit.py:490} INFO - found commons-codec#commons-codec;1.11 in central
[2025-04-27T08:24:04.884+0000] {spark_submit.py:490} INFO - found org.apache.httpcomponents#httpmime;4.5.13 in central
[2025-04-27T08:24:04.911+0000] {spark_submit.py:490} INFO - :: resolution report :: resolve 287ms :: artifacts dl 14ms
[2025-04-27T08:24:04.912+0000] {spark_submit.py:490} INFO - :: modules in use:
[2025-04-27T08:24:04.912+0000] {spark_submit.py:490} INFO - com.clickhouse#clickhouse-client;0.3.2 from central in [default]
[2025-04-27T08:24:04.912+0000] {spark_submit.py:490} INFO - com.clickhouse#clickhouse-http-client;0.3.2 from central in [default]
[2025-04-27T08:24:04.912+0000] {spark_submit.py:490} INFO - com.google.code.gson#gson;2.8.8 from central in [default]
[2025-04-27T08:24:04.912+0000] {spark_submit.py:490} INFO - commons-codec#commons-codec;1.11 from central in [default]
[2025-04-27T08:24:04.912+0000] {spark_submit.py:490} INFO - commons-logging#commons-logging;1.2 from central in [default]
[2025-04-27T08:24:04.912+0000] {spark_submit.py:490} INFO - org.apache.httpcomponents#httpclient;4.5.13 from central in [default]
[2025-04-27T08:24:04.912+0000] {spark_submit.py:490} INFO - org.apache.httpcomponents#httpcore;4.4.13 from central in [default]
[2025-04-27T08:24:04.912+0000] {spark_submit.py:490} INFO - org.apache.httpcomponents#httpmime;4.5.13 from central in [default]
[2025-04-27T08:24:04.912+0000] {spark_submit.py:490} INFO - org.checkerframework#checker-qual;3.31.0 from central in [default]
[2025-04-27T08:24:04.912+0000] {spark_submit.py:490} INFO - org.lz4#lz4-java;1.8.0 from central in [default]
[2025-04-27T08:24:04.913+0000] {spark_submit.py:490} INFO - org.postgresql#postgresql;42.6.0 from central in [default]
[2025-04-27T08:24:04.913+0000] {spark_submit.py:490} INFO - ru.yandex.clickhouse#clickhouse-jdbc;0.3.2 from central in [default]
[2025-04-27T08:24:04.913+0000] {spark_submit.py:490} INFO - ---------------------------------------------------------------------
[2025-04-27T08:24:04.913+0000] {spark_submit.py:490} INFO - |                  |            modules            ||   artifacts   |
[2025-04-27T08:24:04.913+0000] {spark_submit.py:490} INFO - |       conf       | number| search|dwnlded|evicted|| number|dwnlded|
[2025-04-27T08:24:04.913+0000] {spark_submit.py:490} INFO - ---------------------------------------------------------------------
[2025-04-27T08:24:04.913+0000] {spark_submit.py:490} INFO - |      default     |   12  |   0   |   0   |   0   ||   12  |   0   |
[2025-04-27T08:24:04.913+0000] {spark_submit.py:490} INFO - ---------------------------------------------------------------------
[2025-04-27T08:24:04.919+0000] {spark_submit.py:490} INFO - :: retrieving :: org.apache.spark#spark-submit-parent-6d28ebb5-f0fb-4611-a359-df3785e9400a
[2025-04-27T08:24:04.919+0000] {spark_submit.py:490} INFO - confs: [default]
[2025-04-27T08:24:04.925+0000] {spark_submit.py:490} INFO - 0 artifacts copied, 12 already retrieved (0kB/7ms)
[2025-04-27T08:24:05.102+0000] {spark_submit.py:490} INFO - 25/04/27 08:24:05 WARN NativeCodeLoader: Unable to load native-hadoop library for your platform... using builtin-java classes where applicable
[2025-04-27T08:24:05.863+0000] {spark_submit.py:490} INFO - 25/04/27 08:24:05 INFO SparkContext: Running Spark version 3.3.0
[2025-04-27T08:24:05.885+0000] {spark_submit.py:490} INFO - 25/04/27 08:24:05 INFO ResourceUtils: ==============================================================
[2025-04-27T08:24:05.885+0000] {spark_submit.py:490} INFO - 25/04/27 08:24:05 INFO ResourceUtils: No custom resources configured for spark.driver.
[2025-04-27T08:24:05.885+0000] {spark_submit.py:490} INFO - 25/04/27 08:24:05 INFO ResourceUtils: ==============================================================
[2025-04-27T08:24:05.886+0000] {spark_submit.py:490} INFO - 25/04/27 08:24:05 INFO SparkContext: Submitted application: FinBestDetect
[2025-04-27T08:24:05.908+0000] {spark_submit.py:490} INFO - 25/04/27 08:24:05 INFO ResourceProfile: Default ResourceProfile created, executor resources: Map(cores -> name: cores, amount: 2, script: , vendor: , memory -> name: memory, amount: 2048, script: , vendor: , offHeap -> name: offHeap, amount: 0, script: , vendor: ), task resources: Map(cpus -> name: cpus, amount: 1.0)
[2025-04-27T08:24:05.918+0000] {spark_submit.py:490} INFO - 25/04/27 08:24:05 INFO ResourceProfile: Limiting resource is cpus at 2 tasks per executor
[2025-04-27T08:24:05.920+0000] {spark_submit.py:490} INFO - 25/04/27 08:24:05 INFO ResourceProfileManager: Added ResourceProfile id: 0
[2025-04-27T08:24:05.973+0000] {spark_submit.py:490} INFO - 25/04/27 08:24:05 INFO SecurityManager: Changing view acls to: airflow
[2025-04-27T08:24:05.973+0000] {spark_submit.py:490} INFO - 25/04/27 08:24:05 INFO SecurityManager: Changing modify acls to: airflow
[2025-04-27T08:24:05.973+0000] {spark_submit.py:490} INFO - 25/04/27 08:24:05 INFO SecurityManager: Changing view acls groups to:
[2025-04-27T08:24:05.974+0000] {spark_submit.py:490} INFO - 25/04/27 08:24:05 INFO SecurityManager: Changing modify acls groups to:
[2025-04-27T08:24:05.974+0000] {spark_submit.py:490} INFO - 25/04/27 08:24:05 INFO SecurityManager: SecurityManager: authentication disabled; ui acls disabled; users  with view permissions: Set(airflow); groups with view permissions: Set(); users  with modify permissions: Set(airflow); groups with modify permissions: Set()
[2025-04-27T08:24:06.224+0000] {spark_submit.py:490} INFO - 25/04/27 08:24:06 INFO Utils: Successfully started service 'sparkDriver' on port 38533.
[2025-04-27T08:24:06.246+0000] {spark_submit.py:490} INFO - 25/04/27 08:24:06 INFO SparkEnv: Registering MapOutputTracker
[2025-04-27T08:24:06.276+0000] {spark_submit.py:490} INFO - 25/04/27 08:24:06 INFO SparkEnv: Registering BlockManagerMaster
[2025-04-27T08:24:06.296+0000] {spark_submit.py:490} INFO - 25/04/27 08:24:06 INFO BlockManagerMasterEndpoint: Using org.apache.spark.storage.DefaultTopologyMapper for getting topology information
[2025-04-27T08:24:06.296+0000] {spark_submit.py:490} INFO - 25/04/27 08:24:06 INFO BlockManagerMasterEndpoint: BlockManagerMasterEndpoint up
[2025-04-27T08:24:06.300+0000] {spark_submit.py:490} INFO - 25/04/27 08:24:06 INFO SparkEnv: Registering BlockManagerMasterHeartbeat
[2025-04-27T08:24:06.327+0000] {spark_submit.py:490} INFO - 25/04/27 08:24:06 INFO DiskBlockManager: Created local directory at /tmp/blockmgr-acbc684f-97d3-4046-a025-08cc63abc322
[2025-04-27T08:24:06.341+0000] {spark_submit.py:490} INFO - 25/04/27 08:24:06 INFO MemoryStore: MemoryStore started with capacity 434.4 MiB
[2025-04-27T08:24:06.354+0000] {spark_submit.py:490} INFO - 25/04/27 08:24:06 INFO SparkEnv: Registering OutputCommitCoordinator
[2025-04-27T08:24:06.541+0000] {spark_submit.py:490} INFO - 25/04/27 08:24:06 INFO Utils: Successfully started service 'SparkUI' on port 4040.
[2025-04-27T08:24:06.573+0000] {spark_submit.py:490} INFO - 25/04/27 08:24:06 INFO SparkContext: Added JAR file:///home/airflow/.ivy2/jars/org.postgresql_postgresql-42.6.0.jar at spark://c82426b22b9f:38533/jars/org.postgresql_postgresql-42.6.0.jar with timestamp 1745742245857
[2025-04-27T08:24:06.573+0000] {spark_submit.py:490} INFO - 25/04/27 08:24:06 INFO SparkContext: Added JAR file:///home/airflow/.ivy2/jars/ru.yandex.clickhouse_clickhouse-jdbc-0.3.2.jar at spark://c82426b22b9f:38533/jars/ru.yandex.clickhouse_clickhouse-jdbc-0.3.2.jar with timestamp 1745742245857
[2025-04-27T08:24:06.573+0000] {spark_submit.py:490} INFO - 25/04/27 08:24:06 INFO SparkContext: Added JAR file:///home/airflow/.ivy2/jars/org.checkerframework_checker-qual-3.31.0.jar at spark://c82426b22b9f:38533/jars/org.checkerframework_checker-qual-3.31.0.jar with timestamp 1745742245857
[2025-04-27T08:24:06.573+0000] {spark_submit.py:490} INFO - 25/04/27 08:24:06 INFO SparkContext: Added JAR file:///home/airflow/.ivy2/jars/com.clickhouse_clickhouse-http-client-0.3.2.jar at spark://c82426b22b9f:38533/jars/com.clickhouse_clickhouse-http-client-0.3.2.jar with timestamp 1745742245857
[2025-04-27T08:24:06.573+0000] {spark_submit.py:490} INFO - 25/04/27 08:24:06 INFO SparkContext: Added JAR file:///home/airflow/.ivy2/jars/com.google.code.gson_gson-2.8.8.jar at spark://c82426b22b9f:38533/jars/com.google.code.gson_gson-2.8.8.jar with timestamp 1745742245857
[2025-04-27T08:24:06.573+0000] {spark_submit.py:490} INFO - 25/04/27 08:24:06 INFO SparkContext: Added JAR file:///home/airflow/.ivy2/jars/org.apache.httpcomponents_httpclient-4.5.13.jar at spark://c82426b22b9f:38533/jars/org.apache.httpcomponents_httpclient-4.5.13.jar with timestamp 1745742245857
[2025-04-27T08:24:06.573+0000] {spark_submit.py:490} INFO - 25/04/27 08:24:06 INFO SparkContext: Added JAR file:///home/airflow/.ivy2/jars/org.apache.httpcomponents_httpmime-4.5.13.jar at spark://c82426b22b9f:38533/jars/org.apache.httpcomponents_httpmime-4.5.13.jar with timestamp 1745742245857
[2025-04-27T08:24:06.574+0000] {spark_submit.py:490} INFO - 25/04/27 08:24:06 INFO SparkContext: Added JAR file:///home/airflow/.ivy2/jars/org.lz4_lz4-java-1.8.0.jar at spark://c82426b22b9f:38533/jars/org.lz4_lz4-java-1.8.0.jar with timestamp 1745742245857
[2025-04-27T08:24:06.574+0000] {spark_submit.py:490} INFO - 25/04/27 08:24:06 INFO SparkContext: Added JAR file:///home/airflow/.ivy2/jars/com.clickhouse_clickhouse-client-0.3.2.jar at spark://c82426b22b9f:38533/jars/com.clickhouse_clickhouse-client-0.3.2.jar with timestamp 1745742245857
[2025-04-27T08:24:06.574+0000] {spark_submit.py:490} INFO - 25/04/27 08:24:06 INFO SparkContext: Added JAR file:///home/airflow/.ivy2/jars/org.apache.httpcomponents_httpcore-4.4.13.jar at spark://c82426b22b9f:38533/jars/org.apache.httpcomponents_httpcore-4.4.13.jar with timestamp 1745742245857
[2025-04-27T08:24:06.574+0000] {spark_submit.py:490} INFO - 25/04/27 08:24:06 INFO SparkContext: Added JAR file:///home/airflow/.ivy2/jars/commons-logging_commons-logging-1.2.jar at spark://c82426b22b9f:38533/jars/commons-logging_commons-logging-1.2.jar with timestamp 1745742245857
[2025-04-27T08:24:06.574+0000] {spark_submit.py:490} INFO - 25/04/27 08:24:06 INFO SparkContext: Added JAR file:///home/airflow/.ivy2/jars/commons-codec_commons-codec-1.11.jar at spark://c82426b22b9f:38533/jars/commons-codec_commons-codec-1.11.jar with timestamp 1745742245857
[2025-04-27T08:24:06.576+0000] {spark_submit.py:490} INFO - 25/04/27 08:24:06 INFO SparkContext: Added file file:///home/airflow/.ivy2/jars/org.postgresql_postgresql-42.6.0.jar at spark://c82426b22b9f:38533/files/org.postgresql_postgresql-42.6.0.jar with timestamp 1745742245857
[2025-04-27T08:24:06.577+0000] {spark_submit.py:490} INFO - 25/04/27 08:24:06 INFO Utils: Copying /home/airflow/.ivy2/jars/org.postgresql_postgresql-42.6.0.jar to /tmp/spark-0f3f1f5a-eb3c-4c0a-b132-bd5026cb8854/userFiles-12535808-cc40-488b-a987-b240cd9c18b5/org.postgresql_postgresql-42.6.0.jar
[2025-04-27T08:24:06.586+0000] {spark_submit.py:490} INFO - 25/04/27 08:24:06 INFO SparkContext: Added file file:///home/airflow/.ivy2/jars/ru.yandex.clickhouse_clickhouse-jdbc-0.3.2.jar at spark://c82426b22b9f:38533/files/ru.yandex.clickhouse_clickhouse-jdbc-0.3.2.jar with timestamp 1745742245857
[2025-04-27T08:24:06.586+0000] {spark_submit.py:490} INFO - 25/04/27 08:24:06 INFO Utils: Copying /home/airflow/.ivy2/jars/ru.yandex.clickhouse_clickhouse-jdbc-0.3.2.jar to /tmp/spark-0f3f1f5a-eb3c-4c0a-b132-bd5026cb8854/userFiles-12535808-cc40-488b-a987-b240cd9c18b5/ru.yandex.clickhouse_clickhouse-jdbc-0.3.2.jar
[2025-04-27T08:24:06.590+0000] {spark_submit.py:490} INFO - 25/04/27 08:24:06 INFO SparkContext: Added file file:///home/airflow/.ivy2/jars/org.checkerframework_checker-qual-3.31.0.jar at spark://c82426b22b9f:38533/files/org.checkerframework_checker-qual-3.31.0.jar with timestamp 1745742245857
[2025-04-27T08:24:06.590+0000] {spark_submit.py:490} INFO - 25/04/27 08:24:06 INFO Utils: Copying /home/airflow/.ivy2/jars/org.checkerframework_checker-qual-3.31.0.jar to /tmp/spark-0f3f1f5a-eb3c-4c0a-b132-bd5026cb8854/userFiles-12535808-cc40-488b-a987-b240cd9c18b5/org.checkerframework_checker-qual-3.31.0.jar
[2025-04-27T08:24:06.593+0000] {spark_submit.py:490} INFO - 25/04/27 08:24:06 INFO SparkContext: Added file file:///home/airflow/.ivy2/jars/com.clickhouse_clickhouse-http-client-0.3.2.jar at spark://c82426b22b9f:38533/files/com.clickhouse_clickhouse-http-client-0.3.2.jar with timestamp 1745742245857
[2025-04-27T08:24:06.594+0000] {spark_submit.py:490} INFO - 25/04/27 08:24:06 INFO Utils: Copying /home/airflow/.ivy2/jars/com.clickhouse_clickhouse-http-client-0.3.2.jar to /tmp/spark-0f3f1f5a-eb3c-4c0a-b132-bd5026cb8854/userFiles-12535808-cc40-488b-a987-b240cd9c18b5/com.clickhouse_clickhouse-http-client-0.3.2.jar
[2025-04-27T08:24:06.597+0000] {spark_submit.py:490} INFO - 25/04/27 08:24:06 INFO SparkContext: Added file file:///home/airflow/.ivy2/jars/com.google.code.gson_gson-2.8.8.jar at spark://c82426b22b9f:38533/files/com.google.code.gson_gson-2.8.8.jar with timestamp 1745742245857
[2025-04-27T08:24:06.597+0000] {spark_submit.py:490} INFO - 25/04/27 08:24:06 INFO Utils: Copying /home/airflow/.ivy2/jars/com.google.code.gson_gson-2.8.8.jar to /tmp/spark-0f3f1f5a-eb3c-4c0a-b132-bd5026cb8854/userFiles-12535808-cc40-488b-a987-b240cd9c18b5/com.google.code.gson_gson-2.8.8.jar
[2025-04-27T08:24:06.600+0000] {spark_submit.py:490} INFO - 25/04/27 08:24:06 INFO SparkContext: Added file file:///home/airflow/.ivy2/jars/org.apache.httpcomponents_httpclient-4.5.13.jar at spark://c82426b22b9f:38533/files/org.apache.httpcomponents_httpclient-4.5.13.jar with timestamp 1745742245857
[2025-04-27T08:24:06.600+0000] {spark_submit.py:490} INFO - 25/04/27 08:24:06 INFO Utils: Copying /home/airflow/.ivy2/jars/org.apache.httpcomponents_httpclient-4.5.13.jar to /tmp/spark-0f3f1f5a-eb3c-4c0a-b132-bd5026cb8854/userFiles-12535808-cc40-488b-a987-b240cd9c18b5/org.apache.httpcomponents_httpclient-4.5.13.jar
[2025-04-27T08:24:06.604+0000] {spark_submit.py:490} INFO - 25/04/27 08:24:06 INFO SparkContext: Added file file:///home/airflow/.ivy2/jars/org.apache.httpcomponents_httpmime-4.5.13.jar at spark://c82426b22b9f:38533/files/org.apache.httpcomponents_httpmime-4.5.13.jar with timestamp 1745742245857
[2025-04-27T08:24:06.604+0000] {spark_submit.py:490} INFO - 25/04/27 08:24:06 INFO Utils: Copying /home/airflow/.ivy2/jars/org.apache.httpcomponents_httpmime-4.5.13.jar to /tmp/spark-0f3f1f5a-eb3c-4c0a-b132-bd5026cb8854/userFiles-12535808-cc40-488b-a987-b240cd9c18b5/org.apache.httpcomponents_httpmime-4.5.13.jar
[2025-04-27T08:24:06.607+0000] {spark_submit.py:490} INFO - 25/04/27 08:24:06 INFO SparkContext: Added file file:///home/airflow/.ivy2/jars/org.lz4_lz4-java-1.8.0.jar at spark://c82426b22b9f:38533/files/org.lz4_lz4-java-1.8.0.jar with timestamp 1745742245857
[2025-04-27T08:24:06.607+0000] {spark_submit.py:490} INFO - 25/04/27 08:24:06 INFO Utils: Copying /home/airflow/.ivy2/jars/org.lz4_lz4-java-1.8.0.jar to /tmp/spark-0f3f1f5a-eb3c-4c0a-b132-bd5026cb8854/userFiles-12535808-cc40-488b-a987-b240cd9c18b5/org.lz4_lz4-java-1.8.0.jar
[2025-04-27T08:24:06.610+0000] {spark_submit.py:490} INFO - 25/04/27 08:24:06 INFO SparkContext: Added file file:///home/airflow/.ivy2/jars/com.clickhouse_clickhouse-client-0.3.2.jar at spark://c82426b22b9f:38533/files/com.clickhouse_clickhouse-client-0.3.2.jar with timestamp 1745742245857
[2025-04-27T08:24:06.610+0000] {spark_submit.py:490} INFO - 25/04/27 08:24:06 INFO Utils: Copying /home/airflow/.ivy2/jars/com.clickhouse_clickhouse-client-0.3.2.jar to /tmp/spark-0f3f1f5a-eb3c-4c0a-b132-bd5026cb8854/userFiles-12535808-cc40-488b-a987-b240cd9c18b5/com.clickhouse_clickhouse-client-0.3.2.jar
[2025-04-27T08:24:06.613+0000] {spark_submit.py:490} INFO - 25/04/27 08:24:06 INFO SparkContext: Added file file:///home/airflow/.ivy2/jars/org.apache.httpcomponents_httpcore-4.4.13.jar at spark://c82426b22b9f:38533/files/org.apache.httpcomponents_httpcore-4.4.13.jar with timestamp 1745742245857
[2025-04-27T08:24:06.613+0000] {spark_submit.py:490} INFO - 25/04/27 08:24:06 INFO Utils: Copying /home/airflow/.ivy2/jars/org.apache.httpcomponents_httpcore-4.4.13.jar to /tmp/spark-0f3f1f5a-eb3c-4c0a-b132-bd5026cb8854/userFiles-12535808-cc40-488b-a987-b240cd9c18b5/org.apache.httpcomponents_httpcore-4.4.13.jar
[2025-04-27T08:24:06.617+0000] {spark_submit.py:490} INFO - 25/04/27 08:24:06 INFO SparkContext: Added file file:///home/airflow/.ivy2/jars/commons-logging_commons-logging-1.2.jar at spark://c82426b22b9f:38533/files/commons-logging_commons-logging-1.2.jar with timestamp 1745742245857
[2025-04-27T08:24:06.617+0000] {spark_submit.py:490} INFO - 25/04/27 08:24:06 INFO Utils: Copying /home/airflow/.ivy2/jars/commons-logging_commons-logging-1.2.jar to /tmp/spark-0f3f1f5a-eb3c-4c0a-b132-bd5026cb8854/userFiles-12535808-cc40-488b-a987-b240cd9c18b5/commons-logging_commons-logging-1.2.jar
[2025-04-27T08:24:06.619+0000] {spark_submit.py:490} INFO - 25/04/27 08:24:06 INFO SparkContext: Added file file:///home/airflow/.ivy2/jars/commons-codec_commons-codec-1.11.jar at spark://c82426b22b9f:38533/files/commons-codec_commons-codec-1.11.jar with timestamp 1745742245857
[2025-04-27T08:24:06.620+0000] {spark_submit.py:490} INFO - 25/04/27 08:24:06 INFO Utils: Copying /home/airflow/.ivy2/jars/commons-codec_commons-codec-1.11.jar to /tmp/spark-0f3f1f5a-eb3c-4c0a-b132-bd5026cb8854/userFiles-12535808-cc40-488b-a987-b240cd9c18b5/commons-codec_commons-codec-1.11.jar
[2025-04-27T08:24:06.690+0000] {spark_submit.py:490} INFO - 25/04/27 08:24:06 INFO StandaloneAppClient$ClientEndpoint: Connecting to master spark://spark-master:7077...
[2025-04-27T08:24:06.722+0000] {spark_submit.py:490} INFO - 25/04/27 08:24:06 INFO TransportClientFactory: Successfully created connection to spark-master/172.18.0.2:7077 after 19 ms (0 ms spent in bootstraps)
[2025-04-27T08:24:06.791+0000] {spark_submit.py:490} INFO - 25/04/27 08:24:06 INFO StandaloneSchedulerBackend: Connected to Spark cluster with app ID app-20250427082406-0010
[2025-04-27T08:24:06.796+0000] {spark_submit.py:490} INFO - 25/04/27 08:24:06 INFO Utils: Successfully started service 'org.apache.spark.network.netty.NettyBlockTransferService' on port 39245.
[2025-04-27T08:24:06.796+0000] {spark_submit.py:490} INFO - 25/04/27 08:24:06 INFO NettyBlockTransferService: Server created on c82426b22b9f:39245
[2025-04-27T08:24:06.797+0000] {spark_submit.py:490} INFO - 25/04/27 08:24:06 INFO BlockManager: Using org.apache.spark.storage.RandomBlockReplicationPolicy for block replication policy
[2025-04-27T08:24:06.803+0000] {spark_submit.py:490} INFO - 25/04/27 08:24:06 INFO BlockManagerMaster: Registering BlockManager BlockManagerId(driver, c82426b22b9f, 39245, None)
[2025-04-27T08:24:06.805+0000] {spark_submit.py:490} INFO - 25/04/27 08:24:06 INFO BlockManagerMasterEndpoint: Registering block manager c82426b22b9f:39245 with 434.4 MiB RAM, BlockManagerId(driver, c82426b22b9f, 39245, None)
[2025-04-27T08:24:06.808+0000] {spark_submit.py:490} INFO - 25/04/27 08:24:06 INFO BlockManagerMaster: Registered BlockManager BlockManagerId(driver, c82426b22b9f, 39245, None)
[2025-04-27T08:24:06.809+0000] {spark_submit.py:490} INFO - 25/04/27 08:24:06 INFO BlockManager: Initialized BlockManager: BlockManagerId(driver, c82426b22b9f, 39245, None)
[2025-04-27T08:24:06.944+0000] {spark_submit.py:490} INFO - 25/04/27 08:24:06 INFO StandaloneSchedulerBackend: SchedulerBackend is ready for scheduling beginning after reached minRegisteredResourcesRatio: 0.0
[2025-04-27T08:24:07.080+0000] {spark_submit.py:490} INFO - 25/04/27 08:24:07 INFO SharedState: Setting hive.metastore.warehouse.dir ('null') to the value of spark.sql.warehouse.dir.
[2025-04-27T08:24:07.082+0000] {spark_submit.py:490} INFO - 25/04/27 08:24:07 INFO SharedState: Warehouse path is 'file:/opt/airflow/spark-warehouse'.
[2025-04-27T08:24:09.977+0000] {spark_submit.py:490} INFO - 25/04/27 08:24:09 INFO CodeGenerator: Code generated in 104.134418 ms
[2025-04-27T08:24:10.041+0000] {spark_submit.py:490} INFO - 25/04/27 08:24:10 INFO DAGScheduler: Registering RDD 3 (jdbc at NativeMethodAccessorImpl.java:0) as input to shuffle 0
[2025-04-27T08:24:10.045+0000] {spark_submit.py:490} INFO - 25/04/27 08:24:10 INFO DAGScheduler: Got map stage job 0 (jdbc at NativeMethodAccessorImpl.java:0) with 1 output partitions
[2025-04-27T08:24:10.045+0000] {spark_submit.py:490} INFO - 25/04/27 08:24:10 INFO DAGScheduler: Final stage: ShuffleMapStage 0 (jdbc at NativeMethodAccessorImpl.java:0)
[2025-04-27T08:24:10.045+0000] {spark_submit.py:490} INFO - 25/04/27 08:24:10 INFO DAGScheduler: Parents of final stage: List()
[2025-04-27T08:24:10.046+0000] {spark_submit.py:490} INFO - 25/04/27 08:24:10 INFO DAGScheduler: Missing parents: List()
[2025-04-27T08:24:10.048+0000] {spark_submit.py:490} INFO - 25/04/27 08:24:10 INFO DAGScheduler: Submitting ShuffleMapStage 0 (MapPartitionsRDD[3] at jdbc at NativeMethodAccessorImpl.java:0), which has no missing parents
[2025-04-27T08:24:10.158+0000] {spark_submit.py:490} INFO - 25/04/27 08:24:10 INFO MemoryStore: Block broadcast_0 stored as values in memory (estimated size 16.3 KiB, free 434.4 MiB)
[2025-04-27T08:24:10.196+0000] {spark_submit.py:490} INFO - 25/04/27 08:24:10 INFO MemoryStore: Block broadcast_0_piece0 stored as bytes in memory (estimated size 7.9 KiB, free 434.4 MiB)
[2025-04-27T08:24:10.198+0000] {spark_submit.py:490} INFO - 25/04/27 08:24:10 INFO BlockManagerInfo: Added broadcast_0_piece0 in memory on c82426b22b9f:39245 (size: 7.9 KiB, free: 434.4 MiB)
[2025-04-27T08:24:10.201+0000] {spark_submit.py:490} INFO - 25/04/27 08:24:10 INFO SparkContext: Created broadcast 0 from broadcast at DAGScheduler.scala:1513
[2025-04-27T08:24:10.214+0000] {spark_submit.py:490} INFO - 25/04/27 08:24:10 INFO DAGScheduler: Submitting 1 missing tasks from ShuffleMapStage 0 (MapPartitionsRDD[3] at jdbc at NativeMethodAccessorImpl.java:0) (first 15 tasks are for partitions Vector(0))
[2025-04-27T08:24:10.215+0000] {spark_submit.py:490} INFO - 25/04/27 08:24:10 INFO TaskSchedulerImpl: Adding task set 0.0 with 1 tasks resource profile 0
[2025-04-27T08:24:25.231+0000] {spark_submit.py:490} INFO - 25/04/27 08:24:25 WARN TaskSchedulerImpl: Initial job has not accepted any resources; check your cluster UI to ensure that workers are registered and have sufficient resources
[2025-04-27T08:24:40.237+0000] {spark_submit.py:490} INFO - 25/04/27 08:24:40 WARN TaskSchedulerImpl: Initial job has not accepted any resources; check your cluster UI to ensure that workers are registered and have sufficient resources
[2025-04-27T08:24:55.235+0000] {spark_submit.py:490} INFO - 25/04/27 08:24:55 WARN TaskSchedulerImpl: Initial job has not accepted any resources; check your cluster UI to ensure that workers are registered and have sufficient resources
[2025-04-27T08:25:10.234+0000] {spark_submit.py:490} INFO - 25/04/27 08:25:10 WARN TaskSchedulerImpl: Initial job has not accepted any resources; check your cluster UI to ensure that workers are registered and have sufficient resources
[2025-04-27T08:25:25.230+0000] {spark_submit.py:490} INFO - 25/04/27 08:25:25 WARN TaskSchedulerImpl: Initial job has not accepted any resources; check your cluster UI to ensure that workers are registered and have sufficient resources
[2025-04-27T08:25:40.229+0000] {spark_submit.py:490} INFO - 25/04/27 08:25:40 WARN TaskSchedulerImpl: Initial job has not accepted any resources; check your cluster UI to ensure that workers are registered and have sufficient resources
[2025-04-27T08:25:55.230+0000] {spark_submit.py:490} INFO - 25/04/27 08:25:55 WARN TaskSchedulerImpl: Initial job has not accepted any resources; check your cluster UI to ensure that workers are registered and have sufficient resources
[2025-04-27T08:26:10.233+0000] {spark_submit.py:490} INFO - 25/04/27 08:26:10 WARN TaskSchedulerImpl: Initial job has not accepted any resources; check your cluster UI to ensure that workers are registered and have sufficient resources
[2025-04-27T08:26:25.230+0000] {spark_submit.py:490} INFO - 25/04/27 08:26:25 WARN TaskSchedulerImpl: Initial job has not accepted any resources; check your cluster UI to ensure that workers are registered and have sufficient resources
[2025-04-27T08:26:40.231+0000] {spark_submit.py:490} INFO - 25/04/27 08:26:40 WARN TaskSchedulerImpl: Initial job has not accepted any resources; check your cluster UI to ensure that workers are registered and have sufficient resources
[2025-04-27T08:26:55.230+0000] {spark_submit.py:490} INFO - 25/04/27 08:26:55 WARN TaskSchedulerImpl: Initial job has not accepted any resources; check your cluster UI to ensure that workers are registered and have sufficient resources
[2025-04-27T08:27:10.242+0000] {spark_submit.py:490} INFO - 25/04/27 08:27:10 WARN TaskSchedulerImpl: Initial job has not accepted any resources; check your cluster UI to ensure that workers are registered and have sufficient resources
[2025-04-27T08:27:10.283+0000] {local_task_job_runner.py:292} WARNING - State of this instance has been externally set to failed. Terminating instance.
[2025-04-27T08:27:10.285+0000] {process_utils.py:135} INFO - Sending Signals.SIGTERM to group 350. PIDs of all processes in the group: [351, 396, 350]
[2025-04-27T08:27:10.285+0000] {process_utils.py:86} INFO - Sending the signal Signals.SIGTERM to group 350
[2025-04-27T08:27:10.286+0000] {taskinstance.py:1517} ERROR - Received SIGTERM. Terminating subprocesses.
[2025-04-27T08:27:10.286+0000] {spark_submit.py:615} INFO - Sending kill signal to spark-submit
[2025-04-27T08:27:10.289+0000] {process_utils.py:79} INFO - Process psutil.Process(pid=396, status='terminated', started='08:24:05') (396) terminated with exit code None
[2025-04-27T08:27:10.341+0000] {process_utils.py:79} INFO - Process psutil.Process(pid=350, status='terminated', exitcode=0, started='08:24:02') (350) terminated with exit code 0
[2025-04-27T08:27:10.342+0000] {process_utils.py:79} INFO - Process psutil.Process(pid=351, status='terminated', started='08:24:02') (351) terminated with exit code None
