[2025-04-29T12:56:28.015+0000] {taskinstance.py:1103} INFO - Dependencies all met for dep_context=non-requeueable deps ti=<TaskInstance: superset_sync.dataset manual__2025-04-29T12:56:25.027510+00:00 [queued]>
[2025-04-29T12:56:28.022+0000] {taskinstance.py:1103} INFO - Dependencies all met for dep_context=requeueable deps ti=<TaskInstance: superset_sync.dataset manual__2025-04-29T12:56:25.027510+00:00 [queued]>
[2025-04-29T12:56:28.022+0000] {taskinstance.py:1308} INFO - Starting attempt 1 of 1
[2025-04-29T12:56:28.034+0000] {taskinstance.py:1327} INFO - Executing <Task(PythonOperator): dataset> on 2025-04-29 12:56:25.027510+00:00
[2025-04-29T12:56:28.037+0000] {standard_task_runner.py:57} INFO - Started process 1512 to run task
[2025-04-29T12:56:28.039+0000] {standard_task_runner.py:84} INFO - Running: ['airflow', 'tasks', 'run', 'superset_sync', 'dataset', 'manual__2025-04-29T12:56:25.027510+00:00', '--job-id', '17', '--raw', '--subdir', 'DAGS_FOLDER/superset_sync.py', '--cfg-path', '/tmp/tmpgiu6ybvs']
[2025-04-29T12:56:28.040+0000] {standard_task_runner.py:85} INFO - Job 17: Subtask dataset
[2025-04-29T12:56:28.079+0000] {task_command.py:410} INFO - Running <TaskInstance: superset_sync.dataset manual__2025-04-29T12:56:25.027510+00:00 [running]> on host bd05f2cbfffd
[2025-04-29T12:56:28.213+0000] {taskinstance.py:1547} INFO - Exporting env vars: AIRFLOW_CTX_DAG_OWNER='airflow' AIRFLOW_CTX_DAG_ID='superset_sync' AIRFLOW_CTX_TASK_ID='dataset' AIRFLOW_CTX_EXECUTION_DATE='2025-04-29T12:56:25.027510+00:00' AIRFLOW_CTX_TRY_NUMBER='1' AIRFLOW_CTX_DAG_RUN_ID='manual__2025-04-29T12:56:25.027510+00:00'
[2025-04-29T12:56:28.487+0000] {taskinstance.py:1824} ERROR - Task failed with exception
Traceback (most recent call last):
  File "/home/airflow/.local/lib/python3.7/site-packages/airflow/operators/python.py", line 181, in execute
    return_value = self.execute_callable()
  File "/home/airflow/.local/lib/python3.7/site-packages/airflow/operators/python.py", line 198, in execute_callable
    return self.python_callable(*self.op_args, **self.op_kwargs)
  File "/opt/airflow/dags/superset_sync.py", line 104, in task_dataset
    pg_ds = _upsert_dataset(token, pg_id, PG_SCHEMA, TABLE)
  File "/opt/airflow/dags/superset_sync.py", line 79, in _upsert_dataset
    ds_id = _get_dataset_id(token, db_id, schema, table)
  File "/opt/airflow/dags/superset_sync.py", line 75, in _get_dataset_id
    return r["result"][0]["id"] if r["count"] else None
KeyError: 'count'
[2025-04-29T12:56:28.496+0000] {taskinstance.py:1350} INFO - Marking task as FAILED. dag_id=superset_sync, task_id=dataset, execution_date=20250429T125625, start_date=20250429T125628, end_date=20250429T125628
[2025-04-29T12:56:28.503+0000] {standard_task_runner.py:109} ERROR - Failed to execute job 17 for task dataset ('count'; 1512)
[2025-04-29T12:56:28.532+0000] {local_task_job_runner.py:225} INFO - Task exited with return code 1
[2025-04-29T12:56:28.571+0000] {taskinstance.py:2653} INFO - 0 downstream tasks scheduled from follow-on schedule check
