[2025-04-30T11:53:46.745+0000] {taskinstance.py:1103} INFO - Dependencies all met for dep_context=non-requeueable deps ti=<TaskInstance: superset_sync.dataset manual__2025-04-30T11:50:42.252013+00:00 [queued]>
[2025-04-30T11:53:46.750+0000] {taskinstance.py:1103} INFO - Dependencies all met for dep_context=requeueable deps ti=<TaskInstance: superset_sync.dataset manual__2025-04-30T11:50:42.252013+00:00 [queued]>
[2025-04-30T11:53:46.751+0000] {taskinstance.py:1308} INFO - Starting attempt 2 of 2
[2025-04-30T11:53:46.760+0000] {taskinstance.py:1327} INFO - Executing <Task(PythonOperator): dataset> on 2025-04-30 11:50:42.252013+00:00
[2025-04-30T11:53:46.764+0000] {standard_task_runner.py:57} INFO - Started process 33345 to run task
[2025-04-30T11:53:46.766+0000] {standard_task_runner.py:84} INFO - Running: ['airflow', 'tasks', 'run', 'superset_sync', 'dataset', 'manual__2025-04-30T11:50:42.252013+00:00', '--job-id', '39', '--raw', '--subdir', 'DAGS_FOLDER/superset_sync.py', '--cfg-path', '/tmp/tmpdcsl___b']
[2025-04-30T11:53:46.766+0000] {standard_task_runner.py:85} INFO - Job 39: Subtask dataset
[2025-04-30T11:53:46.803+0000] {task_command.py:410} INFO - Running <TaskInstance: superset_sync.dataset manual__2025-04-30T11:50:42.252013+00:00 [running]> on host f349d8d6503e
[2025-04-30T11:53:46.943+0000] {taskinstance.py:1547} INFO - Exporting env vars: AIRFLOW_CTX_DAG_OWNER='airflow' AIRFLOW_CTX_DAG_ID='superset_sync' AIRFLOW_CTX_TASK_ID='dataset' AIRFLOW_CTX_EXECUTION_DATE='2025-04-30T11:50:42.252013+00:00' AIRFLOW_CTX_TRY_NUMBER='2' AIRFLOW_CTX_DAG_RUN_ID='manual__2025-04-30T11:50:42.252013+00:00'
[2025-04-30T11:53:46.946+0000] {superset_sync.py:72} INFO - Superset ещё не готов (HTTPConnectionPool(host='superset', port=8088): Max retries exceeded with url: /api/v1/security/login (Caused by NewConnectionError('<urllib3.connection.HTTPConnection object at 0x7a9a093f4490>: Failed to establish a new connection: [Errno -3] Temporary failure in name resolution'))). Ждём 3 c ...
[2025-04-30T11:53:49.954+0000] {superset_sync.py:72} INFO - Superset ещё не готов (HTTPConnectionPool(host='superset', port=8088): Max retries exceeded with url: /api/v1/security/login (Caused by NewConnectionError('<urllib3.connection.HTTPConnection object at 0x7a9a0775c050>: Failed to establish a new connection: [Errno -3] Temporary failure in name resolution'))). Ждём 3 c ...
[2025-04-30T11:53:52.962+0000] {superset_sync.py:72} INFO - Superset ещё не готов (HTTPConnectionPool(host='superset', port=8088): Max retries exceeded with url: /api/v1/security/login (Caused by NewConnectionError('<urllib3.connection.HTTPConnection object at 0x7a9a0775c150>: Failed to establish a new connection: [Errno -3] Temporary failure in name resolution'))). Ждём 3 c ...
[2025-04-30T11:53:55.969+0000] {superset_sync.py:72} INFO - Superset ещё не готов (HTTPConnectionPool(host='superset', port=8088): Max retries exceeded with url: /api/v1/security/login (Caused by NewConnectionError('<urllib3.connection.HTTPConnection object at 0x7a9a0775cc10>: Failed to establish a new connection: [Errno -3] Temporary failure in name resolution'))). Ждём 3 c ...
[2025-04-30T11:53:58.977+0000] {superset_sync.py:72} INFO - Superset ещё не готов (HTTPConnectionPool(host='superset', port=8088): Max retries exceeded with url: /api/v1/security/login (Caused by NewConnectionError('<urllib3.connection.HTTPConnection object at 0x7a9a0775c150>: Failed to establish a new connection: [Errno -3] Temporary failure in name resolution'))). Ждём 3 c ...
[2025-04-30T11:54:01.984+0000] {superset_sync.py:72} INFO - Superset ещё не готов (HTTPConnectionPool(host='superset', port=8088): Max retries exceeded with url: /api/v1/security/login (Caused by NewConnectionError('<urllib3.connection.HTTPConnection object at 0x7a9a0775cc10>: Failed to establish a new connection: [Errno -3] Temporary failure in name resolution'))). Ждём 3 c ...
[2025-04-30T11:54:04.992+0000] {superset_sync.py:72} INFO - Superset ещё не готов (HTTPConnectionPool(host='superset', port=8088): Max retries exceeded with url: /api/v1/security/login (Caused by NewConnectionError('<urllib3.connection.HTTPConnection object at 0x7a9a0775c150>: Failed to establish a new connection: [Errno -3] Temporary failure in name resolution'))). Ждём 3 c ...
[2025-04-30T11:54:07.998+0000] {superset_sync.py:72} INFO - Superset ещё не готов (HTTPConnectionPool(host='superset', port=8088): Max retries exceeded with url: /api/v1/security/login (Caused by NewConnectionError('<urllib3.connection.HTTPConnection object at 0x7a9a0775cc10>: Failed to establish a new connection: [Errno -3] Temporary failure in name resolution'))). Ждём 3 c ...
[2025-04-30T11:54:11.005+0000] {superset_sync.py:72} INFO - Superset ещё не готов (HTTPConnectionPool(host='superset', port=8088): Max retries exceeded with url: /api/v1/security/login (Caused by NewConnectionError('<urllib3.connection.HTTPConnection object at 0x7a9a0775c150>: Failed to establish a new connection: [Errno -3] Temporary failure in name resolution'))). Ждём 3 c ...
[2025-04-30T11:54:14.013+0000] {superset_sync.py:72} INFO - Superset ещё не готов (HTTPConnectionPool(host='superset', port=8088): Max retries exceeded with url: /api/v1/security/login (Caused by NewConnectionError('<urllib3.connection.HTTPConnection object at 0x7a9a0775cc10>: Failed to establish a new connection: [Errno -3] Temporary failure in name resolution'))). Ждём 3 c ...
[2025-04-30T11:54:17.021+0000] {superset_sync.py:72} INFO - Superset ещё не готов (HTTPConnectionPool(host='superset', port=8088): Max retries exceeded with url: /api/v1/security/login (Caused by NewConnectionError('<urllib3.connection.HTTPConnection object at 0x7a9a0775c150>: Failed to establish a new connection: [Errno -3] Temporary failure in name resolution'))). Ждём 3 c ...
[2025-04-30T11:54:20.028+0000] {superset_sync.py:72} INFO - Superset ещё не готов (HTTPConnectionPool(host='superset', port=8088): Max retries exceeded with url: /api/v1/security/login (Caused by NewConnectionError('<urllib3.connection.HTTPConnection object at 0x7a9a0775cc10>: Failed to establish a new connection: [Errno -3] Temporary failure in name resolution'))). Ждём 3 c ...
[2025-04-30T11:54:23.036+0000] {superset_sync.py:72} INFO - Superset ещё не готов (HTTPConnectionPool(host='superset', port=8088): Max retries exceeded with url: /api/v1/security/login (Caused by NewConnectionError('<urllib3.connection.HTTPConnection object at 0x7a9a0775c150>: Failed to establish a new connection: [Errno -3] Temporary failure in name resolution'))). Ждём 3 c ...
[2025-04-30T11:54:26.044+0000] {superset_sync.py:72} INFO - Superset ещё не готов (HTTPConnectionPool(host='superset', port=8088): Max retries exceeded with url: /api/v1/security/login (Caused by NewConnectionError('<urllib3.connection.HTTPConnection object at 0x7a9a0775cc10>: Failed to establish a new connection: [Errno -3] Temporary failure in name resolution'))). Ждём 3 c ...
[2025-04-30T11:54:29.053+0000] {superset_sync.py:72} INFO - Superset ещё не готов (HTTPConnectionPool(host='superset', port=8088): Max retries exceeded with url: /api/v1/security/login (Caused by NewConnectionError('<urllib3.connection.HTTPConnection object at 0x7a9a0775c150>: Failed to establish a new connection: [Errno -3] Temporary failure in name resolution'))). Ждём 3 c ...
[2025-04-30T11:54:32.062+0000] {superset_sync.py:72} INFO - Superset ещё не готов (HTTPConnectionPool(host='superset', port=8088): Max retries exceeded with url: /api/v1/security/login (Caused by NewConnectionError('<urllib3.connection.HTTPConnection object at 0x7a9a0775cc10>: Failed to establish a new connection: [Errno -3] Temporary failure in name resolution'))). Ждём 3 c ...
[2025-04-30T11:54:35.070+0000] {superset_sync.py:72} INFO - Superset ещё не готов (HTTPConnectionPool(host='superset', port=8088): Max retries exceeded with url: /api/v1/security/login (Caused by NewConnectionError('<urllib3.connection.HTTPConnection object at 0x7a9a0775c150>: Failed to establish a new connection: [Errno -3] Temporary failure in name resolution'))). Ждём 3 c ...
[2025-04-30T11:54:38.078+0000] {superset_sync.py:72} INFO - Superset ещё не готов (HTTPConnectionPool(host='superset', port=8088): Max retries exceeded with url: /api/v1/security/login (Caused by NewConnectionError('<urllib3.connection.HTTPConnection object at 0x7a9a0775cc10>: Failed to establish a new connection: [Errno -3] Temporary failure in name resolution'))). Ждём 3 c ...
[2025-04-30T11:54:41.083+0000] {superset_sync.py:72} INFO - Superset ещё не готов (HTTPConnectionPool(host='superset', port=8088): Max retries exceeded with url: /api/v1/security/login (Caused by NewConnectionError('<urllib3.connection.HTTPConnection object at 0x7a9a0775c150>: Failed to establish a new connection: [Errno -3] Temporary failure in name resolution'))). Ждём 3 c ...
[2025-04-30T11:54:44.089+0000] {superset_sync.py:72} INFO - Superset ещё не готов (HTTPConnectionPool(host='superset', port=8088): Max retries exceeded with url: /api/v1/security/login (Caused by NewConnectionError('<urllib3.connection.HTTPConnection object at 0x7a9a0775cc10>: Failed to establish a new connection: [Errno -3] Temporary failure in name resolution'))). Ждём 3 c ...
[2025-04-30T11:54:47.093+0000] {taskinstance.py:1824} ERROR - Task failed with exception
Traceback (most recent call last):
  File "/home/airflow/.local/lib/python3.7/site-packages/airflow/operators/python.py", line 181, in execute
    return_value = self.execute_callable()
  File "/home/airflow/.local/lib/python3.7/site-packages/airflow/operators/python.py", line 198, in execute_callable
    return self.python_callable(*self.op_args, **self.op_kwargs)
  File "/opt/airflow/dags/superset_sync.py", line 165, in task_datasets
    sess, head = _auth()
  File "/opt/airflow/dags/superset_sync.py", line 74, in _auth
    raise RuntimeError("Не удалось авторизоваться в Superset")
RuntimeError: Не удалось авторизоваться в Superset
[2025-04-30T11:54:47.112+0000] {taskinstance.py:1350} INFO - Marking task as FAILED. dag_id=superset_sync, task_id=dataset, execution_date=20250430T115042, start_date=20250430T115346, end_date=20250430T115447
[2025-04-30T11:54:47.132+0000] {standard_task_runner.py:109} ERROR - Failed to execute job 39 for task dataset (Не удалось авторизоваться в Superset; 33345)
[2025-04-30T11:54:47.179+0000] {local_task_job_runner.py:225} INFO - Task exited with return code 1
[2025-04-30T11:54:47.214+0000] {taskinstance.py:2653} INFO - 0 downstream tasks scheduled from follow-on schedule check
