[2025-05-06T09:07:03.837+0000] {taskinstance.py:1103} INFO - Dependencies all met for dep_context=non-requeueable deps ti=<TaskInstance: extract_load.load_rates manual__2025-05-06T08:39:07.209160+00:00 [queued]>
[2025-05-06T09:07:03.844+0000] {taskinstance.py:1103} INFO - Dependencies all met for dep_context=requeueable deps ti=<TaskInstance: extract_load.load_rates manual__2025-05-06T08:39:07.209160+00:00 [queued]>
[2025-05-06T09:07:03.844+0000] {taskinstance.py:1308} INFO - Starting attempt 1 of 2
[2025-05-06T09:07:03.855+0000] {taskinstance.py:1327} INFO - Executing <Task(PythonOperator): load_rates> on 2025-05-06 08:39:07.209160+00:00
[2025-05-06T09:07:03.861+0000] {standard_task_runner.py:57} INFO - Started process 92 to run task
[2025-05-06T09:07:03.863+0000] {standard_task_runner.py:84} INFO - Running: ['airflow', 'tasks', 'run', 'extract_load', 'load_rates', 'manual__2025-05-06T08:39:07.209160+00:00', '--job-id', '169', '--raw', '--subdir', 'DAGS_FOLDER/extract_load.py', '--cfg-path', '/tmp/tmpfv0cidtv']
[2025-05-06T09:07:03.864+0000] {standard_task_runner.py:85} INFO - Job 169: Subtask load_rates
[2025-05-06T09:07:03.876+0000] {logging_mixin.py:150} WARNING - /home/airflow/.local/lib/python3.7/site-packages/airflow/settings.py:195 DeprecationWarning: The sql_alchemy_conn option in [core] has been moved to the sql_alchemy_conn option in [database] - the old setting has been used, but please update your config.
[2025-05-06T09:07:03.906+0000] {task_command.py:410} INFO - Running <TaskInstance: extract_load.load_rates manual__2025-05-06T08:39:07.209160+00:00 [running]> on host 18351abe39b6
[2025-05-06T09:07:03.982+0000] {taskinstance.py:1547} INFO - Exporting env vars: AIRFLOW_CTX_DAG_OWNER='finbest' AIRFLOW_CTX_DAG_ID='extract_load' AIRFLOW_CTX_TASK_ID='load_rates' AIRFLOW_CTX_EXECUTION_DATE='2025-05-06T08:39:07.209160+00:00' AIRFLOW_CTX_TRY_NUMBER='1' AIRFLOW_CTX_DAG_RUN_ID='manual__2025-05-06T08:39:07.209160+00:00'
[2025-05-06T09:07:03.986+0000] {crypto.py:83} WARNING - empty cryptography key - values will not be stored encrypted.
[2025-05-06T09:07:03.986+0000] {base.py:73} INFO - Using connection ID 'postgres_default' for task execution.
[2025-05-06T09:07:03.991+0000] {sql.py:375} INFO - Running statement: DELETE FROM staging.currency_rates WHERE date='2025-05-06', parameters: None
[2025-05-06T09:07:03.993+0000] {sql.py:384} INFO - Rows affected: 0
[2025-05-06T09:07:03.993+0000] {base.py:73} INFO - Using connection ID 'postgres_default' for task execution.
[2025-05-06T09:07:04.009+0000] {logging_mixin.py:150} INFO - Курсы валют загружены на дату 2025-05-06
[2025-05-06T09:07:04.010+0000] {python.py:183} INFO - Done. Returned value was: None
[2025-05-06T09:07:04.019+0000] {taskinstance.py:1350} INFO - Marking task as SUCCESS. dag_id=extract_load, task_id=load_rates, execution_date=20250506T083907, start_date=20250506T090703, end_date=20250506T090704
[2025-05-06T09:07:04.035+0000] {local_task_job_runner.py:225} INFO - Task exited with return code 0
[2025-05-06T09:07:04.050+0000] {taskinstance.py:2653} INFO - 0 downstream tasks scheduled from follow-on schedule check
