[2025-05-08T23:09:56.689+0000] {taskinstance.py:1103} INFO - Dependencies all met for dep_context=non-requeueable deps ti=<TaskInstance: graph_analysis.define_categories manual__2025-05-08T23:09:50.862860+00:00 [queued]>
[2025-05-08T23:09:56.695+0000] {taskinstance.py:1103} INFO - Dependencies all met for dep_context=requeueable deps ti=<TaskInstance: graph_analysis.define_categories manual__2025-05-08T23:09:50.862860+00:00 [queued]>
[2025-05-08T23:09:56.695+0000] {taskinstance.py:1308} INFO - Starting attempt 1 of 1
[2025-05-08T23:09:56.706+0000] {taskinstance.py:1327} INFO - Executing <Task(PostgresOperator): define_categories> on 2025-05-08 23:09:50.862860+00:00
[2025-05-08T23:09:56.710+0000] {standard_task_runner.py:57} INFO - Started process 69 to run task
[2025-05-08T23:09:56.712+0000] {standard_task_runner.py:84} INFO - Running: ['airflow', 'tasks', 'run', 'graph_analysis', 'define_categories', 'manual__2025-05-08T23:09:50.862860+00:00', '--job-id', '367', '--raw', '--subdir', 'DAGS_FOLDER/graph_analysis.py', '--cfg-path', '/tmp/tmpt6wvk2mc']
[2025-05-08T23:09:56.713+0000] {standard_task_runner.py:85} INFO - Job 367: Subtask define_categories
[2025-05-08T23:09:56.725+0000] {logging_mixin.py:150} WARNING - /home/airflow/.local/lib/python3.8/site-packages/airflow/settings.py:195 DeprecationWarning: The sql_alchemy_conn option in [core] has been moved to the sql_alchemy_conn option in [database] - the old setting has been used, but please update your config.
[2025-05-08T23:09:56.756+0000] {task_command.py:410} INFO - Running <TaskInstance: graph_analysis.define_categories manual__2025-05-08T23:09:50.862860+00:00 [running]> on host 5b3498dd9547
[2025-05-08T23:09:56.822+0000] {taskinstance.py:1545} INFO - Exporting env vars: AIRFLOW_CTX_DAG_OWNER='finbest' AIRFLOW_CTX_DAG_ID='graph_analysis' AIRFLOW_CTX_TASK_ID='define_categories' AIRFLOW_CTX_EXECUTION_DATE='2025-05-08T23:09:50.862860+00:00' AIRFLOW_CTX_TRY_NUMBER='1' AIRFLOW_CTX_DAG_RUN_ID='manual__2025-05-08T23:09:50.862860+00:00'
[2025-05-08T23:09:56.822+0000] {sql.py:265} INFO - Executing: 
    ALTER TABLE raw.masked_transactions ADD COLUMN IF NOT EXISTS category VARCHAR;
    
    UPDATE raw.masked_transactions
    SET category = 
        CASE 
            WHEN transaction_type = 'p2p' THEN 'p2p'
            WHEN merchant IN ('Amazon', 'Ozon') THEN 'retail'
            WHEN merchant = 'Uber' THEN 'travel'
            ELSE 'other'
        END
    WHERE category IS NULL;
    
[2025-05-08T23:09:56.823+0000] {crypto.py:83} WARNING - empty cryptography key - values will not be stored encrypted.
[2025-05-08T23:09:56.823+0000] {base.py:73} INFO - Using connection ID 'postgres_default' for task execution.
[2025-05-08T23:09:56.861+0000] {base.py:73} INFO - Using connection ID 'postgres_default' for task execution.
[2025-05-08T23:09:56.868+0000] {sql.py:374} INFO - Running statement: 
    ALTER TABLE raw.masked_transactions ADD COLUMN IF NOT EXISTS category VARCHAR;
    
    UPDATE raw.masked_transactions
    SET category = 
        CASE 
            WHEN transaction_type = 'p2p' THEN 'p2p'
            WHEN merchant IN ('Amazon', 'Ozon') THEN 'retail'
            WHEN merchant = 'Uber' THEN 'travel'
            ELSE 'other'
        END
    WHERE category IS NULL;
    , parameters: None
[2025-05-08T23:09:56.876+0000] {sql.py:383} INFO - Rows affected: 0
[2025-05-08T23:09:56.887+0000] {taskinstance.py:1345} INFO - Marking task as SUCCESS. dag_id=graph_analysis, task_id=define_categories, execution_date=20250508T230950, start_date=20250508T230956, end_date=20250508T230956
[2025-05-08T23:09:56.924+0000] {local_task_job_runner.py:225} INFO - Task exited with return code 0
[2025-05-08T23:09:56.948+0000] {taskinstance.py:2653} INFO - 1 downstream tasks scheduled from follow-on schedule check
