[2025-05-06T20:47:34.032+0000] {taskinstance.py:1103} INFO - Dependencies all met for dep_context=non-requeueable deps ti=<TaskInstance: extract_load.update_transactions_schema manual__2025-05-06T20:47:21.442917+00:00 [queued]>
[2025-05-06T20:47:34.040+0000] {taskinstance.py:1103} INFO - Dependencies all met for dep_context=requeueable deps ti=<TaskInstance: extract_load.update_transactions_schema manual__2025-05-06T20:47:21.442917+00:00 [queued]>
[2025-05-06T20:47:34.040+0000] {taskinstance.py:1308} INFO - Starting attempt 1 of 2
[2025-05-06T20:47:34.048+0000] {taskinstance.py:1327} INFO - Executing <Task(PythonOperator): update_transactions_schema> on 2025-05-06 20:47:21.442917+00:00
[2025-05-06T20:47:34.054+0000] {standard_task_runner.py:57} INFO - Started process 261 to run task
[2025-05-06T20:47:34.056+0000] {standard_task_runner.py:84} INFO - Running: ['airflow', 'tasks', 'run', 'extract_load', 'update_transactions_schema', 'manual__2025-05-06T20:47:21.442917+00:00', '--job-id', '220', '--raw', '--subdir', 'DAGS_FOLDER/extract_load.py', '--cfg-path', '/tmp/tmptawk8t30']
[2025-05-06T20:47:34.057+0000] {standard_task_runner.py:85} INFO - Job 220: Subtask update_transactions_schema
[2025-05-06T20:47:34.068+0000] {logging_mixin.py:150} WARNING - /home/airflow/.local/lib/python3.8/site-packages/airflow/settings.py:195 DeprecationWarning: The sql_alchemy_conn option in [core] has been moved to the sql_alchemy_conn option in [database] - the old setting has been used, but please update your config.
[2025-05-06T20:47:34.093+0000] {task_command.py:410} INFO - Running <TaskInstance: extract_load.update_transactions_schema manual__2025-05-06T20:47:21.442917+00:00 [running]> on host 837932af135c
[2025-05-06T20:47:34.153+0000] {taskinstance.py:1545} INFO - Exporting env vars: AIRFLOW_CTX_DAG_OWNER='finbest' AIRFLOW_CTX_DAG_ID='extract_load' AIRFLOW_CTX_TASK_ID='update_transactions_schema' AIRFLOW_CTX_EXECUTION_DATE='2025-05-06T20:47:21.442917+00:00' AIRFLOW_CTX_TRY_NUMBER='1' AIRFLOW_CTX_DAG_RUN_ID='manual__2025-05-06T20:47:21.442917+00:00'
[2025-05-06T20:47:34.154+0000] {crypto.py:83} WARNING - empty cryptography key - values will not be stored encrypted.
[2025-05-06T20:47:34.155+0000] {base.py:73} INFO - Using connection ID 'postgres_default' for task execution.
[2025-05-06T20:47:34.159+0000] {sql.py:374} INFO - Running statement: 
    SELECT column_name 
    FROM information_schema.columns 
    WHERE table_schema = 'staging' AND table_name = 'transactions'
    , parameters: None
[2025-05-06T20:47:34.170+0000] {sql.py:383} INFO - Rows affected: 16
[2025-05-06T20:47:34.170+0000] {logging_mixin.py:150} INFO - Текущие столбцы в БД: ['transaction_id', 'client_id', 'datetime', 'amount', 'currency', 'merchant', 'transaction_type', 'ip_address', 'category', 'country_code', 'region', 'device_type', 'session_id', 'channel', 'recipient_id', 'transaction_purpose']
[2025-05-06T20:47:34.178+0000] {logging_mixin.py:150} INFO - Столбцы в CSV: ['id', 'transaction_id', 'client_id', 'datetime', 'amount', 'currency', 'merchant', 'transaction_type', 'ip_address', 'category', 'country_code', 'region', 'device_type', 'session_id', 'channel', 'recipient_id', 'transaction_purpose']
[2025-05-06T20:47:34.179+0000] {logging_mixin.py:150} INFO - Недостающие столбцы: []
[2025-05-06T20:47:34.179+0000] {python.py:183} INFO - Done. Returned value was: None
[2025-05-06T20:47:34.188+0000] {taskinstance.py:1345} INFO - Marking task as SUCCESS. dag_id=extract_load, task_id=update_transactions_schema, execution_date=20250506T204721, start_date=20250506T204734, end_date=20250506T204734
[2025-05-06T20:47:34.228+0000] {local_task_job_runner.py:225} INFO - Task exited with return code 0
[2025-05-06T20:47:34.261+0000] {taskinstance.py:2653} INFO - 1 downstream tasks scheduled from follow-on schedule check
