[2025-05-04T20:45:21.829+0000] {taskinstance.py:1103} INFO - Dependencies all met for dep_context=non-requeueable deps ti=<TaskInstance: graph_analysis.build_graph manual__2025-05-04T20:45:14.414549+00:00 [queued]>
[2025-05-04T20:45:21.836+0000] {taskinstance.py:1103} INFO - Dependencies all met for dep_context=requeueable deps ti=<TaskInstance: graph_analysis.build_graph manual__2025-05-04T20:45:14.414549+00:00 [queued]>
[2025-05-04T20:45:21.836+0000] {taskinstance.py:1308} INFO - Starting attempt 1 of 2
[2025-05-04T20:45:21.846+0000] {taskinstance.py:1327} INFO - Executing <Task(SparkSubmitOperator): build_graph> on 2025-05-04 20:45:14.414549+00:00
[2025-05-04T20:45:21.849+0000] {standard_task_runner.py:57} INFO - Started process 7328 to run task
[2025-05-04T20:45:21.851+0000] {standard_task_runner.py:84} INFO - Running: ['airflow', 'tasks', 'run', 'graph_analysis', 'build_graph', 'manual__2025-05-04T20:45:14.414549+00:00', '--job-id', '156', '--raw', '--subdir', 'DAGS_FOLDER/graph_analysis.py', '--cfg-path', '/tmp/tmpdu5hx7h6']
[2025-05-04T20:45:21.852+0000] {standard_task_runner.py:85} INFO - Job 156: Subtask build_graph
[2025-05-04T20:45:21.865+0000] {logging_mixin.py:150} WARNING - /home/airflow/.local/lib/python3.7/site-packages/airflow/settings.py:195 DeprecationWarning: The sql_alchemy_conn option in [core] has been moved to the sql_alchemy_conn option in [database] - the old setting has been used, but please update your config.
[2025-05-04T20:45:21.896+0000] {task_command.py:410} INFO - Running <TaskInstance: graph_analysis.build_graph manual__2025-05-04T20:45:14.414549+00:00 [running]> on host 773728ee9afd
[2025-05-04T20:45:22.048+0000] {taskinstance.py:1547} INFO - Exporting env vars: AIRFLOW_CTX_DAG_OWNER='finbest' AIRFLOW_CTX_DAG_ID='graph_analysis' AIRFLOW_CTX_TASK_ID='build_graph' AIRFLOW_CTX_EXECUTION_DATE='2025-05-04T20:45:14.414549+00:00' AIRFLOW_CTX_TRY_NUMBER='1' AIRFLOW_CTX_DAG_RUN_ID='manual__2025-05-04T20:45:14.414549+00:00'
[2025-05-04T20:45:22.059+0000] {base.py:73} INFO - Using connection ID 'spark_default' for task execution.
[2025-05-04T20:45:22.060+0000] {spark_submit.py:339} INFO - Spark-Submit cmd: spark-submit --master spark://spark-master:7077 --jars /opt/spark/jars/graphframes-0.8.3-spark3.2-s_2.12.jar --packages org.postgresql:postgresql:42.6.0 --executor-cores 2 --executor-memory 2g --driver-memory 2g --name arrow-spark --verbose /opt/airflow/spark/build_graph.py --jdbc jdbc:postgresql://postgres:5432/finbest --user finbest --password ******
[2025-05-04T20:45:23.404+0000] {spark_submit.py:490} INFO - Using properties file: null
[2025-05-04T20:45:23.472+0000] {spark_submit.py:490} INFO - Parsed arguments:
[2025-05-04T20:45:23.472+0000] {spark_submit.py:490} INFO - master                  spark://spark-master:7077
[2025-05-04T20:45:23.472+0000] {spark_submit.py:490} INFO - deployMode              null
[2025-05-04T20:45:23.472+0000] {spark_submit.py:490} INFO - executorMemory          2g
[2025-05-04T20:45:23.472+0000] {spark_submit.py:490} INFO - executorCores           2
[2025-05-04T20:45:23.473+0000] {spark_submit.py:490} INFO - totalExecutorCores      null
[2025-05-04T20:45:23.473+0000] {spark_submit.py:490} INFO - propertiesFile          null
[2025-05-04T20:45:23.473+0000] {spark_submit.py:490} INFO - driverMemory            2g
[2025-05-04T20:45:23.473+0000] {spark_submit.py:490} INFO - driverCores             null
[2025-05-04T20:45:23.473+0000] {spark_submit.py:490} INFO - driverExtraClassPath    null
[2025-05-04T20:45:23.473+0000] {spark_submit.py:490} INFO - driverExtraLibraryPath  null
[2025-05-04T20:45:23.473+0000] {spark_submit.py:490} INFO - driverExtraJavaOptions  null
[2025-05-04T20:45:23.473+0000] {spark_submit.py:490} INFO - supervise               false
[2025-05-04T20:45:23.473+0000] {spark_submit.py:490} INFO - queue                   null
[2025-05-04T20:45:23.473+0000] {spark_submit.py:490} INFO - numExecutors            null
[2025-05-04T20:45:23.473+0000] {spark_submit.py:490} INFO - files                   null
[2025-05-04T20:45:23.473+0000] {spark_submit.py:490} INFO - pyFiles                 null
[2025-05-04T20:45:23.474+0000] {spark_submit.py:490} INFO - archives                null
[2025-05-04T20:45:23.474+0000] {spark_submit.py:490} INFO - mainClass               null
[2025-05-04T20:45:23.474+0000] {spark_submit.py:490} INFO - primaryResource         file:/opt/airflow/spark/build_graph.py
[2025-05-04T20:45:23.474+0000] {spark_submit.py:490} INFO - name                    arrow-spark
[2025-05-04T20:45:23.474+0000] {spark_submit.py:490} INFO - childArgs               [--jdbc jdbc:postgresql://postgres:5432/finbest --user finbest --password ***]
[2025-05-04T20:45:23.474+0000] {spark_submit.py:490} INFO - jars                    file:/opt/spark/jars/graphframes-0.8.3-spark3.2-s_2.12.jar
[2025-05-04T20:45:23.474+0000] {spark_submit.py:490} INFO - packages                org.postgresql:postgresql:42.6.0
[2025-05-04T20:45:23.474+0000] {spark_submit.py:490} INFO - packagesExclusions      null
[2025-05-04T20:45:23.474+0000] {spark_submit.py:490} INFO - repositories            null
[2025-05-04T20:45:23.475+0000] {spark_submit.py:490} INFO - verbose                 true
[2025-05-04T20:45:23.475+0000] {spark_submit.py:490} INFO - 
[2025-05-04T20:45:23.475+0000] {spark_submit.py:490} INFO - Spark properties used, including those specified through
[2025-05-04T20:45:23.475+0000] {spark_submit.py:490} INFO - --conf and those from the properties file null:
[2025-05-04T20:45:23.475+0000] {spark_submit.py:490} INFO - (spark.driver.memory,2g)
[2025-05-04T20:45:23.475+0000] {spark_submit.py:490} INFO - 
[2025-05-04T20:45:23.475+0000] {spark_submit.py:490} INFO - 
[2025-05-04T20:45:23.580+0000] {spark_submit.py:490} INFO - :: loading settings :: url = jar:file:/opt/spark/jars/ivy-2.5.0.jar!/org/apache/ivy/core/settings/ivysettings.xml
[2025-05-04T20:45:23.667+0000] {spark_submit.py:490} INFO - Ivy Default Cache set to: /home/airflow/.ivy2/cache
[2025-05-04T20:45:23.668+0000] {spark_submit.py:490} INFO - The jars for the packages stored in: /home/airflow/.ivy2/jars
[2025-05-04T20:45:23.672+0000] {spark_submit.py:490} INFO - org.postgresql#postgresql added as a dependency
[2025-05-04T20:45:23.673+0000] {spark_submit.py:490} INFO - :: resolving dependencies :: org.apache.spark#spark-submit-parent-3c220365-a3af-4d08-afda-7a521e73ae34;1.0
[2025-05-04T20:45:23.673+0000] {spark_submit.py:490} INFO - confs: [default]
[2025-05-04T20:45:23.745+0000] {spark_submit.py:490} INFO - found org.postgresql#postgresql;42.6.0 in central
[2025-05-04T20:45:23.764+0000] {spark_submit.py:490} INFO - found org.checkerframework#checker-qual;3.31.0 in central
[2025-05-04T20:45:23.778+0000] {spark_submit.py:490} INFO - :: resolution report :: resolve 101ms :: artifacts dl 4ms
[2025-05-04T20:45:23.778+0000] {spark_submit.py:490} INFO - :: modules in use:
[2025-05-04T20:45:23.778+0000] {spark_submit.py:490} INFO - org.checkerframework#checker-qual;3.31.0 from central in [default]
[2025-05-04T20:45:23.778+0000] {spark_submit.py:490} INFO - org.postgresql#postgresql;42.6.0 from central in [default]
[2025-05-04T20:45:23.778+0000] {spark_submit.py:490} INFO - ---------------------------------------------------------------------
[2025-05-04T20:45:23.778+0000] {spark_submit.py:490} INFO - |                  |            modules            ||   artifacts   |
[2025-05-04T20:45:23.778+0000] {spark_submit.py:490} INFO - |       conf       | number| search|dwnlded|evicted|| number|dwnlded|
[2025-05-04T20:45:23.779+0000] {spark_submit.py:490} INFO - ---------------------------------------------------------------------
[2025-05-04T20:45:23.779+0000] {spark_submit.py:490} INFO - |      default     |   2   |   0   |   0   |   0   ||   2   |   0   |
[2025-05-04T20:45:23.779+0000] {spark_submit.py:490} INFO - ---------------------------------------------------------------------
[2025-05-04T20:45:23.781+0000] {spark_submit.py:490} INFO - :: retrieving :: org.apache.spark#spark-submit-parent-3c220365-a3af-4d08-afda-7a521e73ae34
[2025-05-04T20:45:23.781+0000] {spark_submit.py:490} INFO - confs: [default]
[2025-05-04T20:45:23.789+0000] {spark_submit.py:490} INFO - 2 artifacts copied, 0 already retrieved (1274kB/7ms)
[2025-05-04T20:45:23.968+0000] {spark_submit.py:490} INFO - 25/05/04 20:45:23 WARN NativeCodeLoader: Unable to load native-hadoop library for your platform... using builtin-java classes where applicable
[2025-05-04T20:45:24.128+0000] {spark_submit.py:490} INFO - Main class:
[2025-05-04T20:45:24.128+0000] {spark_submit.py:490} INFO - org.apache.spark.deploy.PythonRunner
[2025-05-04T20:45:24.128+0000] {spark_submit.py:490} INFO - Arguments:
[2025-05-04T20:45:24.129+0000] {spark_submit.py:490} INFO - file:/opt/airflow/spark/build_graph.py
[2025-05-04T20:45:24.129+0000] {spark_submit.py:490} INFO - file:///home/airflow/.ivy2/jars/org.postgresql_postgresql-42.6.0.jar,file:///home/airflow/.ivy2/jars/org.checkerframework_checker-qual-3.31.0.jar
[2025-05-04T20:45:24.129+0000] {spark_submit.py:490} INFO - --jdbc
[2025-05-04T20:45:24.129+0000] {spark_submit.py:490} INFO - jdbc:postgresql://postgres:5432/finbest
[2025-05-04T20:45:24.129+0000] {spark_submit.py:490} INFO - --user
[2025-05-04T20:45:24.129+0000] {spark_submit.py:490} INFO - finbest
[2025-05-04T20:45:24.129+0000] {spark_submit.py:490} INFO - --password
[2025-05-04T20:45:24.129+0000] {spark_submit.py:490} INFO - ***
[2025-05-04T20:45:24.131+0000] {spark_submit.py:490} INFO - Spark config:
[2025-05-04T20:45:24.132+0000] {spark_submit.py:490} INFO - (spark.app.name,arrow-spark)
[2025-05-04T20:45:24.132+0000] {spark_submit.py:490} INFO - (spark.app.submitTime,1746391524115)
[2025-05-04T20:45:24.132+0000] {spark_submit.py:490} INFO - (spark.driver.memory,2g)
[2025-05-04T20:45:24.132+0000] {spark_submit.py:490} INFO - (spark.executor.cores,2)
[2025-05-04T20:45:24.132+0000] {spark_submit.py:490} INFO - (spark.executor.memory,2g)
[2025-05-04T20:45:24.132+0000] {spark_submit.py:490} INFO - (spark.files,file:///home/airflow/.ivy2/jars/org.postgresql_postgresql-42.6.0.jar,file:///home/airflow/.ivy2/jars/org.checkerframework_checker-qual-3.31.0.jar)
[2025-05-04T20:45:24.132+0000] {spark_submit.py:490} INFO - (spark.jars,file:/opt/spark/jars/graphframes-0.8.3-spark3.2-s_2.12.jar,file:///home/airflow/.ivy2/jars/org.postgresql_postgresql-42.6.0.jar,file:///home/airflow/.ivy2/jars/org.checkerframework_checker-qual-3.31.0.jar)
[2025-05-04T20:45:24.132+0000] {spark_submit.py:490} INFO - (spark.master,spark://spark-master:7077)
[2025-05-04T20:45:24.132+0000] {spark_submit.py:490} INFO - (spark.repl.local.jars,file:/opt/spark/jars/graphframes-0.8.3-spark3.2-s_2.12.jar,file:///home/airflow/.ivy2/jars/org.postgresql_postgresql-42.6.0.jar,file:///home/airflow/.ivy2/jars/org.checkerframework_checker-qual-3.31.0.jar)
[2025-05-04T20:45:24.132+0000] {spark_submit.py:490} INFO - (spark.submit.deployMode,client)
[2025-05-04T20:45:24.132+0000] {spark_submit.py:490} INFO - (spark.submit.pyFiles,/home/airflow/.ivy2/jars/org.postgresql_postgresql-42.6.0.jar,/home/airflow/.ivy2/jars/org.checkerframework_checker-qual-3.31.0.jar)
[2025-05-04T20:45:24.132+0000] {spark_submit.py:490} INFO - Classpath elements:
[2025-05-04T20:45:24.132+0000] {spark_submit.py:490} INFO - file:/opt/spark/jars/graphframes-0.8.3-spark3.2-s_2.12.jar
[2025-05-04T20:45:24.132+0000] {spark_submit.py:490} INFO - file:///home/airflow/.ivy2/jars/org.postgresql_postgresql-42.6.0.jar
[2025-05-04T20:45:24.132+0000] {spark_submit.py:490} INFO - file:///home/airflow/.ivy2/jars/org.checkerframework_checker-qual-3.31.0.jar
[2025-05-04T20:45:24.132+0000] {spark_submit.py:490} INFO - 
[2025-05-04T20:45:24.132+0000] {spark_submit.py:490} INFO - 
[2025-05-04T20:45:24.133+0000] {spark_submit.py:490} INFO - 25/05/04 20:45:24 WARN DependencyUtils: Local jar /opt/spark/jars/graphframes-0.8.3-spark3.2-s_2.12.jar does not exist, skipping.
[2025-05-04T20:45:24.848+0000] {spark_submit.py:490} INFO - 25/05/04 20:45:24 INFO SparkContext: Running Spark version 3.3.0
[2025-05-04T20:45:24.866+0000] {spark_submit.py:490} INFO - 25/05/04 20:45:24 INFO ResourceUtils: ==============================================================
[2025-05-04T20:45:24.866+0000] {spark_submit.py:490} INFO - 25/05/04 20:45:24 INFO ResourceUtils: No custom resources configured for spark.driver.
[2025-05-04T20:45:24.866+0000] {spark_submit.py:490} INFO - 25/05/04 20:45:24 INFO ResourceUtils: ==============================================================
[2025-05-04T20:45:24.866+0000] {spark_submit.py:490} INFO - 25/05/04 20:45:24 INFO SparkContext: Submitted application: FinBestGraphAnalysis
[2025-05-04T20:45:24.886+0000] {spark_submit.py:490} INFO - 25/05/04 20:45:24 INFO ResourceProfile: Default ResourceProfile created, executor resources: Map(cores -> name: cores, amount: 2, script: , vendor: , memory -> name: memory, amount: 2048, script: , vendor: , offHeap -> name: offHeap, amount: 0, script: , vendor: ), task resources: Map(cpus -> name: cpus, amount: 1.0)
[2025-05-04T20:45:24.896+0000] {spark_submit.py:490} INFO - 25/05/04 20:45:24 INFO ResourceProfile: Limiting resource is cpus at 2 tasks per executor
[2025-05-04T20:45:24.898+0000] {spark_submit.py:490} INFO - 25/05/04 20:45:24 INFO ResourceProfileManager: Added ResourceProfile id: 0
[2025-05-04T20:45:24.958+0000] {spark_submit.py:490} INFO - 25/05/04 20:45:24 INFO SecurityManager: Changing view acls to: airflow
[2025-05-04T20:45:24.958+0000] {spark_submit.py:490} INFO - 25/05/04 20:45:24 INFO SecurityManager: Changing modify acls to: airflow
[2025-05-04T20:45:24.958+0000] {spark_submit.py:490} INFO - 25/05/04 20:45:24 INFO SecurityManager: Changing view acls groups to:
[2025-05-04T20:45:24.959+0000] {spark_submit.py:490} INFO - 25/05/04 20:45:24 INFO SecurityManager: Changing modify acls groups to:
[2025-05-04T20:45:24.959+0000] {spark_submit.py:490} INFO - 25/05/04 20:45:24 INFO SecurityManager: SecurityManager: authentication disabled; ui acls disabled; users  with view permissions: Set(airflow); groups with view permissions: Set(); users  with modify permissions: Set(airflow); groups with modify permissions: Set()
[2025-05-04T20:45:25.244+0000] {spark_submit.py:490} INFO - 25/05/04 20:45:25 INFO Utils: Successfully started service 'sparkDriver' on port 45319.
[2025-05-04T20:45:25.279+0000] {spark_submit.py:490} INFO - 25/05/04 20:45:25 INFO SparkEnv: Registering MapOutputTracker
[2025-05-04T20:45:25.326+0000] {spark_submit.py:490} INFO - 25/05/04 20:45:25 INFO SparkEnv: Registering BlockManagerMaster
[2025-05-04T20:45:25.357+0000] {spark_submit.py:490} INFO - 25/05/04 20:45:25 INFO BlockManagerMasterEndpoint: Using org.apache.spark.storage.DefaultTopologyMapper for getting topology information
[2025-05-04T20:45:25.358+0000] {spark_submit.py:490} INFO - 25/05/04 20:45:25 INFO BlockManagerMasterEndpoint: BlockManagerMasterEndpoint up
[2025-05-04T20:45:25.373+0000] {spark_submit.py:490} INFO - 25/05/04 20:45:25 INFO SparkEnv: Registering BlockManagerMasterHeartbeat
[2025-05-04T20:45:25.431+0000] {spark_submit.py:490} INFO - 25/05/04 20:45:25 INFO DiskBlockManager: Created local directory at /tmp/blockmgr-0432d94c-1dbb-4004-9d69-52d789e685af
[2025-05-04T20:45:25.485+0000] {spark_submit.py:490} INFO - 25/05/04 20:45:25 INFO MemoryStore: MemoryStore started with capacity 1048.8 MiB
[2025-05-04T20:45:25.513+0000] {spark_submit.py:490} INFO - 25/05/04 20:45:25 INFO SparkEnv: Registering OutputCommitCoordinator
[2025-05-04T20:45:25.750+0000] {spark_submit.py:490} INFO - 25/05/04 20:45:25 INFO Utils: Successfully started service 'SparkUI' on port 4040.
[2025-05-04T20:45:25.821+0000] {spark_submit.py:490} INFO - 25/05/04 20:45:25 ERROR SparkContext: Failed to add file:/opt/spark/jars/graphframes-0.8.3-spark3.2-s_2.12.jar to Spark environment
[2025-05-04T20:45:25.822+0000] {spark_submit.py:490} INFO - java.io.FileNotFoundException: Jar /opt/spark/jars/graphframes-0.8.3-spark3.2-s_2.12.jar not found
[2025-05-04T20:45:25.822+0000] {spark_submit.py:490} INFO - at org.apache.spark.SparkContext.addLocalJarFile$1(SparkContext.scala:1949)
[2025-05-04T20:45:25.822+0000] {spark_submit.py:490} INFO - at org.apache.spark.SparkContext.addJar(SparkContext.scala:2004)
[2025-05-04T20:45:25.822+0000] {spark_submit.py:490} INFO - at org.apache.spark.SparkContext.$anonfun$new$12(SparkContext.scala:507)
[2025-05-04T20:45:25.822+0000] {spark_submit.py:490} INFO - at org.apache.spark.SparkContext.$anonfun$new$12$adapted(SparkContext.scala:507)
[2025-05-04T20:45:25.822+0000] {spark_submit.py:490} INFO - at scala.collection.mutable.ResizableArray.foreach(ResizableArray.scala:62)
[2025-05-04T20:45:25.822+0000] {spark_submit.py:490} INFO - at scala.collection.mutable.ResizableArray.foreach$(ResizableArray.scala:55)
[2025-05-04T20:45:25.822+0000] {spark_submit.py:490} INFO - at scala.collection.mutable.ArrayBuffer.foreach(ArrayBuffer.scala:49)
[2025-05-04T20:45:25.822+0000] {spark_submit.py:490} INFO - at org.apache.spark.SparkContext.<init>(SparkContext.scala:507)
[2025-05-04T20:45:25.822+0000] {spark_submit.py:490} INFO - at org.apache.spark.api.java.JavaSparkContext.<init>(JavaSparkContext.scala:58)
[2025-05-04T20:45:25.822+0000] {spark_submit.py:490} INFO - at java.base/jdk.internal.reflect.NativeConstructorAccessorImpl.newInstance0(Native Method)
[2025-05-04T20:45:25.823+0000] {spark_submit.py:490} INFO - at java.base/jdk.internal.reflect.NativeConstructorAccessorImpl.newInstance(NativeConstructorAccessorImpl.java:62)
[2025-05-04T20:45:25.823+0000] {spark_submit.py:490} INFO - at java.base/jdk.internal.reflect.DelegatingConstructorAccessorImpl.newInstance(DelegatingConstructorAccessorImpl.java:45)
[2025-05-04T20:45:25.823+0000] {spark_submit.py:490} INFO - at java.base/java.lang.reflect.Constructor.newInstance(Constructor.java:490)
[2025-05-04T20:45:25.823+0000] {spark_submit.py:490} INFO - at py4j.reflection.MethodInvoker.invoke(MethodInvoker.java:247)
[2025-05-04T20:45:25.823+0000] {spark_submit.py:490} INFO - at py4j.reflection.ReflectionEngine.invoke(ReflectionEngine.java:357)
[2025-05-04T20:45:25.823+0000] {spark_submit.py:490} INFO - at py4j.Gateway.invoke(Gateway.java:238)
[2025-05-04T20:45:25.823+0000] {spark_submit.py:490} INFO - at py4j.commands.ConstructorCommand.invokeConstructor(ConstructorCommand.java:80)
[2025-05-04T20:45:25.823+0000] {spark_submit.py:490} INFO - at py4j.commands.ConstructorCommand.execute(ConstructorCommand.java:69)
[2025-05-04T20:45:25.824+0000] {spark_submit.py:490} INFO - at py4j.ClientServerConnection.waitForCommands(ClientServerConnection.java:182)
[2025-05-04T20:45:25.824+0000] {spark_submit.py:490} INFO - at py4j.ClientServerConnection.run(ClientServerConnection.java:106)
[2025-05-04T20:45:25.824+0000] {spark_submit.py:490} INFO - at java.base/java.lang.Thread.run(Thread.java:829)
[2025-05-04T20:45:25.825+0000] {spark_submit.py:490} INFO - 25/05/04 20:45:25 INFO SparkContext: Added JAR file:///home/airflow/.ivy2/jars/org.postgresql_postgresql-42.6.0.jar at spark://773728ee9afd:45319/jars/org.postgresql_postgresql-42.6.0.jar with timestamp 1746391524841
[2025-05-04T20:45:25.825+0000] {spark_submit.py:490} INFO - 25/05/04 20:45:25 INFO SparkContext: Added JAR file:///home/airflow/.ivy2/jars/org.checkerframework_checker-qual-3.31.0.jar at spark://773728ee9afd:45319/jars/org.checkerframework_checker-qual-3.31.0.jar with timestamp 1746391524841
[2025-05-04T20:45:25.829+0000] {spark_submit.py:490} INFO - 25/05/04 20:45:25 INFO SparkContext: Added file file:///home/airflow/.ivy2/jars/org.postgresql_postgresql-42.6.0.jar at spark://773728ee9afd:45319/files/org.postgresql_postgresql-42.6.0.jar with timestamp 1746391524841
[2025-05-04T20:45:25.831+0000] {spark_submit.py:490} INFO - 25/05/04 20:45:25 INFO Utils: Copying /home/airflow/.ivy2/jars/org.postgresql_postgresql-42.6.0.jar to /tmp/spark-58fb2e7a-8f97-4ed5-b698-92acca461e57/userFiles-44ea7a84-30f9-4ce7-be60-d10782b844cb/org.postgresql_postgresql-42.6.0.jar
[2025-05-04T20:45:25.847+0000] {spark_submit.py:490} INFO - 25/05/04 20:45:25 INFO SparkContext: Added file file:///home/airflow/.ivy2/jars/org.checkerframework_checker-qual-3.31.0.jar at spark://773728ee9afd:45319/files/org.checkerframework_checker-qual-3.31.0.jar with timestamp 1746391524841
[2025-05-04T20:45:25.847+0000] {spark_submit.py:490} INFO - 25/05/04 20:45:25 INFO Utils: Copying /home/airflow/.ivy2/jars/org.checkerframework_checker-qual-3.31.0.jar to /tmp/spark-58fb2e7a-8f97-4ed5-b698-92acca461e57/userFiles-44ea7a84-30f9-4ce7-be60-d10782b844cb/org.checkerframework_checker-qual-3.31.0.jar
[2025-05-04T20:45:25.938+0000] {spark_submit.py:490} INFO - 25/05/04 20:45:25 INFO StandaloneAppClient$ClientEndpoint: Connecting to master spark://spark-master:7077...
[2025-05-04T20:45:25.977+0000] {spark_submit.py:490} INFO - 25/05/04 20:45:25 INFO TransportClientFactory: Successfully created connection to spark-master/172.18.0.2:7077 after 23 ms (0 ms spent in bootstraps)
[2025-05-04T20:45:26.342+0000] {spark_submit.py:490} INFO - 25/05/04 20:45:26 INFO StandaloneSchedulerBackend: Connected to Spark cluster with app ID app-20250504204526-0000
[2025-05-04T20:45:26.347+0000] {spark_submit.py:490} INFO - 25/05/04 20:45:26 INFO Utils: Successfully started service 'org.apache.spark.network.netty.NettyBlockTransferService' on port 41135.
[2025-05-04T20:45:26.347+0000] {spark_submit.py:490} INFO - 25/05/04 20:45:26 INFO NettyBlockTransferService: Server created on 773728ee9afd:41135
[2025-05-04T20:45:26.348+0000] {spark_submit.py:490} INFO - 25/05/04 20:45:26 INFO BlockManager: Using org.apache.spark.storage.RandomBlockReplicationPolicy for block replication policy
[2025-05-04T20:45:26.355+0000] {spark_submit.py:490} INFO - 25/05/04 20:45:26 INFO BlockManagerMaster: Registering BlockManager BlockManagerId(driver, 773728ee9afd, 41135, None)
[2025-05-04T20:45:26.359+0000] {spark_submit.py:490} INFO - 25/05/04 20:45:26 INFO BlockManagerMasterEndpoint: Registering block manager 773728ee9afd:41135 with 1048.8 MiB RAM, BlockManagerId(driver, 773728ee9afd, 41135, None)
[2025-05-04T20:45:26.361+0000] {spark_submit.py:490} INFO - 25/05/04 20:45:26 INFO BlockManagerMaster: Registered BlockManager BlockManagerId(driver, 773728ee9afd, 41135, None)
[2025-05-04T20:45:26.362+0000] {spark_submit.py:490} INFO - 25/05/04 20:45:26 INFO BlockManager: Initialized BlockManager: BlockManagerId(driver, 773728ee9afd, 41135, None)
[2025-05-04T20:45:26.510+0000] {spark_submit.py:490} INFO - 25/05/04 20:45:26 INFO StandaloneSchedulerBackend: SchedulerBackend is ready for scheduling beginning after reached minRegisteredResourcesRatio: 0.0
[2025-05-04T20:45:26.643+0000] {spark_submit.py:490} INFO - 2025-05-04 20:45:26,643 [INFO] SparkSession создана
[2025-05-04T20:45:26.643+0000] {spark_submit.py:490} INFO - 2025-05-04 20:45:26,643 [INFO] Загружаем транзакции из raw.masked_transactions
[2025-05-04T20:45:26.648+0000] {spark_submit.py:490} INFO - 25/05/04 20:45:26 INFO SharedState: Setting hive.metastore.warehouse.dir ('null') to the value of spark.sql.warehouse.dir.
[2025-05-04T20:45:26.649+0000] {spark_submit.py:490} INFO - 25/05/04 20:45:26 INFO SharedState: Warehouse path is 'file:/opt/airflow/spark-warehouse'.
[2025-05-04T20:45:29.464+0000] {spark_submit.py:490} INFO - 25/05/04 20:45:29 INFO CodeGenerator: Code generated in 87.646066 ms
[2025-05-04T20:45:29.546+0000] {spark_submit.py:490} INFO - 25/05/04 20:45:29 INFO DAGScheduler: Registering RDD 2 (count at NativeMethodAccessorImpl.java:0) as input to shuffle 0
[2025-05-04T20:45:29.549+0000] {spark_submit.py:490} INFO - 25/05/04 20:45:29 INFO DAGScheduler: Got map stage job 0 (count at NativeMethodAccessorImpl.java:0) with 1 output partitions
[2025-05-04T20:45:29.549+0000] {spark_submit.py:490} INFO - 25/05/04 20:45:29 INFO DAGScheduler: Final stage: ShuffleMapStage 0 (count at NativeMethodAccessorImpl.java:0)
[2025-05-04T20:45:29.549+0000] {spark_submit.py:490} INFO - 25/05/04 20:45:29 INFO DAGScheduler: Parents of final stage: List()
[2025-05-04T20:45:29.550+0000] {spark_submit.py:490} INFO - 25/05/04 20:45:29 INFO DAGScheduler: Missing parents: List()
[2025-05-04T20:45:29.553+0000] {spark_submit.py:490} INFO - 25/05/04 20:45:29 INFO DAGScheduler: Submitting ShuffleMapStage 0 (MapPartitionsRDD[2] at count at NativeMethodAccessorImpl.java:0), which has no missing parents
[2025-05-04T20:45:29.648+0000] {spark_submit.py:490} INFO - 25/05/04 20:45:29 INFO MemoryStore: Block broadcast_0 stored as values in memory (estimated size 13.3 KiB, free 1048.8 MiB)
[2025-05-04T20:45:29.676+0000] {spark_submit.py:490} INFO - 25/05/04 20:45:29 INFO MemoryStore: Block broadcast_0_piece0 stored as bytes in memory (estimated size 7.0 KiB, free 1048.8 MiB)
[2025-05-04T20:45:29.679+0000] {spark_submit.py:490} INFO - 25/05/04 20:45:29 INFO BlockManagerInfo: Added broadcast_0_piece0 in memory on 773728ee9afd:41135 (size: 7.0 KiB, free: 1048.8 MiB)
[2025-05-04T20:45:29.683+0000] {spark_submit.py:490} INFO - 25/05/04 20:45:29 INFO SparkContext: Created broadcast 0 from broadcast at DAGScheduler.scala:1513
[2025-05-04T20:45:29.698+0000] {spark_submit.py:490} INFO - 25/05/04 20:45:29 INFO DAGScheduler: Submitting 1 missing tasks from ShuffleMapStage 0 (MapPartitionsRDD[2] at count at NativeMethodAccessorImpl.java:0) (first 15 tasks are for partitions Vector(0))
[2025-05-04T20:45:29.700+0000] {spark_submit.py:490} INFO - 25/05/04 20:45:29 INFO TaskSchedulerImpl: Adding task set 0.0 with 1 tasks resource profile 0
[2025-05-04T20:45:44.719+0000] {spark_submit.py:490} INFO - 25/05/04 20:45:44 WARN TaskSchedulerImpl: Initial job has not accepted any resources; check your cluster UI to ensure that workers are registered and have sufficient resources
[2025-05-04T20:45:59.719+0000] {spark_submit.py:490} INFO - 25/05/04 20:45:59 WARN TaskSchedulerImpl: Initial job has not accepted any resources; check your cluster UI to ensure that workers are registered and have sufficient resources
[2025-05-04T20:46:14.719+0000] {spark_submit.py:490} INFO - 25/05/04 20:46:14 WARN TaskSchedulerImpl: Initial job has not accepted any resources; check your cluster UI to ensure that workers are registered and have sufficient resources
[2025-05-04T20:46:24.639+0000] {local_task_job_runner.py:115} ERROR - Received SIGTERM. Terminating subprocesses
[2025-05-04T20:46:24.640+0000] {process_utils.py:135} INFO - Sending Signals.SIGTERM to group 7328. PIDs of all processes in the group: [7329, 7375, 7328]
[2025-05-04T20:46:24.640+0000] {process_utils.py:86} INFO - Sending the signal Signals.SIGTERM to group 7328
[2025-05-04T20:46:24.640+0000] {taskinstance.py:1517} ERROR - Received SIGTERM. Terminating subprocesses.
[2025-05-04T20:46:24.641+0000] {spark_submit.py:615} INFO - Sending kill signal to spark-submit
[2025-05-04T20:46:24.653+0000] {taskinstance.py:1824} ERROR - Task failed with exception
Traceback (most recent call last):
  File "/home/airflow/.local/lib/python3.7/site-packages/airflow/providers/apache/spark/operators/spark_submit.py", line 157, in execute
    self._hook.submit(self._application)
  File "/home/airflow/.local/lib/python3.7/site-packages/airflow/providers/apache/spark/hooks/spark_submit.py", line 409, in submit
    self._process_spark_submit_log(iter(self._submit_sp.stdout))  # type: ignore
  File "/home/airflow/.local/lib/python3.7/site-packages/airflow/providers/apache/spark/hooks/spark_submit.py", line 458, in _process_spark_submit_log
    for line in itr:
  File "/home/airflow/.local/lib/python3.7/site-packages/airflow/models/taskinstance.py", line 1519, in signal_handler
    raise AirflowException("Task received SIGTERM signal")
airflow.exceptions.AirflowException: Task received SIGTERM signal
[2025-05-04T20:46:24.658+0000] {taskinstance.py:1350} INFO - Marking task as UP_FOR_RETRY. dag_id=graph_analysis, task_id=build_graph, execution_date=20250504T204514, start_date=20250504T204521, end_date=20250504T204624
[2025-05-04T20:46:24.668+0000] {standard_task_runner.py:109} ERROR - Failed to execute job 156 for task build_graph (Task received SIGTERM signal; 7328)
[2025-05-04T20:46:24.692+0000] {process_utils.py:79} INFO - Process psutil.Process(pid=7328, status='terminated', exitcode=1, started='20:45:21') (7328) terminated with exit code 1
[2025-05-04T20:46:24.693+0000] {process_utils.py:79} INFO - Process psutil.Process(pid=7375, status='terminated', started='20:45:23') (7375) terminated with exit code None
[2025-05-04T20:46:24.693+0000] {process_utils.py:79} INFO - Process psutil.Process(pid=7329, status='terminated', started='20:45:21') (7329) terminated with exit code None
[2025-05-04T20:46:24.693+0000] {local_task_job_runner.py:225} INFO - Task exited with return code 143
[2025-05-04T20:46:24.775+0000] {taskinstance.py:2653} INFO - 0 downstream tasks scheduled from follow-on schedule check
