[2025-05-06T08:38:38.677+0000] {taskinstance.py:1103} INFO - Dependencies all met for dep_context=non-requeueable deps ti=<TaskInstance: graph_analysis.build_graph manual__2025-05-04T20:45:14.414549+00:00 [queued]>
[2025-05-06T08:38:38.684+0000] {taskinstance.py:1103} INFO - Dependencies all met for dep_context=requeueable deps ti=<TaskInstance: graph_analysis.build_graph manual__2025-05-04T20:45:14.414549+00:00 [queued]>
[2025-05-06T08:38:38.684+0000] {taskinstance.py:1308} INFO - Starting attempt 3 of 2
[2025-05-06T08:38:38.694+0000] {taskinstance.py:1327} INFO - Executing <Task(SparkSubmitOperator): build_graph> on 2025-05-04 20:45:14.414549+00:00
[2025-05-06T08:38:38.697+0000] {standard_task_runner.py:57} INFO - Started process 60 to run task
[2025-05-06T08:38:38.699+0000] {standard_task_runner.py:84} INFO - Running: ['airflow', 'tasks', 'run', 'graph_analysis', 'build_graph', 'manual__2025-05-04T20:45:14.414549+00:00', '--job-id', '162', '--raw', '--subdir', 'DAGS_FOLDER/graph_analysis.py', '--cfg-path', '/tmp/tmph_fmrz5p']
[2025-05-06T08:38:38.700+0000] {standard_task_runner.py:85} INFO - Job 162: Subtask build_graph
[2025-05-06T08:38:38.711+0000] {logging_mixin.py:150} WARNING - /home/airflow/.local/lib/python3.7/site-packages/airflow/settings.py:195 DeprecationWarning: The sql_alchemy_conn option in [core] has been moved to the sql_alchemy_conn option in [database] - the old setting has been used, but please update your config.
[2025-05-06T08:38:38.739+0000] {task_command.py:410} INFO - Running <TaskInstance: graph_analysis.build_graph manual__2025-05-04T20:45:14.414549+00:00 [running]> on host 15f86fd5b693
[2025-05-06T08:38:38.882+0000] {taskinstance.py:1547} INFO - Exporting env vars: AIRFLOW_CTX_DAG_OWNER='finbest' AIRFLOW_CTX_DAG_ID='graph_analysis' AIRFLOW_CTX_TASK_ID='build_graph' AIRFLOW_CTX_EXECUTION_DATE='2025-05-04T20:45:14.414549+00:00' AIRFLOW_CTX_TRY_NUMBER='3' AIRFLOW_CTX_DAG_RUN_ID='manual__2025-05-04T20:45:14.414549+00:00'
[2025-05-06T08:38:38.890+0000] {base.py:73} INFO - Using connection ID 'spark_default' for task execution.
[2025-05-06T08:38:38.891+0000] {spark_submit.py:339} INFO - Spark-Submit cmd: spark-submit --master spark://spark-master:7077 --jars /opt/spark/jars/graphframes-0.8.2-spark3.2-s_2.12.jar --packages org.postgresql:postgresql:42.6.0 --executor-cores 2 --executor-memory 2g --driver-memory 2g --name arrow-spark --verbose /opt/airflow/spark/build_graph.py --jdbc jdbc:postgresql://postgres:5432/finbest --user finbest --password ******
[2025-05-06T08:38:38.902+0000] {spark_submit.py:490} INFO - /opt/spark/bin/load-spark-env.sh: line 68: ps: command not found
[2025-05-06T08:38:40.024+0000] {spark_submit.py:490} INFO - Using properties file: null
[2025-05-06T08:38:40.099+0000] {spark_submit.py:490} INFO - WARNING: An illegal reflective access operation has occurred
[2025-05-06T08:38:40.100+0000] {spark_submit.py:490} INFO - WARNING: Illegal reflective access by org.apache.spark.unsafe.Platform (file:/opt/spark/jars/spark-unsafe_2.12-3.2.4.jar) to constructor java.nio.DirectByteBuffer(long,int)
[2025-05-06T08:38:40.100+0000] {spark_submit.py:490} INFO - WARNING: Please consider reporting this to the maintainers of org.apache.spark.unsafe.Platform
[2025-05-06T08:38:40.100+0000] {spark_submit.py:490} INFO - WARNING: Use --illegal-access=warn to enable warnings of further illegal reflective access operations
[2025-05-06T08:38:40.100+0000] {spark_submit.py:490} INFO - WARNING: All illegal access operations will be denied in a future release
[2025-05-06T08:38:40.141+0000] {spark_submit.py:490} INFO - Parsed arguments:
[2025-05-06T08:38:40.142+0000] {spark_submit.py:490} INFO - master                  spark://spark-master:7077
[2025-05-06T08:38:40.142+0000] {spark_submit.py:490} INFO - deployMode              null
[2025-05-06T08:38:40.142+0000] {spark_submit.py:490} INFO - executorMemory          2g
[2025-05-06T08:38:40.142+0000] {spark_submit.py:490} INFO - executorCores           2
[2025-05-06T08:38:40.142+0000] {spark_submit.py:490} INFO - totalExecutorCores      null
[2025-05-06T08:38:40.142+0000] {spark_submit.py:490} INFO - propertiesFile          null
[2025-05-06T08:38:40.142+0000] {spark_submit.py:490} INFO - driverMemory            2g
[2025-05-06T08:38:40.143+0000] {spark_submit.py:490} INFO - driverCores             null
[2025-05-06T08:38:40.143+0000] {spark_submit.py:490} INFO - driverExtraClassPath    null
[2025-05-06T08:38:40.143+0000] {spark_submit.py:490} INFO - driverExtraLibraryPath  null
[2025-05-06T08:38:40.143+0000] {spark_submit.py:490} INFO - driverExtraJavaOptions  null
[2025-05-06T08:38:40.143+0000] {spark_submit.py:490} INFO - supervise               false
[2025-05-06T08:38:40.143+0000] {spark_submit.py:490} INFO - queue                   null
[2025-05-06T08:38:40.143+0000] {spark_submit.py:490} INFO - numExecutors            null
[2025-05-06T08:38:40.143+0000] {spark_submit.py:490} INFO - files                   null
[2025-05-06T08:38:40.143+0000] {spark_submit.py:490} INFO - pyFiles                 null
[2025-05-06T08:38:40.143+0000] {spark_submit.py:490} INFO - archives                null
[2025-05-06T08:38:40.143+0000] {spark_submit.py:490} INFO - mainClass               null
[2025-05-06T08:38:40.143+0000] {spark_submit.py:490} INFO - primaryResource         file:/opt/airflow/spark/build_graph.py
[2025-05-06T08:38:40.144+0000] {spark_submit.py:490} INFO - name                    arrow-spark
[2025-05-06T08:38:40.144+0000] {spark_submit.py:490} INFO - childArgs               [--jdbc jdbc:postgresql://postgres:5432/finbest --user finbest --password ***]
[2025-05-06T08:38:40.144+0000] {spark_submit.py:490} INFO - jars                    file:/opt/spark/jars/graphframes-0.8.2-spark3.2-s_2.12.jar
[2025-05-06T08:38:40.144+0000] {spark_submit.py:490} INFO - packages                org.postgresql:postgresql:42.6.0
[2025-05-06T08:38:40.144+0000] {spark_submit.py:490} INFO - packagesExclusions      null
[2025-05-06T08:38:40.144+0000] {spark_submit.py:490} INFO - repositories            null
[2025-05-06T08:38:40.144+0000] {spark_submit.py:490} INFO - verbose                 true
[2025-05-06T08:38:40.144+0000] {spark_submit.py:490} INFO - 
[2025-05-06T08:38:40.144+0000] {spark_submit.py:490} INFO - Spark properties used, including those specified through
[2025-05-06T08:38:40.144+0000] {spark_submit.py:490} INFO - --conf and those from the properties file null:
[2025-05-06T08:38:40.144+0000] {spark_submit.py:490} INFO - (spark.driver.memory,2g)
[2025-05-06T08:38:40.144+0000] {spark_submit.py:490} INFO - 
[2025-05-06T08:38:40.145+0000] {spark_submit.py:490} INFO - 
[2025-05-06T08:38:40.247+0000] {spark_submit.py:490} INFO - :: loading settings :: url = jar:file:/opt/spark/jars/ivy-2.5.1.jar!/org/apache/ivy/core/settings/ivysettings.xml
[2025-05-06T08:38:40.338+0000] {spark_submit.py:490} INFO - Ivy Default Cache set to: /home/airflow/.ivy2/cache
[2025-05-06T08:38:40.338+0000] {spark_submit.py:490} INFO - The jars for the packages stored in: /home/airflow/.ivy2/jars
[2025-05-06T08:38:40.342+0000] {spark_submit.py:490} INFO - org.postgresql#postgresql added as a dependency
[2025-05-06T08:38:40.343+0000] {spark_submit.py:490} INFO - :: resolving dependencies :: org.apache.spark#spark-submit-parent-76ebf2b0-48f2-4ab1-a088-37c59194e0ea;1.0
[2025-05-06T08:38:40.343+0000] {spark_submit.py:490} INFO - confs: [default]
[2025-05-06T08:38:40.447+0000] {spark_submit.py:490} INFO - found org.postgresql#postgresql;42.6.0 in central
[2025-05-06T08:38:40.464+0000] {spark_submit.py:490} INFO - found org.checkerframework#checker-qual;3.31.0 in central
[2025-05-06T08:38:40.477+0000] {spark_submit.py:490} INFO - :: resolution report :: resolve 129ms :: artifacts dl 5ms
[2025-05-06T08:38:40.477+0000] {spark_submit.py:490} INFO - :: modules in use:
[2025-05-06T08:38:40.478+0000] {spark_submit.py:490} INFO - org.checkerframework#checker-qual;3.31.0 from central in [default]
[2025-05-06T08:38:40.478+0000] {spark_submit.py:490} INFO - org.postgresql#postgresql;42.6.0 from central in [default]
[2025-05-06T08:38:40.478+0000] {spark_submit.py:490} INFO - ---------------------------------------------------------------------
[2025-05-06T08:38:40.478+0000] {spark_submit.py:490} INFO - |                  |            modules            ||   artifacts   |
[2025-05-06T08:38:40.478+0000] {spark_submit.py:490} INFO - |       conf       | number| search|dwnlded|evicted|| number|dwnlded|
[2025-05-06T08:38:40.478+0000] {spark_submit.py:490} INFO - ---------------------------------------------------------------------
[2025-05-06T08:38:40.478+0000] {spark_submit.py:490} INFO - |      default     |   2   |   0   |   0   |   0   ||   2   |   0   |
[2025-05-06T08:38:40.478+0000] {spark_submit.py:490} INFO - ---------------------------------------------------------------------
[2025-05-06T08:38:40.481+0000] {spark_submit.py:490} INFO - :: retrieving :: org.apache.spark#spark-submit-parent-76ebf2b0-48f2-4ab1-a088-37c59194e0ea
[2025-05-06T08:38:40.481+0000] {spark_submit.py:490} INFO - confs: [default]
[2025-05-06T08:38:40.485+0000] {spark_submit.py:490} INFO - 0 artifacts copied, 2 already retrieved (0kB/4ms)
[2025-05-06T08:38:40.677+0000] {spark_submit.py:490} INFO - 25/05/06 08:38:40 WARN NativeCodeLoader: Unable to load native-hadoop library for your platform... using builtin-java classes where applicable
[2025-05-06T08:38:40.877+0000] {spark_submit.py:490} INFO - Main class:
[2025-05-06T08:38:40.877+0000] {spark_submit.py:490} INFO - org.apache.spark.deploy.PythonRunner
[2025-05-06T08:38:40.877+0000] {spark_submit.py:490} INFO - Arguments:
[2025-05-06T08:38:40.877+0000] {spark_submit.py:490} INFO - file:/opt/airflow/spark/build_graph.py
[2025-05-06T08:38:40.877+0000] {spark_submit.py:490} INFO - file:///home/airflow/.ivy2/jars/org.postgresql_postgresql-42.6.0.jar,file:///home/airflow/.ivy2/jars/org.checkerframework_checker-qual-3.31.0.jar
[2025-05-06T08:38:40.877+0000] {spark_submit.py:490} INFO - --jdbc
[2025-05-06T08:38:40.877+0000] {spark_submit.py:490} INFO - jdbc:postgresql://postgres:5432/finbest
[2025-05-06T08:38:40.877+0000] {spark_submit.py:490} INFO - --user
[2025-05-06T08:38:40.877+0000] {spark_submit.py:490} INFO - finbest
[2025-05-06T08:38:40.877+0000] {spark_submit.py:490} INFO - --password
[2025-05-06T08:38:40.877+0000] {spark_submit.py:490} INFO - ***
[2025-05-06T08:38:40.879+0000] {spark_submit.py:490} INFO - Spark config:
[2025-05-06T08:38:40.879+0000] {spark_submit.py:490} INFO - (spark.jars,file:///opt/spark/jars/graphframes-0.8.2-spark3.2-s_2.12.jar,file:///home/airflow/.ivy2/jars/org.postgresql_postgresql-42.6.0.jar,file:///home/airflow/.ivy2/jars/org.checkerframework_checker-qual-3.31.0.jar)
[2025-05-06T08:38:40.879+0000] {spark_submit.py:490} INFO - (spark.app.name,arrow-spark)
[2025-05-06T08:38:40.879+0000] {spark_submit.py:490} INFO - (spark.driver.memory,2g)
[2025-05-06T08:38:40.879+0000] {spark_submit.py:490} INFO - (spark.submit.pyFiles,/home/airflow/.ivy2/jars/org.postgresql_postgresql-42.6.0.jar,/home/airflow/.ivy2/jars/org.checkerframework_checker-qual-3.31.0.jar)
[2025-05-06T08:38:40.879+0000] {spark_submit.py:490} INFO - (spark.files,file:///home/airflow/.ivy2/jars/org.postgresql_postgresql-42.6.0.jar,file:///home/airflow/.ivy2/jars/org.checkerframework_checker-qual-3.31.0.jar)
[2025-05-06T08:38:40.879+0000] {spark_submit.py:490} INFO - (spark.submit.deployMode,client)
[2025-05-06T08:38:40.880+0000] {spark_submit.py:490} INFO - (spark.master,spark://spark-master:7077)
[2025-05-06T08:38:40.880+0000] {spark_submit.py:490} INFO - (spark.executor.memory,2g)
[2025-05-06T08:38:40.880+0000] {spark_submit.py:490} INFO - (spark.executor.cores,2)
[2025-05-06T08:38:40.880+0000] {spark_submit.py:490} INFO - (spark.repl.local.jars,file:///opt/spark/jars/graphframes-0.8.2-spark3.2-s_2.12.jar,file:///home/airflow/.ivy2/jars/org.postgresql_postgresql-42.6.0.jar,file:///home/airflow/.ivy2/jars/org.checkerframework_checker-qual-3.31.0.jar)
[2025-05-06T08:38:40.880+0000] {spark_submit.py:490} INFO - Classpath elements:
[2025-05-06T08:38:40.880+0000] {spark_submit.py:490} INFO - file:///opt/spark/jars/graphframes-0.8.2-spark3.2-s_2.12.jar
[2025-05-06T08:38:40.880+0000] {spark_submit.py:490} INFO - file:///home/airflow/.ivy2/jars/org.postgresql_postgresql-42.6.0.jar
[2025-05-06T08:38:40.880+0000] {spark_submit.py:490} INFO - file:///home/airflow/.ivy2/jars/org.checkerframework_checker-qual-3.31.0.jar
[2025-05-06T08:38:40.880+0000] {spark_submit.py:490} INFO - 
[2025-05-06T08:38:40.880+0000] {spark_submit.py:490} INFO - 
[2025-05-06T08:38:41.463+0000] {spark_submit.py:490} INFO - Using Spark's default log4j profile: org/apache/spark/log4j-defaults.properties
[2025-05-06T08:38:41.470+0000] {spark_submit.py:490} INFO - 25/05/06 08:38:41 INFO SparkContext: Running Spark version 3.2.4
[2025-05-06T08:38:41.485+0000] {spark_submit.py:490} INFO - 25/05/06 08:38:41 INFO ResourceUtils: ==============================================================
[2025-05-06T08:38:41.485+0000] {spark_submit.py:490} INFO - 25/05/06 08:38:41 INFO ResourceUtils: No custom resources configured for spark.driver.
[2025-05-06T08:38:41.485+0000] {spark_submit.py:490} INFO - 25/05/06 08:38:41 INFO ResourceUtils: ==============================================================
[2025-05-06T08:38:41.485+0000] {spark_submit.py:490} INFO - 25/05/06 08:38:41 INFO SparkContext: Submitted application: FinBestGraphAnalysis
[2025-05-06T08:38:41.505+0000] {spark_submit.py:490} INFO - 25/05/06 08:38:41 INFO ResourceProfile: Default ResourceProfile created, executor resources: Map(cores -> name: cores, amount: 2, script: , vendor: , memory -> name: memory, amount: 2048, script: , vendor: , offHeap -> name: offHeap, amount: 0, script: , vendor: ), task resources: Map(cpus -> name: cpus, amount: 1.0)
[2025-05-06T08:38:41.515+0000] {spark_submit.py:490} INFO - 25/05/06 08:38:41 INFO ResourceProfile: Limiting resource is cpus at 2 tasks per executor
[2025-05-06T08:38:41.516+0000] {spark_submit.py:490} INFO - 25/05/06 08:38:41 INFO ResourceProfileManager: Added ResourceProfile id: 0
[2025-05-06T08:38:41.560+0000] {spark_submit.py:490} INFO - 25/05/06 08:38:41 INFO SecurityManager: Changing view acls to: airflow
[2025-05-06T08:38:41.560+0000] {spark_submit.py:490} INFO - 25/05/06 08:38:41 INFO SecurityManager: Changing modify acls to: airflow
[2025-05-06T08:38:41.560+0000] {spark_submit.py:490} INFO - 25/05/06 08:38:41 INFO SecurityManager: Changing view acls groups to:
[2025-05-06T08:38:41.561+0000] {spark_submit.py:490} INFO - 25/05/06 08:38:41 INFO SecurityManager: Changing modify acls groups to:
[2025-05-06T08:38:41.561+0000] {spark_submit.py:490} INFO - 25/05/06 08:38:41 INFO SecurityManager: SecurityManager: authentication disabled; ui acls disabled; users  with view permissions: Set(airflow); groups with view permissions: Set(); users  with modify permissions: Set(airflow); groups with modify permissions: Set()
[2025-05-06T08:38:41.776+0000] {spark_submit.py:490} INFO - 25/05/06 08:38:41 INFO Utils: Successfully started service 'sparkDriver' on port 38059.
[2025-05-06T08:38:41.800+0000] {spark_submit.py:490} INFO - 25/05/06 08:38:41 INFO SparkEnv: Registering MapOutputTracker
[2025-05-06T08:38:41.834+0000] {spark_submit.py:490} INFO - 25/05/06 08:38:41 INFO SparkEnv: Registering BlockManagerMaster
[2025-05-06T08:38:41.851+0000] {spark_submit.py:490} INFO - 25/05/06 08:38:41 INFO BlockManagerMasterEndpoint: Using org.apache.spark.storage.DefaultTopologyMapper for getting topology information
[2025-05-06T08:38:41.851+0000] {spark_submit.py:490} INFO - 25/05/06 08:38:41 INFO BlockManagerMasterEndpoint: BlockManagerMasterEndpoint up
[2025-05-06T08:38:41.855+0000] {spark_submit.py:490} INFO - 25/05/06 08:38:41 INFO SparkEnv: Registering BlockManagerMasterHeartbeat
[2025-05-06T08:38:41.878+0000] {spark_submit.py:490} INFO - 25/05/06 08:38:41 INFO DiskBlockManager: Created local directory at /tmp/blockmgr-4381fd5b-12ef-418a-9aa9-c17744606d24
[2025-05-06T08:38:41.897+0000] {spark_submit.py:490} INFO - 25/05/06 08:38:41 INFO MemoryStore: MemoryStore started with capacity 1048.8 MiB
[2025-05-06T08:38:41.911+0000] {spark_submit.py:490} INFO - 25/05/06 08:38:41 INFO SparkEnv: Registering OutputCommitCoordinator
[2025-05-06T08:38:42.091+0000] {spark_submit.py:490} INFO - 25/05/06 08:38:42 INFO Utils: Successfully started service 'SparkUI' on port 4040.
[2025-05-06T08:38:42.131+0000] {spark_submit.py:490} INFO - 25/05/06 08:38:42 INFO SparkUI: Bound SparkUI to 0.0.0.0, and started at http://15f86fd5b693:4040
[2025-05-06T08:38:42.141+0000] {spark_submit.py:490} INFO - 25/05/06 08:38:42 INFO SparkContext: Added JAR file:///opt/spark/jars/graphframes-0.8.2-spark3.2-s_2.12.jar at spark://15f86fd5b693:38059/jars/graphframes-0.8.2-spark3.2-s_2.12.jar with timestamp 1746520721462
[2025-05-06T08:38:42.141+0000] {spark_submit.py:490} INFO - 25/05/06 08:38:42 INFO SparkContext: Added JAR file:///home/airflow/.ivy2/jars/org.postgresql_postgresql-42.6.0.jar at spark://15f86fd5b693:38059/jars/org.postgresql_postgresql-42.6.0.jar with timestamp 1746520721462
[2025-05-06T08:38:42.141+0000] {spark_submit.py:490} INFO - 25/05/06 08:38:42 INFO SparkContext: Added JAR file:///home/airflow/.ivy2/jars/org.checkerframework_checker-qual-3.31.0.jar at spark://15f86fd5b693:38059/jars/org.checkerframework_checker-qual-3.31.0.jar with timestamp 1746520721462
[2025-05-06T08:38:42.143+0000] {spark_submit.py:490} INFO - 25/05/06 08:38:42 INFO SparkContext: Added file file:///home/airflow/.ivy2/jars/org.postgresql_postgresql-42.6.0.jar at spark://15f86fd5b693:38059/files/org.postgresql_postgresql-42.6.0.jar with timestamp 1746520721462
[2025-05-06T08:38:42.144+0000] {spark_submit.py:490} INFO - 25/05/06 08:38:42 INFO Utils: Copying /home/airflow/.ivy2/jars/org.postgresql_postgresql-42.6.0.jar to /tmp/spark-de696ade-e9b6-46c7-a8f2-947340823cf1/userFiles-a4160862-875b-4e99-8ae7-4995ab17a92c/org.postgresql_postgresql-42.6.0.jar
[2025-05-06T08:38:42.153+0000] {spark_submit.py:490} INFO - 25/05/06 08:38:42 INFO SparkContext: Added file file:///home/airflow/.ivy2/jars/org.checkerframework_checker-qual-3.31.0.jar at spark://15f86fd5b693:38059/files/org.checkerframework_checker-qual-3.31.0.jar with timestamp 1746520721462
[2025-05-06T08:38:42.154+0000] {spark_submit.py:490} INFO - 25/05/06 08:38:42 INFO Utils: Copying /home/airflow/.ivy2/jars/org.checkerframework_checker-qual-3.31.0.jar to /tmp/spark-de696ade-e9b6-46c7-a8f2-947340823cf1/userFiles-a4160862-875b-4e99-8ae7-4995ab17a92c/org.checkerframework_checker-qual-3.31.0.jar
[2025-05-06T08:38:42.292+0000] {spark_submit.py:490} INFO - 25/05/06 08:38:42 INFO StandaloneAppClient$ClientEndpoint: Connecting to master spark://spark-master:7077...
[2025-05-06T08:38:42.325+0000] {spark_submit.py:490} INFO - 25/05/06 08:38:42 INFO TransportClientFactory: Successfully created connection to spark-master/172.18.0.3:7077 after 20 ms (0 ms spent in bootstraps)
[2025-05-06T08:38:42.431+0000] {spark_submit.py:490} INFO - 25/05/06 08:38:42 INFO StandaloneSchedulerBackend: Connected to Spark cluster with app ID app-20250506083842-0000
[2025-05-06T08:38:42.437+0000] {spark_submit.py:490} INFO - 25/05/06 08:38:42 INFO Utils: Successfully started service 'org.apache.spark.network.netty.NettyBlockTransferService' on port 46619.
[2025-05-06T08:38:42.437+0000] {spark_submit.py:490} INFO - 25/05/06 08:38:42 INFO NettyBlockTransferService: Server created on 15f86fd5b693:46619
[2025-05-06T08:38:42.439+0000] {spark_submit.py:490} INFO - 25/05/06 08:38:42 INFO BlockManager: Using org.apache.spark.storage.RandomBlockReplicationPolicy for block replication policy
[2025-05-06T08:38:42.445+0000] {spark_submit.py:490} INFO - 25/05/06 08:38:42 INFO BlockManagerMaster: Registering BlockManager BlockManagerId(driver, 15f86fd5b693, 46619, None)
[2025-05-06T08:38:42.448+0000] {spark_submit.py:490} INFO - 25/05/06 08:38:42 INFO BlockManagerMasterEndpoint: Registering block manager 15f86fd5b693:46619 with 1048.8 MiB RAM, BlockManagerId(driver, 15f86fd5b693, 46619, None)
[2025-05-06T08:38:42.450+0000] {spark_submit.py:490} INFO - 25/05/06 08:38:42 INFO BlockManagerMaster: Registered BlockManager BlockManagerId(driver, 15f86fd5b693, 46619, None)
[2025-05-06T08:38:42.451+0000] {spark_submit.py:490} INFO - 25/05/06 08:38:42 INFO BlockManager: Initialized BlockManager: BlockManagerId(driver, 15f86fd5b693, 46619, None)
[2025-05-06T08:38:42.592+0000] {spark_submit.py:490} INFO - 25/05/06 08:38:42 INFO StandaloneSchedulerBackend: SchedulerBackend is ready for scheduling beginning after reached minRegisteredResourcesRatio: 0.0
[2025-05-06T08:38:42.722+0000] {spark_submit.py:490} INFO - 25/05/06 08:38:42 INFO SharedState: Setting hive.metastore.warehouse.dir ('null') to the value of spark.sql.warehouse.dir.
[2025-05-06T08:38:42.723+0000] {spark_submit.py:490} INFO - 25/05/06 08:38:42 INFO SharedState: Warehouse path is 'file:/opt/airflow/spark-warehouse'.
[2025-05-06T08:38:43.285+0000] {spark_submit.py:490} INFO - 2025-05-06 08:38:43,285 [INFO] SparkSession создана
[2025-05-06T08:38:43.285+0000] {spark_submit.py:490} INFO - 2025-05-06 08:38:43,285 [INFO] Загружаем транзакции из raw.masked_transactions
[2025-05-06T08:38:45.609+0000] {spark_submit.py:490} INFO - 25/05/06 08:38:45 INFO CodeGenerator: Code generated in 234.030064 ms
[2025-05-06T08:38:45.671+0000] {spark_submit.py:490} INFO - 25/05/06 08:38:45 INFO DAGScheduler: Registering RDD 2 (count at NativeMethodAccessorImpl.java:0) as input to shuffle 0
[2025-05-06T08:38:45.674+0000] {spark_submit.py:490} INFO - 25/05/06 08:38:45 INFO DAGScheduler: Got map stage job 0 (count at NativeMethodAccessorImpl.java:0) with 1 output partitions
[2025-05-06T08:38:45.674+0000] {spark_submit.py:490} INFO - 25/05/06 08:38:45 INFO DAGScheduler: Final stage: ShuffleMapStage 0 (count at NativeMethodAccessorImpl.java:0)
[2025-05-06T08:38:45.675+0000] {spark_submit.py:490} INFO - 25/05/06 08:38:45 INFO DAGScheduler: Parents of final stage: List()
[2025-05-06T08:38:45.676+0000] {spark_submit.py:490} INFO - 25/05/06 08:38:45 INFO DAGScheduler: Missing parents: List()
[2025-05-06T08:38:45.679+0000] {spark_submit.py:490} INFO - 25/05/06 08:38:45 INFO DAGScheduler: Submitting ShuffleMapStage 0 (MapPartitionsRDD[2] at count at NativeMethodAccessorImpl.java:0), which has no missing parents
[2025-05-06T08:38:45.767+0000] {spark_submit.py:490} INFO - 25/05/06 08:38:45 INFO MemoryStore: Block broadcast_0 stored as values in memory (estimated size 12.9 KiB, free 1048.8 MiB)
[2025-05-06T08:38:45.790+0000] {spark_submit.py:490} INFO - 25/05/06 08:38:45 INFO MemoryStore: Block broadcast_0_piece0 stored as bytes in memory (estimated size 6.8 KiB, free 1048.8 MiB)
[2025-05-06T08:38:45.793+0000] {spark_submit.py:490} INFO - 25/05/06 08:38:45 INFO BlockManagerInfo: Added broadcast_0_piece0 in memory on 15f86fd5b693:46619 (size: 6.8 KiB, free: 1048.8 MiB)
[2025-05-06T08:38:45.796+0000] {spark_submit.py:490} INFO - 25/05/06 08:38:45 INFO SparkContext: Created broadcast 0 from broadcast at DAGScheduler.scala:1474
[2025-05-06T08:38:45.807+0000] {spark_submit.py:490} INFO - 25/05/06 08:38:45 INFO DAGScheduler: Submitting 1 missing tasks from ShuffleMapStage 0 (MapPartitionsRDD[2] at count at NativeMethodAccessorImpl.java:0) (first 15 tasks are for partitions Vector(0))
[2025-05-06T08:38:45.808+0000] {spark_submit.py:490} INFO - 25/05/06 08:38:45 INFO TaskSchedulerImpl: Adding task set 0.0 with 1 tasks resource profile 0
[2025-05-06T08:39:00.824+0000] {spark_submit.py:490} INFO - 25/05/06 08:39:00 WARN TaskSchedulerImpl: Initial job has not accepted any resources; check your cluster UI to ensure that workers are registered and have sufficient resources
[2025-05-06T08:39:15.823+0000] {spark_submit.py:490} INFO - 25/05/06 08:39:15 WARN TaskSchedulerImpl: Initial job has not accepted any resources; check your cluster UI to ensure that workers are registered and have sufficient resources
[2025-05-06T08:39:30.824+0000] {spark_submit.py:490} INFO - 25/05/06 08:39:30 WARN TaskSchedulerImpl: Initial job has not accepted any resources; check your cluster UI to ensure that workers are registered and have sufficient resources
[2025-05-06T08:39:45.823+0000] {spark_submit.py:490} INFO - 25/05/06 08:39:45 WARN TaskSchedulerImpl: Initial job has not accepted any resources; check your cluster UI to ensure that workers are registered and have sufficient resources
[2025-05-06T08:40:00.824+0000] {spark_submit.py:490} INFO - 25/05/06 08:40:00 WARN TaskSchedulerImpl: Initial job has not accepted any resources; check your cluster UI to ensure that workers are registered and have sufficient resources
[2025-05-06T08:40:15.824+0000] {spark_submit.py:490} INFO - 25/05/06 08:40:15 WARN TaskSchedulerImpl: Initial job has not accepted any resources; check your cluster UI to ensure that workers are registered and have sufficient resources
[2025-05-06T08:40:30.823+0000] {spark_submit.py:490} INFO - 25/05/06 08:40:30 WARN TaskSchedulerImpl: Initial job has not accepted any resources; check your cluster UI to ensure that workers are registered and have sufficient resources
[2025-05-06T08:40:45.824+0000] {spark_submit.py:490} INFO - 25/05/06 08:40:45 WARN TaskSchedulerImpl: Initial job has not accepted any resources; check your cluster UI to ensure that workers are registered and have sufficient resources
[2025-05-06T08:41:00.823+0000] {spark_submit.py:490} INFO - 25/05/06 08:41:00 WARN TaskSchedulerImpl: Initial job has not accepted any resources; check your cluster UI to ensure that workers are registered and have sufficient resources
[2025-05-06T08:41:15.824+0000] {spark_submit.py:490} INFO - 25/05/06 08:41:15 WARN TaskSchedulerImpl: Initial job has not accepted any resources; check your cluster UI to ensure that workers are registered and have sufficient resources
[2025-05-06T08:41:30.824+0000] {spark_submit.py:490} INFO - 25/05/06 08:41:30 WARN TaskSchedulerImpl: Initial job has not accepted any resources; check your cluster UI to ensure that workers are registered and have sufficient resources
[2025-05-06T08:41:45.823+0000] {spark_submit.py:490} INFO - 25/05/06 08:41:45 WARN TaskSchedulerImpl: Initial job has not accepted any resources; check your cluster UI to ensure that workers are registered and have sufficient resources
[2025-05-06T08:42:00.824+0000] {spark_submit.py:490} INFO - 25/05/06 08:42:00 WARN TaskSchedulerImpl: Initial job has not accepted any resources; check your cluster UI to ensure that workers are registered and have sufficient resources
[2025-05-06T08:42:15.823+0000] {spark_submit.py:490} INFO - 25/05/06 08:42:15 WARN TaskSchedulerImpl: Initial job has not accepted any resources; check your cluster UI to ensure that workers are registered and have sufficient resources
[2025-05-06T08:42:30.823+0000] {spark_submit.py:490} INFO - 25/05/06 08:42:30 WARN TaskSchedulerImpl: Initial job has not accepted any resources; check your cluster UI to ensure that workers are registered and have sufficient resources
[2025-05-06T08:42:45.824+0000] {spark_submit.py:490} INFO - 25/05/06 08:42:45 WARN TaskSchedulerImpl: Initial job has not accepted any resources; check your cluster UI to ensure that workers are registered and have sufficient resources
[2025-05-06T08:43:00.823+0000] {spark_submit.py:490} INFO - 25/05/06 08:43:00 WARN TaskSchedulerImpl: Initial job has not accepted any resources; check your cluster UI to ensure that workers are registered and have sufficient resources
[2025-05-06T08:43:15.823+0000] {spark_submit.py:490} INFO - 25/05/06 08:43:15 WARN TaskSchedulerImpl: Initial job has not accepted any resources; check your cluster UI to ensure that workers are registered and have sufficient resources
[2025-05-06T08:43:30.823+0000] {spark_submit.py:490} INFO - 25/05/06 08:43:30 WARN TaskSchedulerImpl: Initial job has not accepted any resources; check your cluster UI to ensure that workers are registered and have sufficient resources
[2025-05-06T08:43:45.823+0000] {spark_submit.py:490} INFO - 25/05/06 08:43:45 WARN TaskSchedulerImpl: Initial job has not accepted any resources; check your cluster UI to ensure that workers are registered and have sufficient resources
[2025-05-06T08:44:00.824+0000] {spark_submit.py:490} INFO - 25/05/06 08:44:00 WARN TaskSchedulerImpl: Initial job has not accepted any resources; check your cluster UI to ensure that workers are registered and have sufficient resources
[2025-05-06T08:44:15.823+0000] {spark_submit.py:490} INFO - 25/05/06 08:44:15 WARN TaskSchedulerImpl: Initial job has not accepted any resources; check your cluster UI to ensure that workers are registered and have sufficient resources
[2025-05-06T08:44:30.824+0000] {spark_submit.py:490} INFO - 25/05/06 08:44:30 WARN TaskSchedulerImpl: Initial job has not accepted any resources; check your cluster UI to ensure that workers are registered and have sufficient resources
[2025-05-06T08:44:45.824+0000] {spark_submit.py:490} INFO - 25/05/06 08:44:45 WARN TaskSchedulerImpl: Initial job has not accepted any resources; check your cluster UI to ensure that workers are registered and have sufficient resources
[2025-05-06T08:45:00.823+0000] {spark_submit.py:490} INFO - 25/05/06 08:45:00 WARN TaskSchedulerImpl: Initial job has not accepted any resources; check your cluster UI to ensure that workers are registered and have sufficient resources
[2025-05-06T08:45:15.824+0000] {spark_submit.py:490} INFO - 25/05/06 08:45:15 WARN TaskSchedulerImpl: Initial job has not accepted any resources; check your cluster UI to ensure that workers are registered and have sufficient resources
[2025-05-06T08:45:30.824+0000] {spark_submit.py:490} INFO - 25/05/06 08:45:30 WARN TaskSchedulerImpl: Initial job has not accepted any resources; check your cluster UI to ensure that workers are registered and have sufficient resources
[2025-05-06T08:45:45.824+0000] {spark_submit.py:490} INFO - 25/05/06 08:45:45 WARN TaskSchedulerImpl: Initial job has not accepted any resources; check your cluster UI to ensure that workers are registered and have sufficient resources
[2025-05-06T08:46:00.823+0000] {spark_submit.py:490} INFO - 25/05/06 08:46:00 WARN TaskSchedulerImpl: Initial job has not accepted any resources; check your cluster UI to ensure that workers are registered and have sufficient resources
[2025-05-06T08:46:15.824+0000] {spark_submit.py:490} INFO - 25/05/06 08:46:15 WARN TaskSchedulerImpl: Initial job has not accepted any resources; check your cluster UI to ensure that workers are registered and have sufficient resources
[2025-05-06T08:46:30.823+0000] {spark_submit.py:490} INFO - 25/05/06 08:46:30 WARN TaskSchedulerImpl: Initial job has not accepted any resources; check your cluster UI to ensure that workers are registered and have sufficient resources
[2025-05-06T08:46:45.824+0000] {spark_submit.py:490} INFO - 25/05/06 08:46:45 WARN TaskSchedulerImpl: Initial job has not accepted any resources; check your cluster UI to ensure that workers are registered and have sufficient resources
[2025-05-06T08:47:00.823+0000] {spark_submit.py:490} INFO - 25/05/06 08:47:00 WARN TaskSchedulerImpl: Initial job has not accepted any resources; check your cluster UI to ensure that workers are registered and have sufficient resources
[2025-05-06T08:47:15.824+0000] {spark_submit.py:490} INFO - 25/05/06 08:47:15 WARN TaskSchedulerImpl: Initial job has not accepted any resources; check your cluster UI to ensure that workers are registered and have sufficient resources
[2025-05-06T08:47:30.824+0000] {spark_submit.py:490} INFO - 25/05/06 08:47:30 WARN TaskSchedulerImpl: Initial job has not accepted any resources; check your cluster UI to ensure that workers are registered and have sufficient resources
[2025-05-06T08:47:45.823+0000] {spark_submit.py:490} INFO - 25/05/06 08:47:45 WARN TaskSchedulerImpl: Initial job has not accepted any resources; check your cluster UI to ensure that workers are registered and have sufficient resources
[2025-05-06T08:48:00.823+0000] {spark_submit.py:490} INFO - 25/05/06 08:48:00 WARN TaskSchedulerImpl: Initial job has not accepted any resources; check your cluster UI to ensure that workers are registered and have sufficient resources
[2025-05-06T08:48:15.824+0000] {spark_submit.py:490} INFO - 25/05/06 08:48:15 WARN TaskSchedulerImpl: Initial job has not accepted any resources; check your cluster UI to ensure that workers are registered and have sufficient resources
[2025-05-06T08:48:30.823+0000] {spark_submit.py:490} INFO - 25/05/06 08:48:30 WARN TaskSchedulerImpl: Initial job has not accepted any resources; check your cluster UI to ensure that workers are registered and have sufficient resources
[2025-05-06T08:48:45.823+0000] {spark_submit.py:490} INFO - 25/05/06 08:48:45 WARN TaskSchedulerImpl: Initial job has not accepted any resources; check your cluster UI to ensure that workers are registered and have sufficient resources
[2025-05-06T08:49:00.824+0000] {spark_submit.py:490} INFO - 25/05/06 08:49:00 WARN TaskSchedulerImpl: Initial job has not accepted any resources; check your cluster UI to ensure that workers are registered and have sufficient resources
[2025-05-06T08:49:15.823+0000] {spark_submit.py:490} INFO - 25/05/06 08:49:15 WARN TaskSchedulerImpl: Initial job has not accepted any resources; check your cluster UI to ensure that workers are registered and have sufficient resources
[2025-05-06T08:49:30.824+0000] {spark_submit.py:490} INFO - 25/05/06 08:49:30 WARN TaskSchedulerImpl: Initial job has not accepted any resources; check your cluster UI to ensure that workers are registered and have sufficient resources
[2025-05-06T08:49:45.823+0000] {spark_submit.py:490} INFO - 25/05/06 08:49:45 WARN TaskSchedulerImpl: Initial job has not accepted any resources; check your cluster UI to ensure that workers are registered and have sufficient resources
[2025-05-06T08:50:00.824+0000] {spark_submit.py:490} INFO - 25/05/06 08:50:00 WARN TaskSchedulerImpl: Initial job has not accepted any resources; check your cluster UI to ensure that workers are registered and have sufficient resources
[2025-05-06T08:50:15.824+0000] {spark_submit.py:490} INFO - 25/05/06 08:50:15 WARN TaskSchedulerImpl: Initial job has not accepted any resources; check your cluster UI to ensure that workers are registered and have sufficient resources
[2025-05-06T08:50:24.259+0000] {local_task_job_runner.py:115} ERROR - Received SIGTERM. Terminating subprocesses
[2025-05-06T08:50:24.261+0000] {process_utils.py:135} INFO - Sending Signals.SIGTERM to group 60. PIDs of all processes in the group: [61, 107, 60]
[2025-05-06T08:50:24.261+0000] {process_utils.py:86} INFO - Sending the signal Signals.SIGTERM to group 60
[2025-05-06T08:50:24.261+0000] {taskinstance.py:1517} ERROR - Received SIGTERM. Terminating subprocesses.
[2025-05-06T08:50:24.262+0000] {spark_submit.py:615} INFO - Sending kill signal to spark-submit
[2025-05-06T08:50:24.281+0000] {taskinstance.py:1824} ERROR - Task failed with exception
Traceback (most recent call last):
  File "/home/airflow/.local/lib/python3.7/site-packages/airflow/providers/apache/spark/operators/spark_submit.py", line 157, in execute
    self._hook.submit(self._application)
  File "/home/airflow/.local/lib/python3.7/site-packages/airflow/providers/apache/spark/hooks/spark_submit.py", line 409, in submit
    self._process_spark_submit_log(iter(self._submit_sp.stdout))  # type: ignore
  File "/home/airflow/.local/lib/python3.7/site-packages/airflow/providers/apache/spark/hooks/spark_submit.py", line 458, in _process_spark_submit_log
    for line in itr:
  File "/home/airflow/.local/lib/python3.7/site-packages/airflow/models/taskinstance.py", line 1519, in signal_handler
    raise AirflowException("Task received SIGTERM signal")
airflow.exceptions.AirflowException: Task received SIGTERM signal
[2025-05-06T08:50:24.289+0000] {taskinstance.py:1350} INFO - Marking task as FAILED. dag_id=graph_analysis, task_id=build_graph, execution_date=20250504T204514, start_date=20250506T083838, end_date=20250506T085024
[2025-05-06T08:50:24.305+0000] {standard_task_runner.py:109} ERROR - Failed to execute job 162 for task build_graph (Task received SIGTERM signal; 60)
[2025-05-06T08:50:24.354+0000] {process_utils.py:79} INFO - Process psutil.Process(pid=61, status='terminated', started='08:38:38') (61) terminated with exit code None
[2025-05-06T08:50:24.354+0000] {process_utils.py:79} INFO - Process psutil.Process(pid=107, status='terminated', started='08:38:40') (107) terminated with exit code None
[2025-05-06T08:50:24.354+0000] {process_utils.py:79} INFO - Process psutil.Process(pid=60, status='terminated', exitcode=1, started='08:38:38') (60) terminated with exit code 1
[2025-05-06T08:50:24.354+0000] {local_task_job_runner.py:225} INFO - Task exited with return code 143
[2025-05-06T08:50:24.432+0000] {taskinstance.py:2653} INFO - 0 downstream tasks scheduled from follow-on schedule check
