[2025-05-06T09:48:30.773+0000] {taskinstance.py:1103} INFO - Dependencies all met for dep_context=non-requeueable deps ti=<TaskInstance: extract_load.load_clients manual__2025-05-06T09:48:17.706493+00:00 [queued]>
[2025-05-06T09:48:30.780+0000] {taskinstance.py:1103} INFO - Dependencies all met for dep_context=requeueable deps ti=<TaskInstance: extract_load.load_clients manual__2025-05-06T09:48:17.706493+00:00 [queued]>
[2025-05-06T09:48:30.780+0000] {taskinstance.py:1308} INFO - Starting attempt 1 of 2
[2025-05-06T09:48:30.792+0000] {taskinstance.py:1327} INFO - Executing <Task(PythonOperator): load_clients> on 2025-05-06 09:48:17.706493+00:00
[2025-05-06T09:48:30.796+0000] {standard_task_runner.py:57} INFO - Started process 2691 to run task
[2025-05-06T09:48:30.798+0000] {standard_task_runner.py:84} INFO - Running: ['airflow', 'tasks', 'run', 'extract_load', 'load_clients', 'manual__2025-05-06T09:48:17.706493+00:00', '--job-id', '179', '--raw', '--subdir', 'DAGS_FOLDER/extract_load.py', '--cfg-path', '/tmp/tmphpyqyaxd']
[2025-05-06T09:48:30.799+0000] {standard_task_runner.py:85} INFO - Job 179: Subtask load_clients
[2025-05-06T09:48:30.813+0000] {logging_mixin.py:150} WARNING - /home/airflow/.local/lib/python3.7/site-packages/airflow/settings.py:195 DeprecationWarning: The sql_alchemy_conn option in [core] has been moved to the sql_alchemy_conn option in [database] - the old setting has been used, but please update your config.
[2025-05-06T09:48:30.841+0000] {task_command.py:410} INFO - Running <TaskInstance: extract_load.load_clients manual__2025-05-06T09:48:17.706493+00:00 [running]> on host 18351abe39b6
[2025-05-06T09:48:30.915+0000] {taskinstance.py:1547} INFO - Exporting env vars: AIRFLOW_CTX_DAG_OWNER='finbest' AIRFLOW_CTX_DAG_ID='extract_load' AIRFLOW_CTX_TASK_ID='load_clients' AIRFLOW_CTX_EXECUTION_DATE='2025-05-06T09:48:17.706493+00:00' AIRFLOW_CTX_TRY_NUMBER='1' AIRFLOW_CTX_DAG_RUN_ID='manual__2025-05-06T09:48:17.706493+00:00'
[2025-05-06T09:48:30.924+0000] {logging_mixin.py:150} INFO - Загружено 1200 строк из /data/clients.csv
[2025-05-06T09:48:30.924+0000] {crypto.py:83} WARNING - empty cryptography key - values will not be stored encrypted.
[2025-05-06T09:48:30.924+0000] {base.py:73} INFO - Using connection ID 'postgres_default' for task execution.
[2025-05-06T09:48:30.929+0000] {sql.py:375} INFO - Running statement: 
    SELECT column_name 
    FROM information_schema.columns 
    WHERE table_schema = 'staging' AND table_name = 'clients'
    , parameters: None
[2025-05-06T09:48:30.933+0000] {sql.py:384} INFO - Rows affected: 7
[2025-05-06T09:48:30.933+0000] {logging_mixin.py:150} INFO - Столбцы в БД для clients: ['client_id', 'first_name', 'last_name', 'email', 'passport_id', 'registration_date', 'status']
[2025-05-06T09:48:30.933+0000] {logging_mixin.py:150} INFO - Используем столбцы для clients: ['client_id', 'first_name', 'last_name', 'email', 'passport_id', 'registration_date', 'status']
[2025-05-06T09:48:30.935+0000] {base.py:73} INFO - Using connection ID 'postgres_default' for task execution.
[2025-05-06T09:48:30.940+0000] {sql.py:375} INFO - Running statement: TRUNCATE TABLE staging.clients, parameters: None
[2025-05-06T09:48:30.945+0000] {base.py:73} INFO - Using connection ID 'postgres_default' for task execution.
[2025-05-06T09:48:31.250+0000] {logging_mixin.py:150} INFO - Данные загружены в staging.clients
[2025-05-06T09:48:31.250+0000] {python.py:183} INFO - Done. Returned value was: None
[2025-05-06T09:48:31.263+0000] {taskinstance.py:1350} INFO - Marking task as SUCCESS. dag_id=extract_load, task_id=load_clients, execution_date=20250506T094817, start_date=20250506T094830, end_date=20250506T094831
[2025-05-06T09:48:31.291+0000] {local_task_job_runner.py:225} INFO - Task exited with return code 0
[2025-05-06T09:48:31.307+0000] {taskinstance.py:2653} INFO - 0 downstream tasks scheduled from follow-on schedule check
