[2025-04-27T11:54:29.015+0000] {taskinstance.py:1103} INFO - Dependencies all met for dep_context=non-requeueable deps ti=<TaskInstance: transform.detect_suspicious manual__2025-04-27T11:54:18.708071+00:00 [queued]>
[2025-04-27T11:54:29.022+0000] {taskinstance.py:1103} INFO - Dependencies all met for dep_context=requeueable deps ti=<TaskInstance: transform.detect_suspicious manual__2025-04-27T11:54:18.708071+00:00 [queued]>
[2025-04-27T11:54:29.022+0000] {taskinstance.py:1308} INFO - Starting attempt 1 of 2
[2025-04-27T11:54:29.034+0000] {taskinstance.py:1327} INFO - Executing <Task(SparkSubmitOperator): detect_suspicious> on 2025-04-27 11:54:18.708071+00:00
[2025-04-27T11:54:29.037+0000] {standard_task_runner.py:57} INFO - Started process 223 to run task
[2025-04-27T11:54:29.039+0000] {standard_task_runner.py:84} INFO - Running: ['airflow', 'tasks', 'run', 'transform', 'detect_suspicious', 'manual__2025-04-27T11:54:18.708071+00:00', '--job-id', '71', '--raw', '--subdir', 'DAGS_FOLDER/transform.py', '--cfg-path', '/tmp/tmp1u3hzz5p']
[2025-04-27T11:54:29.040+0000] {standard_task_runner.py:85} INFO - Job 71: Subtask detect_suspicious
[2025-04-27T11:54:29.081+0000] {task_command.py:410} INFO - Running <TaskInstance: transform.detect_suspicious manual__2025-04-27T11:54:18.708071+00:00 [running]> on host 6780dda4d52a
[2025-04-27T11:54:29.234+0000] {taskinstance.py:1547} INFO - Exporting env vars: AIRFLOW_CTX_DAG_OWNER='finbest' AIRFLOW_CTX_DAG_ID='transform' AIRFLOW_CTX_TASK_ID='detect_suspicious' AIRFLOW_CTX_EXECUTION_DATE='2025-04-27T11:54:18.708071+00:00' AIRFLOW_CTX_TRY_NUMBER='1' AIRFLOW_CTX_DAG_RUN_ID='manual__2025-04-27T11:54:18.708071+00:00'
[2025-04-27T11:54:29.242+0000] {base.py:73} INFO - Using connection ID 'spark_default' for task execution.
[2025-04-27T11:54:29.243+0000] {spark_submit.py:339} INFO - Spark-Submit cmd: spark-submit --master spark://spark-master:7077 --packages org.postgresql:postgresql:42.6.0,ru.yandex.clickhouse:clickhouse-jdbc:0.3.2 --executor-cores 1 --executor-memory 1g --driver-memory 1g --name arrow-spark /opt/airflow/spark/detect_suspicious.py --jdbc jdbc:postgresql://postgres:5432/finbest --clickhouse-url jdbc:clickhouse://clickhouse:8123/finbest
[2025-04-27T11:54:30.483+0000] {spark_submit.py:490} INFO - :: loading settings :: url = jar:file:/opt/spark/jars/ivy-2.5.0.jar!/org/apache/ivy/core/settings/ivysettings.xml
[2025-04-27T11:54:30.550+0000] {spark_submit.py:490} INFO - Ivy Default Cache set to: /home/airflow/.ivy2/cache
[2025-04-27T11:54:30.550+0000] {spark_submit.py:490} INFO - The jars for the packages stored in: /home/airflow/.ivy2/jars
[2025-04-27T11:54:30.554+0000] {spark_submit.py:490} INFO - org.postgresql#postgresql added as a dependency
[2025-04-27T11:54:30.554+0000] {spark_submit.py:490} INFO - ru.yandex.clickhouse#clickhouse-jdbc added as a dependency
[2025-04-27T11:54:30.555+0000] {spark_submit.py:490} INFO - :: resolving dependencies :: org.apache.spark#spark-submit-parent-7b1573c1-81c1-492c-91dd-ae822f61e5af;1.0
[2025-04-27T11:54:30.555+0000] {spark_submit.py:490} INFO - confs: [default]
[2025-04-27T11:54:30.623+0000] {spark_submit.py:490} INFO - found org.postgresql#postgresql;42.6.0 in central
[2025-04-27T11:54:30.639+0000] {spark_submit.py:490} INFO - found org.checkerframework#checker-qual;3.31.0 in central
[2025-04-27T11:54:30.652+0000] {spark_submit.py:490} INFO - found ru.yandex.clickhouse#clickhouse-jdbc;0.3.2 in central
[2025-04-27T11:54:30.669+0000] {spark_submit.py:490} INFO - found com.clickhouse#clickhouse-http-client;0.3.2 in central
[2025-04-27T11:54:30.686+0000] {spark_submit.py:490} INFO - found com.clickhouse#clickhouse-client;0.3.2 in central
[2025-04-27T11:54:30.699+0000] {spark_submit.py:490} INFO - found org.lz4#lz4-java;1.8.0 in central
[2025-04-27T11:54:30.715+0000] {spark_submit.py:490} INFO - found com.google.code.gson#gson;2.8.8 in central
[2025-04-27T11:54:30.730+0000] {spark_submit.py:490} INFO - found org.apache.httpcomponents#httpclient;4.5.13 in central
[2025-04-27T11:54:30.744+0000] {spark_submit.py:490} INFO - found org.apache.httpcomponents#httpcore;4.4.13 in central
[2025-04-27T11:54:33.888+0000] {spark_submit.py:490} INFO - found commons-logging#commons-logging;1.2 in central
[2025-04-27T11:54:35.118+0000] {spark_submit.py:490} INFO - found commons-codec#commons-codec;1.11 in central
[2025-04-27T11:54:35.302+0000] {spark_submit.py:490} INFO - found org.apache.httpcomponents#httpmime;4.5.13 in central
[2025-04-27T11:54:35.376+0000] {spark_submit.py:490} INFO - downloading https://repo1.maven.org/maven2/org/postgresql/postgresql/42.6.0/postgresql-42.6.0.jar ...
[2025-04-27T11:54:35.637+0000] {spark_submit.py:490} INFO - [SUCCESSFUL ] org.postgresql#postgresql;42.6.0!postgresql.jar (326ms)
[2025-04-27T11:54:35.702+0000] {spark_submit.py:490} INFO - downloading https://repo1.maven.org/maven2/ru/yandex/clickhouse/clickhouse-jdbc/0.3.2/clickhouse-jdbc-0.3.2.jar ...
[2025-04-27T11:54:35.965+0000] {spark_submit.py:490} INFO - [SUCCESSFUL ] ru.yandex.clickhouse#clickhouse-jdbc;0.3.2!clickhouse-jdbc.jar (326ms)
[2025-04-27T11:54:36.030+0000] {spark_submit.py:490} INFO - downloading https://repo1.maven.org/maven2/org/checkerframework/checker-qual/3.31.0/checker-qual-3.31.0.jar ...
[2025-04-27T11:54:36.117+0000] {spark_submit.py:490} INFO - [SUCCESSFUL ] org.checkerframework#checker-qual;3.31.0!checker-qual.jar (149ms)
[2025-04-27T11:54:36.185+0000] {spark_submit.py:490} INFO - downloading https://repo1.maven.org/maven2/com/clickhouse/clickhouse-http-client/0.3.2/clickhouse-http-client-0.3.2.jar ...
[2025-04-27T11:54:36.257+0000] {spark_submit.py:490} INFO - [SUCCESSFUL ] com.clickhouse#clickhouse-http-client;0.3.2!clickhouse-http-client.jar (139ms)
[2025-04-27T11:54:36.321+0000] {spark_submit.py:490} INFO - downloading https://repo1.maven.org/maven2/com/google/code/gson/gson/2.8.8/gson-2.8.8.jar ...
[2025-04-27T11:54:36.426+0000] {spark_submit.py:490} INFO - [SUCCESSFUL ] com.google.code.gson#gson;2.8.8!gson.jar (166ms)
[2025-04-27T11:54:36.493+0000] {spark_submit.py:490} INFO - downloading https://repo1.maven.org/maven2/org/apache/httpcomponents/httpclient/4.5.13/httpclient-4.5.13.jar ...
[2025-04-27T11:54:36.697+0000] {spark_submit.py:490} INFO - [SUCCESSFUL ] org.apache.httpcomponents#httpclient;4.5.13!httpclient.jar (270ms)
[2025-04-27T11:54:36.766+0000] {spark_submit.py:490} INFO - downloading https://repo1.maven.org/maven2/org/apache/httpcomponents/httpmime/4.5.13/httpmime-4.5.13.jar ...
[2025-04-27T11:54:36.838+0000] {spark_submit.py:490} INFO - [SUCCESSFUL ] org.apache.httpcomponents#httpmime;4.5.13!httpmime.jar (138ms)
[2025-04-27T11:54:36.903+0000] {spark_submit.py:490} INFO - downloading https://repo1.maven.org/maven2/org/lz4/lz4-java/1.8.0/lz4-java-1.8.0.jar ...
[2025-04-27T11:54:37.153+0000] {spark_submit.py:490} INFO - [SUCCESSFUL ] org.lz4#lz4-java;1.8.0!lz4-java.jar (313ms)
[2025-04-27T11:54:37.220+0000] {spark_submit.py:490} INFO - downloading https://repo1.maven.org/maven2/com/clickhouse/clickhouse-client/0.3.2/clickhouse-client-0.3.2.jar ...
[2025-04-27T11:54:37.385+0000] {spark_submit.py:490} INFO - [SUCCESSFUL ] com.clickhouse#clickhouse-client;0.3.2!clickhouse-client.jar (229ms)
[2025-04-27T11:54:37.452+0000] {spark_submit.py:490} INFO - downloading https://repo1.maven.org/maven2/org/apache/httpcomponents/httpcore/4.4.13/httpcore-4.4.13.jar ...
[2025-04-27T11:54:37.595+0000] {spark_submit.py:490} INFO - [SUCCESSFUL ] org.apache.httpcomponents#httpcore;4.4.13!httpcore.jar (208ms)
[2025-04-27T11:54:37.655+0000] {spark_submit.py:490} INFO - downloading https://repo1.maven.org/maven2/commons-logging/commons-logging/1.2/commons-logging-1.2.jar ...
[2025-04-27T11:54:37.736+0000] {spark_submit.py:490} INFO - [SUCCESSFUL ] commons-logging#commons-logging;1.2!commons-logging.jar (140ms)
[2025-04-27T11:54:37.801+0000] {spark_submit.py:490} INFO - downloading https://repo1.maven.org/maven2/commons-codec/commons-codec/1.11/commons-codec-1.11.jar ...
[2025-04-27T11:54:37.938+0000] {spark_submit.py:490} INFO - [SUCCESSFUL ] commons-codec#commons-codec;1.11!commons-codec.jar (200ms)
[2025-04-27T11:54:37.938+0000] {spark_submit.py:490} INFO - :: resolution report :: resolve 4756ms :: artifacts dl 2628ms
[2025-04-27T11:54:37.938+0000] {spark_submit.py:490} INFO - :: modules in use:
[2025-04-27T11:54:37.938+0000] {spark_submit.py:490} INFO - com.clickhouse#clickhouse-client;0.3.2 from central in [default]
[2025-04-27T11:54:37.938+0000] {spark_submit.py:490} INFO - com.clickhouse#clickhouse-http-client;0.3.2 from central in [default]
[2025-04-27T11:54:37.939+0000] {spark_submit.py:490} INFO - com.google.code.gson#gson;2.8.8 from central in [default]
[2025-04-27T11:54:37.939+0000] {spark_submit.py:490} INFO - commons-codec#commons-codec;1.11 from central in [default]
[2025-04-27T11:54:37.939+0000] {spark_submit.py:490} INFO - commons-logging#commons-logging;1.2 from central in [default]
[2025-04-27T11:54:37.939+0000] {spark_submit.py:490} INFO - org.apache.httpcomponents#httpclient;4.5.13 from central in [default]
[2025-04-27T11:54:37.939+0000] {spark_submit.py:490} INFO - org.apache.httpcomponents#httpcore;4.4.13 from central in [default]
[2025-04-27T11:54:37.939+0000] {spark_submit.py:490} INFO - org.apache.httpcomponents#httpmime;4.5.13 from central in [default]
[2025-04-27T11:54:37.939+0000] {spark_submit.py:490} INFO - org.checkerframework#checker-qual;3.31.0 from central in [default]
[2025-04-27T11:54:37.939+0000] {spark_submit.py:490} INFO - org.lz4#lz4-java;1.8.0 from central in [default]
[2025-04-27T11:54:37.939+0000] {spark_submit.py:490} INFO - org.postgresql#postgresql;42.6.0 from central in [default]
[2025-04-27T11:54:37.939+0000] {spark_submit.py:490} INFO - ru.yandex.clickhouse#clickhouse-jdbc;0.3.2 from central in [default]
[2025-04-27T11:54:37.939+0000] {spark_submit.py:490} INFO - ---------------------------------------------------------------------
[2025-04-27T11:54:37.939+0000] {spark_submit.py:490} INFO - |                  |            modules            ||   artifacts   |
[2025-04-27T11:54:37.939+0000] {spark_submit.py:490} INFO - |       conf       | number| search|dwnlded|evicted|| number|dwnlded|
[2025-04-27T11:54:37.939+0000] {spark_submit.py:490} INFO - ---------------------------------------------------------------------
[2025-04-27T11:54:37.939+0000] {spark_submit.py:490} INFO - |      default     |   12  |   3   |   3   |   0   ||   12  |   12  |
[2025-04-27T11:54:37.939+0000] {spark_submit.py:490} INFO - ---------------------------------------------------------------------
[2025-04-27T11:54:37.944+0000] {spark_submit.py:490} INFO - :: retrieving :: org.apache.spark#spark-submit-parent-7b1573c1-81c1-492c-91dd-ae822f61e5af
[2025-04-27T11:54:37.944+0000] {spark_submit.py:490} INFO - confs: [default]
[2025-04-27T11:54:37.959+0000] {spark_submit.py:490} INFO - 12 artifacts copied, 0 already retrieved (4598kB/14ms)
[2025-04-27T11:54:38.158+0000] {spark_submit.py:490} INFO - 25/04/27 11:54:38 WARN NativeCodeLoader: Unable to load native-hadoop library for your platform... using builtin-java classes where applicable
[2025-04-27T11:54:38.979+0000] {spark_submit.py:490} INFO - 25/04/27 11:54:38 INFO SparkContext: Running Spark version 3.3.0
[2025-04-27T11:54:38.998+0000] {spark_submit.py:490} INFO - 25/04/27 11:54:38 INFO ResourceUtils: ==============================================================
[2025-04-27T11:54:38.998+0000] {spark_submit.py:490} INFO - 25/04/27 11:54:38 INFO ResourceUtils: No custom resources configured for spark.driver.
[2025-04-27T11:54:38.998+0000] {spark_submit.py:490} INFO - 25/04/27 11:54:38 INFO ResourceUtils: ==============================================================
[2025-04-27T11:54:38.998+0000] {spark_submit.py:490} INFO - 25/04/27 11:54:38 INFO SparkContext: Submitted application: FinBestDetect
[2025-04-27T11:54:39.024+0000] {spark_submit.py:490} INFO - 25/04/27 11:54:39 INFO ResourceProfile: Default ResourceProfile created, executor resources: Map(cores -> name: cores, amount: 1, script: , vendor: , memory -> name: memory, amount: 1024, script: , vendor: , offHeap -> name: offHeap, amount: 0, script: , vendor: ), task resources: Map(cpus -> name: cpus, amount: 1.0)
[2025-04-27T11:54:39.033+0000] {spark_submit.py:490} INFO - 25/04/27 11:54:39 INFO ResourceProfile: Limiting resource is cpus at 1 tasks per executor
[2025-04-27T11:54:39.036+0000] {spark_submit.py:490} INFO - 25/04/27 11:54:39 INFO ResourceProfileManager: Added ResourceProfile id: 0
[2025-04-27T11:54:39.088+0000] {spark_submit.py:490} INFO - 25/04/27 11:54:39 INFO SecurityManager: Changing view acls to: airflow
[2025-04-27T11:54:39.089+0000] {spark_submit.py:490} INFO - 25/04/27 11:54:39 INFO SecurityManager: Changing modify acls to: airflow
[2025-04-27T11:54:39.089+0000] {spark_submit.py:490} INFO - 25/04/27 11:54:39 INFO SecurityManager: Changing view acls groups to:
[2025-04-27T11:54:39.089+0000] {spark_submit.py:490} INFO - 25/04/27 11:54:39 INFO SecurityManager: Changing modify acls groups to:
[2025-04-27T11:54:39.089+0000] {spark_submit.py:490} INFO - 25/04/27 11:54:39 INFO SecurityManager: SecurityManager: authentication disabled; ui acls disabled; users  with view permissions: Set(airflow); groups with view permissions: Set(); users  with modify permissions: Set(airflow); groups with modify permissions: Set()
[2025-04-27T11:54:39.316+0000] {spark_submit.py:490} INFO - 25/04/27 11:54:39 INFO Utils: Successfully started service 'sparkDriver' on port 40789.
[2025-04-27T11:54:39.343+0000] {spark_submit.py:490} INFO - 25/04/27 11:54:39 INFO SparkEnv: Registering MapOutputTracker
[2025-04-27T11:54:39.374+0000] {spark_submit.py:490} INFO - 25/04/27 11:54:39 INFO SparkEnv: Registering BlockManagerMaster
[2025-04-27T11:54:39.399+0000] {spark_submit.py:490} INFO - 25/04/27 11:54:39 INFO BlockManagerMasterEndpoint: Using org.apache.spark.storage.DefaultTopologyMapper for getting topology information
[2025-04-27T11:54:39.400+0000] {spark_submit.py:490} INFO - 25/04/27 11:54:39 INFO BlockManagerMasterEndpoint: BlockManagerMasterEndpoint up
[2025-04-27T11:54:39.406+0000] {spark_submit.py:490} INFO - 25/04/27 11:54:39 INFO SparkEnv: Registering BlockManagerMasterHeartbeat
[2025-04-27T11:54:39.431+0000] {spark_submit.py:490} INFO - 25/04/27 11:54:39 INFO DiskBlockManager: Created local directory at /tmp/blockmgr-3374c190-9900-46fa-9a92-a611a7892e10
[2025-04-27T11:54:39.446+0000] {spark_submit.py:490} INFO - 25/04/27 11:54:39 INFO MemoryStore: MemoryStore started with capacity 434.4 MiB
[2025-04-27T11:54:39.461+0000] {spark_submit.py:490} INFO - 25/04/27 11:54:39 INFO SparkEnv: Registering OutputCommitCoordinator
[2025-04-27T11:54:39.670+0000] {spark_submit.py:490} INFO - 25/04/27 11:54:39 INFO Utils: Successfully started service 'SparkUI' on port 4040.
[2025-04-27T11:54:39.708+0000] {spark_submit.py:490} INFO - 25/04/27 11:54:39 INFO SparkContext: Added JAR file:///home/airflow/.ivy2/jars/org.postgresql_postgresql-42.6.0.jar at spark://6780dda4d52a:40789/jars/org.postgresql_postgresql-42.6.0.jar with timestamp 1745754878973
[2025-04-27T11:54:39.709+0000] {spark_submit.py:490} INFO - 25/04/27 11:54:39 INFO SparkContext: Added JAR file:///home/airflow/.ivy2/jars/ru.yandex.clickhouse_clickhouse-jdbc-0.3.2.jar at spark://6780dda4d52a:40789/jars/ru.yandex.clickhouse_clickhouse-jdbc-0.3.2.jar with timestamp 1745754878973
[2025-04-27T11:54:39.709+0000] {spark_submit.py:490} INFO - 25/04/27 11:54:39 INFO SparkContext: Added JAR file:///home/airflow/.ivy2/jars/org.checkerframework_checker-qual-3.31.0.jar at spark://6780dda4d52a:40789/jars/org.checkerframework_checker-qual-3.31.0.jar with timestamp 1745754878973
[2025-04-27T11:54:39.709+0000] {spark_submit.py:490} INFO - 25/04/27 11:54:39 INFO SparkContext: Added JAR file:///home/airflow/.ivy2/jars/com.clickhouse_clickhouse-http-client-0.3.2.jar at spark://6780dda4d52a:40789/jars/com.clickhouse_clickhouse-http-client-0.3.2.jar with timestamp 1745754878973
[2025-04-27T11:54:39.709+0000] {spark_submit.py:490} INFO - 25/04/27 11:54:39 INFO SparkContext: Added JAR file:///home/airflow/.ivy2/jars/com.google.code.gson_gson-2.8.8.jar at spark://6780dda4d52a:40789/jars/com.google.code.gson_gson-2.8.8.jar with timestamp 1745754878973
[2025-04-27T11:54:39.709+0000] {spark_submit.py:490} INFO - 25/04/27 11:54:39 INFO SparkContext: Added JAR file:///home/airflow/.ivy2/jars/org.apache.httpcomponents_httpclient-4.5.13.jar at spark://6780dda4d52a:40789/jars/org.apache.httpcomponents_httpclient-4.5.13.jar with timestamp 1745754878973
[2025-04-27T11:54:39.709+0000] {spark_submit.py:490} INFO - 25/04/27 11:54:39 INFO SparkContext: Added JAR file:///home/airflow/.ivy2/jars/org.apache.httpcomponents_httpmime-4.5.13.jar at spark://6780dda4d52a:40789/jars/org.apache.httpcomponents_httpmime-4.5.13.jar with timestamp 1745754878973
[2025-04-27T11:54:39.709+0000] {spark_submit.py:490} INFO - 25/04/27 11:54:39 INFO SparkContext: Added JAR file:///home/airflow/.ivy2/jars/org.lz4_lz4-java-1.8.0.jar at spark://6780dda4d52a:40789/jars/org.lz4_lz4-java-1.8.0.jar with timestamp 1745754878973
[2025-04-27T11:54:39.709+0000] {spark_submit.py:490} INFO - 25/04/27 11:54:39 INFO SparkContext: Added JAR file:///home/airflow/.ivy2/jars/com.clickhouse_clickhouse-client-0.3.2.jar at spark://6780dda4d52a:40789/jars/com.clickhouse_clickhouse-client-0.3.2.jar with timestamp 1745754878973
[2025-04-27T11:54:39.709+0000] {spark_submit.py:490} INFO - 25/04/27 11:54:39 INFO SparkContext: Added JAR file:///home/airflow/.ivy2/jars/org.apache.httpcomponents_httpcore-4.4.13.jar at spark://6780dda4d52a:40789/jars/org.apache.httpcomponents_httpcore-4.4.13.jar with timestamp 1745754878973
[2025-04-27T11:54:39.709+0000] {spark_submit.py:490} INFO - 25/04/27 11:54:39 INFO SparkContext: Added JAR file:///home/airflow/.ivy2/jars/commons-logging_commons-logging-1.2.jar at spark://6780dda4d52a:40789/jars/commons-logging_commons-logging-1.2.jar with timestamp 1745754878973
[2025-04-27T11:54:39.710+0000] {spark_submit.py:490} INFO - 25/04/27 11:54:39 INFO SparkContext: Added JAR file:///home/airflow/.ivy2/jars/commons-codec_commons-codec-1.11.jar at spark://6780dda4d52a:40789/jars/commons-codec_commons-codec-1.11.jar with timestamp 1745754878973
[2025-04-27T11:54:39.712+0000] {spark_submit.py:490} INFO - 25/04/27 11:54:39 INFO SparkContext: Added file file:///home/airflow/.ivy2/jars/org.postgresql_postgresql-42.6.0.jar at spark://6780dda4d52a:40789/files/org.postgresql_postgresql-42.6.0.jar with timestamp 1745754878973
[2025-04-27T11:54:39.713+0000] {spark_submit.py:490} INFO - 25/04/27 11:54:39 INFO Utils: Copying /home/airflow/.ivy2/jars/org.postgresql_postgresql-42.6.0.jar to /tmp/spark-ed622ec9-749b-4ea6-919a-4cbeb7e5688f/userFiles-0e7fba56-dbe4-4248-bc33-44c93f780247/org.postgresql_postgresql-42.6.0.jar
[2025-04-27T11:54:39.726+0000] {spark_submit.py:490} INFO - 25/04/27 11:54:39 INFO SparkContext: Added file file:///home/airflow/.ivy2/jars/ru.yandex.clickhouse_clickhouse-jdbc-0.3.2.jar at spark://6780dda4d52a:40789/files/ru.yandex.clickhouse_clickhouse-jdbc-0.3.2.jar with timestamp 1745754878973
[2025-04-27T11:54:39.726+0000] {spark_submit.py:490} INFO - 25/04/27 11:54:39 INFO Utils: Copying /home/airflow/.ivy2/jars/ru.yandex.clickhouse_clickhouse-jdbc-0.3.2.jar to /tmp/spark-ed622ec9-749b-4ea6-919a-4cbeb7e5688f/userFiles-0e7fba56-dbe4-4248-bc33-44c93f780247/ru.yandex.clickhouse_clickhouse-jdbc-0.3.2.jar
[2025-04-27T11:54:39.730+0000] {spark_submit.py:490} INFO - 25/04/27 11:54:39 INFO SparkContext: Added file file:///home/airflow/.ivy2/jars/org.checkerframework_checker-qual-3.31.0.jar at spark://6780dda4d52a:40789/files/org.checkerframework_checker-qual-3.31.0.jar with timestamp 1745754878973
[2025-04-27T11:54:39.730+0000] {spark_submit.py:490} INFO - 25/04/27 11:54:39 INFO Utils: Copying /home/airflow/.ivy2/jars/org.checkerframework_checker-qual-3.31.0.jar to /tmp/spark-ed622ec9-749b-4ea6-919a-4cbeb7e5688f/userFiles-0e7fba56-dbe4-4248-bc33-44c93f780247/org.checkerframework_checker-qual-3.31.0.jar
[2025-04-27T11:54:39.733+0000] {spark_submit.py:490} INFO - 25/04/27 11:54:39 INFO SparkContext: Added file file:///home/airflow/.ivy2/jars/com.clickhouse_clickhouse-http-client-0.3.2.jar at spark://6780dda4d52a:40789/files/com.clickhouse_clickhouse-http-client-0.3.2.jar with timestamp 1745754878973
[2025-04-27T11:54:39.733+0000] {spark_submit.py:490} INFO - 25/04/27 11:54:39 INFO Utils: Copying /home/airflow/.ivy2/jars/com.clickhouse_clickhouse-http-client-0.3.2.jar to /tmp/spark-ed622ec9-749b-4ea6-919a-4cbeb7e5688f/userFiles-0e7fba56-dbe4-4248-bc33-44c93f780247/com.clickhouse_clickhouse-http-client-0.3.2.jar
[2025-04-27T11:54:39.738+0000] {spark_submit.py:490} INFO - 25/04/27 11:54:39 INFO SparkContext: Added file file:///home/airflow/.ivy2/jars/com.google.code.gson_gson-2.8.8.jar at spark://6780dda4d52a:40789/files/com.google.code.gson_gson-2.8.8.jar with timestamp 1745754878973
[2025-04-27T11:54:39.739+0000] {spark_submit.py:490} INFO - 25/04/27 11:54:39 INFO Utils: Copying /home/airflow/.ivy2/jars/com.google.code.gson_gson-2.8.8.jar to /tmp/spark-ed622ec9-749b-4ea6-919a-4cbeb7e5688f/userFiles-0e7fba56-dbe4-4248-bc33-44c93f780247/com.google.code.gson_gson-2.8.8.jar
[2025-04-27T11:54:39.742+0000] {spark_submit.py:490} INFO - 25/04/27 11:54:39 INFO SparkContext: Added file file:///home/airflow/.ivy2/jars/org.apache.httpcomponents_httpclient-4.5.13.jar at spark://6780dda4d52a:40789/files/org.apache.httpcomponents_httpclient-4.5.13.jar with timestamp 1745754878973
[2025-04-27T11:54:39.742+0000] {spark_submit.py:490} INFO - 25/04/27 11:54:39 INFO Utils: Copying /home/airflow/.ivy2/jars/org.apache.httpcomponents_httpclient-4.5.13.jar to /tmp/spark-ed622ec9-749b-4ea6-919a-4cbeb7e5688f/userFiles-0e7fba56-dbe4-4248-bc33-44c93f780247/org.apache.httpcomponents_httpclient-4.5.13.jar
[2025-04-27T11:54:39.745+0000] {spark_submit.py:490} INFO - 25/04/27 11:54:39 INFO SparkContext: Added file file:///home/airflow/.ivy2/jars/org.apache.httpcomponents_httpmime-4.5.13.jar at spark://6780dda4d52a:40789/files/org.apache.httpcomponents_httpmime-4.5.13.jar with timestamp 1745754878973
[2025-04-27T11:54:39.746+0000] {spark_submit.py:490} INFO - 25/04/27 11:54:39 INFO Utils: Copying /home/airflow/.ivy2/jars/org.apache.httpcomponents_httpmime-4.5.13.jar to /tmp/spark-ed622ec9-749b-4ea6-919a-4cbeb7e5688f/userFiles-0e7fba56-dbe4-4248-bc33-44c93f780247/org.apache.httpcomponents_httpmime-4.5.13.jar
[2025-04-27T11:54:39.748+0000] {spark_submit.py:490} INFO - 25/04/27 11:54:39 INFO SparkContext: Added file file:///home/airflow/.ivy2/jars/org.lz4_lz4-java-1.8.0.jar at spark://6780dda4d52a:40789/files/org.lz4_lz4-java-1.8.0.jar with timestamp 1745754878973
[2025-04-27T11:54:39.748+0000] {spark_submit.py:490} INFO - 25/04/27 11:54:39 INFO Utils: Copying /home/airflow/.ivy2/jars/org.lz4_lz4-java-1.8.0.jar to /tmp/spark-ed622ec9-749b-4ea6-919a-4cbeb7e5688f/userFiles-0e7fba56-dbe4-4248-bc33-44c93f780247/org.lz4_lz4-java-1.8.0.jar
[2025-04-27T11:54:39.753+0000] {spark_submit.py:490} INFO - 25/04/27 11:54:39 INFO SparkContext: Added file file:///home/airflow/.ivy2/jars/com.clickhouse_clickhouse-client-0.3.2.jar at spark://6780dda4d52a:40789/files/com.clickhouse_clickhouse-client-0.3.2.jar with timestamp 1745754878973
[2025-04-27T11:54:39.753+0000] {spark_submit.py:490} INFO - 25/04/27 11:54:39 INFO Utils: Copying /home/airflow/.ivy2/jars/com.clickhouse_clickhouse-client-0.3.2.jar to /tmp/spark-ed622ec9-749b-4ea6-919a-4cbeb7e5688f/userFiles-0e7fba56-dbe4-4248-bc33-44c93f780247/com.clickhouse_clickhouse-client-0.3.2.jar
[2025-04-27T11:54:39.757+0000] {spark_submit.py:490} INFO - 25/04/27 11:54:39 INFO SparkContext: Added file file:///home/airflow/.ivy2/jars/org.apache.httpcomponents_httpcore-4.4.13.jar at spark://6780dda4d52a:40789/files/org.apache.httpcomponents_httpcore-4.4.13.jar with timestamp 1745754878973
[2025-04-27T11:54:39.757+0000] {spark_submit.py:490} INFO - 25/04/27 11:54:39 INFO Utils: Copying /home/airflow/.ivy2/jars/org.apache.httpcomponents_httpcore-4.4.13.jar to /tmp/spark-ed622ec9-749b-4ea6-919a-4cbeb7e5688f/userFiles-0e7fba56-dbe4-4248-bc33-44c93f780247/org.apache.httpcomponents_httpcore-4.4.13.jar
[2025-04-27T11:54:39.760+0000] {spark_submit.py:490} INFO - 25/04/27 11:54:39 INFO SparkContext: Added file file:///home/airflow/.ivy2/jars/commons-logging_commons-logging-1.2.jar at spark://6780dda4d52a:40789/files/commons-logging_commons-logging-1.2.jar with timestamp 1745754878973
[2025-04-27T11:54:39.760+0000] {spark_submit.py:490} INFO - 25/04/27 11:54:39 INFO Utils: Copying /home/airflow/.ivy2/jars/commons-logging_commons-logging-1.2.jar to /tmp/spark-ed622ec9-749b-4ea6-919a-4cbeb7e5688f/userFiles-0e7fba56-dbe4-4248-bc33-44c93f780247/commons-logging_commons-logging-1.2.jar
[2025-04-27T11:54:39.763+0000] {spark_submit.py:490} INFO - 25/04/27 11:54:39 INFO SparkContext: Added file file:///home/airflow/.ivy2/jars/commons-codec_commons-codec-1.11.jar at spark://6780dda4d52a:40789/files/commons-codec_commons-codec-1.11.jar with timestamp 1745754878973
[2025-04-27T11:54:39.763+0000] {spark_submit.py:490} INFO - 25/04/27 11:54:39 INFO Utils: Copying /home/airflow/.ivy2/jars/commons-codec_commons-codec-1.11.jar to /tmp/spark-ed622ec9-749b-4ea6-919a-4cbeb7e5688f/userFiles-0e7fba56-dbe4-4248-bc33-44c93f780247/commons-codec_commons-codec-1.11.jar
[2025-04-27T11:54:39.836+0000] {spark_submit.py:490} INFO - 25/04/27 11:54:39 INFO StandaloneAppClient$ClientEndpoint: Connecting to master spark://spark-master:7077...
[2025-04-27T11:54:39.882+0000] {spark_submit.py:490} INFO - 25/04/27 11:54:39 INFO TransportClientFactory: Successfully created connection to spark-master/172.18.0.2:7077 after 27 ms (0 ms spent in bootstraps)
[2025-04-27T11:54:39.984+0000] {spark_submit.py:490} INFO - 25/04/27 11:54:39 INFO StandaloneSchedulerBackend: Connected to Spark cluster with app ID app-20250427115439-0000
[2025-04-27T11:54:39.992+0000] {spark_submit.py:490} INFO - 25/04/27 11:54:39 INFO Utils: Successfully started service 'org.apache.spark.network.netty.NettyBlockTransferService' on port 41533.
[2025-04-27T11:54:39.992+0000] {spark_submit.py:490} INFO - 25/04/27 11:54:39 INFO NettyBlockTransferService: Server created on 6780dda4d52a:41533
[2025-04-27T11:54:39.994+0000] {spark_submit.py:490} INFO - 25/04/27 11:54:39 INFO BlockManager: Using org.apache.spark.storage.RandomBlockReplicationPolicy for block replication policy
[2025-04-27T11:54:40.001+0000] {spark_submit.py:490} INFO - 25/04/27 11:54:40 INFO BlockManagerMaster: Registering BlockManager BlockManagerId(driver, 6780dda4d52a, 41533, None)
[2025-04-27T11:54:40.007+0000] {spark_submit.py:490} INFO - 25/04/27 11:54:40 INFO BlockManagerMasterEndpoint: Registering block manager 6780dda4d52a:41533 with 434.4 MiB RAM, BlockManagerId(driver, 6780dda4d52a, 41533, None)
[2025-04-27T11:54:40.010+0000] {spark_submit.py:490} INFO - 25/04/27 11:54:40 INFO BlockManagerMaster: Registered BlockManager BlockManagerId(driver, 6780dda4d52a, 41533, None)
[2025-04-27T11:54:40.011+0000] {spark_submit.py:490} INFO - 25/04/27 11:54:40 INFO BlockManager: Initialized BlockManager: BlockManagerId(driver, 6780dda4d52a, 41533, None)
[2025-04-27T11:54:40.014+0000] {spark_submit.py:490} INFO - 25/04/27 11:54:40 INFO StandaloneAppClient$ClientEndpoint: Executor added: app-20250427115439-0000/0 on worker-20250427114819-172.18.0.5-35411 (172.18.0.5:35411) with 1 core(s)
[2025-04-27T11:54:40.016+0000] {spark_submit.py:490} INFO - 25/04/27 11:54:40 INFO StandaloneSchedulerBackend: Granted executor ID app-20250427115439-0000/0 on hostPort 172.18.0.5:35411 with 1 core(s), 1024.0 MiB RAM
[2025-04-27T11:54:40.175+0000] {spark_submit.py:490} INFO - 25/04/27 11:54:40 INFO StandaloneAppClient$ClientEndpoint: Executor updated: app-20250427115439-0000/0 is now RUNNING
[2025-04-27T11:54:40.233+0000] {spark_submit.py:490} INFO - 25/04/27 11:54:40 INFO StandaloneSchedulerBackend: SchedulerBackend is ready for scheduling beginning after reached minRegisteredResourcesRatio: 0.0
[2025-04-27T11:54:40.477+0000] {spark_submit.py:490} INFO - 25/04/27 11:54:40 INFO SharedState: Setting hive.metastore.warehouse.dir ('null') to the value of spark.sql.warehouse.dir.
[2025-04-27T11:54:40.480+0000] {spark_submit.py:490} INFO - 25/04/27 11:54:40 INFO SharedState: Warehouse path is 'file:/opt/airflow/spark-warehouse'.
[2025-04-27T11:54:42.930+0000] {spark_submit.py:490} INFO - 25/04/27 11:54:42 INFO CoarseGrainedSchedulerBackend$DriverEndpoint: Registered executor NettyRpcEndpointRef(spark-client://Executor) (172.18.0.5:45842) with ID 0,  ResourceProfileId 0
[2025-04-27T11:54:43.030+0000] {spark_submit.py:490} INFO - 25/04/27 11:54:43 INFO BlockManagerMasterEndpoint: Registering block manager 172.18.0.5:38289 with 366.3 MiB RAM, BlockManagerId(0, 172.18.0.5, 38289, None)
[2025-04-27T11:54:44.614+0000] {spark_submit.py:490} INFO - 25/04/27 11:54:44 INFO CodeGenerator: Code generated in 92.886228 ms
[2025-04-27T11:54:44.671+0000] {spark_submit.py:490} INFO - 25/04/27 11:54:44 INFO DAGScheduler: Registering RDD 3 (jdbc at NativeMethodAccessorImpl.java:0) as input to shuffle 0
[2025-04-27T11:54:44.677+0000] {spark_submit.py:490} INFO - 25/04/27 11:54:44 INFO DAGScheduler: Got map stage job 0 (jdbc at NativeMethodAccessorImpl.java:0) with 1 output partitions
[2025-04-27T11:54:44.677+0000] {spark_submit.py:490} INFO - 25/04/27 11:54:44 INFO DAGScheduler: Final stage: ShuffleMapStage 0 (jdbc at NativeMethodAccessorImpl.java:0)
[2025-04-27T11:54:44.677+0000] {spark_submit.py:490} INFO - 25/04/27 11:54:44 INFO DAGScheduler: Parents of final stage: List()
[2025-04-27T11:54:44.678+0000] {spark_submit.py:490} INFO - 25/04/27 11:54:44 INFO DAGScheduler: Missing parents: List()
[2025-04-27T11:54:44.681+0000] {spark_submit.py:490} INFO - 25/04/27 11:54:44 INFO DAGScheduler: Submitting ShuffleMapStage 0 (MapPartitionsRDD[3] at jdbc at NativeMethodAccessorImpl.java:0), which has no missing parents
[2025-04-27T11:54:44.801+0000] {spark_submit.py:490} INFO - 25/04/27 11:54:44 INFO MemoryStore: Block broadcast_0 stored as values in memory (estimated size 16.3 KiB, free 434.4 MiB)
[2025-04-27T11:54:44.837+0000] {spark_submit.py:490} INFO - 25/04/27 11:54:44 INFO MemoryStore: Block broadcast_0_piece0 stored as bytes in memory (estimated size 7.9 KiB, free 434.4 MiB)
[2025-04-27T11:54:44.840+0000] {spark_submit.py:490} INFO - 25/04/27 11:54:44 INFO BlockManagerInfo: Added broadcast_0_piece0 in memory on 6780dda4d52a:41533 (size: 7.9 KiB, free: 434.4 MiB)
[2025-04-27T11:54:44.843+0000] {spark_submit.py:490} INFO - 25/04/27 11:54:44 INFO SparkContext: Created broadcast 0 from broadcast at DAGScheduler.scala:1513
[2025-04-27T11:54:44.855+0000] {spark_submit.py:490} INFO - 25/04/27 11:54:44 INFO DAGScheduler: Submitting 1 missing tasks from ShuffleMapStage 0 (MapPartitionsRDD[3] at jdbc at NativeMethodAccessorImpl.java:0) (first 15 tasks are for partitions Vector(0))
[2025-04-27T11:54:44.856+0000] {spark_submit.py:490} INFO - 25/04/27 11:54:44 INFO TaskSchedulerImpl: Adding task set 0.0 with 1 tasks resource profile 0
[2025-04-27T11:54:44.882+0000] {spark_submit.py:490} INFO - 25/04/27 11:54:44 INFO TaskSetManager: Starting task 0.0 in stage 0.0 (TID 0) (172.18.0.5, executor 0, partition 0, PROCESS_LOCAL, 4292 bytes) taskResourceAssignments Map()
[2025-04-27T11:54:45.081+0000] {spark_submit.py:490} INFO - 25/04/27 11:54:45 INFO BlockManagerInfo: Added broadcast_0_piece0 in memory on 172.18.0.5:38289 (size: 7.9 KiB, free: 366.3 MiB)
[2025-04-27T11:54:46.455+0000] {spark_submit.py:490} INFO - 25/04/27 11:54:46 INFO TaskSetManager: Finished task 0.0 in stage 0.0 (TID 0) in 1580 ms on 172.18.0.5 (executor 0) (1/1)
[2025-04-27T11:54:46.457+0000] {spark_submit.py:490} INFO - 25/04/27 11:54:46 INFO TaskSchedulerImpl: Removed TaskSet 0.0, whose tasks have all completed, from pool
[2025-04-27T11:54:46.463+0000] {spark_submit.py:490} INFO - 25/04/27 11:54:46 INFO DAGScheduler: ShuffleMapStage 0 (jdbc at NativeMethodAccessorImpl.java:0) finished in 1.769 s
[2025-04-27T11:54:46.463+0000] {spark_submit.py:490} INFO - 25/04/27 11:54:46 INFO DAGScheduler: looking for newly runnable stages
[2025-04-27T11:54:46.463+0000] {spark_submit.py:490} INFO - 25/04/27 11:54:46 INFO DAGScheduler: running: Set()
[2025-04-27T11:54:46.463+0000] {spark_submit.py:490} INFO - 25/04/27 11:54:46 INFO DAGScheduler: waiting: Set()
[2025-04-27T11:54:46.464+0000] {spark_submit.py:490} INFO - 25/04/27 11:54:46 INFO DAGScheduler: failed: Set()
[2025-04-27T11:54:46.486+0000] {spark_submit.py:490} INFO - 25/04/27 11:54:46 INFO ShufflePartitionsUtil: For shuffle(0), advisory target size: 67108864, actual target size 1048576, minimum partition size: 1048576
[2025-04-27T11:54:46.511+0000] {spark_submit.py:490} INFO - 25/04/27 11:54:46 INFO CodeGenerator: Code generated in 11.777913 ms
[2025-04-27T11:54:46.536+0000] {spark_submit.py:490} INFO - 25/04/27 11:54:46 INFO CodeGenerator: Code generated in 12.043001 ms
[2025-04-27T11:54:46.554+0000] {spark_submit.py:490} INFO - 25/04/27 11:54:46 INFO CodeGenerator: Code generated in 10.52755 ms
[2025-04-27T11:54:46.639+0000] {spark_submit.py:490} INFO - 25/04/27 11:54:46 INFO SparkContext: Starting job: jdbc at NativeMethodAccessorImpl.java:0
[2025-04-27T11:54:46.643+0000] {spark_submit.py:490} INFO - 25/04/27 11:54:46 INFO DAGScheduler: Got job 1 (jdbc at NativeMethodAccessorImpl.java:0) with 2 output partitions
[2025-04-27T11:54:46.643+0000] {spark_submit.py:490} INFO - 25/04/27 11:54:46 INFO DAGScheduler: Final stage: ResultStage 2 (jdbc at NativeMethodAccessorImpl.java:0)
[2025-04-27T11:54:46.643+0000] {spark_submit.py:490} INFO - 25/04/27 11:54:46 INFO DAGScheduler: Parents of final stage: List(ShuffleMapStage 1)
[2025-04-27T11:54:46.644+0000] {spark_submit.py:490} INFO - 25/04/27 11:54:46 INFO DAGScheduler: Missing parents: List()
[2025-04-27T11:54:46.646+0000] {spark_submit.py:490} INFO - 25/04/27 11:54:46 INFO DAGScheduler: Submitting ResultStage 2 (MapPartitionsRDD[13] at jdbc at NativeMethodAccessorImpl.java:0), which has no missing parents
[2025-04-27T11:54:46.679+0000] {spark_submit.py:490} INFO - 25/04/27 11:54:46 INFO MemoryStore: Block broadcast_1 stored as values in memory (estimated size 59.0 KiB, free 434.3 MiB)
[2025-04-27T11:54:46.682+0000] {spark_submit.py:490} INFO - 25/04/27 11:54:46 INFO MemoryStore: Block broadcast_1_piece0 stored as bytes in memory (estimated size 23.9 KiB, free 434.3 MiB)
[2025-04-27T11:54:46.682+0000] {spark_submit.py:490} INFO - 25/04/27 11:54:46 INFO BlockManagerInfo: Added broadcast_1_piece0 in memory on 6780dda4d52a:41533 (size: 23.9 KiB, free: 434.4 MiB)
[2025-04-27T11:54:46.683+0000] {spark_submit.py:490} INFO - 25/04/27 11:54:46 INFO SparkContext: Created broadcast 1 from broadcast at DAGScheduler.scala:1513
[2025-04-27T11:54:46.685+0000] {spark_submit.py:490} INFO - 25/04/27 11:54:46 INFO DAGScheduler: Submitting 2 missing tasks from ResultStage 2 (MapPartitionsRDD[13] at jdbc at NativeMethodAccessorImpl.java:0) (first 15 tasks are for partitions Vector(0, 1))
[2025-04-27T11:54:46.685+0000] {spark_submit.py:490} INFO - 25/04/27 11:54:46 INFO TaskSchedulerImpl: Adding task set 2.0 with 2 tasks resource profile 0
[2025-04-27T11:54:46.692+0000] {spark_submit.py:490} INFO - 25/04/27 11:54:46 INFO TaskSetManager: Starting task 1.0 in stage 2.0 (TID 1) (172.18.0.5, executor 0, partition 1, NODE_LOCAL, 4566 bytes) taskResourceAssignments Map()
[2025-04-27T11:54:46.720+0000] {spark_submit.py:490} INFO - 25/04/27 11:54:46 INFO BlockManagerInfo: Added broadcast_1_piece0 in memory on 172.18.0.5:38289 (size: 23.9 KiB, free: 366.3 MiB)
[2025-04-27T11:54:47.232+0000] {spark_submit.py:490} INFO - 25/04/27 11:54:47 INFO MapOutputTrackerMasterEndpoint: Asked to send map output locations for shuffle 0 to 172.18.0.5:45842
[2025-04-27T11:54:48.545+0000] {spark_submit.py:490} INFO - 25/04/27 11:54:48 INFO TaskSetManager: Starting task 0.0 in stage 2.0 (TID 2) (172.18.0.5, executor 0, partition 0, PROCESS_LOCAL, 4412 bytes) taskResourceAssignments Map()
[2025-04-27T11:54:48.546+0000] {spark_submit.py:490} INFO - 25/04/27 11:54:48 INFO TaskSetManager: Finished task 1.0 in stage 2.0 (TID 1) in 1857 ms on 172.18.0.5 (executor 0) (1/2)
[2025-04-27T11:54:48.666+0000] {spark_submit.py:490} INFO - 25/04/27 11:54:48 INFO TaskSetManager: Finished task 0.0 in stage 2.0 (TID 2) in 121 ms on 172.18.0.5 (executor 0) (2/2)
[2025-04-27T11:54:48.666+0000] {spark_submit.py:490} INFO - 25/04/27 11:54:48 INFO TaskSchedulerImpl: Removed TaskSet 2.0, whose tasks have all completed, from pool
[2025-04-27T11:54:48.668+0000] {spark_submit.py:490} INFO - 25/04/27 11:54:48 INFO DAGScheduler: ResultStage 2 (jdbc at NativeMethodAccessorImpl.java:0) finished in 2.008 s
[2025-04-27T11:54:48.668+0000] {spark_submit.py:490} INFO - 25/04/27 11:54:48 INFO DAGScheduler: Job 1 is finished. Cancelling potential speculative or zombie tasks for this job
[2025-04-27T11:54:48.669+0000] {spark_submit.py:490} INFO - 25/04/27 11:54:48 INFO TaskSchedulerImpl: Killing all running tasks in stage 2: Stage finished
[2025-04-27T11:54:48.670+0000] {spark_submit.py:490} INFO - 25/04/27 11:54:48 INFO DAGScheduler: Job 1 finished: jdbc at NativeMethodAccessorImpl.java:0, took 2.030529 s
[2025-04-27T11:54:48.710+0000] {spark_submit.py:490} INFO - 25/04/27 11:54:48 WARN ClickHouseDriver: ******************************************************************************************
[2025-04-27T11:54:48.711+0000] {spark_submit.py:490} INFO - 25/04/27 11:54:48 WARN ClickHouseDriver: * This driver is DEPRECATED. Please use [com.clickhouse.jdbc.ClickHouseDriver] instead.  *
[2025-04-27T11:54:48.711+0000] {spark_submit.py:490} INFO - 25/04/27 11:54:48 WARN ClickHouseDriver: * Also everything in package [ru.yandex.clickhouse] will be removed starting from 0.4.0. *
[2025-04-27T11:54:48.711+0000] {spark_submit.py:490} INFO - 25/04/27 11:54:48 WARN ClickHouseDriver: ******************************************************************************************
[2025-04-27T11:54:48.856+0000] {spark_submit.py:490} INFO - 25/04/27 11:54:48 INFO BlockManagerInfo: Removed broadcast_1_piece0 on 6780dda4d52a:41533 in memory (size: 23.9 KiB, free: 434.4 MiB)
[2025-04-27T11:54:48.857+0000] {spark_submit.py:490} INFO - 25/04/27 11:54:48 INFO BlockManagerInfo: Removed broadcast_1_piece0 on 172.18.0.5:38289 in memory (size: 23.9 KiB, free: 366.3 MiB)
[2025-04-27T11:54:48.865+0000] {spark_submit.py:490} INFO - 25/04/27 11:54:48 INFO BlockManagerInfo: Removed broadcast_0_piece0 on 6780dda4d52a:41533 in memory (size: 7.9 KiB, free: 434.4 MiB)
[2025-04-27T11:54:48.867+0000] {spark_submit.py:490} INFO - 25/04/27 11:54:48 INFO BlockManagerInfo: Removed broadcast_0_piece0 on 172.18.0.5:38289 in memory (size: 7.9 KiB, free: 366.3 MiB)
[2025-04-27T11:54:48.932+0000] {spark_submit.py:490} INFO - Traceback (most recent call last):
[2025-04-27T11:54:48.932+0000] {spark_submit.py:490} INFO - File "/opt/airflow/spark/detect_suspicious.py", line 79, in <module>
[2025-04-27T11:54:48.932+0000] {spark_submit.py:490} INFO - .mode("append") \
[2025-04-27T11:54:48.932+0000] {spark_submit.py:490} INFO - File "/opt/spark/python/lib/pyspark.zip/pyspark/sql/readwriter.py", line 966, in save
[2025-04-27T11:54:48.933+0000] {spark_submit.py:490} INFO - File "/opt/spark/python/lib/py4j-0.10.9.5-src.zip/py4j/java_gateway.py", line 1322, in __call__
[2025-04-27T11:54:48.934+0000] {spark_submit.py:490} INFO - File "/opt/spark/python/lib/pyspark.zip/pyspark/sql/utils.py", line 190, in deco
[2025-04-27T11:54:48.934+0000] {spark_submit.py:490} INFO - File "/opt/spark/python/lib/py4j-0.10.9.5-src.zip/py4j/protocol.py", line 328, in get_return_value
[2025-04-27T11:54:48.935+0000] {spark_submit.py:490} INFO - py4j.protocol.Py4JJavaError: An error occurred while calling o81.save.
[2025-04-27T11:54:48.935+0000] {spark_submit.py:490} INFO - : ru.yandex.clickhouse.except.ClickHouseException: ClickHouse exception, code: 81, host: clickhouse, port: 8123; Code: 81. DB::Exception: Database finbest doesn't exist. (UNKNOWN_DATABASE) (version 22.3.20.29 (official build))
[2025-04-27T11:54:48.935+0000] {spark_submit.py:490} INFO - 
[2025-04-27T11:54:48.935+0000] {spark_submit.py:490} INFO - at ru.yandex.clickhouse.except.ClickHouseExceptionSpecifier.specify(ClickHouseExceptionSpecifier.java:60)
[2025-04-27T11:54:48.936+0000] {spark_submit.py:490} INFO - at ru.yandex.clickhouse.except.ClickHouseExceptionSpecifier.specify(ClickHouseExceptionSpecifier.java:30)
[2025-04-27T11:54:48.936+0000] {spark_submit.py:490} INFO - at ru.yandex.clickhouse.ClickHouseStatementImpl.checkForErrorAndThrow(ClickHouseStatementImpl.java:1083)
[2025-04-27T11:54:48.936+0000] {spark_submit.py:490} INFO - at ru.yandex.clickhouse.ClickHouseStatementImpl.getInputStream(ClickHouseStatementImpl.java:770)
[2025-04-27T11:54:48.936+0000] {spark_submit.py:490} INFO - at ru.yandex.clickhouse.ClickHouseStatementImpl.getLastInputStream(ClickHouseStatementImpl.java:693)
[2025-04-27T11:54:48.936+0000] {spark_submit.py:490} INFO - at ru.yandex.clickhouse.ClickHouseStatementImpl.executeQuery(ClickHouseStatementImpl.java:341)
[2025-04-27T11:54:48.936+0000] {spark_submit.py:490} INFO - at ru.yandex.clickhouse.ClickHouseStatementImpl.executeQuery(ClickHouseStatementImpl.java:326)
[2025-04-27T11:54:48.936+0000] {spark_submit.py:490} INFO - at ru.yandex.clickhouse.ClickHouseStatementImpl.executeQuery(ClickHouseStatementImpl.java:320)
[2025-04-27T11:54:48.936+0000] {spark_submit.py:490} INFO - at ru.yandex.clickhouse.ClickHouseStatementImpl.executeQuery(ClickHouseStatementImpl.java:314)
[2025-04-27T11:54:48.936+0000] {spark_submit.py:490} INFO - at ru.yandex.clickhouse.ClickHouseConnectionImpl.initConnection(ClickHouseConnectionImpl.java:95)
[2025-04-27T11:54:48.936+0000] {spark_submit.py:490} INFO - at ru.yandex.clickhouse.ClickHouseConnectionImpl.<init>(ClickHouseConnectionImpl.java:79)
[2025-04-27T11:54:48.937+0000] {spark_submit.py:490} INFO - at ru.yandex.clickhouse.ClickHouseDriver.connect(ClickHouseDriver.java:65)
[2025-04-27T11:54:48.937+0000] {spark_submit.py:490} INFO - at ru.yandex.clickhouse.ClickHouseDriver.connect(ClickHouseDriver.java:57)
[2025-04-27T11:54:48.937+0000] {spark_submit.py:490} INFO - at ru.yandex.clickhouse.ClickHouseDriver.connect(ClickHouseDriver.java:36)
[2025-04-27T11:54:48.937+0000] {spark_submit.py:490} INFO - at org.apache.spark.sql.execution.datasources.jdbc.connection.BasicConnectionProvider.getConnection(BasicConnectionProvider.scala:49)
[2025-04-27T11:54:48.937+0000] {spark_submit.py:490} INFO - at org.apache.spark.sql.execution.datasources.jdbc.connection.ConnectionProviderBase.create(ConnectionProvider.scala:102)
[2025-04-27T11:54:48.937+0000] {spark_submit.py:490} INFO - at org.apache.spark.sql.jdbc.JdbcDialect.$anonfun$createConnectionFactory$1(JdbcDialects.scala:122)
[2025-04-27T11:54:48.937+0000] {spark_submit.py:490} INFO - at org.apache.spark.sql.jdbc.JdbcDialect.$anonfun$createConnectionFactory$1$adapted(JdbcDialects.scala:118)
[2025-04-27T11:54:48.937+0000] {spark_submit.py:490} INFO - at org.apache.spark.sql.execution.datasources.jdbc.JdbcRelationProvider.createRelation(JdbcRelationProvider.scala:50)
[2025-04-27T11:54:48.937+0000] {spark_submit.py:490} INFO - at org.apache.spark.sql.execution.datasources.SaveIntoDataSourceCommand.run(SaveIntoDataSourceCommand.scala:45)
[2025-04-27T11:54:48.937+0000] {spark_submit.py:490} INFO - at org.apache.spark.sql.execution.command.ExecutedCommandExec.sideEffectResult$lzycompute(commands.scala:75)
[2025-04-27T11:54:48.937+0000] {spark_submit.py:490} INFO - at org.apache.spark.sql.execution.command.ExecutedCommandExec.sideEffectResult(commands.scala:73)
[2025-04-27T11:54:48.937+0000] {spark_submit.py:490} INFO - at org.apache.spark.sql.execution.command.ExecutedCommandExec.executeCollect(commands.scala:84)
[2025-04-27T11:54:48.938+0000] {spark_submit.py:490} INFO - at org.apache.spark.sql.execution.QueryExecution$$anonfun$eagerlyExecuteCommands$1.$anonfun$applyOrElse$1(QueryExecution.scala:98)
[2025-04-27T11:54:48.938+0000] {spark_submit.py:490} INFO - at org.apache.spark.sql.execution.SQLExecution$.$anonfun$withNewExecutionId$6(SQLExecution.scala:109)
[2025-04-27T11:54:48.938+0000] {spark_submit.py:490} INFO - at org.apache.spark.sql.execution.SQLExecution$.withSQLConfPropagated(SQLExecution.scala:169)
[2025-04-27T11:54:48.938+0000] {spark_submit.py:490} INFO - at org.apache.spark.sql.execution.SQLExecution$.$anonfun$withNewExecutionId$1(SQLExecution.scala:95)
[2025-04-27T11:54:48.938+0000] {spark_submit.py:490} INFO - at org.apache.spark.sql.SparkSession.withActive(SparkSession.scala:779)
[2025-04-27T11:54:48.938+0000] {spark_submit.py:490} INFO - at org.apache.spark.sql.execution.SQLExecution$.withNewExecutionId(SQLExecution.scala:64)
[2025-04-27T11:54:48.938+0000] {spark_submit.py:490} INFO - at org.apache.spark.sql.execution.QueryExecution$$anonfun$eagerlyExecuteCommands$1.applyOrElse(QueryExecution.scala:98)
[2025-04-27T11:54:48.938+0000] {spark_submit.py:490} INFO - at org.apache.spark.sql.execution.QueryExecution$$anonfun$eagerlyExecuteCommands$1.applyOrElse(QueryExecution.scala:94)
[2025-04-27T11:54:48.938+0000] {spark_submit.py:490} INFO - at org.apache.spark.sql.catalyst.trees.TreeNode.$anonfun$transformDownWithPruning$1(TreeNode.scala:584)
[2025-04-27T11:54:48.938+0000] {spark_submit.py:490} INFO - at org.apache.spark.sql.catalyst.trees.CurrentOrigin$.withOrigin(TreeNode.scala:176)
[2025-04-27T11:54:48.938+0000] {spark_submit.py:490} INFO - at org.apache.spark.sql.catalyst.trees.TreeNode.transformDownWithPruning(TreeNode.scala:584)
[2025-04-27T11:54:48.938+0000] {spark_submit.py:490} INFO - at org.apache.spark.sql.catalyst.plans.logical.LogicalPlan.org$apache$spark$sql$catalyst$plans$logical$AnalysisHelper$$super$transformDownWithPruning(LogicalPlan.scala:30)
[2025-04-27T11:54:48.938+0000] {spark_submit.py:490} INFO - at org.apache.spark.sql.catalyst.plans.logical.AnalysisHelper.transformDownWithPruning(AnalysisHelper.scala:267)
[2025-04-27T11:54:48.939+0000] {spark_submit.py:490} INFO - at org.apache.spark.sql.catalyst.plans.logical.AnalysisHelper.transformDownWithPruning$(AnalysisHelper.scala:263)
[2025-04-27T11:54:48.939+0000] {spark_submit.py:490} INFO - at org.apache.spark.sql.catalyst.plans.logical.LogicalPlan.transformDownWithPruning(LogicalPlan.scala:30)
[2025-04-27T11:54:48.939+0000] {spark_submit.py:490} INFO - at org.apache.spark.sql.catalyst.plans.logical.LogicalPlan.transformDownWithPruning(LogicalPlan.scala:30)
[2025-04-27T11:54:48.939+0000] {spark_submit.py:490} INFO - at org.apache.spark.sql.catalyst.trees.TreeNode.transformDown(TreeNode.scala:560)
[2025-04-27T11:54:48.939+0000] {spark_submit.py:490} INFO - at org.apache.spark.sql.execution.QueryExecution.eagerlyExecuteCommands(QueryExecution.scala:94)
[2025-04-27T11:54:48.939+0000] {spark_submit.py:490} INFO - at org.apache.spark.sql.execution.QueryExecution.commandExecuted$lzycompute(QueryExecution.scala:81)
[2025-04-27T11:54:48.939+0000] {spark_submit.py:490} INFO - at org.apache.spark.sql.execution.QueryExecution.commandExecuted(QueryExecution.scala:79)
[2025-04-27T11:54:48.939+0000] {spark_submit.py:490} INFO - at org.apache.spark.sql.execution.QueryExecution.assertCommandExecuted(QueryExecution.scala:116)
[2025-04-27T11:54:48.939+0000] {spark_submit.py:490} INFO - at org.apache.spark.sql.DataFrameWriter.runCommand(DataFrameWriter.scala:860)
[2025-04-27T11:54:48.940+0000] {spark_submit.py:490} INFO - at org.apache.spark.sql.DataFrameWriter.saveToV1Source(DataFrameWriter.scala:390)
[2025-04-27T11:54:48.940+0000] {spark_submit.py:490} INFO - at org.apache.spark.sql.DataFrameWriter.saveInternal(DataFrameWriter.scala:363)
[2025-04-27T11:54:48.940+0000] {spark_submit.py:490} INFO - at org.apache.spark.sql.DataFrameWriter.save(DataFrameWriter.scala:247)
[2025-04-27T11:54:48.940+0000] {spark_submit.py:490} INFO - at java.base/jdk.internal.reflect.NativeMethodAccessorImpl.invoke0(Native Method)
[2025-04-27T11:54:48.940+0000] {spark_submit.py:490} INFO - at java.base/jdk.internal.reflect.NativeMethodAccessorImpl.invoke(NativeMethodAccessorImpl.java:62)
[2025-04-27T11:54:48.940+0000] {spark_submit.py:490} INFO - at java.base/jdk.internal.reflect.DelegatingMethodAccessorImpl.invoke(DelegatingMethodAccessorImpl.java:43)
[2025-04-27T11:54:48.940+0000] {spark_submit.py:490} INFO - at java.base/java.lang.reflect.Method.invoke(Method.java:566)
[2025-04-27T11:54:48.940+0000] {spark_submit.py:490} INFO - at py4j.reflection.MethodInvoker.invoke(MethodInvoker.java:244)
[2025-04-27T11:54:48.940+0000] {spark_submit.py:490} INFO - at py4j.reflection.ReflectionEngine.invoke(ReflectionEngine.java:357)
[2025-04-27T11:54:48.940+0000] {spark_submit.py:490} INFO - at py4j.Gateway.invoke(Gateway.java:282)
[2025-04-27T11:54:48.940+0000] {spark_submit.py:490} INFO - at py4j.commands.AbstractCommand.invokeMethod(AbstractCommand.java:132)
[2025-04-27T11:54:48.941+0000] {spark_submit.py:490} INFO - at py4j.commands.CallCommand.execute(CallCommand.java:79)
[2025-04-27T11:54:48.941+0000] {spark_submit.py:490} INFO - at py4j.ClientServerConnection.waitForCommands(ClientServerConnection.java:182)
[2025-04-27T11:54:48.941+0000] {spark_submit.py:490} INFO - at py4j.ClientServerConnection.run(ClientServerConnection.java:106)
[2025-04-27T11:54:48.941+0000] {spark_submit.py:490} INFO - at java.base/java.lang.Thread.run(Thread.java:829)
[2025-04-27T11:54:48.941+0000] {spark_submit.py:490} INFO - Caused by: java.lang.Throwable: Code: 81. DB::Exception: Database finbest doesn't exist. (UNKNOWN_DATABASE) (version 22.3.20.29 (official build))
[2025-04-27T11:54:48.941+0000] {spark_submit.py:490} INFO - 
[2025-04-27T11:54:48.941+0000] {spark_submit.py:490} INFO - at ru.yandex.clickhouse.except.ClickHouseExceptionSpecifier.specify(ClickHouseExceptionSpecifier.java:55)
[2025-04-27T11:54:48.941+0000] {spark_submit.py:490} INFO - ... 59 more
[2025-04-27T11:54:48.941+0000] {spark_submit.py:490} INFO - 
[2025-04-27T11:54:48.975+0000] {spark_submit.py:490} INFO - 25/04/27 11:54:48 INFO SparkContext: Invoking stop() from shutdown hook
[2025-04-27T11:54:48.985+0000] {spark_submit.py:490} INFO - 25/04/27 11:54:48 INFO SparkUI: Stopped Spark web UI at http://6780dda4d52a:4040
[2025-04-27T11:54:48.988+0000] {spark_submit.py:490} INFO - 25/04/27 11:54:48 INFO StandaloneSchedulerBackend: Shutting down all executors
[2025-04-27T11:54:48.988+0000] {spark_submit.py:490} INFO - 25/04/27 11:54:48 INFO CoarseGrainedSchedulerBackend$DriverEndpoint: Asking each executor to shut down
[2025-04-27T11:54:49.003+0000] {spark_submit.py:490} INFO - 25/04/27 11:54:49 INFO MapOutputTrackerMasterEndpoint: MapOutputTrackerMasterEndpoint stopped!
[2025-04-27T11:54:49.018+0000] {spark_submit.py:490} INFO - 25/04/27 11:54:49 INFO MemoryStore: MemoryStore cleared
[2025-04-27T11:54:49.018+0000] {spark_submit.py:490} INFO - 25/04/27 11:54:49 INFO BlockManager: BlockManager stopped
[2025-04-27T11:54:49.025+0000] {spark_submit.py:490} INFO - 25/04/27 11:54:49 INFO BlockManagerMaster: BlockManagerMaster stopped
[2025-04-27T11:54:49.029+0000] {spark_submit.py:490} INFO - 25/04/27 11:54:49 INFO OutputCommitCoordinator$OutputCommitCoordinatorEndpoint: OutputCommitCoordinator stopped!
[2025-04-27T11:54:49.039+0000] {spark_submit.py:490} INFO - 25/04/27 11:54:49 INFO SparkContext: Successfully stopped SparkContext
[2025-04-27T11:54:49.040+0000] {spark_submit.py:490} INFO - 25/04/27 11:54:49 INFO ShutdownHookManager: Shutdown hook called
[2025-04-27T11:54:49.040+0000] {spark_submit.py:490} INFO - 25/04/27 11:54:49 INFO ShutdownHookManager: Deleting directory /tmp/spark-73cbc2bf-d1ca-4001-9a92-f10fb5a32cb4
[2025-04-27T11:54:49.042+0000] {spark_submit.py:490} INFO - 25/04/27 11:54:49 INFO ShutdownHookManager: Deleting directory /tmp/spark-ed622ec9-749b-4ea6-919a-4cbeb7e5688f/pyspark-e2777f0b-7bd0-4383-9597-283347ca5f3c
[2025-04-27T11:54:49.045+0000] {spark_submit.py:490} INFO - 25/04/27 11:54:49 INFO ShutdownHookManager: Deleting directory /tmp/spark-ed622ec9-749b-4ea6-919a-4cbeb7e5688f
[2025-04-27T11:54:49.109+0000] {taskinstance.py:1824} ERROR - Task failed with exception
Traceback (most recent call last):
  File "/home/airflow/.local/lib/python3.7/site-packages/airflow/providers/apache/spark/operators/spark_submit.py", line 157, in execute
    self._hook.submit(self._application)
  File "/home/airflow/.local/lib/python3.7/site-packages/airflow/providers/apache/spark/hooks/spark_submit.py", line 422, in submit
    f"Cannot execute: {self._mask_cmd(spark_submit_cmd)}. Error code is: {returncode}."
airflow.exceptions.AirflowException: Cannot execute: spark-submit --master spark://spark-master:7077 --packages org.postgresql:postgresql:42.6.0,ru.yandex.clickhouse:clickhouse-jdbc:0.3.2 --executor-cores 1 --executor-memory 1g --driver-memory 1g --name arrow-spark /opt/airflow/spark/detect_suspicious.py --jdbc jdbc:postgresql://postgres:5432/finbest --clickhouse-url jdbc:clickhouse://clickhouse:8123/finbest. Error code is: 1.
[2025-04-27T11:54:49.111+0000] {taskinstance.py:1350} INFO - Marking task as UP_FOR_RETRY. dag_id=transform, task_id=detect_suspicious, execution_date=20250427T115418, start_date=20250427T115429, end_date=20250427T115449
[2025-04-27T11:54:49.122+0000] {standard_task_runner.py:109} ERROR - Failed to execute job 71 for task detect_suspicious (Cannot execute: spark-submit --master spark://spark-master:7077 --packages org.postgresql:postgresql:42.6.0,ru.yandex.clickhouse:clickhouse-jdbc:0.3.2 --executor-cores 1 --executor-memory 1g --driver-memory 1g --name arrow-spark /opt/airflow/spark/detect_suspicious.py --jdbc jdbc:postgresql://postgres:5432/finbest --clickhouse-url jdbc:clickhouse://clickhouse:8123/finbest. Error code is: 1.; 223)
[2025-04-27T11:54:49.150+0000] {local_task_job_runner.py:225} INFO - Task exited with return code 1
[2025-04-27T11:54:49.249+0000] {taskinstance.py:2653} INFO - 0 downstream tasks scheduled from follow-on schedule check
