[2025-04-27T11:55:51.237+0000] {taskinstance.py:1103} INFO - Dependencies all met for dep_context=non-requeueable deps ti=<TaskInstance: transform.detect_suspicious manual__2025-04-27T11:54:18.708071+00:00 [queued]>
[2025-04-27T11:55:51.243+0000] {taskinstance.py:1103} INFO - Dependencies all met for dep_context=requeueable deps ti=<TaskInstance: transform.detect_suspicious manual__2025-04-27T11:54:18.708071+00:00 [queued]>
[2025-04-27T11:55:51.244+0000] {taskinstance.py:1308} INFO - Starting attempt 2 of 2
[2025-04-27T11:55:51.253+0000] {taskinstance.py:1327} INFO - Executing <Task(SparkSubmitOperator): detect_suspicious> on 2025-04-27 11:54:18.708071+00:00
[2025-04-27T11:55:51.257+0000] {standard_task_runner.py:57} INFO - Started process 509 to run task
[2025-04-27T11:55:51.259+0000] {standard_task_runner.py:84} INFO - Running: ['airflow', 'tasks', 'run', 'transform', 'detect_suspicious', 'manual__2025-04-27T11:54:18.708071+00:00', '--job-id', '72', '--raw', '--subdir', 'DAGS_FOLDER/transform.py', '--cfg-path', '/tmp/tmpo0qzacsg']
[2025-04-27T11:55:51.260+0000] {standard_task_runner.py:85} INFO - Job 72: Subtask detect_suspicious
[2025-04-27T11:55:51.302+0000] {task_command.py:410} INFO - Running <TaskInstance: transform.detect_suspicious manual__2025-04-27T11:54:18.708071+00:00 [running]> on host 6780dda4d52a
[2025-04-27T11:55:51.439+0000] {taskinstance.py:1547} INFO - Exporting env vars: AIRFLOW_CTX_DAG_OWNER='finbest' AIRFLOW_CTX_DAG_ID='transform' AIRFLOW_CTX_TASK_ID='detect_suspicious' AIRFLOW_CTX_EXECUTION_DATE='2025-04-27T11:54:18.708071+00:00' AIRFLOW_CTX_TRY_NUMBER='2' AIRFLOW_CTX_DAG_RUN_ID='manual__2025-04-27T11:54:18.708071+00:00'
[2025-04-27T11:55:51.447+0000] {base.py:73} INFO - Using connection ID 'spark_default' for task execution.
[2025-04-27T11:55:51.447+0000] {spark_submit.py:339} INFO - Spark-Submit cmd: spark-submit --master spark://spark-master:7077 --packages org.postgresql:postgresql:42.6.0,ru.yandex.clickhouse:clickhouse-jdbc:0.3.2 --executor-cores 1 --executor-memory 1g --driver-memory 1g --name arrow-spark /opt/airflow/spark/detect_suspicious.py --jdbc jdbc:postgresql://postgres:5432/finbest --clickhouse-url jdbc:clickhouse://clickhouse:8123/finbest
[2025-04-27T11:55:52.804+0000] {spark_submit.py:490} INFO - :: loading settings :: url = jar:file:/opt/spark/jars/ivy-2.5.0.jar!/org/apache/ivy/core/settings/ivysettings.xml
[2025-04-27T11:55:52.935+0000] {spark_submit.py:490} INFO - Ivy Default Cache set to: /home/airflow/.ivy2/cache
[2025-04-27T11:55:52.936+0000] {spark_submit.py:490} INFO - The jars for the packages stored in: /home/airflow/.ivy2/jars
[2025-04-27T11:55:52.941+0000] {spark_submit.py:490} INFO - org.postgresql#postgresql added as a dependency
[2025-04-27T11:55:52.941+0000] {spark_submit.py:490} INFO - ru.yandex.clickhouse#clickhouse-jdbc added as a dependency
[2025-04-27T11:55:52.943+0000] {spark_submit.py:490} INFO - :: resolving dependencies :: org.apache.spark#spark-submit-parent-0c2c52ee-2266-4dc5-8ade-2b83be878de3;1.0
[2025-04-27T11:55:52.943+0000] {spark_submit.py:490} INFO - confs: [default]
[2025-04-27T11:55:53.058+0000] {spark_submit.py:490} INFO - found org.postgresql#postgresql;42.6.0 in central
[2025-04-27T11:55:53.085+0000] {spark_submit.py:490} INFO - found org.checkerframework#checker-qual;3.31.0 in central
[2025-04-27T11:55:53.111+0000] {spark_submit.py:490} INFO - found ru.yandex.clickhouse#clickhouse-jdbc;0.3.2 in central
[2025-04-27T11:55:53.141+0000] {spark_submit.py:490} INFO - found com.clickhouse#clickhouse-http-client;0.3.2 in central
[2025-04-27T11:55:53.174+0000] {spark_submit.py:490} INFO - found com.clickhouse#clickhouse-client;0.3.2 in central
[2025-04-27T11:55:53.199+0000] {spark_submit.py:490} INFO - found org.lz4#lz4-java;1.8.0 in central
[2025-04-27T11:55:53.225+0000] {spark_submit.py:490} INFO - found com.google.code.gson#gson;2.8.8 in central
[2025-04-27T11:55:53.249+0000] {spark_submit.py:490} INFO - found org.apache.httpcomponents#httpclient;4.5.13 in central
[2025-04-27T11:55:53.276+0000] {spark_submit.py:490} INFO - found org.apache.httpcomponents#httpcore;4.4.13 in central
[2025-04-27T11:55:53.301+0000] {spark_submit.py:490} INFO - found commons-logging#commons-logging;1.2 in central
[2025-04-27T11:55:53.323+0000] {spark_submit.py:490} INFO - found commons-codec#commons-codec;1.11 in central
[2025-04-27T11:55:53.344+0000] {spark_submit.py:490} INFO - found org.apache.httpcomponents#httpmime;4.5.13 in central
[2025-04-27T11:55:53.372+0000] {spark_submit.py:490} INFO - :: resolution report :: resolve 413ms :: artifacts dl 17ms
[2025-04-27T11:55:53.373+0000] {spark_submit.py:490} INFO - :: modules in use:
[2025-04-27T11:55:53.373+0000] {spark_submit.py:490} INFO - com.clickhouse#clickhouse-client;0.3.2 from central in [default]
[2025-04-27T11:55:53.373+0000] {spark_submit.py:490} INFO - com.clickhouse#clickhouse-http-client;0.3.2 from central in [default]
[2025-04-27T11:55:53.373+0000] {spark_submit.py:490} INFO - com.google.code.gson#gson;2.8.8 from central in [default]
[2025-04-27T11:55:53.373+0000] {spark_submit.py:490} INFO - commons-codec#commons-codec;1.11 from central in [default]
[2025-04-27T11:55:53.373+0000] {spark_submit.py:490} INFO - commons-logging#commons-logging;1.2 from central in [default]
[2025-04-27T11:55:53.373+0000] {spark_submit.py:490} INFO - org.apache.httpcomponents#httpclient;4.5.13 from central in [default]
[2025-04-27T11:55:53.373+0000] {spark_submit.py:490} INFO - org.apache.httpcomponents#httpcore;4.4.13 from central in [default]
[2025-04-27T11:55:53.374+0000] {spark_submit.py:490} INFO - org.apache.httpcomponents#httpmime;4.5.13 from central in [default]
[2025-04-27T11:55:53.374+0000] {spark_submit.py:490} INFO - org.checkerframework#checker-qual;3.31.0 from central in [default]
[2025-04-27T11:55:53.374+0000] {spark_submit.py:490} INFO - org.lz4#lz4-java;1.8.0 from central in [default]
[2025-04-27T11:55:53.374+0000] {spark_submit.py:490} INFO - org.postgresql#postgresql;42.6.0 from central in [default]
[2025-04-27T11:55:53.374+0000] {spark_submit.py:490} INFO - ru.yandex.clickhouse#clickhouse-jdbc;0.3.2 from central in [default]
[2025-04-27T11:55:53.374+0000] {spark_submit.py:490} INFO - ---------------------------------------------------------------------
[2025-04-27T11:55:53.374+0000] {spark_submit.py:490} INFO - |                  |            modules            ||   artifacts   |
[2025-04-27T11:55:53.374+0000] {spark_submit.py:490} INFO - |       conf       | number| search|dwnlded|evicted|| number|dwnlded|
[2025-04-27T11:55:53.374+0000] {spark_submit.py:490} INFO - ---------------------------------------------------------------------
[2025-04-27T11:55:53.374+0000] {spark_submit.py:490} INFO - |      default     |   12  |   0   |   0   |   0   ||   12  |   0   |
[2025-04-27T11:55:53.374+0000] {spark_submit.py:490} INFO - ---------------------------------------------------------------------
[2025-04-27T11:55:53.383+0000] {spark_submit.py:490} INFO - :: retrieving :: org.apache.spark#spark-submit-parent-0c2c52ee-2266-4dc5-8ade-2b83be878de3
[2025-04-27T11:55:53.384+0000] {spark_submit.py:490} INFO - confs: [default]
[2025-04-27T11:55:53.394+0000] {spark_submit.py:490} INFO - 0 artifacts copied, 12 already retrieved (0kB/10ms)
[2025-04-27T11:55:53.649+0000] {spark_submit.py:490} INFO - 25/04/27 11:55:53 WARN NativeCodeLoader: Unable to load native-hadoop library for your platform... using builtin-java classes where applicable
[2025-04-27T11:55:54.728+0000] {spark_submit.py:490} INFO - 25/04/27 11:55:54 INFO SparkContext: Running Spark version 3.3.0
[2025-04-27T11:55:54.757+0000] {spark_submit.py:490} INFO - 25/04/27 11:55:54 INFO ResourceUtils: ==============================================================
[2025-04-27T11:55:54.757+0000] {spark_submit.py:490} INFO - 25/04/27 11:55:54 INFO ResourceUtils: No custom resources configured for spark.driver.
[2025-04-27T11:55:54.757+0000] {spark_submit.py:490} INFO - 25/04/27 11:55:54 INFO ResourceUtils: ==============================================================
[2025-04-27T11:55:54.757+0000] {spark_submit.py:490} INFO - 25/04/27 11:55:54 INFO SparkContext: Submitted application: FinBestDetect
[2025-04-27T11:55:54.788+0000] {spark_submit.py:490} INFO - 25/04/27 11:55:54 INFO ResourceProfile: Default ResourceProfile created, executor resources: Map(cores -> name: cores, amount: 1, script: , vendor: , memory -> name: memory, amount: 1024, script: , vendor: , offHeap -> name: offHeap, amount: 0, script: , vendor: ), task resources: Map(cpus -> name: cpus, amount: 1.0)
[2025-04-27T11:55:54.802+0000] {spark_submit.py:490} INFO - 25/04/27 11:55:54 INFO ResourceProfile: Limiting resource is cpus at 1 tasks per executor
[2025-04-27T11:55:54.804+0000] {spark_submit.py:490} INFO - 25/04/27 11:55:54 INFO ResourceProfileManager: Added ResourceProfile id: 0
[2025-04-27T11:55:54.869+0000] {spark_submit.py:490} INFO - 25/04/27 11:55:54 INFO SecurityManager: Changing view acls to: airflow
[2025-04-27T11:55:54.869+0000] {spark_submit.py:490} INFO - 25/04/27 11:55:54 INFO SecurityManager: Changing modify acls to: airflow
[2025-04-27T11:55:54.869+0000] {spark_submit.py:490} INFO - 25/04/27 11:55:54 INFO SecurityManager: Changing view acls groups to:
[2025-04-27T11:55:54.870+0000] {spark_submit.py:490} INFO - 25/04/27 11:55:54 INFO SecurityManager: Changing modify acls groups to:
[2025-04-27T11:55:54.870+0000] {spark_submit.py:490} INFO - 25/04/27 11:55:54 INFO SecurityManager: SecurityManager: authentication disabled; ui acls disabled; users  with view permissions: Set(airflow); groups with view permissions: Set(); users  with modify permissions: Set(airflow); groups with modify permissions: Set()
[2025-04-27T11:55:55.146+0000] {spark_submit.py:490} INFO - 25/04/27 11:55:55 INFO Utils: Successfully started service 'sparkDriver' on port 34591.
[2025-04-27T11:55:55.175+0000] {spark_submit.py:490} INFO - 25/04/27 11:55:55 INFO SparkEnv: Registering MapOutputTracker
[2025-04-27T11:55:55.258+0000] {spark_submit.py:490} INFO - 25/04/27 11:55:55 INFO SparkEnv: Registering BlockManagerMaster
[2025-04-27T11:55:55.277+0000] {spark_submit.py:490} INFO - 25/04/27 11:55:55 INFO BlockManagerMasterEndpoint: Using org.apache.spark.storage.DefaultTopologyMapper for getting topology information
[2025-04-27T11:55:55.278+0000] {spark_submit.py:490} INFO - 25/04/27 11:55:55 INFO BlockManagerMasterEndpoint: BlockManagerMasterEndpoint up
[2025-04-27T11:55:55.284+0000] {spark_submit.py:490} INFO - 25/04/27 11:55:55 INFO SparkEnv: Registering BlockManagerMasterHeartbeat
[2025-04-27T11:55:55.308+0000] {spark_submit.py:490} INFO - 25/04/27 11:55:55 INFO DiskBlockManager: Created local directory at /tmp/blockmgr-f6150e54-3d87-4714-91cb-850f8fb665d1
[2025-04-27T11:55:55.328+0000] {spark_submit.py:490} INFO - 25/04/27 11:55:55 INFO MemoryStore: MemoryStore started with capacity 434.4 MiB
[2025-04-27T11:55:55.348+0000] {spark_submit.py:490} INFO - 25/04/27 11:55:55 INFO SparkEnv: Registering OutputCommitCoordinator
[2025-04-27T11:55:55.527+0000] {spark_submit.py:490} INFO - 25/04/27 11:55:55 INFO Utils: Successfully started service 'SparkUI' on port 4040.
[2025-04-27T11:55:55.567+0000] {spark_submit.py:490} INFO - 25/04/27 11:55:55 INFO SparkContext: Added JAR file:///home/airflow/.ivy2/jars/org.postgresql_postgresql-42.6.0.jar at spark://6780dda4d52a:34591/jars/org.postgresql_postgresql-42.6.0.jar with timestamp 1745754954716
[2025-04-27T11:55:55.568+0000] {spark_submit.py:490} INFO - 25/04/27 11:55:55 INFO SparkContext: Added JAR file:///home/airflow/.ivy2/jars/ru.yandex.clickhouse_clickhouse-jdbc-0.3.2.jar at spark://6780dda4d52a:34591/jars/ru.yandex.clickhouse_clickhouse-jdbc-0.3.2.jar with timestamp 1745754954716
[2025-04-27T11:55:55.568+0000] {spark_submit.py:490} INFO - 25/04/27 11:55:55 INFO SparkContext: Added JAR file:///home/airflow/.ivy2/jars/org.checkerframework_checker-qual-3.31.0.jar at spark://6780dda4d52a:34591/jars/org.checkerframework_checker-qual-3.31.0.jar with timestamp 1745754954716
[2025-04-27T11:55:55.568+0000] {spark_submit.py:490} INFO - 25/04/27 11:55:55 INFO SparkContext: Added JAR file:///home/airflow/.ivy2/jars/com.clickhouse_clickhouse-http-client-0.3.2.jar at spark://6780dda4d52a:34591/jars/com.clickhouse_clickhouse-http-client-0.3.2.jar with timestamp 1745754954716
[2025-04-27T11:55:55.568+0000] {spark_submit.py:490} INFO - 25/04/27 11:55:55 INFO SparkContext: Added JAR file:///home/airflow/.ivy2/jars/com.google.code.gson_gson-2.8.8.jar at spark://6780dda4d52a:34591/jars/com.google.code.gson_gson-2.8.8.jar with timestamp 1745754954716
[2025-04-27T11:55:55.568+0000] {spark_submit.py:490} INFO - 25/04/27 11:55:55 INFO SparkContext: Added JAR file:///home/airflow/.ivy2/jars/org.apache.httpcomponents_httpclient-4.5.13.jar at spark://6780dda4d52a:34591/jars/org.apache.httpcomponents_httpclient-4.5.13.jar with timestamp 1745754954716
[2025-04-27T11:55:55.568+0000] {spark_submit.py:490} INFO - 25/04/27 11:55:55 INFO SparkContext: Added JAR file:///home/airflow/.ivy2/jars/org.apache.httpcomponents_httpmime-4.5.13.jar at spark://6780dda4d52a:34591/jars/org.apache.httpcomponents_httpmime-4.5.13.jar with timestamp 1745754954716
[2025-04-27T11:55:55.568+0000] {spark_submit.py:490} INFO - 25/04/27 11:55:55 INFO SparkContext: Added JAR file:///home/airflow/.ivy2/jars/org.lz4_lz4-java-1.8.0.jar at spark://6780dda4d52a:34591/jars/org.lz4_lz4-java-1.8.0.jar with timestamp 1745754954716
[2025-04-27T11:55:55.569+0000] {spark_submit.py:490} INFO - 25/04/27 11:55:55 INFO SparkContext: Added JAR file:///home/airflow/.ivy2/jars/com.clickhouse_clickhouse-client-0.3.2.jar at spark://6780dda4d52a:34591/jars/com.clickhouse_clickhouse-client-0.3.2.jar with timestamp 1745754954716
[2025-04-27T11:55:55.569+0000] {spark_submit.py:490} INFO - 25/04/27 11:55:55 INFO SparkContext: Added JAR file:///home/airflow/.ivy2/jars/org.apache.httpcomponents_httpcore-4.4.13.jar at spark://6780dda4d52a:34591/jars/org.apache.httpcomponents_httpcore-4.4.13.jar with timestamp 1745754954716
[2025-04-27T11:55:55.569+0000] {spark_submit.py:490} INFO - 25/04/27 11:55:55 INFO SparkContext: Added JAR file:///home/airflow/.ivy2/jars/commons-logging_commons-logging-1.2.jar at spark://6780dda4d52a:34591/jars/commons-logging_commons-logging-1.2.jar with timestamp 1745754954716
[2025-04-27T11:55:55.569+0000] {spark_submit.py:490} INFO - 25/04/27 11:55:55 INFO SparkContext: Added JAR file:///home/airflow/.ivy2/jars/commons-codec_commons-codec-1.11.jar at spark://6780dda4d52a:34591/jars/commons-codec_commons-codec-1.11.jar with timestamp 1745754954716
[2025-04-27T11:55:55.572+0000] {spark_submit.py:490} INFO - 25/04/27 11:55:55 INFO SparkContext: Added file file:///home/airflow/.ivy2/jars/org.postgresql_postgresql-42.6.0.jar at spark://6780dda4d52a:34591/files/org.postgresql_postgresql-42.6.0.jar with timestamp 1745754954716
[2025-04-27T11:55:55.573+0000] {spark_submit.py:490} INFO - 25/04/27 11:55:55 INFO Utils: Copying /home/airflow/.ivy2/jars/org.postgresql_postgresql-42.6.0.jar to /tmp/spark-77373bf4-5a11-42bd-947a-d3cdf76e4230/userFiles-68c4b7ff-b5f8-4554-8a32-011292715670/org.postgresql_postgresql-42.6.0.jar
[2025-04-27T11:55:55.585+0000] {spark_submit.py:490} INFO - 25/04/27 11:55:55 INFO SparkContext: Added file file:///home/airflow/.ivy2/jars/ru.yandex.clickhouse_clickhouse-jdbc-0.3.2.jar at spark://6780dda4d52a:34591/files/ru.yandex.clickhouse_clickhouse-jdbc-0.3.2.jar with timestamp 1745754954716
[2025-04-27T11:55:55.585+0000] {spark_submit.py:490} INFO - 25/04/27 11:55:55 INFO Utils: Copying /home/airflow/.ivy2/jars/ru.yandex.clickhouse_clickhouse-jdbc-0.3.2.jar to /tmp/spark-77373bf4-5a11-42bd-947a-d3cdf76e4230/userFiles-68c4b7ff-b5f8-4554-8a32-011292715670/ru.yandex.clickhouse_clickhouse-jdbc-0.3.2.jar
[2025-04-27T11:55:55.588+0000] {spark_submit.py:490} INFO - 25/04/27 11:55:55 INFO SparkContext: Added file file:///home/airflow/.ivy2/jars/org.checkerframework_checker-qual-3.31.0.jar at spark://6780dda4d52a:34591/files/org.checkerframework_checker-qual-3.31.0.jar with timestamp 1745754954716
[2025-04-27T11:55:55.588+0000] {spark_submit.py:490} INFO - 25/04/27 11:55:55 INFO Utils: Copying /home/airflow/.ivy2/jars/org.checkerframework_checker-qual-3.31.0.jar to /tmp/spark-77373bf4-5a11-42bd-947a-d3cdf76e4230/userFiles-68c4b7ff-b5f8-4554-8a32-011292715670/org.checkerframework_checker-qual-3.31.0.jar
[2025-04-27T11:55:55.592+0000] {spark_submit.py:490} INFO - 25/04/27 11:55:55 INFO SparkContext: Added file file:///home/airflow/.ivy2/jars/com.clickhouse_clickhouse-http-client-0.3.2.jar at spark://6780dda4d52a:34591/files/com.clickhouse_clickhouse-http-client-0.3.2.jar with timestamp 1745754954716
[2025-04-27T11:55:55.593+0000] {spark_submit.py:490} INFO - 25/04/27 11:55:55 INFO Utils: Copying /home/airflow/.ivy2/jars/com.clickhouse_clickhouse-http-client-0.3.2.jar to /tmp/spark-77373bf4-5a11-42bd-947a-d3cdf76e4230/userFiles-68c4b7ff-b5f8-4554-8a32-011292715670/com.clickhouse_clickhouse-http-client-0.3.2.jar
[2025-04-27T11:55:55.597+0000] {spark_submit.py:490} INFO - 25/04/27 11:55:55 INFO SparkContext: Added file file:///home/airflow/.ivy2/jars/com.google.code.gson_gson-2.8.8.jar at spark://6780dda4d52a:34591/files/com.google.code.gson_gson-2.8.8.jar with timestamp 1745754954716
[2025-04-27T11:55:55.597+0000] {spark_submit.py:490} INFO - 25/04/27 11:55:55 INFO Utils: Copying /home/airflow/.ivy2/jars/com.google.code.gson_gson-2.8.8.jar to /tmp/spark-77373bf4-5a11-42bd-947a-d3cdf76e4230/userFiles-68c4b7ff-b5f8-4554-8a32-011292715670/com.google.code.gson_gson-2.8.8.jar
[2025-04-27T11:55:55.601+0000] {spark_submit.py:490} INFO - 25/04/27 11:55:55 INFO SparkContext: Added file file:///home/airflow/.ivy2/jars/org.apache.httpcomponents_httpclient-4.5.13.jar at spark://6780dda4d52a:34591/files/org.apache.httpcomponents_httpclient-4.5.13.jar with timestamp 1745754954716
[2025-04-27T11:55:55.601+0000] {spark_submit.py:490} INFO - 25/04/27 11:55:55 INFO Utils: Copying /home/airflow/.ivy2/jars/org.apache.httpcomponents_httpclient-4.5.13.jar to /tmp/spark-77373bf4-5a11-42bd-947a-d3cdf76e4230/userFiles-68c4b7ff-b5f8-4554-8a32-011292715670/org.apache.httpcomponents_httpclient-4.5.13.jar
[2025-04-27T11:55:55.604+0000] {spark_submit.py:490} INFO - 25/04/27 11:55:55 INFO SparkContext: Added file file:///home/airflow/.ivy2/jars/org.apache.httpcomponents_httpmime-4.5.13.jar at spark://6780dda4d52a:34591/files/org.apache.httpcomponents_httpmime-4.5.13.jar with timestamp 1745754954716
[2025-04-27T11:55:55.605+0000] {spark_submit.py:490} INFO - 25/04/27 11:55:55 INFO Utils: Copying /home/airflow/.ivy2/jars/org.apache.httpcomponents_httpmime-4.5.13.jar to /tmp/spark-77373bf4-5a11-42bd-947a-d3cdf76e4230/userFiles-68c4b7ff-b5f8-4554-8a32-011292715670/org.apache.httpcomponents_httpmime-4.5.13.jar
[2025-04-27T11:55:55.609+0000] {spark_submit.py:490} INFO - 25/04/27 11:55:55 INFO SparkContext: Added file file:///home/airflow/.ivy2/jars/org.lz4_lz4-java-1.8.0.jar at spark://6780dda4d52a:34591/files/org.lz4_lz4-java-1.8.0.jar with timestamp 1745754954716
[2025-04-27T11:55:55.610+0000] {spark_submit.py:490} INFO - 25/04/27 11:55:55 INFO Utils: Copying /home/airflow/.ivy2/jars/org.lz4_lz4-java-1.8.0.jar to /tmp/spark-77373bf4-5a11-42bd-947a-d3cdf76e4230/userFiles-68c4b7ff-b5f8-4554-8a32-011292715670/org.lz4_lz4-java-1.8.0.jar
[2025-04-27T11:55:55.615+0000] {spark_submit.py:490} INFO - 25/04/27 11:55:55 INFO SparkContext: Added file file:///home/airflow/.ivy2/jars/com.clickhouse_clickhouse-client-0.3.2.jar at spark://6780dda4d52a:34591/files/com.clickhouse_clickhouse-client-0.3.2.jar with timestamp 1745754954716
[2025-04-27T11:55:55.615+0000] {spark_submit.py:490} INFO - 25/04/27 11:55:55 INFO Utils: Copying /home/airflow/.ivy2/jars/com.clickhouse_clickhouse-client-0.3.2.jar to /tmp/spark-77373bf4-5a11-42bd-947a-d3cdf76e4230/userFiles-68c4b7ff-b5f8-4554-8a32-011292715670/com.clickhouse_clickhouse-client-0.3.2.jar
[2025-04-27T11:55:55.618+0000] {spark_submit.py:490} INFO - 25/04/27 11:55:55 INFO SparkContext: Added file file:///home/airflow/.ivy2/jars/org.apache.httpcomponents_httpcore-4.4.13.jar at spark://6780dda4d52a:34591/files/org.apache.httpcomponents_httpcore-4.4.13.jar with timestamp 1745754954716
[2025-04-27T11:55:55.618+0000] {spark_submit.py:490} INFO - 25/04/27 11:55:55 INFO Utils: Copying /home/airflow/.ivy2/jars/org.apache.httpcomponents_httpcore-4.4.13.jar to /tmp/spark-77373bf4-5a11-42bd-947a-d3cdf76e4230/userFiles-68c4b7ff-b5f8-4554-8a32-011292715670/org.apache.httpcomponents_httpcore-4.4.13.jar
[2025-04-27T11:55:55.622+0000] {spark_submit.py:490} INFO - 25/04/27 11:55:55 INFO SparkContext: Added file file:///home/airflow/.ivy2/jars/commons-logging_commons-logging-1.2.jar at spark://6780dda4d52a:34591/files/commons-logging_commons-logging-1.2.jar with timestamp 1745754954716
[2025-04-27T11:55:55.622+0000] {spark_submit.py:490} INFO - 25/04/27 11:55:55 INFO Utils: Copying /home/airflow/.ivy2/jars/commons-logging_commons-logging-1.2.jar to /tmp/spark-77373bf4-5a11-42bd-947a-d3cdf76e4230/userFiles-68c4b7ff-b5f8-4554-8a32-011292715670/commons-logging_commons-logging-1.2.jar
[2025-04-27T11:55:55.627+0000] {spark_submit.py:490} INFO - 25/04/27 11:55:55 INFO SparkContext: Added file file:///home/airflow/.ivy2/jars/commons-codec_commons-codec-1.11.jar at spark://6780dda4d52a:34591/files/commons-codec_commons-codec-1.11.jar with timestamp 1745754954716
[2025-04-27T11:55:55.627+0000] {spark_submit.py:490} INFO - 25/04/27 11:55:55 INFO Utils: Copying /home/airflow/.ivy2/jars/commons-codec_commons-codec-1.11.jar to /tmp/spark-77373bf4-5a11-42bd-947a-d3cdf76e4230/userFiles-68c4b7ff-b5f8-4554-8a32-011292715670/commons-codec_commons-codec-1.11.jar
[2025-04-27T11:55:55.717+0000] {spark_submit.py:490} INFO - 25/04/27 11:55:55 INFO StandaloneAppClient$ClientEndpoint: Connecting to master spark://spark-master:7077...
[2025-04-27T11:55:55.755+0000] {spark_submit.py:490} INFO - 25/04/27 11:55:55 INFO TransportClientFactory: Successfully created connection to spark-master/172.18.0.2:7077 after 22 ms (0 ms spent in bootstraps)
[2025-04-27T11:55:55.836+0000] {spark_submit.py:490} INFO - 25/04/27 11:55:55 INFO StandaloneSchedulerBackend: Connected to Spark cluster with app ID app-20250427115555-0001
[2025-04-27T11:55:55.837+0000] {spark_submit.py:490} INFO - 25/04/27 11:55:55 INFO StandaloneAppClient$ClientEndpoint: Executor added: app-20250427115555-0001/0 on worker-20250427114819-172.18.0.5-35411 (172.18.0.5:35411) with 1 core(s)
[2025-04-27T11:55:55.839+0000] {spark_submit.py:490} INFO - 25/04/27 11:55:55 INFO StandaloneSchedulerBackend: Granted executor ID app-20250427115555-0001/0 on hostPort 172.18.0.5:35411 with 1 core(s), 1024.0 MiB RAM
[2025-04-27T11:55:55.841+0000] {spark_submit.py:490} INFO - 25/04/27 11:55:55 INFO Utils: Successfully started service 'org.apache.spark.network.netty.NettyBlockTransferService' on port 40257.
[2025-04-27T11:55:55.842+0000] {spark_submit.py:490} INFO - 25/04/27 11:55:55 INFO NettyBlockTransferService: Server created on 6780dda4d52a:40257
[2025-04-27T11:55:55.845+0000] {spark_submit.py:490} INFO - 25/04/27 11:55:55 INFO BlockManager: Using org.apache.spark.storage.RandomBlockReplicationPolicy for block replication policy
[2025-04-27T11:55:55.853+0000] {spark_submit.py:490} INFO - 25/04/27 11:55:55 INFO BlockManagerMaster: Registering BlockManager BlockManagerId(driver, 6780dda4d52a, 40257, None)
[2025-04-27T11:55:55.857+0000] {spark_submit.py:490} INFO - 25/04/27 11:55:55 INFO BlockManagerMasterEndpoint: Registering block manager 6780dda4d52a:40257 with 434.4 MiB RAM, BlockManagerId(driver, 6780dda4d52a, 40257, None)
[2025-04-27T11:55:55.863+0000] {spark_submit.py:490} INFO - 25/04/27 11:55:55 INFO BlockManagerMaster: Registered BlockManager BlockManagerId(driver, 6780dda4d52a, 40257, None)
[2025-04-27T11:55:55.865+0000] {spark_submit.py:490} INFO - 25/04/27 11:55:55 INFO BlockManager: Initialized BlockManager: BlockManagerId(driver, 6780dda4d52a, 40257, None)
[2025-04-27T11:55:55.874+0000] {spark_submit.py:490} INFO - 25/04/27 11:55:55 INFO StandaloneAppClient$ClientEndpoint: Executor updated: app-20250427115555-0001/0 is now RUNNING
[2025-04-27T11:55:56.042+0000] {spark_submit.py:490} INFO - 25/04/27 11:55:56 INFO StandaloneSchedulerBackend: SchedulerBackend is ready for scheduling beginning after reached minRegisteredResourcesRatio: 0.0
[2025-04-27T11:55:56.263+0000] {spark_submit.py:490} INFO - 25/04/27 11:55:56 INFO SharedState: Setting hive.metastore.warehouse.dir ('null') to the value of spark.sql.warehouse.dir.
[2025-04-27T11:55:56.266+0000] {spark_submit.py:490} INFO - 25/04/27 11:55:56 INFO SharedState: Warehouse path is 'file:/opt/airflow/spark-warehouse'.
[2025-04-27T11:55:58.272+0000] {spark_submit.py:490} INFO - 25/04/27 11:55:58 INFO CoarseGrainedSchedulerBackend$DriverEndpoint: Registered executor NettyRpcEndpointRef(spark-client://Executor) (172.18.0.5:38406) with ID 0,  ResourceProfileId 0
[2025-04-27T11:55:58.373+0000] {spark_submit.py:490} INFO - 25/04/27 11:55:58 INFO BlockManagerMasterEndpoint: Registering block manager 172.18.0.5:35545 with 366.3 MiB RAM, BlockManagerId(0, 172.18.0.5, 35545, None)
[2025-04-27T11:55:59.863+0000] {spark_submit.py:490} INFO - 25/04/27 11:55:59 INFO CodeGenerator: Code generated in 116.452013 ms
[2025-04-27T11:55:59.927+0000] {spark_submit.py:490} INFO - 25/04/27 11:55:59 INFO DAGScheduler: Registering RDD 3 (jdbc at NativeMethodAccessorImpl.java:0) as input to shuffle 0
[2025-04-27T11:55:59.932+0000] {spark_submit.py:490} INFO - 25/04/27 11:55:59 INFO DAGScheduler: Got map stage job 0 (jdbc at NativeMethodAccessorImpl.java:0) with 1 output partitions
[2025-04-27T11:55:59.932+0000] {spark_submit.py:490} INFO - 25/04/27 11:55:59 INFO DAGScheduler: Final stage: ShuffleMapStage 0 (jdbc at NativeMethodAccessorImpl.java:0)
[2025-04-27T11:55:59.933+0000] {spark_submit.py:490} INFO - 25/04/27 11:55:59 INFO DAGScheduler: Parents of final stage: List()
[2025-04-27T11:55:59.934+0000] {spark_submit.py:490} INFO - 25/04/27 11:55:59 INFO DAGScheduler: Missing parents: List()
[2025-04-27T11:55:59.937+0000] {spark_submit.py:490} INFO - 25/04/27 11:55:59 INFO DAGScheduler: Submitting ShuffleMapStage 0 (MapPartitionsRDD[3] at jdbc at NativeMethodAccessorImpl.java:0), which has no missing parents
[2025-04-27T11:56:00.038+0000] {spark_submit.py:490} INFO - 25/04/27 11:56:00 INFO MemoryStore: Block broadcast_0 stored as values in memory (estimated size 16.3 KiB, free 434.4 MiB)
[2025-04-27T11:56:00.078+0000] {spark_submit.py:490} INFO - 25/04/27 11:56:00 INFO MemoryStore: Block broadcast_0_piece0 stored as bytes in memory (estimated size 7.9 KiB, free 434.4 MiB)
[2025-04-27T11:56:00.082+0000] {spark_submit.py:490} INFO - 25/04/27 11:56:00 INFO BlockManagerInfo: Added broadcast_0_piece0 in memory on 6780dda4d52a:40257 (size: 7.9 KiB, free: 434.4 MiB)
[2025-04-27T11:56:00.087+0000] {spark_submit.py:490} INFO - 25/04/27 11:56:00 INFO SparkContext: Created broadcast 0 from broadcast at DAGScheduler.scala:1513
[2025-04-27T11:56:00.105+0000] {spark_submit.py:490} INFO - 25/04/27 11:56:00 INFO DAGScheduler: Submitting 1 missing tasks from ShuffleMapStage 0 (MapPartitionsRDD[3] at jdbc at NativeMethodAccessorImpl.java:0) (first 15 tasks are for partitions Vector(0))
[2025-04-27T11:56:00.107+0000] {spark_submit.py:490} INFO - 25/04/27 11:56:00 INFO TaskSchedulerImpl: Adding task set 0.0 with 1 tasks resource profile 0
[2025-04-27T11:56:00.150+0000] {spark_submit.py:490} INFO - 25/04/27 11:56:00 INFO TaskSetManager: Starting task 0.0 in stage 0.0 (TID 0) (172.18.0.5, executor 0, partition 0, PROCESS_LOCAL, 4292 bytes) taskResourceAssignments Map()
[2025-04-27T11:56:00.347+0000] {spark_submit.py:490} INFO - 25/04/27 11:56:00 INFO BlockManagerInfo: Added broadcast_0_piece0 in memory on 172.18.0.5:35545 (size: 7.9 KiB, free: 366.3 MiB)
[2025-04-27T11:56:01.700+0000] {spark_submit.py:490} INFO - 25/04/27 11:56:01 INFO TaskSetManager: Finished task 0.0 in stage 0.0 (TID 0) in 1562 ms on 172.18.0.5 (executor 0) (1/1)
[2025-04-27T11:56:01.702+0000] {spark_submit.py:490} INFO - 25/04/27 11:56:01 INFO TaskSchedulerImpl: Removed TaskSet 0.0, whose tasks have all completed, from pool
[2025-04-27T11:56:01.707+0000] {spark_submit.py:490} INFO - 25/04/27 11:56:01 INFO DAGScheduler: ShuffleMapStage 0 (jdbc at NativeMethodAccessorImpl.java:0) finished in 1.759 s
[2025-04-27T11:56:01.708+0000] {spark_submit.py:490} INFO - 25/04/27 11:56:01 INFO DAGScheduler: looking for newly runnable stages
[2025-04-27T11:56:01.708+0000] {spark_submit.py:490} INFO - 25/04/27 11:56:01 INFO DAGScheduler: running: Set()
[2025-04-27T11:56:01.709+0000] {spark_submit.py:490} INFO - 25/04/27 11:56:01 INFO DAGScheduler: waiting: Set()
[2025-04-27T11:56:01.709+0000] {spark_submit.py:490} INFO - 25/04/27 11:56:01 INFO DAGScheduler: failed: Set()
[2025-04-27T11:56:01.735+0000] {spark_submit.py:490} INFO - 25/04/27 11:56:01 INFO ShufflePartitionsUtil: For shuffle(0), advisory target size: 67108864, actual target size 1048576, minimum partition size: 1048576
[2025-04-27T11:56:01.764+0000] {spark_submit.py:490} INFO - 25/04/27 11:56:01 INFO CodeGenerator: Code generated in 13.435707 ms
[2025-04-27T11:56:01.794+0000] {spark_submit.py:490} INFO - 25/04/27 11:56:01 INFO CodeGenerator: Code generated in 12.648088 ms
[2025-04-27T11:56:01.815+0000] {spark_submit.py:490} INFO - 25/04/27 11:56:01 INFO CodeGenerator: Code generated in 12.175532 ms
[2025-04-27T11:56:01.902+0000] {spark_submit.py:490} INFO - 25/04/27 11:56:01 INFO SparkContext: Starting job: jdbc at NativeMethodAccessorImpl.java:0
[2025-04-27T11:56:01.906+0000] {spark_submit.py:490} INFO - 25/04/27 11:56:01 INFO DAGScheduler: Got job 1 (jdbc at NativeMethodAccessorImpl.java:0) with 2 output partitions
[2025-04-27T11:56:01.906+0000] {spark_submit.py:490} INFO - 25/04/27 11:56:01 INFO DAGScheduler: Final stage: ResultStage 2 (jdbc at NativeMethodAccessorImpl.java:0)
[2025-04-27T11:56:01.906+0000] {spark_submit.py:490} INFO - 25/04/27 11:56:01 INFO DAGScheduler: Parents of final stage: List(ShuffleMapStage 1)
[2025-04-27T11:56:01.907+0000] {spark_submit.py:490} INFO - 25/04/27 11:56:01 INFO DAGScheduler: Missing parents: List()
[2025-04-27T11:56:01.909+0000] {spark_submit.py:490} INFO - 25/04/27 11:56:01 INFO DAGScheduler: Submitting ResultStage 2 (MapPartitionsRDD[13] at jdbc at NativeMethodAccessorImpl.java:0), which has no missing parents
[2025-04-27T11:56:01.944+0000] {spark_submit.py:490} INFO - 25/04/27 11:56:01 INFO MemoryStore: Block broadcast_1 stored as values in memory (estimated size 59.0 KiB, free 434.3 MiB)
[2025-04-27T11:56:01.948+0000] {spark_submit.py:490} INFO - 25/04/27 11:56:01 INFO MemoryStore: Block broadcast_1_piece0 stored as bytes in memory (estimated size 23.9 KiB, free 434.3 MiB)
[2025-04-27T11:56:01.949+0000] {spark_submit.py:490} INFO - 25/04/27 11:56:01 INFO BlockManagerInfo: Added broadcast_1_piece0 in memory on 6780dda4d52a:40257 (size: 23.9 KiB, free: 434.4 MiB)
[2025-04-27T11:56:01.950+0000] {spark_submit.py:490} INFO - 25/04/27 11:56:01 INFO SparkContext: Created broadcast 1 from broadcast at DAGScheduler.scala:1513
[2025-04-27T11:56:01.951+0000] {spark_submit.py:490} INFO - 25/04/27 11:56:01 INFO DAGScheduler: Submitting 2 missing tasks from ResultStage 2 (MapPartitionsRDD[13] at jdbc at NativeMethodAccessorImpl.java:0) (first 15 tasks are for partitions Vector(0, 1))
[2025-04-27T11:56:01.951+0000] {spark_submit.py:490} INFO - 25/04/27 11:56:01 INFO TaskSchedulerImpl: Adding task set 2.0 with 2 tasks resource profile 0
[2025-04-27T11:56:01.957+0000] {spark_submit.py:490} INFO - 25/04/27 11:56:01 INFO TaskSetManager: Starting task 1.0 in stage 2.0 (TID 1) (172.18.0.5, executor 0, partition 1, NODE_LOCAL, 4566 bytes) taskResourceAssignments Map()
[2025-04-27T11:56:01.980+0000] {spark_submit.py:490} INFO - 25/04/27 11:56:01 INFO BlockManagerInfo: Added broadcast_1_piece0 in memory on 172.18.0.5:35545 (size: 23.9 KiB, free: 366.3 MiB)
[2025-04-27T11:56:02.338+0000] {spark_submit.py:490} INFO - 25/04/27 11:56:02 INFO MapOutputTrackerMasterEndpoint: Asked to send map output locations for shuffle 0 to 172.18.0.5:38406
[2025-04-27T11:56:02.362+0000] {spark_submit.py:490} INFO - 25/04/27 11:56:02 INFO BlockManagerInfo: Removed broadcast_0_piece0 on 6780dda4d52a:40257 in memory (size: 7.9 KiB, free: 434.4 MiB)
[2025-04-27T11:56:02.378+0000] {spark_submit.py:490} INFO - 25/04/27 11:56:02 INFO BlockManagerInfo: Removed broadcast_0_piece0 on 172.18.0.5:35545 in memory (size: 7.9 KiB, free: 366.3 MiB)
[2025-04-27T11:56:03.707+0000] {spark_submit.py:490} INFO - 25/04/27 11:56:03 INFO TaskSetManager: Starting task 0.0 in stage 2.0 (TID 2) (172.18.0.5, executor 0, partition 0, PROCESS_LOCAL, 4412 bytes) taskResourceAssignments Map()
[2025-04-27T11:56:03.709+0000] {spark_submit.py:490} INFO - 25/04/27 11:56:03 INFO TaskSetManager: Finished task 1.0 in stage 2.0 (TID 1) in 1754 ms on 172.18.0.5 (executor 0) (1/2)
[2025-04-27T11:56:03.793+0000] {spark_submit.py:490} INFO - 25/04/27 11:56:03 INFO TaskSetManager: Finished task 0.0 in stage 2.0 (TID 2) in 85 ms on 172.18.0.5 (executor 0) (2/2)
[2025-04-27T11:56:03.793+0000] {spark_submit.py:490} INFO - 25/04/27 11:56:03 INFO TaskSchedulerImpl: Removed TaskSet 2.0, whose tasks have all completed, from pool
[2025-04-27T11:56:03.794+0000] {spark_submit.py:490} INFO - 25/04/27 11:56:03 INFO DAGScheduler: ResultStage 2 (jdbc at NativeMethodAccessorImpl.java:0) finished in 1.870 s
[2025-04-27T11:56:03.796+0000] {spark_submit.py:490} INFO - 25/04/27 11:56:03 INFO DAGScheduler: Job 1 is finished. Cancelling potential speculative or zombie tasks for this job
[2025-04-27T11:56:03.796+0000] {spark_submit.py:490} INFO - 25/04/27 11:56:03 INFO TaskSchedulerImpl: Killing all running tasks in stage 2: Stage finished
[2025-04-27T11:56:03.797+0000] {spark_submit.py:490} INFO - 25/04/27 11:56:03 INFO DAGScheduler: Job 1 finished: jdbc at NativeMethodAccessorImpl.java:0, took 1.895018 s
[2025-04-27T11:56:03.832+0000] {spark_submit.py:490} INFO - 25/04/27 11:56:03 WARN ClickHouseDriver: ******************************************************************************************
[2025-04-27T11:56:03.833+0000] {spark_submit.py:490} INFO - 25/04/27 11:56:03 WARN ClickHouseDriver: * This driver is DEPRECATED. Please use [com.clickhouse.jdbc.ClickHouseDriver] instead.  *
[2025-04-27T11:56:03.833+0000] {spark_submit.py:490} INFO - 25/04/27 11:56:03 WARN ClickHouseDriver: * Also everything in package [ru.yandex.clickhouse] will be removed starting from 0.4.0. *
[2025-04-27T11:56:03.833+0000] {spark_submit.py:490} INFO - 25/04/27 11:56:03 WARN ClickHouseDriver: ******************************************************************************************
[2025-04-27T11:56:03.962+0000] {spark_submit.py:490} INFO - Traceback (most recent call last):
[2025-04-27T11:56:03.962+0000] {spark_submit.py:490} INFO - File "/opt/airflow/spark/detect_suspicious.py", line 79, in <module>
[2025-04-27T11:56:03.962+0000] {spark_submit.py:490} INFO - .mode("append") \
[2025-04-27T11:56:03.963+0000] {spark_submit.py:490} INFO - File "/opt/spark/python/lib/pyspark.zip/pyspark/sql/readwriter.py", line 966, in save
[2025-04-27T11:56:03.963+0000] {spark_submit.py:490} INFO - File "/opt/spark/python/lib/py4j-0.10.9.5-src.zip/py4j/java_gateway.py", line 1322, in __call__
[2025-04-27T11:56:03.963+0000] {spark_submit.py:490} INFO - File "/opt/spark/python/lib/pyspark.zip/pyspark/sql/utils.py", line 190, in deco
[2025-04-27T11:56:03.963+0000] {spark_submit.py:490} INFO - File "/opt/spark/python/lib/py4j-0.10.9.5-src.zip/py4j/protocol.py", line 328, in get_return_value
[2025-04-27T11:56:03.963+0000] {spark_submit.py:490} INFO - py4j.protocol.Py4JJavaError: An error occurred while calling o81.save.
[2025-04-27T11:56:03.963+0000] {spark_submit.py:490} INFO - : ru.yandex.clickhouse.except.ClickHouseException: ClickHouse exception, code: 81, host: clickhouse, port: 8123; Code: 81. DB::Exception: Database finbest doesn't exist. (UNKNOWN_DATABASE) (version 22.3.20.29 (official build))
[2025-04-27T11:56:03.963+0000] {spark_submit.py:490} INFO - 
[2025-04-27T11:56:03.964+0000] {spark_submit.py:490} INFO - at ru.yandex.clickhouse.except.ClickHouseExceptionSpecifier.specify(ClickHouseExceptionSpecifier.java:60)
[2025-04-27T11:56:03.964+0000] {spark_submit.py:490} INFO - at ru.yandex.clickhouse.except.ClickHouseExceptionSpecifier.specify(ClickHouseExceptionSpecifier.java:30)
[2025-04-27T11:56:03.964+0000] {spark_submit.py:490} INFO - at ru.yandex.clickhouse.ClickHouseStatementImpl.checkForErrorAndThrow(ClickHouseStatementImpl.java:1083)
[2025-04-27T11:56:03.964+0000] {spark_submit.py:490} INFO - at ru.yandex.clickhouse.ClickHouseStatementImpl.getInputStream(ClickHouseStatementImpl.java:770)
[2025-04-27T11:56:03.964+0000] {spark_submit.py:490} INFO - at ru.yandex.clickhouse.ClickHouseStatementImpl.getLastInputStream(ClickHouseStatementImpl.java:693)
[2025-04-27T11:56:03.964+0000] {spark_submit.py:490} INFO - at ru.yandex.clickhouse.ClickHouseStatementImpl.executeQuery(ClickHouseStatementImpl.java:341)
[2025-04-27T11:56:03.964+0000] {spark_submit.py:490} INFO - at ru.yandex.clickhouse.ClickHouseStatementImpl.executeQuery(ClickHouseStatementImpl.java:326)
[2025-04-27T11:56:03.964+0000] {spark_submit.py:490} INFO - at ru.yandex.clickhouse.ClickHouseStatementImpl.executeQuery(ClickHouseStatementImpl.java:320)
[2025-04-27T11:56:03.964+0000] {spark_submit.py:490} INFO - at ru.yandex.clickhouse.ClickHouseStatementImpl.executeQuery(ClickHouseStatementImpl.java:314)
[2025-04-27T11:56:03.964+0000] {spark_submit.py:490} INFO - at ru.yandex.clickhouse.ClickHouseConnectionImpl.initConnection(ClickHouseConnectionImpl.java:95)
[2025-04-27T11:56:03.964+0000] {spark_submit.py:490} INFO - at ru.yandex.clickhouse.ClickHouseConnectionImpl.<init>(ClickHouseConnectionImpl.java:79)
[2025-04-27T11:56:03.965+0000] {spark_submit.py:490} INFO - at ru.yandex.clickhouse.ClickHouseDriver.connect(ClickHouseDriver.java:65)
[2025-04-27T11:56:03.965+0000] {spark_submit.py:490} INFO - at ru.yandex.clickhouse.ClickHouseDriver.connect(ClickHouseDriver.java:57)
[2025-04-27T11:56:03.965+0000] {spark_submit.py:490} INFO - at ru.yandex.clickhouse.ClickHouseDriver.connect(ClickHouseDriver.java:36)
[2025-04-27T11:56:03.965+0000] {spark_submit.py:490} INFO - at org.apache.spark.sql.execution.datasources.jdbc.connection.BasicConnectionProvider.getConnection(BasicConnectionProvider.scala:49)
[2025-04-27T11:56:03.965+0000] {spark_submit.py:490} INFO - at org.apache.spark.sql.execution.datasources.jdbc.connection.ConnectionProviderBase.create(ConnectionProvider.scala:102)
[2025-04-27T11:56:03.965+0000] {spark_submit.py:490} INFO - at org.apache.spark.sql.jdbc.JdbcDialect.$anonfun$createConnectionFactory$1(JdbcDialects.scala:122)
[2025-04-27T11:56:03.965+0000] {spark_submit.py:490} INFO - at org.apache.spark.sql.jdbc.JdbcDialect.$anonfun$createConnectionFactory$1$adapted(JdbcDialects.scala:118)
[2025-04-27T11:56:03.965+0000] {spark_submit.py:490} INFO - at org.apache.spark.sql.execution.datasources.jdbc.JdbcRelationProvider.createRelation(JdbcRelationProvider.scala:50)
[2025-04-27T11:56:03.965+0000] {spark_submit.py:490} INFO - at org.apache.spark.sql.execution.datasources.SaveIntoDataSourceCommand.run(SaveIntoDataSourceCommand.scala:45)
[2025-04-27T11:56:03.965+0000] {spark_submit.py:490} INFO - at org.apache.spark.sql.execution.command.ExecutedCommandExec.sideEffectResult$lzycompute(commands.scala:75)
[2025-04-27T11:56:03.965+0000] {spark_submit.py:490} INFO - at org.apache.spark.sql.execution.command.ExecutedCommandExec.sideEffectResult(commands.scala:73)
[2025-04-27T11:56:03.965+0000] {spark_submit.py:490} INFO - at org.apache.spark.sql.execution.command.ExecutedCommandExec.executeCollect(commands.scala:84)
[2025-04-27T11:56:03.965+0000] {spark_submit.py:490} INFO - at org.apache.spark.sql.execution.QueryExecution$$anonfun$eagerlyExecuteCommands$1.$anonfun$applyOrElse$1(QueryExecution.scala:98)
[2025-04-27T11:56:03.965+0000] {spark_submit.py:490} INFO - at org.apache.spark.sql.execution.SQLExecution$.$anonfun$withNewExecutionId$6(SQLExecution.scala:109)
[2025-04-27T11:56:03.966+0000] {spark_submit.py:490} INFO - at org.apache.spark.sql.execution.SQLExecution$.withSQLConfPropagated(SQLExecution.scala:169)
[2025-04-27T11:56:03.966+0000] {spark_submit.py:490} INFO - at org.apache.spark.sql.execution.SQLExecution$.$anonfun$withNewExecutionId$1(SQLExecution.scala:95)
[2025-04-27T11:56:03.966+0000] {spark_submit.py:490} INFO - at org.apache.spark.sql.SparkSession.withActive(SparkSession.scala:779)
[2025-04-27T11:56:03.966+0000] {spark_submit.py:490} INFO - at org.apache.spark.sql.execution.SQLExecution$.withNewExecutionId(SQLExecution.scala:64)
[2025-04-27T11:56:03.966+0000] {spark_submit.py:490} INFO - at org.apache.spark.sql.execution.QueryExecution$$anonfun$eagerlyExecuteCommands$1.applyOrElse(QueryExecution.scala:98)
[2025-04-27T11:56:03.966+0000] {spark_submit.py:490} INFO - at org.apache.spark.sql.execution.QueryExecution$$anonfun$eagerlyExecuteCommands$1.applyOrElse(QueryExecution.scala:94)
[2025-04-27T11:56:03.966+0000] {spark_submit.py:490} INFO - at org.apache.spark.sql.catalyst.trees.TreeNode.$anonfun$transformDownWithPruning$1(TreeNode.scala:584)
[2025-04-27T11:56:03.966+0000] {spark_submit.py:490} INFO - at org.apache.spark.sql.catalyst.trees.CurrentOrigin$.withOrigin(TreeNode.scala:176)
[2025-04-27T11:56:03.966+0000] {spark_submit.py:490} INFO - at org.apache.spark.sql.catalyst.trees.TreeNode.transformDownWithPruning(TreeNode.scala:584)
[2025-04-27T11:56:03.966+0000] {spark_submit.py:490} INFO - at org.apache.spark.sql.catalyst.plans.logical.LogicalPlan.org$apache$spark$sql$catalyst$plans$logical$AnalysisHelper$$super$transformDownWithPruning(LogicalPlan.scala:30)
[2025-04-27T11:56:03.966+0000] {spark_submit.py:490} INFO - at org.apache.spark.sql.catalyst.plans.logical.AnalysisHelper.transformDownWithPruning(AnalysisHelper.scala:267)
[2025-04-27T11:56:03.966+0000] {spark_submit.py:490} INFO - at org.apache.spark.sql.catalyst.plans.logical.AnalysisHelper.transformDownWithPruning$(AnalysisHelper.scala:263)
[2025-04-27T11:56:03.966+0000] {spark_submit.py:490} INFO - at org.apache.spark.sql.catalyst.plans.logical.LogicalPlan.transformDownWithPruning(LogicalPlan.scala:30)
[2025-04-27T11:56:03.967+0000] {spark_submit.py:490} INFO - at org.apache.spark.sql.catalyst.plans.logical.LogicalPlan.transformDownWithPruning(LogicalPlan.scala:30)
[2025-04-27T11:56:03.967+0000] {spark_submit.py:490} INFO - at org.apache.spark.sql.catalyst.trees.TreeNode.transformDown(TreeNode.scala:560)
[2025-04-27T11:56:03.967+0000] {spark_submit.py:490} INFO - at org.apache.spark.sql.execution.QueryExecution.eagerlyExecuteCommands(QueryExecution.scala:94)
[2025-04-27T11:56:03.967+0000] {spark_submit.py:490} INFO - at org.apache.spark.sql.execution.QueryExecution.commandExecuted$lzycompute(QueryExecution.scala:81)
[2025-04-27T11:56:03.967+0000] {spark_submit.py:490} INFO - at org.apache.spark.sql.execution.QueryExecution.commandExecuted(QueryExecution.scala:79)
[2025-04-27T11:56:03.967+0000] {spark_submit.py:490} INFO - at org.apache.spark.sql.execution.QueryExecution.assertCommandExecuted(QueryExecution.scala:116)
[2025-04-27T11:56:03.967+0000] {spark_submit.py:490} INFO - at org.apache.spark.sql.DataFrameWriter.runCommand(DataFrameWriter.scala:860)
[2025-04-27T11:56:03.967+0000] {spark_submit.py:490} INFO - at org.apache.spark.sql.DataFrameWriter.saveToV1Source(DataFrameWriter.scala:390)
[2025-04-27T11:56:03.967+0000] {spark_submit.py:490} INFO - at org.apache.spark.sql.DataFrameWriter.saveInternal(DataFrameWriter.scala:363)
[2025-04-27T11:56:03.967+0000] {spark_submit.py:490} INFO - at org.apache.spark.sql.DataFrameWriter.save(DataFrameWriter.scala:247)
[2025-04-27T11:56:03.967+0000] {spark_submit.py:490} INFO - at java.base/jdk.internal.reflect.NativeMethodAccessorImpl.invoke0(Native Method)
[2025-04-27T11:56:03.967+0000] {spark_submit.py:490} INFO - at java.base/jdk.internal.reflect.NativeMethodAccessorImpl.invoke(NativeMethodAccessorImpl.java:62)
[2025-04-27T11:56:03.967+0000] {spark_submit.py:490} INFO - at java.base/jdk.internal.reflect.DelegatingMethodAccessorImpl.invoke(DelegatingMethodAccessorImpl.java:43)
[2025-04-27T11:56:03.968+0000] {spark_submit.py:490} INFO - at java.base/java.lang.reflect.Method.invoke(Method.java:566)
[2025-04-27T11:56:03.968+0000] {spark_submit.py:490} INFO - at py4j.reflection.MethodInvoker.invoke(MethodInvoker.java:244)
[2025-04-27T11:56:03.968+0000] {spark_submit.py:490} INFO - at py4j.reflection.ReflectionEngine.invoke(ReflectionEngine.java:357)
[2025-04-27T11:56:03.968+0000] {spark_submit.py:490} INFO - at py4j.Gateway.invoke(Gateway.java:282)
[2025-04-27T11:56:03.968+0000] {spark_submit.py:490} INFO - at py4j.commands.AbstractCommand.invokeMethod(AbstractCommand.java:132)
[2025-04-27T11:56:03.968+0000] {spark_submit.py:490} INFO - at py4j.commands.CallCommand.execute(CallCommand.java:79)
[2025-04-27T11:56:03.968+0000] {spark_submit.py:490} INFO - at py4j.ClientServerConnection.waitForCommands(ClientServerConnection.java:182)
[2025-04-27T11:56:03.968+0000] {spark_submit.py:490} INFO - at py4j.ClientServerConnection.run(ClientServerConnection.java:106)
[2025-04-27T11:56:03.968+0000] {spark_submit.py:490} INFO - at java.base/java.lang.Thread.run(Thread.java:829)
[2025-04-27T11:56:03.968+0000] {spark_submit.py:490} INFO - Caused by: java.lang.Throwable: Code: 81. DB::Exception: Database finbest doesn't exist. (UNKNOWN_DATABASE) (version 22.3.20.29 (official build))
[2025-04-27T11:56:03.968+0000] {spark_submit.py:490} INFO - 
[2025-04-27T11:56:03.968+0000] {spark_submit.py:490} INFO - at ru.yandex.clickhouse.except.ClickHouseExceptionSpecifier.specify(ClickHouseExceptionSpecifier.java:55)
[2025-04-27T11:56:03.968+0000] {spark_submit.py:490} INFO - ... 59 more
[2025-04-27T11:56:03.968+0000] {spark_submit.py:490} INFO - 
[2025-04-27T11:56:03.990+0000] {spark_submit.py:490} INFO - 25/04/27 11:56:03 INFO SparkContext: Invoking stop() from shutdown hook
[2025-04-27T11:56:03.996+0000] {spark_submit.py:490} INFO - 25/04/27 11:56:03 INFO SparkUI: Stopped Spark web UI at http://6780dda4d52a:4040
[2025-04-27T11:56:03.998+0000] {spark_submit.py:490} INFO - 25/04/27 11:56:03 INFO StandaloneSchedulerBackend: Shutting down all executors
[2025-04-27T11:56:03.998+0000] {spark_submit.py:490} INFO - 25/04/27 11:56:03 INFO CoarseGrainedSchedulerBackend$DriverEndpoint: Asking each executor to shut down
[2025-04-27T11:56:04.012+0000] {spark_submit.py:490} INFO - 25/04/27 11:56:04 INFO MapOutputTrackerMasterEndpoint: MapOutputTrackerMasterEndpoint stopped!
[2025-04-27T11:56:04.022+0000] {spark_submit.py:490} INFO - 25/04/27 11:56:04 INFO MemoryStore: MemoryStore cleared
[2025-04-27T11:56:04.022+0000] {spark_submit.py:490} INFO - 25/04/27 11:56:04 INFO BlockManager: BlockManager stopped
[2025-04-27T11:56:04.026+0000] {spark_submit.py:490} INFO - 25/04/27 11:56:04 INFO BlockManagerMaster: BlockManagerMaster stopped
[2025-04-27T11:56:04.028+0000] {spark_submit.py:490} INFO - 25/04/27 11:56:04 INFO OutputCommitCoordinator$OutputCommitCoordinatorEndpoint: OutputCommitCoordinator stopped!
[2025-04-27T11:56:04.035+0000] {spark_submit.py:490} INFO - 25/04/27 11:56:04 INFO SparkContext: Successfully stopped SparkContext
[2025-04-27T11:56:04.035+0000] {spark_submit.py:490} INFO - 25/04/27 11:56:04 INFO ShutdownHookManager: Shutdown hook called
[2025-04-27T11:56:04.035+0000] {spark_submit.py:490} INFO - 25/04/27 11:56:04 INFO ShutdownHookManager: Deleting directory /tmp/spark-77373bf4-5a11-42bd-947a-d3cdf76e4230
[2025-04-27T11:56:04.039+0000] {spark_submit.py:490} INFO - 25/04/27 11:56:04 INFO ShutdownHookManager: Deleting directory /tmp/spark-77373bf4-5a11-42bd-947a-d3cdf76e4230/pyspark-df08d49d-f3f6-47e7-921c-77f681859d55
[2025-04-27T11:56:04.041+0000] {spark_submit.py:490} INFO - 25/04/27 11:56:04 INFO ShutdownHookManager: Deleting directory /tmp/spark-016f7b60-c3fc-49f1-bd46-4097a4f16cfd
[2025-04-27T11:56:04.100+0000] {taskinstance.py:1824} ERROR - Task failed with exception
Traceback (most recent call last):
  File "/home/airflow/.local/lib/python3.7/site-packages/airflow/providers/apache/spark/operators/spark_submit.py", line 157, in execute
    self._hook.submit(self._application)
  File "/home/airflow/.local/lib/python3.7/site-packages/airflow/providers/apache/spark/hooks/spark_submit.py", line 422, in submit
    f"Cannot execute: {self._mask_cmd(spark_submit_cmd)}. Error code is: {returncode}."
airflow.exceptions.AirflowException: Cannot execute: spark-submit --master spark://spark-master:7077 --packages org.postgresql:postgresql:42.6.0,ru.yandex.clickhouse:clickhouse-jdbc:0.3.2 --executor-cores 1 --executor-memory 1g --driver-memory 1g --name arrow-spark /opt/airflow/spark/detect_suspicious.py --jdbc jdbc:postgresql://postgres:5432/finbest --clickhouse-url jdbc:clickhouse://clickhouse:8123/finbest. Error code is: 1.
[2025-04-27T11:56:04.102+0000] {taskinstance.py:1350} INFO - Marking task as FAILED. dag_id=transform, task_id=detect_suspicious, execution_date=20250427T115418, start_date=20250427T115551, end_date=20250427T115604
[2025-04-27T11:56:04.110+0000] {standard_task_runner.py:109} ERROR - Failed to execute job 72 for task detect_suspicious (Cannot execute: spark-submit --master spark://spark-master:7077 --packages org.postgresql:postgresql:42.6.0,ru.yandex.clickhouse:clickhouse-jdbc:0.3.2 --executor-cores 1 --executor-memory 1g --driver-memory 1g --name arrow-spark /opt/airflow/spark/detect_suspicious.py --jdbc jdbc:postgresql://postgres:5432/finbest --clickhouse-url jdbc:clickhouse://clickhouse:8123/finbest. Error code is: 1.; 509)
[2025-04-27T11:56:04.124+0000] {local_task_job_runner.py:225} INFO - Task exited with return code 1
[2025-04-27T11:56:04.220+0000] {taskinstance.py:2653} INFO - 0 downstream tasks scheduled from follow-on schedule check
