[2025-04-27T15:56:49.422+0000] {processor.py:157} INFO - Started process (PID=8691) to work on /opt/airflow/dags/reporting.py
[2025-04-27T15:56:49.422+0000] {processor.py:826} INFO - Processing file /opt/airflow/dags/reporting.py for tasks to queue
[2025-04-27T15:56:49.423+0000] {logging_mixin.py:150} INFO - [2025-04-27T15:56:49.423+0000] {dagbag.py:541} INFO - Filling up the DagBag from /opt/airflow/dags/reporting.py
[2025-04-27T15:56:49.427+0000] {logging_mixin.py:150} INFO - [2025-04-27T15:56:49.425+0000] {dagbag.py:350} ERROR - Failed to import: /opt/airflow/dags/reporting.py
Traceback (most recent call last):
  File "/home/airflow/.local/lib/python3.7/site-packages/airflow/models/dagbag.py", line 346, in parse
    loader.exec_module(new_module)
  File "<frozen importlib._bootstrap_external>", line 728, in exec_module
  File "<frozen importlib._bootstrap>", line 219, in _call_with_frames_removed
  File "/opt/airflow/dags/reporting.py", line 6, in <module>
    import papermill as pm, os
ModuleNotFoundError: No module named 'papermill'
[2025-04-27T15:56:49.428+0000] {processor.py:838} WARNING - No viable dags retrieved from /opt/airflow/dags/reporting.py
[2025-04-27T15:56:49.444+0000] {processor.py:179} INFO - Processing /opt/airflow/dags/reporting.py took 0.025 seconds
[2025-04-27T15:57:20.070+0000] {processor.py:157} INFO - Started process (PID=8711) to work on /opt/airflow/dags/reporting.py
[2025-04-27T15:57:20.071+0000] {processor.py:826} INFO - Processing file /opt/airflow/dags/reporting.py for tasks to queue
[2025-04-27T15:57:20.072+0000] {logging_mixin.py:150} INFO - [2025-04-27T15:57:20.072+0000] {dagbag.py:541} INFO - Filling up the DagBag from /opt/airflow/dags/reporting.py
[2025-04-27T15:57:20.077+0000] {logging_mixin.py:150} INFO - [2025-04-27T15:57:20.076+0000] {dagbag.py:350} ERROR - Failed to import: /opt/airflow/dags/reporting.py
Traceback (most recent call last):
  File "/home/airflow/.local/lib/python3.7/site-packages/airflow/models/dagbag.py", line 346, in parse
    loader.exec_module(new_module)
  File "<frozen importlib._bootstrap_external>", line 728, in exec_module
  File "<frozen importlib._bootstrap>", line 219, in _call_with_frames_removed
  File "/opt/airflow/dags/reporting.py", line 6, in <module>
    import papermill as pm, os
ModuleNotFoundError: No module named 'papermill'
[2025-04-27T15:57:20.077+0000] {processor.py:838} WARNING - No viable dags retrieved from /opt/airflow/dags/reporting.py
[2025-04-27T15:57:20.094+0000] {processor.py:179} INFO - Processing /opt/airflow/dags/reporting.py took 0.026 seconds
[2025-04-27T15:57:50.966+0000] {processor.py:157} INFO - Started process (PID=8735) to work on /opt/airflow/dags/reporting.py
[2025-04-27T15:57:50.967+0000] {processor.py:826} INFO - Processing file /opt/airflow/dags/reporting.py for tasks to queue
[2025-04-27T15:57:50.969+0000] {logging_mixin.py:150} INFO - [2025-04-27T15:57:50.968+0000] {dagbag.py:541} INFO - Filling up the DagBag from /opt/airflow/dags/reporting.py
[2025-04-27T15:57:50.973+0000] {logging_mixin.py:150} INFO - [2025-04-27T15:57:50.972+0000] {dagbag.py:350} ERROR - Failed to import: /opt/airflow/dags/reporting.py
Traceback (most recent call last):
  File "/home/airflow/.local/lib/python3.7/site-packages/airflow/models/dagbag.py", line 346, in parse
    loader.exec_module(new_module)
  File "<frozen importlib._bootstrap_external>", line 728, in exec_module
  File "<frozen importlib._bootstrap>", line 219, in _call_with_frames_removed
  File "/opt/airflow/dags/reporting.py", line 6, in <module>
    import papermill as pm, os
ModuleNotFoundError: No module named 'papermill'
[2025-04-27T15:57:50.974+0000] {processor.py:838} WARNING - No viable dags retrieved from /opt/airflow/dags/reporting.py
[2025-04-27T15:57:50.990+0000] {processor.py:179} INFO - Processing /opt/airflow/dags/reporting.py took 0.029 seconds
[2025-04-27T15:58:21.157+0000] {processor.py:157} INFO - Started process (PID=8755) to work on /opt/airflow/dags/reporting.py
[2025-04-27T15:58:21.159+0000] {processor.py:826} INFO - Processing file /opt/airflow/dags/reporting.py for tasks to queue
[2025-04-27T15:58:21.160+0000] {logging_mixin.py:150} INFO - [2025-04-27T15:58:21.159+0000] {dagbag.py:541} INFO - Filling up the DagBag from /opt/airflow/dags/reporting.py
[2025-04-27T15:58:21.163+0000] {logging_mixin.py:150} INFO - [2025-04-27T15:58:21.162+0000] {dagbag.py:350} ERROR - Failed to import: /opt/airflow/dags/reporting.py
Traceback (most recent call last):
  File "/home/airflow/.local/lib/python3.7/site-packages/airflow/models/dagbag.py", line 346, in parse
    loader.exec_module(new_module)
  File "<frozen importlib._bootstrap_external>", line 728, in exec_module
  File "<frozen importlib._bootstrap>", line 219, in _call_with_frames_removed
  File "/opt/airflow/dags/reporting.py", line 6, in <module>
    import papermill as pm, os
ModuleNotFoundError: No module named 'papermill'
[2025-04-27T15:58:21.163+0000] {processor.py:838} WARNING - No viable dags retrieved from /opt/airflow/dags/reporting.py
[2025-04-27T15:58:21.178+0000] {processor.py:179} INFO - Processing /opt/airflow/dags/reporting.py took 0.024 seconds
[2025-04-27T15:58:51.816+0000] {processor.py:157} INFO - Started process (PID=8775) to work on /opt/airflow/dags/reporting.py
[2025-04-27T15:58:51.820+0000] {processor.py:826} INFO - Processing file /opt/airflow/dags/reporting.py for tasks to queue
[2025-04-27T15:58:51.821+0000] {logging_mixin.py:150} INFO - [2025-04-27T15:58:51.821+0000] {dagbag.py:541} INFO - Filling up the DagBag from /opt/airflow/dags/reporting.py
[2025-04-27T15:58:51.825+0000] {logging_mixin.py:150} INFO - [2025-04-27T15:58:51.824+0000] {dagbag.py:350} ERROR - Failed to import: /opt/airflow/dags/reporting.py
Traceback (most recent call last):
  File "/home/airflow/.local/lib/python3.7/site-packages/airflow/models/dagbag.py", line 346, in parse
    loader.exec_module(new_module)
  File "<frozen importlib._bootstrap_external>", line 728, in exec_module
  File "<frozen importlib._bootstrap>", line 219, in _call_with_frames_removed
  File "/opt/airflow/dags/reporting.py", line 6, in <module>
    import papermill as pm, os
ModuleNotFoundError: No module named 'papermill'
[2025-04-27T15:58:51.826+0000] {processor.py:838} WARNING - No viable dags retrieved from /opt/airflow/dags/reporting.py
[2025-04-27T15:58:51.842+0000] {processor.py:179} INFO - Processing /opt/airflow/dags/reporting.py took 0.032 seconds
[2025-04-27T15:59:22.457+0000] {processor.py:157} INFO - Started process (PID=8795) to work on /opt/airflow/dags/reporting.py
[2025-04-27T15:59:22.461+0000] {processor.py:826} INFO - Processing file /opt/airflow/dags/reporting.py for tasks to queue
[2025-04-27T15:59:22.462+0000] {logging_mixin.py:150} INFO - [2025-04-27T15:59:22.462+0000] {dagbag.py:541} INFO - Filling up the DagBag from /opt/airflow/dags/reporting.py
[2025-04-27T15:59:22.468+0000] {logging_mixin.py:150} INFO - [2025-04-27T15:59:22.466+0000] {dagbag.py:350} ERROR - Failed to import: /opt/airflow/dags/reporting.py
Traceback (most recent call last):
  File "/home/airflow/.local/lib/python3.7/site-packages/airflow/models/dagbag.py", line 346, in parse
    loader.exec_module(new_module)
  File "<frozen importlib._bootstrap_external>", line 728, in exec_module
  File "<frozen importlib._bootstrap>", line 219, in _call_with_frames_removed
  File "/opt/airflow/dags/reporting.py", line 6, in <module>
    import papermill as pm, os
ModuleNotFoundError: No module named 'papermill'
[2025-04-27T15:59:22.468+0000] {processor.py:838} WARNING - No viable dags retrieved from /opt/airflow/dags/reporting.py
[2025-04-27T15:59:22.492+0000] {processor.py:179} INFO - Processing /opt/airflow/dags/reporting.py took 0.041 seconds
[2025-04-27T15:59:53.069+0000] {processor.py:157} INFO - Started process (PID=8815) to work on /opt/airflow/dags/reporting.py
[2025-04-27T15:59:53.073+0000] {processor.py:826} INFO - Processing file /opt/airflow/dags/reporting.py for tasks to queue
[2025-04-27T15:59:53.074+0000] {logging_mixin.py:150} INFO - [2025-04-27T15:59:53.074+0000] {dagbag.py:541} INFO - Filling up the DagBag from /opt/airflow/dags/reporting.py
[2025-04-27T15:59:53.080+0000] {logging_mixin.py:150} INFO - [2025-04-27T15:59:53.078+0000] {dagbag.py:350} ERROR - Failed to import: /opt/airflow/dags/reporting.py
Traceback (most recent call last):
  File "/home/airflow/.local/lib/python3.7/site-packages/airflow/models/dagbag.py", line 346, in parse
    loader.exec_module(new_module)
  File "<frozen importlib._bootstrap_external>", line 728, in exec_module
  File "<frozen importlib._bootstrap>", line 219, in _call_with_frames_removed
  File "/opt/airflow/dags/reporting.py", line 6, in <module>
    import papermill as pm, os
ModuleNotFoundError: No module named 'papermill'
[2025-04-27T15:59:53.080+0000] {processor.py:838} WARNING - No viable dags retrieved from /opt/airflow/dags/reporting.py
[2025-04-27T15:59:53.103+0000] {processor.py:179} INFO - Processing /opt/airflow/dags/reporting.py took 0.040 seconds
[2025-04-27T16:00:23.741+0000] {processor.py:157} INFO - Started process (PID=8835) to work on /opt/airflow/dags/reporting.py
[2025-04-27T16:00:23.744+0000] {processor.py:826} INFO - Processing file /opt/airflow/dags/reporting.py for tasks to queue
[2025-04-27T16:00:23.746+0000] {logging_mixin.py:150} INFO - [2025-04-27T16:00:23.745+0000] {dagbag.py:541} INFO - Filling up the DagBag from /opt/airflow/dags/reporting.py
[2025-04-27T16:00:23.750+0000] {logging_mixin.py:150} INFO - [2025-04-27T16:00:23.749+0000] {dagbag.py:350} ERROR - Failed to import: /opt/airflow/dags/reporting.py
Traceback (most recent call last):
  File "/home/airflow/.local/lib/python3.7/site-packages/airflow/models/dagbag.py", line 346, in parse
    loader.exec_module(new_module)
  File "<frozen importlib._bootstrap_external>", line 728, in exec_module
  File "<frozen importlib._bootstrap>", line 219, in _call_with_frames_removed
  File "/opt/airflow/dags/reporting.py", line 6, in <module>
    import papermill as pm, os
ModuleNotFoundError: No module named 'papermill'
[2025-04-27T16:00:23.750+0000] {processor.py:838} WARNING - No viable dags retrieved from /opt/airflow/dags/reporting.py
[2025-04-27T16:00:23.773+0000] {processor.py:179} INFO - Processing /opt/airflow/dags/reporting.py took 0.037 seconds
[2025-04-27T16:00:54.307+0000] {processor.py:157} INFO - Started process (PID=8855) to work on /opt/airflow/dags/reporting.py
[2025-04-27T16:00:54.311+0000] {processor.py:826} INFO - Processing file /opt/airflow/dags/reporting.py for tasks to queue
[2025-04-27T16:00:54.312+0000] {logging_mixin.py:150} INFO - [2025-04-27T16:00:54.312+0000] {dagbag.py:541} INFO - Filling up the DagBag from /opt/airflow/dags/reporting.py
[2025-04-27T16:00:54.316+0000] {logging_mixin.py:150} INFO - [2025-04-27T16:00:54.315+0000] {dagbag.py:350} ERROR - Failed to import: /opt/airflow/dags/reporting.py
Traceback (most recent call last):
  File "/home/airflow/.local/lib/python3.7/site-packages/airflow/models/dagbag.py", line 346, in parse
    loader.exec_module(new_module)
  File "<frozen importlib._bootstrap_external>", line 728, in exec_module
  File "<frozen importlib._bootstrap>", line 219, in _call_with_frames_removed
  File "/opt/airflow/dags/reporting.py", line 6, in <module>
    import papermill as pm, os
ModuleNotFoundError: No module named 'papermill'
[2025-04-27T16:00:54.316+0000] {processor.py:838} WARNING - No viable dags retrieved from /opt/airflow/dags/reporting.py
[2025-04-27T16:00:54.333+0000] {processor.py:179} INFO - Processing /opt/airflow/dags/reporting.py took 0.032 seconds
[2025-04-27T16:01:24.484+0000] {processor.py:157} INFO - Started process (PID=8875) to work on /opt/airflow/dags/reporting.py
[2025-04-27T16:01:24.485+0000] {processor.py:826} INFO - Processing file /opt/airflow/dags/reporting.py for tasks to queue
[2025-04-27T16:01:24.486+0000] {logging_mixin.py:150} INFO - [2025-04-27T16:01:24.485+0000] {dagbag.py:541} INFO - Filling up the DagBag from /opt/airflow/dags/reporting.py
[2025-04-27T16:01:24.488+0000] {logging_mixin.py:150} INFO - [2025-04-27T16:01:24.487+0000] {dagbag.py:350} ERROR - Failed to import: /opt/airflow/dags/reporting.py
Traceback (most recent call last):
  File "/home/airflow/.local/lib/python3.7/site-packages/airflow/models/dagbag.py", line 346, in parse
    loader.exec_module(new_module)
  File "<frozen importlib._bootstrap_external>", line 728, in exec_module
  File "<frozen importlib._bootstrap>", line 219, in _call_with_frames_removed
  File "/opt/airflow/dags/reporting.py", line 6, in <module>
    import papermill as pm, os
ModuleNotFoundError: No module named 'papermill'
[2025-04-27T16:01:24.488+0000] {processor.py:838} WARNING - No viable dags retrieved from /opt/airflow/dags/reporting.py
[2025-04-27T16:01:24.504+0000] {processor.py:179} INFO - Processing /opt/airflow/dags/reporting.py took 0.023 seconds
[2025-04-27T16:01:54.988+0000] {processor.py:157} INFO - Started process (PID=8895) to work on /opt/airflow/dags/reporting.py
[2025-04-27T16:01:54.991+0000] {processor.py:826} INFO - Processing file /opt/airflow/dags/reporting.py for tasks to queue
[2025-04-27T16:01:54.993+0000] {logging_mixin.py:150} INFO - [2025-04-27T16:01:54.992+0000] {dagbag.py:541} INFO - Filling up the DagBag from /opt/airflow/dags/reporting.py
[2025-04-27T16:01:54.997+0000] {logging_mixin.py:150} INFO - [2025-04-27T16:01:54.996+0000] {dagbag.py:350} ERROR - Failed to import: /opt/airflow/dags/reporting.py
Traceback (most recent call last):
  File "/home/airflow/.local/lib/python3.7/site-packages/airflow/models/dagbag.py", line 346, in parse
    loader.exec_module(new_module)
  File "<frozen importlib._bootstrap_external>", line 728, in exec_module
  File "<frozen importlib._bootstrap>", line 219, in _call_with_frames_removed
  File "/opt/airflow/dags/reporting.py", line 6, in <module>
    import papermill as pm, os
ModuleNotFoundError: No module named 'papermill'
[2025-04-27T16:01:54.997+0000] {processor.py:838} WARNING - No viable dags retrieved from /opt/airflow/dags/reporting.py
[2025-04-27T16:01:55.013+0000] {processor.py:179} INFO - Processing /opt/airflow/dags/reporting.py took 0.031 seconds
[2025-04-27T16:02:25.548+0000] {processor.py:157} INFO - Started process (PID=8915) to work on /opt/airflow/dags/reporting.py
[2025-04-27T16:02:25.548+0000] {processor.py:826} INFO - Processing file /opt/airflow/dags/reporting.py for tasks to queue
[2025-04-27T16:02:25.549+0000] {logging_mixin.py:150} INFO - [2025-04-27T16:02:25.549+0000] {dagbag.py:541} INFO - Filling up the DagBag from /opt/airflow/dags/reporting.py
[2025-04-27T16:02:25.551+0000] {logging_mixin.py:150} INFO - [2025-04-27T16:02:25.551+0000] {dagbag.py:350} ERROR - Failed to import: /opt/airflow/dags/reporting.py
Traceback (most recent call last):
  File "/home/airflow/.local/lib/python3.7/site-packages/airflow/models/dagbag.py", line 346, in parse
    loader.exec_module(new_module)
  File "<frozen importlib._bootstrap_external>", line 728, in exec_module
  File "<frozen importlib._bootstrap>", line 219, in _call_with_frames_removed
  File "/opt/airflow/dags/reporting.py", line 6, in <module>
    import papermill as pm, os
ModuleNotFoundError: No module named 'papermill'
[2025-04-27T16:02:25.551+0000] {processor.py:838} WARNING - No viable dags retrieved from /opt/airflow/dags/reporting.py
[2025-04-27T16:02:25.566+0000] {processor.py:179} INFO - Processing /opt/airflow/dags/reporting.py took 0.021 seconds
[2025-04-27T16:02:56.070+0000] {processor.py:157} INFO - Started process (PID=8935) to work on /opt/airflow/dags/reporting.py
[2025-04-27T16:02:56.071+0000] {processor.py:826} INFO - Processing file /opt/airflow/dags/reporting.py for tasks to queue
[2025-04-27T16:02:56.072+0000] {logging_mixin.py:150} INFO - [2025-04-27T16:02:56.072+0000] {dagbag.py:541} INFO - Filling up the DagBag from /opt/airflow/dags/reporting.py
[2025-04-27T16:02:56.075+0000] {logging_mixin.py:150} INFO - [2025-04-27T16:02:56.074+0000] {dagbag.py:350} ERROR - Failed to import: /opt/airflow/dags/reporting.py
Traceback (most recent call last):
  File "/home/airflow/.local/lib/python3.7/site-packages/airflow/models/dagbag.py", line 346, in parse
    loader.exec_module(new_module)
  File "<frozen importlib._bootstrap_external>", line 728, in exec_module
  File "<frozen importlib._bootstrap>", line 219, in _call_with_frames_removed
  File "/opt/airflow/dags/reporting.py", line 6, in <module>
    import papermill as pm, os
ModuleNotFoundError: No module named 'papermill'
[2025-04-27T16:02:56.076+0000] {processor.py:838} WARNING - No viable dags retrieved from /opt/airflow/dags/reporting.py
[2025-04-27T16:02:56.093+0000] {processor.py:179} INFO - Processing /opt/airflow/dags/reporting.py took 0.025 seconds
[2025-04-27T16:03:26.258+0000] {processor.py:157} INFO - Started process (PID=8955) to work on /opt/airflow/dags/reporting.py
[2025-04-27T16:03:26.261+0000] {processor.py:826} INFO - Processing file /opt/airflow/dags/reporting.py for tasks to queue
[2025-04-27T16:03:26.263+0000] {logging_mixin.py:150} INFO - [2025-04-27T16:03:26.262+0000] {dagbag.py:541} INFO - Filling up the DagBag from /opt/airflow/dags/reporting.py
[2025-04-27T16:03:26.267+0000] {logging_mixin.py:150} INFO - [2025-04-27T16:03:26.266+0000] {dagbag.py:350} ERROR - Failed to import: /opt/airflow/dags/reporting.py
Traceback (most recent call last):
  File "/home/airflow/.local/lib/python3.7/site-packages/airflow/models/dagbag.py", line 346, in parse
    loader.exec_module(new_module)
  File "<frozen importlib._bootstrap_external>", line 728, in exec_module
  File "<frozen importlib._bootstrap>", line 219, in _call_with_frames_removed
  File "/opt/airflow/dags/reporting.py", line 6, in <module>
    import papermill as pm, os
ModuleNotFoundError: No module named 'papermill'
[2025-04-27T16:03:26.268+0000] {processor.py:838} WARNING - No viable dags retrieved from /opt/airflow/dags/reporting.py
[2025-04-27T16:03:26.289+0000] {processor.py:179} INFO - Processing /opt/airflow/dags/reporting.py took 0.037 seconds
[2025-04-27T16:03:56.826+0000] {processor.py:157} INFO - Started process (PID=8975) to work on /opt/airflow/dags/reporting.py
[2025-04-27T16:03:56.830+0000] {processor.py:826} INFO - Processing file /opt/airflow/dags/reporting.py for tasks to queue
[2025-04-27T16:03:56.831+0000] {logging_mixin.py:150} INFO - [2025-04-27T16:03:56.831+0000] {dagbag.py:541} INFO - Filling up the DagBag from /opt/airflow/dags/reporting.py
[2025-04-27T16:03:56.837+0000] {logging_mixin.py:150} INFO - [2025-04-27T16:03:56.835+0000] {dagbag.py:350} ERROR - Failed to import: /opt/airflow/dags/reporting.py
Traceback (most recent call last):
  File "/home/airflow/.local/lib/python3.7/site-packages/airflow/models/dagbag.py", line 346, in parse
    loader.exec_module(new_module)
  File "<frozen importlib._bootstrap_external>", line 728, in exec_module
  File "<frozen importlib._bootstrap>", line 219, in _call_with_frames_removed
  File "/opt/airflow/dags/reporting.py", line 6, in <module>
    import papermill as pm, os
ModuleNotFoundError: No module named 'papermill'
[2025-04-27T16:03:56.837+0000] {processor.py:838} WARNING - No viable dags retrieved from /opt/airflow/dags/reporting.py
[2025-04-27T16:03:56.853+0000] {processor.py:179} INFO - Processing /opt/airflow/dags/reporting.py took 0.033 seconds
[2025-04-27T16:04:27.358+0000] {processor.py:157} INFO - Started process (PID=8995) to work on /opt/airflow/dags/reporting.py
[2025-04-27T16:04:27.359+0000] {processor.py:826} INFO - Processing file /opt/airflow/dags/reporting.py for tasks to queue
[2025-04-27T16:04:27.360+0000] {logging_mixin.py:150} INFO - [2025-04-27T16:04:27.360+0000] {dagbag.py:541} INFO - Filling up the DagBag from /opt/airflow/dags/reporting.py
[2025-04-27T16:04:27.362+0000] {logging_mixin.py:150} INFO - [2025-04-27T16:04:27.361+0000] {dagbag.py:350} ERROR - Failed to import: /opt/airflow/dags/reporting.py
Traceback (most recent call last):
  File "/home/airflow/.local/lib/python3.7/site-packages/airflow/models/dagbag.py", line 346, in parse
    loader.exec_module(new_module)
  File "<frozen importlib._bootstrap_external>", line 728, in exec_module
  File "<frozen importlib._bootstrap>", line 219, in _call_with_frames_removed
  File "/opt/airflow/dags/reporting.py", line 6, in <module>
    import papermill as pm, os
ModuleNotFoundError: No module named 'papermill'
[2025-04-27T16:04:27.362+0000] {processor.py:838} WARNING - No viable dags retrieved from /opt/airflow/dags/reporting.py
[2025-04-27T16:04:27.377+0000] {processor.py:179} INFO - Processing /opt/airflow/dags/reporting.py took 0.021 seconds
[2025-04-27T16:04:56.187+0000] {processor.py:157} INFO - Started process (PID=33) to work on /opt/airflow/dags/reporting.py
[2025-04-27T16:04:56.188+0000] {processor.py:826} INFO - Processing file /opt/airflow/dags/reporting.py for tasks to queue
[2025-04-27T16:04:56.189+0000] {logging_mixin.py:150} INFO - [2025-04-27T16:04:56.188+0000] {dagbag.py:541} INFO - Filling up the DagBag from /opt/airflow/dags/reporting.py
[2025-04-27T16:04:56.191+0000] {logging_mixin.py:150} INFO - [2025-04-27T16:04:56.190+0000] {dagbag.py:350} ERROR - Failed to import: /opt/airflow/dags/reporting.py
Traceback (most recent call last):
  File "/home/airflow/.local/lib/python3.7/site-packages/airflow/models/dagbag.py", line 346, in parse
    loader.exec_module(new_module)
  File "<frozen importlib._bootstrap_external>", line 728, in exec_module
  File "<frozen importlib._bootstrap>", line 219, in _call_with_frames_removed
  File "/opt/airflow/dags/reporting.py", line 6, in <module>
    import papermill as pm, os
ModuleNotFoundError: No module named 'papermill'
[2025-04-27T16:04:56.191+0000] {processor.py:838} WARNING - No viable dags retrieved from /opt/airflow/dags/reporting.py
[2025-04-27T16:04:56.209+0000] {processor.py:179} INFO - Processing /opt/airflow/dags/reporting.py took 0.024 seconds
[2025-04-27T16:05:26.434+0000] {processor.py:157} INFO - Started process (PID=53) to work on /opt/airflow/dags/reporting.py
[2025-04-27T16:05:26.435+0000] {processor.py:826} INFO - Processing file /opt/airflow/dags/reporting.py for tasks to queue
[2025-04-27T16:05:26.435+0000] {logging_mixin.py:150} INFO - [2025-04-27T16:05:26.435+0000] {dagbag.py:541} INFO - Filling up the DagBag from /opt/airflow/dags/reporting.py
[2025-04-27T16:05:26.437+0000] {logging_mixin.py:150} INFO - [2025-04-27T16:05:26.437+0000] {dagbag.py:350} ERROR - Failed to import: /opt/airflow/dags/reporting.py
Traceback (most recent call last):
  File "/home/airflow/.local/lib/python3.7/site-packages/airflow/models/dagbag.py", line 346, in parse
    loader.exec_module(new_module)
  File "<frozen importlib._bootstrap_external>", line 728, in exec_module
  File "<frozen importlib._bootstrap>", line 219, in _call_with_frames_removed
  File "/opt/airflow/dags/reporting.py", line 6, in <module>
    import papermill as pm, os
ModuleNotFoundError: No module named 'papermill'
[2025-04-27T16:05:26.438+0000] {processor.py:838} WARNING - No viable dags retrieved from /opt/airflow/dags/reporting.py
[2025-04-27T16:05:26.454+0000] {processor.py:179} INFO - Processing /opt/airflow/dags/reporting.py took 0.022 seconds
[2025-04-27T16:05:56.628+0000] {processor.py:157} INFO - Started process (PID=73) to work on /opt/airflow/dags/reporting.py
[2025-04-27T16:05:56.628+0000] {processor.py:826} INFO - Processing file /opt/airflow/dags/reporting.py for tasks to queue
[2025-04-27T16:05:56.629+0000] {logging_mixin.py:150} INFO - [2025-04-27T16:05:56.628+0000] {dagbag.py:541} INFO - Filling up the DagBag from /opt/airflow/dags/reporting.py
[2025-04-27T16:05:56.631+0000] {logging_mixin.py:150} INFO - [2025-04-27T16:05:56.630+0000] {dagbag.py:350} ERROR - Failed to import: /opt/airflow/dags/reporting.py
Traceback (most recent call last):
  File "/home/airflow/.local/lib/python3.7/site-packages/airflow/models/dagbag.py", line 346, in parse
    loader.exec_module(new_module)
  File "<frozen importlib._bootstrap_external>", line 728, in exec_module
  File "<frozen importlib._bootstrap>", line 219, in _call_with_frames_removed
  File "/opt/airflow/dags/reporting.py", line 6, in <module>
    import papermill as pm, os
ModuleNotFoundError: No module named 'papermill'
[2025-04-27T16:05:56.631+0000] {processor.py:838} WARNING - No viable dags retrieved from /opt/airflow/dags/reporting.py
[2025-04-27T16:05:56.648+0000] {processor.py:179} INFO - Processing /opt/airflow/dags/reporting.py took 0.023 seconds
[2025-04-27T16:06:26.867+0000] {processor.py:157} INFO - Started process (PID=93) to work on /opt/airflow/dags/reporting.py
[2025-04-27T16:06:26.867+0000] {processor.py:826} INFO - Processing file /opt/airflow/dags/reporting.py for tasks to queue
[2025-04-27T16:06:26.868+0000] {logging_mixin.py:150} INFO - [2025-04-27T16:06:26.868+0000] {dagbag.py:541} INFO - Filling up the DagBag from /opt/airflow/dags/reporting.py
[2025-04-27T16:06:26.870+0000] {logging_mixin.py:150} INFO - [2025-04-27T16:06:26.869+0000] {dagbag.py:350} ERROR - Failed to import: /opt/airflow/dags/reporting.py
Traceback (most recent call last):
  File "/home/airflow/.local/lib/python3.7/site-packages/airflow/models/dagbag.py", line 346, in parse
    loader.exec_module(new_module)
  File "<frozen importlib._bootstrap_external>", line 728, in exec_module
  File "<frozen importlib._bootstrap>", line 219, in _call_with_frames_removed
  File "/opt/airflow/dags/reporting.py", line 6, in <module>
    import papermill as pm, os
ModuleNotFoundError: No module named 'papermill'
[2025-04-27T16:06:26.870+0000] {processor.py:838} WARNING - No viable dags retrieved from /opt/airflow/dags/reporting.py
[2025-04-27T16:06:26.885+0000] {processor.py:179} INFO - Processing /opt/airflow/dags/reporting.py took 0.020 seconds
[2025-04-27T16:06:57.093+0000] {processor.py:157} INFO - Started process (PID=113) to work on /opt/airflow/dags/reporting.py
[2025-04-27T16:06:57.094+0000] {processor.py:826} INFO - Processing file /opt/airflow/dags/reporting.py for tasks to queue
[2025-04-27T16:06:57.094+0000] {logging_mixin.py:150} INFO - [2025-04-27T16:06:57.094+0000] {dagbag.py:541} INFO - Filling up the DagBag from /opt/airflow/dags/reporting.py
[2025-04-27T16:06:57.097+0000] {logging_mixin.py:150} INFO - [2025-04-27T16:06:57.096+0000] {dagbag.py:350} ERROR - Failed to import: /opt/airflow/dags/reporting.py
Traceback (most recent call last):
  File "/home/airflow/.local/lib/python3.7/site-packages/airflow/models/dagbag.py", line 346, in parse
    loader.exec_module(new_module)
  File "<frozen importlib._bootstrap_external>", line 728, in exec_module
  File "<frozen importlib._bootstrap>", line 219, in _call_with_frames_removed
  File "/opt/airflow/dags/reporting.py", line 6, in <module>
    import papermill as pm, os
ModuleNotFoundError: No module named 'papermill'
[2025-04-27T16:06:57.097+0000] {processor.py:838} WARNING - No viable dags retrieved from /opt/airflow/dags/reporting.py
[2025-04-27T16:06:57.113+0000] {processor.py:179} INFO - Processing /opt/airflow/dags/reporting.py took 0.022 seconds
[2025-04-27T16:07:27.329+0000] {processor.py:157} INFO - Started process (PID=133) to work on /opt/airflow/dags/reporting.py
[2025-04-27T16:07:27.330+0000] {processor.py:826} INFO - Processing file /opt/airflow/dags/reporting.py for tasks to queue
[2025-04-27T16:07:27.330+0000] {logging_mixin.py:150} INFO - [2025-04-27T16:07:27.330+0000] {dagbag.py:541} INFO - Filling up the DagBag from /opt/airflow/dags/reporting.py
[2025-04-27T16:07:27.332+0000] {logging_mixin.py:150} INFO - [2025-04-27T16:07:27.332+0000] {dagbag.py:350} ERROR - Failed to import: /opt/airflow/dags/reporting.py
Traceback (most recent call last):
  File "/home/airflow/.local/lib/python3.7/site-packages/airflow/models/dagbag.py", line 346, in parse
    loader.exec_module(new_module)
  File "<frozen importlib._bootstrap_external>", line 728, in exec_module
  File "<frozen importlib._bootstrap>", line 219, in _call_with_frames_removed
  File "/opt/airflow/dags/reporting.py", line 6, in <module>
    import papermill as pm, os
ModuleNotFoundError: No module named 'papermill'
[2025-04-27T16:07:27.332+0000] {processor.py:838} WARNING - No viable dags retrieved from /opt/airflow/dags/reporting.py
[2025-04-27T16:07:27.348+0000] {processor.py:179} INFO - Processing /opt/airflow/dags/reporting.py took 0.021 seconds
[2025-04-27T16:07:58.036+0000] {processor.py:157} INFO - Started process (PID=153) to work on /opt/airflow/dags/reporting.py
[2025-04-27T16:07:58.036+0000] {processor.py:826} INFO - Processing file /opt/airflow/dags/reporting.py for tasks to queue
[2025-04-27T16:07:58.037+0000] {logging_mixin.py:150} INFO - [2025-04-27T16:07:58.037+0000] {dagbag.py:541} INFO - Filling up the DagBag from /opt/airflow/dags/reporting.py
[2025-04-27T16:07:58.039+0000] {logging_mixin.py:150} INFO - [2025-04-27T16:07:58.038+0000] {dagbag.py:350} ERROR - Failed to import: /opt/airflow/dags/reporting.py
Traceback (most recent call last):
  File "/home/airflow/.local/lib/python3.7/site-packages/airflow/models/dagbag.py", line 346, in parse
    loader.exec_module(new_module)
  File "<frozen importlib._bootstrap_external>", line 728, in exec_module
  File "<frozen importlib._bootstrap>", line 219, in _call_with_frames_removed
  File "/opt/airflow/dags/reporting.py", line 6, in <module>
    import papermill as pm, os
ModuleNotFoundError: No module named 'papermill'
[2025-04-27T16:07:58.039+0000] {processor.py:838} WARNING - No viable dags retrieved from /opt/airflow/dags/reporting.py
[2025-04-27T16:07:58.055+0000] {processor.py:179} INFO - Processing /opt/airflow/dags/reporting.py took 0.021 seconds
[2025-04-27T16:08:28.738+0000] {processor.py:157} INFO - Started process (PID=173) to work on /opt/airflow/dags/reporting.py
[2025-04-27T16:08:28.739+0000] {processor.py:826} INFO - Processing file /opt/airflow/dags/reporting.py for tasks to queue
[2025-04-27T16:08:28.739+0000] {logging_mixin.py:150} INFO - [2025-04-27T16:08:28.739+0000] {dagbag.py:541} INFO - Filling up the DagBag from /opt/airflow/dags/reporting.py
[2025-04-27T16:08:28.742+0000] {logging_mixin.py:150} INFO - [2025-04-27T16:08:28.741+0000] {dagbag.py:350} ERROR - Failed to import: /opt/airflow/dags/reporting.py
Traceback (most recent call last):
  File "/home/airflow/.local/lib/python3.7/site-packages/airflow/models/dagbag.py", line 346, in parse
    loader.exec_module(new_module)
  File "<frozen importlib._bootstrap_external>", line 728, in exec_module
  File "<frozen importlib._bootstrap>", line 219, in _call_with_frames_removed
  File "/opt/airflow/dags/reporting.py", line 6, in <module>
    import papermill as pm, os
ModuleNotFoundError: No module named 'papermill'
[2025-04-27T16:08:28.742+0000] {processor.py:838} WARNING - No viable dags retrieved from /opt/airflow/dags/reporting.py
[2025-04-27T16:08:28.757+0000] {processor.py:179} INFO - Processing /opt/airflow/dags/reporting.py took 0.021 seconds
[2025-04-27T16:08:59.392+0000] {processor.py:157} INFO - Started process (PID=193) to work on /opt/airflow/dags/reporting.py
[2025-04-27T16:08:59.393+0000] {processor.py:826} INFO - Processing file /opt/airflow/dags/reporting.py for tasks to queue
[2025-04-27T16:08:59.394+0000] {logging_mixin.py:150} INFO - [2025-04-27T16:08:59.393+0000] {dagbag.py:541} INFO - Filling up the DagBag from /opt/airflow/dags/reporting.py
[2025-04-27T16:08:59.396+0000] {logging_mixin.py:150} INFO - [2025-04-27T16:08:59.395+0000] {dagbag.py:350} ERROR - Failed to import: /opt/airflow/dags/reporting.py
Traceback (most recent call last):
  File "/home/airflow/.local/lib/python3.7/site-packages/airflow/models/dagbag.py", line 346, in parse
    loader.exec_module(new_module)
  File "<frozen importlib._bootstrap_external>", line 728, in exec_module
  File "<frozen importlib._bootstrap>", line 219, in _call_with_frames_removed
  File "/opt/airflow/dags/reporting.py", line 6, in <module>
    import papermill as pm, os
ModuleNotFoundError: No module named 'papermill'
[2025-04-27T16:08:59.396+0000] {processor.py:838} WARNING - No viable dags retrieved from /opt/airflow/dags/reporting.py
[2025-04-27T16:08:59.413+0000] {processor.py:179} INFO - Processing /opt/airflow/dags/reporting.py took 0.022 seconds
[2025-04-27T16:09:30.059+0000] {processor.py:157} INFO - Started process (PID=213) to work on /opt/airflow/dags/reporting.py
[2025-04-27T16:09:30.060+0000] {processor.py:826} INFO - Processing file /opt/airflow/dags/reporting.py for tasks to queue
[2025-04-27T16:09:30.060+0000] {logging_mixin.py:150} INFO - [2025-04-27T16:09:30.060+0000] {dagbag.py:541} INFO - Filling up the DagBag from /opt/airflow/dags/reporting.py
[2025-04-27T16:09:30.062+0000] {logging_mixin.py:150} INFO - [2025-04-27T16:09:30.062+0000] {dagbag.py:350} ERROR - Failed to import: /opt/airflow/dags/reporting.py
Traceback (most recent call last):
  File "/home/airflow/.local/lib/python3.7/site-packages/airflow/models/dagbag.py", line 346, in parse
    loader.exec_module(new_module)
  File "<frozen importlib._bootstrap_external>", line 728, in exec_module
  File "<frozen importlib._bootstrap>", line 219, in _call_with_frames_removed
  File "/opt/airflow/dags/reporting.py", line 6, in <module>
    import papermill as pm, os
ModuleNotFoundError: No module named 'papermill'
[2025-04-27T16:09:30.063+0000] {processor.py:838} WARNING - No viable dags retrieved from /opt/airflow/dags/reporting.py
[2025-04-27T16:09:30.079+0000] {processor.py:179} INFO - Processing /opt/airflow/dags/reporting.py took 0.022 seconds
[2025-04-27T16:10:00.284+0000] {processor.py:157} INFO - Started process (PID=233) to work on /opt/airflow/dags/reporting.py
[2025-04-27T16:10:00.284+0000] {processor.py:826} INFO - Processing file /opt/airflow/dags/reporting.py for tasks to queue
[2025-04-27T16:10:00.285+0000] {logging_mixin.py:150} INFO - [2025-04-27T16:10:00.285+0000] {dagbag.py:541} INFO - Filling up the DagBag from /opt/airflow/dags/reporting.py
[2025-04-27T16:10:00.287+0000] {logging_mixin.py:150} INFO - [2025-04-27T16:10:00.287+0000] {dagbag.py:350} ERROR - Failed to import: /opt/airflow/dags/reporting.py
Traceback (most recent call last):
  File "/home/airflow/.local/lib/python3.7/site-packages/airflow/models/dagbag.py", line 346, in parse
    loader.exec_module(new_module)
  File "<frozen importlib._bootstrap_external>", line 728, in exec_module
  File "<frozen importlib._bootstrap>", line 219, in _call_with_frames_removed
  File "/opt/airflow/dags/reporting.py", line 6, in <module>
    import papermill as pm, os
ModuleNotFoundError: No module named 'papermill'
[2025-04-27T16:10:00.288+0000] {processor.py:838} WARNING - No viable dags retrieved from /opt/airflow/dags/reporting.py
[2025-04-27T16:10:00.305+0000] {processor.py:179} INFO - Processing /opt/airflow/dags/reporting.py took 0.025 seconds
[2025-04-27T16:10:30.499+0000] {processor.py:157} INFO - Started process (PID=253) to work on /opt/airflow/dags/reporting.py
[2025-04-27T16:10:30.499+0000] {processor.py:826} INFO - Processing file /opt/airflow/dags/reporting.py for tasks to queue
[2025-04-27T16:10:30.500+0000] {logging_mixin.py:150} INFO - [2025-04-27T16:10:30.500+0000] {dagbag.py:541} INFO - Filling up the DagBag from /opt/airflow/dags/reporting.py
[2025-04-27T16:10:30.503+0000] {logging_mixin.py:150} INFO - [2025-04-27T16:10:30.502+0000] {dagbag.py:350} ERROR - Failed to import: /opt/airflow/dags/reporting.py
Traceback (most recent call last):
  File "/home/airflow/.local/lib/python3.7/site-packages/airflow/models/dagbag.py", line 346, in parse
    loader.exec_module(new_module)
  File "<frozen importlib._bootstrap_external>", line 728, in exec_module
  File "<frozen importlib._bootstrap>", line 219, in _call_with_frames_removed
  File "/opt/airflow/dags/reporting.py", line 6, in <module>
    import papermill as pm, os
ModuleNotFoundError: No module named 'papermill'
[2025-04-27T16:10:30.504+0000] {processor.py:838} WARNING - No viable dags retrieved from /opt/airflow/dags/reporting.py
[2025-04-27T16:10:30.520+0000] {processor.py:179} INFO - Processing /opt/airflow/dags/reporting.py took 0.024 seconds
[2025-04-27T16:11:01.193+0000] {processor.py:157} INFO - Started process (PID=273) to work on /opt/airflow/dags/reporting.py
[2025-04-27T16:11:01.194+0000] {processor.py:826} INFO - Processing file /opt/airflow/dags/reporting.py for tasks to queue
[2025-04-27T16:11:01.195+0000] {logging_mixin.py:150} INFO - [2025-04-27T16:11:01.195+0000] {dagbag.py:541} INFO - Filling up the DagBag from /opt/airflow/dags/reporting.py
[2025-04-27T16:11:01.197+0000] {logging_mixin.py:150} INFO - [2025-04-27T16:11:01.196+0000] {dagbag.py:350} ERROR - Failed to import: /opt/airflow/dags/reporting.py
Traceback (most recent call last):
  File "/home/airflow/.local/lib/python3.7/site-packages/airflow/models/dagbag.py", line 346, in parse
    loader.exec_module(new_module)
  File "<frozen importlib._bootstrap_external>", line 728, in exec_module
  File "<frozen importlib._bootstrap>", line 219, in _call_with_frames_removed
  File "/opt/airflow/dags/reporting.py", line 6, in <module>
    import papermill as pm, os
ModuleNotFoundError: No module named 'papermill'
[2025-04-27T16:11:01.197+0000] {processor.py:838} WARNING - No viable dags retrieved from /opt/airflow/dags/reporting.py
[2025-04-27T16:11:01.214+0000] {processor.py:179} INFO - Processing /opt/airflow/dags/reporting.py took 0.023 seconds
[2025-04-27T16:11:31.910+0000] {processor.py:157} INFO - Started process (PID=293) to work on /opt/airflow/dags/reporting.py
[2025-04-27T16:11:31.911+0000] {processor.py:826} INFO - Processing file /opt/airflow/dags/reporting.py for tasks to queue
[2025-04-27T16:11:31.911+0000] {logging_mixin.py:150} INFO - [2025-04-27T16:11:31.911+0000] {dagbag.py:541} INFO - Filling up the DagBag from /opt/airflow/dags/reporting.py
[2025-04-27T16:11:31.913+0000] {logging_mixin.py:150} INFO - [2025-04-27T16:11:31.913+0000] {dagbag.py:350} ERROR - Failed to import: /opt/airflow/dags/reporting.py
Traceback (most recent call last):
  File "/home/airflow/.local/lib/python3.7/site-packages/airflow/models/dagbag.py", line 346, in parse
    loader.exec_module(new_module)
  File "<frozen importlib._bootstrap_external>", line 728, in exec_module
  File "<frozen importlib._bootstrap>", line 219, in _call_with_frames_removed
  File "/opt/airflow/dags/reporting.py", line 6, in <module>
    import papermill as pm, os
ModuleNotFoundError: No module named 'papermill'
[2025-04-27T16:11:31.914+0000] {processor.py:838} WARNING - No viable dags retrieved from /opt/airflow/dags/reporting.py
[2025-04-27T16:11:31.928+0000] {processor.py:179} INFO - Processing /opt/airflow/dags/reporting.py took 0.021 seconds
[2025-04-27T16:12:02.138+0000] {processor.py:157} INFO - Started process (PID=313) to work on /opt/airflow/dags/reporting.py
[2025-04-27T16:12:02.139+0000] {processor.py:826} INFO - Processing file /opt/airflow/dags/reporting.py for tasks to queue
[2025-04-27T16:12:02.139+0000] {logging_mixin.py:150} INFO - [2025-04-27T16:12:02.139+0000] {dagbag.py:541} INFO - Filling up the DagBag from /opt/airflow/dags/reporting.py
[2025-04-27T16:12:02.141+0000] {logging_mixin.py:150} INFO - [2025-04-27T16:12:02.141+0000] {dagbag.py:350} ERROR - Failed to import: /opt/airflow/dags/reporting.py
Traceback (most recent call last):
  File "/home/airflow/.local/lib/python3.7/site-packages/airflow/models/dagbag.py", line 346, in parse
    loader.exec_module(new_module)
  File "<frozen importlib._bootstrap_external>", line 728, in exec_module
  File "<frozen importlib._bootstrap>", line 219, in _call_with_frames_removed
  File "/opt/airflow/dags/reporting.py", line 6, in <module>
    import papermill as pm, os
ModuleNotFoundError: No module named 'papermill'
[2025-04-27T16:12:02.142+0000] {processor.py:838} WARNING - No viable dags retrieved from /opt/airflow/dags/reporting.py
[2025-04-27T16:12:02.157+0000] {processor.py:179} INFO - Processing /opt/airflow/dags/reporting.py took 0.021 seconds
[2025-04-27T16:12:32.822+0000] {processor.py:157} INFO - Started process (PID=333) to work on /opt/airflow/dags/reporting.py
[2025-04-27T16:12:32.823+0000] {processor.py:826} INFO - Processing file /opt/airflow/dags/reporting.py for tasks to queue
[2025-04-27T16:12:32.823+0000] {logging_mixin.py:150} INFO - [2025-04-27T16:12:32.823+0000] {dagbag.py:541} INFO - Filling up the DagBag from /opt/airflow/dags/reporting.py
[2025-04-27T16:12:32.826+0000] {logging_mixin.py:150} INFO - [2025-04-27T16:12:32.825+0000] {dagbag.py:350} ERROR - Failed to import: /opt/airflow/dags/reporting.py
Traceback (most recent call last):
  File "/home/airflow/.local/lib/python3.7/site-packages/airflow/models/dagbag.py", line 346, in parse
    loader.exec_module(new_module)
  File "<frozen importlib._bootstrap_external>", line 728, in exec_module
  File "<frozen importlib._bootstrap>", line 219, in _call_with_frames_removed
  File "/opt/airflow/dags/reporting.py", line 6, in <module>
    import papermill as pm, os
ModuleNotFoundError: No module named 'papermill'
[2025-04-27T16:12:32.826+0000] {processor.py:838} WARNING - No viable dags retrieved from /opt/airflow/dags/reporting.py
[2025-04-27T16:12:32.847+0000] {processor.py:179} INFO - Processing /opt/airflow/dags/reporting.py took 0.027 seconds
[2025-04-27T16:13:03.475+0000] {processor.py:157} INFO - Started process (PID=353) to work on /opt/airflow/dags/reporting.py
[2025-04-27T16:13:03.476+0000] {processor.py:826} INFO - Processing file /opt/airflow/dags/reporting.py for tasks to queue
[2025-04-27T16:13:03.477+0000] {logging_mixin.py:150} INFO - [2025-04-27T16:13:03.476+0000] {dagbag.py:541} INFO - Filling up the DagBag from /opt/airflow/dags/reporting.py
[2025-04-27T16:13:03.479+0000] {logging_mixin.py:150} INFO - [2025-04-27T16:13:03.479+0000] {dagbag.py:350} ERROR - Failed to import: /opt/airflow/dags/reporting.py
Traceback (most recent call last):
  File "/home/airflow/.local/lib/python3.7/site-packages/airflow/models/dagbag.py", line 346, in parse
    loader.exec_module(new_module)
  File "<frozen importlib._bootstrap_external>", line 728, in exec_module
  File "<frozen importlib._bootstrap>", line 219, in _call_with_frames_removed
  File "/opt/airflow/dags/reporting.py", line 6, in <module>
    import papermill as pm, os
ModuleNotFoundError: No module named 'papermill'
[2025-04-27T16:13:03.479+0000] {processor.py:838} WARNING - No viable dags retrieved from /opt/airflow/dags/reporting.py
[2025-04-27T16:13:03.500+0000] {processor.py:179} INFO - Processing /opt/airflow/dags/reporting.py took 0.029 seconds
[2025-04-27T16:13:33.699+0000] {processor.py:157} INFO - Started process (PID=373) to work on /opt/airflow/dags/reporting.py
[2025-04-27T16:13:33.699+0000] {processor.py:826} INFO - Processing file /opt/airflow/dags/reporting.py for tasks to queue
[2025-04-27T16:13:33.700+0000] {logging_mixin.py:150} INFO - [2025-04-27T16:13:33.700+0000] {dagbag.py:541} INFO - Filling up the DagBag from /opt/airflow/dags/reporting.py
[2025-04-27T16:13:33.703+0000] {logging_mixin.py:150} INFO - [2025-04-27T16:13:33.702+0000] {dagbag.py:350} ERROR - Failed to import: /opt/airflow/dags/reporting.py
Traceback (most recent call last):
  File "/home/airflow/.local/lib/python3.7/site-packages/airflow/models/dagbag.py", line 346, in parse
    loader.exec_module(new_module)
  File "<frozen importlib._bootstrap_external>", line 728, in exec_module
  File "<frozen importlib._bootstrap>", line 219, in _call_with_frames_removed
  File "/opt/airflow/dags/reporting.py", line 6, in <module>
    import papermill as pm, os
ModuleNotFoundError: No module named 'papermill'
[2025-04-27T16:13:33.703+0000] {processor.py:838} WARNING - No viable dags retrieved from /opt/airflow/dags/reporting.py
[2025-04-27T16:13:33.721+0000] {processor.py:179} INFO - Processing /opt/airflow/dags/reporting.py took 0.025 seconds
[2025-04-27T16:14:04.372+0000] {processor.py:157} INFO - Started process (PID=393) to work on /opt/airflow/dags/reporting.py
[2025-04-27T16:14:04.373+0000] {processor.py:826} INFO - Processing file /opt/airflow/dags/reporting.py for tasks to queue
[2025-04-27T16:14:04.374+0000] {logging_mixin.py:150} INFO - [2025-04-27T16:14:04.374+0000] {dagbag.py:541} INFO - Filling up the DagBag from /opt/airflow/dags/reporting.py
[2025-04-27T16:14:04.378+0000] {logging_mixin.py:150} INFO - [2025-04-27T16:14:04.377+0000] {dagbag.py:350} ERROR - Failed to import: /opt/airflow/dags/reporting.py
Traceback (most recent call last):
  File "/home/airflow/.local/lib/python3.7/site-packages/airflow/models/dagbag.py", line 346, in parse
    loader.exec_module(new_module)
  File "<frozen importlib._bootstrap_external>", line 728, in exec_module
  File "<frozen importlib._bootstrap>", line 219, in _call_with_frames_removed
  File "/opt/airflow/dags/reporting.py", line 6, in <module>
    import papermill as pm, os
ModuleNotFoundError: No module named 'papermill'
[2025-04-27T16:14:04.378+0000] {processor.py:838} WARNING - No viable dags retrieved from /opt/airflow/dags/reporting.py
[2025-04-27T16:14:04.401+0000] {processor.py:179} INFO - Processing /opt/airflow/dags/reporting.py took 0.033 seconds
[2025-04-27T16:14:35.093+0000] {processor.py:157} INFO - Started process (PID=413) to work on /opt/airflow/dags/reporting.py
[2025-04-27T16:14:35.094+0000] {processor.py:826} INFO - Processing file /opt/airflow/dags/reporting.py for tasks to queue
[2025-04-27T16:14:35.095+0000] {logging_mixin.py:150} INFO - [2025-04-27T16:14:35.095+0000] {dagbag.py:541} INFO - Filling up the DagBag from /opt/airflow/dags/reporting.py
[2025-04-27T16:14:35.097+0000] {logging_mixin.py:150} INFO - [2025-04-27T16:14:35.096+0000] {dagbag.py:350} ERROR - Failed to import: /opt/airflow/dags/reporting.py
Traceback (most recent call last):
  File "/home/airflow/.local/lib/python3.7/site-packages/airflow/models/dagbag.py", line 346, in parse
    loader.exec_module(new_module)
  File "<frozen importlib._bootstrap_external>", line 728, in exec_module
  File "<frozen importlib._bootstrap>", line 219, in _call_with_frames_removed
  File "/opt/airflow/dags/reporting.py", line 6, in <module>
    import papermill as pm, os
ModuleNotFoundError: No module named 'papermill'
[2025-04-27T16:14:35.097+0000] {processor.py:838} WARNING - No viable dags retrieved from /opt/airflow/dags/reporting.py
[2025-04-27T16:14:35.116+0000] {processor.py:179} INFO - Processing /opt/airflow/dags/reporting.py took 0.026 seconds
[2025-04-27T16:15:05.847+0000] {processor.py:157} INFO - Started process (PID=433) to work on /opt/airflow/dags/reporting.py
[2025-04-27T16:15:05.847+0000] {processor.py:826} INFO - Processing file /opt/airflow/dags/reporting.py for tasks to queue
[2025-04-27T16:15:05.848+0000] {logging_mixin.py:150} INFO - [2025-04-27T16:15:05.848+0000] {dagbag.py:541} INFO - Filling up the DagBag from /opt/airflow/dags/reporting.py
[2025-04-27T16:15:05.851+0000] {logging_mixin.py:150} INFO - [2025-04-27T16:15:05.850+0000] {dagbag.py:350} ERROR - Failed to import: /opt/airflow/dags/reporting.py
Traceback (most recent call last):
  File "/home/airflow/.local/lib/python3.7/site-packages/airflow/models/dagbag.py", line 346, in parse
    loader.exec_module(new_module)
  File "<frozen importlib._bootstrap_external>", line 728, in exec_module
  File "<frozen importlib._bootstrap>", line 219, in _call_with_frames_removed
  File "/opt/airflow/dags/reporting.py", line 6, in <module>
    import papermill as pm, os
ModuleNotFoundError: No module named 'papermill'
[2025-04-27T16:15:05.851+0000] {processor.py:838} WARNING - No viable dags retrieved from /opt/airflow/dags/reporting.py
[2025-04-27T16:15:05.870+0000] {processor.py:179} INFO - Processing /opt/airflow/dags/reporting.py took 0.026 seconds
[2025-04-27T16:15:36.535+0000] {processor.py:157} INFO - Started process (PID=453) to work on /opt/airflow/dags/reporting.py
[2025-04-27T16:15:36.535+0000] {processor.py:826} INFO - Processing file /opt/airflow/dags/reporting.py for tasks to queue
[2025-04-27T16:15:36.536+0000] {logging_mixin.py:150} INFO - [2025-04-27T16:15:36.536+0000] {dagbag.py:541} INFO - Filling up the DagBag from /opt/airflow/dags/reporting.py
[2025-04-27T16:15:36.538+0000] {logging_mixin.py:150} INFO - [2025-04-27T16:15:36.538+0000] {dagbag.py:350} ERROR - Failed to import: /opt/airflow/dags/reporting.py
Traceback (most recent call last):
  File "/home/airflow/.local/lib/python3.7/site-packages/airflow/models/dagbag.py", line 346, in parse
    loader.exec_module(new_module)
  File "<frozen importlib._bootstrap_external>", line 728, in exec_module
  File "<frozen importlib._bootstrap>", line 219, in _call_with_frames_removed
  File "/opt/airflow/dags/reporting.py", line 6, in <module>
    import papermill as pm, os
ModuleNotFoundError: No module named 'papermill'
[2025-04-27T16:15:36.538+0000] {processor.py:838} WARNING - No viable dags retrieved from /opt/airflow/dags/reporting.py
[2025-04-27T16:15:36.556+0000] {processor.py:179} INFO - Processing /opt/airflow/dags/reporting.py took 0.024 seconds
[2025-04-27T16:16:07.217+0000] {processor.py:157} INFO - Started process (PID=473) to work on /opt/airflow/dags/reporting.py
[2025-04-27T16:16:07.217+0000] {processor.py:826} INFO - Processing file /opt/airflow/dags/reporting.py for tasks to queue
[2025-04-27T16:16:07.217+0000] {logging_mixin.py:150} INFO - [2025-04-27T16:16:07.217+0000] {dagbag.py:541} INFO - Filling up the DagBag from /opt/airflow/dags/reporting.py
[2025-04-27T16:16:07.220+0000] {logging_mixin.py:150} INFO - [2025-04-27T16:16:07.219+0000] {dagbag.py:350} ERROR - Failed to import: /opt/airflow/dags/reporting.py
Traceback (most recent call last):
  File "/home/airflow/.local/lib/python3.7/site-packages/airflow/models/dagbag.py", line 346, in parse
    loader.exec_module(new_module)
  File "<frozen importlib._bootstrap_external>", line 728, in exec_module
  File "<frozen importlib._bootstrap>", line 219, in _call_with_frames_removed
  File "/opt/airflow/dags/reporting.py", line 6, in <module>
    import papermill as pm, os
ModuleNotFoundError: No module named 'papermill'
[2025-04-27T16:16:07.220+0000] {processor.py:838} WARNING - No viable dags retrieved from /opt/airflow/dags/reporting.py
[2025-04-27T16:16:07.235+0000] {processor.py:179} INFO - Processing /opt/airflow/dags/reporting.py took 0.020 seconds
[2025-04-27T16:16:37.896+0000] {processor.py:157} INFO - Started process (PID=493) to work on /opt/airflow/dags/reporting.py
[2025-04-27T16:16:37.897+0000] {processor.py:826} INFO - Processing file /opt/airflow/dags/reporting.py for tasks to queue
[2025-04-27T16:16:37.897+0000] {logging_mixin.py:150} INFO - [2025-04-27T16:16:37.897+0000] {dagbag.py:541} INFO - Filling up the DagBag from /opt/airflow/dags/reporting.py
[2025-04-27T16:16:37.899+0000] {logging_mixin.py:150} INFO - [2025-04-27T16:16:37.899+0000] {dagbag.py:350} ERROR - Failed to import: /opt/airflow/dags/reporting.py
Traceback (most recent call last):
  File "/home/airflow/.local/lib/python3.7/site-packages/airflow/models/dagbag.py", line 346, in parse
    loader.exec_module(new_module)
  File "<frozen importlib._bootstrap_external>", line 728, in exec_module
  File "<frozen importlib._bootstrap>", line 219, in _call_with_frames_removed
  File "/opt/airflow/dags/reporting.py", line 6, in <module>
    import papermill as pm, os
ModuleNotFoundError: No module named 'papermill'
[2025-04-27T16:16:37.900+0000] {processor.py:838} WARNING - No viable dags retrieved from /opt/airflow/dags/reporting.py
[2025-04-27T16:16:37.915+0000] {processor.py:179} INFO - Processing /opt/airflow/dags/reporting.py took 0.021 seconds
[2025-04-27T16:17:08.109+0000] {processor.py:157} INFO - Started process (PID=513) to work on /opt/airflow/dags/reporting.py
[2025-04-27T16:17:08.110+0000] {processor.py:826} INFO - Processing file /opt/airflow/dags/reporting.py for tasks to queue
[2025-04-27T16:17:08.110+0000] {logging_mixin.py:150} INFO - [2025-04-27T16:17:08.110+0000] {dagbag.py:541} INFO - Filling up the DagBag from /opt/airflow/dags/reporting.py
[2025-04-27T16:17:08.112+0000] {logging_mixin.py:150} INFO - [2025-04-27T16:17:08.112+0000] {dagbag.py:350} ERROR - Failed to import: /opt/airflow/dags/reporting.py
Traceback (most recent call last):
  File "/home/airflow/.local/lib/python3.7/site-packages/airflow/models/dagbag.py", line 346, in parse
    loader.exec_module(new_module)
  File "<frozen importlib._bootstrap_external>", line 728, in exec_module
  File "<frozen importlib._bootstrap>", line 219, in _call_with_frames_removed
  File "/opt/airflow/dags/reporting.py", line 6, in <module>
    import papermill as pm, os
ModuleNotFoundError: No module named 'papermill'
[2025-04-27T16:17:08.113+0000] {processor.py:838} WARNING - No viable dags retrieved from /opt/airflow/dags/reporting.py
[2025-04-27T16:17:08.128+0000] {processor.py:179} INFO - Processing /opt/airflow/dags/reporting.py took 0.020 seconds
[2025-04-27T16:17:38.745+0000] {processor.py:157} INFO - Started process (PID=533) to work on /opt/airflow/dags/reporting.py
[2025-04-27T16:17:38.745+0000] {processor.py:826} INFO - Processing file /opt/airflow/dags/reporting.py for tasks to queue
[2025-04-27T16:17:38.746+0000] {logging_mixin.py:150} INFO - [2025-04-27T16:17:38.746+0000] {dagbag.py:541} INFO - Filling up the DagBag from /opt/airflow/dags/reporting.py
[2025-04-27T16:17:38.749+0000] {logging_mixin.py:150} INFO - [2025-04-27T16:17:38.748+0000] {dagbag.py:350} ERROR - Failed to import: /opt/airflow/dags/reporting.py
Traceback (most recent call last):
  File "/home/airflow/.local/lib/python3.7/site-packages/airflow/models/dagbag.py", line 346, in parse
    loader.exec_module(new_module)
  File "<frozen importlib._bootstrap_external>", line 728, in exec_module
  File "<frozen importlib._bootstrap>", line 219, in _call_with_frames_removed
  File "/opt/airflow/dags/reporting.py", line 6, in <module>
    import papermill as pm, os
ModuleNotFoundError: No module named 'papermill'
[2025-04-27T16:17:38.749+0000] {processor.py:838} WARNING - No viable dags retrieved from /opt/airflow/dags/reporting.py
[2025-04-27T16:17:38.766+0000] {processor.py:179} INFO - Processing /opt/airflow/dags/reporting.py took 0.024 seconds
[2025-04-27T16:18:08.974+0000] {processor.py:157} INFO - Started process (PID=553) to work on /opt/airflow/dags/reporting.py
[2025-04-27T16:18:08.975+0000] {processor.py:826} INFO - Processing file /opt/airflow/dags/reporting.py for tasks to queue
[2025-04-27T16:18:08.975+0000] {logging_mixin.py:150} INFO - [2025-04-27T16:18:08.975+0000] {dagbag.py:541} INFO - Filling up the DagBag from /opt/airflow/dags/reporting.py
[2025-04-27T16:18:08.977+0000] {logging_mixin.py:150} INFO - [2025-04-27T16:18:08.977+0000] {dagbag.py:350} ERROR - Failed to import: /opt/airflow/dags/reporting.py
Traceback (most recent call last):
  File "/home/airflow/.local/lib/python3.7/site-packages/airflow/models/dagbag.py", line 346, in parse
    loader.exec_module(new_module)
  File "<frozen importlib._bootstrap_external>", line 728, in exec_module
  File "<frozen importlib._bootstrap>", line 219, in _call_with_frames_removed
  File "/opt/airflow/dags/reporting.py", line 6, in <module>
    import papermill as pm, os
ModuleNotFoundError: No module named 'papermill'
[2025-04-27T16:18:08.978+0000] {processor.py:838} WARNING - No viable dags retrieved from /opt/airflow/dags/reporting.py
[2025-04-27T16:18:08.995+0000] {processor.py:179} INFO - Processing /opt/airflow/dags/reporting.py took 0.024 seconds
[2025-04-27T16:18:39.197+0000] {processor.py:157} INFO - Started process (PID=573) to work on /opt/airflow/dags/reporting.py
[2025-04-27T16:18:39.198+0000] {processor.py:826} INFO - Processing file /opt/airflow/dags/reporting.py for tasks to queue
[2025-04-27T16:18:39.199+0000] {logging_mixin.py:150} INFO - [2025-04-27T16:18:39.198+0000] {dagbag.py:541} INFO - Filling up the DagBag from /opt/airflow/dags/reporting.py
[2025-04-27T16:18:39.202+0000] {logging_mixin.py:150} INFO - [2025-04-27T16:18:39.201+0000] {dagbag.py:350} ERROR - Failed to import: /opt/airflow/dags/reporting.py
Traceback (most recent call last):
  File "/home/airflow/.local/lib/python3.7/site-packages/airflow/models/dagbag.py", line 346, in parse
    loader.exec_module(new_module)
  File "<frozen importlib._bootstrap_external>", line 728, in exec_module
  File "<frozen importlib._bootstrap>", line 219, in _call_with_frames_removed
  File "/opt/airflow/dags/reporting.py", line 6, in <module>
    import papermill as pm, os
ModuleNotFoundError: No module named 'papermill'
[2025-04-27T16:18:39.202+0000] {processor.py:838} WARNING - No viable dags retrieved from /opt/airflow/dags/reporting.py
[2025-04-27T16:18:39.234+0000] {processor.py:179} INFO - Processing /opt/airflow/dags/reporting.py took 0.040 seconds
[2025-04-27T16:19:09.986+0000] {processor.py:157} INFO - Started process (PID=593) to work on /opt/airflow/dags/reporting.py
[2025-04-27T16:19:09.988+0000] {processor.py:826} INFO - Processing file /opt/airflow/dags/reporting.py for tasks to queue
[2025-04-27T16:19:09.989+0000] {logging_mixin.py:150} INFO - [2025-04-27T16:19:09.989+0000] {dagbag.py:541} INFO - Filling up the DagBag from /opt/airflow/dags/reporting.py
[2025-04-27T16:19:09.994+0000] {logging_mixin.py:150} INFO - [2025-04-27T16:19:09.993+0000] {dagbag.py:350} ERROR - Failed to import: /opt/airflow/dags/reporting.py
Traceback (most recent call last):
  File "/home/airflow/.local/lib/python3.7/site-packages/airflow/models/dagbag.py", line 346, in parse
    loader.exec_module(new_module)
  File "<frozen importlib._bootstrap_external>", line 728, in exec_module
  File "<frozen importlib._bootstrap>", line 219, in _call_with_frames_removed
  File "/opt/airflow/dags/reporting.py", line 6, in <module>
    import papermill as pm, os
ModuleNotFoundError: No module named 'papermill'
[2025-04-27T16:19:09.994+0000] {processor.py:838} WARNING - No viable dags retrieved from /opt/airflow/dags/reporting.py
[2025-04-27T16:19:10.032+0000] {processor.py:179} INFO - Processing /opt/airflow/dags/reporting.py took 0.049 seconds
[2025-04-27T16:19:40.235+0000] {processor.py:157} INFO - Started process (PID=613) to work on /opt/airflow/dags/reporting.py
[2025-04-27T16:19:40.236+0000] {processor.py:826} INFO - Processing file /opt/airflow/dags/reporting.py for tasks to queue
[2025-04-27T16:19:40.236+0000] {logging_mixin.py:150} INFO - [2025-04-27T16:19:40.236+0000] {dagbag.py:541} INFO - Filling up the DagBag from /opt/airflow/dags/reporting.py
[2025-04-27T16:19:40.241+0000] {logging_mixin.py:150} INFO - [2025-04-27T16:19:40.239+0000] {dagbag.py:350} ERROR - Failed to import: /opt/airflow/dags/reporting.py
Traceback (most recent call last):
  File "/home/airflow/.local/lib/python3.7/site-packages/airflow/models/dagbag.py", line 346, in parse
    loader.exec_module(new_module)
  File "<frozen importlib._bootstrap_external>", line 728, in exec_module
  File "<frozen importlib._bootstrap>", line 219, in _call_with_frames_removed
  File "/opt/airflow/dags/reporting.py", line 6, in <module>
    import papermill as pm, os
ModuleNotFoundError: No module named 'papermill'
[2025-04-27T16:19:40.241+0000] {processor.py:838} WARNING - No viable dags retrieved from /opt/airflow/dags/reporting.py
[2025-04-27T16:19:40.260+0000] {processor.py:179} INFO - Processing /opt/airflow/dags/reporting.py took 0.027 seconds
[2025-04-27T16:20:10.955+0000] {processor.py:157} INFO - Started process (PID=633) to work on /opt/airflow/dags/reporting.py
[2025-04-27T16:20:10.956+0000] {processor.py:826} INFO - Processing file /opt/airflow/dags/reporting.py for tasks to queue
[2025-04-27T16:20:10.956+0000] {logging_mixin.py:150} INFO - [2025-04-27T16:20:10.956+0000] {dagbag.py:541} INFO - Filling up the DagBag from /opt/airflow/dags/reporting.py
[2025-04-27T16:20:10.959+0000] {logging_mixin.py:150} INFO - [2025-04-27T16:20:10.958+0000] {dagbag.py:350} ERROR - Failed to import: /opt/airflow/dags/reporting.py
Traceback (most recent call last):
  File "/home/airflow/.local/lib/python3.7/site-packages/airflow/models/dagbag.py", line 346, in parse
    loader.exec_module(new_module)
  File "<frozen importlib._bootstrap_external>", line 728, in exec_module
  File "<frozen importlib._bootstrap>", line 219, in _call_with_frames_removed
  File "/opt/airflow/dags/reporting.py", line 6, in <module>
    import papermill as pm, os
ModuleNotFoundError: No module named 'papermill'
[2025-04-27T16:20:10.959+0000] {processor.py:838} WARNING - No viable dags retrieved from /opt/airflow/dags/reporting.py
[2025-04-27T16:20:10.974+0000] {processor.py:179} INFO - Processing /opt/airflow/dags/reporting.py took 0.022 seconds
[2025-04-27T16:20:41.829+0000] {processor.py:157} INFO - Started process (PID=653) to work on /opt/airflow/dags/reporting.py
[2025-04-27T16:20:41.830+0000] {processor.py:826} INFO - Processing file /opt/airflow/dags/reporting.py for tasks to queue
[2025-04-27T16:20:41.830+0000] {logging_mixin.py:150} INFO - [2025-04-27T16:20:41.830+0000] {dagbag.py:541} INFO - Filling up the DagBag from /opt/airflow/dags/reporting.py
[2025-04-27T16:20:41.832+0000] {logging_mixin.py:150} INFO - [2025-04-27T16:20:41.832+0000] {dagbag.py:350} ERROR - Failed to import: /opt/airflow/dags/reporting.py
Traceback (most recent call last):
  File "/home/airflow/.local/lib/python3.7/site-packages/airflow/models/dagbag.py", line 346, in parse
    loader.exec_module(new_module)
  File "<frozen importlib._bootstrap_external>", line 728, in exec_module
  File "<frozen importlib._bootstrap>", line 219, in _call_with_frames_removed
  File "/opt/airflow/dags/reporting.py", line 6, in <module>
    import papermill as pm, os
ModuleNotFoundError: No module named 'papermill'
[2025-04-27T16:20:41.833+0000] {processor.py:838} WARNING - No viable dags retrieved from /opt/airflow/dags/reporting.py
[2025-04-27T16:20:41.847+0000] {processor.py:179} INFO - Processing /opt/airflow/dags/reporting.py took 0.020 seconds
[2025-04-27T16:21:12.498+0000] {processor.py:157} INFO - Started process (PID=673) to work on /opt/airflow/dags/reporting.py
[2025-04-27T16:21:12.498+0000] {processor.py:826} INFO - Processing file /opt/airflow/dags/reporting.py for tasks to queue
[2025-04-27T16:21:12.499+0000] {logging_mixin.py:150} INFO - [2025-04-27T16:21:12.499+0000] {dagbag.py:541} INFO - Filling up the DagBag from /opt/airflow/dags/reporting.py
[2025-04-27T16:21:12.501+0000] {logging_mixin.py:150} INFO - [2025-04-27T16:21:12.501+0000] {dagbag.py:350} ERROR - Failed to import: /opt/airflow/dags/reporting.py
Traceback (most recent call last):
  File "/home/airflow/.local/lib/python3.7/site-packages/airflow/models/dagbag.py", line 346, in parse
    loader.exec_module(new_module)
  File "<frozen importlib._bootstrap_external>", line 728, in exec_module
  File "<frozen importlib._bootstrap>", line 219, in _call_with_frames_removed
  File "/opt/airflow/dags/reporting.py", line 6, in <module>
    import papermill as pm, os
ModuleNotFoundError: No module named 'papermill'
[2025-04-27T16:21:12.501+0000] {processor.py:838} WARNING - No viable dags retrieved from /opt/airflow/dags/reporting.py
[2025-04-27T16:21:12.516+0000] {processor.py:179} INFO - Processing /opt/airflow/dags/reporting.py took 0.021 seconds
[2025-04-27T16:21:43.127+0000] {processor.py:157} INFO - Started process (PID=693) to work on /opt/airflow/dags/reporting.py
[2025-04-27T16:21:43.127+0000] {processor.py:826} INFO - Processing file /opt/airflow/dags/reporting.py for tasks to queue
[2025-04-27T16:21:43.128+0000] {logging_mixin.py:150} INFO - [2025-04-27T16:21:43.128+0000] {dagbag.py:541} INFO - Filling up the DagBag from /opt/airflow/dags/reporting.py
[2025-04-27T16:21:43.130+0000] {logging_mixin.py:150} INFO - [2025-04-27T16:21:43.130+0000] {dagbag.py:350} ERROR - Failed to import: /opt/airflow/dags/reporting.py
Traceback (most recent call last):
  File "/home/airflow/.local/lib/python3.7/site-packages/airflow/models/dagbag.py", line 346, in parse
    loader.exec_module(new_module)
  File "<frozen importlib._bootstrap_external>", line 728, in exec_module
  File "<frozen importlib._bootstrap>", line 219, in _call_with_frames_removed
  File "/opt/airflow/dags/reporting.py", line 6, in <module>
    import papermill as pm, os
ModuleNotFoundError: No module named 'papermill'
[2025-04-27T16:21:43.131+0000] {processor.py:838} WARNING - No viable dags retrieved from /opt/airflow/dags/reporting.py
[2025-04-27T16:21:43.145+0000] {processor.py:179} INFO - Processing /opt/airflow/dags/reporting.py took 0.020 seconds
[2025-04-27T16:22:13.840+0000] {processor.py:157} INFO - Started process (PID=713) to work on /opt/airflow/dags/reporting.py
[2025-04-27T16:22:13.841+0000] {processor.py:826} INFO - Processing file /opt/airflow/dags/reporting.py for tasks to queue
[2025-04-27T16:22:13.841+0000] {logging_mixin.py:150} INFO - [2025-04-27T16:22:13.841+0000] {dagbag.py:541} INFO - Filling up the DagBag from /opt/airflow/dags/reporting.py
[2025-04-27T16:22:13.844+0000] {logging_mixin.py:150} INFO - [2025-04-27T16:22:13.843+0000] {dagbag.py:350} ERROR - Failed to import: /opt/airflow/dags/reporting.py
Traceback (most recent call last):
  File "/home/airflow/.local/lib/python3.7/site-packages/airflow/models/dagbag.py", line 346, in parse
    loader.exec_module(new_module)
  File "<frozen importlib._bootstrap_external>", line 728, in exec_module
  File "<frozen importlib._bootstrap>", line 219, in _call_with_frames_removed
  File "/opt/airflow/dags/reporting.py", line 6, in <module>
    import papermill as pm, os
ModuleNotFoundError: No module named 'papermill'
[2025-04-27T16:22:13.844+0000] {processor.py:838} WARNING - No viable dags retrieved from /opt/airflow/dags/reporting.py
[2025-04-27T16:22:13.859+0000] {processor.py:179} INFO - Processing /opt/airflow/dags/reporting.py took 0.021 seconds
[2025-04-27T16:22:44.506+0000] {processor.py:157} INFO - Started process (PID=733) to work on /opt/airflow/dags/reporting.py
[2025-04-27T16:22:44.507+0000] {processor.py:826} INFO - Processing file /opt/airflow/dags/reporting.py for tasks to queue
[2025-04-27T16:22:44.507+0000] {logging_mixin.py:150} INFO - [2025-04-27T16:22:44.507+0000] {dagbag.py:541} INFO - Filling up the DagBag from /opt/airflow/dags/reporting.py
[2025-04-27T16:22:44.510+0000] {logging_mixin.py:150} INFO - [2025-04-27T16:22:44.509+0000] {dagbag.py:350} ERROR - Failed to import: /opt/airflow/dags/reporting.py
Traceback (most recent call last):
  File "/home/airflow/.local/lib/python3.7/site-packages/airflow/models/dagbag.py", line 346, in parse
    loader.exec_module(new_module)
  File "<frozen importlib._bootstrap_external>", line 728, in exec_module
  File "<frozen importlib._bootstrap>", line 219, in _call_with_frames_removed
  File "/opt/airflow/dags/reporting.py", line 6, in <module>
    import papermill as pm, os
ModuleNotFoundError: No module named 'papermill'
[2025-04-27T16:22:44.510+0000] {processor.py:838} WARNING - No viable dags retrieved from /opt/airflow/dags/reporting.py
[2025-04-27T16:22:44.524+0000] {processor.py:179} INFO - Processing /opt/airflow/dags/reporting.py took 0.020 seconds
[2025-04-27T16:23:15.139+0000] {processor.py:157} INFO - Started process (PID=753) to work on /opt/airflow/dags/reporting.py
[2025-04-27T16:23:15.140+0000] {processor.py:826} INFO - Processing file /opt/airflow/dags/reporting.py for tasks to queue
[2025-04-27T16:23:15.141+0000] {logging_mixin.py:150} INFO - [2025-04-27T16:23:15.140+0000] {dagbag.py:541} INFO - Filling up the DagBag from /opt/airflow/dags/reporting.py
[2025-04-27T16:23:15.143+0000] {logging_mixin.py:150} INFO - [2025-04-27T16:23:15.142+0000] {dagbag.py:350} ERROR - Failed to import: /opt/airflow/dags/reporting.py
Traceback (most recent call last):
  File "/home/airflow/.local/lib/python3.7/site-packages/airflow/models/dagbag.py", line 346, in parse
    loader.exec_module(new_module)
  File "<frozen importlib._bootstrap_external>", line 728, in exec_module
  File "<frozen importlib._bootstrap>", line 219, in _call_with_frames_removed
  File "/opt/airflow/dags/reporting.py", line 6, in <module>
    import papermill as pm, os
ModuleNotFoundError: No module named 'papermill'
[2025-04-27T16:23:15.143+0000] {processor.py:838} WARNING - No viable dags retrieved from /opt/airflow/dags/reporting.py
[2025-04-27T16:23:15.170+0000] {processor.py:179} INFO - Processing /opt/airflow/dags/reporting.py took 0.032 seconds
[2025-04-27T16:23:45.835+0000] {processor.py:157} INFO - Started process (PID=773) to work on /opt/airflow/dags/reporting.py
[2025-04-27T16:23:45.835+0000] {processor.py:826} INFO - Processing file /opt/airflow/dags/reporting.py for tasks to queue
[2025-04-27T16:23:45.836+0000] {logging_mixin.py:150} INFO - [2025-04-27T16:23:45.836+0000] {dagbag.py:541} INFO - Filling up the DagBag from /opt/airflow/dags/reporting.py
[2025-04-27T16:23:45.838+0000] {logging_mixin.py:150} INFO - [2025-04-27T16:23:45.838+0000] {dagbag.py:350} ERROR - Failed to import: /opt/airflow/dags/reporting.py
Traceback (most recent call last):
  File "/home/airflow/.local/lib/python3.7/site-packages/airflow/models/dagbag.py", line 346, in parse
    loader.exec_module(new_module)
  File "<frozen importlib._bootstrap_external>", line 728, in exec_module
  File "<frozen importlib._bootstrap>", line 219, in _call_with_frames_removed
  File "/opt/airflow/dags/reporting.py", line 6, in <module>
    import papermill as pm, os
ModuleNotFoundError: No module named 'papermill'
[2025-04-27T16:23:45.838+0000] {processor.py:838} WARNING - No viable dags retrieved from /opt/airflow/dags/reporting.py
[2025-04-27T16:23:45.854+0000] {processor.py:179} INFO - Processing /opt/airflow/dags/reporting.py took 0.023 seconds
[2025-04-27T16:24:16.046+0000] {processor.py:157} INFO - Started process (PID=793) to work on /opt/airflow/dags/reporting.py
[2025-04-27T16:24:16.047+0000] {processor.py:826} INFO - Processing file /opt/airflow/dags/reporting.py for tasks to queue
[2025-04-27T16:24:16.047+0000] {logging_mixin.py:150} INFO - [2025-04-27T16:24:16.047+0000] {dagbag.py:541} INFO - Filling up the DagBag from /opt/airflow/dags/reporting.py
[2025-04-27T16:24:16.049+0000] {logging_mixin.py:150} INFO - [2025-04-27T16:24:16.049+0000] {dagbag.py:350} ERROR - Failed to import: /opt/airflow/dags/reporting.py
Traceback (most recent call last):
  File "/home/airflow/.local/lib/python3.7/site-packages/airflow/models/dagbag.py", line 346, in parse
    loader.exec_module(new_module)
  File "<frozen importlib._bootstrap_external>", line 728, in exec_module
  File "<frozen importlib._bootstrap>", line 219, in _call_with_frames_removed
  File "/opt/airflow/dags/reporting.py", line 6, in <module>
    import papermill as pm, os
ModuleNotFoundError: No module named 'papermill'
[2025-04-27T16:24:16.050+0000] {processor.py:838} WARNING - No viable dags retrieved from /opt/airflow/dags/reporting.py
[2025-04-27T16:24:16.066+0000] {processor.py:179} INFO - Processing /opt/airflow/dags/reporting.py took 0.022 seconds
[2025-04-27T16:24:46.697+0000] {processor.py:157} INFO - Started process (PID=813) to work on /opt/airflow/dags/reporting.py
[2025-04-27T16:24:46.698+0000] {processor.py:826} INFO - Processing file /opt/airflow/dags/reporting.py for tasks to queue
[2025-04-27T16:24:46.698+0000] {logging_mixin.py:150} INFO - [2025-04-27T16:24:46.698+0000] {dagbag.py:541} INFO - Filling up the DagBag from /opt/airflow/dags/reporting.py
[2025-04-27T16:24:46.700+0000] {logging_mixin.py:150} INFO - [2025-04-27T16:24:46.700+0000] {dagbag.py:350} ERROR - Failed to import: /opt/airflow/dags/reporting.py
Traceback (most recent call last):
  File "/home/airflow/.local/lib/python3.7/site-packages/airflow/models/dagbag.py", line 346, in parse
    loader.exec_module(new_module)
  File "<frozen importlib._bootstrap_external>", line 728, in exec_module
  File "<frozen importlib._bootstrap>", line 219, in _call_with_frames_removed
  File "/opt/airflow/dags/reporting.py", line 6, in <module>
    import papermill as pm, os
ModuleNotFoundError: No module named 'papermill'
[2025-04-27T16:24:46.701+0000] {processor.py:838} WARNING - No viable dags retrieved from /opt/airflow/dags/reporting.py
[2025-04-27T16:24:46.716+0000] {processor.py:179} INFO - Processing /opt/airflow/dags/reporting.py took 0.021 seconds
[2025-04-27T16:25:16.917+0000] {processor.py:157} INFO - Started process (PID=833) to work on /opt/airflow/dags/reporting.py
[2025-04-27T16:25:16.918+0000] {processor.py:826} INFO - Processing file /opt/airflow/dags/reporting.py for tasks to queue
[2025-04-27T16:25:16.918+0000] {logging_mixin.py:150} INFO - [2025-04-27T16:25:16.918+0000] {dagbag.py:541} INFO - Filling up the DagBag from /opt/airflow/dags/reporting.py
[2025-04-27T16:25:16.922+0000] {logging_mixin.py:150} INFO - [2025-04-27T16:25:16.921+0000] {dagbag.py:350} ERROR - Failed to import: /opt/airflow/dags/reporting.py
Traceback (most recent call last):
  File "/home/airflow/.local/lib/python3.7/site-packages/airflow/models/dagbag.py", line 346, in parse
    loader.exec_module(new_module)
  File "<frozen importlib._bootstrap_external>", line 728, in exec_module
  File "<frozen importlib._bootstrap>", line 219, in _call_with_frames_removed
  File "/opt/airflow/dags/reporting.py", line 6, in <module>
    import papermill as pm, os
ModuleNotFoundError: No module named 'papermill'
[2025-04-27T16:25:16.922+0000] {processor.py:838} WARNING - No viable dags retrieved from /opt/airflow/dags/reporting.py
[2025-04-27T16:25:16.940+0000] {processor.py:179} INFO - Processing /opt/airflow/dags/reporting.py took 0.026 seconds
[2025-04-27T16:25:47.566+0000] {processor.py:157} INFO - Started process (PID=853) to work on /opt/airflow/dags/reporting.py
[2025-04-27T16:25:47.566+0000] {processor.py:826} INFO - Processing file /opt/airflow/dags/reporting.py for tasks to queue
[2025-04-27T16:25:47.567+0000] {logging_mixin.py:150} INFO - [2025-04-27T16:25:47.567+0000] {dagbag.py:541} INFO - Filling up the DagBag from /opt/airflow/dags/reporting.py
[2025-04-27T16:25:47.569+0000] {logging_mixin.py:150} INFO - [2025-04-27T16:25:47.569+0000] {dagbag.py:350} ERROR - Failed to import: /opt/airflow/dags/reporting.py
Traceback (most recent call last):
  File "/home/airflow/.local/lib/python3.7/site-packages/airflow/models/dagbag.py", line 346, in parse
    loader.exec_module(new_module)
  File "<frozen importlib._bootstrap_external>", line 728, in exec_module
  File "<frozen importlib._bootstrap>", line 219, in _call_with_frames_removed
  File "/opt/airflow/dags/reporting.py", line 6, in <module>
    import papermill as pm, os
ModuleNotFoundError: No module named 'papermill'
[2025-04-27T16:25:47.569+0000] {processor.py:838} WARNING - No viable dags retrieved from /opt/airflow/dags/reporting.py
[2025-04-27T16:25:47.584+0000] {processor.py:179} INFO - Processing /opt/airflow/dags/reporting.py took 0.021 seconds
[2025-04-27T16:26:18.233+0000] {processor.py:157} INFO - Started process (PID=873) to work on /opt/airflow/dags/reporting.py
[2025-04-27T16:26:18.234+0000] {processor.py:826} INFO - Processing file /opt/airflow/dags/reporting.py for tasks to queue
[2025-04-27T16:26:18.234+0000] {logging_mixin.py:150} INFO - [2025-04-27T16:26:18.234+0000] {dagbag.py:541} INFO - Filling up the DagBag from /opt/airflow/dags/reporting.py
[2025-04-27T16:26:18.236+0000] {logging_mixin.py:150} INFO - [2025-04-27T16:26:18.236+0000] {dagbag.py:350} ERROR - Failed to import: /opt/airflow/dags/reporting.py
Traceback (most recent call last):
  File "/home/airflow/.local/lib/python3.7/site-packages/airflow/models/dagbag.py", line 346, in parse
    loader.exec_module(new_module)
  File "<frozen importlib._bootstrap_external>", line 728, in exec_module
  File "<frozen importlib._bootstrap>", line 219, in _call_with_frames_removed
  File "/opt/airflow/dags/reporting.py", line 6, in <module>
    import papermill as pm, os
ModuleNotFoundError: No module named 'papermill'
[2025-04-27T16:26:18.237+0000] {processor.py:838} WARNING - No viable dags retrieved from /opt/airflow/dags/reporting.py
[2025-04-27T16:26:18.252+0000] {processor.py:179} INFO - Processing /opt/airflow/dags/reporting.py took 0.022 seconds
[2025-04-27T16:26:48.869+0000] {processor.py:157} INFO - Started process (PID=893) to work on /opt/airflow/dags/reporting.py
[2025-04-27T16:26:48.869+0000] {processor.py:826} INFO - Processing file /opt/airflow/dags/reporting.py for tasks to queue
[2025-04-27T16:26:48.870+0000] {logging_mixin.py:150} INFO - [2025-04-27T16:26:48.869+0000] {dagbag.py:541} INFO - Filling up the DagBag from /opt/airflow/dags/reporting.py
[2025-04-27T16:26:48.872+0000] {logging_mixin.py:150} INFO - [2025-04-27T16:26:48.872+0000] {dagbag.py:350} ERROR - Failed to import: /opt/airflow/dags/reporting.py
Traceback (most recent call last):
  File "/home/airflow/.local/lib/python3.7/site-packages/airflow/models/dagbag.py", line 346, in parse
    loader.exec_module(new_module)
  File "<frozen importlib._bootstrap_external>", line 728, in exec_module
  File "<frozen importlib._bootstrap>", line 219, in _call_with_frames_removed
  File "/opt/airflow/dags/reporting.py", line 6, in <module>
    import papermill as pm, os
ModuleNotFoundError: No module named 'papermill'
[2025-04-27T16:26:48.873+0000] {processor.py:838} WARNING - No viable dags retrieved from /opt/airflow/dags/reporting.py
[2025-04-27T16:26:48.889+0000] {processor.py:179} INFO - Processing /opt/airflow/dags/reporting.py took 0.023 seconds
[2025-04-27T16:27:19.505+0000] {processor.py:157} INFO - Started process (PID=913) to work on /opt/airflow/dags/reporting.py
[2025-04-27T16:27:19.506+0000] {processor.py:826} INFO - Processing file /opt/airflow/dags/reporting.py for tasks to queue
[2025-04-27T16:27:19.506+0000] {logging_mixin.py:150} INFO - [2025-04-27T16:27:19.506+0000] {dagbag.py:541} INFO - Filling up the DagBag from /opt/airflow/dags/reporting.py
[2025-04-27T16:27:19.509+0000] {logging_mixin.py:150} INFO - [2025-04-27T16:27:19.508+0000] {dagbag.py:350} ERROR - Failed to import: /opt/airflow/dags/reporting.py
Traceback (most recent call last):
  File "/home/airflow/.local/lib/python3.7/site-packages/airflow/models/dagbag.py", line 346, in parse
    loader.exec_module(new_module)
  File "<frozen importlib._bootstrap_external>", line 728, in exec_module
  File "<frozen importlib._bootstrap>", line 219, in _call_with_frames_removed
  File "/opt/airflow/dags/reporting.py", line 6, in <module>
    import papermill as pm, os
ModuleNotFoundError: No module named 'papermill'
[2025-04-27T16:27:19.509+0000] {processor.py:838} WARNING - No viable dags retrieved from /opt/airflow/dags/reporting.py
[2025-04-27T16:27:19.525+0000] {processor.py:179} INFO - Processing /opt/airflow/dags/reporting.py took 0.022 seconds
[2025-04-27T16:27:50.133+0000] {processor.py:157} INFO - Started process (PID=933) to work on /opt/airflow/dags/reporting.py
[2025-04-27T16:27:50.133+0000] {processor.py:826} INFO - Processing file /opt/airflow/dags/reporting.py for tasks to queue
[2025-04-27T16:27:50.134+0000] {logging_mixin.py:150} INFO - [2025-04-27T16:27:50.134+0000] {dagbag.py:541} INFO - Filling up the DagBag from /opt/airflow/dags/reporting.py
[2025-04-27T16:27:50.136+0000] {logging_mixin.py:150} INFO - [2025-04-27T16:27:50.136+0000] {dagbag.py:350} ERROR - Failed to import: /opt/airflow/dags/reporting.py
Traceback (most recent call last):
  File "/home/airflow/.local/lib/python3.7/site-packages/airflow/models/dagbag.py", line 346, in parse
    loader.exec_module(new_module)
  File "<frozen importlib._bootstrap_external>", line 728, in exec_module
  File "<frozen importlib._bootstrap>", line 219, in _call_with_frames_removed
  File "/opt/airflow/dags/reporting.py", line 6, in <module>
    import papermill as pm, os
ModuleNotFoundError: No module named 'papermill'
[2025-04-27T16:27:50.137+0000] {processor.py:838} WARNING - No viable dags retrieved from /opt/airflow/dags/reporting.py
[2025-04-27T16:27:50.153+0000] {processor.py:179} INFO - Processing /opt/airflow/dags/reporting.py took 0.022 seconds
[2025-04-27T16:28:20.800+0000] {processor.py:157} INFO - Started process (PID=953) to work on /opt/airflow/dags/reporting.py
[2025-04-27T16:28:20.801+0000] {processor.py:826} INFO - Processing file /opt/airflow/dags/reporting.py for tasks to queue
[2025-04-27T16:28:20.801+0000] {logging_mixin.py:150} INFO - [2025-04-27T16:28:20.801+0000] {dagbag.py:541} INFO - Filling up the DagBag from /opt/airflow/dags/reporting.py
[2025-04-27T16:28:20.803+0000] {logging_mixin.py:150} INFO - [2025-04-27T16:28:20.803+0000] {dagbag.py:350} ERROR - Failed to import: /opt/airflow/dags/reporting.py
Traceback (most recent call last):
  File "/home/airflow/.local/lib/python3.7/site-packages/airflow/models/dagbag.py", line 346, in parse
    loader.exec_module(new_module)
  File "<frozen importlib._bootstrap_external>", line 728, in exec_module
  File "<frozen importlib._bootstrap>", line 219, in _call_with_frames_removed
  File "/opt/airflow/dags/reporting.py", line 6, in <module>
    import papermill as pm, os
ModuleNotFoundError: No module named 'papermill'
[2025-04-27T16:28:20.804+0000] {processor.py:838} WARNING - No viable dags retrieved from /opt/airflow/dags/reporting.py
[2025-04-27T16:28:20.820+0000] {processor.py:179} INFO - Processing /opt/airflow/dags/reporting.py took 0.023 seconds
[2025-04-27T16:28:51.454+0000] {processor.py:157} INFO - Started process (PID=973) to work on /opt/airflow/dags/reporting.py
[2025-04-27T16:28:51.455+0000] {processor.py:826} INFO - Processing file /opt/airflow/dags/reporting.py for tasks to queue
[2025-04-27T16:28:51.455+0000] {logging_mixin.py:150} INFO - [2025-04-27T16:28:51.455+0000] {dagbag.py:541} INFO - Filling up the DagBag from /opt/airflow/dags/reporting.py
[2025-04-27T16:28:51.458+0000] {logging_mixin.py:150} INFO - [2025-04-27T16:28:51.458+0000] {dagbag.py:350} ERROR - Failed to import: /opt/airflow/dags/reporting.py
Traceback (most recent call last):
  File "/home/airflow/.local/lib/python3.7/site-packages/airflow/models/dagbag.py", line 346, in parse
    loader.exec_module(new_module)
  File "<frozen importlib._bootstrap_external>", line 728, in exec_module
  File "<frozen importlib._bootstrap>", line 219, in _call_with_frames_removed
  File "/opt/airflow/dags/reporting.py", line 6, in <module>
    import papermill as pm, os
ModuleNotFoundError: No module named 'papermill'
[2025-04-27T16:28:51.459+0000] {processor.py:838} WARNING - No viable dags retrieved from /opt/airflow/dags/reporting.py
[2025-04-27T16:28:51.475+0000] {processor.py:179} INFO - Processing /opt/airflow/dags/reporting.py took 0.023 seconds
[2025-04-27T16:29:21.645+0000] {processor.py:157} INFO - Started process (PID=993) to work on /opt/airflow/dags/reporting.py
[2025-04-27T16:29:21.646+0000] {processor.py:826} INFO - Processing file /opt/airflow/dags/reporting.py for tasks to queue
[2025-04-27T16:29:21.646+0000] {logging_mixin.py:150} INFO - [2025-04-27T16:29:21.646+0000] {dagbag.py:541} INFO - Filling up the DagBag from /opt/airflow/dags/reporting.py
[2025-04-27T16:29:21.649+0000] {logging_mixin.py:150} INFO - [2025-04-27T16:29:21.648+0000] {dagbag.py:350} ERROR - Failed to import: /opt/airflow/dags/reporting.py
Traceback (most recent call last):
  File "/home/airflow/.local/lib/python3.7/site-packages/airflow/models/dagbag.py", line 346, in parse
    loader.exec_module(new_module)
  File "<frozen importlib._bootstrap_external>", line 728, in exec_module
  File "<frozen importlib._bootstrap>", line 219, in _call_with_frames_removed
  File "/opt/airflow/dags/reporting.py", line 6, in <module>
    import papermill as pm, os
ModuleNotFoundError: No module named 'papermill'
[2025-04-27T16:29:21.649+0000] {processor.py:838} WARNING - No viable dags retrieved from /opt/airflow/dags/reporting.py
[2025-04-27T16:29:21.667+0000] {processor.py:179} INFO - Processing /opt/airflow/dags/reporting.py took 0.024 seconds
[2025-04-27T16:29:52.322+0000] {processor.py:157} INFO - Started process (PID=1013) to work on /opt/airflow/dags/reporting.py
[2025-04-27T16:29:52.323+0000] {processor.py:826} INFO - Processing file /opt/airflow/dags/reporting.py for tasks to queue
[2025-04-27T16:29:52.324+0000] {logging_mixin.py:150} INFO - [2025-04-27T16:29:52.323+0000] {dagbag.py:541} INFO - Filling up the DagBag from /opt/airflow/dags/reporting.py
[2025-04-27T16:29:52.327+0000] {logging_mixin.py:150} INFO - [2025-04-27T16:29:52.326+0000] {dagbag.py:350} ERROR - Failed to import: /opt/airflow/dags/reporting.py
Traceback (most recent call last):
  File "/home/airflow/.local/lib/python3.7/site-packages/airflow/models/dagbag.py", line 346, in parse
    loader.exec_module(new_module)
  File "<frozen importlib._bootstrap_external>", line 728, in exec_module
  File "<frozen importlib._bootstrap>", line 219, in _call_with_frames_removed
  File "/opt/airflow/dags/reporting.py", line 6, in <module>
    import papermill as pm, os
ModuleNotFoundError: No module named 'papermill'
[2025-04-27T16:29:52.327+0000] {processor.py:838} WARNING - No viable dags retrieved from /opt/airflow/dags/reporting.py
[2025-04-27T16:29:52.343+0000] {processor.py:179} INFO - Processing /opt/airflow/dags/reporting.py took 0.024 seconds
[2025-04-27T16:30:22.525+0000] {processor.py:157} INFO - Started process (PID=1033) to work on /opt/airflow/dags/reporting.py
[2025-04-27T16:30:22.526+0000] {processor.py:826} INFO - Processing file /opt/airflow/dags/reporting.py for tasks to queue
[2025-04-27T16:30:22.526+0000] {logging_mixin.py:150} INFO - [2025-04-27T16:30:22.526+0000] {dagbag.py:541} INFO - Filling up the DagBag from /opt/airflow/dags/reporting.py
[2025-04-27T16:30:22.530+0000] {logging_mixin.py:150} INFO - [2025-04-27T16:30:22.529+0000] {dagbag.py:350} ERROR - Failed to import: /opt/airflow/dags/reporting.py
Traceback (most recent call last):
  File "/home/airflow/.local/lib/python3.7/site-packages/airflow/models/dagbag.py", line 346, in parse
    loader.exec_module(new_module)
  File "<frozen importlib._bootstrap_external>", line 728, in exec_module
  File "<frozen importlib._bootstrap>", line 219, in _call_with_frames_removed
  File "/opt/airflow/dags/reporting.py", line 6, in <module>
    import papermill as pm, os
ModuleNotFoundError: No module named 'papermill'
[2025-04-27T16:30:22.530+0000] {processor.py:838} WARNING - No viable dags retrieved from /opt/airflow/dags/reporting.py
[2025-04-27T16:30:22.551+0000] {processor.py:179} INFO - Processing /opt/airflow/dags/reporting.py took 0.029 seconds
[2025-04-27T16:30:52.730+0000] {processor.py:157} INFO - Started process (PID=1053) to work on /opt/airflow/dags/reporting.py
[2025-04-27T16:30:52.730+0000] {processor.py:826} INFO - Processing file /opt/airflow/dags/reporting.py for tasks to queue
[2025-04-27T16:30:52.731+0000] {logging_mixin.py:150} INFO - [2025-04-27T16:30:52.731+0000] {dagbag.py:541} INFO - Filling up the DagBag from /opt/airflow/dags/reporting.py
[2025-04-27T16:30:52.733+0000] {logging_mixin.py:150} INFO - [2025-04-27T16:30:52.733+0000] {dagbag.py:350} ERROR - Failed to import: /opt/airflow/dags/reporting.py
Traceback (most recent call last):
  File "/home/airflow/.local/lib/python3.7/site-packages/airflow/models/dagbag.py", line 346, in parse
    loader.exec_module(new_module)
  File "<frozen importlib._bootstrap_external>", line 728, in exec_module
  File "<frozen importlib._bootstrap>", line 219, in _call_with_frames_removed
  File "/opt/airflow/dags/reporting.py", line 6, in <module>
    import papermill as pm, os
ModuleNotFoundError: No module named 'papermill'
[2025-04-27T16:30:52.733+0000] {processor.py:838} WARNING - No viable dags retrieved from /opt/airflow/dags/reporting.py
[2025-04-27T16:30:52.752+0000] {processor.py:179} INFO - Processing /opt/airflow/dags/reporting.py took 0.024 seconds
[2025-04-27T16:31:23.380+0000] {processor.py:157} INFO - Started process (PID=1073) to work on /opt/airflow/dags/reporting.py
[2025-04-27T16:31:23.380+0000] {processor.py:826} INFO - Processing file /opt/airflow/dags/reporting.py for tasks to queue
[2025-04-27T16:31:23.381+0000] {logging_mixin.py:150} INFO - [2025-04-27T16:31:23.381+0000] {dagbag.py:541} INFO - Filling up the DagBag from /opt/airflow/dags/reporting.py
[2025-04-27T16:31:23.383+0000] {logging_mixin.py:150} INFO - [2025-04-27T16:31:23.383+0000] {dagbag.py:350} ERROR - Failed to import: /opt/airflow/dags/reporting.py
Traceback (most recent call last):
  File "/home/airflow/.local/lib/python3.7/site-packages/airflow/models/dagbag.py", line 346, in parse
    loader.exec_module(new_module)
  File "<frozen importlib._bootstrap_external>", line 728, in exec_module
  File "<frozen importlib._bootstrap>", line 219, in _call_with_frames_removed
  File "/opt/airflow/dags/reporting.py", line 6, in <module>
    import papermill as pm, os
ModuleNotFoundError: No module named 'papermill'
[2025-04-27T16:31:23.384+0000] {processor.py:838} WARNING - No viable dags retrieved from /opt/airflow/dags/reporting.py
[2025-04-27T16:31:23.400+0000] {processor.py:179} INFO - Processing /opt/airflow/dags/reporting.py took 0.023 seconds
[2025-04-27T16:31:53.560+0000] {processor.py:157} INFO - Started process (PID=1093) to work on /opt/airflow/dags/reporting.py
[2025-04-27T16:31:53.560+0000] {processor.py:826} INFO - Processing file /opt/airflow/dags/reporting.py for tasks to queue
[2025-04-27T16:31:53.561+0000] {logging_mixin.py:150} INFO - [2025-04-27T16:31:53.560+0000] {dagbag.py:541} INFO - Filling up the DagBag from /opt/airflow/dags/reporting.py
[2025-04-27T16:31:53.563+0000] {logging_mixin.py:150} INFO - [2025-04-27T16:31:53.562+0000] {dagbag.py:350} ERROR - Failed to import: /opt/airflow/dags/reporting.py
Traceback (most recent call last):
  File "/home/airflow/.local/lib/python3.7/site-packages/airflow/models/dagbag.py", line 346, in parse
    loader.exec_module(new_module)
  File "<frozen importlib._bootstrap_external>", line 728, in exec_module
  File "<frozen importlib._bootstrap>", line 219, in _call_with_frames_removed
  File "/opt/airflow/dags/reporting.py", line 6, in <module>
    import papermill as pm, os
ModuleNotFoundError: No module named 'papermill'
[2025-04-27T16:31:53.563+0000] {processor.py:838} WARNING - No viable dags retrieved from /opt/airflow/dags/reporting.py
[2025-04-27T16:31:53.578+0000] {processor.py:179} INFO - Processing /opt/airflow/dags/reporting.py took 0.021 seconds
[2025-04-27T16:32:24.212+0000] {processor.py:157} INFO - Started process (PID=1113) to work on /opt/airflow/dags/reporting.py
[2025-04-27T16:32:24.213+0000] {processor.py:826} INFO - Processing file /opt/airflow/dags/reporting.py for tasks to queue
[2025-04-27T16:32:24.213+0000] {logging_mixin.py:150} INFO - [2025-04-27T16:32:24.213+0000] {dagbag.py:541} INFO - Filling up the DagBag from /opt/airflow/dags/reporting.py
[2025-04-27T16:32:24.215+0000] {logging_mixin.py:150} INFO - [2025-04-27T16:32:24.215+0000] {dagbag.py:350} ERROR - Failed to import: /opt/airflow/dags/reporting.py
Traceback (most recent call last):
  File "/home/airflow/.local/lib/python3.7/site-packages/airflow/models/dagbag.py", line 346, in parse
    loader.exec_module(new_module)
  File "<frozen importlib._bootstrap_external>", line 728, in exec_module
  File "<frozen importlib._bootstrap>", line 219, in _call_with_frames_removed
  File "/opt/airflow/dags/reporting.py", line 6, in <module>
    import papermill as pm, os
ModuleNotFoundError: No module named 'papermill'
[2025-04-27T16:32:24.215+0000] {processor.py:838} WARNING - No viable dags retrieved from /opt/airflow/dags/reporting.py
[2025-04-27T16:32:24.231+0000] {processor.py:179} INFO - Processing /opt/airflow/dags/reporting.py took 0.021 seconds
[2025-04-27T16:32:33.285+0000] {processor.py:157} INFO - Started process (PID=1114) to work on /opt/airflow/dags/reporting.py
[2025-04-27T16:32:33.285+0000] {processor.py:826} INFO - Processing file /opt/airflow/dags/reporting.py for tasks to queue
[2025-04-27T16:32:33.286+0000] {logging_mixin.py:150} INFO - [2025-04-27T16:32:33.286+0000] {dagbag.py:541} INFO - Filling up the DagBag from /opt/airflow/dags/reporting.py
[2025-04-27T16:32:33.295+0000] {processor.py:836} INFO - DAG(s) dict_keys(['superset_sync']) retrieved from /opt/airflow/dags/reporting.py
[2025-04-27T16:32:33.463+0000] {logging_mixin.py:150} INFO - [2025-04-27T16:32:33.463+0000] {manager.py:504} INFO - Created Permission View: can read on DAG:superset_sync
[2025-04-27T16:32:33.471+0000] {logging_mixin.py:150} INFO - [2025-04-27T16:32:33.471+0000] {manager.py:504} INFO - Created Permission View: can delete on DAG:superset_sync
[2025-04-27T16:32:33.476+0000] {logging_mixin.py:150} INFO - [2025-04-27T16:32:33.476+0000] {manager.py:504} INFO - Created Permission View: can edit on DAG:superset_sync
[2025-04-27T16:32:33.489+0000] {logging_mixin.py:150} INFO - [2025-04-27T16:32:33.489+0000] {dag.py:2742} INFO - Sync 1 DAGs
[2025-04-27T16:32:33.502+0000] {logging_mixin.py:150} INFO - [2025-04-27T16:32:33.502+0000] {dag.py:2763} INFO - Creating ORM DAG for superset_sync
[2025-04-27T16:32:33.512+0000] {logging_mixin.py:150} INFO - [2025-04-27T16:32:33.512+0000] {dag.py:3508} INFO - Setting next_dagrun for superset_sync to None, run_after=None
[2025-04-27T16:32:33.526+0000] {processor.py:179} INFO - Processing /opt/airflow/dags/reporting.py took 0.244 seconds
