[2025-04-23T22:37:23.359+0000] {taskinstance.py:1103} INFO - Dependencies all met for dep_context=non-requeueable deps ti=<TaskInstance: transform.detect_suspicious manual__2025-04-23T22:37:13.997347+00:00 [queued]>
[2025-04-23T22:37:23.365+0000] {taskinstance.py:1103} INFO - Dependencies all met for dep_context=requeueable deps ti=<TaskInstance: transform.detect_suspicious manual__2025-04-23T22:37:13.997347+00:00 [queued]>
[2025-04-23T22:37:23.366+0000] {taskinstance.py:1308} INFO - Starting attempt 1 of 2
[2025-04-23T22:37:23.378+0000] {taskinstance.py:1327} INFO - Executing <Task(SparkSubmitOperator): detect_suspicious> on 2025-04-23 22:37:13.997347+00:00
[2025-04-23T22:37:23.381+0000] {standard_task_runner.py:57} INFO - Started process 211 to run task
[2025-04-23T22:37:23.383+0000] {standard_task_runner.py:84} INFO - Running: ['airflow', 'tasks', 'run', 'transform', 'detect_suspicious', 'manual__2025-04-23T22:37:13.997347+00:00', '--job-id', '26', '--raw', '--subdir', 'DAGS_FOLDER/transform.py', '--cfg-path', '/tmp/tmp2o1htznz']
[2025-04-23T22:37:23.384+0000] {standard_task_runner.py:85} INFO - Job 26: Subtask detect_suspicious
[2025-04-23T22:37:23.426+0000] {task_command.py:410} INFO - Running <TaskInstance: transform.detect_suspicious manual__2025-04-23T22:37:13.997347+00:00 [running]> on host bd6bcd964408
[2025-04-23T22:37:23.582+0000] {taskinstance.py:1547} INFO - Exporting env vars: AIRFLOW_CTX_DAG_OWNER='finbest' AIRFLOW_CTX_DAG_ID='transform' AIRFLOW_CTX_TASK_ID='detect_suspicious' AIRFLOW_CTX_EXECUTION_DATE='2025-04-23T22:37:13.997347+00:00' AIRFLOW_CTX_TRY_NUMBER='1' AIRFLOW_CTX_DAG_RUN_ID='manual__2025-04-23T22:37:13.997347+00:00'
[2025-04-23T22:37:23.591+0000] {base.py:73} INFO - Using connection ID 'spark_default' for task execution.
[2025-04-23T22:37:23.591+0000] {spark_submit.py:339} INFO - Spark-Submit cmd: spark-submit --master spark://spark-master:7077 --executor-cores 2 --executor-memory 2g --driver-memory 1g --name arrow-spark /opt/spark/detect_suspicious.py --jdbc jdbc:postgresql://postgres:5432/finbest --clickhouse-url jdbc:clickhouse://clickhouse:8123/finbest
[2025-04-23T22:37:26.122+0000] {spark_submit.py:490} INFO - 25/04/23 22:37:26 INFO SparkContext: Running Spark version 3.3.0
[2025-04-23T22:37:26.191+0000] {spark_submit.py:490} INFO - 25/04/23 22:37:26 WARN NativeCodeLoader: Unable to load native-hadoop library for your platform... using builtin-java classes where applicable
[2025-04-23T22:37:26.274+0000] {spark_submit.py:490} INFO - 25/04/23 22:37:26 INFO ResourceUtils: ==============================================================
[2025-04-23T22:37:26.275+0000] {spark_submit.py:490} INFO - 25/04/23 22:37:26 INFO ResourceUtils: No custom resources configured for spark.driver.
[2025-04-23T22:37:26.275+0000] {spark_submit.py:490} INFO - 25/04/23 22:37:26 INFO ResourceUtils: ==============================================================
[2025-04-23T22:37:26.275+0000] {spark_submit.py:490} INFO - 25/04/23 22:37:26 INFO SparkContext: Submitted application: FinBestDetect
[2025-04-23T22:37:26.296+0000] {spark_submit.py:490} INFO - 25/04/23 22:37:26 INFO ResourceProfile: Default ResourceProfile created, executor resources: Map(cores -> name: cores, amount: 2, script: , vendor: , memory -> name: memory, amount: 2048, script: , vendor: , offHeap -> name: offHeap, amount: 0, script: , vendor: ), task resources: Map(cpus -> name: cpus, amount: 1.0)
[2025-04-23T22:37:26.307+0000] {spark_submit.py:490} INFO - 25/04/23 22:37:26 INFO ResourceProfile: Limiting resource is cpus at 2 tasks per executor
[2025-04-23T22:37:26.309+0000] {spark_submit.py:490} INFO - 25/04/23 22:37:26 INFO ResourceProfileManager: Added ResourceProfile id: 0
[2025-04-23T22:37:26.356+0000] {spark_submit.py:490} INFO - 25/04/23 22:37:26 INFO SecurityManager: Changing view acls to: airflow
[2025-04-23T22:37:26.356+0000] {spark_submit.py:490} INFO - 25/04/23 22:37:26 INFO SecurityManager: Changing modify acls to: airflow
[2025-04-23T22:37:26.357+0000] {spark_submit.py:490} INFO - 25/04/23 22:37:26 INFO SecurityManager: Changing view acls groups to:
[2025-04-23T22:37:26.357+0000] {spark_submit.py:490} INFO - 25/04/23 22:37:26 INFO SecurityManager: Changing modify acls groups to:
[2025-04-23T22:37:26.357+0000] {spark_submit.py:490} INFO - 25/04/23 22:37:26 INFO SecurityManager: SecurityManager: authentication disabled; ui acls disabled; users  with view permissions: Set(airflow); groups with view permissions: Set(); users  with modify permissions: Set(airflow); groups with modify permissions: Set()
[2025-04-23T22:37:26.627+0000] {spark_submit.py:490} INFO - 25/04/23 22:37:26 INFO Utils: Successfully started service 'sparkDriver' on port 35033.
[2025-04-23T22:37:26.667+0000] {spark_submit.py:490} INFO - 25/04/23 22:37:26 INFO SparkEnv: Registering MapOutputTracker
[2025-04-23T22:37:26.708+0000] {spark_submit.py:490} INFO - 25/04/23 22:37:26 INFO SparkEnv: Registering BlockManagerMaster
[2025-04-23T22:37:26.726+0000] {spark_submit.py:490} INFO - 25/04/23 22:37:26 INFO BlockManagerMasterEndpoint: Using org.apache.spark.storage.DefaultTopologyMapper for getting topology information
[2025-04-23T22:37:26.727+0000] {spark_submit.py:490} INFO - 25/04/23 22:37:26 INFO BlockManagerMasterEndpoint: BlockManagerMasterEndpoint up
[2025-04-23T22:37:26.730+0000] {spark_submit.py:490} INFO - 25/04/23 22:37:26 INFO SparkEnv: Registering BlockManagerMasterHeartbeat
[2025-04-23T22:37:26.756+0000] {spark_submit.py:490} INFO - 25/04/23 22:37:26 INFO DiskBlockManager: Created local directory at /tmp/blockmgr-575fe872-63a9-4385-bb87-975877672441
[2025-04-23T22:37:26.776+0000] {spark_submit.py:490} INFO - 25/04/23 22:37:26 INFO MemoryStore: MemoryStore started with capacity 434.4 MiB
[2025-04-23T22:37:26.792+0000] {spark_submit.py:490} INFO - 25/04/23 22:37:26 INFO SparkEnv: Registering OutputCommitCoordinator
[2025-04-23T22:37:26.979+0000] {spark_submit.py:490} INFO - 25/04/23 22:37:26 INFO Utils: Successfully started service 'SparkUI' on port 4040.
[2025-04-23T22:37:27.090+0000] {spark_submit.py:490} INFO - 25/04/23 22:37:27 INFO StandaloneAppClient$ClientEndpoint: Connecting to master spark://spark-master:7077...
[2025-04-23T22:37:27.126+0000] {spark_submit.py:490} INFO - 25/04/23 22:37:27 INFO TransportClientFactory: Successfully created connection to spark-master/172.18.0.2:7077 after 20 ms (0 ms spent in bootstraps)
[2025-04-23T22:37:27.234+0000] {spark_submit.py:490} INFO - 25/04/23 22:37:27 INFO StandaloneSchedulerBackend: Connected to Spark cluster with app ID app-20250423223727-0000
[2025-04-23T22:37:27.240+0000] {spark_submit.py:490} INFO - 25/04/23 22:37:27 INFO Utils: Successfully started service 'org.apache.spark.network.netty.NettyBlockTransferService' on port 46883.
[2025-04-23T22:37:27.241+0000] {spark_submit.py:490} INFO - 25/04/23 22:37:27 INFO NettyBlockTransferService: Server created on bd6bcd964408:46883
[2025-04-23T22:37:27.243+0000] {spark_submit.py:490} INFO - 25/04/23 22:37:27 INFO BlockManager: Using org.apache.spark.storage.RandomBlockReplicationPolicy for block replication policy
[2025-04-23T22:37:27.249+0000] {spark_submit.py:490} INFO - 25/04/23 22:37:27 INFO BlockManagerMaster: Registering BlockManager BlockManagerId(driver, bd6bcd964408, 46883, None)
[2025-04-23T22:37:27.253+0000] {spark_submit.py:490} INFO - 25/04/23 22:37:27 INFO BlockManagerMasterEndpoint: Registering block manager bd6bcd964408:46883 with 434.4 MiB RAM, BlockManagerId(driver, bd6bcd964408, 46883, None)
[2025-04-23T22:37:27.255+0000] {spark_submit.py:490} INFO - 25/04/23 22:37:27 INFO BlockManagerMaster: Registered BlockManager BlockManagerId(driver, bd6bcd964408, 46883, None)
[2025-04-23T22:37:27.256+0000] {spark_submit.py:490} INFO - 25/04/23 22:37:27 INFO BlockManager: Initialized BlockManager: BlockManagerId(driver, bd6bcd964408, 46883, None)
[2025-04-23T22:37:27.409+0000] {spark_submit.py:490} INFO - 25/04/23 22:37:27 INFO StandaloneSchedulerBackend: SchedulerBackend is ready for scheduling beginning after reached minRegisteredResourcesRatio: 0.0
[2025-04-23T22:37:27.604+0000] {spark_submit.py:490} INFO - 25/04/23 22:37:27 INFO SharedState: Setting hive.metastore.warehouse.dir ('null') to the value of spark.sql.warehouse.dir.
[2025-04-23T22:37:27.611+0000] {spark_submit.py:490} INFO - 25/04/23 22:37:27 INFO SharedState: Warehouse path is 'file:/opt/airflow/spark-warehouse'.
[2025-04-23T22:37:28.398+0000] {spark_submit.py:490} INFO - Traceback (most recent call last):
[2025-04-23T22:37:28.398+0000] {spark_submit.py:490} INFO - File "/opt/spark/detect_suspicious.py", line 16, in <module>
[2025-04-23T22:37:28.398+0000] {spark_submit.py:490} INFO - .option("user","finbest").option("password","***") \
[2025-04-23T22:37:28.399+0000] {spark_submit.py:490} INFO - File "/home/airflow/.local/lib/python3.7/site-packages/pyspark/python/lib/pyspark.zip/pyspark/sql/readwriter.py", line 184, in load
[2025-04-23T22:37:28.399+0000] {spark_submit.py:490} INFO - File "/home/airflow/.local/lib/python3.7/site-packages/pyspark/python/lib/py4j-0.10.9.5-src.zip/py4j/java_gateway.py", line 1322, in __call__
[2025-04-23T22:37:28.399+0000] {spark_submit.py:490} INFO - File "/home/airflow/.local/lib/python3.7/site-packages/pyspark/python/lib/pyspark.zip/pyspark/sql/utils.py", line 190, in deco
[2025-04-23T22:37:28.400+0000] {spark_submit.py:490} INFO - File "/home/airflow/.local/lib/python3.7/site-packages/pyspark/python/lib/py4j-0.10.9.5-src.zip/py4j/protocol.py", line 328, in get_return_value
[2025-04-23T22:37:28.400+0000] {spark_submit.py:490} INFO - py4j.protocol.Py4JJavaError: An error occurred while calling o32.load.
[2025-04-23T22:37:28.400+0000] {spark_submit.py:490} INFO - : java.sql.SQLException: No suitable driver
[2025-04-23T22:37:28.401+0000] {spark_submit.py:490} INFO - at java.sql/java.sql.DriverManager.getDriver(DriverManager.java:298)
[2025-04-23T22:37:28.401+0000] {spark_submit.py:490} INFO - at org.apache.spark.sql.execution.datasources.jdbc.JDBCOptions.$anonfun$driverClass$2(JDBCOptions.scala:107)
[2025-04-23T22:37:28.401+0000] {spark_submit.py:490} INFO - at scala.Option.getOrElse(Option.scala:189)
[2025-04-23T22:37:28.401+0000] {spark_submit.py:490} INFO - at org.apache.spark.sql.execution.datasources.jdbc.JDBCOptions.<init>(JDBCOptions.scala:107)
[2025-04-23T22:37:28.401+0000] {spark_submit.py:490} INFO - at org.apache.spark.sql.execution.datasources.jdbc.JDBCOptions.<init>(JDBCOptions.scala:39)
[2025-04-23T22:37:28.401+0000] {spark_submit.py:490} INFO - at org.apache.spark.sql.execution.datasources.jdbc.JdbcRelationProvider.createRelation(JdbcRelationProvider.scala:34)
[2025-04-23T22:37:28.401+0000] {spark_submit.py:490} INFO - at org.apache.spark.sql.execution.datasources.DataSource.resolveRelation(DataSource.scala:350)
[2025-04-23T22:37:28.401+0000] {spark_submit.py:490} INFO - at org.apache.spark.sql.DataFrameReader.loadV1Source(DataFrameReader.scala:228)
[2025-04-23T22:37:28.401+0000] {spark_submit.py:490} INFO - at org.apache.spark.sql.DataFrameReader.$anonfun$load$2(DataFrameReader.scala:210)
[2025-04-23T22:37:28.401+0000] {spark_submit.py:490} INFO - at scala.Option.getOrElse(Option.scala:189)
[2025-04-23T22:37:28.401+0000] {spark_submit.py:490} INFO - at org.apache.spark.sql.DataFrameReader.load(DataFrameReader.scala:210)
[2025-04-23T22:37:28.401+0000] {spark_submit.py:490} INFO - at org.apache.spark.sql.DataFrameReader.load(DataFrameReader.scala:171)
[2025-04-23T22:37:28.401+0000] {spark_submit.py:490} INFO - at java.base/jdk.internal.reflect.NativeMethodAccessorImpl.invoke0(Native Method)
[2025-04-23T22:37:28.401+0000] {spark_submit.py:490} INFO - at java.base/jdk.internal.reflect.NativeMethodAccessorImpl.invoke(NativeMethodAccessorImpl.java:62)
[2025-04-23T22:37:28.402+0000] {spark_submit.py:490} INFO - at java.base/jdk.internal.reflect.DelegatingMethodAccessorImpl.invoke(DelegatingMethodAccessorImpl.java:43)
[2025-04-23T22:37:28.402+0000] {spark_submit.py:490} INFO - at java.base/java.lang.reflect.Method.invoke(Method.java:566)
[2025-04-23T22:37:28.402+0000] {spark_submit.py:490} INFO - at py4j.reflection.MethodInvoker.invoke(MethodInvoker.java:244)
[2025-04-23T22:37:28.402+0000] {spark_submit.py:490} INFO - at py4j.reflection.ReflectionEngine.invoke(ReflectionEngine.java:357)
[2025-04-23T22:37:28.402+0000] {spark_submit.py:490} INFO - at py4j.Gateway.invoke(Gateway.java:282)
[2025-04-23T22:37:28.402+0000] {spark_submit.py:490} INFO - at py4j.commands.AbstractCommand.invokeMethod(AbstractCommand.java:132)
[2025-04-23T22:37:28.402+0000] {spark_submit.py:490} INFO - at py4j.commands.CallCommand.execute(CallCommand.java:79)
[2025-04-23T22:37:28.402+0000] {spark_submit.py:490} INFO - at py4j.ClientServerConnection.waitForCommands(ClientServerConnection.java:182)
[2025-04-23T22:37:28.402+0000] {spark_submit.py:490} INFO - at py4j.ClientServerConnection.run(ClientServerConnection.java:106)
[2025-04-23T22:37:28.402+0000] {spark_submit.py:490} INFO - at java.base/java.lang.Thread.run(Thread.java:829)
[2025-04-23T22:37:28.402+0000] {spark_submit.py:490} INFO - 
[2025-04-23T22:37:28.449+0000] {spark_submit.py:490} INFO - 25/04/23 22:37:28 INFO SparkContext: Invoking stop() from shutdown hook
[2025-04-23T22:37:28.458+0000] {spark_submit.py:490} INFO - 25/04/23 22:37:28 INFO SparkUI: Stopped Spark web UI at http://bd6bcd964408:4040
[2025-04-23T22:37:28.461+0000] {spark_submit.py:490} INFO - 25/04/23 22:37:28 INFO StandaloneSchedulerBackend: Shutting down all executors
[2025-04-23T22:37:28.464+0000] {spark_submit.py:490} INFO - 25/04/23 22:37:28 INFO CoarseGrainedSchedulerBackend$DriverEndpoint: Asking each executor to shut down
[2025-04-23T22:37:28.479+0000] {spark_submit.py:490} INFO - 25/04/23 22:37:28 INFO MapOutputTrackerMasterEndpoint: MapOutputTrackerMasterEndpoint stopped!
[2025-04-23T22:37:28.490+0000] {spark_submit.py:490} INFO - 25/04/23 22:37:28 INFO MemoryStore: MemoryStore cleared
[2025-04-23T22:37:28.490+0000] {spark_submit.py:490} INFO - 25/04/23 22:37:28 INFO BlockManager: BlockManager stopped
[2025-04-23T22:37:28.495+0000] {spark_submit.py:490} INFO - 25/04/23 22:37:28 INFO BlockManagerMaster: BlockManagerMaster stopped
[2025-04-23T22:37:28.497+0000] {spark_submit.py:490} INFO - 25/04/23 22:37:28 INFO OutputCommitCoordinator$OutputCommitCoordinatorEndpoint: OutputCommitCoordinator stopped!
[2025-04-23T22:37:28.503+0000] {spark_submit.py:490} INFO - 25/04/23 22:37:28 INFO SparkContext: Successfully stopped SparkContext
[2025-04-23T22:37:28.504+0000] {spark_submit.py:490} INFO - 25/04/23 22:37:28 INFO ShutdownHookManager: Shutdown hook called
[2025-04-23T22:37:28.504+0000] {spark_submit.py:490} INFO - 25/04/23 22:37:28 INFO ShutdownHookManager: Deleting directory /tmp/spark-b1cfd145-13da-4237-bf1c-8b7736f6bdca/pyspark-9217b48b-4d62-470f-8510-641393849a7c
[2025-04-23T22:37:28.506+0000] {spark_submit.py:490} INFO - 25/04/23 22:37:28 INFO ShutdownHookManager: Deleting directory /tmp/spark-d1628227-fe8b-4e42-8ce1-7993cb16e6dd
[2025-04-23T22:37:28.508+0000] {spark_submit.py:490} INFO - 25/04/23 22:37:28 INFO ShutdownHookManager: Deleting directory /tmp/spark-b1cfd145-13da-4237-bf1c-8b7736f6bdca
[2025-04-23T22:37:28.547+0000] {taskinstance.py:1824} ERROR - Task failed with exception
Traceback (most recent call last):
  File "/home/airflow/.local/lib/python3.7/site-packages/airflow/providers/apache/spark/operators/spark_submit.py", line 157, in execute
    self._hook.submit(self._application)
  File "/home/airflow/.local/lib/python3.7/site-packages/airflow/providers/apache/spark/hooks/spark_submit.py", line 422, in submit
    f"Cannot execute: {self._mask_cmd(spark_submit_cmd)}. Error code is: {returncode}."
airflow.exceptions.AirflowException: Cannot execute: spark-submit --master spark://spark-master:7077 --executor-cores 2 --executor-memory 2g --driver-memory 1g --name arrow-spark /opt/spark/detect_suspicious.py --jdbc jdbc:postgresql://postgres:5432/finbest --clickhouse-url jdbc:clickhouse://clickhouse:8123/finbest. Error code is: 1.
[2025-04-23T22:37:28.553+0000] {taskinstance.py:1350} INFO - Marking task as UP_FOR_RETRY. dag_id=transform, task_id=detect_suspicious, execution_date=20250423T223713, start_date=20250423T223723, end_date=20250423T223728
[2025-04-23T22:37:28.561+0000] {standard_task_runner.py:109} ERROR - Failed to execute job 26 for task detect_suspicious (Cannot execute: spark-submit --master spark://spark-master:7077 --executor-cores 2 --executor-memory 2g --driver-memory 1g --name arrow-spark /opt/spark/detect_suspicious.py --jdbc jdbc:postgresql://postgres:5432/finbest --clickhouse-url jdbc:clickhouse://clickhouse:8123/finbest. Error code is: 1.; 211)
[2025-04-23T22:37:28.575+0000] {local_task_job_runner.py:225} INFO - Task exited with return code 1
[2025-04-23T22:37:28.664+0000] {taskinstance.py:2653} INFO - 0 downstream tasks scheduled from follow-on schedule check
