[2025-05-04T19:58:22.035+0000] {taskinstance.py:1103} INFO - Dependencies all met for dep_context=non-requeueable deps ti=<TaskInstance: mask_pii.mask manual__2025-05-04T19:58:19.166371+00:00 [queued]>
[2025-05-04T19:58:22.041+0000] {taskinstance.py:1103} INFO - Dependencies all met for dep_context=requeueable deps ti=<TaskInstance: mask_pii.mask manual__2025-05-04T19:58:19.166371+00:00 [queued]>
[2025-05-04T19:58:22.042+0000] {taskinstance.py:1308} INFO - Starting attempt 1 of 1
[2025-05-04T19:58:22.051+0000] {taskinstance.py:1327} INFO - Executing <Task(PythonOperator): mask> on 2025-05-04 19:58:19.166371+00:00
[2025-05-04T19:58:22.056+0000] {standard_task_runner.py:57} INFO - Started process 5113 to run task
[2025-05-04T19:58:22.058+0000] {standard_task_runner.py:84} INFO - Running: ['airflow', 'tasks', 'run', 'mask_pii', 'mask', 'manual__2025-05-04T19:58:19.166371+00:00', '--job-id', '144', '--raw', '--subdir', 'DAGS_FOLDER/mask_pii.py', '--cfg-path', '/tmp/tmpeb_y9u_2']
[2025-05-04T19:58:22.059+0000] {standard_task_runner.py:85} INFO - Job 144: Subtask mask
[2025-05-04T19:58:22.070+0000] {logging_mixin.py:150} WARNING - /home/airflow/.local/lib/python3.7/site-packages/airflow/settings.py:195 DeprecationWarning: The sql_alchemy_conn option in [core] has been moved to the sql_alchemy_conn option in [database] - the old setting has been used, but please update your config.
[2025-05-04T19:58:22.095+0000] {task_command.py:410} INFO - Running <TaskInstance: mask_pii.mask manual__2025-05-04T19:58:19.166371+00:00 [running]> on host 773728ee9afd
[2025-05-04T19:58:22.163+0000] {taskinstance.py:1547} INFO - Exporting env vars: AIRFLOW_CTX_DAG_OWNER='airflow' AIRFLOW_CTX_DAG_ID='mask_pii' AIRFLOW_CTX_TASK_ID='mask' AIRFLOW_CTX_EXECUTION_DATE='2025-05-04T19:58:19.166371+00:00' AIRFLOW_CTX_TRY_NUMBER='1' AIRFLOW_CTX_DAG_RUN_ID='manual__2025-05-04T19:58:19.166371+00:00'
[2025-05-04T19:58:22.164+0000] {crypto.py:83} WARNING - empty cryptography key - values will not be stored encrypted.
[2025-05-04T19:58:22.164+0000] {base.py:73} INFO - Using connection ID 'postgres_default' for task execution.
[2025-05-04T19:58:22.177+0000] {logging_mixin.py:150} INFO - Загружено 1200 клиентов для маскирования
[2025-05-04T19:58:22.321+0000] {logging_mixin.py:150} INFO - Маскированные данные клиентов сохранены в raw.masked_clients
[2025-05-04T19:58:22.345+0000] {logging_mixin.py:150} INFO - Загружено 4652 транзакций для маскирования
[2025-05-04T19:58:22.605+0000] {logging_mixin.py:150} INFO - Маскированные данные транзакций сохранены в raw.masked_transactions
[2025-05-04T19:58:22.606+0000] {python.py:183} INFO - Done. Returned value was: None
[2025-05-04T19:58:22.615+0000] {taskinstance.py:1350} INFO - Marking task as SUCCESS. dag_id=mask_pii, task_id=mask, execution_date=20250504T195819, start_date=20250504T195822, end_date=20250504T195822
[2025-05-04T19:58:22.631+0000] {local_task_job_runner.py:225} INFO - Task exited with return code 0
[2025-05-04T19:58:22.644+0000] {taskinstance.py:2653} INFO - 0 downstream tasks scheduled from follow-on schedule check
