[2025-04-27T05:31:37.256+0000] {taskinstance.py:1103} INFO - Dependencies all met for dep_context=non-requeueable deps ti=<TaskInstance: transform.detect_suspicious manual__2025-04-27T05:30:21.722037+00:00 [queued]>
[2025-04-27T05:31:37.262+0000] {taskinstance.py:1103} INFO - Dependencies all met for dep_context=requeueable deps ti=<TaskInstance: transform.detect_suspicious manual__2025-04-27T05:30:21.722037+00:00 [queued]>
[2025-04-27T05:31:37.262+0000] {taskinstance.py:1308} INFO - Starting attempt 2 of 2
[2025-04-27T05:31:37.272+0000] {taskinstance.py:1327} INFO - Executing <Task(SparkSubmitOperator): detect_suspicious> on 2025-04-27 05:30:21.722037+00:00
[2025-04-27T05:31:37.275+0000] {standard_task_runner.py:57} INFO - Started process 440 to run task
[2025-04-27T05:31:37.277+0000] {standard_task_runner.py:84} INFO - Running: ['airflow', 'tasks', 'run', 'transform', 'detect_suspicious', 'manual__2025-04-27T05:30:21.722037+00:00', '--job-id', '11', '--raw', '--subdir', 'DAGS_FOLDER/transform.py', '--cfg-path', '/tmp/tmpijiwjnx9']
[2025-04-27T05:31:37.278+0000] {standard_task_runner.py:85} INFO - Job 11: Subtask detect_suspicious
[2025-04-27T05:31:37.315+0000] {task_command.py:410} INFO - Running <TaskInstance: transform.detect_suspicious manual__2025-04-27T05:30:21.722037+00:00 [running]> on host c82426b22b9f
[2025-04-27T05:31:37.445+0000] {taskinstance.py:1547} INFO - Exporting env vars: AIRFLOW_CTX_DAG_OWNER='finbest' AIRFLOW_CTX_DAG_ID='transform' AIRFLOW_CTX_TASK_ID='detect_suspicious' AIRFLOW_CTX_EXECUTION_DATE='2025-04-27T05:30:21.722037+00:00' AIRFLOW_CTX_TRY_NUMBER='2' AIRFLOW_CTX_DAG_RUN_ID='manual__2025-04-27T05:30:21.722037+00:00'
[2025-04-27T05:31:37.453+0000] {base.py:73} INFO - Using connection ID 'spark_default' for task execution.
[2025-04-27T05:31:37.454+0000] {spark_submit.py:339} INFO - Spark-Submit cmd: spark-submit --master spark://spark-master:7077 --executor-cores 2 --executor-memory 2g --driver-memory 1g --name arrow-spark /opt/airflow/spark/detect_suspicious.py --jdbc jdbc:postgresql://postgres:5432/finbest --clickhouse-url jdbc:clickhouse://clickhouse:8123/finbest
[2025-04-27T05:31:39.281+0000] {spark_submit.py:490} INFO - 25/04/27 05:31:39 INFO SparkContext: Running Spark version 3.3.0
[2025-04-27T05:31:39.347+0000] {spark_submit.py:490} INFO - 25/04/27 05:31:39 WARN NativeCodeLoader: Unable to load native-hadoop library for your platform... using builtin-java classes where applicable
[2025-04-27T05:31:39.420+0000] {spark_submit.py:490} INFO - 25/04/27 05:31:39 INFO ResourceUtils: ==============================================================
[2025-04-27T05:31:39.420+0000] {spark_submit.py:490} INFO - 25/04/27 05:31:39 INFO ResourceUtils: No custom resources configured for spark.driver.
[2025-04-27T05:31:39.420+0000] {spark_submit.py:490} INFO - 25/04/27 05:31:39 INFO ResourceUtils: ==============================================================
[2025-04-27T05:31:39.421+0000] {spark_submit.py:490} INFO - 25/04/27 05:31:39 INFO SparkContext: Submitted application: FinBestDetect
[2025-04-27T05:31:39.437+0000] {spark_submit.py:490} INFO - 25/04/27 05:31:39 INFO ResourceProfile: Default ResourceProfile created, executor resources: Map(cores -> name: cores, amount: 2, script: , vendor: , memory -> name: memory, amount: 2048, script: , vendor: , offHeap -> name: offHeap, amount: 0, script: , vendor: ), task resources: Map(cpus -> name: cpus, amount: 1.0)
[2025-04-27T05:31:39.446+0000] {spark_submit.py:490} INFO - 25/04/27 05:31:39 INFO ResourceProfile: Limiting resource is cpus at 2 tasks per executor
[2025-04-27T05:31:39.447+0000] {spark_submit.py:490} INFO - 25/04/27 05:31:39 INFO ResourceProfileManager: Added ResourceProfile id: 0
[2025-04-27T05:31:39.485+0000] {spark_submit.py:490} INFO - 25/04/27 05:31:39 INFO SecurityManager: Changing view acls to: airflow
[2025-04-27T05:31:39.486+0000] {spark_submit.py:490} INFO - 25/04/27 05:31:39 INFO SecurityManager: Changing modify acls to: airflow
[2025-04-27T05:31:39.486+0000] {spark_submit.py:490} INFO - 25/04/27 05:31:39 INFO SecurityManager: Changing view acls groups to:
[2025-04-27T05:31:39.486+0000] {spark_submit.py:490} INFO - 25/04/27 05:31:39 INFO SecurityManager: Changing modify acls groups to:
[2025-04-27T05:31:39.486+0000] {spark_submit.py:490} INFO - 25/04/27 05:31:39 INFO SecurityManager: SecurityManager: authentication disabled; ui acls disabled; users  with view permissions: Set(airflow); groups with view permissions: Set(); users  with modify permissions: Set(airflow); groups with modify permissions: Set()
[2025-04-27T05:31:39.696+0000] {spark_submit.py:490} INFO - 25/04/27 05:31:39 INFO Utils: Successfully started service 'sparkDriver' on port 46491.
[2025-04-27T05:31:39.723+0000] {spark_submit.py:490} INFO - 25/04/27 05:31:39 INFO SparkEnv: Registering MapOutputTracker
[2025-04-27T05:31:39.748+0000] {spark_submit.py:490} INFO - 25/04/27 05:31:39 INFO SparkEnv: Registering BlockManagerMaster
[2025-04-27T05:31:39.762+0000] {spark_submit.py:490} INFO - 25/04/27 05:31:39 INFO BlockManagerMasterEndpoint: Using org.apache.spark.storage.DefaultTopologyMapper for getting topology information
[2025-04-27T05:31:39.762+0000] {spark_submit.py:490} INFO - 25/04/27 05:31:39 INFO BlockManagerMasterEndpoint: BlockManagerMasterEndpoint up
[2025-04-27T05:31:39.765+0000] {spark_submit.py:490} INFO - 25/04/27 05:31:39 INFO SparkEnv: Registering BlockManagerMasterHeartbeat
[2025-04-27T05:31:39.780+0000] {spark_submit.py:490} INFO - 25/04/27 05:31:39 INFO DiskBlockManager: Created local directory at /tmp/blockmgr-d9d44091-eb69-4c26-9316-08ba6660ed83
[2025-04-27T05:31:39.793+0000] {spark_submit.py:490} INFO - 25/04/27 05:31:39 INFO MemoryStore: MemoryStore started with capacity 434.4 MiB
[2025-04-27T05:31:39.805+0000] {spark_submit.py:490} INFO - 25/04/27 05:31:39 INFO SparkEnv: Registering OutputCommitCoordinator
[2025-04-27T05:31:39.942+0000] {spark_submit.py:490} INFO - 25/04/27 05:31:39 INFO Utils: Successfully started service 'SparkUI' on port 4040.
[2025-04-27T05:31:40.022+0000] {spark_submit.py:490} INFO - 25/04/27 05:31:40 INFO StandaloneAppClient$ClientEndpoint: Connecting to master spark://spark-master:7077...
[2025-04-27T05:31:40.052+0000] {spark_submit.py:490} INFO - 25/04/27 05:31:40 INFO TransportClientFactory: Successfully created connection to spark-master/172.18.0.2:7077 after 18 ms (0 ms spent in bootstraps)
[2025-04-27T05:31:40.133+0000] {spark_submit.py:490} INFO - 25/04/27 05:31:40 INFO StandaloneSchedulerBackend: Connected to Spark cluster with app ID app-20250427053140-0001
[2025-04-27T05:31:40.137+0000] {spark_submit.py:490} INFO - 25/04/27 05:31:40 INFO Utils: Successfully started service 'org.apache.spark.network.netty.NettyBlockTransferService' on port 33831.
[2025-04-27T05:31:40.138+0000] {spark_submit.py:490} INFO - 25/04/27 05:31:40 INFO NettyBlockTransferService: Server created on c82426b22b9f:33831
[2025-04-27T05:31:40.139+0000] {spark_submit.py:490} INFO - 25/04/27 05:31:40 INFO BlockManager: Using org.apache.spark.storage.RandomBlockReplicationPolicy for block replication policy
[2025-04-27T05:31:40.144+0000] {spark_submit.py:490} INFO - 25/04/27 05:31:40 INFO BlockManagerMaster: Registering BlockManager BlockManagerId(driver, c82426b22b9f, 33831, None)
[2025-04-27T05:31:40.147+0000] {spark_submit.py:490} INFO - 25/04/27 05:31:40 INFO BlockManagerMasterEndpoint: Registering block manager c82426b22b9f:33831 with 434.4 MiB RAM, BlockManagerId(driver, c82426b22b9f, 33831, None)
[2025-04-27T05:31:40.148+0000] {spark_submit.py:490} INFO - 25/04/27 05:31:40 INFO BlockManagerMaster: Registered BlockManager BlockManagerId(driver, c82426b22b9f, 33831, None)
[2025-04-27T05:31:40.149+0000] {spark_submit.py:490} INFO - 25/04/27 05:31:40 INFO BlockManager: Initialized BlockManager: BlockManagerId(driver, c82426b22b9f, 33831, None)
[2025-04-27T05:31:40.281+0000] {spark_submit.py:490} INFO - 25/04/27 05:31:40 INFO StandaloneSchedulerBackend: SchedulerBackend is ready for scheduling beginning after reached minRegisteredResourcesRatio: 0.0
[2025-04-27T05:31:40.440+0000] {spark_submit.py:490} INFO - 25/04/27 05:31:40 INFO SharedState: Setting hive.metastore.warehouse.dir ('null') to the value of spark.sql.warehouse.dir.
[2025-04-27T05:31:40.446+0000] {spark_submit.py:490} INFO - 25/04/27 05:31:40 INFO SharedState: Warehouse path is 'file:/opt/airflow/spark-warehouse'.
[2025-04-27T05:31:41.007+0000] {spark_submit.py:490} INFO - Traceback (most recent call last):
[2025-04-27T05:31:41.007+0000] {spark_submit.py:490} INFO - File "/opt/airflow/spark/detect_suspicious.py", line 23, in <module>
[2025-04-27T05:31:41.008+0000] {spark_submit.py:490} INFO - .option("password", "***") \
[2025-04-27T05:31:41.008+0000] {spark_submit.py:490} INFO - File "/opt/spark/python/lib/pyspark.zip/pyspark/sql/readwriter.py", line 184, in load
[2025-04-27T05:31:41.008+0000] {spark_submit.py:490} INFO - File "/opt/spark/python/lib/py4j-0.10.9.5-src.zip/py4j/java_gateway.py", line 1322, in __call__
[2025-04-27T05:31:41.008+0000] {spark_submit.py:490} INFO - File "/opt/spark/python/lib/pyspark.zip/pyspark/sql/utils.py", line 190, in deco
[2025-04-27T05:31:41.008+0000] {spark_submit.py:490} INFO - File "/opt/spark/python/lib/py4j-0.10.9.5-src.zip/py4j/protocol.py", line 328, in get_return_value
[2025-04-27T05:31:41.009+0000] {spark_submit.py:490} INFO - py4j.protocol.Py4JJavaError: An error occurred while calling o33.load.
[2025-04-27T05:31:41.009+0000] {spark_submit.py:490} INFO - : java.lang.ClassNotFoundException: org.postgresql.Driver
[2025-04-27T05:31:41.009+0000] {spark_submit.py:490} INFO - at java.base/java.net.URLClassLoader.findClass(URLClassLoader.java:476)
[2025-04-27T05:31:41.009+0000] {spark_submit.py:490} INFO - at java.base/java.lang.ClassLoader.loadClass(ClassLoader.java:594)
[2025-04-27T05:31:41.009+0000] {spark_submit.py:490} INFO - at java.base/java.lang.ClassLoader.loadClass(ClassLoader.java:527)
[2025-04-27T05:31:41.009+0000] {spark_submit.py:490} INFO - at org.apache.spark.sql.execution.datasources.jdbc.DriverRegistry$.register(DriverRegistry.scala:46)
[2025-04-27T05:31:41.009+0000] {spark_submit.py:490} INFO - at org.apache.spark.sql.execution.datasources.jdbc.JDBCOptions.$anonfun$driverClass$1(JDBCOptions.scala:101)
[2025-04-27T05:31:41.009+0000] {spark_submit.py:490} INFO - at org.apache.spark.sql.execution.datasources.jdbc.JDBCOptions.$anonfun$driverClass$1$adapted(JDBCOptions.scala:101)
[2025-04-27T05:31:41.009+0000] {spark_submit.py:490} INFO - at scala.Option.foreach(Option.scala:407)
[2025-04-27T05:31:41.009+0000] {spark_submit.py:490} INFO - at org.apache.spark.sql.execution.datasources.jdbc.JDBCOptions.<init>(JDBCOptions.scala:101)
[2025-04-27T05:31:41.009+0000] {spark_submit.py:490} INFO - at org.apache.spark.sql.execution.datasources.jdbc.JDBCOptions.<init>(JDBCOptions.scala:39)
[2025-04-27T05:31:41.010+0000] {spark_submit.py:490} INFO - at org.apache.spark.sql.execution.datasources.jdbc.JdbcRelationProvider.createRelation(JdbcRelationProvider.scala:34)
[2025-04-27T05:31:41.010+0000] {spark_submit.py:490} INFO - at org.apache.spark.sql.execution.datasources.DataSource.resolveRelation(DataSource.scala:350)
[2025-04-27T05:31:41.010+0000] {spark_submit.py:490} INFO - at org.apache.spark.sql.DataFrameReader.loadV1Source(DataFrameReader.scala:228)
[2025-04-27T05:31:41.010+0000] {spark_submit.py:490} INFO - at org.apache.spark.sql.DataFrameReader.$anonfun$load$2(DataFrameReader.scala:210)
[2025-04-27T05:31:41.010+0000] {spark_submit.py:490} INFO - at scala.Option.getOrElse(Option.scala:189)
[2025-04-27T05:31:41.010+0000] {spark_submit.py:490} INFO - at org.apache.spark.sql.DataFrameReader.load(DataFrameReader.scala:210)
[2025-04-27T05:31:41.010+0000] {spark_submit.py:490} INFO - at org.apache.spark.sql.DataFrameReader.load(DataFrameReader.scala:171)
[2025-04-27T05:31:41.010+0000] {spark_submit.py:490} INFO - at java.base/jdk.internal.reflect.NativeMethodAccessorImpl.invoke0(Native Method)
[2025-04-27T05:31:41.010+0000] {spark_submit.py:490} INFO - at java.base/jdk.internal.reflect.NativeMethodAccessorImpl.invoke(NativeMethodAccessorImpl.java:62)
[2025-04-27T05:31:41.010+0000] {spark_submit.py:490} INFO - at java.base/jdk.internal.reflect.DelegatingMethodAccessorImpl.invoke(DelegatingMethodAccessorImpl.java:43)
[2025-04-27T05:31:41.010+0000] {spark_submit.py:490} INFO - at java.base/java.lang.reflect.Method.invoke(Method.java:566)
[2025-04-27T05:31:41.011+0000] {spark_submit.py:490} INFO - at py4j.reflection.MethodInvoker.invoke(MethodInvoker.java:244)
[2025-04-27T05:31:41.011+0000] {spark_submit.py:490} INFO - at py4j.reflection.ReflectionEngine.invoke(ReflectionEngine.java:357)
[2025-04-27T05:31:41.011+0000] {spark_submit.py:490} INFO - at py4j.Gateway.invoke(Gateway.java:282)
[2025-04-27T05:31:41.011+0000] {spark_submit.py:490} INFO - at py4j.commands.AbstractCommand.invokeMethod(AbstractCommand.java:132)
[2025-04-27T05:31:41.011+0000] {spark_submit.py:490} INFO - at py4j.commands.CallCommand.execute(CallCommand.java:79)
[2025-04-27T05:31:41.011+0000] {spark_submit.py:490} INFO - at py4j.ClientServerConnection.waitForCommands(ClientServerConnection.java:182)
[2025-04-27T05:31:41.011+0000] {spark_submit.py:490} INFO - at py4j.ClientServerConnection.run(ClientServerConnection.java:106)
[2025-04-27T05:31:41.011+0000] {spark_submit.py:490} INFO - at java.base/java.lang.Thread.run(Thread.java:829)
[2025-04-27T05:31:41.011+0000] {spark_submit.py:490} INFO - 
[2025-04-27T05:31:41.047+0000] {spark_submit.py:490} INFO - 25/04/27 05:31:41 INFO SparkContext: Invoking stop() from shutdown hook
[2025-04-27T05:31:41.055+0000] {spark_submit.py:490} INFO - 25/04/27 05:31:41 INFO SparkUI: Stopped Spark web UI at http://c82426b22b9f:4040
[2025-04-27T05:31:41.058+0000] {spark_submit.py:490} INFO - 25/04/27 05:31:41 INFO StandaloneSchedulerBackend: Shutting down all executors
[2025-04-27T05:31:41.065+0000] {spark_submit.py:490} INFO - 25/04/27 05:31:41 INFO CoarseGrainedSchedulerBackend$DriverEndpoint: Asking each executor to shut down
[2025-04-27T05:31:41.081+0000] {spark_submit.py:490} INFO - 25/04/27 05:31:41 INFO MapOutputTrackerMasterEndpoint: MapOutputTrackerMasterEndpoint stopped!
[2025-04-27T05:31:41.091+0000] {spark_submit.py:490} INFO - 25/04/27 05:31:41 INFO MemoryStore: MemoryStore cleared
[2025-04-27T05:31:41.091+0000] {spark_submit.py:490} INFO - 25/04/27 05:31:41 INFO BlockManager: BlockManager stopped
[2025-04-27T05:31:41.098+0000] {spark_submit.py:490} INFO - 25/04/27 05:31:41 INFO BlockManagerMaster: BlockManagerMaster stopped
[2025-04-27T05:31:41.100+0000] {spark_submit.py:490} INFO - 25/04/27 05:31:41 INFO OutputCommitCoordinator$OutputCommitCoordinatorEndpoint: OutputCommitCoordinator stopped!
[2025-04-27T05:31:41.106+0000] {spark_submit.py:490} INFO - 25/04/27 05:31:41 INFO SparkContext: Successfully stopped SparkContext
[2025-04-27T05:31:41.106+0000] {spark_submit.py:490} INFO - 25/04/27 05:31:41 INFO ShutdownHookManager: Shutdown hook called
[2025-04-27T05:31:41.107+0000] {spark_submit.py:490} INFO - 25/04/27 05:31:41 INFO ShutdownHookManager: Deleting directory /tmp/spark-11f8ec55-07f6-4d16-aa11-70eff98a6cff/pyspark-d5cc626a-4a47-4c02-ae7a-faa692d87e1a
[2025-04-27T05:31:41.112+0000] {spark_submit.py:490} INFO - 25/04/27 05:31:41 INFO ShutdownHookManager: Deleting directory /tmp/spark-5638c169-b8c2-4be2-ada7-8b7ffe868e5c
[2025-04-27T05:31:41.115+0000] {spark_submit.py:490} INFO - 25/04/27 05:31:41 INFO ShutdownHookManager: Deleting directory /tmp/spark-11f8ec55-07f6-4d16-aa11-70eff98a6cff
[2025-04-27T05:31:41.163+0000] {taskinstance.py:1824} ERROR - Task failed with exception
Traceback (most recent call last):
  File "/home/airflow/.local/lib/python3.7/site-packages/airflow/providers/apache/spark/operators/spark_submit.py", line 157, in execute
    self._hook.submit(self._application)
  File "/home/airflow/.local/lib/python3.7/site-packages/airflow/providers/apache/spark/hooks/spark_submit.py", line 422, in submit
    f"Cannot execute: {self._mask_cmd(spark_submit_cmd)}. Error code is: {returncode}."
airflow.exceptions.AirflowException: Cannot execute: spark-submit --master spark://spark-master:7077 --executor-cores 2 --executor-memory 2g --driver-memory 1g --name arrow-spark /opt/airflow/spark/detect_suspicious.py --jdbc jdbc:postgresql://postgres:5432/finbest --clickhouse-url jdbc:clickhouse://clickhouse:8123/finbest. Error code is: 1.
[2025-04-27T05:31:41.166+0000] {taskinstance.py:1350} INFO - Marking task as FAILED. dag_id=transform, task_id=detect_suspicious, execution_date=20250427T053021, start_date=20250427T053137, end_date=20250427T053141
[2025-04-27T05:31:41.175+0000] {standard_task_runner.py:109} ERROR - Failed to execute job 11 for task detect_suspicious (Cannot execute: spark-submit --master spark://spark-master:7077 --executor-cores 2 --executor-memory 2g --driver-memory 1g --name arrow-spark /opt/airflow/spark/detect_suspicious.py --jdbc jdbc:postgresql://postgres:5432/finbest --clickhouse-url jdbc:clickhouse://clickhouse:8123/finbest. Error code is: 1.; 440)
[2025-04-27T05:31:41.220+0000] {local_task_job_runner.py:225} INFO - Task exited with return code 1
[2025-04-27T05:31:41.256+0000] {taskinstance.py:2653} INFO - 0 downstream tasks scheduled from follow-on schedule check
