[2025-04-27T05:30:30.678+0000] {taskinstance.py:1103} INFO - Dependencies all met for dep_context=non-requeueable deps ti=<TaskInstance: transform.detect_suspicious manual__2025-04-27T05:30:21.722037+00:00 [queued]>
[2025-04-27T05:30:30.684+0000] {taskinstance.py:1103} INFO - Dependencies all met for dep_context=requeueable deps ti=<TaskInstance: transform.detect_suspicious manual__2025-04-27T05:30:21.722037+00:00 [queued]>
[2025-04-27T05:30:30.684+0000] {taskinstance.py:1308} INFO - Starting attempt 1 of 2
[2025-04-27T05:30:30.694+0000] {taskinstance.py:1327} INFO - Executing <Task(SparkSubmitOperator): detect_suspicious> on 2025-04-27 05:30:21.722037+00:00
[2025-04-27T05:30:30.697+0000] {standard_task_runner.py:57} INFO - Started process 222 to run task
[2025-04-27T05:30:30.699+0000] {standard_task_runner.py:84} INFO - Running: ['airflow', 'tasks', 'run', 'transform', 'detect_suspicious', 'manual__2025-04-27T05:30:21.722037+00:00', '--job-id', '10', '--raw', '--subdir', 'DAGS_FOLDER/transform.py', '--cfg-path', '/tmp/tmppbw_sdev']
[2025-04-27T05:30:30.700+0000] {standard_task_runner.py:85} INFO - Job 10: Subtask detect_suspicious
[2025-04-27T05:30:30.739+0000] {task_command.py:410} INFO - Running <TaskInstance: transform.detect_suspicious manual__2025-04-27T05:30:21.722037+00:00 [running]> on host c82426b22b9f
[2025-04-27T05:30:30.871+0000] {taskinstance.py:1547} INFO - Exporting env vars: AIRFLOW_CTX_DAG_OWNER='finbest' AIRFLOW_CTX_DAG_ID='transform' AIRFLOW_CTX_TASK_ID='detect_suspicious' AIRFLOW_CTX_EXECUTION_DATE='2025-04-27T05:30:21.722037+00:00' AIRFLOW_CTX_TRY_NUMBER='1' AIRFLOW_CTX_DAG_RUN_ID='manual__2025-04-27T05:30:21.722037+00:00'
[2025-04-27T05:30:30.879+0000] {base.py:73} INFO - Using connection ID 'spark_default' for task execution.
[2025-04-27T05:30:30.880+0000] {spark_submit.py:339} INFO - Spark-Submit cmd: spark-submit --master spark://spark-master:7077 --executor-cores 2 --executor-memory 2g --driver-memory 1g --name arrow-spark /opt/airflow/spark/detect_suspicious.py --jdbc jdbc:postgresql://postgres:5432/finbest --clickhouse-url jdbc:clickhouse://clickhouse:8123/finbest
[2025-04-27T05:30:32.885+0000] {spark_submit.py:490} INFO - 25/04/27 05:30:32 INFO SparkContext: Running Spark version 3.3.0
[2025-04-27T05:30:32.939+0000] {spark_submit.py:490} INFO - 25/04/27 05:30:32 WARN NativeCodeLoader: Unable to load native-hadoop library for your platform... using builtin-java classes where applicable
[2025-04-27T05:30:33.016+0000] {spark_submit.py:490} INFO - 25/04/27 05:30:33 INFO ResourceUtils: ==============================================================
[2025-04-27T05:30:33.016+0000] {spark_submit.py:490} INFO - 25/04/27 05:30:33 INFO ResourceUtils: No custom resources configured for spark.driver.
[2025-04-27T05:30:33.016+0000] {spark_submit.py:490} INFO - 25/04/27 05:30:33 INFO ResourceUtils: ==============================================================
[2025-04-27T05:30:33.016+0000] {spark_submit.py:490} INFO - 25/04/27 05:30:33 INFO SparkContext: Submitted application: FinBestDetect
[2025-04-27T05:30:33.033+0000] {spark_submit.py:490} INFO - 25/04/27 05:30:33 INFO ResourceProfile: Default ResourceProfile created, executor resources: Map(cores -> name: cores, amount: 2, script: , vendor: , memory -> name: memory, amount: 2048, script: , vendor: , offHeap -> name: offHeap, amount: 0, script: , vendor: ), task resources: Map(cpus -> name: cpus, amount: 1.0)
[2025-04-27T05:30:33.042+0000] {spark_submit.py:490} INFO - 25/04/27 05:30:33 INFO ResourceProfile: Limiting resource is cpus at 2 tasks per executor
[2025-04-27T05:30:33.043+0000] {spark_submit.py:490} INFO - 25/04/27 05:30:33 INFO ResourceProfileManager: Added ResourceProfile id: 0
[2025-04-27T05:30:33.088+0000] {spark_submit.py:490} INFO - 25/04/27 05:30:33 INFO SecurityManager: Changing view acls to: airflow
[2025-04-27T05:30:33.088+0000] {spark_submit.py:490} INFO - 25/04/27 05:30:33 INFO SecurityManager: Changing modify acls to: airflow
[2025-04-27T05:30:33.088+0000] {spark_submit.py:490} INFO - 25/04/27 05:30:33 INFO SecurityManager: Changing view acls groups to:
[2025-04-27T05:30:33.089+0000] {spark_submit.py:490} INFO - 25/04/27 05:30:33 INFO SecurityManager: Changing modify acls groups to:
[2025-04-27T05:30:33.089+0000] {spark_submit.py:490} INFO - 25/04/27 05:30:33 INFO SecurityManager: SecurityManager: authentication disabled; ui acls disabled; users  with view permissions: Set(airflow); groups with view permissions: Set(); users  with modify permissions: Set(airflow); groups with modify permissions: Set()
[2025-04-27T05:30:33.317+0000] {spark_submit.py:490} INFO - 25/04/27 05:30:33 INFO Utils: Successfully started service 'sparkDriver' on port 33171.
[2025-04-27T05:30:33.342+0000] {spark_submit.py:490} INFO - 25/04/27 05:30:33 INFO SparkEnv: Registering MapOutputTracker
[2025-04-27T05:30:33.369+0000] {spark_submit.py:490} INFO - 25/04/27 05:30:33 INFO SparkEnv: Registering BlockManagerMaster
[2025-04-27T05:30:33.384+0000] {spark_submit.py:490} INFO - 25/04/27 05:30:33 INFO BlockManagerMasterEndpoint: Using org.apache.spark.storage.DefaultTopologyMapper for getting topology information
[2025-04-27T05:30:33.384+0000] {spark_submit.py:490} INFO - 25/04/27 05:30:33 INFO BlockManagerMasterEndpoint: BlockManagerMasterEndpoint up
[2025-04-27T05:30:33.388+0000] {spark_submit.py:490} INFO - 25/04/27 05:30:33 INFO SparkEnv: Registering BlockManagerMasterHeartbeat
[2025-04-27T05:30:33.410+0000] {spark_submit.py:490} INFO - 25/04/27 05:30:33 INFO DiskBlockManager: Created local directory at /tmp/blockmgr-b6f1adf4-443e-4fb4-8e33-ca9f8ec3a27b
[2025-04-27T05:30:33.425+0000] {spark_submit.py:490} INFO - 25/04/27 05:30:33 INFO MemoryStore: MemoryStore started with capacity 434.4 MiB
[2025-04-27T05:30:33.436+0000] {spark_submit.py:490} INFO - 25/04/27 05:30:33 INFO SparkEnv: Registering OutputCommitCoordinator
[2025-04-27T05:30:33.589+0000] {spark_submit.py:490} INFO - 25/04/27 05:30:33 INFO Utils: Successfully started service 'SparkUI' on port 4040.
[2025-04-27T05:30:33.693+0000] {spark_submit.py:490} INFO - 25/04/27 05:30:33 INFO StandaloneAppClient$ClientEndpoint: Connecting to master spark://spark-master:7077...
[2025-04-27T05:30:33.725+0000] {spark_submit.py:490} INFO - 25/04/27 05:30:33 INFO TransportClientFactory: Successfully created connection to spark-master/172.18.0.2:7077 after 18 ms (0 ms spent in bootstraps)
[2025-04-27T05:30:33.822+0000] {spark_submit.py:490} INFO - 25/04/27 05:30:33 INFO StandaloneSchedulerBackend: Connected to Spark cluster with app ID app-20250427053033-0000
[2025-04-27T05:30:33.828+0000] {spark_submit.py:490} INFO - 25/04/27 05:30:33 INFO Utils: Successfully started service 'org.apache.spark.network.netty.NettyBlockTransferService' on port 38285.
[2025-04-27T05:30:33.828+0000] {spark_submit.py:490} INFO - 25/04/27 05:30:33 INFO NettyBlockTransferService: Server created on c82426b22b9f:38285
[2025-04-27T05:30:33.829+0000] {spark_submit.py:490} INFO - 25/04/27 05:30:33 INFO BlockManager: Using org.apache.spark.storage.RandomBlockReplicationPolicy for block replication policy
[2025-04-27T05:30:33.835+0000] {spark_submit.py:490} INFO - 25/04/27 05:30:33 INFO BlockManagerMaster: Registering BlockManager BlockManagerId(driver, c82426b22b9f, 38285, None)
[2025-04-27T05:30:33.837+0000] {spark_submit.py:490} INFO - 25/04/27 05:30:33 INFO BlockManagerMasterEndpoint: Registering block manager c82426b22b9f:38285 with 434.4 MiB RAM, BlockManagerId(driver, c82426b22b9f, 38285, None)
[2025-04-27T05:30:33.839+0000] {spark_submit.py:490} INFO - 25/04/27 05:30:33 INFO BlockManagerMaster: Registered BlockManager BlockManagerId(driver, c82426b22b9f, 38285, None)
[2025-04-27T05:30:33.840+0000] {spark_submit.py:490} INFO - 25/04/27 05:30:33 INFO BlockManager: Initialized BlockManager: BlockManagerId(driver, c82426b22b9f, 38285, None)
[2025-04-27T05:30:33.962+0000] {spark_submit.py:490} INFO - 25/04/27 05:30:33 INFO StandaloneSchedulerBackend: SchedulerBackend is ready for scheduling beginning after reached minRegisteredResourcesRatio: 0.0
[2025-04-27T05:30:34.152+0000] {spark_submit.py:490} INFO - 25/04/27 05:30:34 INFO SharedState: Setting hive.metastore.warehouse.dir ('null') to the value of spark.sql.warehouse.dir.
[2025-04-27T05:30:34.158+0000] {spark_submit.py:490} INFO - 25/04/27 05:30:34 INFO SharedState: Warehouse path is 'file:/opt/airflow/spark-warehouse'.
[2025-04-27T05:30:34.878+0000] {spark_submit.py:490} INFO - Traceback (most recent call last):
[2025-04-27T05:30:34.881+0000] {spark_submit.py:490} INFO - File "/opt/airflow/spark/detect_suspicious.py", line 23, in <module>
[2025-04-27T05:30:34.882+0000] {spark_submit.py:490} INFO - .option("password", "***") \
[2025-04-27T05:30:34.882+0000] {spark_submit.py:490} INFO - File "/opt/spark/python/lib/pyspark.zip/pyspark/sql/readwriter.py", line 184, in load
[2025-04-27T05:30:34.882+0000] {spark_submit.py:490} INFO - File "/opt/spark/python/lib/py4j-0.10.9.5-src.zip/py4j/java_gateway.py", line 1322, in __call__
[2025-04-27T05:30:34.882+0000] {spark_submit.py:490} INFO - File "/opt/spark/python/lib/pyspark.zip/pyspark/sql/utils.py", line 190, in deco
[2025-04-27T05:30:34.882+0000] {spark_submit.py:490} INFO - File "/opt/spark/python/lib/py4j-0.10.9.5-src.zip/py4j/protocol.py", line 328, in get_return_value
[2025-04-27T05:30:34.883+0000] {spark_submit.py:490} INFO - py4j.protocol.Py4JJavaError: An error occurred while calling o33.load.
[2025-04-27T05:30:34.884+0000] {spark_submit.py:490} INFO - : java.lang.ClassNotFoundException: org.postgresql.Driver
[2025-04-27T05:30:34.884+0000] {spark_submit.py:490} INFO - at java.base/java.net.URLClassLoader.findClass(URLClassLoader.java:476)
[2025-04-27T05:30:34.884+0000] {spark_submit.py:490} INFO - at java.base/java.lang.ClassLoader.loadClass(ClassLoader.java:594)
[2025-04-27T05:30:34.885+0000] {spark_submit.py:490} INFO - at java.base/java.lang.ClassLoader.loadClass(ClassLoader.java:527)
[2025-04-27T05:30:34.885+0000] {spark_submit.py:490} INFO - at org.apache.spark.sql.execution.datasources.jdbc.DriverRegistry$.register(DriverRegistry.scala:46)
[2025-04-27T05:30:34.885+0000] {spark_submit.py:490} INFO - at org.apache.spark.sql.execution.datasources.jdbc.JDBCOptions.$anonfun$driverClass$1(JDBCOptions.scala:101)
[2025-04-27T05:30:34.886+0000] {spark_submit.py:490} INFO - at org.apache.spark.sql.execution.datasources.jdbc.JDBCOptions.$anonfun$driverClass$1$adapted(JDBCOptions.scala:101)
[2025-04-27T05:30:34.886+0000] {spark_submit.py:490} INFO - at scala.Option.foreach(Option.scala:407)
[2025-04-27T05:30:34.886+0000] {spark_submit.py:490} INFO - at org.apache.spark.sql.execution.datasources.jdbc.JDBCOptions.<init>(JDBCOptions.scala:101)
[2025-04-27T05:30:34.887+0000] {spark_submit.py:490} INFO - at org.apache.spark.sql.execution.datasources.jdbc.JDBCOptions.<init>(JDBCOptions.scala:39)
[2025-04-27T05:30:34.887+0000] {spark_submit.py:490} INFO - at org.apache.spark.sql.execution.datasources.jdbc.JdbcRelationProvider.createRelation(JdbcRelationProvider.scala:34)
[2025-04-27T05:30:34.887+0000] {spark_submit.py:490} INFO - at org.apache.spark.sql.execution.datasources.DataSource.resolveRelation(DataSource.scala:350)
[2025-04-27T05:30:34.887+0000] {spark_submit.py:490} INFO - at org.apache.spark.sql.DataFrameReader.loadV1Source(DataFrameReader.scala:228)
[2025-04-27T05:30:34.888+0000] {spark_submit.py:490} INFO - at org.apache.spark.sql.DataFrameReader.$anonfun$load$2(DataFrameReader.scala:210)
[2025-04-27T05:30:34.888+0000] {spark_submit.py:490} INFO - at scala.Option.getOrElse(Option.scala:189)
[2025-04-27T05:30:34.888+0000] {spark_submit.py:490} INFO - at org.apache.spark.sql.DataFrameReader.load(DataFrameReader.scala:210)
[2025-04-27T05:30:34.889+0000] {spark_submit.py:490} INFO - at org.apache.spark.sql.DataFrameReader.load(DataFrameReader.scala:171)
[2025-04-27T05:30:34.889+0000] {spark_submit.py:490} INFO - at java.base/jdk.internal.reflect.NativeMethodAccessorImpl.invoke0(Native Method)
[2025-04-27T05:30:34.889+0000] {spark_submit.py:490} INFO - at java.base/jdk.internal.reflect.NativeMethodAccessorImpl.invoke(NativeMethodAccessorImpl.java:62)
[2025-04-27T05:30:34.890+0000] {spark_submit.py:490} INFO - at java.base/jdk.internal.reflect.DelegatingMethodAccessorImpl.invoke(DelegatingMethodAccessorImpl.java:43)
[2025-04-27T05:30:34.890+0000] {spark_submit.py:490} INFO - at java.base/java.lang.reflect.Method.invoke(Method.java:566)
[2025-04-27T05:30:34.890+0000] {spark_submit.py:490} INFO - at py4j.reflection.MethodInvoker.invoke(MethodInvoker.java:244)
[2025-04-27T05:30:34.891+0000] {spark_submit.py:490} INFO - at py4j.reflection.ReflectionEngine.invoke(ReflectionEngine.java:357)
[2025-04-27T05:30:34.895+0000] {spark_submit.py:490} INFO - at py4j.Gateway.invoke(Gateway.java:282)
[2025-04-27T05:30:34.895+0000] {spark_submit.py:490} INFO - at py4j.commands.AbstractCommand.invokeMethod(AbstractCommand.java:132)
[2025-04-27T05:30:34.896+0000] {spark_submit.py:490} INFO - at py4j.commands.CallCommand.execute(CallCommand.java:79)
[2025-04-27T05:30:34.896+0000] {spark_submit.py:490} INFO - at py4j.ClientServerConnection.waitForCommands(ClientServerConnection.java:182)
[2025-04-27T05:30:34.896+0000] {spark_submit.py:490} INFO - at py4j.ClientServerConnection.run(ClientServerConnection.java:106)
[2025-04-27T05:30:34.897+0000] {spark_submit.py:490} INFO - at java.base/java.lang.Thread.run(Thread.java:829)
[2025-04-27T05:30:34.897+0000] {spark_submit.py:490} INFO - 
[2025-04-27T05:30:34.936+0000] {spark_submit.py:490} INFO - 25/04/27 05:30:34 INFO SparkContext: Invoking stop() from shutdown hook
[2025-04-27T05:30:34.951+0000] {spark_submit.py:490} INFO - 25/04/27 05:30:34 INFO SparkUI: Stopped Spark web UI at http://c82426b22b9f:4040
[2025-04-27T05:30:34.956+0000] {spark_submit.py:490} INFO - 25/04/27 05:30:34 INFO StandaloneSchedulerBackend: Shutting down all executors
[2025-04-27T05:30:34.962+0000] {spark_submit.py:490} INFO - 25/04/27 05:30:34 INFO CoarseGrainedSchedulerBackend$DriverEndpoint: Asking each executor to shut down
[2025-04-27T05:30:34.981+0000] {spark_submit.py:490} INFO - 25/04/27 05:30:34 INFO MapOutputTrackerMasterEndpoint: MapOutputTrackerMasterEndpoint stopped!
[2025-04-27T05:30:34.997+0000] {spark_submit.py:490} INFO - 25/04/27 05:30:34 INFO MemoryStore: MemoryStore cleared
[2025-04-27T05:30:34.998+0000] {spark_submit.py:490} INFO - 25/04/27 05:30:34 INFO BlockManager: BlockManager stopped
[2025-04-27T05:30:35.010+0000] {spark_submit.py:490} INFO - 25/04/27 05:30:35 INFO BlockManagerMaster: BlockManagerMaster stopped
[2025-04-27T05:30:35.011+0000] {spark_submit.py:490} INFO - 25/04/27 05:30:35 INFO OutputCommitCoordinator$OutputCommitCoordinatorEndpoint: OutputCommitCoordinator stopped!
[2025-04-27T05:30:35.022+0000] {spark_submit.py:490} INFO - 25/04/27 05:30:35 INFO SparkContext: Successfully stopped SparkContext
[2025-04-27T05:30:35.022+0000] {spark_submit.py:490} INFO - 25/04/27 05:30:35 INFO ShutdownHookManager: Shutdown hook called
[2025-04-27T05:30:35.022+0000] {spark_submit.py:490} INFO - 25/04/27 05:30:35 INFO ShutdownHookManager: Deleting directory /tmp/spark-a7c7d8d8-490a-4aaa-94be-d158c434d1db
[2025-04-27T05:30:35.025+0000] {spark_submit.py:490} INFO - 25/04/27 05:30:35 INFO ShutdownHookManager: Deleting directory /tmp/spark-7a1eaefd-8fc4-4010-bfbb-2b5be2538f09/pyspark-2a198525-06c7-4825-8eed-c8508a899047
[2025-04-27T05:30:35.028+0000] {spark_submit.py:490} INFO - 25/04/27 05:30:35 INFO ShutdownHookManager: Deleting directory /tmp/spark-7a1eaefd-8fc4-4010-bfbb-2b5be2538f09
[2025-04-27T05:30:35.084+0000] {taskinstance.py:1824} ERROR - Task failed with exception
Traceback (most recent call last):
  File "/home/airflow/.local/lib/python3.7/site-packages/airflow/providers/apache/spark/operators/spark_submit.py", line 157, in execute
    self._hook.submit(self._application)
  File "/home/airflow/.local/lib/python3.7/site-packages/airflow/providers/apache/spark/hooks/spark_submit.py", line 422, in submit
    f"Cannot execute: {self._mask_cmd(spark_submit_cmd)}. Error code is: {returncode}."
airflow.exceptions.AirflowException: Cannot execute: spark-submit --master spark://spark-master:7077 --executor-cores 2 --executor-memory 2g --driver-memory 1g --name arrow-spark /opt/airflow/spark/detect_suspicious.py --jdbc jdbc:postgresql://postgres:5432/finbest --clickhouse-url jdbc:clickhouse://clickhouse:8123/finbest. Error code is: 1.
[2025-04-27T05:30:35.088+0000] {taskinstance.py:1350} INFO - Marking task as UP_FOR_RETRY. dag_id=transform, task_id=detect_suspicious, execution_date=20250427T053021, start_date=20250427T053030, end_date=20250427T053035
[2025-04-27T05:30:35.097+0000] {standard_task_runner.py:109} ERROR - Failed to execute job 10 for task detect_suspicious (Cannot execute: spark-submit --master spark://spark-master:7077 --executor-cores 2 --executor-memory 2g --driver-memory 1g --name arrow-spark /opt/airflow/spark/detect_suspicious.py --jdbc jdbc:postgresql://postgres:5432/finbest --clickhouse-url jdbc:clickhouse://clickhouse:8123/finbest. Error code is: 1.; 222)
[2025-04-27T05:30:35.125+0000] {local_task_job_runner.py:225} INFO - Task exited with return code 1
[2025-04-27T05:30:35.148+0000] {taskinstance.py:2653} INFO - 0 downstream tasks scheduled from follow-on schedule check
