[2025-05-09T01:49:28.874+0000] {taskinstance.py:1103} INFO - Dependencies all met for dep_context=non-requeueable deps ti=<TaskInstance: graph_analysis.define_categories manual__2025-05-09T01:49:22.696487+00:00 [queued]>
[2025-05-09T01:49:28.880+0000] {taskinstance.py:1103} INFO - Dependencies all met for dep_context=requeueable deps ti=<TaskInstance: graph_analysis.define_categories manual__2025-05-09T01:49:22.696487+00:00 [queued]>
[2025-05-09T01:49:28.881+0000] {taskinstance.py:1308} INFO - Starting attempt 1 of 1
[2025-05-09T01:49:28.891+0000] {taskinstance.py:1327} INFO - Executing <Task(PostgresOperator): define_categories> on 2025-05-09 01:49:22.696487+00:00
[2025-05-09T01:49:28.896+0000] {standard_task_runner.py:57} INFO - Started process 3161 to run task
[2025-05-09T01:49:28.898+0000] {standard_task_runner.py:84} INFO - Running: ['airflow', 'tasks', 'run', 'graph_analysis', 'define_categories', 'manual__2025-05-09T01:49:22.696487+00:00', '--job-id', '377', '--raw', '--subdir', 'DAGS_FOLDER/graph_analysis.py', '--cfg-path', '/tmp/tmppsqnzakc']
[2025-05-09T01:49:28.898+0000] {standard_task_runner.py:85} INFO - Job 377: Subtask define_categories
[2025-05-09T01:49:28.910+0000] {logging_mixin.py:150} WARNING - /home/airflow/.local/lib/python3.8/site-packages/airflow/settings.py:195 DeprecationWarning: The sql_alchemy_conn option in [core] has been moved to the sql_alchemy_conn option in [database] - the old setting has been used, but please update your config.
[2025-05-09T01:49:28.937+0000] {task_command.py:410} INFO - Running <TaskInstance: graph_analysis.define_categories manual__2025-05-09T01:49:22.696487+00:00 [running]> on host d3632ec65b22
[2025-05-09T01:49:29.006+0000] {taskinstance.py:1545} INFO - Exporting env vars: AIRFLOW_CTX_DAG_OWNER='finbest' AIRFLOW_CTX_DAG_ID='graph_analysis' AIRFLOW_CTX_TASK_ID='define_categories' AIRFLOW_CTX_EXECUTION_DATE='2025-05-09T01:49:22.696487+00:00' AIRFLOW_CTX_TRY_NUMBER='1' AIRFLOW_CTX_DAG_RUN_ID='manual__2025-05-09T01:49:22.696487+00:00'
[2025-05-09T01:49:29.007+0000] {sql.py:265} INFO - Executing: 
    ALTER TABLE raw.masked_transactions ADD COLUMN IF NOT EXISTS category VARCHAR;
    
    UPDATE raw.masked_transactions
    SET category = 
        CASE 
            WHEN transaction_type = 'p2p' THEN 'p2p'
            WHEN merchant IN ('Amazon', 'Ozon') THEN 'retail'
            WHEN merchant = 'Uber' THEN 'travel'
            ELSE 'other'
        END
    WHERE category IS NULL;
    
[2025-05-09T01:49:29.007+0000] {crypto.py:83} WARNING - empty cryptography key - values will not be stored encrypted.
[2025-05-09T01:49:29.008+0000] {base.py:73} INFO - Using connection ID 'postgres_default' for task execution.
[2025-05-09T01:49:29.048+0000] {base.py:73} INFO - Using connection ID 'postgres_default' for task execution.
[2025-05-09T01:49:29.053+0000] {sql.py:374} INFO - Running statement: 
    ALTER TABLE raw.masked_transactions ADD COLUMN IF NOT EXISTS category VARCHAR;
    
    UPDATE raw.masked_transactions
    SET category = 
        CASE 
            WHEN transaction_type = 'p2p' THEN 'p2p'
            WHEN merchant IN ('Amazon', 'Ozon') THEN 'retail'
            WHEN merchant = 'Uber' THEN 'travel'
            ELSE 'other'
        END
    WHERE category IS NULL;
    , parameters: None
[2025-05-09T01:49:29.061+0000] {sql.py:383} INFO - Rows affected: 0
[2025-05-09T01:49:29.071+0000] {taskinstance.py:1345} INFO - Marking task as SUCCESS. dag_id=graph_analysis, task_id=define_categories, execution_date=20250509T014922, start_date=20250509T014928, end_date=20250509T014929
[2025-05-09T01:49:29.110+0000] {local_task_job_runner.py:225} INFO - Task exited with return code 0
[2025-05-09T01:49:29.132+0000] {taskinstance.py:2653} INFO - 1 downstream tasks scheduled from follow-on schedule check
