[2025-04-29T22:24:06.146+0000] {taskinstance.py:1103} INFO - Dependencies all met for dep_context=non-requeueable deps ti=<TaskInstance: superset_sync.dataset manual__2025-04-29T22:21:00.628688+00:00 [queued]>
[2025-04-29T22:24:06.152+0000] {taskinstance.py:1103} INFO - Dependencies all met for dep_context=requeueable deps ti=<TaskInstance: superset_sync.dataset manual__2025-04-29T22:21:00.628688+00:00 [queued]>
[2025-04-29T22:24:06.152+0000] {taskinstance.py:1308} INFO - Starting attempt 2 of 2
[2025-04-29T22:24:06.163+0000] {taskinstance.py:1327} INFO - Executing <Task(PythonOperator): dataset> on 2025-04-29 22:21:00.628688+00:00
[2025-04-29T22:24:06.166+0000] {standard_task_runner.py:57} INFO - Started process 347 to run task
[2025-04-29T22:24:06.168+0000] {standard_task_runner.py:84} INFO - Running: ['airflow', 'tasks', 'run', 'superset_sync', 'dataset', 'manual__2025-04-29T22:21:00.628688+00:00', '--job-id', '138', '--raw', '--subdir', 'DAGS_FOLDER/superset_sync.py', '--cfg-path', '/tmp/tmprjxjs65l']
[2025-04-29T22:24:06.169+0000] {standard_task_runner.py:85} INFO - Job 138: Subtask dataset
[2025-04-29T22:24:06.208+0000] {task_command.py:410} INFO - Running <TaskInstance: superset_sync.dataset manual__2025-04-29T22:21:00.628688+00:00 [running]> on host 5b42b61a262d
[2025-04-29T22:24:06.355+0000] {taskinstance.py:1547} INFO - Exporting env vars: AIRFLOW_CTX_DAG_OWNER='airflow' AIRFLOW_CTX_DAG_ID='superset_sync' AIRFLOW_CTX_TASK_ID='dataset' AIRFLOW_CTX_EXECUTION_DATE='2025-04-29T22:21:00.628688+00:00' AIRFLOW_CTX_TRY_NUMBER='2' AIRFLOW_CTX_DAG_RUN_ID='manual__2025-04-29T22:21:00.628688+00:00'
[2025-04-29T22:24:06.358+0000] {superset_sync.py:68} INFO - Superset ещё не готов (HTTPConnectionPool(host='superset', port=8088): Max retries exceeded with url: /api/v1/security/login (Caused by NewConnectionError('<urllib3.connection.HTTPConnection object at 0x7687acc00390>: Failed to establish a new connection: [Errno -3] Temporary failure in name resolution'))). Ждём 3 c ...
[2025-04-29T22:24:09.363+0000] {superset_sync.py:68} INFO - Superset ещё не готов (HTTPConnectionPool(host='superset', port=8088): Max retries exceeded with url: /api/v1/security/login (Caused by NewConnectionError('<urllib3.connection.HTTPConnection object at 0x7687acc08810>: Failed to establish a new connection: [Errno -3] Temporary failure in name resolution'))). Ждём 3 c ...
[2025-04-29T22:24:12.384+0000] {superset_sync.py:68} INFO - Superset ещё не готов (HTTPConnectionPool(host='superset', port=8088): Max retries exceeded with url: /api/v1/security/login (Caused by NewConnectionError('<urllib3.connection.HTTPConnection object at 0x7687acc5e4d0>: Failed to establish a new connection: [Errno -3] Temporary failure in name resolution'))). Ждём 3 c ...
[2025-04-29T22:24:15.389+0000] {superset_sync.py:68} INFO - Superset ещё не готов (HTTPConnectionPool(host='superset', port=8088): Max retries exceeded with url: /api/v1/security/login (Caused by NewConnectionError('<urllib3.connection.HTTPConnection object at 0x7687acc08b90>: Failed to establish a new connection: [Errno -3] Temporary failure in name resolution'))). Ждём 3 c ...
[2025-04-29T22:24:18.395+0000] {superset_sync.py:68} INFO - Superset ещё не готов (HTTPConnectionPool(host='superset', port=8088): Max retries exceeded with url: /api/v1/security/login (Caused by NewConnectionError('<urllib3.connection.HTTPConnection object at 0x7687acc5e490>: Failed to establish a new connection: [Errno -3] Temporary failure in name resolution'))). Ждём 3 c ...
[2025-04-29T22:24:21.400+0000] {superset_sync.py:68} INFO - Superset ещё не готов (HTTPConnectionPool(host='superset', port=8088): Max retries exceeded with url: /api/v1/security/login (Caused by NewConnectionError('<urllib3.connection.HTTPConnection object at 0x7687acc5e450>: Failed to establish a new connection: [Errno -3] Temporary failure in name resolution'))). Ждём 3 c ...
[2025-04-29T22:24:24.405+0000] {superset_sync.py:68} INFO - Superset ещё не готов (HTTPConnectionPool(host='superset', port=8088): Max retries exceeded with url: /api/v1/security/login (Caused by NewConnectionError('<urllib3.connection.HTTPConnection object at 0x7687acc5e190>: Failed to establish a new connection: [Errno -3] Temporary failure in name resolution'))). Ждём 3 c ...
[2025-04-29T22:24:27.411+0000] {superset_sync.py:68} INFO - Superset ещё не готов (HTTPConnectionPool(host='superset', port=8088): Max retries exceeded with url: /api/v1/security/login (Caused by NewConnectionError('<urllib3.connection.HTTPConnection object at 0x7687acc5e390>: Failed to establish a new connection: [Errno -3] Temporary failure in name resolution'))). Ждём 3 c ...
[2025-04-29T22:24:30.416+0000] {superset_sync.py:68} INFO - Superset ещё не готов (HTTPConnectionPool(host='superset', port=8088): Max retries exceeded with url: /api/v1/security/login (Caused by NewConnectionError('<urllib3.connection.HTTPConnection object at 0x7687acc5e310>: Failed to establish a new connection: [Errno -3] Temporary failure in name resolution'))). Ждём 3 c ...
[2025-04-29T22:24:33.421+0000] {superset_sync.py:68} INFO - Superset ещё не готов (HTTPConnectionPool(host='superset', port=8088): Max retries exceeded with url: /api/v1/security/login (Caused by NewConnectionError('<urllib3.connection.HTTPConnection object at 0x7687acc5e510>: Failed to establish a new connection: [Errno -3] Temporary failure in name resolution'))). Ждём 3 c ...
[2025-04-29T22:24:36.426+0000] {superset_sync.py:68} INFO - Superset ещё не готов (HTTPConnectionPool(host='superset', port=8088): Max retries exceeded with url: /api/v1/security/login (Caused by NewConnectionError('<urllib3.connection.HTTPConnection object at 0x7687acc5e450>: Failed to establish a new connection: [Errno -3] Temporary failure in name resolution'))). Ждём 3 c ...
[2025-04-29T22:24:39.432+0000] {superset_sync.py:68} INFO - Superset ещё не готов (HTTPConnectionPool(host='superset', port=8088): Max retries exceeded with url: /api/v1/security/login (Caused by NewConnectionError('<urllib3.connection.HTTPConnection object at 0x7687acc5e190>: Failed to establish a new connection: [Errno -3] Temporary failure in name resolution'))). Ждём 3 c ...
[2025-04-29T22:24:42.438+0000] {superset_sync.py:68} INFO - Superset ещё не готов (HTTPConnectionPool(host='superset', port=8088): Max retries exceeded with url: /api/v1/security/login (Caused by NewConnectionError('<urllib3.connection.HTTPConnection object at 0x7687acc5e390>: Failed to establish a new connection: [Errno -3] Temporary failure in name resolution'))). Ждём 3 c ...
[2025-04-29T22:24:45.443+0000] {superset_sync.py:68} INFO - Superset ещё не готов (HTTPConnectionPool(host='superset', port=8088): Max retries exceeded with url: /api/v1/security/login (Caused by NewConnectionError('<urllib3.connection.HTTPConnection object at 0x7687acc5e310>: Failed to establish a new connection: [Errno -3] Temporary failure in name resolution'))). Ждём 3 c ...
[2025-04-29T22:24:48.451+0000] {superset_sync.py:68} INFO - Superset ещё не готов (HTTPConnectionPool(host='superset', port=8088): Max retries exceeded with url: /api/v1/security/login (Caused by NewConnectionError('<urllib3.connection.HTTPConnection object at 0x7687acc5e510>: Failed to establish a new connection: [Errno -3] Temporary failure in name resolution'))). Ждём 3 c ...
[2025-04-29T22:24:51.457+0000] {superset_sync.py:68} INFO - Superset ещё не готов (HTTPConnectionPool(host='superset', port=8088): Max retries exceeded with url: /api/v1/security/login (Caused by NewConnectionError('<urllib3.connection.HTTPConnection object at 0x7687acc5e450>: Failed to establish a new connection: [Errno -3] Temporary failure in name resolution'))). Ждём 3 c ...
[2025-04-29T22:24:54.461+0000] {superset_sync.py:68} INFO - Superset ещё не готов (HTTPConnectionPool(host='superset', port=8088): Max retries exceeded with url: /api/v1/security/login (Caused by NewConnectionError('<urllib3.connection.HTTPConnection object at 0x7687acc5e190>: Failed to establish a new connection: [Errno 111] Connection refused'))). Ждём 3 c ...
[2025-04-29T22:24:57.466+0000] {superset_sync.py:68} INFO - Superset ещё не готов (HTTPConnectionPool(host='superset', port=8088): Max retries exceeded with url: /api/v1/security/login (Caused by NewConnectionError('<urllib3.connection.HTTPConnection object at 0x7687acc44490>: Failed to establish a new connection: [Errno 111] Connection refused'))). Ждём 3 c ...
[2025-04-29T22:25:00.472+0000] {superset_sync.py:68} INFO - Superset ещё не готов (HTTPConnectionPool(host='superset', port=8088): Max retries exceeded with url: /api/v1/security/login (Caused by NewConnectionError('<urllib3.connection.HTTPConnection object at 0x7687acc92c90>: Failed to establish a new connection: [Errno -3] Temporary failure in name resolution'))). Ждём 3 c ...
[2025-04-29T22:25:03.480+0000] {superset_sync.py:68} INFO - Superset ещё не готов (HTTPConnectionPool(host='superset', port=8088): Max retries exceeded with url: /api/v1/security/login (Caused by NewConnectionError('<urllib3.connection.HTTPConnection object at 0x7687acc92d90>: Failed to establish a new connection: [Errno -3] Temporary failure in name resolution'))). Ждём 3 c ...
[2025-04-29T22:25:06.484+0000] {taskinstance.py:1824} ERROR - Task failed with exception
Traceback (most recent call last):
  File "/home/airflow/.local/lib/python3.7/site-packages/airflow/operators/python.py", line 181, in execute
    return_value = self.execute_callable()
  File "/home/airflow/.local/lib/python3.7/site-packages/airflow/operators/python.py", line 198, in execute_callable
    return self.python_callable(*self.op_args, **self.op_kwargs)
  File "/opt/airflow/dags/superset_sync.py", line 126, in task_datasets
    sess, head = _auth()
  File "/opt/airflow/dags/superset_sync.py", line 70, in _auth
    raise RuntimeError("Не удалось авторизоваться в Superset")
RuntimeError: Не удалось авторизоваться в Superset
[2025-04-29T22:25:06.502+0000] {taskinstance.py:1350} INFO - Marking task as FAILED. dag_id=superset_sync, task_id=dataset, execution_date=20250429T222100, start_date=20250429T222406, end_date=20250429T222506
[2025-04-29T22:25:06.522+0000] {standard_task_runner.py:109} ERROR - Failed to execute job 138 for task dataset (Не удалось авторизоваться в Superset; 347)
[2025-04-29T22:25:06.567+0000] {local_task_job_runner.py:225} INFO - Task exited with return code 1
[2025-04-29T22:25:06.604+0000] {taskinstance.py:2653} INFO - 0 downstream tasks scheduled from follow-on schedule check
