[2025-05-08T00:19:26.306+0000] {taskinstance.py:1103} INFO - Dependencies all met for dep_context=non-requeueable deps ti=<TaskInstance: graph_analysis.build_graph manual__2025-05-08T00:18:13.793678+00:00 [queued]>
[2025-05-08T00:19:26.311+0000] {taskinstance.py:1103} INFO - Dependencies all met for dep_context=requeueable deps ti=<TaskInstance: graph_analysis.build_graph manual__2025-05-08T00:18:13.793678+00:00 [queued]>
[2025-05-08T00:19:26.311+0000] {taskinstance.py:1308} INFO - Starting attempt 2 of 2
[2025-05-08T00:19:26.319+0000] {taskinstance.py:1327} INFO - Executing <Task(SparkSubmitOperator): build_graph> on 2025-05-08 00:18:13.793678+00:00
[2025-05-08T00:19:26.324+0000] {standard_task_runner.py:57} INFO - Started process 1004 to run task
[2025-05-08T00:19:26.326+0000] {standard_task_runner.py:84} INFO - Running: ['airflow', 'tasks', 'run', 'graph_analysis', 'build_graph', 'manual__2025-05-08T00:18:13.793678+00:00', '--job-id', '332', '--raw', '--subdir', 'DAGS_FOLDER/graph_analysis.py', '--cfg-path', '/tmp/tmpuqv98mi7']
[2025-05-08T00:19:26.327+0000] {standard_task_runner.py:85} INFO - Job 332: Subtask build_graph
[2025-05-08T00:19:26.339+0000] {logging_mixin.py:150} WARNING - /home/airflow/.local/lib/python3.8/site-packages/airflow/settings.py:195 DeprecationWarning: The sql_alchemy_conn option in [core] has been moved to the sql_alchemy_conn option in [database] - the old setting has been used, but please update your config.
[2025-05-08T00:19:26.365+0000] {task_command.py:410} INFO - Running <TaskInstance: graph_analysis.build_graph manual__2025-05-08T00:18:13.793678+00:00 [running]> on host 3530b0b864fd
[2025-05-08T00:19:26.431+0000] {taskinstance.py:1545} INFO - Exporting env vars: AIRFLOW_CTX_DAG_OWNER='finbest' AIRFLOW_CTX_DAG_ID='graph_analysis' AIRFLOW_CTX_TASK_ID='build_graph' AIRFLOW_CTX_EXECUTION_DATE='2025-05-08T00:18:13.793678+00:00' AIRFLOW_CTX_TRY_NUMBER='2' AIRFLOW_CTX_DAG_RUN_ID='manual__2025-05-08T00:18:13.793678+00:00'
[2025-05-08T00:19:26.440+0000] {base.py:73} INFO - Using connection ID 'spark_default' for task execution.
[2025-05-08T00:19:26.441+0000] {spark_submit.py:401} INFO - Spark-Submit cmd: spark-submit --master spark://spark-master:7077 --conf spark.driver.maxResultSize=512m --conf spark.sql.shuffle.partitions=10 --packages org.postgresql:postgresql:42.6.0,graphframes:graphframes:0.8.2-spark3.2-s_2.12 --executor-cores 1 --executor-memory 1g --driver-memory 1g --name arrow-spark --verbose /opt/airflow/spark/build_graph.py --jdbc jdbc:postgresql://postgres:5432/finbest --user finbest --password ******
[2025-05-08T00:19:26.457+0000] {spark_submit.py:571} INFO - /opt/spark/bin/load-spark-env.sh: line 68: ps: command not found
[2025-05-08T00:19:27.429+0000] {spark_submit.py:571} INFO - Using properties file: null
[2025-05-08T00:19:27.507+0000] {spark_submit.py:571} INFO - WARNING: An illegal reflective access operation has occurred
[2025-05-08T00:19:27.507+0000] {spark_submit.py:571} INFO - WARNING: Illegal reflective access by org.apache.spark.unsafe.Platform (file:/opt/spark/jars/spark-unsafe_2.12-3.2.4.jar) to constructor java.nio.DirectByteBuffer(long,int)
[2025-05-08T00:19:27.507+0000] {spark_submit.py:571} INFO - WARNING: Please consider reporting this to the maintainers of org.apache.spark.unsafe.Platform
[2025-05-08T00:19:27.508+0000] {spark_submit.py:571} INFO - WARNING: Use --illegal-access=warn to enable warnings of further illegal reflective access operations
[2025-05-08T00:19:27.508+0000] {spark_submit.py:571} INFO - WARNING: All illegal access operations will be denied in a future release
[2025-05-08T00:19:27.549+0000] {spark_submit.py:571} INFO - Parsed arguments:
[2025-05-08T00:19:27.549+0000] {spark_submit.py:571} INFO - master                  spark://spark-master:7077
[2025-05-08T00:19:27.549+0000] {spark_submit.py:571} INFO - deployMode              null
[2025-05-08T00:19:27.549+0000] {spark_submit.py:571} INFO - executorMemory          1g
[2025-05-08T00:19:27.549+0000] {spark_submit.py:571} INFO - executorCores           1
[2025-05-08T00:19:27.549+0000] {spark_submit.py:571} INFO - totalExecutorCores      null
[2025-05-08T00:19:27.549+0000] {spark_submit.py:571} INFO - propertiesFile          null
[2025-05-08T00:19:27.549+0000] {spark_submit.py:571} INFO - driverMemory            1g
[2025-05-08T00:19:27.549+0000] {spark_submit.py:571} INFO - driverCores             null
[2025-05-08T00:19:27.549+0000] {spark_submit.py:571} INFO - driverExtraClassPath    null
[2025-05-08T00:19:27.550+0000] {spark_submit.py:571} INFO - driverExtraLibraryPath  null
[2025-05-08T00:19:27.550+0000] {spark_submit.py:571} INFO - driverExtraJavaOptions  null
[2025-05-08T00:19:27.550+0000] {spark_submit.py:571} INFO - supervise               false
[2025-05-08T00:19:27.550+0000] {spark_submit.py:571} INFO - queue                   null
[2025-05-08T00:19:27.550+0000] {spark_submit.py:571} INFO - numExecutors            null
[2025-05-08T00:19:27.550+0000] {spark_submit.py:571} INFO - files                   null
[2025-05-08T00:19:27.550+0000] {spark_submit.py:571} INFO - pyFiles                 null
[2025-05-08T00:19:27.550+0000] {spark_submit.py:571} INFO - archives                null
[2025-05-08T00:19:27.550+0000] {spark_submit.py:571} INFO - mainClass               null
[2025-05-08T00:19:27.550+0000] {spark_submit.py:571} INFO - primaryResource         file:/opt/airflow/spark/build_graph.py
[2025-05-08T00:19:27.550+0000] {spark_submit.py:571} INFO - name                    arrow-spark
[2025-05-08T00:19:27.550+0000] {spark_submit.py:571} INFO - childArgs               [--jdbc jdbc:postgresql://postgres:5432/finbest --user finbest --password ***]
[2025-05-08T00:19:27.551+0000] {spark_submit.py:571} INFO - jars                    null
[2025-05-08T00:19:27.551+0000] {spark_submit.py:571} INFO - packages                org.postgresql:postgresql:42.6.0,graphframes:graphframes:0.8.2-spark3.2-s_2.12
[2025-05-08T00:19:27.551+0000] {spark_submit.py:571} INFO - packagesExclusions      null
[2025-05-08T00:19:27.551+0000] {spark_submit.py:571} INFO - repositories            null
[2025-05-08T00:19:27.551+0000] {spark_submit.py:571} INFO - verbose                 true
[2025-05-08T00:19:27.551+0000] {spark_submit.py:571} INFO - 
[2025-05-08T00:19:27.551+0000] {spark_submit.py:571} INFO - Spark properties used, including those specified through
[2025-05-08T00:19:27.551+0000] {spark_submit.py:571} INFO - --conf and those from the properties file null:
[2025-05-08T00:19:27.551+0000] {spark_submit.py:571} INFO - (spark.driver.memory,1g)
[2025-05-08T00:19:27.551+0000] {spark_submit.py:571} INFO - (spark.driver.maxResultSize,512m)
[2025-05-08T00:19:27.551+0000] {spark_submit.py:571} INFO - (spark.sql.shuffle.partitions,10)
[2025-05-08T00:19:27.551+0000] {spark_submit.py:571} INFO - 
[2025-05-08T00:19:27.552+0000] {spark_submit.py:571} INFO - 
[2025-05-08T00:19:27.667+0000] {spark_submit.py:571} INFO - :: loading settings :: url = jar:file:/opt/spark/jars/ivy-2.5.1.jar!/org/apache/ivy/core/settings/ivysettings.xml
[2025-05-08T00:19:27.756+0000] {spark_submit.py:571} INFO - Ivy Default Cache set to: /home/airflow/.ivy2/cache
[2025-05-08T00:19:27.757+0000] {spark_submit.py:571} INFO - The jars for the packages stored in: /home/airflow/.ivy2/jars
[2025-05-08T00:19:27.761+0000] {spark_submit.py:571} INFO - org.postgresql#postgresql added as a dependency
[2025-05-08T00:19:27.761+0000] {spark_submit.py:571} INFO - graphframes#graphframes added as a dependency
[2025-05-08T00:19:27.762+0000] {spark_submit.py:571} INFO - :: resolving dependencies :: org.apache.spark#spark-submit-parent-7905d204-da0c-4531-b553-3dd7c86c42ba;1.0
[2025-05-08T00:19:27.762+0000] {spark_submit.py:571} INFO - confs: [default]
[2025-05-08T00:19:27.879+0000] {spark_submit.py:571} INFO - found org.postgresql#postgresql;42.6.0 in central
[2025-05-08T00:19:27.907+0000] {spark_submit.py:571} INFO - found org.checkerframework#checker-qual;3.31.0 in central
[2025-05-08T00:19:27.929+0000] {spark_submit.py:571} INFO - found graphframes#graphframes;0.8.2-spark3.2-s_2.12 in spark-packages
[2025-05-08T00:19:27.955+0000] {spark_submit.py:571} INFO - found org.slf4j#slf4j-api;1.7.16 in central
[2025-05-08T00:19:27.977+0000] {spark_submit.py:571} INFO - :: resolution report :: resolve 205ms :: artifacts dl 10ms
[2025-05-08T00:19:27.978+0000] {spark_submit.py:571} INFO - :: modules in use:
[2025-05-08T00:19:27.978+0000] {spark_submit.py:571} INFO - graphframes#graphframes;0.8.2-spark3.2-s_2.12 from spark-packages in [default]
[2025-05-08T00:19:27.978+0000] {spark_submit.py:571} INFO - org.checkerframework#checker-qual;3.31.0 from central in [default]
[2025-05-08T00:19:27.978+0000] {spark_submit.py:571} INFO - org.postgresql#postgresql;42.6.0 from central in [default]
[2025-05-08T00:19:27.978+0000] {spark_submit.py:571} INFO - org.slf4j#slf4j-api;1.7.16 from central in [default]
[2025-05-08T00:19:27.978+0000] {spark_submit.py:571} INFO - ---------------------------------------------------------------------
[2025-05-08T00:19:27.978+0000] {spark_submit.py:571} INFO - |                  |            modules            ||   artifacts   |
[2025-05-08T00:19:27.978+0000] {spark_submit.py:571} INFO - |       conf       | number| search|dwnlded|evicted|| number|dwnlded|
[2025-05-08T00:19:27.978+0000] {spark_submit.py:571} INFO - ---------------------------------------------------------------------
[2025-05-08T00:19:27.978+0000] {spark_submit.py:571} INFO - |      default     |   4   |   0   |   0   |   0   ||   4   |   0   |
[2025-05-08T00:19:27.978+0000] {spark_submit.py:571} INFO - ---------------------------------------------------------------------
[2025-05-08T00:19:27.983+0000] {spark_submit.py:571} INFO - :: retrieving :: org.apache.spark#spark-submit-parent-7905d204-da0c-4531-b553-3dd7c86c42ba
[2025-05-08T00:19:27.983+0000] {spark_submit.py:571} INFO - confs: [default]
[2025-05-08T00:19:27.989+0000] {spark_submit.py:571} INFO - 0 artifacts copied, 4 already retrieved (0kB/7ms)
[2025-05-08T00:19:28.208+0000] {spark_submit.py:571} INFO - 25/05/08 00:19:28 WARN NativeCodeLoader: Unable to load native-hadoop library for your platform... using builtin-java classes where applicable
[2025-05-08T00:19:28.360+0000] {spark_submit.py:571} INFO - Main class:
[2025-05-08T00:19:28.360+0000] {spark_submit.py:571} INFO - org.apache.spark.deploy.PythonRunner
[2025-05-08T00:19:28.360+0000] {spark_submit.py:571} INFO - Arguments:
[2025-05-08T00:19:28.360+0000] {spark_submit.py:571} INFO - file:/opt/airflow/spark/build_graph.py
[2025-05-08T00:19:28.360+0000] {spark_submit.py:571} INFO - file:///home/airflow/.ivy2/jars/org.postgresql_postgresql-42.6.0.jar,file:///home/airflow/.ivy2/jars/graphframes_graphframes-0.8.2-spark3.2-s_2.12.jar,file:///home/airflow/.ivy2/jars/org.checkerframework_checker-qual-3.31.0.jar,file:///home/airflow/.ivy2/jars/org.slf4j_slf4j-api-1.7.16.jar
[2025-05-08T00:19:28.360+0000] {spark_submit.py:571} INFO - --jdbc
[2025-05-08T00:19:28.360+0000] {spark_submit.py:571} INFO - jdbc:postgresql://postgres:5432/finbest
[2025-05-08T00:19:28.360+0000] {spark_submit.py:571} INFO - --user
[2025-05-08T00:19:28.361+0000] {spark_submit.py:571} INFO - finbest
[2025-05-08T00:19:28.361+0000] {spark_submit.py:571} INFO - --password
[2025-05-08T00:19:28.361+0000] {spark_submit.py:571} INFO - ***
[2025-05-08T00:19:28.362+0000] {spark_submit.py:571} INFO - Spark config:
[2025-05-08T00:19:28.362+0000] {spark_submit.py:571} INFO - (spark.driver.maxResultSize,512m)
[2025-05-08T00:19:28.362+0000] {spark_submit.py:571} INFO - (spark.jars,file:///home/airflow/.ivy2/jars/org.postgresql_postgresql-42.6.0.jar,file:///home/airflow/.ivy2/jars/graphframes_graphframes-0.8.2-spark3.2-s_2.12.jar,file:///home/airflow/.ivy2/jars/org.checkerframework_checker-qual-3.31.0.jar,file:///home/airflow/.ivy2/jars/org.slf4j_slf4j-api-1.7.16.jar)
[2025-05-08T00:19:28.362+0000] {spark_submit.py:571} INFO - (spark.app.name,arrow-spark)
[2025-05-08T00:19:28.363+0000] {spark_submit.py:571} INFO - (spark.driver.memory,1g)
[2025-05-08T00:19:28.363+0000] {spark_submit.py:571} INFO - (spark.submit.pyFiles,/home/airflow/.ivy2/jars/org.postgresql_postgresql-42.6.0.jar,/home/airflow/.ivy2/jars/graphframes_graphframes-0.8.2-spark3.2-s_2.12.jar,/home/airflow/.ivy2/jars/org.checkerframework_checker-qual-3.31.0.jar,/home/airflow/.ivy2/jars/org.slf4j_slf4j-api-1.7.16.jar)
[2025-05-08T00:19:28.363+0000] {spark_submit.py:571} INFO - (spark.files,file:///home/airflow/.ivy2/jars/org.postgresql_postgresql-42.6.0.jar,file:///home/airflow/.ivy2/jars/graphframes_graphframes-0.8.2-spark3.2-s_2.12.jar,file:///home/airflow/.ivy2/jars/org.checkerframework_checker-qual-3.31.0.jar,file:///home/airflow/.ivy2/jars/org.slf4j_slf4j-api-1.7.16.jar)
[2025-05-08T00:19:28.363+0000] {spark_submit.py:571} INFO - (spark.submit.deployMode,client)
[2025-05-08T00:19:28.363+0000] {spark_submit.py:571} INFO - (spark.master,spark://spark-master:7077)
[2025-05-08T00:19:28.363+0000] {spark_submit.py:571} INFO - (spark.executor.memory,1g)
[2025-05-08T00:19:28.363+0000] {spark_submit.py:571} INFO - (spark.executor.cores,1)
[2025-05-08T00:19:28.363+0000] {spark_submit.py:571} INFO - (spark.repl.local.jars,file:///home/airflow/.ivy2/jars/org.postgresql_postgresql-42.6.0.jar,file:///home/airflow/.ivy2/jars/graphframes_graphframes-0.8.2-spark3.2-s_2.12.jar,file:///home/airflow/.ivy2/jars/org.checkerframework_checker-qual-3.31.0.jar,file:///home/airflow/.ivy2/jars/org.slf4j_slf4j-api-1.7.16.jar)
[2025-05-08T00:19:28.363+0000] {spark_submit.py:571} INFO - (spark.sql.shuffle.partitions,10)
[2025-05-08T00:19:28.363+0000] {spark_submit.py:571} INFO - Classpath elements:
[2025-05-08T00:19:28.363+0000] {spark_submit.py:571} INFO - file:///home/airflow/.ivy2/jars/org.postgresql_postgresql-42.6.0.jar
[2025-05-08T00:19:28.364+0000] {spark_submit.py:571} INFO - file:///home/airflow/.ivy2/jars/graphframes_graphframes-0.8.2-spark3.2-s_2.12.jar
[2025-05-08T00:19:28.364+0000] {spark_submit.py:571} INFO - file:///home/airflow/.ivy2/jars/org.checkerframework_checker-qual-3.31.0.jar
[2025-05-08T00:19:28.364+0000] {spark_submit.py:571} INFO - file:///home/airflow/.ivy2/jars/org.slf4j_slf4j-api-1.7.16.jar
[2025-05-08T00:19:28.364+0000] {spark_submit.py:571} INFO - 
[2025-05-08T00:19:28.364+0000] {spark_submit.py:571} INFO - 
[2025-05-08T00:19:29.601+0000] {spark_submit.py:571} INFO - Using Spark's default log4j profile: org/apache/spark/log4j-defaults.properties
[2025-05-08T00:19:29.609+0000] {spark_submit.py:571} INFO - 25/05/08 00:19:29 INFO SparkContext: Running Spark version 3.2.4
[2025-05-08T00:19:29.625+0000] {spark_submit.py:571} INFO - 25/05/08 00:19:29 INFO ResourceUtils: ==============================================================
[2025-05-08T00:19:29.626+0000] {spark_submit.py:571} INFO - 25/05/08 00:19:29 INFO ResourceUtils: No custom resources configured for spark.driver.
[2025-05-08T00:19:29.626+0000] {spark_submit.py:571} INFO - 25/05/08 00:19:29 INFO ResourceUtils: ==============================================================
[2025-05-08T00:19:29.626+0000] {spark_submit.py:571} INFO - 25/05/08 00:19:29 INFO SparkContext: Submitted application: FinBestGraphAnalysis
[2025-05-08T00:19:29.644+0000] {spark_submit.py:571} INFO - 25/05/08 00:19:29 INFO ResourceProfile: Default ResourceProfile created, executor resources: Map(cores -> name: cores, amount: 1, script: , vendor: , memory -> name: memory, amount: 1024, script: , vendor: , offHeap -> name: offHeap, amount: 0, script: , vendor: ), task resources: Map(cpus -> name: cpus, amount: 1.0)
[2025-05-08T00:19:29.655+0000] {spark_submit.py:571} INFO - 25/05/08 00:19:29 INFO ResourceProfile: Limiting resource is cpus at 1 tasks per executor
[2025-05-08T00:19:29.657+0000] {spark_submit.py:571} INFO - 25/05/08 00:19:29 INFO ResourceProfileManager: Added ResourceProfile id: 0
[2025-05-08T00:19:29.699+0000] {spark_submit.py:571} INFO - 25/05/08 00:19:29 INFO SecurityManager: Changing view acls to: airflow
[2025-05-08T00:19:29.699+0000] {spark_submit.py:571} INFO - 25/05/08 00:19:29 INFO SecurityManager: Changing modify acls to: airflow
[2025-05-08T00:19:29.699+0000] {spark_submit.py:571} INFO - 25/05/08 00:19:29 INFO SecurityManager: Changing view acls groups to:
[2025-05-08T00:19:29.699+0000] {spark_submit.py:571} INFO - 25/05/08 00:19:29 INFO SecurityManager: Changing modify acls groups to:
[2025-05-08T00:19:29.700+0000] {spark_submit.py:571} INFO - 25/05/08 00:19:29 INFO SecurityManager: SecurityManager: authentication disabled; ui acls disabled; users  with view permissions: Set(airflow); groups with view permissions: Set(); users  with modify permissions: Set(airflow); groups with modify permissions: Set()
[2025-05-08T00:19:29.954+0000] {spark_submit.py:571} INFO - 25/05/08 00:19:29 INFO Utils: Successfully started service 'sparkDriver' on port 33307.
[2025-05-08T00:19:29.979+0000] {spark_submit.py:571} INFO - 25/05/08 00:19:29 INFO SparkEnv: Registering MapOutputTracker
[2025-05-08T00:19:30.013+0000] {spark_submit.py:571} INFO - 25/05/08 00:19:30 INFO SparkEnv: Registering BlockManagerMaster
[2025-05-08T00:19:30.035+0000] {spark_submit.py:571} INFO - 25/05/08 00:19:30 INFO BlockManagerMasterEndpoint: Using org.apache.spark.storage.DefaultTopologyMapper for getting topology information
[2025-05-08T00:19:30.035+0000] {spark_submit.py:571} INFO - 25/05/08 00:19:30 INFO BlockManagerMasterEndpoint: BlockManagerMasterEndpoint up
[2025-05-08T00:19:30.041+0000] {spark_submit.py:571} INFO - 25/05/08 00:19:30 INFO SparkEnv: Registering BlockManagerMasterHeartbeat
[2025-05-08T00:19:30.071+0000] {spark_submit.py:571} INFO - 25/05/08 00:19:30 INFO DiskBlockManager: Created local directory at /tmp/blockmgr-47b1d0ec-a635-4fd8-81df-6997e7127321
[2025-05-08T00:19:30.097+0000] {spark_submit.py:571} INFO - 25/05/08 00:19:30 INFO MemoryStore: MemoryStore started with capacity 434.4 MiB
[2025-05-08T00:19:30.115+0000] {spark_submit.py:571} INFO - 25/05/08 00:19:30 INFO SparkEnv: Registering OutputCommitCoordinator
[2025-05-08T00:19:30.303+0000] {spark_submit.py:571} INFO - 25/05/08 00:19:30 INFO Utils: Successfully started service 'SparkUI' on port 4040.
[2025-05-08T00:19:30.344+0000] {spark_submit.py:571} INFO - 25/05/08 00:19:30 INFO SparkUI: Bound SparkUI to 0.0.0.0, and started at http://3530b0b864fd:4040
[2025-05-08T00:19:30.353+0000] {spark_submit.py:571} INFO - 25/05/08 00:19:30 INFO SparkContext: Added JAR file:///home/airflow/.ivy2/jars/org.postgresql_postgresql-42.6.0.jar at spark://3530b0b864fd:33307/jars/org.postgresql_postgresql-42.6.0.jar with timestamp 1746663569600
[2025-05-08T00:19:30.353+0000] {spark_submit.py:571} INFO - 25/05/08 00:19:30 INFO SparkContext: Added JAR file:///home/airflow/.ivy2/jars/graphframes_graphframes-0.8.2-spark3.2-s_2.12.jar at spark://3530b0b864fd:33307/jars/graphframes_graphframes-0.8.2-spark3.2-s_2.12.jar with timestamp 1746663569600
[2025-05-08T00:19:30.353+0000] {spark_submit.py:571} INFO - 25/05/08 00:19:30 INFO SparkContext: Added JAR file:///home/airflow/.ivy2/jars/org.checkerframework_checker-qual-3.31.0.jar at spark://3530b0b864fd:33307/jars/org.checkerframework_checker-qual-3.31.0.jar with timestamp 1746663569600
[2025-05-08T00:19:30.353+0000] {spark_submit.py:571} INFO - 25/05/08 00:19:30 INFO SparkContext: Added JAR file:///home/airflow/.ivy2/jars/org.slf4j_slf4j-api-1.7.16.jar at spark://3530b0b864fd:33307/jars/org.slf4j_slf4j-api-1.7.16.jar with timestamp 1746663569600
[2025-05-08T00:19:30.356+0000] {spark_submit.py:571} INFO - 25/05/08 00:19:30 INFO SparkContext: Added file file:///home/airflow/.ivy2/jars/org.postgresql_postgresql-42.6.0.jar at spark://3530b0b864fd:33307/files/org.postgresql_postgresql-42.6.0.jar with timestamp 1746663569600
[2025-05-08T00:19:30.357+0000] {spark_submit.py:571} INFO - 25/05/08 00:19:30 INFO Utils: Copying /home/airflow/.ivy2/jars/org.postgresql_postgresql-42.6.0.jar to /tmp/spark-b37cb529-5c47-4987-b9bf-fc6f8d7a5b27/userFiles-866badb1-b7ba-4baf-8ad3-eaec223b48e1/org.postgresql_postgresql-42.6.0.jar
[2025-05-08T00:19:30.367+0000] {spark_submit.py:571} INFO - 25/05/08 00:19:30 INFO SparkContext: Added file file:///home/airflow/.ivy2/jars/graphframes_graphframes-0.8.2-spark3.2-s_2.12.jar at spark://3530b0b864fd:33307/files/graphframes_graphframes-0.8.2-spark3.2-s_2.12.jar with timestamp 1746663569600
[2025-05-08T00:19:30.367+0000] {spark_submit.py:571} INFO - 25/05/08 00:19:30 INFO Utils: Copying /home/airflow/.ivy2/jars/graphframes_graphframes-0.8.2-spark3.2-s_2.12.jar to /tmp/spark-b37cb529-5c47-4987-b9bf-fc6f8d7a5b27/userFiles-866badb1-b7ba-4baf-8ad3-eaec223b48e1/graphframes_graphframes-0.8.2-spark3.2-s_2.12.jar
[2025-05-08T00:19:30.372+0000] {spark_submit.py:571} INFO - 25/05/08 00:19:30 INFO SparkContext: Added file file:///home/airflow/.ivy2/jars/org.checkerframework_checker-qual-3.31.0.jar at spark://3530b0b864fd:33307/files/org.checkerframework_checker-qual-3.31.0.jar with timestamp 1746663569600
[2025-05-08T00:19:30.372+0000] {spark_submit.py:571} INFO - 25/05/08 00:19:30 INFO Utils: Copying /home/airflow/.ivy2/jars/org.checkerframework_checker-qual-3.31.0.jar to /tmp/spark-b37cb529-5c47-4987-b9bf-fc6f8d7a5b27/userFiles-866badb1-b7ba-4baf-8ad3-eaec223b48e1/org.checkerframework_checker-qual-3.31.0.jar
[2025-05-08T00:19:30.375+0000] {spark_submit.py:571} INFO - 25/05/08 00:19:30 INFO SparkContext: Added file file:///home/airflow/.ivy2/jars/org.slf4j_slf4j-api-1.7.16.jar at spark://3530b0b864fd:33307/files/org.slf4j_slf4j-api-1.7.16.jar with timestamp 1746663569600
[2025-05-08T00:19:30.376+0000] {spark_submit.py:571} INFO - 25/05/08 00:19:30 INFO Utils: Copying /home/airflow/.ivy2/jars/org.slf4j_slf4j-api-1.7.16.jar to /tmp/spark-b37cb529-5c47-4987-b9bf-fc6f8d7a5b27/userFiles-866badb1-b7ba-4baf-8ad3-eaec223b48e1/org.slf4j_slf4j-api-1.7.16.jar
[2025-05-08T00:19:30.507+0000] {spark_submit.py:571} INFO - 25/05/08 00:19:30 INFO StandaloneAppClient$ClientEndpoint: Connecting to master spark://spark-master:7077...
[2025-05-08T00:19:30.541+0000] {spark_submit.py:571} INFO - 25/05/08 00:19:30 INFO TransportClientFactory: Successfully created connection to spark-master/172.20.0.5:7077 after 22 ms (0 ms spent in bootstraps)
[2025-05-08T00:19:30.616+0000] {spark_submit.py:571} INFO - 25/05/08 00:19:30 INFO StandaloneSchedulerBackend: Connected to Spark cluster with app ID app-20250508001930-0002
[2025-05-08T00:19:30.618+0000] {spark_submit.py:571} INFO - 25/05/08 00:19:30 INFO StandaloneAppClient$ClientEndpoint: Executor added: app-20250508001930-0002/0 on worker-20250508001358-172.20.0.6-43743 (172.20.0.6:43743) with 1 core(s)
[2025-05-08T00:19:30.620+0000] {spark_submit.py:571} INFO - 25/05/08 00:19:30 INFO StandaloneSchedulerBackend: Granted executor ID app-20250508001930-0002/0 on hostPort 172.20.0.6:43743 with 1 core(s), 1024.0 MiB RAM
[2025-05-08T00:19:30.624+0000] {spark_submit.py:571} INFO - 25/05/08 00:19:30 INFO Utils: Successfully started service 'org.apache.spark.network.netty.NettyBlockTransferService' on port 38809.
[2025-05-08T00:19:30.624+0000] {spark_submit.py:571} INFO - 25/05/08 00:19:30 INFO NettyBlockTransferService: Server created on 3530b0b864fd:38809
[2025-05-08T00:19:30.626+0000] {spark_submit.py:571} INFO - 25/05/08 00:19:30 INFO BlockManager: Using org.apache.spark.storage.RandomBlockReplicationPolicy for block replication policy
[2025-05-08T00:19:30.631+0000] {spark_submit.py:571} INFO - 25/05/08 00:19:30 INFO BlockManagerMaster: Registering BlockManager BlockManagerId(driver, 3530b0b864fd, 38809, None)
[2025-05-08T00:19:30.633+0000] {spark_submit.py:571} INFO - 25/05/08 00:19:30 INFO BlockManagerMasterEndpoint: Registering block manager 3530b0b864fd:38809 with 434.4 MiB RAM, BlockManagerId(driver, 3530b0b864fd, 38809, None)
[2025-05-08T00:19:30.634+0000] {spark_submit.py:571} INFO - 25/05/08 00:19:30 INFO BlockManagerMaster: Registered BlockManager BlockManagerId(driver, 3530b0b864fd, 38809, None)
[2025-05-08T00:19:30.635+0000] {spark_submit.py:571} INFO - 25/05/08 00:19:30 INFO BlockManager: Initialized BlockManager: BlockManagerId(driver, 3530b0b864fd, 38809, None)
[2025-05-08T00:19:30.660+0000] {spark_submit.py:571} INFO - 25/05/08 00:19:30 INFO StandaloneAppClient$ClientEndpoint: Executor updated: app-20250508001930-0002/0 is now RUNNING
[2025-05-08T00:19:30.827+0000] {spark_submit.py:571} INFO - 25/05/08 00:19:30 INFO StandaloneSchedulerBackend: SchedulerBackend is ready for scheduling beginning after reached minRegisteredResourcesRatio: 0.0
[2025-05-08T00:19:31.009+0000] {spark_submit.py:571} INFO - 25/05/08 00:19:31 INFO SharedState: Setting hive.metastore.warehouse.dir ('null') to the value of spark.sql.warehouse.dir.
[2025-05-08T00:19:31.012+0000] {spark_submit.py:571} INFO - 25/05/08 00:19:31 INFO SharedState: Warehouse path is 'file:/opt/airflow/spark-warehouse'.
[2025-05-08T00:19:31.636+0000] {spark_submit.py:571} INFO - 2025-05-08 00:19:31,636 [INFO] SparkSession создана
[2025-05-08T00:19:31.637+0000] {spark_submit.py:571} INFO - 2025-05-08 00:19:31,636 [INFO] Загружаем клиентов и транзакции
[2025-05-08T00:19:32.895+0000] {spark_submit.py:571} INFO - 25/05/08 00:19:32 INFO CoarseGrainedSchedulerBackend$DriverEndpoint: Registered executor NettyRpcEndpointRef(spark-client://Executor) (172.20.0.6:42606) with ID 0,  ResourceProfileId 0
[2025-05-08T00:19:33.050+0000] {spark_submit.py:571} INFO - 25/05/08 00:19:33 INFO BlockManagerMasterEndpoint: Registering block manager 172.20.0.6:44725 with 434.4 MiB RAM, BlockManagerId(0, 172.20.0.6, 44725, None)
[2025-05-08T00:19:34.276+0000] {spark_submit.py:571} INFO - 25/05/08 00:19:34 INFO CodeGenerator: Code generated in 99.855869 ms
[2025-05-08T00:19:34.327+0000] {spark_submit.py:571} INFO - 25/05/08 00:19:34 INFO DAGScheduler: Registering RDD 2 (count at NativeMethodAccessorImpl.java:0) as input to shuffle 0
[2025-05-08T00:19:34.331+0000] {spark_submit.py:571} INFO - 25/05/08 00:19:34 INFO DAGScheduler: Got map stage job 0 (count at NativeMethodAccessorImpl.java:0) with 1 output partitions
[2025-05-08T00:19:34.332+0000] {spark_submit.py:571} INFO - 25/05/08 00:19:34 INFO DAGScheduler: Final stage: ShuffleMapStage 0 (count at NativeMethodAccessorImpl.java:0)
[2025-05-08T00:19:34.332+0000] {spark_submit.py:571} INFO - 25/05/08 00:19:34 INFO DAGScheduler: Parents of final stage: List()
[2025-05-08T00:19:34.333+0000] {spark_submit.py:571} INFO - 25/05/08 00:19:34 INFO DAGScheduler: Missing parents: List()
[2025-05-08T00:19:34.336+0000] {spark_submit.py:571} INFO - 25/05/08 00:19:34 INFO DAGScheduler: Submitting ShuffleMapStage 0 (MapPartitionsRDD[2] at count at NativeMethodAccessorImpl.java:0), which has no missing parents
[2025-05-08T00:19:34.429+0000] {spark_submit.py:571} INFO - 25/05/08 00:19:34 INFO MemoryStore: Block broadcast_0 stored as values in memory (estimated size 12.9 KiB, free 434.4 MiB)
[2025-05-08T00:19:34.451+0000] {spark_submit.py:571} INFO - 25/05/08 00:19:34 INFO MemoryStore: Block broadcast_0_piece0 stored as bytes in memory (estimated size 6.8 KiB, free 434.4 MiB)
[2025-05-08T00:19:34.453+0000] {spark_submit.py:571} INFO - 25/05/08 00:19:34 INFO BlockManagerInfo: Added broadcast_0_piece0 in memory on 3530b0b864fd:38809 (size: 6.8 KiB, free: 434.4 MiB)
[2025-05-08T00:19:34.458+0000] {spark_submit.py:571} INFO - 25/05/08 00:19:34 INFO SparkContext: Created broadcast 0 from broadcast at DAGScheduler.scala:1474
[2025-05-08T00:19:34.470+0000] {spark_submit.py:571} INFO - 25/05/08 00:19:34 INFO DAGScheduler: Submitting 1 missing tasks from ShuffleMapStage 0 (MapPartitionsRDD[2] at count at NativeMethodAccessorImpl.java:0) (first 15 tasks are for partitions Vector(0))
[2025-05-08T00:19:34.470+0000] {spark_submit.py:571} INFO - 25/05/08 00:19:34 INFO TaskSchedulerImpl: Adding task set 0.0 with 1 tasks resource profile 0
[2025-05-08T00:19:34.498+0000] {spark_submit.py:571} INFO - 25/05/08 00:19:34 INFO TaskSetManager: Starting task 0.0 in stage 0.0 (TID 0) (172.20.0.6, executor 0, partition 0, PROCESS_LOCAL, 4292 bytes) taskResourceAssignments Map()
[2025-05-08T00:19:34.677+0000] {spark_submit.py:571} INFO - 25/05/08 00:19:34 INFO BlockManagerInfo: Added broadcast_0_piece0 in memory on 172.20.0.6:44725 (size: 6.8 KiB, free: 434.4 MiB)
[2025-05-08T00:19:35.530+0000] {spark_submit.py:571} INFO - 25/05/08 00:19:35 INFO TaskSetManager: Finished task 0.0 in stage 0.0 (TID 0) in 1041 ms on 172.20.0.6 (executor 0) (1/1)
[2025-05-08T00:19:35.531+0000] {spark_submit.py:571} INFO - 25/05/08 00:19:35 INFO TaskSchedulerImpl: Removed TaskSet 0.0, whose tasks have all completed, from pool
[2025-05-08T00:19:35.536+0000] {spark_submit.py:571} INFO - 25/05/08 00:19:35 INFO DAGScheduler: ShuffleMapStage 0 (count at NativeMethodAccessorImpl.java:0) finished in 1.190 s
[2025-05-08T00:19:35.536+0000] {spark_submit.py:571} INFO - 25/05/08 00:19:35 INFO DAGScheduler: looking for newly runnable stages
[2025-05-08T00:19:35.538+0000] {spark_submit.py:571} INFO - 25/05/08 00:19:35 INFO DAGScheduler: running: Set()
[2025-05-08T00:19:35.539+0000] {spark_submit.py:571} INFO - 25/05/08 00:19:35 INFO DAGScheduler: waiting: Set()
[2025-05-08T00:19:35.539+0000] {spark_submit.py:571} INFO - 25/05/08 00:19:35 INFO DAGScheduler: failed: Set()
[2025-05-08T00:19:35.577+0000] {spark_submit.py:571} INFO - 25/05/08 00:19:35 INFO CodeGenerator: Code generated in 12.890382 ms
[2025-05-08T00:19:35.622+0000] {spark_submit.py:571} INFO - 25/05/08 00:19:35 INFO BlockManagerInfo: Removed broadcast_0_piece0 on 3530b0b864fd:38809 in memory (size: 6.8 KiB, free: 434.4 MiB)
[2025-05-08T00:19:35.630+0000] {spark_submit.py:571} INFO - 25/05/08 00:19:35 INFO SparkContext: Starting job: count at NativeMethodAccessorImpl.java:0
[2025-05-08T00:19:35.633+0000] {spark_submit.py:571} INFO - 25/05/08 00:19:35 INFO DAGScheduler: Got job 1 (count at NativeMethodAccessorImpl.java:0) with 1 output partitions
[2025-05-08T00:19:35.634+0000] {spark_submit.py:571} INFO - 25/05/08 00:19:35 INFO DAGScheduler: Final stage: ResultStage 2 (count at NativeMethodAccessorImpl.java:0)
[2025-05-08T00:19:35.634+0000] {spark_submit.py:571} INFO - 25/05/08 00:19:35 INFO DAGScheduler: Parents of final stage: List(ShuffleMapStage 1)
[2025-05-08T00:19:35.634+0000] {spark_submit.py:571} INFO - 25/05/08 00:19:35 INFO DAGScheduler: Missing parents: List()
[2025-05-08T00:19:35.637+0000] {spark_submit.py:571} INFO - 25/05/08 00:19:35 INFO DAGScheduler: Submitting ResultStage 2 (MapPartitionsRDD[5] at count at NativeMethodAccessorImpl.java:0), which has no missing parents
[2025-05-08T00:19:35.642+0000] {spark_submit.py:571} INFO - 25/05/08 00:19:35 INFO BlockManagerInfo: Removed broadcast_0_piece0 on 172.20.0.6:44725 in memory (size: 6.8 KiB, free: 434.4 MiB)
[2025-05-08T00:19:35.650+0000] {spark_submit.py:571} INFO - 25/05/08 00:19:35 INFO MemoryStore: Block broadcast_1 stored as values in memory (estimated size 11.0 KiB, free 434.4 MiB)
[2025-05-08T00:19:35.651+0000] {spark_submit.py:571} INFO - 25/05/08 00:19:35 INFO MemoryStore: Block broadcast_1_piece0 stored as bytes in memory (estimated size 5.5 KiB, free 434.4 MiB)
[2025-05-08T00:19:35.652+0000] {spark_submit.py:571} INFO - 25/05/08 00:19:35 INFO BlockManagerInfo: Added broadcast_1_piece0 in memory on 3530b0b864fd:38809 (size: 5.5 KiB, free: 434.4 MiB)
[2025-05-08T00:19:35.653+0000] {spark_submit.py:571} INFO - 25/05/08 00:19:35 INFO SparkContext: Created broadcast 1 from broadcast at DAGScheduler.scala:1474
[2025-05-08T00:19:35.656+0000] {spark_submit.py:571} INFO - 25/05/08 00:19:35 INFO DAGScheduler: Submitting 1 missing tasks from ResultStage 2 (MapPartitionsRDD[5] at count at NativeMethodAccessorImpl.java:0) (first 15 tasks are for partitions Vector(0))
[2025-05-08T00:19:35.657+0000] {spark_submit.py:571} INFO - 25/05/08 00:19:35 INFO TaskSchedulerImpl: Adding task set 2.0 with 1 tasks resource profile 0
[2025-05-08T00:19:35.664+0000] {spark_submit.py:571} INFO - 25/05/08 00:19:35 INFO TaskSetManager: Starting task 0.0 in stage 2.0 (TID 1) (172.20.0.6, executor 0, partition 0, NODE_LOCAL, 4457 bytes) taskResourceAssignments Map()
[2025-05-08T00:19:35.688+0000] {spark_submit.py:571} INFO - 25/05/08 00:19:35 INFO BlockManagerInfo: Added broadcast_1_piece0 in memory on 172.20.0.6:44725 (size: 5.5 KiB, free: 434.4 MiB)
[2025-05-08T00:19:35.761+0000] {spark_submit.py:571} INFO - 25/05/08 00:19:35 INFO MapOutputTrackerMasterEndpoint: Asked to send map output locations for shuffle 0 to 172.20.0.6:42606
[2025-05-08T00:19:35.948+0000] {spark_submit.py:571} INFO - 25/05/08 00:19:35 INFO TaskSetManager: Finished task 0.0 in stage 2.0 (TID 1) in 287 ms on 172.20.0.6 (executor 0) (1/1)
[2025-05-08T00:19:35.948+0000] {spark_submit.py:571} INFO - 25/05/08 00:19:35 INFO TaskSchedulerImpl: Removed TaskSet 2.0, whose tasks have all completed, from pool
[2025-05-08T00:19:35.949+0000] {spark_submit.py:571} INFO - 25/05/08 00:19:35 INFO DAGScheduler: ResultStage 2 (count at NativeMethodAccessorImpl.java:0) finished in 0.303 s
[2025-05-08T00:19:35.950+0000] {spark_submit.py:571} INFO - 25/05/08 00:19:35 INFO DAGScheduler: Job 1 is finished. Cancelling potential speculative or zombie tasks for this job
[2025-05-08T00:19:35.950+0000] {spark_submit.py:571} INFO - 25/05/08 00:19:35 INFO TaskSchedulerImpl: Killing all running tasks in stage 2: Stage finished
[2025-05-08T00:19:35.951+0000] {spark_submit.py:571} INFO - 25/05/08 00:19:35 INFO DAGScheduler: Job 1 finished: count at NativeMethodAccessorImpl.java:0, took 0.321759 s
[2025-05-08T00:19:35.992+0000] {spark_submit.py:571} INFO - 25/05/08 00:19:35 INFO DAGScheduler: Registering RDD 8 (count at NativeMethodAccessorImpl.java:0) as input to shuffle 1
[2025-05-08T00:19:35.993+0000] {spark_submit.py:571} INFO - 25/05/08 00:19:35 INFO DAGScheduler: Got map stage job 2 (count at NativeMethodAccessorImpl.java:0) with 1 output partitions
[2025-05-08T00:19:35.993+0000] {spark_submit.py:571} INFO - 25/05/08 00:19:35 INFO DAGScheduler: Final stage: ShuffleMapStage 3 (count at NativeMethodAccessorImpl.java:0)
[2025-05-08T00:19:35.993+0000] {spark_submit.py:571} INFO - 25/05/08 00:19:35 INFO DAGScheduler: Parents of final stage: List()
[2025-05-08T00:19:35.993+0000] {spark_submit.py:571} INFO - 25/05/08 00:19:35 INFO DAGScheduler: Missing parents: List()
[2025-05-08T00:19:35.993+0000] {spark_submit.py:571} INFO - 25/05/08 00:19:35 INFO DAGScheduler: Submitting ShuffleMapStage 3 (MapPartitionsRDD[8] at count at NativeMethodAccessorImpl.java:0), which has no missing parents
[2025-05-08T00:19:35.997+0000] {spark_submit.py:571} INFO - 25/05/08 00:19:35 INFO MemoryStore: Block broadcast_2 stored as values in memory (estimated size 12.9 KiB, free 434.4 MiB)
[2025-05-08T00:19:35.999+0000] {spark_submit.py:571} INFO - 25/05/08 00:19:35 INFO MemoryStore: Block broadcast_2_piece0 stored as bytes in memory (estimated size 6.8 KiB, free 434.4 MiB)
[2025-05-08T00:19:36.000+0000] {spark_submit.py:571} INFO - 25/05/08 00:19:36 INFO BlockManagerInfo: Added broadcast_2_piece0 in memory on 3530b0b864fd:38809 (size: 6.8 KiB, free: 434.4 MiB)
[2025-05-08T00:19:36.000+0000] {spark_submit.py:571} INFO - 25/05/08 00:19:36 INFO SparkContext: Created broadcast 2 from broadcast at DAGScheduler.scala:1474
[2025-05-08T00:19:36.001+0000] {spark_submit.py:571} INFO - 25/05/08 00:19:36 INFO DAGScheduler: Submitting 1 missing tasks from ShuffleMapStage 3 (MapPartitionsRDD[8] at count at NativeMethodAccessorImpl.java:0) (first 15 tasks are for partitions Vector(0))
[2025-05-08T00:19:36.001+0000] {spark_submit.py:571} INFO - 25/05/08 00:19:36 INFO TaskSchedulerImpl: Adding task set 3.0 with 1 tasks resource profile 0
[2025-05-08T00:19:36.002+0000] {spark_submit.py:571} INFO - 25/05/08 00:19:36 INFO TaskSetManager: Starting task 0.0 in stage 3.0 (TID 2) (172.20.0.6, executor 0, partition 0, PROCESS_LOCAL, 4292 bytes) taskResourceAssignments Map()
[2025-05-08T00:19:36.016+0000] {spark_submit.py:571} INFO - 25/05/08 00:19:36 INFO BlockManagerInfo: Added broadcast_2_piece0 in memory on 172.20.0.6:44725 (size: 6.8 KiB, free: 434.4 MiB)
[2025-05-08T00:19:36.049+0000] {spark_submit.py:571} INFO - 25/05/08 00:19:36 INFO TaskSetManager: Finished task 0.0 in stage 3.0 (TID 2) in 46 ms on 172.20.0.6 (executor 0) (1/1)
[2025-05-08T00:19:36.049+0000] {spark_submit.py:571} INFO - 25/05/08 00:19:36 INFO TaskSchedulerImpl: Removed TaskSet 3.0, whose tasks have all completed, from pool
[2025-05-08T00:19:36.050+0000] {spark_submit.py:571} INFO - 25/05/08 00:19:36 INFO DAGScheduler: ShuffleMapStage 3 (count at NativeMethodAccessorImpl.java:0) finished in 0.055 s
[2025-05-08T00:19:36.050+0000] {spark_submit.py:571} INFO - 25/05/08 00:19:36 INFO DAGScheduler: looking for newly runnable stages
[2025-05-08T00:19:36.050+0000] {spark_submit.py:571} INFO - 25/05/08 00:19:36 INFO DAGScheduler: running: Set()
[2025-05-08T00:19:36.050+0000] {spark_submit.py:571} INFO - 25/05/08 00:19:36 INFO DAGScheduler: waiting: Set()
[2025-05-08T00:19:36.050+0000] {spark_submit.py:571} INFO - 25/05/08 00:19:36 INFO DAGScheduler: failed: Set()
[2025-05-08T00:19:36.072+0000] {spark_submit.py:571} INFO - 25/05/08 00:19:36 INFO SparkContext: Starting job: count at NativeMethodAccessorImpl.java:0
[2025-05-08T00:19:36.074+0000] {spark_submit.py:571} INFO - 25/05/08 00:19:36 INFO DAGScheduler: Got job 3 (count at NativeMethodAccessorImpl.java:0) with 1 output partitions
[2025-05-08T00:19:36.075+0000] {spark_submit.py:571} INFO - 25/05/08 00:19:36 INFO DAGScheduler: Final stage: ResultStage 5 (count at NativeMethodAccessorImpl.java:0)
[2025-05-08T00:19:36.075+0000] {spark_submit.py:571} INFO - 25/05/08 00:19:36 INFO DAGScheduler: Parents of final stage: List(ShuffleMapStage 4)
[2025-05-08T00:19:36.075+0000] {spark_submit.py:571} INFO - 25/05/08 00:19:36 INFO DAGScheduler: Missing parents: List()
[2025-05-08T00:19:36.076+0000] {spark_submit.py:571} INFO - 25/05/08 00:19:36 INFO DAGScheduler: Submitting ResultStage 5 (MapPartitionsRDD[11] at count at NativeMethodAccessorImpl.java:0), which has no missing parents
[2025-05-08T00:19:36.079+0000] {spark_submit.py:571} INFO - 25/05/08 00:19:36 INFO MemoryStore: Block broadcast_3 stored as values in memory (estimated size 11.0 KiB, free 434.4 MiB)
[2025-05-08T00:19:36.081+0000] {spark_submit.py:571} INFO - 25/05/08 00:19:36 INFO MemoryStore: Block broadcast_3_piece0 stored as bytes in memory (estimated size 5.5 KiB, free 434.3 MiB)
[2025-05-08T00:19:36.081+0000] {spark_submit.py:571} INFO - 25/05/08 00:19:36 INFO BlockManagerInfo: Added broadcast_3_piece0 in memory on 3530b0b864fd:38809 (size: 5.5 KiB, free: 434.4 MiB)
[2025-05-08T00:19:36.082+0000] {spark_submit.py:571} INFO - 25/05/08 00:19:36 INFO SparkContext: Created broadcast 3 from broadcast at DAGScheduler.scala:1474
[2025-05-08T00:19:36.082+0000] {spark_submit.py:571} INFO - 25/05/08 00:19:36 INFO DAGScheduler: Submitting 1 missing tasks from ResultStage 5 (MapPartitionsRDD[11] at count at NativeMethodAccessorImpl.java:0) (first 15 tasks are for partitions Vector(0))
[2025-05-08T00:19:36.082+0000] {spark_submit.py:571} INFO - 25/05/08 00:19:36 INFO TaskSchedulerImpl: Adding task set 5.0 with 1 tasks resource profile 0
[2025-05-08T00:19:36.083+0000] {spark_submit.py:571} INFO - 25/05/08 00:19:36 INFO TaskSetManager: Starting task 0.0 in stage 5.0 (TID 3) (172.20.0.6, executor 0, partition 0, NODE_LOCAL, 4457 bytes) taskResourceAssignments Map()
[2025-05-08T00:19:36.101+0000] {spark_submit.py:571} INFO - 25/05/08 00:19:36 INFO BlockManagerInfo: Added broadcast_3_piece0 in memory on 172.20.0.6:44725 (size: 5.5 KiB, free: 434.4 MiB)
[2025-05-08T00:19:36.110+0000] {spark_submit.py:571} INFO - 25/05/08 00:19:36 INFO MapOutputTrackerMasterEndpoint: Asked to send map output locations for shuffle 1 to 172.20.0.6:42606
[2025-05-08T00:19:36.118+0000] {spark_submit.py:571} INFO - 25/05/08 00:19:36 INFO TaskSetManager: Finished task 0.0 in stage 5.0 (TID 3) in 35 ms on 172.20.0.6 (executor 0) (1/1)
[2025-05-08T00:19:36.119+0000] {spark_submit.py:571} INFO - 25/05/08 00:19:36 INFO TaskSchedulerImpl: Removed TaskSet 5.0, whose tasks have all completed, from pool
[2025-05-08T00:19:36.119+0000] {spark_submit.py:571} INFO - 25/05/08 00:19:36 INFO DAGScheduler: ResultStage 5 (count at NativeMethodAccessorImpl.java:0) finished in 0.042 s
[2025-05-08T00:19:36.119+0000] {spark_submit.py:571} INFO - 25/05/08 00:19:36 INFO DAGScheduler: Job 3 is finished. Cancelling potential speculative or zombie tasks for this job
[2025-05-08T00:19:36.120+0000] {spark_submit.py:571} INFO - 25/05/08 00:19:36 INFO TaskSchedulerImpl: Killing all running tasks in stage 5: Stage finished
[2025-05-08T00:19:36.120+0000] {spark_submit.py:571} INFO - 25/05/08 00:19:36 INFO DAGScheduler: Job 3 finished: count at NativeMethodAccessorImpl.java:0, took 0.047690 s
[2025-05-08T00:19:36.121+0000] {spark_submit.py:571} INFO - 2025-05-08 00:19:36,121 [INFO] Загружено 4652 транзакций и 1200 клиентов
[2025-05-08T00:19:36.259+0000] {spark_submit.py:571} INFO - 2025-05-08 00:19:36,259 [INFO] Создаем вершины для клиентов
[2025-05-08T00:19:36.277+0000] {spark_submit.py:571} INFO - 2025-05-08 00:19:36,277 [INFO] Создаем P2P-рёбра
[2025-05-08T00:19:36.326+0000] {spark_submit.py:571} INFO - 2025-05-08 00:19:36,326 [INFO] Создаем граф
[2025-05-08T00:19:36.406+0000] {local_task_job_runner.py:291} WARNING - State of this instance has been externally set to failed. Terminating instance.
[2025-05-08T00:19:36.408+0000] {process_utils.py:131} INFO - Sending Signals.SIGTERM to group 1004. PIDs of all processes in the group: [1005, 1052, 1004]
[2025-05-08T00:19:36.408+0000] {process_utils.py:86} INFO - Sending the signal Signals.SIGTERM to group 1004
[2025-05-08T00:19:36.409+0000] {taskinstance.py:1517} ERROR - Received SIGTERM. Terminating subprocesses.
[2025-05-08T00:19:36.409+0000] {spark_submit.py:697} INFO - Sending kill signal to spark-submit
[2025-05-08T00:19:36.462+0000] {process_utils.py:79} INFO - Process psutil.Process(pid=1005, status='terminated', started='00:19:26') (1005) terminated with exit code None
[2025-05-08T00:19:36.462+0000] {process_utils.py:79} INFO - Process psutil.Process(pid=1004, status='terminated', exitcode=0, started='00:19:26') (1004) terminated with exit code 0
[2025-05-08T00:19:36.462+0000] {process_utils.py:79} INFO - Process psutil.Process(pid=1052, status='terminated', started='00:19:28') (1052) terminated with exit code None
