[2025-04-29T14:43:02.442+0000] {taskinstance.py:1103} INFO - Dependencies all met for dep_context=non-requeueable deps ti=<TaskInstance: transform.detect_suspicious manual__2025-04-29T14:42:53.315360+00:00 [queued]>
[2025-04-29T14:43:02.447+0000] {taskinstance.py:1103} INFO - Dependencies all met for dep_context=requeueable deps ti=<TaskInstance: transform.detect_suspicious manual__2025-04-29T14:42:53.315360+00:00 [queued]>
[2025-04-29T14:43:02.448+0000] {taskinstance.py:1308} INFO - Starting attempt 1 of 2
[2025-04-29T14:43:02.457+0000] {taskinstance.py:1327} INFO - Executing <Task(SparkSubmitOperator): detect_suspicious> on 2025-04-29 14:42:53.315360+00:00
[2025-04-29T14:43:02.460+0000] {standard_task_runner.py:57} INFO - Started process 5955 to run task
[2025-04-29T14:43:02.462+0000] {standard_task_runner.py:84} INFO - Running: ['airflow', 'tasks', 'run', 'transform', 'detect_suspicious', 'manual__2025-04-29T14:42:53.315360+00:00', '--job-id', '29', '--raw', '--subdir', 'DAGS_FOLDER/transform.py', '--cfg-path', '/tmp/tmpppm_b0qg']
[2025-04-29T14:43:02.463+0000] {standard_task_runner.py:85} INFO - Job 29: Subtask detect_suspicious
[2025-04-29T14:43:02.498+0000] {task_command.py:410} INFO - Running <TaskInstance: transform.detect_suspicious manual__2025-04-29T14:42:53.315360+00:00 [running]> on host bd05f2cbfffd
[2025-04-29T14:43:02.641+0000] {taskinstance.py:1547} INFO - Exporting env vars: AIRFLOW_CTX_DAG_OWNER='finbest' AIRFLOW_CTX_DAG_ID='transform' AIRFLOW_CTX_TASK_ID='detect_suspicious' AIRFLOW_CTX_EXECUTION_DATE='2025-04-29T14:42:53.315360+00:00' AIRFLOW_CTX_TRY_NUMBER='1' AIRFLOW_CTX_DAG_RUN_ID='manual__2025-04-29T14:42:53.315360+00:00'
[2025-04-29T14:43:02.648+0000] {base.py:73} INFO - Using connection ID 'spark_default' for task execution.
[2025-04-29T14:43:02.649+0000] {spark_submit.py:339} INFO - Spark-Submit cmd: spark-submit --master spark://spark-master:7077 --packages org.postgresql:postgresql:42.6.0,ru.yandex.clickhouse:clickhouse-jdbc:0.3.2 --executor-cores 1 --executor-memory 1g --driver-memory 1g --name arrow-spark /opt/airflow/spark/detect_suspicious.py --jdbc jdbc:postgresql://postgres:5432/finbest --clickhouse-url jdbc:clickhouse://clickhouse:8123/finbest
[2025-04-29T14:43:03.885+0000] {spark_submit.py:490} INFO - :: loading settings :: url = jar:file:/opt/spark/jars/ivy-2.5.0.jar!/org/apache/ivy/core/settings/ivysettings.xml
[2025-04-29T14:43:03.967+0000] {spark_submit.py:490} INFO - Ivy Default Cache set to: /home/airflow/.ivy2/cache
[2025-04-29T14:43:03.967+0000] {spark_submit.py:490} INFO - The jars for the packages stored in: /home/airflow/.ivy2/jars
[2025-04-29T14:43:03.971+0000] {spark_submit.py:490} INFO - org.postgresql#postgresql added as a dependency
[2025-04-29T14:43:03.971+0000] {spark_submit.py:490} INFO - ru.yandex.clickhouse#clickhouse-jdbc added as a dependency
[2025-04-29T14:43:03.972+0000] {spark_submit.py:490} INFO - :: resolving dependencies :: org.apache.spark#spark-submit-parent-efb80dc0-4990-43a3-8a04-992e0f44203c;1.0
[2025-04-29T14:43:03.972+0000] {spark_submit.py:490} INFO - confs: [default]
[2025-04-29T14:43:04.038+0000] {spark_submit.py:490} INFO - found org.postgresql#postgresql;42.6.0 in central
[2025-04-29T14:43:04.052+0000] {spark_submit.py:490} INFO - found org.checkerframework#checker-qual;3.31.0 in central
[2025-04-29T14:43:04.065+0000] {spark_submit.py:490} INFO - found ru.yandex.clickhouse#clickhouse-jdbc;0.3.2 in central
[2025-04-29T14:43:04.081+0000] {spark_submit.py:490} INFO - found com.clickhouse#clickhouse-http-client;0.3.2 in central
[2025-04-29T14:43:04.099+0000] {spark_submit.py:490} INFO - found com.clickhouse#clickhouse-client;0.3.2 in central
[2025-04-29T14:43:04.111+0000] {spark_submit.py:490} INFO - found org.lz4#lz4-java;1.8.0 in central
[2025-04-29T14:43:04.126+0000] {spark_submit.py:490} INFO - found com.google.code.gson#gson;2.8.8 in central
[2025-04-29T14:43:04.140+0000] {spark_submit.py:490} INFO - found org.apache.httpcomponents#httpclient;4.5.13 in central
[2025-04-29T14:43:04.152+0000] {spark_submit.py:490} INFO - found org.apache.httpcomponents#httpcore;4.4.13 in central
[2025-04-29T14:43:04.165+0000] {spark_submit.py:490} INFO - found commons-logging#commons-logging;1.2 in central
[2025-04-29T14:43:04.177+0000] {spark_submit.py:490} INFO - found commons-codec#commons-codec;1.11 in central
[2025-04-29T14:43:04.188+0000] {spark_submit.py:490} INFO - found org.apache.httpcomponents#httpmime;4.5.13 in central
[2025-04-29T14:43:04.208+0000] {spark_submit.py:490} INFO - :: resolution report :: resolve 228ms :: artifacts dl 8ms
[2025-04-29T14:43:04.208+0000] {spark_submit.py:490} INFO - :: modules in use:
[2025-04-29T14:43:04.208+0000] {spark_submit.py:490} INFO - com.clickhouse#clickhouse-client;0.3.2 from central in [default]
[2025-04-29T14:43:04.208+0000] {spark_submit.py:490} INFO - com.clickhouse#clickhouse-http-client;0.3.2 from central in [default]
[2025-04-29T14:43:04.208+0000] {spark_submit.py:490} INFO - com.google.code.gson#gson;2.8.8 from central in [default]
[2025-04-29T14:43:04.208+0000] {spark_submit.py:490} INFO - commons-codec#commons-codec;1.11 from central in [default]
[2025-04-29T14:43:04.209+0000] {spark_submit.py:490} INFO - commons-logging#commons-logging;1.2 from central in [default]
[2025-04-29T14:43:04.209+0000] {spark_submit.py:490} INFO - org.apache.httpcomponents#httpclient;4.5.13 from central in [default]
[2025-04-29T14:43:04.209+0000] {spark_submit.py:490} INFO - org.apache.httpcomponents#httpcore;4.4.13 from central in [default]
[2025-04-29T14:43:04.209+0000] {spark_submit.py:490} INFO - org.apache.httpcomponents#httpmime;4.5.13 from central in [default]
[2025-04-29T14:43:04.209+0000] {spark_submit.py:490} INFO - org.checkerframework#checker-qual;3.31.0 from central in [default]
[2025-04-29T14:43:04.209+0000] {spark_submit.py:490} INFO - org.lz4#lz4-java;1.8.0 from central in [default]
[2025-04-29T14:43:04.209+0000] {spark_submit.py:490} INFO - org.postgresql#postgresql;42.6.0 from central in [default]
[2025-04-29T14:43:04.210+0000] {spark_submit.py:490} INFO - ru.yandex.clickhouse#clickhouse-jdbc;0.3.2 from central in [default]
[2025-04-29T14:43:04.210+0000] {spark_submit.py:490} INFO - ---------------------------------------------------------------------
[2025-04-29T14:43:04.210+0000] {spark_submit.py:490} INFO - |                  |            modules            ||   artifacts   |
[2025-04-29T14:43:04.210+0000] {spark_submit.py:490} INFO - |       conf       | number| search|dwnlded|evicted|| number|dwnlded|
[2025-04-29T14:43:04.210+0000] {spark_submit.py:490} INFO - ---------------------------------------------------------------------
[2025-04-29T14:43:04.210+0000] {spark_submit.py:490} INFO - |      default     |   12  |   0   |   0   |   0   ||   12  |   0   |
[2025-04-29T14:43:04.210+0000] {spark_submit.py:490} INFO - ---------------------------------------------------------------------
[2025-04-29T14:43:04.213+0000] {spark_submit.py:490} INFO - :: retrieving :: org.apache.spark#spark-submit-parent-efb80dc0-4990-43a3-8a04-992e0f44203c
[2025-04-29T14:43:04.213+0000] {spark_submit.py:490} INFO - confs: [default]
[2025-04-29T14:43:04.219+0000] {spark_submit.py:490} INFO - 0 artifacts copied, 12 already retrieved (0kB/5ms)
[2025-04-29T14:43:04.388+0000] {spark_submit.py:490} INFO - 25/04/29 14:43:04 WARN NativeCodeLoader: Unable to load native-hadoop library for your platform... using builtin-java classes where applicable
[2025-04-29T14:43:05.133+0000] {spark_submit.py:490} INFO - 25/04/29 14:43:05 INFO SparkContext: Running Spark version 3.3.0
[2025-04-29T14:43:05.151+0000] {spark_submit.py:490} INFO - 25/04/29 14:43:05 INFO ResourceUtils: ==============================================================
[2025-04-29T14:43:05.151+0000] {spark_submit.py:490} INFO - 25/04/29 14:43:05 INFO ResourceUtils: No custom resources configured for spark.driver.
[2025-04-29T14:43:05.151+0000] {spark_submit.py:490} INFO - 25/04/29 14:43:05 INFO ResourceUtils: ==============================================================
[2025-04-29T14:43:05.151+0000] {spark_submit.py:490} INFO - 25/04/29 14:43:05 INFO SparkContext: Submitted application: FinBestDetect
[2025-04-29T14:43:05.170+0000] {spark_submit.py:490} INFO - 25/04/29 14:43:05 INFO ResourceProfile: Default ResourceProfile created, executor resources: Map(cores -> name: cores, amount: 1, script: , vendor: , memory -> name: memory, amount: 1024, script: , vendor: , offHeap -> name: offHeap, amount: 0, script: , vendor: ), task resources: Map(cpus -> name: cpus, amount: 1.0)
[2025-04-29T14:43:05.180+0000] {spark_submit.py:490} INFO - 25/04/29 14:43:05 INFO ResourceProfile: Limiting resource is cpus at 1 tasks per executor
[2025-04-29T14:43:05.181+0000] {spark_submit.py:490} INFO - 25/04/29 14:43:05 INFO ResourceProfileManager: Added ResourceProfile id: 0
[2025-04-29T14:43:05.235+0000] {spark_submit.py:490} INFO - 25/04/29 14:43:05 INFO SecurityManager: Changing view acls to: airflow
[2025-04-29T14:43:05.235+0000] {spark_submit.py:490} INFO - 25/04/29 14:43:05 INFO SecurityManager: Changing modify acls to: airflow
[2025-04-29T14:43:05.236+0000] {spark_submit.py:490} INFO - 25/04/29 14:43:05 INFO SecurityManager: Changing view acls groups to:
[2025-04-29T14:43:05.236+0000] {spark_submit.py:490} INFO - 25/04/29 14:43:05 INFO SecurityManager: Changing modify acls groups to:
[2025-04-29T14:43:05.236+0000] {spark_submit.py:490} INFO - 25/04/29 14:43:05 INFO SecurityManager: SecurityManager: authentication disabled; ui acls disabled; users  with view permissions: Set(airflow); groups with view permissions: Set(); users  with modify permissions: Set(airflow); groups with modify permissions: Set()
[2025-04-29T14:43:05.483+0000] {spark_submit.py:490} INFO - 25/04/29 14:43:05 INFO Utils: Successfully started service 'sparkDriver' on port 43233.
[2025-04-29T14:43:05.526+0000] {spark_submit.py:490} INFO - 25/04/29 14:43:05 INFO SparkEnv: Registering MapOutputTracker
[2025-04-29T14:43:05.562+0000] {spark_submit.py:490} INFO - 25/04/29 14:43:05 INFO SparkEnv: Registering BlockManagerMaster
[2025-04-29T14:43:05.578+0000] {spark_submit.py:490} INFO - 25/04/29 14:43:05 INFO BlockManagerMasterEndpoint: Using org.apache.spark.storage.DefaultTopologyMapper for getting topology information
[2025-04-29T14:43:05.579+0000] {spark_submit.py:490} INFO - 25/04/29 14:43:05 INFO BlockManagerMasterEndpoint: BlockManagerMasterEndpoint up
[2025-04-29T14:43:05.582+0000] {spark_submit.py:490} INFO - 25/04/29 14:43:05 INFO SparkEnv: Registering BlockManagerMasterHeartbeat
[2025-04-29T14:43:05.600+0000] {spark_submit.py:490} INFO - 25/04/29 14:43:05 INFO DiskBlockManager: Created local directory at /tmp/blockmgr-ade2d219-81dd-470b-8edf-8d0115637bc7
[2025-04-29T14:43:05.613+0000] {spark_submit.py:490} INFO - 25/04/29 14:43:05 INFO MemoryStore: MemoryStore started with capacity 434.4 MiB
[2025-04-29T14:43:05.628+0000] {spark_submit.py:490} INFO - 25/04/29 14:43:05 INFO SparkEnv: Registering OutputCommitCoordinator
[2025-04-29T14:43:05.786+0000] {spark_submit.py:490} INFO - 25/04/29 14:43:05 INFO Utils: Successfully started service 'SparkUI' on port 4040.
[2025-04-29T14:43:05.819+0000] {spark_submit.py:490} INFO - 25/04/29 14:43:05 INFO SparkContext: Added JAR file:///home/airflow/.ivy2/jars/org.postgresql_postgresql-42.6.0.jar at spark://bd05f2cbfffd:43233/jars/org.postgresql_postgresql-42.6.0.jar with timestamp 1745937785127
[2025-04-29T14:43:05.819+0000] {spark_submit.py:490} INFO - 25/04/29 14:43:05 INFO SparkContext: Added JAR file:///home/airflow/.ivy2/jars/ru.yandex.clickhouse_clickhouse-jdbc-0.3.2.jar at spark://bd05f2cbfffd:43233/jars/ru.yandex.clickhouse_clickhouse-jdbc-0.3.2.jar with timestamp 1745937785127
[2025-04-29T14:43:05.819+0000] {spark_submit.py:490} INFO - 25/04/29 14:43:05 INFO SparkContext: Added JAR file:///home/airflow/.ivy2/jars/org.checkerframework_checker-qual-3.31.0.jar at spark://bd05f2cbfffd:43233/jars/org.checkerframework_checker-qual-3.31.0.jar with timestamp 1745937785127
[2025-04-29T14:43:05.819+0000] {spark_submit.py:490} INFO - 25/04/29 14:43:05 INFO SparkContext: Added JAR file:///home/airflow/.ivy2/jars/com.clickhouse_clickhouse-http-client-0.3.2.jar at spark://bd05f2cbfffd:43233/jars/com.clickhouse_clickhouse-http-client-0.3.2.jar with timestamp 1745937785127
[2025-04-29T14:43:05.819+0000] {spark_submit.py:490} INFO - 25/04/29 14:43:05 INFO SparkContext: Added JAR file:///home/airflow/.ivy2/jars/com.google.code.gson_gson-2.8.8.jar at spark://bd05f2cbfffd:43233/jars/com.google.code.gson_gson-2.8.8.jar with timestamp 1745937785127
[2025-04-29T14:43:05.820+0000] {spark_submit.py:490} INFO - 25/04/29 14:43:05 INFO SparkContext: Added JAR file:///home/airflow/.ivy2/jars/org.apache.httpcomponents_httpclient-4.5.13.jar at spark://bd05f2cbfffd:43233/jars/org.apache.httpcomponents_httpclient-4.5.13.jar with timestamp 1745937785127
[2025-04-29T14:43:05.820+0000] {spark_submit.py:490} INFO - 25/04/29 14:43:05 INFO SparkContext: Added JAR file:///home/airflow/.ivy2/jars/org.apache.httpcomponents_httpmime-4.5.13.jar at spark://bd05f2cbfffd:43233/jars/org.apache.httpcomponents_httpmime-4.5.13.jar with timestamp 1745937785127
[2025-04-29T14:43:05.821+0000] {spark_submit.py:490} INFO - 25/04/29 14:43:05 INFO SparkContext: Added JAR file:///home/airflow/.ivy2/jars/org.lz4_lz4-java-1.8.0.jar at spark://bd05f2cbfffd:43233/jars/org.lz4_lz4-java-1.8.0.jar with timestamp 1745937785127
[2025-04-29T14:43:05.821+0000] {spark_submit.py:490} INFO - 25/04/29 14:43:05 INFO SparkContext: Added JAR file:///home/airflow/.ivy2/jars/com.clickhouse_clickhouse-client-0.3.2.jar at spark://bd05f2cbfffd:43233/jars/com.clickhouse_clickhouse-client-0.3.2.jar with timestamp 1745937785127
[2025-04-29T14:43:05.821+0000] {spark_submit.py:490} INFO - 25/04/29 14:43:05 INFO SparkContext: Added JAR file:///home/airflow/.ivy2/jars/org.apache.httpcomponents_httpcore-4.4.13.jar at spark://bd05f2cbfffd:43233/jars/org.apache.httpcomponents_httpcore-4.4.13.jar with timestamp 1745937785127
[2025-04-29T14:43:05.821+0000] {spark_submit.py:490} INFO - 25/04/29 14:43:05 INFO SparkContext: Added JAR file:///home/airflow/.ivy2/jars/commons-logging_commons-logging-1.2.jar at spark://bd05f2cbfffd:43233/jars/commons-logging_commons-logging-1.2.jar with timestamp 1745937785127
[2025-04-29T14:43:05.821+0000] {spark_submit.py:490} INFO - 25/04/29 14:43:05 INFO SparkContext: Added JAR file:///home/airflow/.ivy2/jars/commons-codec_commons-codec-1.11.jar at spark://bd05f2cbfffd:43233/jars/commons-codec_commons-codec-1.11.jar with timestamp 1745937785127
[2025-04-29T14:43:05.823+0000] {spark_submit.py:490} INFO - 25/04/29 14:43:05 INFO SparkContext: Added file file:///home/airflow/.ivy2/jars/org.postgresql_postgresql-42.6.0.jar at spark://bd05f2cbfffd:43233/files/org.postgresql_postgresql-42.6.0.jar with timestamp 1745937785127
[2025-04-29T14:43:05.824+0000] {spark_submit.py:490} INFO - 25/04/29 14:43:05 INFO Utils: Copying /home/airflow/.ivy2/jars/org.postgresql_postgresql-42.6.0.jar to /tmp/spark-80349ffc-ef91-4fc4-9520-a9fefa414bf7/userFiles-cb601ab9-d004-43f1-910f-09bdeb16b81d/org.postgresql_postgresql-42.6.0.jar
[2025-04-29T14:43:05.842+0000] {spark_submit.py:490} INFO - 25/04/29 14:43:05 INFO SparkContext: Added file file:///home/airflow/.ivy2/jars/ru.yandex.clickhouse_clickhouse-jdbc-0.3.2.jar at spark://bd05f2cbfffd:43233/files/ru.yandex.clickhouse_clickhouse-jdbc-0.3.2.jar with timestamp 1745937785127
[2025-04-29T14:43:05.843+0000] {spark_submit.py:490} INFO - 25/04/29 14:43:05 INFO Utils: Copying /home/airflow/.ivy2/jars/ru.yandex.clickhouse_clickhouse-jdbc-0.3.2.jar to /tmp/spark-80349ffc-ef91-4fc4-9520-a9fefa414bf7/userFiles-cb601ab9-d004-43f1-910f-09bdeb16b81d/ru.yandex.clickhouse_clickhouse-jdbc-0.3.2.jar
[2025-04-29T14:43:05.846+0000] {spark_submit.py:490} INFO - 25/04/29 14:43:05 INFO SparkContext: Added file file:///home/airflow/.ivy2/jars/org.checkerframework_checker-qual-3.31.0.jar at spark://bd05f2cbfffd:43233/files/org.checkerframework_checker-qual-3.31.0.jar with timestamp 1745937785127
[2025-04-29T14:43:05.847+0000] {spark_submit.py:490} INFO - 25/04/29 14:43:05 INFO Utils: Copying /home/airflow/.ivy2/jars/org.checkerframework_checker-qual-3.31.0.jar to /tmp/spark-80349ffc-ef91-4fc4-9520-a9fefa414bf7/userFiles-cb601ab9-d004-43f1-910f-09bdeb16b81d/org.checkerframework_checker-qual-3.31.0.jar
[2025-04-29T14:43:05.851+0000] {spark_submit.py:490} INFO - 25/04/29 14:43:05 INFO SparkContext: Added file file:///home/airflow/.ivy2/jars/com.clickhouse_clickhouse-http-client-0.3.2.jar at spark://bd05f2cbfffd:43233/files/com.clickhouse_clickhouse-http-client-0.3.2.jar with timestamp 1745937785127
[2025-04-29T14:43:05.851+0000] {spark_submit.py:490} INFO - 25/04/29 14:43:05 INFO Utils: Copying /home/airflow/.ivy2/jars/com.clickhouse_clickhouse-http-client-0.3.2.jar to /tmp/spark-80349ffc-ef91-4fc4-9520-a9fefa414bf7/userFiles-cb601ab9-d004-43f1-910f-09bdeb16b81d/com.clickhouse_clickhouse-http-client-0.3.2.jar
[2025-04-29T14:43:05.854+0000] {spark_submit.py:490} INFO - 25/04/29 14:43:05 INFO SparkContext: Added file file:///home/airflow/.ivy2/jars/com.google.code.gson_gson-2.8.8.jar at spark://bd05f2cbfffd:43233/files/com.google.code.gson_gson-2.8.8.jar with timestamp 1745937785127
[2025-04-29T14:43:05.854+0000] {spark_submit.py:490} INFO - 25/04/29 14:43:05 INFO Utils: Copying /home/airflow/.ivy2/jars/com.google.code.gson_gson-2.8.8.jar to /tmp/spark-80349ffc-ef91-4fc4-9520-a9fefa414bf7/userFiles-cb601ab9-d004-43f1-910f-09bdeb16b81d/com.google.code.gson_gson-2.8.8.jar
[2025-04-29T14:43:05.857+0000] {spark_submit.py:490} INFO - 25/04/29 14:43:05 INFO SparkContext: Added file file:///home/airflow/.ivy2/jars/org.apache.httpcomponents_httpclient-4.5.13.jar at spark://bd05f2cbfffd:43233/files/org.apache.httpcomponents_httpclient-4.5.13.jar with timestamp 1745937785127
[2025-04-29T14:43:05.858+0000] {spark_submit.py:490} INFO - 25/04/29 14:43:05 INFO Utils: Copying /home/airflow/.ivy2/jars/org.apache.httpcomponents_httpclient-4.5.13.jar to /tmp/spark-80349ffc-ef91-4fc4-9520-a9fefa414bf7/userFiles-cb601ab9-d004-43f1-910f-09bdeb16b81d/org.apache.httpcomponents_httpclient-4.5.13.jar
[2025-04-29T14:43:05.861+0000] {spark_submit.py:490} INFO - 25/04/29 14:43:05 INFO SparkContext: Added file file:///home/airflow/.ivy2/jars/org.apache.httpcomponents_httpmime-4.5.13.jar at spark://bd05f2cbfffd:43233/files/org.apache.httpcomponents_httpmime-4.5.13.jar with timestamp 1745937785127
[2025-04-29T14:43:05.861+0000] {spark_submit.py:490} INFO - 25/04/29 14:43:05 INFO Utils: Copying /home/airflow/.ivy2/jars/org.apache.httpcomponents_httpmime-4.5.13.jar to /tmp/spark-80349ffc-ef91-4fc4-9520-a9fefa414bf7/userFiles-cb601ab9-d004-43f1-910f-09bdeb16b81d/org.apache.httpcomponents_httpmime-4.5.13.jar
[2025-04-29T14:43:05.864+0000] {spark_submit.py:490} INFO - 25/04/29 14:43:05 INFO SparkContext: Added file file:///home/airflow/.ivy2/jars/org.lz4_lz4-java-1.8.0.jar at spark://bd05f2cbfffd:43233/files/org.lz4_lz4-java-1.8.0.jar with timestamp 1745937785127
[2025-04-29T14:43:05.864+0000] {spark_submit.py:490} INFO - 25/04/29 14:43:05 INFO Utils: Copying /home/airflow/.ivy2/jars/org.lz4_lz4-java-1.8.0.jar to /tmp/spark-80349ffc-ef91-4fc4-9520-a9fefa414bf7/userFiles-cb601ab9-d004-43f1-910f-09bdeb16b81d/org.lz4_lz4-java-1.8.0.jar
[2025-04-29T14:43:05.867+0000] {spark_submit.py:490} INFO - 25/04/29 14:43:05 INFO SparkContext: Added file file:///home/airflow/.ivy2/jars/com.clickhouse_clickhouse-client-0.3.2.jar at spark://bd05f2cbfffd:43233/files/com.clickhouse_clickhouse-client-0.3.2.jar with timestamp 1745937785127
[2025-04-29T14:43:05.867+0000] {spark_submit.py:490} INFO - 25/04/29 14:43:05 INFO Utils: Copying /home/airflow/.ivy2/jars/com.clickhouse_clickhouse-client-0.3.2.jar to /tmp/spark-80349ffc-ef91-4fc4-9520-a9fefa414bf7/userFiles-cb601ab9-d004-43f1-910f-09bdeb16b81d/com.clickhouse_clickhouse-client-0.3.2.jar
[2025-04-29T14:43:05.870+0000] {spark_submit.py:490} INFO - 25/04/29 14:43:05 INFO SparkContext: Added file file:///home/airflow/.ivy2/jars/org.apache.httpcomponents_httpcore-4.4.13.jar at spark://bd05f2cbfffd:43233/files/org.apache.httpcomponents_httpcore-4.4.13.jar with timestamp 1745937785127
[2025-04-29T14:43:05.870+0000] {spark_submit.py:490} INFO - 25/04/29 14:43:05 INFO Utils: Copying /home/airflow/.ivy2/jars/org.apache.httpcomponents_httpcore-4.4.13.jar to /tmp/spark-80349ffc-ef91-4fc4-9520-a9fefa414bf7/userFiles-cb601ab9-d004-43f1-910f-09bdeb16b81d/org.apache.httpcomponents_httpcore-4.4.13.jar
[2025-04-29T14:43:05.873+0000] {spark_submit.py:490} INFO - 25/04/29 14:43:05 INFO SparkContext: Added file file:///home/airflow/.ivy2/jars/commons-logging_commons-logging-1.2.jar at spark://bd05f2cbfffd:43233/files/commons-logging_commons-logging-1.2.jar with timestamp 1745937785127
[2025-04-29T14:43:05.874+0000] {spark_submit.py:490} INFO - 25/04/29 14:43:05 INFO Utils: Copying /home/airflow/.ivy2/jars/commons-logging_commons-logging-1.2.jar to /tmp/spark-80349ffc-ef91-4fc4-9520-a9fefa414bf7/userFiles-cb601ab9-d004-43f1-910f-09bdeb16b81d/commons-logging_commons-logging-1.2.jar
[2025-04-29T14:43:05.877+0000] {spark_submit.py:490} INFO - 25/04/29 14:43:05 INFO SparkContext: Added file file:///home/airflow/.ivy2/jars/commons-codec_commons-codec-1.11.jar at spark://bd05f2cbfffd:43233/files/commons-codec_commons-codec-1.11.jar with timestamp 1745937785127
[2025-04-29T14:43:05.877+0000] {spark_submit.py:490} INFO - 25/04/29 14:43:05 INFO Utils: Copying /home/airflow/.ivy2/jars/commons-codec_commons-codec-1.11.jar to /tmp/spark-80349ffc-ef91-4fc4-9520-a9fefa414bf7/userFiles-cb601ab9-d004-43f1-910f-09bdeb16b81d/commons-codec_commons-codec-1.11.jar
[2025-04-29T14:43:05.960+0000] {spark_submit.py:490} INFO - 25/04/29 14:43:05 INFO StandaloneAppClient$ClientEndpoint: Connecting to master spark://spark-master:7077...
[2025-04-29T14:43:05.996+0000] {spark_submit.py:490} INFO - 25/04/29 14:43:05 INFO TransportClientFactory: Successfully created connection to spark-master/172.18.0.3:7077 after 20 ms (0 ms spent in bootstraps)
[2025-04-29T14:43:06.293+0000] {spark_submit.py:490} INFO - 25/04/29 14:43:06 INFO StandaloneSchedulerBackend: Connected to Spark cluster with app ID app-20250429144306-0000
[2025-04-29T14:43:06.299+0000] {spark_submit.py:490} INFO - 25/04/29 14:43:06 INFO Utils: Successfully started service 'org.apache.spark.network.netty.NettyBlockTransferService' on port 40269.
[2025-04-29T14:43:06.299+0000] {spark_submit.py:490} INFO - 25/04/29 14:43:06 INFO NettyBlockTransferService: Server created on bd05f2cbfffd:40269
[2025-04-29T14:43:06.304+0000] {spark_submit.py:490} INFO - 25/04/29 14:43:06 INFO BlockManager: Using org.apache.spark.storage.RandomBlockReplicationPolicy for block replication policy
[2025-04-29T14:43:06.314+0000] {spark_submit.py:490} INFO - 25/04/29 14:43:06 INFO BlockManagerMaster: Registering BlockManager BlockManagerId(driver, bd05f2cbfffd, 40269, None)
[2025-04-29T14:43:06.318+0000] {spark_submit.py:490} INFO - 25/04/29 14:43:06 INFO BlockManagerMasterEndpoint: Registering block manager bd05f2cbfffd:40269 with 434.4 MiB RAM, BlockManagerId(driver, bd05f2cbfffd, 40269, None)
[2025-04-29T14:43:06.321+0000] {spark_submit.py:490} INFO - 25/04/29 14:43:06 INFO BlockManagerMaster: Registered BlockManager BlockManagerId(driver, bd05f2cbfffd, 40269, None)
[2025-04-29T14:43:06.323+0000] {spark_submit.py:490} INFO - 25/04/29 14:43:06 INFO BlockManager: Initialized BlockManager: BlockManagerId(driver, bd05f2cbfffd, 40269, None)
[2025-04-29T14:43:06.411+0000] {spark_submit.py:490} INFO - 25/04/29 14:43:06 INFO StandaloneAppClient$ClientEndpoint: Executor added: app-20250429144306-0000/0 on worker-20250429121840-172.18.0.5-45227 (172.18.0.5:45227) with 1 core(s)
[2025-04-29T14:43:06.414+0000] {spark_submit.py:490} INFO - 25/04/29 14:43:06 INFO StandaloneSchedulerBackend: Granted executor ID app-20250429144306-0000/0 on hostPort 172.18.0.5:45227 with 1 core(s), 1024.0 MiB RAM
[2025-04-29T14:43:06.516+0000] {spark_submit.py:490} INFO - 25/04/29 14:43:06 INFO StandaloneSchedulerBackend: SchedulerBackend is ready for scheduling beginning after reached minRegisteredResourcesRatio: 0.0
[2025-04-29T14:43:06.682+0000] {spark_submit.py:490} INFO - INFO:__main__:SparkSession создан
[2025-04-29T14:43:06.688+0000] {spark_submit.py:490} INFO - 25/04/29 14:43:06 INFO SharedState: Setting hive.metastore.warehouse.dir ('null') to the value of spark.sql.warehouse.dir.
[2025-04-29T14:43:06.689+0000] {spark_submit.py:490} INFO - 25/04/29 14:43:06 INFO SharedState: Warehouse path is 'file:/opt/airflow/spark-warehouse'.
[2025-04-29T14:43:06.987+0000] {spark_submit.py:490} INFO - 25/04/29 14:43:06 INFO StandaloneAppClient$ClientEndpoint: Executor updated: app-20250429144306-0000/0 is now RUNNING
[2025-04-29T14:43:09.729+0000] {spark_submit.py:490} INFO - 25/04/29 14:43:09 INFO CoarseGrainedSchedulerBackend$DriverEndpoint: Registered executor NettyRpcEndpointRef(spark-client://Executor) (172.18.0.5:44300) with ID 0,  ResourceProfileId 0
[2025-04-29T14:43:09.795+0000] {spark_submit.py:490} INFO - 25/04/29 14:43:09 INFO BlockManagerMasterEndpoint: Registering block manager 172.18.0.5:37171 with 366.3 MiB RAM, BlockManagerId(0, 172.18.0.5, 37171, None)
[2025-04-29T14:43:10.181+0000] {spark_submit.py:490} INFO - 25/04/29 14:43:10 INFO CodeGenerator: Code generated in 97.685794 ms
[2025-04-29T14:43:10.234+0000] {spark_submit.py:490} INFO - 25/04/29 14:43:10 INFO DAGScheduler: Registering RDD 2 (count at NativeMethodAccessorImpl.java:0) as input to shuffle 0
[2025-04-29T14:43:10.239+0000] {spark_submit.py:490} INFO - 25/04/29 14:43:10 INFO DAGScheduler: Got map stage job 0 (count at NativeMethodAccessorImpl.java:0) with 1 output partitions
[2025-04-29T14:43:10.239+0000] {spark_submit.py:490} INFO - 25/04/29 14:43:10 INFO DAGScheduler: Final stage: ShuffleMapStage 0 (count at NativeMethodAccessorImpl.java:0)
[2025-04-29T14:43:10.239+0000] {spark_submit.py:490} INFO - 25/04/29 14:43:10 INFO DAGScheduler: Parents of final stage: List()
[2025-04-29T14:43:10.240+0000] {spark_submit.py:490} INFO - 25/04/29 14:43:10 INFO DAGScheduler: Missing parents: List()
[2025-04-29T14:43:10.243+0000] {spark_submit.py:490} INFO - 25/04/29 14:43:10 INFO DAGScheduler: Submitting ShuffleMapStage 0 (MapPartitionsRDD[2] at count at NativeMethodAccessorImpl.java:0), which has no missing parents
[2025-04-29T14:43:10.373+0000] {spark_submit.py:490} INFO - 25/04/29 14:43:10 INFO MemoryStore: Block broadcast_0 stored as values in memory (estimated size 13.3 KiB, free 434.4 MiB)
[2025-04-29T14:43:10.398+0000] {spark_submit.py:490} INFO - 25/04/29 14:43:10 INFO MemoryStore: Block broadcast_0_piece0 stored as bytes in memory (estimated size 7.0 KiB, free 434.4 MiB)
[2025-04-29T14:43:10.400+0000] {spark_submit.py:490} INFO - 25/04/29 14:43:10 INFO BlockManagerInfo: Added broadcast_0_piece0 in memory on bd05f2cbfffd:40269 (size: 7.0 KiB, free: 434.4 MiB)
[2025-04-29T14:43:10.404+0000] {spark_submit.py:490} INFO - 25/04/29 14:43:10 INFO SparkContext: Created broadcast 0 from broadcast at DAGScheduler.scala:1513
[2025-04-29T14:43:10.418+0000] {spark_submit.py:490} INFO - 25/04/29 14:43:10 INFO DAGScheduler: Submitting 1 missing tasks from ShuffleMapStage 0 (MapPartitionsRDD[2] at count at NativeMethodAccessorImpl.java:0) (first 15 tasks are for partitions Vector(0))
[2025-04-29T14:43:10.420+0000] {spark_submit.py:490} INFO - 25/04/29 14:43:10 INFO TaskSchedulerImpl: Adding task set 0.0 with 1 tasks resource profile 0
[2025-04-29T14:43:10.451+0000] {spark_submit.py:490} INFO - 25/04/29 14:43:10 INFO TaskSetManager: Starting task 0.0 in stage 0.0 (TID 0) (172.18.0.5, executor 0, partition 0, PROCESS_LOCAL, 4292 bytes) taskResourceAssignments Map()
[2025-04-29T14:43:10.629+0000] {spark_submit.py:490} INFO - 25/04/29 14:43:10 INFO BlockManagerInfo: Added broadcast_0_piece0 in memory on 172.18.0.5:37171 (size: 7.0 KiB, free: 366.3 MiB)
[2025-04-29T14:43:11.577+0000] {spark_submit.py:490} INFO - 25/04/29 14:43:11 INFO TaskSetManager: Finished task 0.0 in stage 0.0 (TID 0) in 1133 ms on 172.18.0.5 (executor 0) (1/1)
[2025-04-29T14:43:11.578+0000] {spark_submit.py:490} INFO - 25/04/29 14:43:11 INFO TaskSchedulerImpl: Removed TaskSet 0.0, whose tasks have all completed, from pool
[2025-04-29T14:43:11.584+0000] {spark_submit.py:490} INFO - 25/04/29 14:43:11 INFO DAGScheduler: ShuffleMapStage 0 (count at NativeMethodAccessorImpl.java:0) finished in 1.325 s
[2025-04-29T14:43:11.585+0000] {spark_submit.py:490} INFO - 25/04/29 14:43:11 INFO DAGScheduler: looking for newly runnable stages
[2025-04-29T14:43:11.585+0000] {spark_submit.py:490} INFO - 25/04/29 14:43:11 INFO DAGScheduler: running: Set()
[2025-04-29T14:43:11.585+0000] {spark_submit.py:490} INFO - 25/04/29 14:43:11 INFO DAGScheduler: waiting: Set()
[2025-04-29T14:43:11.585+0000] {spark_submit.py:490} INFO - 25/04/29 14:43:11 INFO DAGScheduler: failed: Set()
[2025-04-29T14:43:11.621+0000] {spark_submit.py:490} INFO - 25/04/29 14:43:11 INFO CodeGenerator: Code generated in 10.416043 ms
[2025-04-29T14:43:11.646+0000] {spark_submit.py:490} INFO - 25/04/29 14:43:11 INFO SparkContext: Starting job: count at NativeMethodAccessorImpl.java:0
[2025-04-29T14:43:11.648+0000] {spark_submit.py:490} INFO - 25/04/29 14:43:11 INFO DAGScheduler: Got job 1 (count at NativeMethodAccessorImpl.java:0) with 1 output partitions
[2025-04-29T14:43:11.648+0000] {spark_submit.py:490} INFO - 25/04/29 14:43:11 INFO DAGScheduler: Final stage: ResultStage 2 (count at NativeMethodAccessorImpl.java:0)
[2025-04-29T14:43:11.649+0000] {spark_submit.py:490} INFO - 25/04/29 14:43:11 INFO DAGScheduler: Parents of final stage: List(ShuffleMapStage 1)
[2025-04-29T14:43:11.649+0000] {spark_submit.py:490} INFO - 25/04/29 14:43:11 INFO DAGScheduler: Missing parents: List()
[2025-04-29T14:43:11.650+0000] {spark_submit.py:490} INFO - 25/04/29 14:43:11 INFO DAGScheduler: Submitting ResultStage 2 (MapPartitionsRDD[5] at count at NativeMethodAccessorImpl.java:0), which has no missing parents
[2025-04-29T14:43:11.657+0000] {spark_submit.py:490} INFO - 25/04/29 14:43:11 INFO MemoryStore: Block broadcast_1 stored as values in memory (estimated size 11.1 KiB, free 434.4 MiB)
[2025-04-29T14:43:11.660+0000] {spark_submit.py:490} INFO - 25/04/29 14:43:11 INFO MemoryStore: Block broadcast_1_piece0 stored as bytes in memory (estimated size 5.5 KiB, free 434.4 MiB)
[2025-04-29T14:43:11.660+0000] {spark_submit.py:490} INFO - 25/04/29 14:43:11 INFO BlockManagerInfo: Added broadcast_1_piece0 in memory on bd05f2cbfffd:40269 (size: 5.5 KiB, free: 434.4 MiB)
[2025-04-29T14:43:11.661+0000] {spark_submit.py:490} INFO - 25/04/29 14:43:11 INFO SparkContext: Created broadcast 1 from broadcast at DAGScheduler.scala:1513
[2025-04-29T14:43:11.662+0000] {spark_submit.py:490} INFO - 25/04/29 14:43:11 INFO DAGScheduler: Submitting 1 missing tasks from ResultStage 2 (MapPartitionsRDD[5] at count at NativeMethodAccessorImpl.java:0) (first 15 tasks are for partitions Vector(0))
[2025-04-29T14:43:11.663+0000] {spark_submit.py:490} INFO - 25/04/29 14:43:11 INFO TaskSchedulerImpl: Adding task set 2.0 with 1 tasks resource profile 0
[2025-04-29T14:43:11.668+0000] {spark_submit.py:490} INFO - 25/04/29 14:43:11 INFO TaskSetManager: Starting task 0.0 in stage 2.0 (TID 1) (172.18.0.5, executor 0, partition 0, NODE_LOCAL, 4457 bytes) taskResourceAssignments Map()
[2025-04-29T14:43:11.686+0000] {spark_submit.py:490} INFO - 25/04/29 14:43:11 INFO BlockManagerInfo: Added broadcast_1_piece0 in memory on 172.18.0.5:37171 (size: 5.5 KiB, free: 366.3 MiB)
[2025-04-29T14:43:11.774+0000] {spark_submit.py:490} INFO - 25/04/29 14:43:11 INFO MapOutputTrackerMasterEndpoint: Asked to send map output locations for shuffle 0 to 172.18.0.5:44300
[2025-04-29T14:43:11.943+0000] {spark_submit.py:490} INFO - 25/04/29 14:43:11 INFO TaskSetManager: Finished task 0.0 in stage 2.0 (TID 1) in 276 ms on 172.18.0.5 (executor 0) (1/1)
[2025-04-29T14:43:11.943+0000] {spark_submit.py:490} INFO - 25/04/29 14:43:11 INFO TaskSchedulerImpl: Removed TaskSet 2.0, whose tasks have all completed, from pool
[2025-04-29T14:43:11.944+0000] {spark_submit.py:490} INFO - 25/04/29 14:43:11 INFO DAGScheduler: ResultStage 2 (count at NativeMethodAccessorImpl.java:0) finished in 0.289 s
[2025-04-29T14:43:11.946+0000] {spark_submit.py:490} INFO - 25/04/29 14:43:11 INFO DAGScheduler: Job 1 is finished. Cancelling potential speculative or zombie tasks for this job
[2025-04-29T14:43:11.947+0000] {spark_submit.py:490} INFO - 25/04/29 14:43:11 INFO TaskSchedulerImpl: Killing all running tasks in stage 2: Stage finished
[2025-04-29T14:43:11.948+0000] {spark_submit.py:490} INFO - 25/04/29 14:43:11 INFO DAGScheduler: Job 1 finished: count at NativeMethodAccessorImpl.java:0, took 0.301829 s
[2025-04-29T14:43:11.957+0000] {spark_submit.py:490} INFO - INFO:__main__:Таблица raw.masked_transactions загружена, записей: 1000
[2025-04-29T14:43:12.107+0000] {spark_submit.py:490} INFO - 25/04/29 14:43:12 INFO DAGScheduler: Registering RDD 8 (count at NativeMethodAccessorImpl.java:0) as input to shuffle 1
[2025-04-29T14:43:12.108+0000] {spark_submit.py:490} INFO - 25/04/29 14:43:12 INFO DAGScheduler: Got map stage job 2 (count at NativeMethodAccessorImpl.java:0) with 1 output partitions
[2025-04-29T14:43:12.108+0000] {spark_submit.py:490} INFO - 25/04/29 14:43:12 INFO DAGScheduler: Final stage: ShuffleMapStage 3 (count at NativeMethodAccessorImpl.java:0)
[2025-04-29T14:43:12.108+0000] {spark_submit.py:490} INFO - 25/04/29 14:43:12 INFO DAGScheduler: Parents of final stage: List()
[2025-04-29T14:43:12.108+0000] {spark_submit.py:490} INFO - 25/04/29 14:43:12 INFO DAGScheduler: Missing parents: List()
[2025-04-29T14:43:12.108+0000] {spark_submit.py:490} INFO - 25/04/29 14:43:12 INFO DAGScheduler: Submitting ShuffleMapStage 3 (MapPartitionsRDD[8] at count at NativeMethodAccessorImpl.java:0), which has no missing parents
[2025-04-29T14:43:12.111+0000] {spark_submit.py:490} INFO - 25/04/29 14:43:12 INFO MemoryStore: Block broadcast_2 stored as values in memory (estimated size 13.4 KiB, free 434.4 MiB)
[2025-04-29T14:43:12.113+0000] {spark_submit.py:490} INFO - 25/04/29 14:43:12 INFO MemoryStore: Block broadcast_2_piece0 stored as bytes in memory (estimated size 7.0 KiB, free 434.3 MiB)
[2025-04-29T14:43:12.114+0000] {spark_submit.py:490} INFO - 25/04/29 14:43:12 INFO BlockManagerInfo: Added broadcast_2_piece0 in memory on bd05f2cbfffd:40269 (size: 7.0 KiB, free: 434.4 MiB)
[2025-04-29T14:43:12.115+0000] {spark_submit.py:490} INFO - 25/04/29 14:43:12 INFO SparkContext: Created broadcast 2 from broadcast at DAGScheduler.scala:1513
[2025-04-29T14:43:12.115+0000] {spark_submit.py:490} INFO - 25/04/29 14:43:12 INFO DAGScheduler: Submitting 1 missing tasks from ShuffleMapStage 3 (MapPartitionsRDD[8] at count at NativeMethodAccessorImpl.java:0) (first 15 tasks are for partitions Vector(0))
[2025-04-29T14:43:12.115+0000] {spark_submit.py:490} INFO - 25/04/29 14:43:12 INFO TaskSchedulerImpl: Adding task set 3.0 with 1 tasks resource profile 0
[2025-04-29T14:43:12.117+0000] {spark_submit.py:490} INFO - 25/04/29 14:43:12 INFO TaskSetManager: Starting task 0.0 in stage 3.0 (TID 2) (172.18.0.5, executor 0, partition 0, PROCESS_LOCAL, 4292 bytes) taskResourceAssignments Map()
[2025-04-29T14:43:12.129+0000] {spark_submit.py:490} INFO - 25/04/29 14:43:12 INFO BlockManagerInfo: Added broadcast_2_piece0 in memory on 172.18.0.5:37171 (size: 7.0 KiB, free: 366.3 MiB)
[2025-04-29T14:43:12.167+0000] {spark_submit.py:490} INFO - 25/04/29 14:43:12 INFO TaskSetManager: Finished task 0.0 in stage 3.0 (TID 2) in 51 ms on 172.18.0.5 (executor 0) (1/1)
[2025-04-29T14:43:12.167+0000] {spark_submit.py:490} INFO - 25/04/29 14:43:12 INFO TaskSchedulerImpl: Removed TaskSet 3.0, whose tasks have all completed, from pool
[2025-04-29T14:43:12.168+0000] {spark_submit.py:490} INFO - 25/04/29 14:43:12 INFO DAGScheduler: ShuffleMapStage 3 (count at NativeMethodAccessorImpl.java:0) finished in 0.059 s
[2025-04-29T14:43:12.168+0000] {spark_submit.py:490} INFO - 25/04/29 14:43:12 INFO DAGScheduler: looking for newly runnable stages
[2025-04-29T14:43:12.168+0000] {spark_submit.py:490} INFO - 25/04/29 14:43:12 INFO DAGScheduler: running: Set()
[2025-04-29T14:43:12.168+0000] {spark_submit.py:490} INFO - 25/04/29 14:43:12 INFO DAGScheduler: waiting: Set()
[2025-04-29T14:43:12.168+0000] {spark_submit.py:490} INFO - 25/04/29 14:43:12 INFO DAGScheduler: failed: Set()
[2025-04-29T14:43:12.188+0000] {spark_submit.py:490} INFO - 25/04/29 14:43:12 INFO SparkContext: Starting job: count at NativeMethodAccessorImpl.java:0
[2025-04-29T14:43:12.189+0000] {spark_submit.py:490} INFO - 25/04/29 14:43:12 INFO DAGScheduler: Got job 3 (count at NativeMethodAccessorImpl.java:0) with 1 output partitions
[2025-04-29T14:43:12.189+0000] {spark_submit.py:490} INFO - 25/04/29 14:43:12 INFO DAGScheduler: Final stage: ResultStage 5 (count at NativeMethodAccessorImpl.java:0)
[2025-04-29T14:43:12.189+0000] {spark_submit.py:490} INFO - 25/04/29 14:43:12 INFO DAGScheduler: Parents of final stage: List(ShuffleMapStage 4)
[2025-04-29T14:43:12.189+0000] {spark_submit.py:490} INFO - 25/04/29 14:43:12 INFO DAGScheduler: Missing parents: List()
[2025-04-29T14:43:12.190+0000] {spark_submit.py:490} INFO - 25/04/29 14:43:12 INFO DAGScheduler: Submitting ResultStage 5 (MapPartitionsRDD[11] at count at NativeMethodAccessorImpl.java:0), which has no missing parents
[2025-04-29T14:43:12.192+0000] {spark_submit.py:490} INFO - 25/04/29 14:43:12 INFO MemoryStore: Block broadcast_3 stored as values in memory (estimated size 11.1 KiB, free 434.3 MiB)
[2025-04-29T14:43:12.193+0000] {spark_submit.py:490} INFO - 25/04/29 14:43:12 INFO MemoryStore: Block broadcast_3_piece0 stored as bytes in memory (estimated size 5.5 KiB, free 434.3 MiB)
[2025-04-29T14:43:12.194+0000] {spark_submit.py:490} INFO - 25/04/29 14:43:12 INFO BlockManagerInfo: Added broadcast_3_piece0 in memory on bd05f2cbfffd:40269 (size: 5.5 KiB, free: 434.4 MiB)
[2025-04-29T14:43:12.194+0000] {spark_submit.py:490} INFO - 25/04/29 14:43:12 INFO SparkContext: Created broadcast 3 from broadcast at DAGScheduler.scala:1513
[2025-04-29T14:43:12.195+0000] {spark_submit.py:490} INFO - 25/04/29 14:43:12 INFO DAGScheduler: Submitting 1 missing tasks from ResultStage 5 (MapPartitionsRDD[11] at count at NativeMethodAccessorImpl.java:0) (first 15 tasks are for partitions Vector(0))
[2025-04-29T14:43:12.195+0000] {spark_submit.py:490} INFO - 25/04/29 14:43:12 INFO TaskSchedulerImpl: Adding task set 5.0 with 1 tasks resource profile 0
[2025-04-29T14:43:12.196+0000] {spark_submit.py:490} INFO - 25/04/29 14:43:12 INFO TaskSetManager: Starting task 0.0 in stage 5.0 (TID 3) (172.18.0.5, executor 0, partition 0, NODE_LOCAL, 4457 bytes) taskResourceAssignments Map()
[2025-04-29T14:43:12.212+0000] {spark_submit.py:490} INFO - 25/04/29 14:43:12 INFO BlockManagerInfo: Added broadcast_3_piece0 in memory on 172.18.0.5:37171 (size: 5.5 KiB, free: 366.3 MiB)
[2025-04-29T14:43:12.218+0000] {spark_submit.py:490} INFO - 25/04/29 14:43:12 INFO MapOutputTrackerMasterEndpoint: Asked to send map output locations for shuffle 1 to 172.18.0.5:44300
[2025-04-29T14:43:12.227+0000] {spark_submit.py:490} INFO - 25/04/29 14:43:12 INFO TaskSetManager: Finished task 0.0 in stage 5.0 (TID 3) in 30 ms on 172.18.0.5 (executor 0) (1/1)
[2025-04-29T14:43:12.227+0000] {spark_submit.py:490} INFO - 25/04/29 14:43:12 INFO TaskSchedulerImpl: Removed TaskSet 5.0, whose tasks have all completed, from pool
[2025-04-29T14:43:12.228+0000] {spark_submit.py:490} INFO - 25/04/29 14:43:12 INFO DAGScheduler: ResultStage 5 (count at NativeMethodAccessorImpl.java:0) finished in 0.036 s
[2025-04-29T14:43:12.228+0000] {spark_submit.py:490} INFO - 25/04/29 14:43:12 INFO DAGScheduler: Job 3 is finished. Cancelling potential speculative or zombie tasks for this job
[2025-04-29T14:43:12.228+0000] {spark_submit.py:490} INFO - 25/04/29 14:43:12 INFO TaskSchedulerImpl: Killing all running tasks in stage 5: Stage finished
[2025-04-29T14:43:12.228+0000] {spark_submit.py:490} INFO - 25/04/29 14:43:12 INFO DAGScheduler: Job 3 finished: count at NativeMethodAccessorImpl.java:0, took 0.040104 s
[2025-04-29T14:43:12.230+0000] {spark_submit.py:490} INFO - INFO:__main__:Правило large_tx отработано, записей: 371
[2025-04-29T14:43:12.433+0000] {spark_submit.py:490} INFO - 25/04/29 14:43:12 INFO CodeGenerator: Code generated in 10.088673 ms
[2025-04-29T14:43:12.437+0000] {spark_submit.py:490} INFO - 25/04/29 14:43:12 INFO DAGScheduler: Registering RDD 14 (count at NativeMethodAccessorImpl.java:0) as input to shuffle 2
[2025-04-29T14:43:12.437+0000] {spark_submit.py:490} INFO - 25/04/29 14:43:12 INFO DAGScheduler: Got map stage job 4 (count at NativeMethodAccessorImpl.java:0) with 1 output partitions
[2025-04-29T14:43:12.437+0000] {spark_submit.py:490} INFO - 25/04/29 14:43:12 INFO DAGScheduler: Final stage: ShuffleMapStage 6 (count at NativeMethodAccessorImpl.java:0)
[2025-04-29T14:43:12.438+0000] {spark_submit.py:490} INFO - 25/04/29 14:43:12 INFO DAGScheduler: Parents of final stage: List()
[2025-04-29T14:43:12.438+0000] {spark_submit.py:490} INFO - 25/04/29 14:43:12 INFO DAGScheduler: Missing parents: List()
[2025-04-29T14:43:12.439+0000] {spark_submit.py:490} INFO - 25/04/29 14:43:12 INFO DAGScheduler: Submitting ShuffleMapStage 6 (MapPartitionsRDD[14] at count at NativeMethodAccessorImpl.java:0), which has no missing parents
[2025-04-29T14:43:12.446+0000] {spark_submit.py:490} INFO - 25/04/29 14:43:12 INFO MemoryStore: Block broadcast_4 stored as values in memory (estimated size 14.0 KiB, free 434.3 MiB)
[2025-04-29T14:43:12.465+0000] {spark_submit.py:490} INFO - 25/04/29 14:43:12 INFO MemoryStore: Block broadcast_4_piece0 stored as bytes in memory (estimated size 7.3 KiB, free 434.3 MiB)
[2025-04-29T14:43:12.472+0000] {spark_submit.py:490} INFO - 25/04/29 14:43:12 INFO BlockManagerInfo: Added broadcast_4_piece0 in memory on bd05f2cbfffd:40269 (size: 7.3 KiB, free: 434.4 MiB)
[2025-04-29T14:43:12.473+0000] {spark_submit.py:490} INFO - 25/04/29 14:43:12 INFO SparkContext: Created broadcast 4 from broadcast at DAGScheduler.scala:1513
[2025-04-29T14:43:12.474+0000] {spark_submit.py:490} INFO - 25/04/29 14:43:12 INFO DAGScheduler: Submitting 1 missing tasks from ShuffleMapStage 6 (MapPartitionsRDD[14] at count at NativeMethodAccessorImpl.java:0) (first 15 tasks are for partitions Vector(0))
[2025-04-29T14:43:12.474+0000] {spark_submit.py:490} INFO - 25/04/29 14:43:12 INFO TaskSchedulerImpl: Adding task set 6.0 with 1 tasks resource profile 0
[2025-04-29T14:43:12.478+0000] {spark_submit.py:490} INFO - 25/04/29 14:43:12 INFO TaskSetManager: Starting task 0.0 in stage 6.0 (TID 4) (172.18.0.5, executor 0, partition 0, PROCESS_LOCAL, 4292 bytes) taskResourceAssignments Map()
[2025-04-29T14:43:12.513+0000] {spark_submit.py:490} INFO - 25/04/29 14:43:12 INFO BlockManagerInfo: Added broadcast_4_piece0 in memory on 172.18.0.5:37171 (size: 7.3 KiB, free: 366.3 MiB)
[2025-04-29T14:43:12.515+0000] {spark_submit.py:490} INFO - 25/04/29 14:43:12 INFO BlockManagerInfo: Removed broadcast_2_piece0 on bd05f2cbfffd:40269 in memory (size: 7.0 KiB, free: 434.4 MiB)
[2025-04-29T14:43:12.521+0000] {spark_submit.py:490} INFO - 25/04/29 14:43:12 INFO BlockManagerInfo: Removed broadcast_2_piece0 on 172.18.0.5:37171 in memory (size: 7.0 KiB, free: 366.3 MiB)
[2025-04-29T14:43:12.527+0000] {spark_submit.py:490} INFO - 25/04/29 14:43:12 INFO BlockManagerInfo: Removed broadcast_0_piece0 on bd05f2cbfffd:40269 in memory (size: 7.0 KiB, free: 434.4 MiB)
[2025-04-29T14:43:12.529+0000] {spark_submit.py:490} INFO - 25/04/29 14:43:12 INFO BlockManagerInfo: Removed broadcast_0_piece0 on 172.18.0.5:37171 in memory (size: 7.0 KiB, free: 366.3 MiB)
[2025-04-29T14:43:12.535+0000] {spark_submit.py:490} INFO - 25/04/29 14:43:12 INFO BlockManagerInfo: Removed broadcast_3_piece0 on bd05f2cbfffd:40269 in memory (size: 5.5 KiB, free: 434.4 MiB)
[2025-04-29T14:43:12.536+0000] {spark_submit.py:490} INFO - 25/04/29 14:43:12 INFO BlockManagerInfo: Removed broadcast_3_piece0 on 172.18.0.5:37171 in memory (size: 5.5 KiB, free: 366.3 MiB)
[2025-04-29T14:43:12.542+0000] {spark_submit.py:490} INFO - 25/04/29 14:43:12 INFO BlockManagerInfo: Removed broadcast_1_piece0 on bd05f2cbfffd:40269 in memory (size: 5.5 KiB, free: 434.4 MiB)
[2025-04-29T14:43:12.543+0000] {spark_submit.py:490} INFO - 25/04/29 14:43:12 INFO BlockManagerInfo: Removed broadcast_1_piece0 on 172.18.0.5:37171 in memory (size: 5.5 KiB, free: 366.3 MiB)
[2025-04-29T14:43:12.889+0000] {spark_submit.py:490} INFO - 25/04/29 14:43:12 INFO TaskSetManager: Finished task 0.0 in stage 6.0 (TID 4) in 412 ms on 172.18.0.5 (executor 0) (1/1)
[2025-04-29T14:43:12.889+0000] {spark_submit.py:490} INFO - 25/04/29 14:43:12 INFO TaskSchedulerImpl: Removed TaskSet 6.0, whose tasks have all completed, from pool
[2025-04-29T14:43:12.890+0000] {spark_submit.py:490} INFO - 25/04/29 14:43:12 INFO DAGScheduler: ShuffleMapStage 6 (count at NativeMethodAccessorImpl.java:0) finished in 0.450 s
[2025-04-29T14:43:12.890+0000] {spark_submit.py:490} INFO - 25/04/29 14:43:12 INFO DAGScheduler: looking for newly runnable stages
[2025-04-29T14:43:12.890+0000] {spark_submit.py:490} INFO - 25/04/29 14:43:12 INFO DAGScheduler: running: Set()
[2025-04-29T14:43:12.890+0000] {spark_submit.py:490} INFO - 25/04/29 14:43:12 INFO DAGScheduler: waiting: Set()
[2025-04-29T14:43:12.890+0000] {spark_submit.py:490} INFO - 25/04/29 14:43:12 INFO DAGScheduler: failed: Set()
[2025-04-29T14:43:12.902+0000] {spark_submit.py:490} INFO - 25/04/29 14:43:12 INFO ShufflePartitionsUtil: For shuffle(2), advisory target size: 67108864, actual target size 1048576, minimum partition size: 1048576
[2025-04-29T14:43:12.928+0000] {spark_submit.py:490} INFO - 25/04/29 14:43:12 INFO CodeGenerator: Code generated in 6.937534 ms
[2025-04-29T14:43:12.942+0000] {spark_submit.py:490} INFO - 25/04/29 14:43:12 INFO CodeGenerator: Code generated in 8.779993 ms
[2025-04-29T14:43:12.977+0000] {spark_submit.py:490} INFO - 25/04/29 14:43:12 INFO DAGScheduler: Registering RDD 19 (count at NativeMethodAccessorImpl.java:0) as input to shuffle 3
[2025-04-29T14:43:12.978+0000] {spark_submit.py:490} INFO - 25/04/29 14:43:12 INFO DAGScheduler: Got map stage job 5 (count at NativeMethodAccessorImpl.java:0) with 1 output partitions
[2025-04-29T14:43:12.978+0000] {spark_submit.py:490} INFO - 25/04/29 14:43:12 INFO DAGScheduler: Final stage: ShuffleMapStage 8 (count at NativeMethodAccessorImpl.java:0)
[2025-04-29T14:43:12.978+0000] {spark_submit.py:490} INFO - 25/04/29 14:43:12 INFO DAGScheduler: Parents of final stage: List(ShuffleMapStage 7)
[2025-04-29T14:43:12.978+0000] {spark_submit.py:490} INFO - 25/04/29 14:43:12 INFO DAGScheduler: Missing parents: List()
[2025-04-29T14:43:12.979+0000] {spark_submit.py:490} INFO - 25/04/29 14:43:12 INFO DAGScheduler: Submitting ShuffleMapStage 8 (MapPartitionsRDD[19] at count at NativeMethodAccessorImpl.java:0), which has no missing parents
[2025-04-29T14:43:12.987+0000] {spark_submit.py:490} INFO - 25/04/29 14:43:12 INFO MemoryStore: Block broadcast_5 stored as values in memory (estimated size 34.6 KiB, free 434.3 MiB)
[2025-04-29T14:43:12.989+0000] {spark_submit.py:490} INFO - 25/04/29 14:43:12 INFO MemoryStore: Block broadcast_5_piece0 stored as bytes in memory (estimated size 16.6 KiB, free 434.3 MiB)
[2025-04-29T14:43:12.990+0000] {spark_submit.py:490} INFO - 25/04/29 14:43:12 INFO BlockManagerInfo: Added broadcast_5_piece0 in memory on bd05f2cbfffd:40269 (size: 16.6 KiB, free: 434.4 MiB)
[2025-04-29T14:43:12.990+0000] {spark_submit.py:490} INFO - 25/04/29 14:43:12 INFO SparkContext: Created broadcast 5 from broadcast at DAGScheduler.scala:1513
[2025-04-29T14:43:12.991+0000] {spark_submit.py:490} INFO - 25/04/29 14:43:12 INFO DAGScheduler: Submitting 1 missing tasks from ShuffleMapStage 8 (MapPartitionsRDD[19] at count at NativeMethodAccessorImpl.java:0) (first 15 tasks are for partitions Vector(0))
[2025-04-29T14:43:12.991+0000] {spark_submit.py:490} INFO - 25/04/29 14:43:12 INFO TaskSchedulerImpl: Adding task set 8.0 with 1 tasks resource profile 0
[2025-04-29T14:43:12.992+0000] {spark_submit.py:490} INFO - 25/04/29 14:43:12 INFO TaskSetManager: Starting task 0.0 in stage 8.0 (TID 5) (172.18.0.5, executor 0, partition 0, NODE_LOCAL, 4446 bytes) taskResourceAssignments Map()
[2025-04-29T14:43:13.007+0000] {spark_submit.py:490} INFO - 25/04/29 14:43:13 INFO BlockManagerInfo: Added broadcast_5_piece0 in memory on 172.18.0.5:37171 (size: 16.6 KiB, free: 366.3 MiB)
[2025-04-29T14:43:13.114+0000] {spark_submit.py:490} INFO - 25/04/29 14:43:13 INFO MapOutputTrackerMasterEndpoint: Asked to send map output locations for shuffle 2 to 172.18.0.5:44300
[2025-04-29T14:43:13.421+0000] {spark_submit.py:490} INFO - 25/04/29 14:43:13 INFO TaskSetManager: Finished task 0.0 in stage 8.0 (TID 5) in 429 ms on 172.18.0.5 (executor 0) (1/1)
[2025-04-29T14:43:13.421+0000] {spark_submit.py:490} INFO - 25/04/29 14:43:13 INFO TaskSchedulerImpl: Removed TaskSet 8.0, whose tasks have all completed, from pool
[2025-04-29T14:43:13.422+0000] {spark_submit.py:490} INFO - 25/04/29 14:43:13 INFO DAGScheduler: ShuffleMapStage 8 (count at NativeMethodAccessorImpl.java:0) finished in 0.439 s
[2025-04-29T14:43:13.422+0000] {spark_submit.py:490} INFO - 25/04/29 14:43:13 INFO DAGScheduler: looking for newly runnable stages
[2025-04-29T14:43:13.422+0000] {spark_submit.py:490} INFO - 25/04/29 14:43:13 INFO DAGScheduler: running: Set()
[2025-04-29T14:43:13.422+0000] {spark_submit.py:490} INFO - 25/04/29 14:43:13 INFO DAGScheduler: waiting: Set()
[2025-04-29T14:43:13.422+0000] {spark_submit.py:490} INFO - 25/04/29 14:43:13 INFO DAGScheduler: failed: Set()
[2025-04-29T14:43:13.441+0000] {spark_submit.py:490} INFO - 25/04/29 14:43:13 INFO CodeGenerator: Code generated in 9.540037 ms
[2025-04-29T14:43:13.458+0000] {spark_submit.py:490} INFO - 25/04/29 14:43:13 INFO SparkContext: Starting job: count at NativeMethodAccessorImpl.java:0
[2025-04-29T14:43:13.460+0000] {spark_submit.py:490} INFO - 25/04/29 14:43:13 INFO DAGScheduler: Got job 6 (count at NativeMethodAccessorImpl.java:0) with 1 output partitions
[2025-04-29T14:43:13.460+0000] {spark_submit.py:490} INFO - 25/04/29 14:43:13 INFO DAGScheduler: Final stage: ResultStage 11 (count at NativeMethodAccessorImpl.java:0)
[2025-04-29T14:43:13.460+0000] {spark_submit.py:490} INFO - 25/04/29 14:43:13 INFO DAGScheduler: Parents of final stage: List(ShuffleMapStage 10)
[2025-04-29T14:43:13.460+0000] {spark_submit.py:490} INFO - 25/04/29 14:43:13 INFO DAGScheduler: Missing parents: List()
[2025-04-29T14:43:13.461+0000] {spark_submit.py:490} INFO - 25/04/29 14:43:13 INFO DAGScheduler: Submitting ResultStage 11 (MapPartitionsRDD[22] at count at NativeMethodAccessorImpl.java:0), which has no missing parents
[2025-04-29T14:43:13.464+0000] {spark_submit.py:490} INFO - 25/04/29 14:43:13 INFO MemoryStore: Block broadcast_6 stored as values in memory (estimated size 11.1 KiB, free 434.3 MiB)
[2025-04-29T14:43:13.467+0000] {spark_submit.py:490} INFO - 25/04/29 14:43:13 INFO MemoryStore: Block broadcast_6_piece0 stored as bytes in memory (estimated size 5.5 KiB, free 434.3 MiB)
[2025-04-29T14:43:13.468+0000] {spark_submit.py:490} INFO - 25/04/29 14:43:13 INFO BlockManagerInfo: Added broadcast_6_piece0 in memory on bd05f2cbfffd:40269 (size: 5.5 KiB, free: 434.4 MiB)
[2025-04-29T14:43:13.468+0000] {spark_submit.py:490} INFO - 25/04/29 14:43:13 INFO SparkContext: Created broadcast 6 from broadcast at DAGScheduler.scala:1513
[2025-04-29T14:43:13.469+0000] {spark_submit.py:490} INFO - 25/04/29 14:43:13 INFO DAGScheduler: Submitting 1 missing tasks from ResultStage 11 (MapPartitionsRDD[22] at count at NativeMethodAccessorImpl.java:0) (first 15 tasks are for partitions Vector(0))
[2025-04-29T14:43:13.469+0000] {spark_submit.py:490} INFO - 25/04/29 14:43:13 INFO TaskSchedulerImpl: Adding task set 11.0 with 1 tasks resource profile 0
[2025-04-29T14:43:13.470+0000] {spark_submit.py:490} INFO - 25/04/29 14:43:13 INFO TaskSetManager: Starting task 0.0 in stage 11.0 (TID 6) (172.18.0.5, executor 0, partition 0, NODE_LOCAL, 4457 bytes) taskResourceAssignments Map()
[2025-04-29T14:43:13.481+0000] {spark_submit.py:490} INFO - 25/04/29 14:43:13 INFO BlockManagerInfo: Added broadcast_6_piece0 in memory on 172.18.0.5:37171 (size: 5.5 KiB, free: 366.3 MiB)
[2025-04-29T14:43:13.487+0000] {spark_submit.py:490} INFO - 25/04/29 14:43:13 INFO MapOutputTrackerMasterEndpoint: Asked to send map output locations for shuffle 3 to 172.18.0.5:44300
[2025-04-29T14:43:13.501+0000] {spark_submit.py:490} INFO - 25/04/29 14:43:13 INFO TaskSetManager: Finished task 0.0 in stage 11.0 (TID 6) in 30 ms on 172.18.0.5 (executor 0) (1/1)
[2025-04-29T14:43:13.501+0000] {spark_submit.py:490} INFO - 25/04/29 14:43:13 INFO TaskSchedulerImpl: Removed TaskSet 11.0, whose tasks have all completed, from pool
[2025-04-29T14:43:13.501+0000] {spark_submit.py:490} INFO - 25/04/29 14:43:13 INFO DAGScheduler: ResultStage 11 (count at NativeMethodAccessorImpl.java:0) finished in 0.040 s
[2025-04-29T14:43:13.502+0000] {spark_submit.py:490} INFO - 25/04/29 14:43:13 INFO DAGScheduler: Job 6 is finished. Cancelling potential speculative or zombie tasks for this job
[2025-04-29T14:43:13.502+0000] {spark_submit.py:490} INFO - 25/04/29 14:43:13 INFO TaskSchedulerImpl: Killing all running tasks in stage 11: Stage finished
[2025-04-29T14:43:13.502+0000] {spark_submit.py:490} INFO - 25/04/29 14:43:13 INFO DAGScheduler: Job 6 finished: count at NativeMethodAccessorImpl.java:0, took 0.043469 s
[2025-04-29T14:43:13.504+0000] {spark_submit.py:490} INFO - INFO:__main__:Правило freq_tx отработано, записей: 4
[2025-04-29T14:43:13.602+0000] {spark_submit.py:490} INFO - 25/04/29 14:43:13 INFO DAGScheduler: Registering RDD 26 (count at NativeMethodAccessorImpl.java:0) as input to shuffle 4
[2025-04-29T14:43:13.602+0000] {spark_submit.py:490} INFO - 25/04/29 14:43:13 INFO DAGScheduler: Got map stage job 7 (count at NativeMethodAccessorImpl.java:0) with 1 output partitions
[2025-04-29T14:43:13.602+0000] {spark_submit.py:490} INFO - 25/04/29 14:43:13 INFO DAGScheduler: Final stage: ShuffleMapStage 12 (count at NativeMethodAccessorImpl.java:0)
[2025-04-29T14:43:13.602+0000] {spark_submit.py:490} INFO - 25/04/29 14:43:13 INFO DAGScheduler: Parents of final stage: List()
[2025-04-29T14:43:13.602+0000] {spark_submit.py:490} INFO - 25/04/29 14:43:13 INFO DAGScheduler: Missing parents: List()
[2025-04-29T14:43:13.602+0000] {spark_submit.py:490} INFO - 25/04/29 14:43:13 INFO DAGScheduler: Submitting ShuffleMapStage 12 (MapPartitionsRDD[26] at count at NativeMethodAccessorImpl.java:0), which has no missing parents
[2025-04-29T14:43:13.605+0000] {spark_submit.py:490} INFO - 25/04/29 14:43:13 INFO MemoryStore: Block broadcast_7 stored as values in memory (estimated size 14.1 KiB, free 434.3 MiB)
[2025-04-29T14:43:13.618+0000] {spark_submit.py:490} INFO - 25/04/29 14:43:13 INFO MemoryStore: Block broadcast_7_piece0 stored as bytes in memory (estimated size 7.3 KiB, free 434.3 MiB)
[2025-04-29T14:43:13.618+0000] {spark_submit.py:490} INFO - 25/04/29 14:43:13 INFO BlockManagerInfo: Added broadcast_7_piece0 in memory on bd05f2cbfffd:40269 (size: 7.3 KiB, free: 434.4 MiB)
[2025-04-29T14:43:13.619+0000] {spark_submit.py:490} INFO - 25/04/29 14:43:13 INFO SparkContext: Created broadcast 7 from broadcast at DAGScheduler.scala:1513
[2025-04-29T14:43:13.624+0000] {spark_submit.py:490} INFO - 25/04/29 14:43:13 INFO DAGScheduler: Submitting 1 missing tasks from ShuffleMapStage 12 (MapPartitionsRDD[26] at count at NativeMethodAccessorImpl.java:0) (first 15 tasks are for partitions Vector(0))
[2025-04-29T14:43:13.624+0000] {spark_submit.py:490} INFO - 25/04/29 14:43:13 INFO BlockManagerInfo: Removed broadcast_4_piece0 on bd05f2cbfffd:40269 in memory (size: 7.3 KiB, free: 434.4 MiB)
[2025-04-29T14:43:13.624+0000] {spark_submit.py:490} INFO - 25/04/29 14:43:13 INFO TaskSchedulerImpl: Adding task set 12.0 with 1 tasks resource profile 0
[2025-04-29T14:43:13.624+0000] {spark_submit.py:490} INFO - 25/04/29 14:43:13 INFO TaskSetManager: Starting task 0.0 in stage 12.0 (TID 7) (172.18.0.5, executor 0, partition 0, PROCESS_LOCAL, 4292 bytes) taskResourceAssignments Map()
[2025-04-29T14:43:13.624+0000] {spark_submit.py:490} INFO - 25/04/29 14:43:13 INFO BlockManagerInfo: Removed broadcast_4_piece0 on 172.18.0.5:37171 in memory (size: 7.3 KiB, free: 366.3 MiB)
[2025-04-29T14:43:13.638+0000] {spark_submit.py:490} INFO - 25/04/29 14:43:13 INFO BlockManagerInfo: Removed broadcast_6_piece0 on bd05f2cbfffd:40269 in memory (size: 5.5 KiB, free: 434.4 MiB)
[2025-04-29T14:43:13.640+0000] {spark_submit.py:490} INFO - 25/04/29 14:43:13 INFO BlockManagerInfo: Removed broadcast_6_piece0 on 172.18.0.5:37171 in memory (size: 5.5 KiB, free: 366.3 MiB)
[2025-04-29T14:43:13.642+0000] {spark_submit.py:490} INFO - 25/04/29 14:43:13 INFO BlockManagerInfo: Added broadcast_7_piece0 in memory on 172.18.0.5:37171 (size: 7.3 KiB, free: 366.3 MiB)
[2025-04-29T14:43:13.657+0000] {spark_submit.py:490} INFO - 25/04/29 14:43:13 INFO BlockManagerInfo: Removed broadcast_5_piece0 on bd05f2cbfffd:40269 in memory (size: 16.6 KiB, free: 434.4 MiB)
[2025-04-29T14:43:13.659+0000] {spark_submit.py:490} INFO - 25/04/29 14:43:13 INFO BlockManagerInfo: Removed broadcast_5_piece0 on 172.18.0.5:37171 in memory (size: 16.6 KiB, free: 366.3 MiB)
[2025-04-29T14:43:13.712+0000] {spark_submit.py:490} INFO - 25/04/29 14:43:13 INFO TaskSetManager: Finished task 0.0 in stage 12.0 (TID 7) in 90 ms on 172.18.0.5 (executor 0) (1/1)
[2025-04-29T14:43:13.713+0000] {spark_submit.py:490} INFO - 25/04/29 14:43:13 INFO TaskSchedulerImpl: Removed TaskSet 12.0, whose tasks have all completed, from pool
[2025-04-29T14:43:13.713+0000] {spark_submit.py:490} INFO - 25/04/29 14:43:13 INFO DAGScheduler: ShuffleMapStage 12 (count at NativeMethodAccessorImpl.java:0) finished in 0.110 s
[2025-04-29T14:43:13.714+0000] {spark_submit.py:490} INFO - 25/04/29 14:43:13 INFO DAGScheduler: looking for newly runnable stages
[2025-04-29T14:43:13.714+0000] {spark_submit.py:490} INFO - 25/04/29 14:43:13 INFO DAGScheduler: running: Set()
[2025-04-29T14:43:13.714+0000] {spark_submit.py:490} INFO - 25/04/29 14:43:13 INFO DAGScheduler: waiting: Set()
[2025-04-29T14:43:13.714+0000] {spark_submit.py:490} INFO - 25/04/29 14:43:13 INFO DAGScheduler: failed: Set()
[2025-04-29T14:43:13.725+0000] {spark_submit.py:490} INFO - 25/04/29 14:43:13 INFO ShufflePartitionsUtil: For shuffle(4), advisory target size: 67108864, actual target size 1048576, minimum partition size: 1048576
[2025-04-29T14:43:13.743+0000] {spark_submit.py:490} INFO - 25/04/29 14:43:13 INFO CodeGenerator: Code generated in 6.142233 ms
[2025-04-29T14:43:13.750+0000] {spark_submit.py:490} INFO - 25/04/29 14:43:13 INFO CodeGenerator: Code generated in 5.380556 ms
[2025-04-29T14:43:13.763+0000] {spark_submit.py:490} INFO - 25/04/29 14:43:13 INFO CodeGenerator: Code generated in 6.678847 ms
[2025-04-29T14:43:13.776+0000] {spark_submit.py:490} INFO - 25/04/29 14:43:13 INFO CodeGenerator: Code generated in 10.109541 ms
[2025-04-29T14:43:13.802+0000] {spark_submit.py:490} INFO - 25/04/29 14:43:13 INFO DAGScheduler: Registering RDD 35 (count at NativeMethodAccessorImpl.java:0) as input to shuffle 5
[2025-04-29T14:43:13.803+0000] {spark_submit.py:490} INFO - 25/04/29 14:43:13 INFO DAGScheduler: Got map stage job 8 (count at NativeMethodAccessorImpl.java:0) with 2 output partitions
[2025-04-29T14:43:13.803+0000] {spark_submit.py:490} INFO - 25/04/29 14:43:13 INFO DAGScheduler: Final stage: ShuffleMapStage 14 (count at NativeMethodAccessorImpl.java:0)
[2025-04-29T14:43:13.803+0000] {spark_submit.py:490} INFO - 25/04/29 14:43:13 INFO DAGScheduler: Parents of final stage: List(ShuffleMapStage 13)
[2025-04-29T14:43:13.803+0000] {spark_submit.py:490} INFO - 25/04/29 14:43:13 INFO DAGScheduler: Missing parents: List()
[2025-04-29T14:43:13.803+0000] {spark_submit.py:490} INFO - 25/04/29 14:43:13 INFO DAGScheduler: Submitting ShuffleMapStage 14 (MapPartitionsRDD[35] at count at NativeMethodAccessorImpl.java:0), which has no missing parents
[2025-04-29T14:43:13.812+0000] {spark_submit.py:490} INFO - 25/04/29 14:43:13 INFO MemoryStore: Block broadcast_8 stored as values in memory (estimated size 38.6 KiB, free 434.3 MiB)
[2025-04-29T14:43:13.814+0000] {spark_submit.py:490} INFO - 25/04/29 14:43:13 INFO MemoryStore: Block broadcast_8_piece0 stored as bytes in memory (estimated size 17.8 KiB, free 434.3 MiB)
[2025-04-29T14:43:13.815+0000] {spark_submit.py:490} INFO - 25/04/29 14:43:13 INFO BlockManagerInfo: Added broadcast_8_piece0 in memory on bd05f2cbfffd:40269 (size: 17.8 KiB, free: 434.4 MiB)
[2025-04-29T14:43:13.815+0000] {spark_submit.py:490} INFO - 25/04/29 14:43:13 INFO SparkContext: Created broadcast 8 from broadcast at DAGScheduler.scala:1513
[2025-04-29T14:43:13.816+0000] {spark_submit.py:490} INFO - 25/04/29 14:43:13 INFO DAGScheduler: Submitting 2 missing tasks from ShuffleMapStage 14 (MapPartitionsRDD[35] at count at NativeMethodAccessorImpl.java:0) (first 15 tasks are for partitions Vector(0, 1))
[2025-04-29T14:43:13.816+0000] {spark_submit.py:490} INFO - 25/04/29 14:43:13 INFO TaskSchedulerImpl: Adding task set 14.0 with 2 tasks resource profile 0
[2025-04-29T14:43:13.819+0000] {spark_submit.py:490} INFO - 25/04/29 14:43:13 INFO TaskSetManager: Starting task 1.0 in stage 14.0 (TID 8) (172.18.0.5, executor 0, partition 1, NODE_LOCAL, 4555 bytes) taskResourceAssignments Map()
[2025-04-29T14:43:13.833+0000] {spark_submit.py:490} INFO - 25/04/29 14:43:13 INFO BlockManagerInfo: Added broadcast_8_piece0 in memory on 172.18.0.5:37171 (size: 17.8 KiB, free: 366.3 MiB)
[2025-04-29T14:43:13.844+0000] {spark_submit.py:490} INFO - 25/04/29 14:43:13 INFO MapOutputTrackerMasterEndpoint: Asked to send map output locations for shuffle 4 to 172.18.0.5:44300
[2025-04-29T14:43:13.904+0000] {spark_submit.py:490} INFO - 25/04/29 14:43:13 INFO TaskSetManager: Starting task 0.0 in stage 14.0 (TID 9) (172.18.0.5, executor 0, partition 0, PROCESS_LOCAL, 4401 bytes) taskResourceAssignments Map()
[2025-04-29T14:43:13.906+0000] {spark_submit.py:490} INFO - 25/04/29 14:43:13 INFO TaskSetManager: Finished task 1.0 in stage 14.0 (TID 8) in 87 ms on 172.18.0.5 (executor 0) (1/2)
[2025-04-29T14:43:13.942+0000] {spark_submit.py:490} INFO - 25/04/29 14:43:13 INFO TaskSetManager: Finished task 0.0 in stage 14.0 (TID 9) in 38 ms on 172.18.0.5 (executor 0) (2/2)
[2025-04-29T14:43:13.943+0000] {spark_submit.py:490} INFO - 25/04/29 14:43:13 INFO TaskSchedulerImpl: Removed TaskSet 14.0, whose tasks have all completed, from pool
[2025-04-29T14:43:13.944+0000] {spark_submit.py:490} INFO - 25/04/29 14:43:13 INFO DAGScheduler: ShuffleMapStage 14 (count at NativeMethodAccessorImpl.java:0) finished in 0.136 s
[2025-04-29T14:43:13.944+0000] {spark_submit.py:490} INFO - 25/04/29 14:43:13 INFO DAGScheduler: looking for newly runnable stages
[2025-04-29T14:43:13.944+0000] {spark_submit.py:490} INFO - 25/04/29 14:43:13 INFO DAGScheduler: running: Set()
[2025-04-29T14:43:13.944+0000] {spark_submit.py:490} INFO - 25/04/29 14:43:13 INFO DAGScheduler: waiting: Set()
[2025-04-29T14:43:13.944+0000] {spark_submit.py:490} INFO - 25/04/29 14:43:13 INFO DAGScheduler: failed: Set()
[2025-04-29T14:43:13.967+0000] {spark_submit.py:490} INFO - 25/04/29 14:43:13 INFO CodeGenerator: Code generated in 9.975482 ms
[2025-04-29T14:43:13.983+0000] {spark_submit.py:490} INFO - 25/04/29 14:43:13 INFO SparkContext: Starting job: count at NativeMethodAccessorImpl.java:0
[2025-04-29T14:43:13.985+0000] {spark_submit.py:490} INFO - 25/04/29 14:43:13 INFO DAGScheduler: Got job 9 (count at NativeMethodAccessorImpl.java:0) with 1 output partitions
[2025-04-29T14:43:13.985+0000] {spark_submit.py:490} INFO - 25/04/29 14:43:13 INFO DAGScheduler: Final stage: ResultStage 17 (count at NativeMethodAccessorImpl.java:0)
[2025-04-29T14:43:13.985+0000] {spark_submit.py:490} INFO - 25/04/29 14:43:13 INFO DAGScheduler: Parents of final stage: List(ShuffleMapStage 16)
[2025-04-29T14:43:13.985+0000] {spark_submit.py:490} INFO - 25/04/29 14:43:13 INFO DAGScheduler: Missing parents: List()
[2025-04-29T14:43:13.986+0000] {spark_submit.py:490} INFO - 25/04/29 14:43:13 INFO DAGScheduler: Submitting ResultStage 17 (MapPartitionsRDD[38] at count at NativeMethodAccessorImpl.java:0), which has no missing parents
[2025-04-29T14:43:13.988+0000] {spark_submit.py:490} INFO - 25/04/29 14:43:13 INFO MemoryStore: Block broadcast_9 stored as values in memory (estimated size 11.1 KiB, free 434.3 MiB)
[2025-04-29T14:43:13.990+0000] {spark_submit.py:490} INFO - 25/04/29 14:43:13 INFO MemoryStore: Block broadcast_9_piece0 stored as bytes in memory (estimated size 5.5 KiB, free 434.3 MiB)
[2025-04-29T14:43:13.991+0000] {spark_submit.py:490} INFO - 25/04/29 14:43:13 INFO BlockManagerInfo: Added broadcast_9_piece0 in memory on bd05f2cbfffd:40269 (size: 5.5 KiB, free: 434.4 MiB)
[2025-04-29T14:43:13.991+0000] {spark_submit.py:490} INFO - 25/04/29 14:43:13 INFO SparkContext: Created broadcast 9 from broadcast at DAGScheduler.scala:1513
[2025-04-29T14:43:13.992+0000] {spark_submit.py:490} INFO - 25/04/29 14:43:13 INFO DAGScheduler: Submitting 1 missing tasks from ResultStage 17 (MapPartitionsRDD[38] at count at NativeMethodAccessorImpl.java:0) (first 15 tasks are for partitions Vector(0))
[2025-04-29T14:43:13.992+0000] {spark_submit.py:490} INFO - 25/04/29 14:43:13 INFO TaskSchedulerImpl: Adding task set 17.0 with 1 tasks resource profile 0
[2025-04-29T14:43:13.993+0000] {spark_submit.py:490} INFO - 25/04/29 14:43:13 INFO TaskSetManager: Starting task 0.0 in stage 17.0 (TID 10) (172.18.0.5, executor 0, partition 0, NODE_LOCAL, 4457 bytes) taskResourceAssignments Map()
[2025-04-29T14:43:14.008+0000] {spark_submit.py:490} INFO - 25/04/29 14:43:14 INFO BlockManagerInfo: Added broadcast_9_piece0 in memory on 172.18.0.5:37171 (size: 5.5 KiB, free: 366.3 MiB)
[2025-04-29T14:43:14.013+0000] {spark_submit.py:490} INFO - 25/04/29 14:43:14 INFO MapOutputTrackerMasterEndpoint: Asked to send map output locations for shuffle 5 to 172.18.0.5:44300
[2025-04-29T14:43:14.025+0000] {spark_submit.py:490} INFO - 25/04/29 14:43:14 INFO BlockManagerInfo: Removed broadcast_7_piece0 on bd05f2cbfffd:40269 in memory (size: 7.3 KiB, free: 434.4 MiB)
[2025-04-29T14:43:14.037+0000] {spark_submit.py:490} INFO - 25/04/29 14:43:14 INFO BlockManagerInfo: Removed broadcast_7_piece0 on 172.18.0.5:37171 in memory (size: 7.3 KiB, free: 366.3 MiB)
[2025-04-29T14:43:14.044+0000] {spark_submit.py:490} INFO - 25/04/29 14:43:14 INFO TaskSetManager: Finished task 0.0 in stage 17.0 (TID 10) in 51 ms on 172.18.0.5 (executor 0) (1/1)
[2025-04-29T14:43:14.045+0000] {spark_submit.py:490} INFO - 25/04/29 14:43:14 INFO TaskSchedulerImpl: Removed TaskSet 17.0, whose tasks have all completed, from pool
[2025-04-29T14:43:14.048+0000] {spark_submit.py:490} INFO - 25/04/29 14:43:14 INFO DAGScheduler: ResultStage 17 (count at NativeMethodAccessorImpl.java:0) finished in 0.059 s
[2025-04-29T14:43:14.049+0000] {spark_submit.py:490} INFO - 25/04/29 14:43:14 INFO DAGScheduler: Job 9 is finished. Cancelling potential speculative or zombie tasks for this job
[2025-04-29T14:43:14.049+0000] {spark_submit.py:490} INFO - 25/04/29 14:43:14 INFO TaskSchedulerImpl: Killing all running tasks in stage 17: Stage finished
[2025-04-29T14:43:14.050+0000] {spark_submit.py:490} INFO - 25/04/29 14:43:14 INFO DAGScheduler: Job 9 finished: count at NativeMethodAccessorImpl.java:0, took 0.066652 s
[2025-04-29T14:43:14.054+0000] {spark_submit.py:490} INFO - INFO:__main__:Объединение результатов выполнено, итого записей: 375
[2025-04-29T14:43:14.064+0000] {spark_submit.py:490} INFO - 25/04/29 14:43:14 INFO BlockManagerInfo: Removed broadcast_8_piece0 on bd05f2cbfffd:40269 in memory (size: 17.8 KiB, free: 434.4 MiB)
[2025-04-29T14:43:14.066+0000] {spark_submit.py:490} INFO - 25/04/29 14:43:14 INFO BlockManagerInfo: Removed broadcast_8_piece0 on 172.18.0.5:37171 in memory (size: 17.8 KiB, free: 366.3 MiB)
[2025-04-29T14:43:14.180+0000] {spark_submit.py:490} INFO - 25/04/29 14:43:14 INFO CodeGenerator: Code generated in 8.589024 ms
[2025-04-29T14:43:14.184+0000] {spark_submit.py:490} INFO - 25/04/29 14:43:14 INFO DAGScheduler: Registering RDD 42 (jdbc at NativeMethodAccessorImpl.java:0) as input to shuffle 6
[2025-04-29T14:43:14.184+0000] {spark_submit.py:490} INFO - 25/04/29 14:43:14 INFO DAGScheduler: Got map stage job 10 (jdbc at NativeMethodAccessorImpl.java:0) with 1 output partitions
[2025-04-29T14:43:14.184+0000] {spark_submit.py:490} INFO - 25/04/29 14:43:14 INFO DAGScheduler: Final stage: ShuffleMapStage 18 (jdbc at NativeMethodAccessorImpl.java:0)
[2025-04-29T14:43:14.184+0000] {spark_submit.py:490} INFO - 25/04/29 14:43:14 INFO DAGScheduler: Parents of final stage: List()
[2025-04-29T14:43:14.184+0000] {spark_submit.py:490} INFO - 25/04/29 14:43:14 INFO DAGScheduler: Missing parents: List()
[2025-04-29T14:43:14.185+0000] {spark_submit.py:490} INFO - 25/04/29 14:43:14 INFO DAGScheduler: Submitting ShuffleMapStage 18 (MapPartitionsRDD[42] at jdbc at NativeMethodAccessorImpl.java:0), which has no missing parents
[2025-04-29T14:43:14.189+0000] {spark_submit.py:490} INFO - 25/04/29 14:43:14 INFO MemoryStore: Block broadcast_10 stored as values in memory (estimated size 16.3 KiB, free 434.4 MiB)
[2025-04-29T14:43:14.191+0000] {spark_submit.py:490} INFO - 25/04/29 14:43:14 INFO MemoryStore: Block broadcast_10_piece0 stored as bytes in memory (estimated size 7.9 KiB, free 434.4 MiB)
[2025-04-29T14:43:14.192+0000] {spark_submit.py:490} INFO - 25/04/29 14:43:14 INFO BlockManagerInfo: Added broadcast_10_piece0 in memory on bd05f2cbfffd:40269 (size: 7.9 KiB, free: 434.4 MiB)
[2025-04-29T14:43:14.192+0000] {spark_submit.py:490} INFO - 25/04/29 14:43:14 INFO SparkContext: Created broadcast 10 from broadcast at DAGScheduler.scala:1513
[2025-04-29T14:43:14.192+0000] {spark_submit.py:490} INFO - 25/04/29 14:43:14 INFO DAGScheduler: Submitting 1 missing tasks from ShuffleMapStage 18 (MapPartitionsRDD[42] at jdbc at NativeMethodAccessorImpl.java:0) (first 15 tasks are for partitions Vector(0))
[2025-04-29T14:43:14.192+0000] {spark_submit.py:490} INFO - 25/04/29 14:43:14 INFO TaskSchedulerImpl: Adding task set 18.0 with 1 tasks resource profile 0
[2025-04-29T14:43:14.194+0000] {spark_submit.py:490} INFO - 25/04/29 14:43:14 INFO TaskSetManager: Starting task 0.0 in stage 18.0 (TID 11) (172.18.0.5, executor 0, partition 0, PROCESS_LOCAL, 4292 bytes) taskResourceAssignments Map()
[2025-04-29T14:43:14.204+0000] {spark_submit.py:490} INFO - 25/04/29 14:43:14 INFO BlockManagerInfo: Added broadcast_10_piece0 in memory on 172.18.0.5:37171 (size: 7.9 KiB, free: 366.3 MiB)
[2025-04-29T14:43:14.291+0000] {spark_submit.py:490} INFO - 25/04/29 14:43:14 INFO TaskSetManager: Finished task 0.0 in stage 18.0 (TID 11) in 97 ms on 172.18.0.5 (executor 0) (1/1)
[2025-04-29T14:43:14.292+0000] {spark_submit.py:490} INFO - 25/04/29 14:43:14 INFO TaskSchedulerImpl: Removed TaskSet 18.0, whose tasks have all completed, from pool
[2025-04-29T14:43:14.293+0000] {spark_submit.py:490} INFO - 25/04/29 14:43:14 INFO DAGScheduler: ShuffleMapStage 18 (jdbc at NativeMethodAccessorImpl.java:0) finished in 0.107 s
[2025-04-29T14:43:14.293+0000] {spark_submit.py:490} INFO - 25/04/29 14:43:14 INFO DAGScheduler: looking for newly runnable stages
[2025-04-29T14:43:14.293+0000] {spark_submit.py:490} INFO - 25/04/29 14:43:14 INFO DAGScheduler: running: Set()
[2025-04-29T14:43:14.293+0000] {spark_submit.py:490} INFO - 25/04/29 14:43:14 INFO DAGScheduler: waiting: Set()
[2025-04-29T14:43:14.294+0000] {spark_submit.py:490} INFO - 25/04/29 14:43:14 INFO DAGScheduler: failed: Set()
[2025-04-29T14:43:14.304+0000] {spark_submit.py:490} INFO - 25/04/29 14:43:14 INFO ShufflePartitionsUtil: For shuffle(6), advisory target size: 67108864, actual target size 1048576, minimum partition size: 1048576
[2025-04-29T14:43:14.325+0000] {spark_submit.py:490} INFO - 25/04/29 14:43:14 INFO CodeGenerator: Code generated in 13.701267 ms
[2025-04-29T14:43:14.341+0000] {spark_submit.py:490} INFO - 25/04/29 14:43:14 INFO CodeGenerator: Code generated in 7.806524 ms
[2025-04-29T14:43:14.376+0000] {spark_submit.py:490} INFO - 25/04/29 14:43:14 INFO SparkContext: Starting job: jdbc at NativeMethodAccessorImpl.java:0
[2025-04-29T14:43:14.377+0000] {spark_submit.py:490} INFO - 25/04/29 14:43:14 INFO DAGScheduler: Got job 11 (jdbc at NativeMethodAccessorImpl.java:0) with 2 output partitions
[2025-04-29T14:43:14.378+0000] {spark_submit.py:490} INFO - 25/04/29 14:43:14 INFO DAGScheduler: Final stage: ResultStage 20 (jdbc at NativeMethodAccessorImpl.java:0)
[2025-04-29T14:43:14.378+0000] {spark_submit.py:490} INFO - 25/04/29 14:43:14 INFO DAGScheduler: Parents of final stage: List(ShuffleMapStage 19)
[2025-04-29T14:43:14.378+0000] {spark_submit.py:490} INFO - 25/04/29 14:43:14 INFO DAGScheduler: Missing parents: List()
[2025-04-29T14:43:14.378+0000] {spark_submit.py:490} INFO - 25/04/29 14:43:14 INFO DAGScheduler: Submitting ResultStage 20 (MapPartitionsRDD[52] at jdbc at NativeMethodAccessorImpl.java:0), which has no missing parents
[2025-04-29T14:43:14.395+0000] {spark_submit.py:490} INFO - 25/04/29 14:43:14 INFO MemoryStore: Block broadcast_11 stored as values in memory (estimated size 58.9 KiB, free 434.3 MiB)
[2025-04-29T14:43:14.397+0000] {spark_submit.py:490} INFO - 25/04/29 14:43:14 INFO MemoryStore: Block broadcast_11_piece0 stored as bytes in memory (estimated size 23.9 KiB, free 434.3 MiB)
[2025-04-29T14:43:14.398+0000] {spark_submit.py:490} INFO - 25/04/29 14:43:14 INFO BlockManagerInfo: Added broadcast_11_piece0 in memory on bd05f2cbfffd:40269 (size: 23.9 KiB, free: 434.4 MiB)
[2025-04-29T14:43:14.398+0000] {spark_submit.py:490} INFO - 25/04/29 14:43:14 INFO SparkContext: Created broadcast 11 from broadcast at DAGScheduler.scala:1513
[2025-04-29T14:43:14.399+0000] {spark_submit.py:490} INFO - 25/04/29 14:43:14 INFO DAGScheduler: Submitting 2 missing tasks from ResultStage 20 (MapPartitionsRDD[52] at jdbc at NativeMethodAccessorImpl.java:0) (first 15 tasks are for partitions Vector(0, 1))
[2025-04-29T14:43:14.399+0000] {spark_submit.py:490} INFO - 25/04/29 14:43:14 INFO TaskSchedulerImpl: Adding task set 20.0 with 2 tasks resource profile 0
[2025-04-29T14:43:14.400+0000] {spark_submit.py:490} INFO - 25/04/29 14:43:14 INFO TaskSetManager: Starting task 1.0 in stage 20.0 (TID 12) (172.18.0.5, executor 0, partition 1, NODE_LOCAL, 4566 bytes) taskResourceAssignments Map()
[2025-04-29T14:43:14.413+0000] {spark_submit.py:490} INFO - 25/04/29 14:43:14 INFO BlockManagerInfo: Added broadcast_11_piece0 in memory on 172.18.0.5:37171 (size: 23.9 KiB, free: 366.3 MiB)
[2025-04-29T14:43:14.577+0000] {spark_submit.py:490} INFO - 25/04/29 14:43:14 INFO MapOutputTrackerMasterEndpoint: Asked to send map output locations for shuffle 6 to 172.18.0.5:44300
[2025-04-29T14:43:15.552+0000] {spark_submit.py:490} INFO - 25/04/29 14:43:15 INFO TaskSetManager: Starting task 0.0 in stage 20.0 (TID 13) (172.18.0.5, executor 0, partition 0, PROCESS_LOCAL, 4412 bytes) taskResourceAssignments Map()
[2025-04-29T14:43:15.554+0000] {spark_submit.py:490} INFO - 25/04/29 14:43:15 INFO TaskSetManager: Finished task 1.0 in stage 20.0 (TID 12) in 1154 ms on 172.18.0.5 (executor 0) (1/2)
[2025-04-29T14:43:15.663+0000] {spark_submit.py:490} INFO - 25/04/29 14:43:15 INFO TaskSetManager: Finished task 0.0 in stage 20.0 (TID 13) in 111 ms on 172.18.0.5 (executor 0) (2/2)
[2025-04-29T14:43:15.664+0000] {spark_submit.py:490} INFO - 25/04/29 14:43:15 INFO TaskSchedulerImpl: Removed TaskSet 20.0, whose tasks have all completed, from pool
[2025-04-29T14:43:15.664+0000] {spark_submit.py:490} INFO - 25/04/29 14:43:15 INFO DAGScheduler: ResultStage 20 (jdbc at NativeMethodAccessorImpl.java:0) finished in 1.283 s
[2025-04-29T14:43:15.664+0000] {spark_submit.py:490} INFO - 25/04/29 14:43:15 INFO DAGScheduler: Job 11 is finished. Cancelling potential speculative or zombie tasks for this job
[2025-04-29T14:43:15.665+0000] {spark_submit.py:490} INFO - 25/04/29 14:43:15 INFO TaskSchedulerImpl: Killing all running tasks in stage 20: Stage finished
[2025-04-29T14:43:15.665+0000] {spark_submit.py:490} INFO - 25/04/29 14:43:15 INFO DAGScheduler: Job 11 finished: jdbc at NativeMethodAccessorImpl.java:0, took 1.288219 s
[2025-04-29T14:43:15.680+0000] {spark_submit.py:490} INFO - INFO:__main__:Запись в mart.suspicious_transactions завершена
[2025-04-29T14:43:15.702+0000] {spark_submit.py:490} INFO - 25/04/29 14:43:15 WARN ClickHouseDriver: ******************************************************************************************
[2025-04-29T14:43:15.702+0000] {spark_submit.py:490} INFO - 25/04/29 14:43:15 WARN ClickHouseDriver: * This driver is DEPRECATED. Please use [com.clickhouse.jdbc.ClickHouseDriver] instead.  *
[2025-04-29T14:43:15.703+0000] {spark_submit.py:490} INFO - 25/04/29 14:43:15 WARN ClickHouseDriver: * Also everything in package [ru.yandex.clickhouse] will be removed starting from 0.4.0. *
[2025-04-29T14:43:15.703+0000] {spark_submit.py:490} INFO - 25/04/29 14:43:15 WARN ClickHouseDriver: ******************************************************************************************
[2025-04-29T14:43:15.934+0000] {spark_submit.py:490} INFO - 25/04/29 14:43:15 INFO BlockManagerInfo: Removed broadcast_10_piece0 on bd05f2cbfffd:40269 in memory (size: 7.9 KiB, free: 434.4 MiB)
[2025-04-29T14:43:15.936+0000] {spark_submit.py:490} INFO - 25/04/29 14:43:15 INFO BlockManagerInfo: Removed broadcast_10_piece0 on 172.18.0.5:37171 in memory (size: 7.9 KiB, free: 366.3 MiB)
[2025-04-29T14:43:15.941+0000] {spark_submit.py:490} INFO - 25/04/29 14:43:15 INFO BlockManagerInfo: Removed broadcast_9_piece0 on bd05f2cbfffd:40269 in memory (size: 5.5 KiB, free: 434.4 MiB)
[2025-04-29T14:43:15.943+0000] {spark_submit.py:490} INFO - 25/04/29 14:43:15 INFO BlockManagerInfo: Removed broadcast_9_piece0 on 172.18.0.5:37171 in memory (size: 5.5 KiB, free: 366.3 MiB)
[2025-04-29T14:43:15.949+0000] {spark_submit.py:490} INFO - 25/04/29 14:43:15 INFO BlockManagerInfo: Removed broadcast_11_piece0 on bd05f2cbfffd:40269 in memory (size: 23.9 KiB, free: 434.4 MiB)
[2025-04-29T14:43:15.952+0000] {spark_submit.py:490} INFO - 25/04/29 14:43:15 INFO BlockManagerInfo: Removed broadcast_11_piece0 on 172.18.0.5:37171 in memory (size: 23.9 KiB, free: 366.3 MiB)
[2025-04-29T14:43:15.964+0000] {spark_submit.py:490} INFO - Traceback (most recent call last):
[2025-04-29T14:43:15.964+0000] {spark_submit.py:490} INFO - File "/opt/airflow/spark/detect_suspicious.py", line 100, in <module>
[2025-04-29T14:43:15.965+0000] {spark_submit.py:490} INFO - .mode("append")
[2025-04-29T14:43:15.965+0000] {spark_submit.py:490} INFO - File "/opt/spark/python/lib/pyspark.zip/pyspark/sql/readwriter.py", line 966, in save
[2025-04-29T14:43:15.966+0000] {spark_submit.py:490} INFO - File "/opt/spark/python/lib/py4j-0.10.9.5-src.zip/py4j/java_gateway.py", line 1322, in __call__
[2025-04-29T14:43:15.966+0000] {spark_submit.py:490} INFO - File "/opt/spark/python/lib/pyspark.zip/pyspark/sql/utils.py", line 190, in deco
[2025-04-29T14:43:15.966+0000] {spark_submit.py:490} INFO - File "/opt/spark/python/lib/py4j-0.10.9.5-src.zip/py4j/protocol.py", line 328, in get_return_value
[2025-04-29T14:43:15.967+0000] {spark_submit.py:490} INFO - py4j.protocol.Py4JJavaError: An error occurred while calling o82.save.
[2025-04-29T14:43:15.967+0000] {spark_submit.py:490} INFO - : ru.yandex.clickhouse.except.ClickHouseException: ClickHouse exception, code: 81, host: clickhouse, port: 8123; Code: 81. DB::Exception: Database finbest doesn't exist. (UNKNOWN_DATABASE) (version 22.3.20.29 (official build))
[2025-04-29T14:43:15.968+0000] {spark_submit.py:490} INFO - 
[2025-04-29T14:43:15.968+0000] {spark_submit.py:490} INFO - at ru.yandex.clickhouse.except.ClickHouseExceptionSpecifier.specify(ClickHouseExceptionSpecifier.java:60)
[2025-04-29T14:43:15.968+0000] {spark_submit.py:490} INFO - at ru.yandex.clickhouse.except.ClickHouseExceptionSpecifier.specify(ClickHouseExceptionSpecifier.java:30)
[2025-04-29T14:43:15.968+0000] {spark_submit.py:490} INFO - at ru.yandex.clickhouse.ClickHouseStatementImpl.checkForErrorAndThrow(ClickHouseStatementImpl.java:1083)
[2025-04-29T14:43:15.968+0000] {spark_submit.py:490} INFO - at ru.yandex.clickhouse.ClickHouseStatementImpl.getInputStream(ClickHouseStatementImpl.java:770)
[2025-04-29T14:43:15.968+0000] {spark_submit.py:490} INFO - at ru.yandex.clickhouse.ClickHouseStatementImpl.getLastInputStream(ClickHouseStatementImpl.java:693)
[2025-04-29T14:43:15.968+0000] {spark_submit.py:490} INFO - at ru.yandex.clickhouse.ClickHouseStatementImpl.executeQuery(ClickHouseStatementImpl.java:341)
[2025-04-29T14:43:15.968+0000] {spark_submit.py:490} INFO - at ru.yandex.clickhouse.ClickHouseStatementImpl.executeQuery(ClickHouseStatementImpl.java:326)
[2025-04-29T14:43:15.968+0000] {spark_submit.py:490} INFO - at ru.yandex.clickhouse.ClickHouseStatementImpl.executeQuery(ClickHouseStatementImpl.java:320)
[2025-04-29T14:43:15.968+0000] {spark_submit.py:490} INFO - at ru.yandex.clickhouse.ClickHouseStatementImpl.executeQuery(ClickHouseStatementImpl.java:314)
[2025-04-29T14:43:15.968+0000] {spark_submit.py:490} INFO - at ru.yandex.clickhouse.ClickHouseConnectionImpl.initConnection(ClickHouseConnectionImpl.java:95)
[2025-04-29T14:43:15.968+0000] {spark_submit.py:490} INFO - at ru.yandex.clickhouse.ClickHouseConnectionImpl.<init>(ClickHouseConnectionImpl.java:79)
[2025-04-29T14:43:15.969+0000] {spark_submit.py:490} INFO - at ru.yandex.clickhouse.ClickHouseDriver.connect(ClickHouseDriver.java:65)
[2025-04-29T14:43:15.969+0000] {spark_submit.py:490} INFO - at ru.yandex.clickhouse.ClickHouseDriver.connect(ClickHouseDriver.java:57)
[2025-04-29T14:43:15.969+0000] {spark_submit.py:490} INFO - at ru.yandex.clickhouse.ClickHouseDriver.connect(ClickHouseDriver.java:36)
[2025-04-29T14:43:15.969+0000] {spark_submit.py:490} INFO - at org.apache.spark.sql.execution.datasources.jdbc.connection.BasicConnectionProvider.getConnection(BasicConnectionProvider.scala:49)
[2025-04-29T14:43:15.969+0000] {spark_submit.py:490} INFO - at org.apache.spark.sql.execution.datasources.jdbc.connection.ConnectionProviderBase.create(ConnectionProvider.scala:102)
[2025-04-29T14:43:15.969+0000] {spark_submit.py:490} INFO - at org.apache.spark.sql.jdbc.JdbcDialect.$anonfun$createConnectionFactory$1(JdbcDialects.scala:122)
[2025-04-29T14:43:15.969+0000] {spark_submit.py:490} INFO - at org.apache.spark.sql.jdbc.JdbcDialect.$anonfun$createConnectionFactory$1$adapted(JdbcDialects.scala:118)
[2025-04-29T14:43:15.969+0000] {spark_submit.py:490} INFO - at org.apache.spark.sql.execution.datasources.jdbc.JdbcRelationProvider.createRelation(JdbcRelationProvider.scala:50)
[2025-04-29T14:43:15.969+0000] {spark_submit.py:490} INFO - at org.apache.spark.sql.execution.datasources.SaveIntoDataSourceCommand.run(SaveIntoDataSourceCommand.scala:45)
[2025-04-29T14:43:15.969+0000] {spark_submit.py:490} INFO - at org.apache.spark.sql.execution.command.ExecutedCommandExec.sideEffectResult$lzycompute(commands.scala:75)
[2025-04-29T14:43:15.969+0000] {spark_submit.py:490} INFO - at org.apache.spark.sql.execution.command.ExecutedCommandExec.sideEffectResult(commands.scala:73)
[2025-04-29T14:43:15.969+0000] {spark_submit.py:490} INFO - at org.apache.spark.sql.execution.command.ExecutedCommandExec.executeCollect(commands.scala:84)
[2025-04-29T14:43:15.970+0000] {spark_submit.py:490} INFO - at org.apache.spark.sql.execution.QueryExecution$$anonfun$eagerlyExecuteCommands$1.$anonfun$applyOrElse$1(QueryExecution.scala:98)
[2025-04-29T14:43:15.970+0000] {spark_submit.py:490} INFO - at org.apache.spark.sql.execution.SQLExecution$.$anonfun$withNewExecutionId$6(SQLExecution.scala:109)
[2025-04-29T14:43:15.970+0000] {spark_submit.py:490} INFO - at org.apache.spark.sql.execution.SQLExecution$.withSQLConfPropagated(SQLExecution.scala:169)
[2025-04-29T14:43:15.970+0000] {spark_submit.py:490} INFO - at org.apache.spark.sql.execution.SQLExecution$.$anonfun$withNewExecutionId$1(SQLExecution.scala:95)
[2025-04-29T14:43:15.970+0000] {spark_submit.py:490} INFO - at org.apache.spark.sql.SparkSession.withActive(SparkSession.scala:779)
[2025-04-29T14:43:15.970+0000] {spark_submit.py:490} INFO - at org.apache.spark.sql.execution.SQLExecution$.withNewExecutionId(SQLExecution.scala:64)
[2025-04-29T14:43:15.970+0000] {spark_submit.py:490} INFO - at org.apache.spark.sql.execution.QueryExecution$$anonfun$eagerlyExecuteCommands$1.applyOrElse(QueryExecution.scala:98)
[2025-04-29T14:43:15.970+0000] {spark_submit.py:490} INFO - at org.apache.spark.sql.execution.QueryExecution$$anonfun$eagerlyExecuteCommands$1.applyOrElse(QueryExecution.scala:94)
[2025-04-29T14:43:15.970+0000] {spark_submit.py:490} INFO - at org.apache.spark.sql.catalyst.trees.TreeNode.$anonfun$transformDownWithPruning$1(TreeNode.scala:584)
[2025-04-29T14:43:15.970+0000] {spark_submit.py:490} INFO - at org.apache.spark.sql.catalyst.trees.CurrentOrigin$.withOrigin(TreeNode.scala:176)
[2025-04-29T14:43:15.970+0000] {spark_submit.py:490} INFO - at org.apache.spark.sql.catalyst.trees.TreeNode.transformDownWithPruning(TreeNode.scala:584)
[2025-04-29T14:43:15.971+0000] {spark_submit.py:490} INFO - at org.apache.spark.sql.catalyst.plans.logical.LogicalPlan.org$apache$spark$sql$catalyst$plans$logical$AnalysisHelper$$super$transformDownWithPruning(LogicalPlan.scala:30)
[2025-04-29T14:43:15.971+0000] {spark_submit.py:490} INFO - at org.apache.spark.sql.catalyst.plans.logical.AnalysisHelper.transformDownWithPruning(AnalysisHelper.scala:267)
[2025-04-29T14:43:15.971+0000] {spark_submit.py:490} INFO - at org.apache.spark.sql.catalyst.plans.logical.AnalysisHelper.transformDownWithPruning$(AnalysisHelper.scala:263)
[2025-04-29T14:43:15.971+0000] {spark_submit.py:490} INFO - at org.apache.spark.sql.catalyst.plans.logical.LogicalPlan.transformDownWithPruning(LogicalPlan.scala:30)
[2025-04-29T14:43:15.971+0000] {spark_submit.py:490} INFO - at org.apache.spark.sql.catalyst.plans.logical.LogicalPlan.transformDownWithPruning(LogicalPlan.scala:30)
[2025-04-29T14:43:15.971+0000] {spark_submit.py:490} INFO - at org.apache.spark.sql.catalyst.trees.TreeNode.transformDown(TreeNode.scala:560)
[2025-04-29T14:43:15.971+0000] {spark_submit.py:490} INFO - at org.apache.spark.sql.execution.QueryExecution.eagerlyExecuteCommands(QueryExecution.scala:94)
[2025-04-29T14:43:15.971+0000] {spark_submit.py:490} INFO - at org.apache.spark.sql.execution.QueryExecution.commandExecuted$lzycompute(QueryExecution.scala:81)
[2025-04-29T14:43:15.971+0000] {spark_submit.py:490} INFO - at org.apache.spark.sql.execution.QueryExecution.commandExecuted(QueryExecution.scala:79)
[2025-04-29T14:43:15.971+0000] {spark_submit.py:490} INFO - at org.apache.spark.sql.execution.QueryExecution.assertCommandExecuted(QueryExecution.scala:116)
[2025-04-29T14:43:15.971+0000] {spark_submit.py:490} INFO - at org.apache.spark.sql.DataFrameWriter.runCommand(DataFrameWriter.scala:860)
[2025-04-29T14:43:15.971+0000] {spark_submit.py:490} INFO - at org.apache.spark.sql.DataFrameWriter.saveToV1Source(DataFrameWriter.scala:390)
[2025-04-29T14:43:15.972+0000] {spark_submit.py:490} INFO - at org.apache.spark.sql.DataFrameWriter.saveInternal(DataFrameWriter.scala:363)
[2025-04-29T14:43:15.972+0000] {spark_submit.py:490} INFO - at org.apache.spark.sql.DataFrameWriter.save(DataFrameWriter.scala:247)
[2025-04-29T14:43:15.972+0000] {spark_submit.py:490} INFO - at java.base/jdk.internal.reflect.NativeMethodAccessorImpl.invoke0(Native Method)
[2025-04-29T14:43:15.972+0000] {spark_submit.py:490} INFO - at java.base/jdk.internal.reflect.NativeMethodAccessorImpl.invoke(NativeMethodAccessorImpl.java:62)
[2025-04-29T14:43:15.972+0000] {spark_submit.py:490} INFO - at java.base/jdk.internal.reflect.DelegatingMethodAccessorImpl.invoke(DelegatingMethodAccessorImpl.java:43)
[2025-04-29T14:43:15.972+0000] {spark_submit.py:490} INFO - at java.base/java.lang.reflect.Method.invoke(Method.java:566)
[2025-04-29T14:43:15.972+0000] {spark_submit.py:490} INFO - at py4j.reflection.MethodInvoker.invoke(MethodInvoker.java:244)
[2025-04-29T14:43:15.972+0000] {spark_submit.py:490} INFO - at py4j.reflection.ReflectionEngine.invoke(ReflectionEngine.java:357)
[2025-04-29T14:43:15.972+0000] {spark_submit.py:490} INFO - at py4j.Gateway.invoke(Gateway.java:282)
[2025-04-29T14:43:15.972+0000] {spark_submit.py:490} INFO - at py4j.commands.AbstractCommand.invokeMethod(AbstractCommand.java:132)
[2025-04-29T14:43:15.972+0000] {spark_submit.py:490} INFO - at py4j.commands.CallCommand.execute(CallCommand.java:79)
[2025-04-29T14:43:15.972+0000] {spark_submit.py:490} INFO - at py4j.ClientServerConnection.waitForCommands(ClientServerConnection.java:182)
[2025-04-29T14:43:15.973+0000] {spark_submit.py:490} INFO - at py4j.ClientServerConnection.run(ClientServerConnection.java:106)
[2025-04-29T14:43:15.973+0000] {spark_submit.py:490} INFO - at java.base/java.lang.Thread.run(Thread.java:829)
[2025-04-29T14:43:15.973+0000] {spark_submit.py:490} INFO - Caused by: java.lang.Throwable: Code: 81. DB::Exception: Database finbest doesn't exist. (UNKNOWN_DATABASE) (version 22.3.20.29 (official build))
[2025-04-29T14:43:15.973+0000] {spark_submit.py:490} INFO - 
[2025-04-29T14:43:15.973+0000] {spark_submit.py:490} INFO - at ru.yandex.clickhouse.except.ClickHouseExceptionSpecifier.specify(ClickHouseExceptionSpecifier.java:55)
[2025-04-29T14:43:15.973+0000] {spark_submit.py:490} INFO - ... 59 more
[2025-04-29T14:43:15.973+0000] {spark_submit.py:490} INFO - 
[2025-04-29T14:43:16.001+0000] {spark_submit.py:490} INFO - 25/04/29 14:43:16 INFO SparkContext: Invoking stop() from shutdown hook
[2025-04-29T14:43:16.011+0000] {spark_submit.py:490} INFO - 25/04/29 14:43:16 INFO SparkUI: Stopped Spark web UI at http://bd05f2cbfffd:4040
[2025-04-29T14:43:16.012+0000] {spark_submit.py:490} INFO - 25/04/29 14:43:16 INFO StandaloneSchedulerBackend: Shutting down all executors
[2025-04-29T14:43:16.013+0000] {spark_submit.py:490} INFO - 25/04/29 14:43:16 INFO CoarseGrainedSchedulerBackend$DriverEndpoint: Asking each executor to shut down
[2025-04-29T14:43:16.028+0000] {spark_submit.py:490} INFO - 25/04/29 14:43:16 INFO MapOutputTrackerMasterEndpoint: MapOutputTrackerMasterEndpoint stopped!
[2025-04-29T14:43:16.043+0000] {spark_submit.py:490} INFO - 25/04/29 14:43:16 INFO MemoryStore: MemoryStore cleared
[2025-04-29T14:43:16.044+0000] {spark_submit.py:490} INFO - 25/04/29 14:43:16 INFO BlockManager: BlockManager stopped
[2025-04-29T14:43:16.049+0000] {spark_submit.py:490} INFO - 25/04/29 14:43:16 INFO BlockManagerMaster: BlockManagerMaster stopped
[2025-04-29T14:43:16.053+0000] {spark_submit.py:490} INFO - 25/04/29 14:43:16 INFO OutputCommitCoordinator$OutputCommitCoordinatorEndpoint: OutputCommitCoordinator stopped!
[2025-04-29T14:43:16.060+0000] {spark_submit.py:490} INFO - 25/04/29 14:43:16 INFO SparkContext: Successfully stopped SparkContext
[2025-04-29T14:43:16.060+0000] {spark_submit.py:490} INFO - 25/04/29 14:43:16 INFO ShutdownHookManager: Shutdown hook called
[2025-04-29T14:43:16.060+0000] {spark_submit.py:490} INFO - 25/04/29 14:43:16 INFO ShutdownHookManager: Deleting directory /tmp/spark-80349ffc-ef91-4fc4-9520-a9fefa414bf7
[2025-04-29T14:43:16.064+0000] {spark_submit.py:490} INFO - 25/04/29 14:43:16 INFO ShutdownHookManager: Deleting directory /tmp/spark-80349ffc-ef91-4fc4-9520-a9fefa414bf7/pyspark-5b9ad9c6-4916-482a-acf5-6632caa39a0f
[2025-04-29T14:43:16.067+0000] {spark_submit.py:490} INFO - 25/04/29 14:43:16 INFO ShutdownHookManager: Deleting directory /tmp/spark-dd556ead-a021-4dee-a5f8-ac8889b3eabb
[2025-04-29T14:43:16.138+0000] {taskinstance.py:1824} ERROR - Task failed with exception
Traceback (most recent call last):
  File "/home/airflow/.local/lib/python3.7/site-packages/airflow/providers/apache/spark/operators/spark_submit.py", line 157, in execute
    self._hook.submit(self._application)
  File "/home/airflow/.local/lib/python3.7/site-packages/airflow/providers/apache/spark/hooks/spark_submit.py", line 422, in submit
    f"Cannot execute: {self._mask_cmd(spark_submit_cmd)}. Error code is: {returncode}."
airflow.exceptions.AirflowException: Cannot execute: spark-submit --master spark://spark-master:7077 --packages org.postgresql:postgresql:42.6.0,ru.yandex.clickhouse:clickhouse-jdbc:0.3.2 --executor-cores 1 --executor-memory 1g --driver-memory 1g --name arrow-spark /opt/airflow/spark/detect_suspicious.py --jdbc jdbc:postgresql://postgres:5432/finbest --clickhouse-url jdbc:clickhouse://clickhouse:8123/finbest. Error code is: 1.
[2025-04-29T14:43:16.141+0000] {taskinstance.py:1350} INFO - Marking task as UP_FOR_RETRY. dag_id=transform, task_id=detect_suspicious, execution_date=20250429T144253, start_date=20250429T144302, end_date=20250429T144316
[2025-04-29T14:43:16.149+0000] {standard_task_runner.py:109} ERROR - Failed to execute job 29 for task detect_suspicious (Cannot execute: spark-submit --master spark://spark-master:7077 --packages org.postgresql:postgresql:42.6.0,ru.yandex.clickhouse:clickhouse-jdbc:0.3.2 --executor-cores 1 --executor-memory 1g --driver-memory 1g --name arrow-spark /opt/airflow/spark/detect_suspicious.py --jdbc jdbc:postgresql://postgres:5432/finbest --clickhouse-url jdbc:clickhouse://clickhouse:8123/finbest. Error code is: 1.; 5955)
[2025-04-29T14:43:16.164+0000] {local_task_job_runner.py:225} INFO - Task exited with return code 1
[2025-04-29T14:43:16.179+0000] {taskinstance.py:2653} INFO - 0 downstream tasks scheduled from follow-on schedule check
