[2025-04-29T14:44:18.356+0000] {taskinstance.py:1103} INFO - Dependencies all met for dep_context=non-requeueable deps ti=<TaskInstance: transform.detect_suspicious manual__2025-04-29T14:42:53.315360+00:00 [queued]>
[2025-04-29T14:44:18.363+0000] {taskinstance.py:1103} INFO - Dependencies all met for dep_context=requeueable deps ti=<TaskInstance: transform.detect_suspicious manual__2025-04-29T14:42:53.315360+00:00 [queued]>
[2025-04-29T14:44:18.363+0000] {taskinstance.py:1308} INFO - Starting attempt 2 of 2
[2025-04-29T14:44:18.374+0000] {taskinstance.py:1327} INFO - Executing <Task(SparkSubmitOperator): detect_suspicious> on 2025-04-29 14:42:53.315360+00:00
[2025-04-29T14:44:18.378+0000] {standard_task_runner.py:57} INFO - Started process 6337 to run task
[2025-04-29T14:44:18.380+0000] {standard_task_runner.py:84} INFO - Running: ['airflow', 'tasks', 'run', 'transform', 'detect_suspicious', 'manual__2025-04-29T14:42:53.315360+00:00', '--job-id', '30', '--raw', '--subdir', 'DAGS_FOLDER/transform.py', '--cfg-path', '/tmp/tmpznf220__']
[2025-04-29T14:44:18.381+0000] {standard_task_runner.py:85} INFO - Job 30: Subtask detect_suspicious
[2025-04-29T14:44:18.420+0000] {task_command.py:410} INFO - Running <TaskInstance: transform.detect_suspicious manual__2025-04-29T14:42:53.315360+00:00 [running]> on host bd05f2cbfffd
[2025-04-29T14:44:18.582+0000] {taskinstance.py:1547} INFO - Exporting env vars: AIRFLOW_CTX_DAG_OWNER='finbest' AIRFLOW_CTX_DAG_ID='transform' AIRFLOW_CTX_TASK_ID='detect_suspicious' AIRFLOW_CTX_EXECUTION_DATE='2025-04-29T14:42:53.315360+00:00' AIRFLOW_CTX_TRY_NUMBER='2' AIRFLOW_CTX_DAG_RUN_ID='manual__2025-04-29T14:42:53.315360+00:00'
[2025-04-29T14:44:18.590+0000] {base.py:73} INFO - Using connection ID 'spark_default' for task execution.
[2025-04-29T14:44:18.591+0000] {spark_submit.py:339} INFO - Spark-Submit cmd: spark-submit --master spark://spark-master:7077 --packages org.postgresql:postgresql:42.6.0,ru.yandex.clickhouse:clickhouse-jdbc:0.3.2 --executor-cores 1 --executor-memory 1g --driver-memory 1g --name arrow-spark /opt/airflow/spark/detect_suspicious.py --jdbc jdbc:postgresql://postgres:5432/finbest --clickhouse-url jdbc:clickhouse://clickhouse:8123/finbest
[2025-04-29T14:44:20.189+0000] {spark_submit.py:490} INFO - :: loading settings :: url = jar:file:/opt/spark/jars/ivy-2.5.0.jar!/org/apache/ivy/core/settings/ivysettings.xml
[2025-04-29T14:44:20.273+0000] {spark_submit.py:490} INFO - Ivy Default Cache set to: /home/airflow/.ivy2/cache
[2025-04-29T14:44:20.274+0000] {spark_submit.py:490} INFO - The jars for the packages stored in: /home/airflow/.ivy2/jars
[2025-04-29T14:44:20.278+0000] {spark_submit.py:490} INFO - org.postgresql#postgresql added as a dependency
[2025-04-29T14:44:20.278+0000] {spark_submit.py:490} INFO - ru.yandex.clickhouse#clickhouse-jdbc added as a dependency
[2025-04-29T14:44:20.279+0000] {spark_submit.py:490} INFO - :: resolving dependencies :: org.apache.spark#spark-submit-parent-ece7b7d9-b65d-4dea-930d-d4a077bbd8b5;1.0
[2025-04-29T14:44:20.279+0000] {spark_submit.py:490} INFO - confs: [default]
[2025-04-29T14:44:20.371+0000] {spark_submit.py:490} INFO - found org.postgresql#postgresql;42.6.0 in central
[2025-04-29T14:44:20.390+0000] {spark_submit.py:490} INFO - found org.checkerframework#checker-qual;3.31.0 in central
[2025-04-29T14:44:20.404+0000] {spark_submit.py:490} INFO - found ru.yandex.clickhouse#clickhouse-jdbc;0.3.2 in central
[2025-04-29T14:44:20.424+0000] {spark_submit.py:490} INFO - found com.clickhouse#clickhouse-http-client;0.3.2 in central
[2025-04-29T14:44:20.440+0000] {spark_submit.py:490} INFO - found com.clickhouse#clickhouse-client;0.3.2 in central
[2025-04-29T14:44:20.459+0000] {spark_submit.py:490} INFO - found org.lz4#lz4-java;1.8.0 in central
[2025-04-29T14:44:20.481+0000] {spark_submit.py:490} INFO - found com.google.code.gson#gson;2.8.8 in central
[2025-04-29T14:44:20.504+0000] {spark_submit.py:490} INFO - found org.apache.httpcomponents#httpclient;4.5.13 in central
[2025-04-29T14:44:20.522+0000] {spark_submit.py:490} INFO - found org.apache.httpcomponents#httpcore;4.4.13 in central
[2025-04-29T14:44:20.536+0000] {spark_submit.py:490} INFO - found commons-logging#commons-logging;1.2 in central
[2025-04-29T14:44:20.552+0000] {spark_submit.py:490} INFO - found commons-codec#commons-codec;1.11 in central
[2025-04-29T14:44:20.565+0000] {spark_submit.py:490} INFO - found org.apache.httpcomponents#httpmime;4.5.13 in central
[2025-04-29T14:44:20.592+0000] {spark_submit.py:490} INFO - :: resolution report :: resolve 300ms :: artifacts dl 13ms
[2025-04-29T14:44:20.592+0000] {spark_submit.py:490} INFO - :: modules in use:
[2025-04-29T14:44:20.593+0000] {spark_submit.py:490} INFO - com.clickhouse#clickhouse-client;0.3.2 from central in [default]
[2025-04-29T14:44:20.593+0000] {spark_submit.py:490} INFO - com.clickhouse#clickhouse-http-client;0.3.2 from central in [default]
[2025-04-29T14:44:20.593+0000] {spark_submit.py:490} INFO - com.google.code.gson#gson;2.8.8 from central in [default]
[2025-04-29T14:44:20.593+0000] {spark_submit.py:490} INFO - commons-codec#commons-codec;1.11 from central in [default]
[2025-04-29T14:44:20.593+0000] {spark_submit.py:490} INFO - commons-logging#commons-logging;1.2 from central in [default]
[2025-04-29T14:44:20.593+0000] {spark_submit.py:490} INFO - org.apache.httpcomponents#httpclient;4.5.13 from central in [default]
[2025-04-29T14:44:20.593+0000] {spark_submit.py:490} INFO - org.apache.httpcomponents#httpcore;4.4.13 from central in [default]
[2025-04-29T14:44:20.593+0000] {spark_submit.py:490} INFO - org.apache.httpcomponents#httpmime;4.5.13 from central in [default]
[2025-04-29T14:44:20.593+0000] {spark_submit.py:490} INFO - org.checkerframework#checker-qual;3.31.0 from central in [default]
[2025-04-29T14:44:20.593+0000] {spark_submit.py:490} INFO - org.lz4#lz4-java;1.8.0 from central in [default]
[2025-04-29T14:44:20.593+0000] {spark_submit.py:490} INFO - org.postgresql#postgresql;42.6.0 from central in [default]
[2025-04-29T14:44:20.593+0000] {spark_submit.py:490} INFO - ru.yandex.clickhouse#clickhouse-jdbc;0.3.2 from central in [default]
[2025-04-29T14:44:20.593+0000] {spark_submit.py:490} INFO - ---------------------------------------------------------------------
[2025-04-29T14:44:20.594+0000] {spark_submit.py:490} INFO - |                  |            modules            ||   artifacts   |
[2025-04-29T14:44:20.594+0000] {spark_submit.py:490} INFO - |       conf       | number| search|dwnlded|evicted|| number|dwnlded|
[2025-04-29T14:44:20.594+0000] {spark_submit.py:490} INFO - ---------------------------------------------------------------------
[2025-04-29T14:44:20.594+0000] {spark_submit.py:490} INFO - |      default     |   12  |   0   |   0   |   0   ||   12  |   0   |
[2025-04-29T14:44:20.594+0000] {spark_submit.py:490} INFO - ---------------------------------------------------------------------
[2025-04-29T14:44:20.599+0000] {spark_submit.py:490} INFO - :: retrieving :: org.apache.spark#spark-submit-parent-ece7b7d9-b65d-4dea-930d-d4a077bbd8b5
[2025-04-29T14:44:20.600+0000] {spark_submit.py:490} INFO - confs: [default]
[2025-04-29T14:44:20.608+0000] {spark_submit.py:490} INFO - 0 artifacts copied, 12 already retrieved (0kB/9ms)
[2025-04-29T14:44:20.806+0000] {spark_submit.py:490} INFO - 25/04/29 14:44:20 WARN NativeCodeLoader: Unable to load native-hadoop library for your platform... using builtin-java classes where applicable
[2025-04-29T14:44:21.604+0000] {spark_submit.py:490} INFO - 25/04/29 14:44:21 INFO SparkContext: Running Spark version 3.3.0
[2025-04-29T14:44:21.627+0000] {spark_submit.py:490} INFO - 25/04/29 14:44:21 INFO ResourceUtils: ==============================================================
[2025-04-29T14:44:21.627+0000] {spark_submit.py:490} INFO - 25/04/29 14:44:21 INFO ResourceUtils: No custom resources configured for spark.driver.
[2025-04-29T14:44:21.628+0000] {spark_submit.py:490} INFO - 25/04/29 14:44:21 INFO ResourceUtils: ==============================================================
[2025-04-29T14:44:21.628+0000] {spark_submit.py:490} INFO - 25/04/29 14:44:21 INFO SparkContext: Submitted application: FinBestDetect
[2025-04-29T14:44:21.647+0000] {spark_submit.py:490} INFO - 25/04/29 14:44:21 INFO ResourceProfile: Default ResourceProfile created, executor resources: Map(cores -> name: cores, amount: 1, script: , vendor: , memory -> name: memory, amount: 1024, script: , vendor: , offHeap -> name: offHeap, amount: 0, script: , vendor: ), task resources: Map(cpus -> name: cpus, amount: 1.0)
[2025-04-29T14:44:21.656+0000] {spark_submit.py:490} INFO - 25/04/29 14:44:21 INFO ResourceProfile: Limiting resource is cpus at 1 tasks per executor
[2025-04-29T14:44:21.657+0000] {spark_submit.py:490} INFO - 25/04/29 14:44:21 INFO ResourceProfileManager: Added ResourceProfile id: 0
[2025-04-29T14:44:21.699+0000] {spark_submit.py:490} INFO - 25/04/29 14:44:21 INFO SecurityManager: Changing view acls to: airflow
[2025-04-29T14:44:21.700+0000] {spark_submit.py:490} INFO - 25/04/29 14:44:21 INFO SecurityManager: Changing modify acls to: airflow
[2025-04-29T14:44:21.700+0000] {spark_submit.py:490} INFO - 25/04/29 14:44:21 INFO SecurityManager: Changing view acls groups to:
[2025-04-29T14:44:21.700+0000] {spark_submit.py:490} INFO - 25/04/29 14:44:21 INFO SecurityManager: Changing modify acls groups to:
[2025-04-29T14:44:21.700+0000] {spark_submit.py:490} INFO - 25/04/29 14:44:21 INFO SecurityManager: SecurityManager: authentication disabled; ui acls disabled; users  with view permissions: Set(airflow); groups with view permissions: Set(); users  with modify permissions: Set(airflow); groups with modify permissions: Set()
[2025-04-29T14:44:21.917+0000] {spark_submit.py:490} INFO - 25/04/29 14:44:21 INFO Utils: Successfully started service 'sparkDriver' on port 33383.
[2025-04-29T14:44:21.941+0000] {spark_submit.py:490} INFO - 25/04/29 14:44:21 INFO SparkEnv: Registering MapOutputTracker
[2025-04-29T14:44:21.967+0000] {spark_submit.py:490} INFO - 25/04/29 14:44:21 INFO SparkEnv: Registering BlockManagerMaster
[2025-04-29T14:44:21.984+0000] {spark_submit.py:490} INFO - 25/04/29 14:44:21 INFO BlockManagerMasterEndpoint: Using org.apache.spark.storage.DefaultTopologyMapper for getting topology information
[2025-04-29T14:44:21.985+0000] {spark_submit.py:490} INFO - 25/04/29 14:44:21 INFO BlockManagerMasterEndpoint: BlockManagerMasterEndpoint up
[2025-04-29T14:44:21.988+0000] {spark_submit.py:490} INFO - 25/04/29 14:44:21 INFO SparkEnv: Registering BlockManagerMasterHeartbeat
[2025-04-29T14:44:22.009+0000] {spark_submit.py:490} INFO - 25/04/29 14:44:22 INFO DiskBlockManager: Created local directory at /tmp/blockmgr-b454aaf4-46a1-4135-bfe4-c430b5f14e60
[2025-04-29T14:44:22.023+0000] {spark_submit.py:490} INFO - 25/04/29 14:44:22 INFO MemoryStore: MemoryStore started with capacity 434.4 MiB
[2025-04-29T14:44:22.037+0000] {spark_submit.py:490} INFO - 25/04/29 14:44:22 INFO SparkEnv: Registering OutputCommitCoordinator
[2025-04-29T14:44:22.212+0000] {spark_submit.py:490} INFO - 25/04/29 14:44:22 INFO Utils: Successfully started service 'SparkUI' on port 4040.
[2025-04-29T14:44:22.240+0000] {spark_submit.py:490} INFO - 25/04/29 14:44:22 INFO SparkContext: Added JAR file:///home/airflow/.ivy2/jars/org.postgresql_postgresql-42.6.0.jar at spark://bd05f2cbfffd:33383/jars/org.postgresql_postgresql-42.6.0.jar with timestamp 1745937861597
[2025-04-29T14:44:22.240+0000] {spark_submit.py:490} INFO - 25/04/29 14:44:22 INFO SparkContext: Added JAR file:///home/airflow/.ivy2/jars/ru.yandex.clickhouse_clickhouse-jdbc-0.3.2.jar at spark://bd05f2cbfffd:33383/jars/ru.yandex.clickhouse_clickhouse-jdbc-0.3.2.jar with timestamp 1745937861597
[2025-04-29T14:44:22.240+0000] {spark_submit.py:490} INFO - 25/04/29 14:44:22 INFO SparkContext: Added JAR file:///home/airflow/.ivy2/jars/org.checkerframework_checker-qual-3.31.0.jar at spark://bd05f2cbfffd:33383/jars/org.checkerframework_checker-qual-3.31.0.jar with timestamp 1745937861597
[2025-04-29T14:44:22.240+0000] {spark_submit.py:490} INFO - 25/04/29 14:44:22 INFO SparkContext: Added JAR file:///home/airflow/.ivy2/jars/com.clickhouse_clickhouse-http-client-0.3.2.jar at spark://bd05f2cbfffd:33383/jars/com.clickhouse_clickhouse-http-client-0.3.2.jar with timestamp 1745937861597
[2025-04-29T14:44:22.240+0000] {spark_submit.py:490} INFO - 25/04/29 14:44:22 INFO SparkContext: Added JAR file:///home/airflow/.ivy2/jars/com.google.code.gson_gson-2.8.8.jar at spark://bd05f2cbfffd:33383/jars/com.google.code.gson_gson-2.8.8.jar with timestamp 1745937861597
[2025-04-29T14:44:22.240+0000] {spark_submit.py:490} INFO - 25/04/29 14:44:22 INFO SparkContext: Added JAR file:///home/airflow/.ivy2/jars/org.apache.httpcomponents_httpclient-4.5.13.jar at spark://bd05f2cbfffd:33383/jars/org.apache.httpcomponents_httpclient-4.5.13.jar with timestamp 1745937861597
[2025-04-29T14:44:22.241+0000] {spark_submit.py:490} INFO - 25/04/29 14:44:22 INFO SparkContext: Added JAR file:///home/airflow/.ivy2/jars/org.apache.httpcomponents_httpmime-4.5.13.jar at spark://bd05f2cbfffd:33383/jars/org.apache.httpcomponents_httpmime-4.5.13.jar with timestamp 1745937861597
[2025-04-29T14:44:22.241+0000] {spark_submit.py:490} INFO - 25/04/29 14:44:22 INFO SparkContext: Added JAR file:///home/airflow/.ivy2/jars/org.lz4_lz4-java-1.8.0.jar at spark://bd05f2cbfffd:33383/jars/org.lz4_lz4-java-1.8.0.jar with timestamp 1745937861597
[2025-04-29T14:44:22.241+0000] {spark_submit.py:490} INFO - 25/04/29 14:44:22 INFO SparkContext: Added JAR file:///home/airflow/.ivy2/jars/com.clickhouse_clickhouse-client-0.3.2.jar at spark://bd05f2cbfffd:33383/jars/com.clickhouse_clickhouse-client-0.3.2.jar with timestamp 1745937861597
[2025-04-29T14:44:22.241+0000] {spark_submit.py:490} INFO - 25/04/29 14:44:22 INFO SparkContext: Added JAR file:///home/airflow/.ivy2/jars/org.apache.httpcomponents_httpcore-4.4.13.jar at spark://bd05f2cbfffd:33383/jars/org.apache.httpcomponents_httpcore-4.4.13.jar with timestamp 1745937861597
[2025-04-29T14:44:22.241+0000] {spark_submit.py:490} INFO - 25/04/29 14:44:22 INFO SparkContext: Added JAR file:///home/airflow/.ivy2/jars/commons-logging_commons-logging-1.2.jar at spark://bd05f2cbfffd:33383/jars/commons-logging_commons-logging-1.2.jar with timestamp 1745937861597
[2025-04-29T14:44:22.241+0000] {spark_submit.py:490} INFO - 25/04/29 14:44:22 INFO SparkContext: Added JAR file:///home/airflow/.ivy2/jars/commons-codec_commons-codec-1.11.jar at spark://bd05f2cbfffd:33383/jars/commons-codec_commons-codec-1.11.jar with timestamp 1745937861597
[2025-04-29T14:44:22.243+0000] {spark_submit.py:490} INFO - 25/04/29 14:44:22 INFO SparkContext: Added file file:///home/airflow/.ivy2/jars/org.postgresql_postgresql-42.6.0.jar at spark://bd05f2cbfffd:33383/files/org.postgresql_postgresql-42.6.0.jar with timestamp 1745937861597
[2025-04-29T14:44:22.244+0000] {spark_submit.py:490} INFO - 25/04/29 14:44:22 INFO Utils: Copying /home/airflow/.ivy2/jars/org.postgresql_postgresql-42.6.0.jar to /tmp/spark-2c1a33cd-e837-43af-8051-2537e3d30c49/userFiles-abd14a52-eb0b-4779-8877-92564ed99fc4/org.postgresql_postgresql-42.6.0.jar
[2025-04-29T14:44:22.254+0000] {spark_submit.py:490} INFO - 25/04/29 14:44:22 INFO SparkContext: Added file file:///home/airflow/.ivy2/jars/ru.yandex.clickhouse_clickhouse-jdbc-0.3.2.jar at spark://bd05f2cbfffd:33383/files/ru.yandex.clickhouse_clickhouse-jdbc-0.3.2.jar with timestamp 1745937861597
[2025-04-29T14:44:22.255+0000] {spark_submit.py:490} INFO - 25/04/29 14:44:22 INFO Utils: Copying /home/airflow/.ivy2/jars/ru.yandex.clickhouse_clickhouse-jdbc-0.3.2.jar to /tmp/spark-2c1a33cd-e837-43af-8051-2537e3d30c49/userFiles-abd14a52-eb0b-4779-8877-92564ed99fc4/ru.yandex.clickhouse_clickhouse-jdbc-0.3.2.jar
[2025-04-29T14:44:22.258+0000] {spark_submit.py:490} INFO - 25/04/29 14:44:22 INFO SparkContext: Added file file:///home/airflow/.ivy2/jars/org.checkerframework_checker-qual-3.31.0.jar at spark://bd05f2cbfffd:33383/files/org.checkerframework_checker-qual-3.31.0.jar with timestamp 1745937861597
[2025-04-29T14:44:22.258+0000] {spark_submit.py:490} INFO - 25/04/29 14:44:22 INFO Utils: Copying /home/airflow/.ivy2/jars/org.checkerframework_checker-qual-3.31.0.jar to /tmp/spark-2c1a33cd-e837-43af-8051-2537e3d30c49/userFiles-abd14a52-eb0b-4779-8877-92564ed99fc4/org.checkerframework_checker-qual-3.31.0.jar
[2025-04-29T14:44:22.261+0000] {spark_submit.py:490} INFO - 25/04/29 14:44:22 INFO SparkContext: Added file file:///home/airflow/.ivy2/jars/com.clickhouse_clickhouse-http-client-0.3.2.jar at spark://bd05f2cbfffd:33383/files/com.clickhouse_clickhouse-http-client-0.3.2.jar with timestamp 1745937861597
[2025-04-29T14:44:22.262+0000] {spark_submit.py:490} INFO - 25/04/29 14:44:22 INFO Utils: Copying /home/airflow/.ivy2/jars/com.clickhouse_clickhouse-http-client-0.3.2.jar to /tmp/spark-2c1a33cd-e837-43af-8051-2537e3d30c49/userFiles-abd14a52-eb0b-4779-8877-92564ed99fc4/com.clickhouse_clickhouse-http-client-0.3.2.jar
[2025-04-29T14:44:22.265+0000] {spark_submit.py:490} INFO - 25/04/29 14:44:22 INFO SparkContext: Added file file:///home/airflow/.ivy2/jars/com.google.code.gson_gson-2.8.8.jar at spark://bd05f2cbfffd:33383/files/com.google.code.gson_gson-2.8.8.jar with timestamp 1745937861597
[2025-04-29T14:44:22.265+0000] {spark_submit.py:490} INFO - 25/04/29 14:44:22 INFO Utils: Copying /home/airflow/.ivy2/jars/com.google.code.gson_gson-2.8.8.jar to /tmp/spark-2c1a33cd-e837-43af-8051-2537e3d30c49/userFiles-abd14a52-eb0b-4779-8877-92564ed99fc4/com.google.code.gson_gson-2.8.8.jar
[2025-04-29T14:44:22.268+0000] {spark_submit.py:490} INFO - 25/04/29 14:44:22 INFO SparkContext: Added file file:///home/airflow/.ivy2/jars/org.apache.httpcomponents_httpclient-4.5.13.jar at spark://bd05f2cbfffd:33383/files/org.apache.httpcomponents_httpclient-4.5.13.jar with timestamp 1745937861597
[2025-04-29T14:44:22.269+0000] {spark_submit.py:490} INFO - 25/04/29 14:44:22 INFO Utils: Copying /home/airflow/.ivy2/jars/org.apache.httpcomponents_httpclient-4.5.13.jar to /tmp/spark-2c1a33cd-e837-43af-8051-2537e3d30c49/userFiles-abd14a52-eb0b-4779-8877-92564ed99fc4/org.apache.httpcomponents_httpclient-4.5.13.jar
[2025-04-29T14:44:22.272+0000] {spark_submit.py:490} INFO - 25/04/29 14:44:22 INFO SparkContext: Added file file:///home/airflow/.ivy2/jars/org.apache.httpcomponents_httpmime-4.5.13.jar at spark://bd05f2cbfffd:33383/files/org.apache.httpcomponents_httpmime-4.5.13.jar with timestamp 1745937861597
[2025-04-29T14:44:22.273+0000] {spark_submit.py:490} INFO - 25/04/29 14:44:22 INFO Utils: Copying /home/airflow/.ivy2/jars/org.apache.httpcomponents_httpmime-4.5.13.jar to /tmp/spark-2c1a33cd-e837-43af-8051-2537e3d30c49/userFiles-abd14a52-eb0b-4779-8877-92564ed99fc4/org.apache.httpcomponents_httpmime-4.5.13.jar
[2025-04-29T14:44:22.276+0000] {spark_submit.py:490} INFO - 25/04/29 14:44:22 INFO SparkContext: Added file file:///home/airflow/.ivy2/jars/org.lz4_lz4-java-1.8.0.jar at spark://bd05f2cbfffd:33383/files/org.lz4_lz4-java-1.8.0.jar with timestamp 1745937861597
[2025-04-29T14:44:22.276+0000] {spark_submit.py:490} INFO - 25/04/29 14:44:22 INFO Utils: Copying /home/airflow/.ivy2/jars/org.lz4_lz4-java-1.8.0.jar to /tmp/spark-2c1a33cd-e837-43af-8051-2537e3d30c49/userFiles-abd14a52-eb0b-4779-8877-92564ed99fc4/org.lz4_lz4-java-1.8.0.jar
[2025-04-29T14:44:22.280+0000] {spark_submit.py:490} INFO - 25/04/29 14:44:22 INFO SparkContext: Added file file:///home/airflow/.ivy2/jars/com.clickhouse_clickhouse-client-0.3.2.jar at spark://bd05f2cbfffd:33383/files/com.clickhouse_clickhouse-client-0.3.2.jar with timestamp 1745937861597
[2025-04-29T14:44:22.280+0000] {spark_submit.py:490} INFO - 25/04/29 14:44:22 INFO Utils: Copying /home/airflow/.ivy2/jars/com.clickhouse_clickhouse-client-0.3.2.jar to /tmp/spark-2c1a33cd-e837-43af-8051-2537e3d30c49/userFiles-abd14a52-eb0b-4779-8877-92564ed99fc4/com.clickhouse_clickhouse-client-0.3.2.jar
[2025-04-29T14:44:22.284+0000] {spark_submit.py:490} INFO - 25/04/29 14:44:22 INFO SparkContext: Added file file:///home/airflow/.ivy2/jars/org.apache.httpcomponents_httpcore-4.4.13.jar at spark://bd05f2cbfffd:33383/files/org.apache.httpcomponents_httpcore-4.4.13.jar with timestamp 1745937861597
[2025-04-29T14:44:22.284+0000] {spark_submit.py:490} INFO - 25/04/29 14:44:22 INFO Utils: Copying /home/airflow/.ivy2/jars/org.apache.httpcomponents_httpcore-4.4.13.jar to /tmp/spark-2c1a33cd-e837-43af-8051-2537e3d30c49/userFiles-abd14a52-eb0b-4779-8877-92564ed99fc4/org.apache.httpcomponents_httpcore-4.4.13.jar
[2025-04-29T14:44:22.288+0000] {spark_submit.py:490} INFO - 25/04/29 14:44:22 INFO SparkContext: Added file file:///home/airflow/.ivy2/jars/commons-logging_commons-logging-1.2.jar at spark://bd05f2cbfffd:33383/files/commons-logging_commons-logging-1.2.jar with timestamp 1745937861597
[2025-04-29T14:44:22.288+0000] {spark_submit.py:490} INFO - 25/04/29 14:44:22 INFO Utils: Copying /home/airflow/.ivy2/jars/commons-logging_commons-logging-1.2.jar to /tmp/spark-2c1a33cd-e837-43af-8051-2537e3d30c49/userFiles-abd14a52-eb0b-4779-8877-92564ed99fc4/commons-logging_commons-logging-1.2.jar
[2025-04-29T14:44:22.291+0000] {spark_submit.py:490} INFO - 25/04/29 14:44:22 INFO SparkContext: Added file file:///home/airflow/.ivy2/jars/commons-codec_commons-codec-1.11.jar at spark://bd05f2cbfffd:33383/files/commons-codec_commons-codec-1.11.jar with timestamp 1745937861597
[2025-04-29T14:44:22.291+0000] {spark_submit.py:490} INFO - 25/04/29 14:44:22 INFO Utils: Copying /home/airflow/.ivy2/jars/commons-codec_commons-codec-1.11.jar to /tmp/spark-2c1a33cd-e837-43af-8051-2537e3d30c49/userFiles-abd14a52-eb0b-4779-8877-92564ed99fc4/commons-codec_commons-codec-1.11.jar
[2025-04-29T14:44:22.386+0000] {spark_submit.py:490} INFO - 25/04/29 14:44:22 INFO StandaloneAppClient$ClientEndpoint: Connecting to master spark://spark-master:7077...
[2025-04-29T14:44:22.425+0000] {spark_submit.py:490} INFO - 25/04/29 14:44:22 INFO TransportClientFactory: Successfully created connection to spark-master/172.18.0.3:7077 after 22 ms (0 ms spent in bootstraps)
[2025-04-29T14:44:22.497+0000] {spark_submit.py:490} INFO - 25/04/29 14:44:22 INFO StandaloneSchedulerBackend: Connected to Spark cluster with app ID app-20250429144422-0001
[2025-04-29T14:44:22.498+0000] {spark_submit.py:490} INFO - 25/04/29 14:44:22 INFO StandaloneAppClient$ClientEndpoint: Executor added: app-20250429144422-0001/0 on worker-20250429121840-172.18.0.5-45227 (172.18.0.5:45227) with 1 core(s)
[2025-04-29T14:44:22.500+0000] {spark_submit.py:490} INFO - 25/04/29 14:44:22 INFO StandaloneSchedulerBackend: Granted executor ID app-20250429144422-0001/0 on hostPort 172.18.0.5:45227 with 1 core(s), 1024.0 MiB RAM
[2025-04-29T14:44:22.502+0000] {spark_submit.py:490} INFO - 25/04/29 14:44:22 INFO Utils: Successfully started service 'org.apache.spark.network.netty.NettyBlockTransferService' on port 35817.
[2025-04-29T14:44:22.502+0000] {spark_submit.py:490} INFO - 25/04/29 14:44:22 INFO NettyBlockTransferService: Server created on bd05f2cbfffd:35817
[2025-04-29T14:44:22.505+0000] {spark_submit.py:490} INFO - 25/04/29 14:44:22 INFO BlockManager: Using org.apache.spark.storage.RandomBlockReplicationPolicy for block replication policy
[2025-04-29T14:44:22.513+0000] {spark_submit.py:490} INFO - 25/04/29 14:44:22 INFO BlockManagerMaster: Registering BlockManager BlockManagerId(driver, bd05f2cbfffd, 35817, None)
[2025-04-29T14:44:22.515+0000] {spark_submit.py:490} INFO - 25/04/29 14:44:22 INFO BlockManagerMasterEndpoint: Registering block manager bd05f2cbfffd:35817 with 434.4 MiB RAM, BlockManagerId(driver, bd05f2cbfffd, 35817, None)
[2025-04-29T14:44:22.518+0000] {spark_submit.py:490} INFO - 25/04/29 14:44:22 INFO BlockManagerMaster: Registered BlockManager BlockManagerId(driver, bd05f2cbfffd, 35817, None)
[2025-04-29T14:44:22.519+0000] {spark_submit.py:490} INFO - 25/04/29 14:44:22 INFO BlockManager: Initialized BlockManager: BlockManagerId(driver, bd05f2cbfffd, 35817, None)
[2025-04-29T14:44:22.541+0000] {spark_submit.py:490} INFO - 25/04/29 14:44:22 INFO StandaloneAppClient$ClientEndpoint: Executor updated: app-20250429144422-0001/0 is now RUNNING
[2025-04-29T14:44:22.697+0000] {spark_submit.py:490} INFO - 25/04/29 14:44:22 INFO StandaloneSchedulerBackend: SchedulerBackend is ready for scheduling beginning after reached minRegisteredResourcesRatio: 0.0
[2025-04-29T14:44:22.873+0000] {spark_submit.py:490} INFO - INFO:__main__:SparkSession создан
[2025-04-29T14:44:22.878+0000] {spark_submit.py:490} INFO - 25/04/29 14:44:22 INFO SharedState: Setting hive.metastore.warehouse.dir ('null') to the value of spark.sql.warehouse.dir.
[2025-04-29T14:44:22.880+0000] {spark_submit.py:490} INFO - 25/04/29 14:44:22 INFO SharedState: Warehouse path is 'file:/opt/airflow/spark-warehouse'.
[2025-04-29T14:44:25.015+0000] {spark_submit.py:490} INFO - 25/04/29 14:44:25 INFO CoarseGrainedSchedulerBackend$DriverEndpoint: Registered executor NettyRpcEndpointRef(spark-client://Executor) (172.18.0.5:55728) with ID 0,  ResourceProfileId 0
[2025-04-29T14:44:25.089+0000] {spark_submit.py:490} INFO - 25/04/29 14:44:25 INFO BlockManagerMasterEndpoint: Registering block manager 172.18.0.5:37021 with 366.3 MiB RAM, BlockManagerId(0, 172.18.0.5, 37021, None)
[2025-04-29T14:44:26.136+0000] {spark_submit.py:490} INFO - 25/04/29 14:44:26 INFO CodeGenerator: Code generated in 99.740477 ms
[2025-04-29T14:44:26.195+0000] {spark_submit.py:490} INFO - 25/04/29 14:44:26 INFO DAGScheduler: Registering RDD 2 (count at NativeMethodAccessorImpl.java:0) as input to shuffle 0
[2025-04-29T14:44:26.199+0000] {spark_submit.py:490} INFO - 25/04/29 14:44:26 INFO DAGScheduler: Got map stage job 0 (count at NativeMethodAccessorImpl.java:0) with 1 output partitions
[2025-04-29T14:44:26.200+0000] {spark_submit.py:490} INFO - 25/04/29 14:44:26 INFO DAGScheduler: Final stage: ShuffleMapStage 0 (count at NativeMethodAccessorImpl.java:0)
[2025-04-29T14:44:26.200+0000] {spark_submit.py:490} INFO - 25/04/29 14:44:26 INFO DAGScheduler: Parents of final stage: List()
[2025-04-29T14:44:26.201+0000] {spark_submit.py:490} INFO - 25/04/29 14:44:26 INFO DAGScheduler: Missing parents: List()
[2025-04-29T14:44:26.203+0000] {spark_submit.py:490} INFO - 25/04/29 14:44:26 INFO DAGScheduler: Submitting ShuffleMapStage 0 (MapPartitionsRDD[2] at count at NativeMethodAccessorImpl.java:0), which has no missing parents
[2025-04-29T14:44:26.300+0000] {spark_submit.py:490} INFO - 25/04/29 14:44:26 INFO MemoryStore: Block broadcast_0 stored as values in memory (estimated size 13.3 KiB, free 434.4 MiB)
[2025-04-29T14:44:26.332+0000] {spark_submit.py:490} INFO - 25/04/29 14:44:26 INFO MemoryStore: Block broadcast_0_piece0 stored as bytes in memory (estimated size 7.0 KiB, free 434.4 MiB)
[2025-04-29T14:44:26.335+0000] {spark_submit.py:490} INFO - 25/04/29 14:44:26 INFO BlockManagerInfo: Added broadcast_0_piece0 in memory on bd05f2cbfffd:35817 (size: 7.0 KiB, free: 434.4 MiB)
[2025-04-29T14:44:26.339+0000] {spark_submit.py:490} INFO - 25/04/29 14:44:26 INFO SparkContext: Created broadcast 0 from broadcast at DAGScheduler.scala:1513
[2025-04-29T14:44:26.353+0000] {spark_submit.py:490} INFO - 25/04/29 14:44:26 INFO DAGScheduler: Submitting 1 missing tasks from ShuffleMapStage 0 (MapPartitionsRDD[2] at count at NativeMethodAccessorImpl.java:0) (first 15 tasks are for partitions Vector(0))
[2025-04-29T14:44:26.354+0000] {spark_submit.py:490} INFO - 25/04/29 14:44:26 INFO TaskSchedulerImpl: Adding task set 0.0 with 1 tasks resource profile 0
[2025-04-29T14:44:26.380+0000] {spark_submit.py:490} INFO - 25/04/29 14:44:26 INFO TaskSetManager: Starting task 0.0 in stage 0.0 (TID 0) (172.18.0.5, executor 0, partition 0, PROCESS_LOCAL, 4292 bytes) taskResourceAssignments Map()
[2025-04-29T14:44:26.563+0000] {spark_submit.py:490} INFO - 25/04/29 14:44:26 INFO BlockManagerInfo: Added broadcast_0_piece0 in memory on 172.18.0.5:37021 (size: 7.0 KiB, free: 366.3 MiB)
[2025-04-29T14:44:27.360+0000] {spark_submit.py:490} INFO - 25/04/29 14:44:27 INFO TaskSetManager: Finished task 0.0 in stage 0.0 (TID 0) in 987 ms on 172.18.0.5 (executor 0) (1/1)
[2025-04-29T14:44:27.361+0000] {spark_submit.py:490} INFO - 25/04/29 14:44:27 INFO TaskSchedulerImpl: Removed TaskSet 0.0, whose tasks have all completed, from pool
[2025-04-29T14:44:27.367+0000] {spark_submit.py:490} INFO - 25/04/29 14:44:27 INFO DAGScheduler: ShuffleMapStage 0 (count at NativeMethodAccessorImpl.java:0) finished in 1.152 s
[2025-04-29T14:44:27.368+0000] {spark_submit.py:490} INFO - 25/04/29 14:44:27 INFO DAGScheduler: looking for newly runnable stages
[2025-04-29T14:44:27.368+0000] {spark_submit.py:490} INFO - 25/04/29 14:44:27 INFO DAGScheduler: running: Set()
[2025-04-29T14:44:27.368+0000] {spark_submit.py:490} INFO - 25/04/29 14:44:27 INFO DAGScheduler: waiting: Set()
[2025-04-29T14:44:27.368+0000] {spark_submit.py:490} INFO - 25/04/29 14:44:27 INFO DAGScheduler: failed: Set()
[2025-04-29T14:44:27.412+0000] {spark_submit.py:490} INFO - 25/04/29 14:44:27 INFO CodeGenerator: Code generated in 21.291606 ms
[2025-04-29T14:44:27.429+0000] {spark_submit.py:490} INFO - 25/04/29 14:44:27 INFO BlockManagerInfo: Removed broadcast_0_piece0 on bd05f2cbfffd:35817 in memory (size: 7.0 KiB, free: 434.4 MiB)
[2025-04-29T14:44:27.438+0000] {spark_submit.py:490} INFO - 25/04/29 14:44:27 INFO BlockManagerInfo: Removed broadcast_0_piece0 on 172.18.0.5:37021 in memory (size: 7.0 KiB, free: 366.3 MiB)
[2025-04-29T14:44:27.454+0000] {spark_submit.py:490} INFO - 25/04/29 14:44:27 INFO SparkContext: Starting job: count at NativeMethodAccessorImpl.java:0
[2025-04-29T14:44:27.457+0000] {spark_submit.py:490} INFO - 25/04/29 14:44:27 INFO DAGScheduler: Got job 1 (count at NativeMethodAccessorImpl.java:0) with 1 output partitions
[2025-04-29T14:44:27.458+0000] {spark_submit.py:490} INFO - 25/04/29 14:44:27 INFO DAGScheduler: Final stage: ResultStage 2 (count at NativeMethodAccessorImpl.java:0)
[2025-04-29T14:44:27.459+0000] {spark_submit.py:490} INFO - 25/04/29 14:44:27 INFO DAGScheduler: Parents of final stage: List(ShuffleMapStage 1)
[2025-04-29T14:44:27.460+0000] {spark_submit.py:490} INFO - 25/04/29 14:44:27 INFO DAGScheduler: Missing parents: List()
[2025-04-29T14:44:27.463+0000] {spark_submit.py:490} INFO - 25/04/29 14:44:27 INFO DAGScheduler: Submitting ResultStage 2 (MapPartitionsRDD[5] at count at NativeMethodAccessorImpl.java:0), which has no missing parents
[2025-04-29T14:44:27.472+0000] {spark_submit.py:490} INFO - 25/04/29 14:44:27 INFO MemoryStore: Block broadcast_1 stored as values in memory (estimated size 11.1 KiB, free 434.4 MiB)
[2025-04-29T14:44:27.474+0000] {spark_submit.py:490} INFO - 25/04/29 14:44:27 INFO MemoryStore: Block broadcast_1_piece0 stored as bytes in memory (estimated size 5.5 KiB, free 434.4 MiB)
[2025-04-29T14:44:27.474+0000] {spark_submit.py:490} INFO - 25/04/29 14:44:27 INFO BlockManagerInfo: Added broadcast_1_piece0 in memory on bd05f2cbfffd:35817 (size: 5.5 KiB, free: 434.4 MiB)
[2025-04-29T14:44:27.475+0000] {spark_submit.py:490} INFO - 25/04/29 14:44:27 INFO SparkContext: Created broadcast 1 from broadcast at DAGScheduler.scala:1513
[2025-04-29T14:44:27.477+0000] {spark_submit.py:490} INFO - 25/04/29 14:44:27 INFO DAGScheduler: Submitting 1 missing tasks from ResultStage 2 (MapPartitionsRDD[5] at count at NativeMethodAccessorImpl.java:0) (first 15 tasks are for partitions Vector(0))
[2025-04-29T14:44:27.477+0000] {spark_submit.py:490} INFO - 25/04/29 14:44:27 INFO TaskSchedulerImpl: Adding task set 2.0 with 1 tasks resource profile 0
[2025-04-29T14:44:27.482+0000] {spark_submit.py:490} INFO - 25/04/29 14:44:27 INFO TaskSetManager: Starting task 0.0 in stage 2.0 (TID 1) (172.18.0.5, executor 0, partition 0, NODE_LOCAL, 4457 bytes) taskResourceAssignments Map()
[2025-04-29T14:44:27.501+0000] {spark_submit.py:490} INFO - 25/04/29 14:44:27 INFO BlockManagerInfo: Added broadcast_1_piece0 in memory on 172.18.0.5:37021 (size: 5.5 KiB, free: 366.3 MiB)
[2025-04-29T14:44:27.586+0000] {spark_submit.py:490} INFO - 25/04/29 14:44:27 INFO MapOutputTrackerMasterEndpoint: Asked to send map output locations for shuffle 0 to 172.18.0.5:55728
[2025-04-29T14:44:27.753+0000] {spark_submit.py:490} INFO - 25/04/29 14:44:27 INFO TaskSetManager: Finished task 0.0 in stage 2.0 (TID 1) in 273 ms on 172.18.0.5 (executor 0) (1/1)
[2025-04-29T14:44:27.754+0000] {spark_submit.py:490} INFO - 25/04/29 14:44:27 INFO TaskSchedulerImpl: Removed TaskSet 2.0, whose tasks have all completed, from pool
[2025-04-29T14:44:27.754+0000] {spark_submit.py:490} INFO - 25/04/29 14:44:27 INFO DAGScheduler: ResultStage 2 (count at NativeMethodAccessorImpl.java:0) finished in 0.285 s
[2025-04-29T14:44:27.755+0000] {spark_submit.py:490} INFO - 25/04/29 14:44:27 INFO DAGScheduler: Job 1 is finished. Cancelling potential speculative or zombie tasks for this job
[2025-04-29T14:44:27.755+0000] {spark_submit.py:490} INFO - 25/04/29 14:44:27 INFO TaskSchedulerImpl: Killing all running tasks in stage 2: Stage finished
[2025-04-29T14:44:27.757+0000] {spark_submit.py:490} INFO - 25/04/29 14:44:27 INFO DAGScheduler: Job 1 finished: count at NativeMethodAccessorImpl.java:0, took 0.303507 s
[2025-04-29T14:44:27.764+0000] {spark_submit.py:490} INFO - INFO:__main__:Таблица raw.masked_transactions загружена, записей: 1000
[2025-04-29T14:44:27.903+0000] {spark_submit.py:490} INFO - 25/04/29 14:44:27 INFO DAGScheduler: Registering RDD 8 (count at NativeMethodAccessorImpl.java:0) as input to shuffle 1
[2025-04-29T14:44:27.903+0000] {spark_submit.py:490} INFO - 25/04/29 14:44:27 INFO DAGScheduler: Got map stage job 2 (count at NativeMethodAccessorImpl.java:0) with 1 output partitions
[2025-04-29T14:44:27.903+0000] {spark_submit.py:490} INFO - 25/04/29 14:44:27 INFO DAGScheduler: Final stage: ShuffleMapStage 3 (count at NativeMethodAccessorImpl.java:0)
[2025-04-29T14:44:27.903+0000] {spark_submit.py:490} INFO - 25/04/29 14:44:27 INFO DAGScheduler: Parents of final stage: List()
[2025-04-29T14:44:27.903+0000] {spark_submit.py:490} INFO - 25/04/29 14:44:27 INFO DAGScheduler: Missing parents: List()
[2025-04-29T14:44:27.904+0000] {spark_submit.py:490} INFO - 25/04/29 14:44:27 INFO DAGScheduler: Submitting ShuffleMapStage 3 (MapPartitionsRDD[8] at count at NativeMethodAccessorImpl.java:0), which has no missing parents
[2025-04-29T14:44:27.907+0000] {spark_submit.py:490} INFO - 25/04/29 14:44:27 INFO MemoryStore: Block broadcast_2 stored as values in memory (estimated size 13.4 KiB, free 434.4 MiB)
[2025-04-29T14:44:27.910+0000] {spark_submit.py:490} INFO - 25/04/29 14:44:27 INFO MemoryStore: Block broadcast_2_piece0 stored as bytes in memory (estimated size 7.0 KiB, free 434.4 MiB)
[2025-04-29T14:44:27.911+0000] {spark_submit.py:490} INFO - 25/04/29 14:44:27 INFO BlockManagerInfo: Added broadcast_2_piece0 in memory on bd05f2cbfffd:35817 (size: 7.0 KiB, free: 434.4 MiB)
[2025-04-29T14:44:27.912+0000] {spark_submit.py:490} INFO - 25/04/29 14:44:27 INFO SparkContext: Created broadcast 2 from broadcast at DAGScheduler.scala:1513
[2025-04-29T14:44:27.912+0000] {spark_submit.py:490} INFO - 25/04/29 14:44:27 INFO DAGScheduler: Submitting 1 missing tasks from ShuffleMapStage 3 (MapPartitionsRDD[8] at count at NativeMethodAccessorImpl.java:0) (first 15 tasks are for partitions Vector(0))
[2025-04-29T14:44:27.913+0000] {spark_submit.py:490} INFO - 25/04/29 14:44:27 INFO TaskSchedulerImpl: Adding task set 3.0 with 1 tasks resource profile 0
[2025-04-29T14:44:27.914+0000] {spark_submit.py:490} INFO - 25/04/29 14:44:27 INFO TaskSetManager: Starting task 0.0 in stage 3.0 (TID 2) (172.18.0.5, executor 0, partition 0, PROCESS_LOCAL, 4292 bytes) taskResourceAssignments Map()
[2025-04-29T14:44:27.932+0000] {spark_submit.py:490} INFO - 25/04/29 14:44:27 INFO BlockManagerInfo: Added broadcast_2_piece0 in memory on 172.18.0.5:37021 (size: 7.0 KiB, free: 366.3 MiB)
[2025-04-29T14:44:27.976+0000] {spark_submit.py:490} INFO - 25/04/29 14:44:27 INFO TaskSetManager: Finished task 0.0 in stage 3.0 (TID 2) in 61 ms on 172.18.0.5 (executor 0) (1/1)
[2025-04-29T14:44:27.976+0000] {spark_submit.py:490} INFO - 25/04/29 14:44:27 INFO TaskSchedulerImpl: Removed TaskSet 3.0, whose tasks have all completed, from pool
[2025-04-29T14:44:27.977+0000] {spark_submit.py:490} INFO - 25/04/29 14:44:27 INFO DAGScheduler: ShuffleMapStage 3 (count at NativeMethodAccessorImpl.java:0) finished in 0.071 s
[2025-04-29T14:44:27.977+0000] {spark_submit.py:490} INFO - 25/04/29 14:44:27 INFO DAGScheduler: looking for newly runnable stages
[2025-04-29T14:44:27.977+0000] {spark_submit.py:490} INFO - 25/04/29 14:44:27 INFO DAGScheduler: running: Set()
[2025-04-29T14:44:27.977+0000] {spark_submit.py:490} INFO - 25/04/29 14:44:27 INFO DAGScheduler: waiting: Set()
[2025-04-29T14:44:27.977+0000] {spark_submit.py:490} INFO - 25/04/29 14:44:27 INFO DAGScheduler: failed: Set()
[2025-04-29T14:44:27.999+0000] {spark_submit.py:490} INFO - 25/04/29 14:44:27 INFO SparkContext: Starting job: count at NativeMethodAccessorImpl.java:0
[2025-04-29T14:44:28.000+0000] {spark_submit.py:490} INFO - 25/04/29 14:44:28 INFO DAGScheduler: Got job 3 (count at NativeMethodAccessorImpl.java:0) with 1 output partitions
[2025-04-29T14:44:28.001+0000] {spark_submit.py:490} INFO - 25/04/29 14:44:28 INFO DAGScheduler: Final stage: ResultStage 5 (count at NativeMethodAccessorImpl.java:0)
[2025-04-29T14:44:28.001+0000] {spark_submit.py:490} INFO - 25/04/29 14:44:28 INFO DAGScheduler: Parents of final stage: List(ShuffleMapStage 4)
[2025-04-29T14:44:28.002+0000] {spark_submit.py:490} INFO - 25/04/29 14:44:28 INFO DAGScheduler: Missing parents: List()
[2025-04-29T14:44:28.003+0000] {spark_submit.py:490} INFO - 25/04/29 14:44:28 INFO DAGScheduler: Submitting ResultStage 5 (MapPartitionsRDD[11] at count at NativeMethodAccessorImpl.java:0), which has no missing parents
[2025-04-29T14:44:28.006+0000] {spark_submit.py:490} INFO - 25/04/29 14:44:28 INFO MemoryStore: Block broadcast_3 stored as values in memory (estimated size 11.1 KiB, free 434.4 MiB)
[2025-04-29T14:44:28.008+0000] {spark_submit.py:490} INFO - 25/04/29 14:44:28 INFO MemoryStore: Block broadcast_3_piece0 stored as bytes in memory (estimated size 5.5 KiB, free 434.3 MiB)
[2025-04-29T14:44:28.008+0000] {spark_submit.py:490} INFO - 25/04/29 14:44:28 INFO BlockManagerInfo: Added broadcast_3_piece0 in memory on bd05f2cbfffd:35817 (size: 5.5 KiB, free: 434.4 MiB)
[2025-04-29T14:44:28.009+0000] {spark_submit.py:490} INFO - 25/04/29 14:44:28 INFO SparkContext: Created broadcast 3 from broadcast at DAGScheduler.scala:1513
[2025-04-29T14:44:28.010+0000] {spark_submit.py:490} INFO - 25/04/29 14:44:28 INFO DAGScheduler: Submitting 1 missing tasks from ResultStage 5 (MapPartitionsRDD[11] at count at NativeMethodAccessorImpl.java:0) (first 15 tasks are for partitions Vector(0))
[2025-04-29T14:44:28.010+0000] {spark_submit.py:490} INFO - 25/04/29 14:44:28 INFO TaskSchedulerImpl: Adding task set 5.0 with 1 tasks resource profile 0
[2025-04-29T14:44:28.012+0000] {spark_submit.py:490} INFO - 25/04/29 14:44:28 INFO TaskSetManager: Starting task 0.0 in stage 5.0 (TID 3) (172.18.0.5, executor 0, partition 0, NODE_LOCAL, 4457 bytes) taskResourceAssignments Map()
[2025-04-29T14:44:28.025+0000] {spark_submit.py:490} INFO - 25/04/29 14:44:28 INFO BlockManagerInfo: Added broadcast_3_piece0 in memory on 172.18.0.5:37021 (size: 5.5 KiB, free: 366.3 MiB)
[2025-04-29T14:44:28.034+0000] {spark_submit.py:490} INFO - 25/04/29 14:44:28 INFO MapOutputTrackerMasterEndpoint: Asked to send map output locations for shuffle 1 to 172.18.0.5:55728
[2025-04-29T14:44:28.049+0000] {spark_submit.py:490} INFO - 25/04/29 14:44:28 INFO TaskSetManager: Finished task 0.0 in stage 5.0 (TID 3) in 38 ms on 172.18.0.5 (executor 0) (1/1)
[2025-04-29T14:44:28.049+0000] {spark_submit.py:490} INFO - 25/04/29 14:44:28 INFO TaskSchedulerImpl: Removed TaskSet 5.0, whose tasks have all completed, from pool
[2025-04-29T14:44:28.050+0000] {spark_submit.py:490} INFO - 25/04/29 14:44:28 INFO DAGScheduler: ResultStage 5 (count at NativeMethodAccessorImpl.java:0) finished in 0.045 s
[2025-04-29T14:44:28.050+0000] {spark_submit.py:490} INFO - 25/04/29 14:44:28 INFO DAGScheduler: Job 3 is finished. Cancelling potential speculative or zombie tasks for this job
[2025-04-29T14:44:28.050+0000] {spark_submit.py:490} INFO - 25/04/29 14:44:28 INFO TaskSchedulerImpl: Killing all running tasks in stage 5: Stage finished
[2025-04-29T14:44:28.050+0000] {spark_submit.py:490} INFO - 25/04/29 14:44:28 INFO DAGScheduler: Job 3 finished: count at NativeMethodAccessorImpl.java:0, took 0.051527 s
[2025-04-29T14:44:28.052+0000] {spark_submit.py:490} INFO - INFO:__main__:Правило large_tx отработано, записей: 371
[2025-04-29T14:44:28.314+0000] {spark_submit.py:490} INFO - 25/04/29 14:44:28 INFO CodeGenerator: Code generated in 13.006574 ms
[2025-04-29T14:44:28.319+0000] {spark_submit.py:490} INFO - 25/04/29 14:44:28 INFO DAGScheduler: Registering RDD 14 (count at NativeMethodAccessorImpl.java:0) as input to shuffle 2
[2025-04-29T14:44:28.320+0000] {spark_submit.py:490} INFO - 25/04/29 14:44:28 INFO DAGScheduler: Got map stage job 4 (count at NativeMethodAccessorImpl.java:0) with 1 output partitions
[2025-04-29T14:44:28.320+0000] {spark_submit.py:490} INFO - 25/04/29 14:44:28 INFO DAGScheduler: Final stage: ShuffleMapStage 6 (count at NativeMethodAccessorImpl.java:0)
[2025-04-29T14:44:28.320+0000] {spark_submit.py:490} INFO - 25/04/29 14:44:28 INFO DAGScheduler: Parents of final stage: List()
[2025-04-29T14:44:28.320+0000] {spark_submit.py:490} INFO - 25/04/29 14:44:28 INFO DAGScheduler: Missing parents: List()
[2025-04-29T14:44:28.321+0000] {spark_submit.py:490} INFO - 25/04/29 14:44:28 INFO DAGScheduler: Submitting ShuffleMapStage 6 (MapPartitionsRDD[14] at count at NativeMethodAccessorImpl.java:0), which has no missing parents
[2025-04-29T14:44:28.329+0000] {spark_submit.py:490} INFO - 25/04/29 14:44:28 INFO MemoryStore: Block broadcast_4 stored as values in memory (estimated size 14.0 KiB, free 434.3 MiB)
[2025-04-29T14:44:28.331+0000] {spark_submit.py:490} INFO - 25/04/29 14:44:28 INFO MemoryStore: Block broadcast_4_piece0 stored as bytes in memory (estimated size 7.3 KiB, free 434.3 MiB)
[2025-04-29T14:44:28.332+0000] {spark_submit.py:490} INFO - 25/04/29 14:44:28 INFO BlockManagerInfo: Added broadcast_4_piece0 in memory on bd05f2cbfffd:35817 (size: 7.3 KiB, free: 434.4 MiB)
[2025-04-29T14:44:28.333+0000] {spark_submit.py:490} INFO - 25/04/29 14:44:28 INFO SparkContext: Created broadcast 4 from broadcast at DAGScheduler.scala:1513
[2025-04-29T14:44:28.333+0000] {spark_submit.py:490} INFO - 25/04/29 14:44:28 INFO DAGScheduler: Submitting 1 missing tasks from ShuffleMapStage 6 (MapPartitionsRDD[14] at count at NativeMethodAccessorImpl.java:0) (first 15 tasks are for partitions Vector(0))
[2025-04-29T14:44:28.334+0000] {spark_submit.py:490} INFO - 25/04/29 14:44:28 INFO TaskSchedulerImpl: Adding task set 6.0 with 1 tasks resource profile 0
[2025-04-29T14:44:28.335+0000] {spark_submit.py:490} INFO - 25/04/29 14:44:28 INFO TaskSetManager: Starting task 0.0 in stage 6.0 (TID 4) (172.18.0.5, executor 0, partition 0, PROCESS_LOCAL, 4292 bytes) taskResourceAssignments Map()
[2025-04-29T14:44:28.352+0000] {spark_submit.py:490} INFO - 25/04/29 14:44:28 INFO BlockManagerInfo: Added broadcast_4_piece0 in memory on 172.18.0.5:37021 (size: 7.3 KiB, free: 366.3 MiB)
[2025-04-29T14:44:28.808+0000] {spark_submit.py:490} INFO - 25/04/29 14:44:28 INFO TaskSetManager: Finished task 0.0 in stage 6.0 (TID 4) in 472 ms on 172.18.0.5 (executor 0) (1/1)
[2025-04-29T14:44:28.808+0000] {spark_submit.py:490} INFO - 25/04/29 14:44:28 INFO TaskSchedulerImpl: Removed TaskSet 6.0, whose tasks have all completed, from pool
[2025-04-29T14:44:28.809+0000] {spark_submit.py:490} INFO - 25/04/29 14:44:28 INFO DAGScheduler: ShuffleMapStage 6 (count at NativeMethodAccessorImpl.java:0) finished in 0.487 s
[2025-04-29T14:44:28.809+0000] {spark_submit.py:490} INFO - 25/04/29 14:44:28 INFO DAGScheduler: looking for newly runnable stages
[2025-04-29T14:44:28.809+0000] {spark_submit.py:490} INFO - 25/04/29 14:44:28 INFO DAGScheduler: running: Set()
[2025-04-29T14:44:28.809+0000] {spark_submit.py:490} INFO - 25/04/29 14:44:28 INFO DAGScheduler: waiting: Set()
[2025-04-29T14:44:28.809+0000] {spark_submit.py:490} INFO - 25/04/29 14:44:28 INFO DAGScheduler: failed: Set()
[2025-04-29T14:44:28.824+0000] {spark_submit.py:490} INFO - 25/04/29 14:44:28 INFO ShufflePartitionsUtil: For shuffle(2), advisory target size: 67108864, actual target size 1048576, minimum partition size: 1048576
[2025-04-29T14:44:28.854+0000] {spark_submit.py:490} INFO - 25/04/29 14:44:28 INFO CodeGenerator: Code generated in 8.082098 ms
[2025-04-29T14:44:28.871+0000] {spark_submit.py:490} INFO - 25/04/29 14:44:28 INFO CodeGenerator: Code generated in 11.034863 ms
[2025-04-29T14:44:28.920+0000] {spark_submit.py:490} INFO - 25/04/29 14:44:28 INFO DAGScheduler: Registering RDD 19 (count at NativeMethodAccessorImpl.java:0) as input to shuffle 3
[2025-04-29T14:44:28.920+0000] {spark_submit.py:490} INFO - 25/04/29 14:44:28 INFO DAGScheduler: Got map stage job 5 (count at NativeMethodAccessorImpl.java:0) with 1 output partitions
[2025-04-29T14:44:28.920+0000] {spark_submit.py:490} INFO - 25/04/29 14:44:28 INFO DAGScheduler: Final stage: ShuffleMapStage 8 (count at NativeMethodAccessorImpl.java:0)
[2025-04-29T14:44:28.920+0000] {spark_submit.py:490} INFO - 25/04/29 14:44:28 INFO DAGScheduler: Parents of final stage: List(ShuffleMapStage 7)
[2025-04-29T14:44:28.920+0000] {spark_submit.py:490} INFO - 25/04/29 14:44:28 INFO DAGScheduler: Missing parents: List()
[2025-04-29T14:44:28.921+0000] {spark_submit.py:490} INFO - 25/04/29 14:44:28 INFO DAGScheduler: Submitting ShuffleMapStage 8 (MapPartitionsRDD[19] at count at NativeMethodAccessorImpl.java:0), which has no missing parents
[2025-04-29T14:44:28.928+0000] {spark_submit.py:490} INFO - 25/04/29 14:44:28 INFO MemoryStore: Block broadcast_5 stored as values in memory (estimated size 34.6 KiB, free 434.3 MiB)
[2025-04-29T14:44:28.930+0000] {spark_submit.py:490} INFO - 25/04/29 14:44:28 INFO MemoryStore: Block broadcast_5_piece0 stored as bytes in memory (estimated size 16.6 KiB, free 434.3 MiB)
[2025-04-29T14:44:28.931+0000] {spark_submit.py:490} INFO - 25/04/29 14:44:28 INFO BlockManagerInfo: Added broadcast_5_piece0 in memory on bd05f2cbfffd:35817 (size: 16.6 KiB, free: 434.4 MiB)
[2025-04-29T14:44:28.932+0000] {spark_submit.py:490} INFO - 25/04/29 14:44:28 INFO SparkContext: Created broadcast 5 from broadcast at DAGScheduler.scala:1513
[2025-04-29T14:44:28.933+0000] {spark_submit.py:490} INFO - 25/04/29 14:44:28 INFO DAGScheduler: Submitting 1 missing tasks from ShuffleMapStage 8 (MapPartitionsRDD[19] at count at NativeMethodAccessorImpl.java:0) (first 15 tasks are for partitions Vector(0))
[2025-04-29T14:44:28.934+0000] {spark_submit.py:490} INFO - 25/04/29 14:44:28 INFO TaskSchedulerImpl: Adding task set 8.0 with 1 tasks resource profile 0
[2025-04-29T14:44:28.935+0000] {spark_submit.py:490} INFO - 25/04/29 14:44:28 INFO TaskSetManager: Starting task 0.0 in stage 8.0 (TID 5) (172.18.0.5, executor 0, partition 0, NODE_LOCAL, 4446 bytes) taskResourceAssignments Map()
[2025-04-29T14:44:28.950+0000] {spark_submit.py:490} INFO - 25/04/29 14:44:28 INFO BlockManagerInfo: Added broadcast_5_piece0 in memory on 172.18.0.5:37021 (size: 16.6 KiB, free: 366.3 MiB)
[2025-04-29T14:44:29.054+0000] {spark_submit.py:490} INFO - 25/04/29 14:44:29 INFO MapOutputTrackerMasterEndpoint: Asked to send map output locations for shuffle 2 to 172.18.0.5:55728
[2025-04-29T14:44:29.363+0000] {spark_submit.py:490} INFO - 25/04/29 14:44:29 INFO TaskSetManager: Finished task 0.0 in stage 8.0 (TID 5) in 428 ms on 172.18.0.5 (executor 0) (1/1)
[2025-04-29T14:44:29.363+0000] {spark_submit.py:490} INFO - 25/04/29 14:44:29 INFO TaskSchedulerImpl: Removed TaskSet 8.0, whose tasks have all completed, from pool
[2025-04-29T14:44:29.364+0000] {spark_submit.py:490} INFO - 25/04/29 14:44:29 INFO DAGScheduler: ShuffleMapStage 8 (count at NativeMethodAccessorImpl.java:0) finished in 0.438 s
[2025-04-29T14:44:29.364+0000] {spark_submit.py:490} INFO - 25/04/29 14:44:29 INFO DAGScheduler: looking for newly runnable stages
[2025-04-29T14:44:29.364+0000] {spark_submit.py:490} INFO - 25/04/29 14:44:29 INFO DAGScheduler: running: Set()
[2025-04-29T14:44:29.364+0000] {spark_submit.py:490} INFO - 25/04/29 14:44:29 INFO DAGScheduler: waiting: Set()
[2025-04-29T14:44:29.364+0000] {spark_submit.py:490} INFO - 25/04/29 14:44:29 INFO DAGScheduler: failed: Set()
[2025-04-29T14:44:29.381+0000] {spark_submit.py:490} INFO - 25/04/29 14:44:29 INFO CodeGenerator: Code generated in 7.23576 ms
[2025-04-29T14:44:29.393+0000] {spark_submit.py:490} INFO - 25/04/29 14:44:29 INFO SparkContext: Starting job: count at NativeMethodAccessorImpl.java:0
[2025-04-29T14:44:29.394+0000] {spark_submit.py:490} INFO - 25/04/29 14:44:29 INFO DAGScheduler: Got job 6 (count at NativeMethodAccessorImpl.java:0) with 1 output partitions
[2025-04-29T14:44:29.394+0000] {spark_submit.py:490} INFO - 25/04/29 14:44:29 INFO DAGScheduler: Final stage: ResultStage 11 (count at NativeMethodAccessorImpl.java:0)
[2025-04-29T14:44:29.394+0000] {spark_submit.py:490} INFO - 25/04/29 14:44:29 INFO DAGScheduler: Parents of final stage: List(ShuffleMapStage 10)
[2025-04-29T14:44:29.395+0000] {spark_submit.py:490} INFO - 25/04/29 14:44:29 INFO DAGScheduler: Missing parents: List()
[2025-04-29T14:44:29.395+0000] {spark_submit.py:490} INFO - 25/04/29 14:44:29 INFO DAGScheduler: Submitting ResultStage 11 (MapPartitionsRDD[22] at count at NativeMethodAccessorImpl.java:0), which has no missing parents
[2025-04-29T14:44:29.397+0000] {spark_submit.py:490} INFO - 25/04/29 14:44:29 INFO MemoryStore: Block broadcast_6 stored as values in memory (estimated size 11.1 KiB, free 434.3 MiB)
[2025-04-29T14:44:29.398+0000] {spark_submit.py:490} INFO - 25/04/29 14:44:29 INFO MemoryStore: Block broadcast_6_piece0 stored as bytes in memory (estimated size 5.5 KiB, free 434.3 MiB)
[2025-04-29T14:44:29.399+0000] {spark_submit.py:490} INFO - 25/04/29 14:44:29 INFO BlockManagerInfo: Added broadcast_6_piece0 in memory on bd05f2cbfffd:35817 (size: 5.5 KiB, free: 434.4 MiB)
[2025-04-29T14:44:29.399+0000] {spark_submit.py:490} INFO - 25/04/29 14:44:29 INFO SparkContext: Created broadcast 6 from broadcast at DAGScheduler.scala:1513
[2025-04-29T14:44:29.400+0000] {spark_submit.py:490} INFO - 25/04/29 14:44:29 INFO DAGScheduler: Submitting 1 missing tasks from ResultStage 11 (MapPartitionsRDD[22] at count at NativeMethodAccessorImpl.java:0) (first 15 tasks are for partitions Vector(0))
[2025-04-29T14:44:29.400+0000] {spark_submit.py:490} INFO - 25/04/29 14:44:29 INFO TaskSchedulerImpl: Adding task set 11.0 with 1 tasks resource profile 0
[2025-04-29T14:44:29.401+0000] {spark_submit.py:490} INFO - 25/04/29 14:44:29 INFO TaskSetManager: Starting task 0.0 in stage 11.0 (TID 6) (172.18.0.5, executor 0, partition 0, NODE_LOCAL, 4457 bytes) taskResourceAssignments Map()
[2025-04-29T14:44:29.412+0000] {spark_submit.py:490} INFO - 25/04/29 14:44:29 INFO BlockManagerInfo: Added broadcast_6_piece0 in memory on 172.18.0.5:37021 (size: 5.5 KiB, free: 366.3 MiB)
[2025-04-29T14:44:29.417+0000] {spark_submit.py:490} INFO - 25/04/29 14:44:29 INFO MapOutputTrackerMasterEndpoint: Asked to send map output locations for shuffle 3 to 172.18.0.5:55728
[2025-04-29T14:44:29.434+0000] {spark_submit.py:490} INFO - 25/04/29 14:44:29 INFO BlockManagerInfo: Removed broadcast_3_piece0 on bd05f2cbfffd:35817 in memory (size: 5.5 KiB, free: 434.4 MiB)
[2025-04-29T14:44:29.437+0000] {spark_submit.py:490} INFO - 25/04/29 14:44:29 INFO BlockManagerInfo: Removed broadcast_3_piece0 on 172.18.0.5:37021 in memory (size: 5.5 KiB, free: 366.3 MiB)
[2025-04-29T14:44:29.447+0000] {spark_submit.py:490} INFO - 25/04/29 14:44:29 INFO BlockManagerInfo: Removed broadcast_1_piece0 on bd05f2cbfffd:35817 in memory (size: 5.5 KiB, free: 434.4 MiB)
[2025-04-29T14:44:29.449+0000] {spark_submit.py:490} INFO - 25/04/29 14:44:29 INFO TaskSetManager: Finished task 0.0 in stage 11.0 (TID 6) in 48 ms on 172.18.0.5 (executor 0) (1/1)
[2025-04-29T14:44:29.449+0000] {spark_submit.py:490} INFO - 25/04/29 14:44:29 INFO TaskSchedulerImpl: Removed TaskSet 11.0, whose tasks have all completed, from pool
[2025-04-29T14:44:29.450+0000] {spark_submit.py:490} INFO - 25/04/29 14:44:29 INFO BlockManagerInfo: Removed broadcast_1_piece0 on 172.18.0.5:37021 in memory (size: 5.5 KiB, free: 366.3 MiB)
[2025-04-29T14:44:29.450+0000] {spark_submit.py:490} INFO - 25/04/29 14:44:29 INFO DAGScheduler: ResultStage 11 (count at NativeMethodAccessorImpl.java:0) finished in 0.054 s
[2025-04-29T14:44:29.451+0000] {spark_submit.py:490} INFO - 25/04/29 14:44:29 INFO DAGScheduler: Job 6 is finished. Cancelling potential speculative or zombie tasks for this job
[2025-04-29T14:44:29.452+0000] {spark_submit.py:490} INFO - 25/04/29 14:44:29 INFO TaskSchedulerImpl: Killing all running tasks in stage 11: Stage finished
[2025-04-29T14:44:29.452+0000] {spark_submit.py:490} INFO - 25/04/29 14:44:29 INFO DAGScheduler: Job 6 finished: count at NativeMethodAccessorImpl.java:0, took 0.059133 s
[2025-04-29T14:44:29.465+0000] {spark_submit.py:490} INFO - INFO:__main__:Правило freq_tx отработано, записей: 4
[2025-04-29T14:44:29.479+0000] {spark_submit.py:490} INFO - 25/04/29 14:44:29 INFO BlockManagerInfo: Removed broadcast_2_piece0 on bd05f2cbfffd:35817 in memory (size: 7.0 KiB, free: 434.4 MiB)
[2025-04-29T14:44:29.486+0000] {spark_submit.py:490} INFO - 25/04/29 14:44:29 INFO BlockManagerInfo: Removed broadcast_2_piece0 on 172.18.0.5:37021 in memory (size: 7.0 KiB, free: 366.3 MiB)
[2025-04-29T14:44:29.493+0000] {spark_submit.py:490} INFO - 25/04/29 14:44:29 INFO BlockManagerInfo: Removed broadcast_4_piece0 on bd05f2cbfffd:35817 in memory (size: 7.3 KiB, free: 434.4 MiB)
[2025-04-29T14:44:29.497+0000] {spark_submit.py:490} INFO - 25/04/29 14:44:29 INFO BlockManagerInfo: Removed broadcast_4_piece0 on 172.18.0.5:37021 in memory (size: 7.3 KiB, free: 366.3 MiB)
[2025-04-29T14:44:29.506+0000] {spark_submit.py:490} INFO - 25/04/29 14:44:29 INFO BlockManagerInfo: Removed broadcast_5_piece0 on bd05f2cbfffd:35817 in memory (size: 16.6 KiB, free: 434.4 MiB)
[2025-04-29T14:44:29.511+0000] {spark_submit.py:490} INFO - 25/04/29 14:44:29 INFO BlockManagerInfo: Removed broadcast_5_piece0 on 172.18.0.5:37021 in memory (size: 16.6 KiB, free: 366.3 MiB)
[2025-04-29T14:44:29.593+0000] {spark_submit.py:490} INFO - 25/04/29 14:44:29 INFO DAGScheduler: Registering RDD 26 (count at NativeMethodAccessorImpl.java:0) as input to shuffle 4
[2025-04-29T14:44:29.594+0000] {spark_submit.py:490} INFO - 25/04/29 14:44:29 INFO DAGScheduler: Got map stage job 7 (count at NativeMethodAccessorImpl.java:0) with 1 output partitions
[2025-04-29T14:44:29.594+0000] {spark_submit.py:490} INFO - 25/04/29 14:44:29 INFO DAGScheduler: Final stage: ShuffleMapStage 12 (count at NativeMethodAccessorImpl.java:0)
[2025-04-29T14:44:29.595+0000] {spark_submit.py:490} INFO - 25/04/29 14:44:29 INFO DAGScheduler: Parents of final stage: List()
[2025-04-29T14:44:29.595+0000] {spark_submit.py:490} INFO - 25/04/29 14:44:29 INFO DAGScheduler: Missing parents: List()
[2025-04-29T14:44:29.595+0000] {spark_submit.py:490} INFO - 25/04/29 14:44:29 INFO DAGScheduler: Submitting ShuffleMapStage 12 (MapPartitionsRDD[26] at count at NativeMethodAccessorImpl.java:0), which has no missing parents
[2025-04-29T14:44:29.598+0000] {spark_submit.py:490} INFO - 25/04/29 14:44:29 INFO MemoryStore: Block broadcast_7 stored as values in memory (estimated size 14.1 KiB, free 434.4 MiB)
[2025-04-29T14:44:29.599+0000] {spark_submit.py:490} INFO - 25/04/29 14:44:29 INFO MemoryStore: Block broadcast_7_piece0 stored as bytes in memory (estimated size 7.3 KiB, free 434.4 MiB)
[2025-04-29T14:44:29.600+0000] {spark_submit.py:490} INFO - 25/04/29 14:44:29 INFO BlockManagerInfo: Added broadcast_7_piece0 in memory on bd05f2cbfffd:35817 (size: 7.3 KiB, free: 434.4 MiB)
[2025-04-29T14:44:29.600+0000] {spark_submit.py:490} INFO - 25/04/29 14:44:29 INFO SparkContext: Created broadcast 7 from broadcast at DAGScheduler.scala:1513
[2025-04-29T14:44:29.601+0000] {spark_submit.py:490} INFO - 25/04/29 14:44:29 INFO DAGScheduler: Submitting 1 missing tasks from ShuffleMapStage 12 (MapPartitionsRDD[26] at count at NativeMethodAccessorImpl.java:0) (first 15 tasks are for partitions Vector(0))
[2025-04-29T14:44:29.601+0000] {spark_submit.py:490} INFO - 25/04/29 14:44:29 INFO TaskSchedulerImpl: Adding task set 12.0 with 1 tasks resource profile 0
[2025-04-29T14:44:29.602+0000] {spark_submit.py:490} INFO - 25/04/29 14:44:29 INFO TaskSetManager: Starting task 0.0 in stage 12.0 (TID 7) (172.18.0.5, executor 0, partition 0, PROCESS_LOCAL, 4292 bytes) taskResourceAssignments Map()
[2025-04-29T14:44:29.612+0000] {spark_submit.py:490} INFO - 25/04/29 14:44:29 INFO BlockManagerInfo: Added broadcast_7_piece0 in memory on 172.18.0.5:37021 (size: 7.3 KiB, free: 366.3 MiB)
[2025-04-29T14:44:29.675+0000] {spark_submit.py:490} INFO - 25/04/29 14:44:29 INFO TaskSetManager: Finished task 0.0 in stage 12.0 (TID 7) in 73 ms on 172.18.0.5 (executor 0) (1/1)
[2025-04-29T14:44:29.675+0000] {spark_submit.py:490} INFO - 25/04/29 14:44:29 INFO TaskSchedulerImpl: Removed TaskSet 12.0, whose tasks have all completed, from pool
[2025-04-29T14:44:29.676+0000] {spark_submit.py:490} INFO - 25/04/29 14:44:29 INFO DAGScheduler: ShuffleMapStage 12 (count at NativeMethodAccessorImpl.java:0) finished in 0.080 s
[2025-04-29T14:44:29.677+0000] {spark_submit.py:490} INFO - 25/04/29 14:44:29 INFO DAGScheduler: looking for newly runnable stages
[2025-04-29T14:44:29.677+0000] {spark_submit.py:490} INFO - 25/04/29 14:44:29 INFO DAGScheduler: running: Set()
[2025-04-29T14:44:29.677+0000] {spark_submit.py:490} INFO - 25/04/29 14:44:29 INFO DAGScheduler: waiting: Set()
[2025-04-29T14:44:29.677+0000] {spark_submit.py:490} INFO - 25/04/29 14:44:29 INFO DAGScheduler: failed: Set()
[2025-04-29T14:44:29.690+0000] {spark_submit.py:490} INFO - 25/04/29 14:44:29 INFO ShufflePartitionsUtil: For shuffle(4), advisory target size: 67108864, actual target size 1048576, minimum partition size: 1048576
[2025-04-29T14:44:29.713+0000] {spark_submit.py:490} INFO - 25/04/29 14:44:29 INFO CodeGenerator: Code generated in 9.253376 ms
[2025-04-29T14:44:29.720+0000] {spark_submit.py:490} INFO - 25/04/29 14:44:29 INFO CodeGenerator: Code generated in 5.700135 ms
[2025-04-29T14:44:29.730+0000] {spark_submit.py:490} INFO - 25/04/29 14:44:29 INFO CodeGenerator: Code generated in 4.522685 ms
[2025-04-29T14:44:29.739+0000] {spark_submit.py:490} INFO - 25/04/29 14:44:29 INFO CodeGenerator: Code generated in 7.237917 ms
[2025-04-29T14:44:29.756+0000] {spark_submit.py:490} INFO - 25/04/29 14:44:29 INFO DAGScheduler: Registering RDD 35 (count at NativeMethodAccessorImpl.java:0) as input to shuffle 5
[2025-04-29T14:44:29.756+0000] {spark_submit.py:490} INFO - 25/04/29 14:44:29 INFO DAGScheduler: Got map stage job 8 (count at NativeMethodAccessorImpl.java:0) with 2 output partitions
[2025-04-29T14:44:29.756+0000] {spark_submit.py:490} INFO - 25/04/29 14:44:29 INFO DAGScheduler: Final stage: ShuffleMapStage 14 (count at NativeMethodAccessorImpl.java:0)
[2025-04-29T14:44:29.756+0000] {spark_submit.py:490} INFO - 25/04/29 14:44:29 INFO DAGScheduler: Parents of final stage: List(ShuffleMapStage 13)
[2025-04-29T14:44:29.756+0000] {spark_submit.py:490} INFO - 25/04/29 14:44:29 INFO DAGScheduler: Missing parents: List()
[2025-04-29T14:44:29.757+0000] {spark_submit.py:490} INFO - 25/04/29 14:44:29 INFO DAGScheduler: Submitting ShuffleMapStage 14 (MapPartitionsRDD[35] at count at NativeMethodAccessorImpl.java:0), which has no missing parents
[2025-04-29T14:44:29.766+0000] {spark_submit.py:490} INFO - 25/04/29 14:44:29 INFO MemoryStore: Block broadcast_8 stored as values in memory (estimated size 38.6 KiB, free 434.3 MiB)
[2025-04-29T14:44:29.767+0000] {spark_submit.py:490} INFO - 25/04/29 14:44:29 INFO MemoryStore: Block broadcast_8_piece0 stored as bytes in memory (estimated size 17.8 KiB, free 434.3 MiB)
[2025-04-29T14:44:29.767+0000] {spark_submit.py:490} INFO - 25/04/29 14:44:29 INFO BlockManagerInfo: Added broadcast_8_piece0 in memory on bd05f2cbfffd:35817 (size: 17.8 KiB, free: 434.4 MiB)
[2025-04-29T14:44:29.768+0000] {spark_submit.py:490} INFO - 25/04/29 14:44:29 INFO SparkContext: Created broadcast 8 from broadcast at DAGScheduler.scala:1513
[2025-04-29T14:44:29.768+0000] {spark_submit.py:490} INFO - 25/04/29 14:44:29 INFO DAGScheduler: Submitting 2 missing tasks from ShuffleMapStage 14 (MapPartitionsRDD[35] at count at NativeMethodAccessorImpl.java:0) (first 15 tasks are for partitions Vector(0, 1))
[2025-04-29T14:44:29.768+0000] {spark_submit.py:490} INFO - 25/04/29 14:44:29 INFO TaskSchedulerImpl: Adding task set 14.0 with 2 tasks resource profile 0
[2025-04-29T14:44:29.771+0000] {spark_submit.py:490} INFO - 25/04/29 14:44:29 INFO TaskSetManager: Starting task 1.0 in stage 14.0 (TID 8) (172.18.0.5, executor 0, partition 1, NODE_LOCAL, 4555 bytes) taskResourceAssignments Map()
[2025-04-29T14:44:29.782+0000] {spark_submit.py:490} INFO - 25/04/29 14:44:29 INFO BlockManagerInfo: Added broadcast_8_piece0 in memory on 172.18.0.5:37021 (size: 17.8 KiB, free: 366.3 MiB)
[2025-04-29T14:44:29.795+0000] {spark_submit.py:490} INFO - 25/04/29 14:44:29 INFO MapOutputTrackerMasterEndpoint: Asked to send map output locations for shuffle 4 to 172.18.0.5:55728
[2025-04-29T14:44:29.860+0000] {spark_submit.py:490} INFO - 25/04/29 14:44:29 INFO TaskSetManager: Starting task 0.0 in stage 14.0 (TID 9) (172.18.0.5, executor 0, partition 0, PROCESS_LOCAL, 4401 bytes) taskResourceAssignments Map()
[2025-04-29T14:44:29.860+0000] {spark_submit.py:490} INFO - 25/04/29 14:44:29 INFO TaskSetManager: Finished task 1.0 in stage 14.0 (TID 8) in 90 ms on 172.18.0.5 (executor 0) (1/2)
[2025-04-29T14:44:29.901+0000] {spark_submit.py:490} INFO - 25/04/29 14:44:29 INFO TaskSetManager: Finished task 0.0 in stage 14.0 (TID 9) in 42 ms on 172.18.0.5 (executor 0) (2/2)
[2025-04-29T14:44:29.901+0000] {spark_submit.py:490} INFO - 25/04/29 14:44:29 INFO TaskSchedulerImpl: Removed TaskSet 14.0, whose tasks have all completed, from pool
[2025-04-29T14:44:29.903+0000] {spark_submit.py:490} INFO - 25/04/29 14:44:29 INFO DAGScheduler: ShuffleMapStage 14 (count at NativeMethodAccessorImpl.java:0) finished in 0.141 s
[2025-04-29T14:44:29.904+0000] {spark_submit.py:490} INFO - 25/04/29 14:44:29 INFO DAGScheduler: looking for newly runnable stages
[2025-04-29T14:44:29.904+0000] {spark_submit.py:490} INFO - 25/04/29 14:44:29 INFO DAGScheduler: running: Set()
[2025-04-29T14:44:29.904+0000] {spark_submit.py:490} INFO - 25/04/29 14:44:29 INFO DAGScheduler: waiting: Set()
[2025-04-29T14:44:29.904+0000] {spark_submit.py:490} INFO - 25/04/29 14:44:29 INFO DAGScheduler: failed: Set()
[2025-04-29T14:44:29.924+0000] {spark_submit.py:490} INFO - 25/04/29 14:44:29 INFO CodeGenerator: Code generated in 9.504857 ms
[2025-04-29T14:44:29.934+0000] {spark_submit.py:490} INFO - 25/04/29 14:44:29 INFO SparkContext: Starting job: count at NativeMethodAccessorImpl.java:0
[2025-04-29T14:44:29.935+0000] {spark_submit.py:490} INFO - 25/04/29 14:44:29 INFO DAGScheduler: Got job 9 (count at NativeMethodAccessorImpl.java:0) with 1 output partitions
[2025-04-29T14:44:29.936+0000] {spark_submit.py:490} INFO - 25/04/29 14:44:29 INFO DAGScheduler: Final stage: ResultStage 17 (count at NativeMethodAccessorImpl.java:0)
[2025-04-29T14:44:29.936+0000] {spark_submit.py:490} INFO - 25/04/29 14:44:29 INFO DAGScheduler: Parents of final stage: List(ShuffleMapStage 16)
[2025-04-29T14:44:29.936+0000] {spark_submit.py:490} INFO - 25/04/29 14:44:29 INFO DAGScheduler: Missing parents: List()
[2025-04-29T14:44:29.936+0000] {spark_submit.py:490} INFO - 25/04/29 14:44:29 INFO DAGScheduler: Submitting ResultStage 17 (MapPartitionsRDD[38] at count at NativeMethodAccessorImpl.java:0), which has no missing parents
[2025-04-29T14:44:29.939+0000] {spark_submit.py:490} INFO - 25/04/29 14:44:29 INFO MemoryStore: Block broadcast_9 stored as values in memory (estimated size 11.1 KiB, free 434.3 MiB)
[2025-04-29T14:44:29.940+0000] {spark_submit.py:490} INFO - 25/04/29 14:44:29 INFO MemoryStore: Block broadcast_9_piece0 stored as bytes in memory (estimated size 5.5 KiB, free 434.3 MiB)
[2025-04-29T14:44:29.941+0000] {spark_submit.py:490} INFO - 25/04/29 14:44:29 INFO BlockManagerInfo: Added broadcast_9_piece0 in memory on bd05f2cbfffd:35817 (size: 5.5 KiB, free: 434.4 MiB)
[2025-04-29T14:44:29.941+0000] {spark_submit.py:490} INFO - 25/04/29 14:44:29 INFO SparkContext: Created broadcast 9 from broadcast at DAGScheduler.scala:1513
[2025-04-29T14:44:29.942+0000] {spark_submit.py:490} INFO - 25/04/29 14:44:29 INFO DAGScheduler: Submitting 1 missing tasks from ResultStage 17 (MapPartitionsRDD[38] at count at NativeMethodAccessorImpl.java:0) (first 15 tasks are for partitions Vector(0))
[2025-04-29T14:44:29.942+0000] {spark_submit.py:490} INFO - 25/04/29 14:44:29 INFO TaskSchedulerImpl: Adding task set 17.0 with 1 tasks resource profile 0
[2025-04-29T14:44:29.943+0000] {spark_submit.py:490} INFO - 25/04/29 14:44:29 INFO TaskSetManager: Starting task 0.0 in stage 17.0 (TID 10) (172.18.0.5, executor 0, partition 0, NODE_LOCAL, 4457 bytes) taskResourceAssignments Map()
[2025-04-29T14:44:29.957+0000] {spark_submit.py:490} INFO - 25/04/29 14:44:29 INFO BlockManagerInfo: Added broadcast_9_piece0 in memory on 172.18.0.5:37021 (size: 5.5 KiB, free: 366.3 MiB)
[2025-04-29T14:44:29.963+0000] {spark_submit.py:490} INFO - 25/04/29 14:44:29 INFO MapOutputTrackerMasterEndpoint: Asked to send map output locations for shuffle 5 to 172.18.0.5:55728
[2025-04-29T14:44:29.981+0000] {spark_submit.py:490} INFO - 25/04/29 14:44:29 INFO TaskSetManager: Finished task 0.0 in stage 17.0 (TID 10) in 38 ms on 172.18.0.5 (executor 0) (1/1)
[2025-04-29T14:44:29.982+0000] {spark_submit.py:490} INFO - 25/04/29 14:44:29 INFO TaskSchedulerImpl: Removed TaskSet 17.0, whose tasks have all completed, from pool
[2025-04-29T14:44:29.983+0000] {spark_submit.py:490} INFO - 25/04/29 14:44:29 INFO DAGScheduler: ResultStage 17 (count at NativeMethodAccessorImpl.java:0) finished in 0.045 s
[2025-04-29T14:44:29.983+0000] {spark_submit.py:490} INFO - 25/04/29 14:44:29 INFO DAGScheduler: Job 9 is finished. Cancelling potential speculative or zombie tasks for this job
[2025-04-29T14:44:29.983+0000] {spark_submit.py:490} INFO - 25/04/29 14:44:29 INFO TaskSchedulerImpl: Killing all running tasks in stage 17: Stage finished
[2025-04-29T14:44:29.984+0000] {spark_submit.py:490} INFO - 25/04/29 14:44:29 INFO DAGScheduler: Job 9 finished: count at NativeMethodAccessorImpl.java:0, took 0.048633 s
[2025-04-29T14:44:29.985+0000] {spark_submit.py:490} INFO - INFO:__main__:Объединение результатов выполнено, итого записей: 375
[2025-04-29T14:44:30.123+0000] {spark_submit.py:490} INFO - 25/04/29 14:44:30 INFO CodeGenerator: Code generated in 8.761928 ms
[2025-04-29T14:44:30.127+0000] {spark_submit.py:490} INFO - 25/04/29 14:44:30 INFO DAGScheduler: Registering RDD 42 (jdbc at NativeMethodAccessorImpl.java:0) as input to shuffle 6
[2025-04-29T14:44:30.127+0000] {spark_submit.py:490} INFO - 25/04/29 14:44:30 INFO DAGScheduler: Got map stage job 10 (jdbc at NativeMethodAccessorImpl.java:0) with 1 output partitions
[2025-04-29T14:44:30.127+0000] {spark_submit.py:490} INFO - 25/04/29 14:44:30 INFO DAGScheduler: Final stage: ShuffleMapStage 18 (jdbc at NativeMethodAccessorImpl.java:0)
[2025-04-29T14:44:30.127+0000] {spark_submit.py:490} INFO - 25/04/29 14:44:30 INFO DAGScheduler: Parents of final stage: List()
[2025-04-29T14:44:30.127+0000] {spark_submit.py:490} INFO - 25/04/29 14:44:30 INFO DAGScheduler: Missing parents: List()
[2025-04-29T14:44:30.128+0000] {spark_submit.py:490} INFO - 25/04/29 14:44:30 INFO DAGScheduler: Submitting ShuffleMapStage 18 (MapPartitionsRDD[42] at jdbc at NativeMethodAccessorImpl.java:0), which has no missing parents
[2025-04-29T14:44:30.134+0000] {spark_submit.py:490} INFO - 25/04/29 14:44:30 INFO MemoryStore: Block broadcast_10 stored as values in memory (estimated size 16.3 KiB, free 434.3 MiB)
[2025-04-29T14:44:30.135+0000] {spark_submit.py:490} INFO - 25/04/29 14:44:30 INFO MemoryStore: Block broadcast_10_piece0 stored as bytes in memory (estimated size 7.9 KiB, free 434.3 MiB)
[2025-04-29T14:44:30.136+0000] {spark_submit.py:490} INFO - 25/04/29 14:44:30 INFO BlockManagerInfo: Added broadcast_10_piece0 in memory on bd05f2cbfffd:35817 (size: 7.9 KiB, free: 434.4 MiB)
[2025-04-29T14:44:30.137+0000] {spark_submit.py:490} INFO - 25/04/29 14:44:30 INFO SparkContext: Created broadcast 10 from broadcast at DAGScheduler.scala:1513
[2025-04-29T14:44:30.137+0000] {spark_submit.py:490} INFO - 25/04/29 14:44:30 INFO DAGScheduler: Submitting 1 missing tasks from ShuffleMapStage 18 (MapPartitionsRDD[42] at jdbc at NativeMethodAccessorImpl.java:0) (first 15 tasks are for partitions Vector(0))
[2025-04-29T14:44:30.137+0000] {spark_submit.py:490} INFO - 25/04/29 14:44:30 INFO TaskSchedulerImpl: Adding task set 18.0 with 1 tasks resource profile 0
[2025-04-29T14:44:30.139+0000] {spark_submit.py:490} INFO - 25/04/29 14:44:30 INFO TaskSetManager: Starting task 0.0 in stage 18.0 (TID 11) (172.18.0.5, executor 0, partition 0, PROCESS_LOCAL, 4292 bytes) taskResourceAssignments Map()
[2025-04-29T14:44:30.151+0000] {spark_submit.py:490} INFO - 25/04/29 14:44:30 INFO BlockManagerInfo: Added broadcast_10_piece0 in memory on 172.18.0.5:37021 (size: 7.9 KiB, free: 366.3 MiB)
[2025-04-29T14:44:30.266+0000] {spark_submit.py:490} INFO - 25/04/29 14:44:30 INFO TaskSetManager: Finished task 0.0 in stage 18.0 (TID 11) in 128 ms on 172.18.0.5 (executor 0) (1/1)
[2025-04-29T14:44:30.267+0000] {spark_submit.py:490} INFO - 25/04/29 14:44:30 INFO TaskSchedulerImpl: Removed TaskSet 18.0, whose tasks have all completed, from pool
[2025-04-29T14:44:30.267+0000] {spark_submit.py:490} INFO - 25/04/29 14:44:30 INFO DAGScheduler: ShuffleMapStage 18 (jdbc at NativeMethodAccessorImpl.java:0) finished in 0.138 s
[2025-04-29T14:44:30.267+0000] {spark_submit.py:490} INFO - 25/04/29 14:44:30 INFO DAGScheduler: looking for newly runnable stages
[2025-04-29T14:44:30.267+0000] {spark_submit.py:490} INFO - 25/04/29 14:44:30 INFO DAGScheduler: running: Set()
[2025-04-29T14:44:30.267+0000] {spark_submit.py:490} INFO - 25/04/29 14:44:30 INFO DAGScheduler: waiting: Set()
[2025-04-29T14:44:30.267+0000] {spark_submit.py:490} INFO - 25/04/29 14:44:30 INFO DAGScheduler: failed: Set()
[2025-04-29T14:44:30.278+0000] {spark_submit.py:490} INFO - 25/04/29 14:44:30 INFO ShufflePartitionsUtil: For shuffle(6), advisory target size: 67108864, actual target size 1048576, minimum partition size: 1048576
[2025-04-29T14:44:30.298+0000] {spark_submit.py:490} INFO - 25/04/29 14:44:30 INFO CodeGenerator: Code generated in 11.50849 ms
[2025-04-29T14:44:30.322+0000] {spark_submit.py:490} INFO - 25/04/29 14:44:30 INFO CodeGenerator: Code generated in 14.195193 ms
[2025-04-29T14:44:30.381+0000] {spark_submit.py:490} INFO - 25/04/29 14:44:30 INFO SparkContext: Starting job: jdbc at NativeMethodAccessorImpl.java:0
[2025-04-29T14:44:30.382+0000] {spark_submit.py:490} INFO - 25/04/29 14:44:30 INFO DAGScheduler: Got job 11 (jdbc at NativeMethodAccessorImpl.java:0) with 2 output partitions
[2025-04-29T14:44:30.382+0000] {spark_submit.py:490} INFO - 25/04/29 14:44:30 INFO DAGScheduler: Final stage: ResultStage 20 (jdbc at NativeMethodAccessorImpl.java:0)
[2025-04-29T14:44:30.382+0000] {spark_submit.py:490} INFO - 25/04/29 14:44:30 INFO DAGScheduler: Parents of final stage: List(ShuffleMapStage 19)
[2025-04-29T14:44:30.383+0000] {spark_submit.py:490} INFO - 25/04/29 14:44:30 INFO DAGScheduler: Missing parents: List()
[2025-04-29T14:44:30.384+0000] {spark_submit.py:490} INFO - 25/04/29 14:44:30 INFO DAGScheduler: Submitting ResultStage 20 (MapPartitionsRDD[52] at jdbc at NativeMethodAccessorImpl.java:0), which has no missing parents
[2025-04-29T14:44:30.407+0000] {spark_submit.py:490} INFO - 25/04/29 14:44:30 INFO MemoryStore: Block broadcast_11 stored as values in memory (estimated size 58.9 KiB, free 434.2 MiB)
[2025-04-29T14:44:30.409+0000] {spark_submit.py:490} INFO - 25/04/29 14:44:30 INFO MemoryStore: Block broadcast_11_piece0 stored as bytes in memory (estimated size 23.9 KiB, free 434.2 MiB)
[2025-04-29T14:44:30.410+0000] {spark_submit.py:490} INFO - 25/04/29 14:44:30 INFO BlockManagerInfo: Added broadcast_11_piece0 in memory on bd05f2cbfffd:35817 (size: 23.9 KiB, free: 434.3 MiB)
[2025-04-29T14:44:30.411+0000] {spark_submit.py:490} INFO - 25/04/29 14:44:30 INFO SparkContext: Created broadcast 11 from broadcast at DAGScheduler.scala:1513
[2025-04-29T14:44:30.412+0000] {spark_submit.py:490} INFO - 25/04/29 14:44:30 INFO DAGScheduler: Submitting 2 missing tasks from ResultStage 20 (MapPartitionsRDD[52] at jdbc at NativeMethodAccessorImpl.java:0) (first 15 tasks are for partitions Vector(0, 1))
[2025-04-29T14:44:30.413+0000] {spark_submit.py:490} INFO - 25/04/29 14:44:30 INFO TaskSchedulerImpl: Adding task set 20.0 with 2 tasks resource profile 0
[2025-04-29T14:44:30.415+0000] {spark_submit.py:490} INFO - 25/04/29 14:44:30 INFO TaskSetManager: Starting task 1.0 in stage 20.0 (TID 12) (172.18.0.5, executor 0, partition 1, NODE_LOCAL, 4566 bytes) taskResourceAssignments Map()
[2025-04-29T14:44:30.426+0000] {spark_submit.py:490} INFO - 25/04/29 14:44:30 INFO BlockManagerInfo: Added broadcast_11_piece0 in memory on 172.18.0.5:37021 (size: 23.9 KiB, free: 366.2 MiB)
[2025-04-29T14:44:30.560+0000] {spark_submit.py:490} INFO - 25/04/29 14:44:30 INFO MapOutputTrackerMasterEndpoint: Asked to send map output locations for shuffle 6 to 172.18.0.5:55728
[2025-04-29T14:44:31.526+0000] {spark_submit.py:490} INFO - 25/04/29 14:44:31 INFO TaskSetManager: Starting task 0.0 in stage 20.0 (TID 13) (172.18.0.5, executor 0, partition 0, PROCESS_LOCAL, 4412 bytes) taskResourceAssignments Map()
[2025-04-29T14:44:31.529+0000] {spark_submit.py:490} INFO - 25/04/29 14:44:31 INFO TaskSetManager: Finished task 1.0 in stage 20.0 (TID 12) in 1114 ms on 172.18.0.5 (executor 0) (1/2)
[2025-04-29T14:44:31.609+0000] {spark_submit.py:490} INFO - 25/04/29 14:44:31 INFO TaskSetManager: Finished task 0.0 in stage 20.0 (TID 13) in 83 ms on 172.18.0.5 (executor 0) (2/2)
[2025-04-29T14:44:31.609+0000] {spark_submit.py:490} INFO - 25/04/29 14:44:31 INFO TaskSchedulerImpl: Removed TaskSet 20.0, whose tasks have all completed, from pool
[2025-04-29T14:44:31.609+0000] {spark_submit.py:490} INFO - 25/04/29 14:44:31 INFO DAGScheduler: ResultStage 20 (jdbc at NativeMethodAccessorImpl.java:0) finished in 1.222 s
[2025-04-29T14:44:31.609+0000] {spark_submit.py:490} INFO - 25/04/29 14:44:31 INFO DAGScheduler: Job 11 is finished. Cancelling potential speculative or zombie tasks for this job
[2025-04-29T14:44:31.609+0000] {spark_submit.py:490} INFO - 25/04/29 14:44:31 INFO TaskSchedulerImpl: Killing all running tasks in stage 20: Stage finished
[2025-04-29T14:44:31.610+0000] {spark_submit.py:490} INFO - 25/04/29 14:44:31 INFO DAGScheduler: Job 11 finished: jdbc at NativeMethodAccessorImpl.java:0, took 1.228950 s
[2025-04-29T14:44:31.625+0000] {spark_submit.py:490} INFO - INFO:__main__:Запись в mart.suspicious_transactions завершена
[2025-04-29T14:44:31.646+0000] {spark_submit.py:490} INFO - 25/04/29 14:44:31 WARN ClickHouseDriver: ******************************************************************************************
[2025-04-29T14:44:31.647+0000] {spark_submit.py:490} INFO - 25/04/29 14:44:31 WARN ClickHouseDriver: * This driver is DEPRECATED. Please use [com.clickhouse.jdbc.ClickHouseDriver] instead.  *
[2025-04-29T14:44:31.647+0000] {spark_submit.py:490} INFO - 25/04/29 14:44:31 WARN ClickHouseDriver: * Also everything in package [ru.yandex.clickhouse] will be removed starting from 0.4.0. *
[2025-04-29T14:44:31.647+0000] {spark_submit.py:490} INFO - 25/04/29 14:44:31 WARN ClickHouseDriver: ******************************************************************************************
[2025-04-29T14:44:31.809+0000] {spark_submit.py:490} INFO - 25/04/29 14:44:31 INFO BlockManagerInfo: Removed broadcast_6_piece0 on bd05f2cbfffd:35817 in memory (size: 5.5 KiB, free: 434.3 MiB)
[2025-04-29T14:44:31.810+0000] {spark_submit.py:490} INFO - Traceback (most recent call last):
[2025-04-29T14:44:31.810+0000] {spark_submit.py:490} INFO - File "/opt/airflow/spark/detect_suspicious.py", line 100, in <module>
[2025-04-29T14:44:31.810+0000] {spark_submit.py:490} INFO - .mode("append")
[2025-04-29T14:44:31.811+0000] {spark_submit.py:490} INFO - File "/opt/spark/python/lib/pyspark.zip/pyspark/sql/readwriter.py", line 966, in save
[2025-04-29T14:44:31.811+0000] {spark_submit.py:490} INFO - File "/opt/spark/python/lib/py4j-0.10.9.5-src.zip/py4j/java_gateway.py", line 1322, in __call__
[2025-04-29T14:44:31.811+0000] {spark_submit.py:490} INFO - File "/opt/spark/python/lib/pyspark.zip/pyspark/sql/utils.py", line 190, in deco
[2025-04-29T14:44:31.811+0000] {spark_submit.py:490} INFO - File "/opt/spark/python/lib/py4j-0.10.9.5-src.zip/py4j/protocol.py", line 328, in get_return_value
[2025-04-29T14:44:31.811+0000] {spark_submit.py:490} INFO - py4j.protocol.Py4JJavaError25/04/29 14:44:31 INFO BlockManagerInfo: Removed broadcast_6_piece0 on 172.18.0.5:37021 in memory (size: 5.5 KiB, free: 366.2 MiB)
[2025-04-29T14:44:31.812+0000] {spark_submit.py:490} INFO - : An error occurred while calling o82.save.
[2025-04-29T14:44:31.812+0000] {spark_submit.py:490} INFO - : ru.yandex.clickhouse.except.ClickHouseException: ClickHouse exception, code: 81, host: clickhouse, port: 8123; Code: 81. DB::Exception: Database finbest doesn't exist. (UNKNOWN_DATABASE) (version 22.3.20.29 (official build))
[2025-04-29T14:44:31.812+0000] {spark_submit.py:490} INFO - 
[2025-04-29T14:44:31.812+0000] {spark_submit.py:490} INFO - at ru.yandex.clickhouse.except.ClickHouseExceptionSpecifier.specify(ClickHouseExceptionSpecifier.java:60)
[2025-04-29T14:44:31.812+0000] {spark_submit.py:490} INFO - at ru.yandex.clickhouse.except.ClickHouseExceptionSpecifier.specify(ClickHouseExceptionSpecifier.java:30)
[2025-04-29T14:44:31.812+0000] {spark_submit.py:490} INFO - at ru.yandex.clickhouse.ClickHouseStatementImpl.checkForErrorAndThrow(ClickHouseStatementImpl.java:1083)
[2025-04-29T14:44:31.813+0000] {spark_submit.py:490} INFO - at ru.yandex.clickhouse.ClickHouseStatementImpl.getInputStream(ClickHouseStatementImpl.java:770)
[2025-04-29T14:44:31.813+0000] {spark_submit.py:490} INFO - at ru.yandex.clickhouse.ClickHouseStatementImpl.getLastInputStream(ClickHouseStatementImpl.java:693)
[2025-04-29T14:44:31.813+0000] {spark_submit.py:490} INFO - at ru.yandex.clickhouse.ClickHouseStatementImpl.executeQuery(ClickHouseStatementImpl.java:341)
[2025-04-29T14:44:31.813+0000] {spark_submit.py:490} INFO - at ru.yandex.clickhouse.ClickHouseStatementImpl.executeQuery(ClickHouseStatementImpl.java:326)
[2025-04-29T14:44:31.813+0000] {spark_submit.py:490} INFO - at ru.yandex.clickhouse.ClickHouseStatementImpl.executeQuery(ClickHouseStatementImpl.java:320)
[2025-04-29T14:44:31.813+0000] {spark_submit.py:490} INFO - at ru.yandex.clickhouse.ClickHouseStatementImpl.executeQuery(ClickHouseStatementImpl.java:314)
[2025-04-29T14:44:31.813+0000] {spark_submit.py:490} INFO - at ru.yandex.clickhouse.ClickHouseConnectionImpl.initConnection(ClickHouseConnectionImpl.java:95)
[2025-04-29T14:44:31.814+0000] {spark_submit.py:490} INFO - at ru.yandex.clickhouse.ClickHouseConnectionImpl.<init>(ClickHouseConnectionImpl.java:79)
[2025-04-29T14:44:31.814+0000] {spark_submit.py:490} INFO - at ru.yandex.clickhouse.ClickHouseDriver.connect(ClickHouseDriver.java:65)
[2025-04-29T14:44:31.814+0000] {spark_submit.py:490} INFO - at ru.yandex.clickhouse.ClickHouseDriver.connect(ClickHouseDriver.java:57)
[2025-04-29T14:44:31.814+0000] {spark_submit.py:490} INFO - at ru.yandex.clickhouse.ClickHouseDriver.connect(ClickHouseDriver.java:36)
[2025-04-29T14:44:31.814+0000] {spark_submit.py:490} INFO - at org.apache.spark.sql.execution.datasources.jdbc.connection.BasicConnectionProvider.getConnection(BasicConnectionProvider.scala:49)
[2025-04-29T14:44:31.814+0000] {spark_submit.py:490} INFO - at org.apache.spark.sql.execution.datasources.jdbc.connection.ConnectionProviderBase.create(ConnectionProvider.scala:102)
[2025-04-29T14:44:31.814+0000] {spark_submit.py:490} INFO - at org.apache.spark.sql.jdbc.JdbcDialect.$anonfun$createConnectionFactory$1(JdbcDialects.scala:122)
[2025-04-29T14:44:31.814+0000] {spark_submit.py:490} INFO - at org.apache.spark.sql.jdbc.JdbcDialect.$anonfun$createConnectionFactory$1$adapted(JdbcDialects.scala:118)
[2025-04-29T14:44:31.814+0000] {spark_submit.py:490} INFO - at org.apache.spark.sql.execution.datasources.jdbc.JdbcRelationProvider.createRelation(JdbcRelationProvider.scala:50)
[2025-04-29T14:44:31.815+0000] {spark_submit.py:490} INFO - at org.apache.spark.sql.execution.datasources.SaveIntoDataSourceCommand.run(SaveIntoDataSourceCommand.scala:45)
[2025-04-29T14:44:31.815+0000] {spark_submit.py:490} INFO - at org.apache.spark.sql.execution.command.ExecutedCommandExec.sideEffectResult$lzycompute(commands.scala:75)
[2025-04-29T14:44:31.815+0000] {spark_submit.py:490} INFO - at org.apache.spark.sql.execution.command.ExecutedCommandExec.sideEffectResult(commands.scala:73)
[2025-04-29T14:44:31.815+0000] {spark_submit.py:490} INFO - at org.apache.spark.sql.execution.command.ExecutedCommandExec.executeCollect(commands.scala:84)
[2025-04-29T14:44:31.815+0000] {spark_submit.py:490} INFO - at org.apache.spark.sql.execution.QueryExecution$$anonfun$eagerlyExecuteCommands$1.$anonfun$applyOrElse$1(QueryExecution.scala:98)
[2025-04-29T14:44:31.815+0000] {spark_submit.py:490} INFO - at org.apache.spark.sql.execution.SQLExecution$.$anonfun$withNewExecutionId$6(SQLExecution.scala:109)
[2025-04-29T14:44:31.815+0000] {spark_submit.py:490} INFO - at org.apache.spark.sql.execution.SQLExecution$.withSQLConfPropagated(SQLExecution.scala:169)
[2025-04-29T14:44:31.815+0000] {spark_submit.py:490} INFO - at org.apache.spark.sql.execution.SQLExecution$.$anonfun$withNewExecutionId$1(SQLExecution.scala:95)
[2025-04-29T14:44:31.815+0000] {spark_submit.py:490} INFO - at org.apache.spark.sql.SparkSession.withActive(SparkSession.scala:779)
[2025-04-29T14:44:31.816+0000] {spark_submit.py:490} INFO - at org.apache.spark.sql.execution.SQLExecution$.withNewExecutionId(SQLExecution.scala:64)
[2025-04-29T14:44:31.816+0000] {spark_submit.py:490} INFO - at org.apache.spark.sql.execution.QueryExecution$$anonfun$eagerlyExecuteCommands$1.applyOrElse(QueryExecution.scala:98)
[2025-04-29T14:44:31.816+0000] {spark_submit.py:490} INFO - at org.apache.spark.sql.execution.QueryExecution$$anonfun$eagerlyExecuteCommands$1.applyOrElse(QueryExecution.scala:94)
[2025-04-29T14:44:31.816+0000] {spark_submit.py:490} INFO - at org.apache.spark.sql.catalyst.trees.TreeNode.$anonfun$transformDownWithPruning$1(TreeNode.scala:584)
[2025-04-29T14:44:31.816+0000] {spark_submit.py:490} INFO - at org.apache.spark.sql.catalyst.trees.CurrentOrigin$.withOrigin(TreeNode.scala:176)
[2025-04-29T14:44:31.816+0000] {spark_submit.py:490} INFO - at org.apache.spark.sql.catalyst.trees.TreeNode.transformDownWithPruning(TreeNode.scala:584)
[2025-04-29T14:44:31.816+0000] {spark_submit.py:490} INFO - at org.apache.spark.sql.catalyst.plans.logical.LogicalPlan.org$apache$spark$sql$catalyst$plans$logical$AnalysisHelper$$super$transformDownWithPruning(LogicalPlan.scala:30)
[2025-04-29T14:44:31.816+0000] {spark_submit.py:490} INFO - at org.apache.spark.sql.catalyst.plans.logical.AnalysisHelper.transformDownWithPruning(AnalysisHelper.scala:267)
[2025-04-29T14:44:31.816+0000] {spark_submit.py:490} INFO - at org.apache.spark.sql.catalyst.plans.logical.AnalysisHelper.transformDownWithPruning$(AnalysisHelper.scala:263)
[2025-04-29T14:44:31.816+0000] {spark_submit.py:490} INFO - at org.apache.spark.sql.catalyst.plans.logical.LogicalPlan.transformDownWithPruning(LogicalPlan.scala:30)
[2025-04-29T14:44:31.816+0000] {spark_submit.py:490} INFO - at org.apache.spark.sql.catalyst.plans.logical.LogicalPlan.transformDownWithPruning(LogicalPlan.scala:30)
[2025-04-29T14:44:31.816+0000] {spark_submit.py:490} INFO - at org.apache.spark.sql.catalyst.trees.TreeNode.transformDown(TreeNode.scala:560)
[2025-04-29T14:44:31.817+0000] {spark_submit.py:490} INFO - at org.apache.spark.sql.execution.QueryExecution.eagerlyExecuteCommands(QueryExecution.scala:94)
[2025-04-29T14:44:31.817+0000] {spark_submit.py:490} INFO - at org.apache.spark.sql.execution.QueryExecution.commandExecuted$lzycompute(QueryExecution.scala:81)
[2025-04-29T14:44:31.817+0000] {spark_submit.py:490} INFO - at org.apache.spark.sql.execution.QueryExecution.commandExecuted(QueryExecution.scala:79)
[2025-04-29T14:44:31.817+0000] {spark_submit.py:490} INFO - at org.apache.spark.sql.execution.QueryExecution.assertCommandExecuted(QueryExecution.scala:116)
[2025-04-29T14:44:31.817+0000] {spark_submit.py:490} INFO - at org.apache.spark.sql.DataFrameWriter.runCommand(DataFrameWriter.scala:860)
[2025-04-29T14:44:31.817+0000] {spark_submit.py:490} INFO - at org.apache.spark.sql.DataFrameWriter.saveToV1Source(DataFrameWriter.scala:390)
[2025-04-29T14:44:31.817+0000] {spark_submit.py:490} INFO - at org.apache.spark.sql.DataFrameWriter.saveInternal(DataFrameWriter.scala:363)
[2025-04-29T14:44:31.817+0000] {spark_submit.py:490} INFO - at org.apache.spark.sql.DataFrameWriter.save(DataFrameWriter.scala:247)
[2025-04-29T14:44:31.817+0000] {spark_submit.py:490} INFO - at java.base/jdk.internal.reflect.NativeMethodAccessorImpl.invoke0(Native Method)
[2025-04-29T14:44:31.817+0000] {spark_submit.py:490} INFO - at java.base/jdk.internal.reflect.NativeMethodAccessorImpl.invoke(NativeMethodAccessorImpl.java:62)
[2025-04-29T14:44:31.817+0000] {spark_submit.py:490} INFO - at java.base/jdk.internal.reflect.DelegatingMethodAccessorImpl.invoke(DelegatingMethodAccessorImpl.java:43)
[2025-04-29T14:44:31.817+0000] {spark_submit.py:490} INFO - at java.base/java.lang.reflect.Method.invoke(Method.java:566)
[2025-04-29T14:44:31.817+0000] {spark_submit.py:490} INFO - at py4j.reflection.MethodInvoker.invoke(MethodInvoker.java:244)
[2025-04-29T14:44:31.817+0000] {spark_submit.py:490} INFO - at py4j.reflection.ReflectionEngine.invoke(ReflectionEngine.java:357)
[2025-04-29T14:44:31.818+0000] {spark_submit.py:490} INFO - at py4j.Gateway.invoke(Gateway.java:282)
[2025-04-29T14:44:31.818+0000] {spark_submit.py:490} INFO - at py4j.commands.AbstractCommand.invokeMethod(AbstractCommand.java:132)
[2025-04-29T14:44:31.818+0000] {spark_submit.py:490} INFO - at py4j.commands.CallCommand.execute(CallCommand.java:79)
[2025-04-29T14:44:31.818+0000] {spark_submit.py:490} INFO - at py4j.ClientServerConnection.waitForCommands(ClientServerConnection.java:182)
[2025-04-29T14:44:31.818+0000] {spark_submit.py:490} INFO - at py4j.ClientServerConnection.run(ClientServerConnection.java:106)
[2025-04-29T14:44:31.818+0000] {spark_submit.py:490} INFO - at java.base/java.lang.Thread.run(Thread.java:829)
[2025-04-29T14:44:31.818+0000] {spark_submit.py:490} INFO - Caused by: java.lang.Throwable: Code: 81. DB::Exception: Database finbest doesn't exist. (UNKNOWN_DATABASE) (version 22.3.20.29 (official build))
[2025-04-29T14:44:31.818+0000] {spark_submit.py:490} INFO - 
[2025-04-29T14:44:31.818+0000] {spark_submit.py:490} INFO - at ru.yandex.clickhouse.except.ClickHouseExceptionSpecifier.specify(ClickHouseExceptionSpecifier.java:55)
[2025-04-29T14:44:31.818+0000] {spark_submit.py:490} INFO - ... 59 more
[2025-04-29T14:44:31.818+0000] {spark_submit.py:490} INFO - 
[2025-04-29T14:44:31.819+0000] {spark_submit.py:490} INFO - 25/04/29 14:44:31 INFO BlockManagerInfo: Removed broadcast_7_piece0 on 172.18.0.5:37021 in memory (size: 7.3 KiB, free: 366.2 MiB)
[2025-04-29T14:44:31.820+0000] {spark_submit.py:490} INFO - 25/04/29 14:44:31 INFO BlockManagerInfo: Removed broadcast_7_piece0 on bd05f2cbfffd:35817 in memory (size: 7.3 KiB, free: 434.3 MiB)
[2025-04-29T14:44:31.824+0000] {spark_submit.py:490} INFO - 25/04/29 14:44:31 INFO BlockManagerInfo: Removed broadcast_10_piece0 on bd05f2cbfffd:35817 in memory (size: 7.9 KiB, free: 434.4 MiB)
[2025-04-29T14:44:31.829+0000] {spark_submit.py:490} INFO - 25/04/29 14:44:31 INFO BlockManagerInfo: Removed broadcast_10_piece0 on 172.18.0.5:37021 in memory (size: 7.9 KiB, free: 366.3 MiB)
[2025-04-29T14:44:31.834+0000] {spark_submit.py:490} INFO - 25/04/29 14:44:31 INFO BlockManagerInfo: Removed broadcast_8_piece0 on bd05f2cbfffd:35817 in memory (size: 17.8 KiB, free: 434.4 MiB)
[2025-04-29T14:44:31.835+0000] {spark_submit.py:490} INFO - 25/04/29 14:44:31 INFO BlockManagerInfo: Removed broadcast_8_piece0 on 172.18.0.5:37021 in memory (size: 17.8 KiB, free: 366.3 MiB)
[2025-04-29T14:44:31.847+0000] {spark_submit.py:490} INFO - 25/04/29 14:44:31 INFO BlockManagerInfo: Removed broadcast_11_piece0 on bd05f2cbfffd:35817 in memory (size: 23.9 KiB, free: 434.4 MiB)
[2025-04-29T14:44:31.848+0000] {spark_submit.py:490} INFO - 25/04/29 14:44:31 INFO BlockManagerInfo: Removed broadcast_11_piece0 on 172.18.0.5:37021 in memory (size: 23.9 KiB, free: 366.3 MiB)
[2025-04-29T14:44:31.858+0000] {spark_submit.py:490} INFO - 25/04/29 14:44:31 INFO BlockManagerInfo: Removed broadcast_9_piece0 on bd05f2cbfffd:35817 in memory (size: 5.5 KiB, free: 434.4 MiB)
[2025-04-29T14:44:31.860+0000] {spark_submit.py:490} INFO - 25/04/29 14:44:31 INFO BlockManagerInfo: Removed broadcast_9_piece0 on 172.18.0.5:37021 in memory (size: 5.5 KiB, free: 366.3 MiB)
[2025-04-29T14:44:31.870+0000] {spark_submit.py:490} INFO - 25/04/29 14:44:31 INFO SparkContext: Invoking stop() from shutdown hook
[2025-04-29T14:44:31.877+0000] {spark_submit.py:490} INFO - 25/04/29 14:44:31 INFO SparkUI: Stopped Spark web UI at http://bd05f2cbfffd:4040
[2025-04-29T14:44:31.879+0000] {spark_submit.py:490} INFO - 25/04/29 14:44:31 INFO StandaloneSchedulerBackend: Shutting down all executors
[2025-04-29T14:44:31.879+0000] {spark_submit.py:490} INFO - 25/04/29 14:44:31 INFO CoarseGrainedSchedulerBackend$DriverEndpoint: Asking each executor to shut down
[2025-04-29T14:44:31.900+0000] {spark_submit.py:490} INFO - 25/04/29 14:44:31 INFO MapOutputTrackerMasterEndpoint: MapOutputTrackerMasterEndpoint stopped!
[2025-04-29T14:44:31.915+0000] {spark_submit.py:490} INFO - 25/04/29 14:44:31 INFO MemoryStore: MemoryStore cleared
[2025-04-29T14:44:31.917+0000] {spark_submit.py:490} INFO - 25/04/29 14:44:31 INFO BlockManager: BlockManager stopped
[2025-04-29T14:44:31.921+0000] {spark_submit.py:490} INFO - 25/04/29 14:44:31 INFO BlockManagerMaster: BlockManagerMaster stopped
[2025-04-29T14:44:31.924+0000] {spark_submit.py:490} INFO - 25/04/29 14:44:31 INFO OutputCommitCoordinator$OutputCommitCoordinatorEndpoint: OutputCommitCoordinator stopped!
[2025-04-29T14:44:31.931+0000] {spark_submit.py:490} INFO - 25/04/29 14:44:31 INFO SparkContext: Successfully stopped SparkContext
[2025-04-29T14:44:31.931+0000] {spark_submit.py:490} INFO - 25/04/29 14:44:31 INFO ShutdownHookManager: Shutdown hook called
[2025-04-29T14:44:31.931+0000] {spark_submit.py:490} INFO - 25/04/29 14:44:31 INFO ShutdownHookManager: Deleting directory /tmp/spark-2c1a33cd-e837-43af-8051-2537e3d30c49/pyspark-54f81397-a6a4-4f02-8e4a-adf4664384ce
[2025-04-29T14:44:31.934+0000] {spark_submit.py:490} INFO - 25/04/29 14:44:31 INFO ShutdownHookManager: Deleting directory /tmp/spark-6cd79ddc-67a4-4315-8f6d-275762de04d8
[2025-04-29T14:44:31.937+0000] {spark_submit.py:490} INFO - 25/04/29 14:44:31 INFO ShutdownHookManager: Deleting directory /tmp/spark-2c1a33cd-e837-43af-8051-2537e3d30c49
[2025-04-29T14:44:32.013+0000] {taskinstance.py:1824} ERROR - Task failed with exception
Traceback (most recent call last):
  File "/home/airflow/.local/lib/python3.7/site-packages/airflow/providers/apache/spark/operators/spark_submit.py", line 157, in execute
    self._hook.submit(self._application)
  File "/home/airflow/.local/lib/python3.7/site-packages/airflow/providers/apache/spark/hooks/spark_submit.py", line 422, in submit
    f"Cannot execute: {self._mask_cmd(spark_submit_cmd)}. Error code is: {returncode}."
airflow.exceptions.AirflowException: Cannot execute: spark-submit --master spark://spark-master:7077 --packages org.postgresql:postgresql:42.6.0,ru.yandex.clickhouse:clickhouse-jdbc:0.3.2 --executor-cores 1 --executor-memory 1g --driver-memory 1g --name arrow-spark /opt/airflow/spark/detect_suspicious.py --jdbc jdbc:postgresql://postgres:5432/finbest --clickhouse-url jdbc:clickhouse://clickhouse:8123/finbest. Error code is: 1.
[2025-04-29T14:44:32.015+0000] {taskinstance.py:1350} INFO - Marking task as FAILED. dag_id=transform, task_id=detect_suspicious, execution_date=20250429T144253, start_date=20250429T144418, end_date=20250429T144432
[2025-04-29T14:44:32.025+0000] {standard_task_runner.py:109} ERROR - Failed to execute job 30 for task detect_suspicious (Cannot execute: spark-submit --master spark://spark-master:7077 --packages org.postgresql:postgresql:42.6.0,ru.yandex.clickhouse:clickhouse-jdbc:0.3.2 --executor-cores 1 --executor-memory 1g --driver-memory 1g --name arrow-spark /opt/airflow/spark/detect_suspicious.py --jdbc jdbc:postgresql://postgres:5432/finbest --clickhouse-url jdbc:clickhouse://clickhouse:8123/finbest. Error code is: 1.; 6337)
[2025-04-29T14:44:32.042+0000] {local_task_job_runner.py:225} INFO - Task exited with return code 1
[2025-04-29T14:44:32.066+0000] {taskinstance.py:2653} INFO - 0 downstream tasks scheduled from follow-on schedule check
