[2025-04-27T08:45:03.200+0000] {taskinstance.py:1103} INFO - Dependencies all met for dep_context=non-requeueable deps ti=<TaskInstance: transform.detect_suspicious manual__2025-04-27T08:31:56.050788+00:00 [queued]>
[2025-04-27T08:45:03.205+0000] {taskinstance.py:1103} INFO - Dependencies all met for dep_context=requeueable deps ti=<TaskInstance: transform.detect_suspicious manual__2025-04-27T08:31:56.050788+00:00 [queued]>
[2025-04-27T08:45:03.206+0000] {taskinstance.py:1308} INFO - Starting attempt 2 of 2
[2025-04-27T08:45:03.215+0000] {taskinstance.py:1327} INFO - Executing <Task(SparkSubmitOperator): detect_suspicious> on 2025-04-27 08:31:56.050788+00:00
[2025-04-27T08:45:03.218+0000] {standard_task_runner.py:57} INFO - Started process 1269 to run task
[2025-04-27T08:45:03.220+0000] {standard_task_runner.py:84} INFO - Running: ['airflow', 'tasks', 'run', 'transform', 'detect_suspicious', 'manual__2025-04-27T08:31:56.050788+00:00', '--job-id', '33', '--raw', '--subdir', 'DAGS_FOLDER/transform.py', '--cfg-path', '/tmp/tmpqzfdwhmh']
[2025-04-27T08:45:03.221+0000] {standard_task_runner.py:85} INFO - Job 33: Subtask detect_suspicious
[2025-04-27T08:45:03.258+0000] {task_command.py:410} INFO - Running <TaskInstance: transform.detect_suspicious manual__2025-04-27T08:31:56.050788+00:00 [running]> on host c82426b22b9f
[2025-04-27T08:45:03.390+0000] {taskinstance.py:1547} INFO - Exporting env vars: AIRFLOW_CTX_DAG_OWNER='finbest' AIRFLOW_CTX_DAG_ID='transform' AIRFLOW_CTX_TASK_ID='detect_suspicious' AIRFLOW_CTX_EXECUTION_DATE='2025-04-27T08:31:56.050788+00:00' AIRFLOW_CTX_TRY_NUMBER='2' AIRFLOW_CTX_DAG_RUN_ID='manual__2025-04-27T08:31:56.050788+00:00'
[2025-04-27T08:45:03.398+0000] {base.py:73} INFO - Using connection ID 'spark_default' for task execution.
[2025-04-27T08:45:03.399+0000] {spark_submit.py:339} INFO - Spark-Submit cmd: spark-submit --master spark://spark-master:7077 --packages org.postgresql:postgresql:42.6.0,ru.yandex.clickhouse:clickhouse-jdbc:0.3.2 --executor-cores 1 --executor-memory 1g --driver-memory 1g --name arrow-spark /opt/airflow/spark/detect_suspicious.py --jdbc jdbc:postgresql://postgres:5432/finbest --clickhouse-url jdbc:clickhouse://clickhouse:8123/finbest
[2025-04-27T08:45:05.239+0000] {spark_submit.py:490} INFO - :: loading settings :: url = jar:file:/opt/spark/jars/ivy-2.5.0.jar!/org/apache/ivy/core/settings/ivysettings.xml
[2025-04-27T08:45:05.319+0000] {spark_submit.py:490} INFO - Ivy Default Cache set to: /home/airflow/.ivy2/cache
[2025-04-27T08:45:05.319+0000] {spark_submit.py:490} INFO - The jars for the packages stored in: /home/airflow/.ivy2/jars
[2025-04-27T08:45:05.323+0000] {spark_submit.py:490} INFO - org.postgresql#postgresql added as a dependency
[2025-04-27T08:45:05.323+0000] {spark_submit.py:490} INFO - ru.yandex.clickhouse#clickhouse-jdbc added as a dependency
[2025-04-27T08:45:05.324+0000] {spark_submit.py:490} INFO - :: resolving dependencies :: org.apache.spark#spark-submit-parent-9478715b-b97c-48b0-b8b4-07fa2e042904;1.0
[2025-04-27T08:45:05.324+0000] {spark_submit.py:490} INFO - confs: [default]
[2025-04-27T08:45:05.499+0000] {spark_submit.py:490} INFO - found org.postgresql#postgresql;42.6.0 in central
[2025-04-27T08:45:05.512+0000] {spark_submit.py:490} INFO - found org.checkerframework#checker-qual;3.31.0 in central
[2025-04-27T08:45:05.525+0000] {spark_submit.py:490} INFO - found ru.yandex.clickhouse#clickhouse-jdbc;0.3.2 in central
[2025-04-27T08:45:05.542+0000] {spark_submit.py:490} INFO - found com.clickhouse#clickhouse-http-client;0.3.2 in central
[2025-04-27T08:45:05.557+0000] {spark_submit.py:490} INFO - found com.clickhouse#clickhouse-client;0.3.2 in central
[2025-04-27T08:45:05.590+0000] {spark_submit.py:490} INFO - found org.lz4#lz4-java;1.8.0 in central
[2025-04-27T08:45:05.605+0000] {spark_submit.py:490} INFO - found com.google.code.gson#gson;2.8.8 in central
[2025-04-27T08:45:05.619+0000] {spark_submit.py:490} INFO - found org.apache.httpcomponents#httpclient;4.5.13 in central
[2025-04-27T08:45:05.633+0000] {spark_submit.py:490} INFO - found org.apache.httpcomponents#httpcore;4.4.13 in central
[2025-04-27T08:45:05.647+0000] {spark_submit.py:490} INFO - found commons-logging#commons-logging;1.2 in central
[2025-04-27T08:45:05.659+0000] {spark_submit.py:490} INFO - found commons-codec#commons-codec;1.11 in central
[2025-04-27T08:45:05.672+0000] {spark_submit.py:490} INFO - found org.apache.httpcomponents#httpmime;4.5.13 in central
[2025-04-27T08:45:05.694+0000] {spark_submit.py:490} INFO - :: resolution report :: resolve 359ms :: artifacts dl 11ms
[2025-04-27T08:45:05.694+0000] {spark_submit.py:490} INFO - :: modules in use:
[2025-04-27T08:45:05.694+0000] {spark_submit.py:490} INFO - com.clickhouse#clickhouse-client;0.3.2 from central in [default]
[2025-04-27T08:45:05.695+0000] {spark_submit.py:490} INFO - com.clickhouse#clickhouse-http-client;0.3.2 from central in [default]
[2025-04-27T08:45:05.695+0000] {spark_submit.py:490} INFO - com.google.code.gson#gson;2.8.8 from central in [default]
[2025-04-27T08:45:05.695+0000] {spark_submit.py:490} INFO - commons-codec#commons-codec;1.11 from central in [default]
[2025-04-27T08:45:05.695+0000] {spark_submit.py:490} INFO - commons-logging#commons-logging;1.2 from central in [default]
[2025-04-27T08:45:05.695+0000] {spark_submit.py:490} INFO - org.apache.httpcomponents#httpclient;4.5.13 from central in [default]
[2025-04-27T08:45:05.695+0000] {spark_submit.py:490} INFO - org.apache.httpcomponents#httpcore;4.4.13 from central in [default]
[2025-04-27T08:45:05.695+0000] {spark_submit.py:490} INFO - org.apache.httpcomponents#httpmime;4.5.13 from central in [default]
[2025-04-27T08:45:05.695+0000] {spark_submit.py:490} INFO - org.checkerframework#checker-qual;3.31.0 from central in [default]
[2025-04-27T08:45:05.695+0000] {spark_submit.py:490} INFO - org.lz4#lz4-java;1.8.0 from central in [default]
[2025-04-27T08:45:05.695+0000] {spark_submit.py:490} INFO - org.postgresql#postgresql;42.6.0 from central in [default]
[2025-04-27T08:45:05.695+0000] {spark_submit.py:490} INFO - ru.yandex.clickhouse#clickhouse-jdbc;0.3.2 from central in [default]
[2025-04-27T08:45:05.696+0000] {spark_submit.py:490} INFO - ---------------------------------------------------------------------
[2025-04-27T08:45:05.696+0000] {spark_submit.py:490} INFO - |                  |            modules            ||   artifacts   |
[2025-04-27T08:45:05.696+0000] {spark_submit.py:490} INFO - |       conf       | number| search|dwnlded|evicted|| number|dwnlded|
[2025-04-27T08:45:05.696+0000] {spark_submit.py:490} INFO - ---------------------------------------------------------------------
[2025-04-27T08:45:05.696+0000] {spark_submit.py:490} INFO - |      default     |   12  |   0   |   0   |   0   ||   12  |   0   |
[2025-04-27T08:45:05.696+0000] {spark_submit.py:490} INFO - ---------------------------------------------------------------------
[2025-04-27T08:45:05.700+0000] {spark_submit.py:490} INFO - :: retrieving :: org.apache.spark#spark-submit-parent-9478715b-b97c-48b0-b8b4-07fa2e042904
[2025-04-27T08:45:05.700+0000] {spark_submit.py:490} INFO - confs: [default]
[2025-04-27T08:45:05.706+0000] {spark_submit.py:490} INFO - 0 artifacts copied, 12 already retrieved (0kB/6ms)
[2025-04-27T08:45:05.867+0000] {spark_submit.py:490} INFO - 25/04/27 08:45:05 WARN NativeCodeLoader: Unable to load native-hadoop library for your platform... using builtin-java classes where applicable
[2025-04-27T08:45:06.594+0000] {spark_submit.py:490} INFO - 25/04/27 08:45:06 INFO SparkContext: Running Spark version 3.3.0
[2025-04-27T08:45:06.611+0000] {spark_submit.py:490} INFO - 25/04/27 08:45:06 INFO ResourceUtils: ==============================================================
[2025-04-27T08:45:06.611+0000] {spark_submit.py:490} INFO - 25/04/27 08:45:06 INFO ResourceUtils: No custom resources configured for spark.driver.
[2025-04-27T08:45:06.611+0000] {spark_submit.py:490} INFO - 25/04/27 08:45:06 INFO ResourceUtils: ==============================================================
[2025-04-27T08:45:06.612+0000] {spark_submit.py:490} INFO - 25/04/27 08:45:06 INFO SparkContext: Submitted application: FinBestDetect
[2025-04-27T08:45:06.629+0000] {spark_submit.py:490} INFO - 25/04/27 08:45:06 INFO ResourceProfile: Default ResourceProfile created, executor resources: Map(cores -> name: cores, amount: 1, script: , vendor: , memory -> name: memory, amount: 1024, script: , vendor: , offHeap -> name: offHeap, amount: 0, script: , vendor: ), task resources: Map(cpus -> name: cpus, amount: 1.0)
[2025-04-27T08:45:06.638+0000] {spark_submit.py:490} INFO - 25/04/27 08:45:06 INFO ResourceProfile: Limiting resource is cpus at 1 tasks per executor
[2025-04-27T08:45:06.639+0000] {spark_submit.py:490} INFO - 25/04/27 08:45:06 INFO ResourceProfileManager: Added ResourceProfile id: 0
[2025-04-27T08:45:06.683+0000] {spark_submit.py:490} INFO - 25/04/27 08:45:06 INFO SecurityManager: Changing view acls to: airflow
[2025-04-27T08:45:06.683+0000] {spark_submit.py:490} INFO - 25/04/27 08:45:06 INFO SecurityManager: Changing modify acls to: airflow
[2025-04-27T08:45:06.684+0000] {spark_submit.py:490} INFO - 25/04/27 08:45:06 INFO SecurityManager: Changing view acls groups to:
[2025-04-27T08:45:06.684+0000] {spark_submit.py:490} INFO - 25/04/27 08:45:06 INFO SecurityManager: Changing modify acls groups to:
[2025-04-27T08:45:06.684+0000] {spark_submit.py:490} INFO - 25/04/27 08:45:06 INFO SecurityManager: SecurityManager: authentication disabled; ui acls disabled; users  with view permissions: Set(airflow); groups with view permissions: Set(); users  with modify permissions: Set(airflow); groups with modify permissions: Set()
[2025-04-27T08:45:06.888+0000] {spark_submit.py:490} INFO - 25/04/27 08:45:06 INFO Utils: Successfully started service 'sparkDriver' on port 45051.
[2025-04-27T08:45:06.909+0000] {spark_submit.py:490} INFO - 25/04/27 08:45:06 INFO SparkEnv: Registering MapOutputTracker
[2025-04-27T08:45:06.934+0000] {spark_submit.py:490} INFO - 25/04/27 08:45:06 INFO SparkEnv: Registering BlockManagerMaster
[2025-04-27T08:45:06.948+0000] {spark_submit.py:490} INFO - 25/04/27 08:45:06 INFO BlockManagerMasterEndpoint: Using org.apache.spark.storage.DefaultTopologyMapper for getting topology information
[2025-04-27T08:45:06.948+0000] {spark_submit.py:490} INFO - 25/04/27 08:45:06 INFO BlockManagerMasterEndpoint: BlockManagerMasterEndpoint up
[2025-04-27T08:45:06.951+0000] {spark_submit.py:490} INFO - 25/04/27 08:45:06 INFO SparkEnv: Registering BlockManagerMasterHeartbeat
[2025-04-27T08:45:06.968+0000] {spark_submit.py:490} INFO - 25/04/27 08:45:06 INFO DiskBlockManager: Created local directory at /tmp/blockmgr-17f7cb00-790e-49a6-b079-0865cd46531a
[2025-04-27T08:45:06.980+0000] {spark_submit.py:490} INFO - 25/04/27 08:45:06 INFO MemoryStore: MemoryStore started with capacity 434.4 MiB
[2025-04-27T08:45:06.992+0000] {spark_submit.py:490} INFO - 25/04/27 08:45:06 INFO SparkEnv: Registering OutputCommitCoordinator
[2025-04-27T08:45:07.157+0000] {spark_submit.py:490} INFO - 25/04/27 08:45:07 INFO Utils: Successfully started service 'SparkUI' on port 4040.
[2025-04-27T08:45:07.185+0000] {spark_submit.py:490} INFO - 25/04/27 08:45:07 INFO SparkContext: Added JAR file:///home/airflow/.ivy2/jars/org.postgresql_postgresql-42.6.0.jar at spark://c82426b22b9f:45051/jars/org.postgresql_postgresql-42.6.0.jar with timestamp 1745743506588
[2025-04-27T08:45:07.185+0000] {spark_submit.py:490} INFO - 25/04/27 08:45:07 INFO SparkContext: Added JAR file:///home/airflow/.ivy2/jars/ru.yandex.clickhouse_clickhouse-jdbc-0.3.2.jar at spark://c82426b22b9f:45051/jars/ru.yandex.clickhouse_clickhouse-jdbc-0.3.2.jar with timestamp 1745743506588
[2025-04-27T08:45:07.185+0000] {spark_submit.py:490} INFO - 25/04/27 08:45:07 INFO SparkContext: Added JAR file:///home/airflow/.ivy2/jars/org.checkerframework_checker-qual-3.31.0.jar at spark://c82426b22b9f:45051/jars/org.checkerframework_checker-qual-3.31.0.jar with timestamp 1745743506588
[2025-04-27T08:45:07.185+0000] {spark_submit.py:490} INFO - 25/04/27 08:45:07 INFO SparkContext: Added JAR file:///home/airflow/.ivy2/jars/com.clickhouse_clickhouse-http-client-0.3.2.jar at spark://c82426b22b9f:45051/jars/com.clickhouse_clickhouse-http-client-0.3.2.jar with timestamp 1745743506588
[2025-04-27T08:45:07.185+0000] {spark_submit.py:490} INFO - 25/04/27 08:45:07 INFO SparkContext: Added JAR file:///home/airflow/.ivy2/jars/com.google.code.gson_gson-2.8.8.jar at spark://c82426b22b9f:45051/jars/com.google.code.gson_gson-2.8.8.jar with timestamp 1745743506588
[2025-04-27T08:45:07.185+0000] {spark_submit.py:490} INFO - 25/04/27 08:45:07 INFO SparkContext: Added JAR file:///home/airflow/.ivy2/jars/org.apache.httpcomponents_httpclient-4.5.13.jar at spark://c82426b22b9f:45051/jars/org.apache.httpcomponents_httpclient-4.5.13.jar with timestamp 1745743506588
[2025-04-27T08:45:07.185+0000] {spark_submit.py:490} INFO - 25/04/27 08:45:07 INFO SparkContext: Added JAR file:///home/airflow/.ivy2/jars/org.apache.httpcomponents_httpmime-4.5.13.jar at spark://c82426b22b9f:45051/jars/org.apache.httpcomponents_httpmime-4.5.13.jar with timestamp 1745743506588
[2025-04-27T08:45:07.186+0000] {spark_submit.py:490} INFO - 25/04/27 08:45:07 INFO SparkContext: Added JAR file:///home/airflow/.ivy2/jars/org.lz4_lz4-java-1.8.0.jar at spark://c82426b22b9f:45051/jars/org.lz4_lz4-java-1.8.0.jar with timestamp 1745743506588
[2025-04-27T08:45:07.186+0000] {spark_submit.py:490} INFO - 25/04/27 08:45:07 INFO SparkContext: Added JAR file:///home/airflow/.ivy2/jars/com.clickhouse_clickhouse-client-0.3.2.jar at spark://c82426b22b9f:45051/jars/com.clickhouse_clickhouse-client-0.3.2.jar with timestamp 1745743506588
[2025-04-27T08:45:07.186+0000] {spark_submit.py:490} INFO - 25/04/27 08:45:07 INFO SparkContext: Added JAR file:///home/airflow/.ivy2/jars/org.apache.httpcomponents_httpcore-4.4.13.jar at spark://c82426b22b9f:45051/jars/org.apache.httpcomponents_httpcore-4.4.13.jar with timestamp 1745743506588
[2025-04-27T08:45:07.186+0000] {spark_submit.py:490} INFO - 25/04/27 08:45:07 INFO SparkContext: Added JAR file:///home/airflow/.ivy2/jars/commons-logging_commons-logging-1.2.jar at spark://c82426b22b9f:45051/jars/commons-logging_commons-logging-1.2.jar with timestamp 1745743506588
[2025-04-27T08:45:07.186+0000] {spark_submit.py:490} INFO - 25/04/27 08:45:07 INFO SparkContext: Added JAR file:///home/airflow/.ivy2/jars/commons-codec_commons-codec-1.11.jar at spark://c82426b22b9f:45051/jars/commons-codec_commons-codec-1.11.jar with timestamp 1745743506588
[2025-04-27T08:45:07.188+0000] {spark_submit.py:490} INFO - 25/04/27 08:45:07 INFO SparkContext: Added file file:///home/airflow/.ivy2/jars/org.postgresql_postgresql-42.6.0.jar at spark://c82426b22b9f:45051/files/org.postgresql_postgresql-42.6.0.jar with timestamp 1745743506588
[2025-04-27T08:45:07.189+0000] {spark_submit.py:490} INFO - 25/04/27 08:45:07 INFO Utils: Copying /home/airflow/.ivy2/jars/org.postgresql_postgresql-42.6.0.jar to /tmp/spark-c0a46537-1e7b-4a7e-a0bb-df45087556fe/userFiles-856b2c1f-2378-47ef-8f9d-5e78f36746b6/org.postgresql_postgresql-42.6.0.jar
[2025-04-27T08:45:07.412+0000] {spark_submit.py:490} INFO - 25/04/27 08:45:07 INFO SparkContext: Added file file:///home/airflow/.ivy2/jars/ru.yandex.clickhouse_clickhouse-jdbc-0.3.2.jar at spark://c82426b22b9f:45051/files/ru.yandex.clickhouse_clickhouse-jdbc-0.3.2.jar with timestamp 1745743506588
[2025-04-27T08:45:07.412+0000] {spark_submit.py:490} INFO - 25/04/27 08:45:07 INFO Utils: Copying /home/airflow/.ivy2/jars/ru.yandex.clickhouse_clickhouse-jdbc-0.3.2.jar to /tmp/spark-c0a46537-1e7b-4a7e-a0bb-df45087556fe/userFiles-856b2c1f-2378-47ef-8f9d-5e78f36746b6/ru.yandex.clickhouse_clickhouse-jdbc-0.3.2.jar
[2025-04-27T08:45:07.419+0000] {spark_submit.py:490} INFO - 25/04/27 08:45:07 INFO SparkContext: Added file file:///home/airflow/.ivy2/jars/org.checkerframework_checker-qual-3.31.0.jar at spark://c82426b22b9f:45051/files/org.checkerframework_checker-qual-3.31.0.jar with timestamp 1745743506588
[2025-04-27T08:45:07.419+0000] {spark_submit.py:490} INFO - 25/04/27 08:45:07 INFO Utils: Copying /home/airflow/.ivy2/jars/org.checkerframework_checker-qual-3.31.0.jar to /tmp/spark-c0a46537-1e7b-4a7e-a0bb-df45087556fe/userFiles-856b2c1f-2378-47ef-8f9d-5e78f36746b6/org.checkerframework_checker-qual-3.31.0.jar
[2025-04-27T08:45:07.510+0000] {spark_submit.py:490} INFO - 25/04/27 08:45:07 INFO SparkContext: Added file file:///home/airflow/.ivy2/jars/com.clickhouse_clickhouse-http-client-0.3.2.jar at spark://c82426b22b9f:45051/files/com.clickhouse_clickhouse-http-client-0.3.2.jar with timestamp 1745743506588
[2025-04-27T08:45:07.511+0000] {spark_submit.py:490} INFO - 25/04/27 08:45:07 INFO Utils: Copying /home/airflow/.ivy2/jars/com.clickhouse_clickhouse-http-client-0.3.2.jar to /tmp/spark-c0a46537-1e7b-4a7e-a0bb-df45087556fe/userFiles-856b2c1f-2378-47ef-8f9d-5e78f36746b6/com.clickhouse_clickhouse-http-client-0.3.2.jar
[2025-04-27T08:45:07.517+0000] {spark_submit.py:490} INFO - 25/04/27 08:45:07 INFO SparkContext: Added file file:///home/airflow/.ivy2/jars/com.google.code.gson_gson-2.8.8.jar at spark://c82426b22b9f:45051/files/com.google.code.gson_gson-2.8.8.jar with timestamp 1745743506588
[2025-04-27T08:45:07.518+0000] {spark_submit.py:490} INFO - 25/04/27 08:45:07 INFO Utils: Copying /home/airflow/.ivy2/jars/com.google.code.gson_gson-2.8.8.jar to /tmp/spark-c0a46537-1e7b-4a7e-a0bb-df45087556fe/userFiles-856b2c1f-2378-47ef-8f9d-5e78f36746b6/com.google.code.gson_gson-2.8.8.jar
[2025-04-27T08:45:07.548+0000] {spark_submit.py:490} INFO - 25/04/27 08:45:07 INFO SparkContext: Added file file:///home/airflow/.ivy2/jars/org.apache.httpcomponents_httpclient-4.5.13.jar at spark://c82426b22b9f:45051/files/org.apache.httpcomponents_httpclient-4.5.13.jar with timestamp 1745743506588
[2025-04-27T08:45:07.549+0000] {spark_submit.py:490} INFO - 25/04/27 08:45:07 INFO Utils: Copying /home/airflow/.ivy2/jars/org.apache.httpcomponents_httpclient-4.5.13.jar to /tmp/spark-c0a46537-1e7b-4a7e-a0bb-df45087556fe/userFiles-856b2c1f-2378-47ef-8f9d-5e78f36746b6/org.apache.httpcomponents_httpclient-4.5.13.jar
[2025-04-27T08:45:07.573+0000] {spark_submit.py:490} INFO - 25/04/27 08:45:07 INFO SparkContext: Added file file:///home/airflow/.ivy2/jars/org.apache.httpcomponents_httpmime-4.5.13.jar at spark://c82426b22b9f:45051/files/org.apache.httpcomponents_httpmime-4.5.13.jar with timestamp 1745743506588
[2025-04-27T08:45:07.574+0000] {spark_submit.py:490} INFO - 25/04/27 08:45:07 INFO Utils: Copying /home/airflow/.ivy2/jars/org.apache.httpcomponents_httpmime-4.5.13.jar to /tmp/spark-c0a46537-1e7b-4a7e-a0bb-df45087556fe/userFiles-856b2c1f-2378-47ef-8f9d-5e78f36746b6/org.apache.httpcomponents_httpmime-4.5.13.jar
[2025-04-27T08:45:07.576+0000] {spark_submit.py:490} INFO - 25/04/27 08:45:07 INFO SparkContext: Added file file:///home/airflow/.ivy2/jars/org.lz4_lz4-java-1.8.0.jar at spark://c82426b22b9f:45051/files/org.lz4_lz4-java-1.8.0.jar with timestamp 1745743506588
[2025-04-27T08:45:07.577+0000] {spark_submit.py:490} INFO - 25/04/27 08:45:07 INFO Utils: Copying /home/airflow/.ivy2/jars/org.lz4_lz4-java-1.8.0.jar to /tmp/spark-c0a46537-1e7b-4a7e-a0bb-df45087556fe/userFiles-856b2c1f-2378-47ef-8f9d-5e78f36746b6/org.lz4_lz4-java-1.8.0.jar
[2025-04-27T08:45:07.580+0000] {spark_submit.py:490} INFO - 25/04/27 08:45:07 INFO SparkContext: Added file file:///home/airflow/.ivy2/jars/com.clickhouse_clickhouse-client-0.3.2.jar at spark://c82426b22b9f:45051/files/com.clickhouse_clickhouse-client-0.3.2.jar with timestamp 1745743506588
[2025-04-27T08:45:07.580+0000] {spark_submit.py:490} INFO - 25/04/27 08:45:07 INFO Utils: Copying /home/airflow/.ivy2/jars/com.clickhouse_clickhouse-client-0.3.2.jar to /tmp/spark-c0a46537-1e7b-4a7e-a0bb-df45087556fe/userFiles-856b2c1f-2378-47ef-8f9d-5e78f36746b6/com.clickhouse_clickhouse-client-0.3.2.jar
[2025-04-27T08:45:07.583+0000] {spark_submit.py:490} INFO - 25/04/27 08:45:07 INFO SparkContext: Added file file:///home/airflow/.ivy2/jars/org.apache.httpcomponents_httpcore-4.4.13.jar at spark://c82426b22b9f:45051/files/org.apache.httpcomponents_httpcore-4.4.13.jar with timestamp 1745743506588
[2025-04-27T08:45:07.583+0000] {spark_submit.py:490} INFO - 25/04/27 08:45:07 INFO Utils: Copying /home/airflow/.ivy2/jars/org.apache.httpcomponents_httpcore-4.4.13.jar to /tmp/spark-c0a46537-1e7b-4a7e-a0bb-df45087556fe/userFiles-856b2c1f-2378-47ef-8f9d-5e78f36746b6/org.apache.httpcomponents_httpcore-4.4.13.jar
[2025-04-27T08:45:07.587+0000] {spark_submit.py:490} INFO - 25/04/27 08:45:07 INFO SparkContext: Added file file:///home/airflow/.ivy2/jars/commons-logging_commons-logging-1.2.jar at spark://c82426b22b9f:45051/files/commons-logging_commons-logging-1.2.jar with timestamp 1745743506588
[2025-04-27T08:45:07.587+0000] {spark_submit.py:490} INFO - 25/04/27 08:45:07 INFO Utils: Copying /home/airflow/.ivy2/jars/commons-logging_commons-logging-1.2.jar to /tmp/spark-c0a46537-1e7b-4a7e-a0bb-df45087556fe/userFiles-856b2c1f-2378-47ef-8f9d-5e78f36746b6/commons-logging_commons-logging-1.2.jar
[2025-04-27T08:45:07.589+0000] {spark_submit.py:490} INFO - 25/04/27 08:45:07 INFO SparkContext: Added file file:///home/airflow/.ivy2/jars/commons-codec_commons-codec-1.11.jar at spark://c82426b22b9f:45051/files/commons-codec_commons-codec-1.11.jar with timestamp 1745743506588
[2025-04-27T08:45:07.590+0000] {spark_submit.py:490} INFO - 25/04/27 08:45:07 INFO Utils: Copying /home/airflow/.ivy2/jars/commons-codec_commons-codec-1.11.jar to /tmp/spark-c0a46537-1e7b-4a7e-a0bb-df45087556fe/userFiles-856b2c1f-2378-47ef-8f9d-5e78f36746b6/commons-codec_commons-codec-1.11.jar
[2025-04-27T08:45:07.650+0000] {spark_submit.py:490} INFO - 25/04/27 08:45:07 INFO StandaloneAppClient$ClientEndpoint: Connecting to master spark://spark-master:7077...
[2025-04-27T08:45:07.681+0000] {spark_submit.py:490} INFO - 25/04/27 08:45:07 INFO TransportClientFactory: Successfully created connection to spark-master/172.18.0.2:7077 after 19 ms (0 ms spent in bootstraps)
[2025-04-27T08:45:07.745+0000] {spark_submit.py:490} INFO - 25/04/27 08:45:07 INFO StandaloneSchedulerBackend: Connected to Spark cluster with app ID app-20250427084507-0013
[2025-04-27T08:45:07.747+0000] {spark_submit.py:490} INFO - 25/04/27 08:45:07 INFO StandaloneAppClient$ClientEndpoint: Executor added: app-20250427084507-0013/0 on worker-20250427052743-172.18.0.5-34199 (172.18.0.5:34199) with 1 core(s)
[2025-04-27T08:45:07.748+0000] {spark_submit.py:490} INFO - 25/04/27 08:45:07 INFO StandaloneSchedulerBackend: Granted executor ID app-20250427084507-0013/0 on hostPort 172.18.0.5:34199 with 1 core(s), 1024.0 MiB RAM
[2025-04-27T08:45:07.751+0000] {spark_submit.py:490} INFO - 25/04/27 08:45:07 INFO Utils: Successfully started service 'org.apache.spark.network.netty.NettyBlockTransferService' on port 46095.
[2025-04-27T08:45:07.751+0000] {spark_submit.py:490} INFO - 25/04/27 08:45:07 INFO NettyBlockTransferService: Server created on c82426b22b9f:46095
[2025-04-27T08:45:07.752+0000] {spark_submit.py:490} INFO - 25/04/27 08:45:07 INFO BlockManager: Using org.apache.spark.storage.RandomBlockReplicationPolicy for block replication policy
[2025-04-27T08:45:07.759+0000] {spark_submit.py:490} INFO - 25/04/27 08:45:07 INFO BlockManagerMaster: Registering BlockManager BlockManagerId(driver, c82426b22b9f, 46095, None)
[2025-04-27T08:45:07.763+0000] {spark_submit.py:490} INFO - 25/04/27 08:45:07 INFO BlockManagerMasterEndpoint: Registering block manager c82426b22b9f:46095 with 434.4 MiB RAM, BlockManagerId(driver, c82426b22b9f, 46095, None)
[2025-04-27T08:45:07.765+0000] {spark_submit.py:490} INFO - 25/04/27 08:45:07 INFO BlockManagerMaster: Registered BlockManager BlockManagerId(driver, c82426b22b9f, 46095, None)
[2025-04-27T08:45:07.766+0000] {spark_submit.py:490} INFO - 25/04/27 08:45:07 INFO BlockManager: Initialized BlockManager: BlockManagerId(driver, c82426b22b9f, 46095, None)
[2025-04-27T08:45:07.769+0000] {spark_submit.py:490} INFO - 25/04/27 08:45:07 INFO StandaloneAppClient$ClientEndpoint: Executor updated: app-20250427084507-0013/0 is now RUNNING
[2025-04-27T08:45:07.921+0000] {spark_submit.py:490} INFO - 25/04/27 08:45:07 INFO StandaloneSchedulerBackend: SchedulerBackend is ready for scheduling beginning after reached minRegisteredResourcesRatio: 0.0
[2025-04-27T08:45:08.087+0000] {spark_submit.py:490} INFO - 25/04/27 08:45:08 INFO SharedState: Setting hive.metastore.warehouse.dir ('null') to the value of spark.sql.warehouse.dir.
[2025-04-27T08:45:08.088+0000] {spark_submit.py:490} INFO - 25/04/27 08:45:08 INFO SharedState: Warehouse path is 'file:/opt/airflow/spark-warehouse'.
[2025-04-27T08:45:10.152+0000] {spark_submit.py:490} INFO - 25/04/27 08:45:10 INFO CoarseGrainedSchedulerBackend$DriverEndpoint: Registered executor NettyRpcEndpointRef(spark-client://Executor) (172.18.0.5:54514) with ID 0,  ResourceProfileId 0
[2025-04-27T08:45:10.235+0000] {spark_submit.py:490} INFO - 25/04/27 08:45:10 INFO BlockManagerMasterEndpoint: Registering block manager 172.18.0.5:36835 with 366.3 MiB RAM, BlockManagerId(0, 172.18.0.5, 36835, None)
[2025-04-27T08:45:11.518+0000] {spark_submit.py:490} INFO - 25/04/27 08:45:11 INFO CodeGenerator: Code generated in 98.251054 ms
[2025-04-27T08:45:11.573+0000] {spark_submit.py:490} INFO - 25/04/27 08:45:11 INFO DAGScheduler: Registering RDD 3 (jdbc at NativeMethodAccessorImpl.java:0) as input to shuffle 0
[2025-04-27T08:45:11.577+0000] {spark_submit.py:490} INFO - 25/04/27 08:45:11 INFO DAGScheduler: Got map stage job 0 (jdbc at NativeMethodAccessorImpl.java:0) with 1 output partitions
[2025-04-27T08:45:11.577+0000] {spark_submit.py:490} INFO - 25/04/27 08:45:11 INFO DAGScheduler: Final stage: ShuffleMapStage 0 (jdbc at NativeMethodAccessorImpl.java:0)
[2025-04-27T08:45:11.577+0000] {spark_submit.py:490} INFO - 25/04/27 08:45:11 INFO DAGScheduler: Parents of final stage: List()
[2025-04-27T08:45:11.578+0000] {spark_submit.py:490} INFO - 25/04/27 08:45:11 INFO DAGScheduler: Missing parents: List()
[2025-04-27T08:45:11.580+0000] {spark_submit.py:490} INFO - 25/04/27 08:45:11 INFO DAGScheduler: Submitting ShuffleMapStage 0 (MapPartitionsRDD[3] at jdbc at NativeMethodAccessorImpl.java:0), which has no missing parents
[2025-04-27T08:45:11.678+0000] {spark_submit.py:490} INFO - 25/04/27 08:45:11 INFO MemoryStore: Block broadcast_0 stored as values in memory (estimated size 16.3 KiB, free 434.4 MiB)
[2025-04-27T08:45:11.711+0000] {spark_submit.py:490} INFO - 25/04/27 08:45:11 INFO MemoryStore: Block broadcast_0_piece0 stored as bytes in memory (estimated size 7.9 KiB, free 434.4 MiB)
[2025-04-27T08:45:11.713+0000] {spark_submit.py:490} INFO - 25/04/27 08:45:11 INFO BlockManagerInfo: Added broadcast_0_piece0 in memory on c82426b22b9f:46095 (size: 7.9 KiB, free: 434.4 MiB)
[2025-04-27T08:45:11.717+0000] {spark_submit.py:490} INFO - 25/04/27 08:45:11 INFO SparkContext: Created broadcast 0 from broadcast at DAGScheduler.scala:1513
[2025-04-27T08:45:11.734+0000] {spark_submit.py:490} INFO - 25/04/27 08:45:11 INFO DAGScheduler: Submitting 1 missing tasks from ShuffleMapStage 0 (MapPartitionsRDD[3] at jdbc at NativeMethodAccessorImpl.java:0) (first 15 tasks are for partitions Vector(0))
[2025-04-27T08:45:11.736+0000] {spark_submit.py:490} INFO - 25/04/27 08:45:11 INFO TaskSchedulerImpl: Adding task set 0.0 with 1 tasks resource profile 0
[2025-04-27T08:45:11.765+0000] {spark_submit.py:490} INFO - 25/04/27 08:45:11 INFO TaskSetManager: Starting task 0.0 in stage 0.0 (TID 0) (172.18.0.5, executor 0, partition 0, PROCESS_LOCAL, 4292 bytes) taskResourceAssignments Map()
[2025-04-27T08:45:11.966+0000] {spark_submit.py:490} INFO - 25/04/27 08:45:11 INFO BlockManagerInfo: Added broadcast_0_piece0 in memory on 172.18.0.5:36835 (size: 7.9 KiB, free: 366.3 MiB)
[2025-04-27T08:45:13.254+0000] {spark_submit.py:490} INFO - 25/04/27 08:45:13 INFO TaskSetManager: Finished task 0.0 in stage 0.0 (TID 0) in 1496 ms on 172.18.0.5 (executor 0) (1/1)
[2025-04-27T08:45:13.256+0000] {spark_submit.py:490} INFO - 25/04/27 08:45:13 INFO TaskSchedulerImpl: Removed TaskSet 0.0, whose tasks have all completed, from pool
[2025-04-27T08:45:13.262+0000] {spark_submit.py:490} INFO - 25/04/27 08:45:13 INFO DAGScheduler: ShuffleMapStage 0 (jdbc at NativeMethodAccessorImpl.java:0) finished in 1.672 s
[2025-04-27T08:45:13.262+0000] {spark_submit.py:490} INFO - 25/04/27 08:45:13 INFO DAGScheduler: looking for newly runnable stages
[2025-04-27T08:45:13.263+0000] {spark_submit.py:490} INFO - 25/04/27 08:45:13 INFO DAGScheduler: running: Set()
[2025-04-27T08:45:13.263+0000] {spark_submit.py:490} INFO - 25/04/27 08:45:13 INFO DAGScheduler: waiting: Set()
[2025-04-27T08:45:13.263+0000] {spark_submit.py:490} INFO - 25/04/27 08:45:13 INFO DAGScheduler: failed: Set()
[2025-04-27T08:45:13.288+0000] {spark_submit.py:490} INFO - 25/04/27 08:45:13 INFO ShufflePartitionsUtil: For shuffle(0), advisory target size: 67108864, actual target size 1048576, minimum partition size: 1048576
[2025-04-27T08:45:13.313+0000] {spark_submit.py:490} INFO - 25/04/27 08:45:13 INFO CodeGenerator: Code generated in 11.851858 ms
[2025-04-27T08:45:13.343+0000] {spark_submit.py:490} INFO - 25/04/27 08:45:13 INFO CodeGenerator: Code generated in 11.955597 ms
[2025-04-27T08:45:13.363+0000] {spark_submit.py:490} INFO - 25/04/27 08:45:13 INFO CodeGenerator: Code generated in 11.71909 ms
[2025-04-27T08:45:13.448+0000] {spark_submit.py:490} INFO - 25/04/27 08:45:13 INFO SparkContext: Starting job: jdbc at NativeMethodAccessorImpl.java:0
[2025-04-27T08:45:13.451+0000] {spark_submit.py:490} INFO - 25/04/27 08:45:13 INFO DAGScheduler: Got job 1 (jdbc at NativeMethodAccessorImpl.java:0) with 2 output partitions
[2025-04-27T08:45:13.451+0000] {spark_submit.py:490} INFO - 25/04/27 08:45:13 INFO DAGScheduler: Final stage: ResultStage 2 (jdbc at NativeMethodAccessorImpl.java:0)
[2025-04-27T08:45:13.451+0000] {spark_submit.py:490} INFO - 25/04/27 08:45:13 INFO DAGScheduler: Parents of final stage: List(ShuffleMapStage 1)
[2025-04-27T08:45:13.452+0000] {spark_submit.py:490} INFO - 25/04/27 08:45:13 INFO DAGScheduler: Missing parents: List()
[2025-04-27T08:45:13.453+0000] {spark_submit.py:490} INFO - 25/04/27 08:45:13 INFO DAGScheduler: Submitting ResultStage 2 (MapPartitionsRDD[13] at jdbc at NativeMethodAccessorImpl.java:0), which has no missing parents
[2025-04-27T08:45:13.482+0000] {spark_submit.py:490} INFO - 25/04/27 08:45:13 INFO MemoryStore: Block broadcast_1 stored as values in memory (estimated size 59.0 KiB, free 434.3 MiB)
[2025-04-27T08:45:13.484+0000] {spark_submit.py:490} INFO - 25/04/27 08:45:13 INFO MemoryStore: Block broadcast_1_piece0 stored as bytes in memory (estimated size 23.9 KiB, free 434.3 MiB)
[2025-04-27T08:45:13.485+0000] {spark_submit.py:490} INFO - 25/04/27 08:45:13 INFO BlockManagerInfo: Added broadcast_1_piece0 in memory on c82426b22b9f:46095 (size: 23.9 KiB, free: 434.4 MiB)
[2025-04-27T08:45:13.486+0000] {spark_submit.py:490} INFO - 25/04/27 08:45:13 INFO SparkContext: Created broadcast 1 from broadcast at DAGScheduler.scala:1513
[2025-04-27T08:45:13.488+0000] {spark_submit.py:490} INFO - 25/04/27 08:45:13 INFO DAGScheduler: Submitting 2 missing tasks from ResultStage 2 (MapPartitionsRDD[13] at jdbc at NativeMethodAccessorImpl.java:0) (first 15 tasks are for partitions Vector(0, 1))
[2025-04-27T08:45:13.488+0000] {spark_submit.py:490} INFO - 25/04/27 08:45:13 INFO TaskSchedulerImpl: Adding task set 2.0 with 2 tasks resource profile 0
[2025-04-27T08:45:13.495+0000] {spark_submit.py:490} INFO - 25/04/27 08:45:13 INFO TaskSetManager: Starting task 1.0 in stage 2.0 (TID 1) (172.18.0.5, executor 0, partition 1, NODE_LOCAL, 4566 bytes) taskResourceAssignments Map()
[2025-04-27T08:45:13.518+0000] {spark_submit.py:490} INFO - 25/04/27 08:45:13 INFO BlockManagerInfo: Added broadcast_1_piece0 in memory on 172.18.0.5:36835 (size: 23.9 KiB, free: 366.3 MiB)
[2025-04-27T08:45:13.854+0000] {spark_submit.py:490} INFO - 25/04/27 08:45:13 INFO MapOutputTrackerMasterEndpoint: Asked to send map output locations for shuffle 0 to 172.18.0.5:54514
[2025-04-27T08:45:13.890+0000] {spark_submit.py:490} INFO - 25/04/27 08:45:13 INFO BlockManagerInfo: Removed broadcast_0_piece0 on c82426b22b9f:46095 in memory (size: 7.9 KiB, free: 434.4 MiB)
[2025-04-27T08:45:13.891+0000] {spark_submit.py:490} INFO - 25/04/27 08:45:13 INFO BlockManagerInfo: Removed broadcast_0_piece0 on 172.18.0.5:36835 in memory (size: 7.9 KiB, free: 366.3 MiB)
[2025-04-27T08:45:15.113+0000] {spark_submit.py:490} INFO - 25/04/27 08:45:15 INFO TaskSetManager: Starting task 0.0 in stage 2.0 (TID 2) (172.18.0.5, executor 0, partition 0, PROCESS_LOCAL, 4412 bytes) taskResourceAssignments Map()
[2025-04-27T08:45:15.114+0000] {spark_submit.py:490} INFO - 25/04/27 08:45:15 INFO TaskSetManager: Finished task 1.0 in stage 2.0 (TID 1) in 1622 ms on 172.18.0.5 (executor 0) (1/2)
[2025-04-27T08:45:15.195+0000] {spark_submit.py:490} INFO - 25/04/27 08:45:15 INFO TaskSetManager: Finished task 0.0 in stage 2.0 (TID 2) in 83 ms on 172.18.0.5 (executor 0) (2/2)
[2025-04-27T08:45:15.196+0000] {spark_submit.py:490} INFO - 25/04/27 08:45:15 INFO TaskSchedulerImpl: Removed TaskSet 2.0, whose tasks have all completed, from pool
[2025-04-27T08:45:15.196+0000] {spark_submit.py:490} INFO - 25/04/27 08:45:15 INFO DAGScheduler: ResultStage 2 (jdbc at NativeMethodAccessorImpl.java:0) finished in 1.734 s
[2025-04-27T08:45:15.198+0000] {spark_submit.py:490} INFO - 25/04/27 08:45:15 INFO DAGScheduler: Job 1 is finished. Cancelling potential speculative or zombie tasks for this job
[2025-04-27T08:45:15.198+0000] {spark_submit.py:490} INFO - 25/04/27 08:45:15 INFO TaskSchedulerImpl: Killing all running tasks in stage 2: Stage finished
[2025-04-27T08:45:15.200+0000] {spark_submit.py:490} INFO - 25/04/27 08:45:15 INFO DAGScheduler: Job 1 finished: jdbc at NativeMethodAccessorImpl.java:0, took 1.751681 s
[2025-04-27T08:45:15.260+0000] {spark_submit.py:490} INFO - 25/04/27 08:45:15 WARN ClickHouseDriver: ******************************************************************************************
[2025-04-27T08:45:15.261+0000] {spark_submit.py:490} INFO - 25/04/27 08:45:15 WARN ClickHouseDriver: * This driver is DEPRECATED. Please use [com.clickhouse.jdbc.ClickHouseDriver] instead.  *
[2025-04-27T08:45:15.261+0000] {spark_submit.py:490} INFO - 25/04/27 08:45:15 WARN ClickHouseDriver: * Also everything in package [ru.yandex.clickhouse] will be removed starting from 0.4.0. *
[2025-04-27T08:45:15.261+0000] {spark_submit.py:490} INFO - 25/04/27 08:45:15 WARN ClickHouseDriver: ******************************************************************************************
[2025-04-27T08:45:15.465+0000] {spark_submit.py:490} INFO - Traceback (most recent call last):
[2025-04-27T08:45:15.466+0000] {spark_submit.py:490} INFO - File "/opt/airflow/spark/detect_suspicious.py", line 79, in <module>
[2025-04-27T08:45:15.467+0000] {spark_submit.py:490} INFO - .mode("append") \
[2025-04-27T08:45:15.468+0000] {spark_submit.py:490} INFO - File "/opt/spark/python/lib/pyspark.zip/pyspark/sql/readwriter.py", line 966, in save
[2025-04-27T08:45:15.478+0000] {spark_submit.py:490} INFO - File "/opt/spark/python/lib/py4j-0.10.9.5-src.zip/py4j/java_gateway.py", line 1322, in __call__
[2025-04-27T08:45:15.478+0000] {spark_submit.py:490} INFO - File "/opt/spark/python/lib/pyspark.zip/pyspark/sql/utils.py", line 190, in deco
[2025-04-27T08:45:15.478+0000] {spark_submit.py:490} INFO - File "/opt/spark/python/lib/py4j-0.10.9.5-src.zip/py4j/protocol.py", line 328, in get_return_value
[2025-04-27T08:45:15.479+0000] {spark_submit.py:490} INFO - py4j.protocol.Py4JJavaError: An error occurred while calling o81.save.
[2025-04-27T08:45:15.479+0000] {spark_submit.py:490} INFO - : ru.yandex.clickhouse.except.ClickHouseException: ClickHouse exception, code: 81, host: clickhouse, port: 8123; Code: 81. DB::Exception: Database finbest doesn't exist. (UNKNOWN_DATABASE) (version 22.3.20.29 (official build))
[2025-04-27T08:45:15.480+0000] {spark_submit.py:490} INFO - 
[2025-04-27T08:45:15.480+0000] {spark_submit.py:490} INFO - at ru.yandex.clickhouse.except.ClickHouseExceptionSpecifier.specify(ClickHouseExceptionSpecifier.java:60)
[2025-04-27T08:45:15.480+0000] {spark_submit.py:490} INFO - at ru.yandex.clickhouse.except.ClickHouseExceptionSpecifier.specify(ClickHouseExceptionSpecifier.java:30)
[2025-04-27T08:45:15.480+0000] {spark_submit.py:490} INFO - at ru.yandex.clickhouse.ClickHouseStatementImpl.checkForErrorAndThrow(ClickHouseStatementImpl.java:1083)
[2025-04-27T08:45:15.480+0000] {spark_submit.py:490} INFO - at ru.yandex.clickhouse.ClickHouseStatementImpl.getInputStream(ClickHouseStatementImpl.java:770)
[2025-04-27T08:45:15.480+0000] {spark_submit.py:490} INFO - at ru.yandex.clickhouse.ClickHouseStatementImpl.getLastInputStream(ClickHouseStatementImpl.java:693)
[2025-04-27T08:45:15.480+0000] {spark_submit.py:490} INFO - at ru.yandex.clickhouse.ClickHouseStatementImpl.executeQuery(ClickHouseStatementImpl.java:341)
[2025-04-27T08:45:15.480+0000] {spark_submit.py:490} INFO - at ru.yandex.clickhouse.ClickHouseStatementImpl.executeQuery(ClickHouseStatementImpl.java:326)
[2025-04-27T08:45:15.480+0000] {spark_submit.py:490} INFO - at ru.yandex.clickhouse.ClickHouseStatementImpl.executeQuery(ClickHouseStatementImpl.java:320)
[2025-04-27T08:45:15.480+0000] {spark_submit.py:490} INFO - at ru.yandex.clickhouse.ClickHouseStatementImpl.executeQuery(ClickHouseStatementImpl.java:314)
[2025-04-27T08:45:15.481+0000] {spark_submit.py:490} INFO - at ru.yandex.clickhouse.ClickHouseConnectionImpl.initConnection(ClickHouseConnectionImpl.java:95)
[2025-04-27T08:45:15.481+0000] {spark_submit.py:490} INFO - at ru.yandex.clickhouse.ClickHouseConnectionImpl.<init>(ClickHouseConnectionImpl.java:79)
[2025-04-27T08:45:15.481+0000] {spark_submit.py:490} INFO - at ru.yandex.clickhouse.ClickHouseDriver.connect(ClickHouseDriver.java:65)
[2025-04-27T08:45:15.481+0000] {spark_submit.py:490} INFO - at ru.yandex.clickhouse.ClickHouseDriver.connect(ClickHouseDriver.java:57)
[2025-04-27T08:45:15.481+0000] {spark_submit.py:490} INFO - at ru.yandex.clickhouse.ClickHouseDriver.connect(ClickHouseDriver.java:36)
[2025-04-27T08:45:15.481+0000] {spark_submit.py:490} INFO - at org.apache.spark.sql.execution.datasources.jdbc.connection.BasicConnectionProvider.getConnection(BasicConnectionProvider.scala:49)
[2025-04-27T08:45:15.481+0000] {spark_submit.py:490} INFO - at org.apache.spark.sql.execution.datasources.jdbc.connection.ConnectionProviderBase.create(ConnectionProvider.scala:102)
[2025-04-27T08:45:15.481+0000] {spark_submit.py:490} INFO - at org.apache.spark.sql.jdbc.JdbcDialect.$anonfun$createConnectionFactory$1(JdbcDialects.scala:122)
[2025-04-27T08:45:15.481+0000] {spark_submit.py:490} INFO - at org.apache.spark.sql.jdbc.JdbcDialect.$anonfun$createConnectionFactory$1$adapted(JdbcDialects.scala:118)
[2025-04-27T08:45:15.481+0000] {spark_submit.py:490} INFO - at org.apache.spark.sql.execution.datasources.jdbc.JdbcRelationProvider.createRelation(JdbcRelationProvider.scala:50)
[2025-04-27T08:45:15.481+0000] {spark_submit.py:490} INFO - at org.apache.spark.sql.execution.datasources.SaveIntoDataSourceCommand.run(SaveIntoDataSourceCommand.scala:45)
[2025-04-27T08:45:15.481+0000] {spark_submit.py:490} INFO - at org.apache.spark.sql.execution.command.ExecutedCommandExec.sideEffectResult$lzycompute(commands.scala:75)
[2025-04-27T08:45:15.482+0000] {spark_submit.py:490} INFO - at org.apache.spark.sql.execution.command.ExecutedCommandExec.sideEffectResult(commands.scala:73)
[2025-04-27T08:45:15.482+0000] {spark_submit.py:490} INFO - at org.apache.spark.sql.execution.command.ExecutedCommandExec.executeCollect(commands.scala:84)
[2025-04-27T08:45:15.482+0000] {spark_submit.py:490} INFO - at org.apache.spark.sql.execution.QueryExecution$$anonfun$eagerlyExecuteCommands$1.$anonfun$applyOrElse$1(QueryExecution.scala:98)
[2025-04-27T08:45:15.482+0000] {spark_submit.py:490} INFO - at org.apache.spark.sql.execution.SQLExecution$.$anonfun$withNewExecutionId$6(SQLExecution.scala:109)
[2025-04-27T08:45:15.482+0000] {spark_submit.py:490} INFO - at org.apache.spark.sql.execution.SQLExecution$.withSQLConfPropagated(SQLExecution.scala:169)
[2025-04-27T08:45:15.482+0000] {spark_submit.py:490} INFO - at org.apache.spark.sql.execution.SQLExecution$.$anonfun$withNewExecutionId$1(SQLExecution.scala:95)
[2025-04-27T08:45:15.482+0000] {spark_submit.py:490} INFO - at org.apache.spark.sql.SparkSession.withActive(SparkSession.scala:779)
[2025-04-27T08:45:15.482+0000] {spark_submit.py:490} INFO - at org.apache.spark.sql.execution.SQLExecution$.withNewExecutionId(SQLExecution.scala:64)
[2025-04-27T08:45:15.482+0000] {spark_submit.py:490} INFO - at org.apache.spark.sql.execution.QueryExecution$$anonfun$eagerlyExecuteCommands$1.applyOrElse(QueryExecution.scala:98)
[2025-04-27T08:45:15.482+0000] {spark_submit.py:490} INFO - at org.apache.spark.sql.execution.QueryExecution$$anonfun$eagerlyExecuteCommands$1.applyOrElse(QueryExecution.scala:94)
[2025-04-27T08:45:15.482+0000] {spark_submit.py:490} INFO - at org.apache.spark.sql.catalyst.trees.TreeNode.$anonfun$transformDownWithPruning$1(TreeNode.scala:584)
[2025-04-27T08:45:15.482+0000] {spark_submit.py:490} INFO - at org.apache.spark.sql.catalyst.trees.CurrentOrigin$.withOrigin(TreeNode.scala:176)
[2025-04-27T08:45:15.482+0000] {spark_submit.py:490} INFO - at org.apache.spark.sql.catalyst.trees.TreeNode.transformDownWithPruning(TreeNode.scala:584)
[2025-04-27T08:45:15.482+0000] {spark_submit.py:490} INFO - at org.apache.spark.sql.catalyst.plans.logical.LogicalPlan.org$apache$spark$sql$catalyst$plans$logical$AnalysisHelper$$super$transformDownWithPruning(LogicalPlan.scala:30)
[2025-04-27T08:45:15.482+0000] {spark_submit.py:490} INFO - at org.apache.spark.sql.catalyst.plans.logical.AnalysisHelper.transformDownWithPruning(AnalysisHelper.scala:267)
[2025-04-27T08:45:15.483+0000] {spark_submit.py:490} INFO - at org.apache.spark.sql.catalyst.plans.logical.AnalysisHelper.transformDownWithPruning$(AnalysisHelper.scala:263)
[2025-04-27T08:45:15.483+0000] {spark_submit.py:490} INFO - at org.apache.spark.sql.catalyst.plans.logical.LogicalPlan.transformDownWithPruning(LogicalPlan.scala:30)
[2025-04-27T08:45:15.483+0000] {spark_submit.py:490} INFO - at org.apache.spark.sql.catalyst.plans.logical.LogicalPlan.transformDownWithPruning(LogicalPlan.scala:30)
[2025-04-27T08:45:15.483+0000] {spark_submit.py:490} INFO - at org.apache.spark.sql.catalyst.trees.TreeNode.transformDown(TreeNode.scala:560)
[2025-04-27T08:45:15.485+0000] {spark_submit.py:490} INFO - at org.apache.spark.sql.execution.QueryExecution.eagerlyExecuteCommands(QueryExecution.scala:94)
[2025-04-27T08:45:15.485+0000] {spark_submit.py:490} INFO - at org.apache.spark.sql.execution.QueryExecution.commandExecuted$lzycompute(QueryExecution.scala:81)
[2025-04-27T08:45:15.485+0000] {spark_submit.py:490} INFO - at org.apache.spark.sql.execution.QueryExecution.commandExecuted(QueryExecution.scala:79)
[2025-04-27T08:45:15.485+0000] {spark_submit.py:490} INFO - at org.apache.spark.sql.execution.QueryExecution.assertCommandExecuted(QueryExecution.scala:116)
[2025-04-27T08:45:15.485+0000] {spark_submit.py:490} INFO - at org.apache.spark.sql.DataFrameWriter.runCommand(DataFrameWriter.scala:860)
[2025-04-27T08:45:15.485+0000] {spark_submit.py:490} INFO - at org.apache.spark.sql.DataFrameWriter.saveToV1Source(DataFrameWriter.scala:390)
[2025-04-27T08:45:15.485+0000] {spark_submit.py:490} INFO - at org.apache.spark.sql.DataFrameWriter.saveInternal(DataFrameWriter.scala:363)
[2025-04-27T08:45:15.485+0000] {spark_submit.py:490} INFO - at org.apache.spark.sql.DataFrameWriter.save(DataFrameWriter.scala:247)
[2025-04-27T08:45:15.486+0000] {spark_submit.py:490} INFO - at java.base/jdk.internal.reflect.NativeMethodAccessorImpl.invoke0(Native Method)
[2025-04-27T08:45:15.486+0000] {spark_submit.py:490} INFO - at java.base/jdk.internal.reflect.NativeMethodAccessorImpl.invoke(NativeMethodAccessorImpl.java:62)
[2025-04-27T08:45:15.486+0000] {spark_submit.py:490} INFO - at java.base/jdk.internal.reflect.DelegatingMethodAccessorImpl.invoke(DelegatingMethodAccessorImpl.java:43)
[2025-04-27T08:45:15.486+0000] {spark_submit.py:490} INFO - at java.base/java.lang.reflect.Method.invoke(Method.java:566)
[2025-04-27T08:45:15.486+0000] {spark_submit.py:490} INFO - at py4j.reflection.MethodInvoker.invoke(MethodInvoker.java:244)
[2025-04-27T08:45:15.486+0000] {spark_submit.py:490} INFO - at py4j.reflection.ReflectionEngine.invoke(ReflectionEngine.java:357)
[2025-04-27T08:45:15.486+0000] {spark_submit.py:490} INFO - at py4j.Gateway.invoke(Gateway.java:282)
[2025-04-27T08:45:15.486+0000] {spark_submit.py:490} INFO - at py4j.commands.AbstractCommand.invokeMethod(AbstractCommand.java:132)
[2025-04-27T08:45:15.486+0000] {spark_submit.py:490} INFO - at py4j.commands.CallCommand.execute(CallCommand.java:79)
[2025-04-27T08:45:15.486+0000] {spark_submit.py:490} INFO - at py4j.ClientServerConnection.waitForCommands(ClientServerConnection.java:182)
[2025-04-27T08:45:15.486+0000] {spark_submit.py:490} INFO - at py4j.ClientServerConnection.run(ClientServerConnection.java:106)
[2025-04-27T08:45:15.486+0000] {spark_submit.py:490} INFO - at java.base/java.lang.Thread.run(Thread.java:829)
[2025-04-27T08:45:15.486+0000] {spark_submit.py:490} INFO - Caused by: java.lang.Throwable: Code: 81. DB::Exception: Database finbest doesn't exist. (UNKNOWN_DATABASE) (version 22.3.20.29 (official build))
[2025-04-27T08:45:15.486+0000] {spark_submit.py:490} INFO - 
[2025-04-27T08:45:15.487+0000] {spark_submit.py:490} INFO - at ru.yandex.clickhouse.except.ClickHouseExceptionSpecifier.specify(ClickHouseExceptionSpecifier.java:55)
[2025-04-27T08:45:15.487+0000] {spark_submit.py:490} INFO - ... 59 more
[2025-04-27T08:45:15.487+0000] {spark_submit.py:490} INFO - 
[2025-04-27T08:45:15.536+0000] {spark_submit.py:490} INFO - 25/04/27 08:45:15 INFO SparkContext: Invoking stop() from shutdown hook
[2025-04-27T08:45:15.544+0000] {spark_submit.py:490} INFO - 25/04/27 08:45:15 INFO SparkUI: Stopped Spark web UI at http://c82426b22b9f:4040
[2025-04-27T08:45:15.545+0000] {spark_submit.py:490} INFO - 25/04/27 08:45:15 INFO StandaloneSchedulerBackend: Shutting down all executors
[2025-04-27T08:45:15.545+0000] {spark_submit.py:490} INFO - 25/04/27 08:45:15 INFO CoarseGrainedSchedulerBackend$DriverEndpoint: Asking each executor to shut down
[2025-04-27T08:45:15.561+0000] {spark_submit.py:490} INFO - 25/04/27 08:45:15 INFO MapOutputTrackerMasterEndpoint: MapOutputTrackerMasterEndpoint stopped!
[2025-04-27T08:45:15.593+0000] {spark_submit.py:490} INFO - 25/04/27 08:45:15 INFO MemoryStore: MemoryStore cleared
[2025-04-27T08:45:15.593+0000] {spark_submit.py:490} INFO - 25/04/27 08:45:15 INFO BlockManager: BlockManager stopped
[2025-04-27T08:45:15.597+0000] {spark_submit.py:490} INFO - 25/04/27 08:45:15 INFO BlockManagerMaster: BlockManagerMaster stopped
[2025-04-27T08:45:15.599+0000] {spark_submit.py:490} INFO - 25/04/27 08:45:15 INFO OutputCommitCoordinator$OutputCommitCoordinatorEndpoint: OutputCommitCoordinator stopped!
[2025-04-27T08:45:15.604+0000] {spark_submit.py:490} INFO - 25/04/27 08:45:15 INFO SparkContext: Successfully stopped SparkContext
[2025-04-27T08:45:15.604+0000] {spark_submit.py:490} INFO - 25/04/27 08:45:15 INFO ShutdownHookManager: Shutdown hook called
[2025-04-27T08:45:15.604+0000] {spark_submit.py:490} INFO - 25/04/27 08:45:15 INFO ShutdownHookManager: Deleting directory /tmp/spark-fcb4aa20-c24a-4c15-8492-bcdbaee343c7
[2025-04-27T08:45:15.607+0000] {spark_submit.py:490} INFO - 25/04/27 08:45:15 INFO ShutdownHookManager: Deleting directory /tmp/spark-c0a46537-1e7b-4a7e-a0bb-df45087556fe/pyspark-4412eaa6-3c0d-48d1-8c6b-92a2ac7a286f
[2025-04-27T08:45:15.609+0000] {spark_submit.py:490} INFO - 25/04/27 08:45:15 INFO ShutdownHookManager: Deleting directory /tmp/spark-c0a46537-1e7b-4a7e-a0bb-df45087556fe
[2025-04-27T08:45:15.671+0000] {taskinstance.py:1824} ERROR - Task failed with exception
Traceback (most recent call last):
  File "/home/airflow/.local/lib/python3.7/site-packages/airflow/providers/apache/spark/operators/spark_submit.py", line 157, in execute
    self._hook.submit(self._application)
  File "/home/airflow/.local/lib/python3.7/site-packages/airflow/providers/apache/spark/hooks/spark_submit.py", line 422, in submit
    f"Cannot execute: {self._mask_cmd(spark_submit_cmd)}. Error code is: {returncode}."
airflow.exceptions.AirflowException: Cannot execute: spark-submit --master spark://spark-master:7077 --packages org.postgresql:postgresql:42.6.0,ru.yandex.clickhouse:clickhouse-jdbc:0.3.2 --executor-cores 1 --executor-memory 1g --driver-memory 1g --name arrow-spark /opt/airflow/spark/detect_suspicious.py --jdbc jdbc:postgresql://postgres:5432/finbest --clickhouse-url jdbc:clickhouse://clickhouse:8123/finbest. Error code is: 1.
[2025-04-27T08:45:15.678+0000] {taskinstance.py:1350} INFO - Marking task as FAILED. dag_id=transform, task_id=detect_suspicious, execution_date=20250427T083156, start_date=20250427T084503, end_date=20250427T084515
[2025-04-27T08:45:15.688+0000] {standard_task_runner.py:109} ERROR - Failed to execute job 33 for task detect_suspicious (Cannot execute: spark-submit --master spark://spark-master:7077 --packages org.postgresql:postgresql:42.6.0,ru.yandex.clickhouse:clickhouse-jdbc:0.3.2 --executor-cores 1 --executor-memory 1g --driver-memory 1g --name arrow-spark /opt/airflow/spark/detect_suspicious.py --jdbc jdbc:postgresql://postgres:5432/finbest --clickhouse-url jdbc:clickhouse://clickhouse:8123/finbest. Error code is: 1.; 1269)
[2025-04-27T08:45:15.711+0000] {local_task_job_runner.py:225} INFO - Task exited with return code 1
[2025-04-27T08:45:15.804+0000] {taskinstance.py:2653} INFO - 0 downstream tasks scheduled from follow-on schedule check
