[2025-04-27T08:32:10.306+0000] {taskinstance.py:1103} INFO - Dependencies all met for dep_context=non-requeueable deps ti=<TaskInstance: transform.detect_suspicious manual__2025-04-27T08:31:56.050788+00:00 [queued]>
[2025-04-27T08:32:10.312+0000] {taskinstance.py:1103} INFO - Dependencies all met for dep_context=requeueable deps ti=<TaskInstance: transform.detect_suspicious manual__2025-04-27T08:31:56.050788+00:00 [queued]>
[2025-04-27T08:32:10.313+0000] {taskinstance.py:1308} INFO - Starting attempt 1 of 2
[2025-04-27T08:32:10.323+0000] {taskinstance.py:1327} INFO - Executing <Task(SparkSubmitOperator): detect_suspicious> on 2025-04-27 08:31:56.050788+00:00
[2025-04-27T08:32:10.327+0000] {standard_task_runner.py:57} INFO - Started process 974 to run task
[2025-04-27T08:32:10.329+0000] {standard_task_runner.py:84} INFO - Running: ['airflow', 'tasks', 'run', 'transform', 'detect_suspicious', 'manual__2025-04-27T08:31:56.050788+00:00', '--job-id', '32', '--raw', '--subdir', 'DAGS_FOLDER/transform.py', '--cfg-path', '/tmp/tmpija99j0n']
[2025-04-27T08:32:10.331+0000] {standard_task_runner.py:85} INFO - Job 32: Subtask detect_suspicious
[2025-04-27T08:32:10.372+0000] {task_command.py:410} INFO - Running <TaskInstance: transform.detect_suspicious manual__2025-04-27T08:31:56.050788+00:00 [running]> on host c82426b22b9f
[2025-04-27T08:32:10.521+0000] {taskinstance.py:1547} INFO - Exporting env vars: AIRFLOW_CTX_DAG_OWNER='finbest' AIRFLOW_CTX_DAG_ID='transform' AIRFLOW_CTX_TASK_ID='detect_suspicious' AIRFLOW_CTX_EXECUTION_DATE='2025-04-27T08:31:56.050788+00:00' AIRFLOW_CTX_TRY_NUMBER='1' AIRFLOW_CTX_DAG_RUN_ID='manual__2025-04-27T08:31:56.050788+00:00'
[2025-04-27T08:32:10.529+0000] {base.py:73} INFO - Using connection ID 'spark_default' for task execution.
[2025-04-27T08:32:10.530+0000] {spark_submit.py:339} INFO - Spark-Submit cmd: spark-submit --master spark://spark-master:7077 --packages org.postgresql:postgresql:42.6.0,ru.yandex.clickhouse:clickhouse-jdbc:0.3.2 --executor-cores 1 --executor-memory 1g --driver-memory 1g --name arrow-spark /opt/airflow/spark/detect_suspicious.py --jdbc jdbc:postgresql://postgres:5432/finbest --clickhouse-url jdbc:clickhouse://clickhouse:8123/finbest
[2025-04-27T08:32:11.956+0000] {spark_submit.py:490} INFO - :: loading settings :: url = jar:file:/opt/spark/jars/ivy-2.5.0.jar!/org/apache/ivy/core/settings/ivysettings.xml
[2025-04-27T08:32:12.050+0000] {spark_submit.py:490} INFO - Ivy Default Cache set to: /home/airflow/.ivy2/cache
[2025-04-27T08:32:12.051+0000] {spark_submit.py:490} INFO - The jars for the packages stored in: /home/airflow/.ivy2/jars
[2025-04-27T08:32:12.054+0000] {spark_submit.py:490} INFO - org.postgresql#postgresql added as a dependency
[2025-04-27T08:32:12.055+0000] {spark_submit.py:490} INFO - ru.yandex.clickhouse#clickhouse-jdbc added as a dependency
[2025-04-27T08:32:12.055+0000] {spark_submit.py:490} INFO - :: resolving dependencies :: org.apache.spark#spark-submit-parent-a5dbc343-3238-42ea-8222-06d7727735f9;1.0
[2025-04-27T08:32:12.056+0000] {spark_submit.py:490} INFO - confs: [default]
[2025-04-27T08:32:12.135+0000] {spark_submit.py:490} INFO - found org.postgresql#postgresql;42.6.0 in central
[2025-04-27T08:32:12.152+0000] {spark_submit.py:490} INFO - found org.checkerframework#checker-qual;3.31.0 in central
[2025-04-27T08:32:12.170+0000] {spark_submit.py:490} INFO - found ru.yandex.clickhouse#clickhouse-jdbc;0.3.2 in central
[2025-04-27T08:32:12.192+0000] {spark_submit.py:490} INFO - found com.clickhouse#clickhouse-http-client;0.3.2 in central
[2025-04-27T08:32:12.213+0000] {spark_submit.py:490} INFO - found com.clickhouse#clickhouse-client;0.3.2 in central
[2025-04-27T08:32:12.231+0000] {spark_submit.py:490} INFO - found org.lz4#lz4-java;1.8.0 in central
[2025-04-27T08:32:12.251+0000] {spark_submit.py:490} INFO - found com.google.code.gson#gson;2.8.8 in central
[2025-04-27T08:32:12.269+0000] {spark_submit.py:490} INFO - found org.apache.httpcomponents#httpclient;4.5.13 in central
[2025-04-27T08:32:12.287+0000] {spark_submit.py:490} INFO - found org.apache.httpcomponents#httpcore;4.4.13 in central
[2025-04-27T08:32:12.299+0000] {spark_submit.py:490} INFO - found commons-logging#commons-logging;1.2 in central
[2025-04-27T08:32:12.310+0000] {spark_submit.py:490} INFO - found commons-codec#commons-codec;1.11 in central
[2025-04-27T08:32:12.320+0000] {spark_submit.py:490} INFO - found org.apache.httpcomponents#httpmime;4.5.13 in central
[2025-04-27T08:32:12.343+0000] {spark_submit.py:490} INFO - :: resolution report :: resolve 275ms :: artifacts dl 13ms
[2025-04-27T08:32:12.343+0000] {spark_submit.py:490} INFO - :: modules in use:
[2025-04-27T08:32:12.343+0000] {spark_submit.py:490} INFO - com.clickhouse#clickhouse-client;0.3.2 from central in [default]
[2025-04-27T08:32:12.343+0000] {spark_submit.py:490} INFO - com.clickhouse#clickhouse-http-client;0.3.2 from central in [default]
[2025-04-27T08:32:12.343+0000] {spark_submit.py:490} INFO - com.google.code.gson#gson;2.8.8 from central in [default]
[2025-04-27T08:32:12.343+0000] {spark_submit.py:490} INFO - commons-codec#commons-codec;1.11 from central in [default]
[2025-04-27T08:32:12.344+0000] {spark_submit.py:490} INFO - commons-logging#commons-logging;1.2 from central in [default]
[2025-04-27T08:32:12.344+0000] {spark_submit.py:490} INFO - org.apache.httpcomponents#httpclient;4.5.13 from central in [default]
[2025-04-27T08:32:12.344+0000] {spark_submit.py:490} INFO - org.apache.httpcomponents#httpcore;4.4.13 from central in [default]
[2025-04-27T08:32:12.344+0000] {spark_submit.py:490} INFO - org.apache.httpcomponents#httpmime;4.5.13 from central in [default]
[2025-04-27T08:32:12.344+0000] {spark_submit.py:490} INFO - org.checkerframework#checker-qual;3.31.0 from central in [default]
[2025-04-27T08:32:12.344+0000] {spark_submit.py:490} INFO - org.lz4#lz4-java;1.8.0 from central in [default]
[2025-04-27T08:32:12.344+0000] {spark_submit.py:490} INFO - org.postgresql#postgresql;42.6.0 from central in [default]
[2025-04-27T08:32:12.344+0000] {spark_submit.py:490} INFO - ru.yandex.clickhouse#clickhouse-jdbc;0.3.2 from central in [default]
[2025-04-27T08:32:12.344+0000] {spark_submit.py:490} INFO - ---------------------------------------------------------------------
[2025-04-27T08:32:12.344+0000] {spark_submit.py:490} INFO - |                  |            modules            ||   artifacts   |
[2025-04-27T08:32:12.344+0000] {spark_submit.py:490} INFO - |       conf       | number| search|dwnlded|evicted|| number|dwnlded|
[2025-04-27T08:32:12.345+0000] {spark_submit.py:490} INFO - ---------------------------------------------------------------------
[2025-04-27T08:32:12.345+0000] {spark_submit.py:490} INFO - |      default     |   12  |   0   |   0   |   0   ||   12  |   0   |
[2025-04-27T08:32:12.345+0000] {spark_submit.py:490} INFO - ---------------------------------------------------------------------
[2025-04-27T08:32:12.350+0000] {spark_submit.py:490} INFO - :: retrieving :: org.apache.spark#spark-submit-parent-a5dbc343-3238-42ea-8222-06d7727735f9
[2025-04-27T08:32:12.350+0000] {spark_submit.py:490} INFO - confs: [default]
[2025-04-27T08:32:12.357+0000] {spark_submit.py:490} INFO - 0 artifacts copied, 12 already retrieved (0kB/7ms)
[2025-04-27T08:32:12.549+0000] {spark_submit.py:490} INFO - 25/04/27 08:32:12 WARN NativeCodeLoader: Unable to load native-hadoop library for your platform... using builtin-java classes where applicable
[2025-04-27T08:32:13.378+0000] {spark_submit.py:490} INFO - 25/04/27 08:32:13 INFO SparkContext: Running Spark version 3.3.0
[2025-04-27T08:32:13.396+0000] {spark_submit.py:490} INFO - 25/04/27 08:32:13 INFO ResourceUtils: ==============================================================
[2025-04-27T08:32:13.397+0000] {spark_submit.py:490} INFO - 25/04/27 08:32:13 INFO ResourceUtils: No custom resources configured for spark.driver.
[2025-04-27T08:32:13.397+0000] {spark_submit.py:490} INFO - 25/04/27 08:32:13 INFO ResourceUtils: ==============================================================
[2025-04-27T08:32:13.397+0000] {spark_submit.py:490} INFO - 25/04/27 08:32:13 INFO SparkContext: Submitted application: FinBestDetect
[2025-04-27T08:32:13.417+0000] {spark_submit.py:490} INFO - 25/04/27 08:32:13 INFO ResourceProfile: Default ResourceProfile created, executor resources: Map(cores -> name: cores, amount: 1, script: , vendor: , memory -> name: memory, amount: 1024, script: , vendor: , offHeap -> name: offHeap, amount: 0, script: , vendor: ), task resources: Map(cpus -> name: cpus, amount: 1.0)
[2025-04-27T08:32:13.428+0000] {spark_submit.py:490} INFO - 25/04/27 08:32:13 INFO ResourceProfile: Limiting resource is cpus at 1 tasks per executor
[2025-04-27T08:32:13.429+0000] {spark_submit.py:490} INFO - 25/04/27 08:32:13 INFO ResourceProfileManager: Added ResourceProfile id: 0
[2025-04-27T08:32:13.486+0000] {spark_submit.py:490} INFO - 25/04/27 08:32:13 INFO SecurityManager: Changing view acls to: airflow
[2025-04-27T08:32:13.486+0000] {spark_submit.py:490} INFO - 25/04/27 08:32:13 INFO SecurityManager: Changing modify acls to: airflow
[2025-04-27T08:32:13.486+0000] {spark_submit.py:490} INFO - 25/04/27 08:32:13 INFO SecurityManager: Changing view acls groups to:
[2025-04-27T08:32:13.487+0000] {spark_submit.py:490} INFO - 25/04/27 08:32:13 INFO SecurityManager: Changing modify acls groups to:
[2025-04-27T08:32:13.487+0000] {spark_submit.py:490} INFO - 25/04/27 08:32:13 INFO SecurityManager: SecurityManager: authentication disabled; ui acls disabled; users  with view permissions: Set(airflow); groups with view permissions: Set(); users  with modify permissions: Set(airflow); groups with modify permissions: Set()
[2025-04-27T08:32:13.747+0000] {spark_submit.py:490} INFO - 25/04/27 08:32:13 INFO Utils: Successfully started service 'sparkDriver' on port 42831.
[2025-04-27T08:32:13.775+0000] {spark_submit.py:490} INFO - 25/04/27 08:32:13 INFO SparkEnv: Registering MapOutputTracker
[2025-04-27T08:32:13.809+0000] {spark_submit.py:490} INFO - 25/04/27 08:32:13 INFO SparkEnv: Registering BlockManagerMaster
[2025-04-27T08:32:13.826+0000] {spark_submit.py:490} INFO - 25/04/27 08:32:13 INFO BlockManagerMasterEndpoint: Using org.apache.spark.storage.DefaultTopologyMapper for getting topology information
[2025-04-27T08:32:13.826+0000] {spark_submit.py:490} INFO - 25/04/27 08:32:13 INFO BlockManagerMasterEndpoint: BlockManagerMasterEndpoint up
[2025-04-27T08:32:13.830+0000] {spark_submit.py:490} INFO - 25/04/27 08:32:13 INFO SparkEnv: Registering BlockManagerMasterHeartbeat
[2025-04-27T08:32:13.851+0000] {spark_submit.py:490} INFO - 25/04/27 08:32:13 INFO DiskBlockManager: Created local directory at /tmp/blockmgr-b84df8f5-c930-422b-a688-df78adf3f44d
[2025-04-27T08:32:13.866+0000] {spark_submit.py:490} INFO - 25/04/27 08:32:13 INFO MemoryStore: MemoryStore started with capacity 434.4 MiB
[2025-04-27T08:32:13.880+0000] {spark_submit.py:490} INFO - 25/04/27 08:32:13 INFO SparkEnv: Registering OutputCommitCoordinator
[2025-04-27T08:32:14.034+0000] {spark_submit.py:490} INFO - 25/04/27 08:32:14 INFO Utils: Successfully started service 'SparkUI' on port 4040.
[2025-04-27T08:32:14.072+0000] {spark_submit.py:490} INFO - 25/04/27 08:32:14 INFO SparkContext: Added JAR file:///home/airflow/.ivy2/jars/org.postgresql_postgresql-42.6.0.jar at spark://c82426b22b9f:42831/jars/org.postgresql_postgresql-42.6.0.jar with timestamp 1745742733372
[2025-04-27T08:32:14.072+0000] {spark_submit.py:490} INFO - 25/04/27 08:32:14 INFO SparkContext: Added JAR file:///home/airflow/.ivy2/jars/ru.yandex.clickhouse_clickhouse-jdbc-0.3.2.jar at spark://c82426b22b9f:42831/jars/ru.yandex.clickhouse_clickhouse-jdbc-0.3.2.jar with timestamp 1745742733372
[2025-04-27T08:32:14.073+0000] {spark_submit.py:490} INFO - 25/04/27 08:32:14 INFO SparkContext: Added JAR file:///home/airflow/.ivy2/jars/org.checkerframework_checker-qual-3.31.0.jar at spark://c82426b22b9f:42831/jars/org.checkerframework_checker-qual-3.31.0.jar with timestamp 1745742733372
[2025-04-27T08:32:14.073+0000] {spark_submit.py:490} INFO - 25/04/27 08:32:14 INFO SparkContext: Added JAR file:///home/airflow/.ivy2/jars/com.clickhouse_clickhouse-http-client-0.3.2.jar at spark://c82426b22b9f:42831/jars/com.clickhouse_clickhouse-http-client-0.3.2.jar with timestamp 1745742733372
[2025-04-27T08:32:14.073+0000] {spark_submit.py:490} INFO - 25/04/27 08:32:14 INFO SparkContext: Added JAR file:///home/airflow/.ivy2/jars/com.google.code.gson_gson-2.8.8.jar at spark://c82426b22b9f:42831/jars/com.google.code.gson_gson-2.8.8.jar with timestamp 1745742733372
[2025-04-27T08:32:14.073+0000] {spark_submit.py:490} INFO - 25/04/27 08:32:14 INFO SparkContext: Added JAR file:///home/airflow/.ivy2/jars/org.apache.httpcomponents_httpclient-4.5.13.jar at spark://c82426b22b9f:42831/jars/org.apache.httpcomponents_httpclient-4.5.13.jar with timestamp 1745742733372
[2025-04-27T08:32:14.073+0000] {spark_submit.py:490} INFO - 25/04/27 08:32:14 INFO SparkContext: Added JAR file:///home/airflow/.ivy2/jars/org.apache.httpcomponents_httpmime-4.5.13.jar at spark://c82426b22b9f:42831/jars/org.apache.httpcomponents_httpmime-4.5.13.jar with timestamp 1745742733372
[2025-04-27T08:32:14.073+0000] {spark_submit.py:490} INFO - 25/04/27 08:32:14 INFO SparkContext: Added JAR file:///home/airflow/.ivy2/jars/org.lz4_lz4-java-1.8.0.jar at spark://c82426b22b9f:42831/jars/org.lz4_lz4-java-1.8.0.jar with timestamp 1745742733372
[2025-04-27T08:32:14.073+0000] {spark_submit.py:490} INFO - 25/04/27 08:32:14 INFO SparkContext: Added JAR file:///home/airflow/.ivy2/jars/com.clickhouse_clickhouse-client-0.3.2.jar at spark://c82426b22b9f:42831/jars/com.clickhouse_clickhouse-client-0.3.2.jar with timestamp 1745742733372
[2025-04-27T08:32:14.074+0000] {spark_submit.py:490} INFO - 25/04/27 08:32:14 INFO SparkContext: Added JAR file:///home/airflow/.ivy2/jars/org.apache.httpcomponents_httpcore-4.4.13.jar at spark://c82426b22b9f:42831/jars/org.apache.httpcomponents_httpcore-4.4.13.jar with timestamp 1745742733372
[2025-04-27T08:32:14.074+0000] {spark_submit.py:490} INFO - 25/04/27 08:32:14 INFO SparkContext: Added JAR file:///home/airflow/.ivy2/jars/commons-logging_commons-logging-1.2.jar at spark://c82426b22b9f:42831/jars/commons-logging_commons-logging-1.2.jar with timestamp 1745742733372
[2025-04-27T08:32:14.074+0000] {spark_submit.py:490} INFO - 25/04/27 08:32:14 INFO SparkContext: Added JAR file:///home/airflow/.ivy2/jars/commons-codec_commons-codec-1.11.jar at spark://c82426b22b9f:42831/jars/commons-codec_commons-codec-1.11.jar with timestamp 1745742733372
[2025-04-27T08:32:14.076+0000] {spark_submit.py:490} INFO - 25/04/27 08:32:14 INFO SparkContext: Added file file:///home/airflow/.ivy2/jars/org.postgresql_postgresql-42.6.0.jar at spark://c82426b22b9f:42831/files/org.postgresql_postgresql-42.6.0.jar with timestamp 1745742733372
[2025-04-27T08:32:14.077+0000] {spark_submit.py:490} INFO - 25/04/27 08:32:14 INFO Utils: Copying /home/airflow/.ivy2/jars/org.postgresql_postgresql-42.6.0.jar to /tmp/spark-b77fb56a-9ca0-4a7b-99f4-817ce285fe5a/userFiles-045dd220-8fe7-4e35-84e1-e63c3d0e9052/org.postgresql_postgresql-42.6.0.jar
[2025-04-27T08:32:14.089+0000] {spark_submit.py:490} INFO - 25/04/27 08:32:14 INFO SparkContext: Added file file:///home/airflow/.ivy2/jars/ru.yandex.clickhouse_clickhouse-jdbc-0.3.2.jar at spark://c82426b22b9f:42831/files/ru.yandex.clickhouse_clickhouse-jdbc-0.3.2.jar with timestamp 1745742733372
[2025-04-27T08:32:14.089+0000] {spark_submit.py:490} INFO - 25/04/27 08:32:14 INFO Utils: Copying /home/airflow/.ivy2/jars/ru.yandex.clickhouse_clickhouse-jdbc-0.3.2.jar to /tmp/spark-b77fb56a-9ca0-4a7b-99f4-817ce285fe5a/userFiles-045dd220-8fe7-4e35-84e1-e63c3d0e9052/ru.yandex.clickhouse_clickhouse-jdbc-0.3.2.jar
[2025-04-27T08:32:14.092+0000] {spark_submit.py:490} INFO - 25/04/27 08:32:14 INFO SparkContext: Added file file:///home/airflow/.ivy2/jars/org.checkerframework_checker-qual-3.31.0.jar at spark://c82426b22b9f:42831/files/org.checkerframework_checker-qual-3.31.0.jar with timestamp 1745742733372
[2025-04-27T08:32:14.093+0000] {spark_submit.py:490} INFO - 25/04/27 08:32:14 INFO Utils: Copying /home/airflow/.ivy2/jars/org.checkerframework_checker-qual-3.31.0.jar to /tmp/spark-b77fb56a-9ca0-4a7b-99f4-817ce285fe5a/userFiles-045dd220-8fe7-4e35-84e1-e63c3d0e9052/org.checkerframework_checker-qual-3.31.0.jar
[2025-04-27T08:32:14.096+0000] {spark_submit.py:490} INFO - 25/04/27 08:32:14 INFO SparkContext: Added file file:///home/airflow/.ivy2/jars/com.clickhouse_clickhouse-http-client-0.3.2.jar at spark://c82426b22b9f:42831/files/com.clickhouse_clickhouse-http-client-0.3.2.jar with timestamp 1745742733372
[2025-04-27T08:32:14.096+0000] {spark_submit.py:490} INFO - 25/04/27 08:32:14 INFO Utils: Copying /home/airflow/.ivy2/jars/com.clickhouse_clickhouse-http-client-0.3.2.jar to /tmp/spark-b77fb56a-9ca0-4a7b-99f4-817ce285fe5a/userFiles-045dd220-8fe7-4e35-84e1-e63c3d0e9052/com.clickhouse_clickhouse-http-client-0.3.2.jar
[2025-04-27T08:32:14.099+0000] {spark_submit.py:490} INFO - 25/04/27 08:32:14 INFO SparkContext: Added file file:///home/airflow/.ivy2/jars/com.google.code.gson_gson-2.8.8.jar at spark://c82426b22b9f:42831/files/com.google.code.gson_gson-2.8.8.jar with timestamp 1745742733372
[2025-04-27T08:32:14.099+0000] {spark_submit.py:490} INFO - 25/04/27 08:32:14 INFO Utils: Copying /home/airflow/.ivy2/jars/com.google.code.gson_gson-2.8.8.jar to /tmp/spark-b77fb56a-9ca0-4a7b-99f4-817ce285fe5a/userFiles-045dd220-8fe7-4e35-84e1-e63c3d0e9052/com.google.code.gson_gson-2.8.8.jar
[2025-04-27T08:32:14.102+0000] {spark_submit.py:490} INFO - 25/04/27 08:32:14 INFO SparkContext: Added file file:///home/airflow/.ivy2/jars/org.apache.httpcomponents_httpclient-4.5.13.jar at spark://c82426b22b9f:42831/files/org.apache.httpcomponents_httpclient-4.5.13.jar with timestamp 1745742733372
[2025-04-27T08:32:14.102+0000] {spark_submit.py:490} INFO - 25/04/27 08:32:14 INFO Utils: Copying /home/airflow/.ivy2/jars/org.apache.httpcomponents_httpclient-4.5.13.jar to /tmp/spark-b77fb56a-9ca0-4a7b-99f4-817ce285fe5a/userFiles-045dd220-8fe7-4e35-84e1-e63c3d0e9052/org.apache.httpcomponents_httpclient-4.5.13.jar
[2025-04-27T08:32:14.106+0000] {spark_submit.py:490} INFO - 25/04/27 08:32:14 INFO SparkContext: Added file file:///home/airflow/.ivy2/jars/org.apache.httpcomponents_httpmime-4.5.13.jar at spark://c82426b22b9f:42831/files/org.apache.httpcomponents_httpmime-4.5.13.jar with timestamp 1745742733372
[2025-04-27T08:32:14.106+0000] {spark_submit.py:490} INFO - 25/04/27 08:32:14 INFO Utils: Copying /home/airflow/.ivy2/jars/org.apache.httpcomponents_httpmime-4.5.13.jar to /tmp/spark-b77fb56a-9ca0-4a7b-99f4-817ce285fe5a/userFiles-045dd220-8fe7-4e35-84e1-e63c3d0e9052/org.apache.httpcomponents_httpmime-4.5.13.jar
[2025-04-27T08:32:14.108+0000] {spark_submit.py:490} INFO - 25/04/27 08:32:14 INFO SparkContext: Added file file:///home/airflow/.ivy2/jars/org.lz4_lz4-java-1.8.0.jar at spark://c82426b22b9f:42831/files/org.lz4_lz4-java-1.8.0.jar with timestamp 1745742733372
[2025-04-27T08:32:14.108+0000] {spark_submit.py:490} INFO - 25/04/27 08:32:14 INFO Utils: Copying /home/airflow/.ivy2/jars/org.lz4_lz4-java-1.8.0.jar to /tmp/spark-b77fb56a-9ca0-4a7b-99f4-817ce285fe5a/userFiles-045dd220-8fe7-4e35-84e1-e63c3d0e9052/org.lz4_lz4-java-1.8.0.jar
[2025-04-27T08:32:14.112+0000] {spark_submit.py:490} INFO - 25/04/27 08:32:14 INFO SparkContext: Added file file:///home/airflow/.ivy2/jars/com.clickhouse_clickhouse-client-0.3.2.jar at spark://c82426b22b9f:42831/files/com.clickhouse_clickhouse-client-0.3.2.jar with timestamp 1745742733372
[2025-04-27T08:32:14.112+0000] {spark_submit.py:490} INFO - 25/04/27 08:32:14 INFO Utils: Copying /home/airflow/.ivy2/jars/com.clickhouse_clickhouse-client-0.3.2.jar to /tmp/spark-b77fb56a-9ca0-4a7b-99f4-817ce285fe5a/userFiles-045dd220-8fe7-4e35-84e1-e63c3d0e9052/com.clickhouse_clickhouse-client-0.3.2.jar
[2025-04-27T08:32:14.115+0000] {spark_submit.py:490} INFO - 25/04/27 08:32:14 INFO SparkContext: Added file file:///home/airflow/.ivy2/jars/org.apache.httpcomponents_httpcore-4.4.13.jar at spark://c82426b22b9f:42831/files/org.apache.httpcomponents_httpcore-4.4.13.jar with timestamp 1745742733372
[2025-04-27T08:32:14.115+0000] {spark_submit.py:490} INFO - 25/04/27 08:32:14 INFO Utils: Copying /home/airflow/.ivy2/jars/org.apache.httpcomponents_httpcore-4.4.13.jar to /tmp/spark-b77fb56a-9ca0-4a7b-99f4-817ce285fe5a/userFiles-045dd220-8fe7-4e35-84e1-e63c3d0e9052/org.apache.httpcomponents_httpcore-4.4.13.jar
[2025-04-27T08:32:14.119+0000] {spark_submit.py:490} INFO - 25/04/27 08:32:14 INFO SparkContext: Added file file:///home/airflow/.ivy2/jars/commons-logging_commons-logging-1.2.jar at spark://c82426b22b9f:42831/files/commons-logging_commons-logging-1.2.jar with timestamp 1745742733372
[2025-04-27T08:32:14.119+0000] {spark_submit.py:490} INFO - 25/04/27 08:32:14 INFO Utils: Copying /home/airflow/.ivy2/jars/commons-logging_commons-logging-1.2.jar to /tmp/spark-b77fb56a-9ca0-4a7b-99f4-817ce285fe5a/userFiles-045dd220-8fe7-4e35-84e1-e63c3d0e9052/commons-logging_commons-logging-1.2.jar
[2025-04-27T08:32:14.122+0000] {spark_submit.py:490} INFO - 25/04/27 08:32:14 INFO SparkContext: Added file file:///home/airflow/.ivy2/jars/commons-codec_commons-codec-1.11.jar at spark://c82426b22b9f:42831/files/commons-codec_commons-codec-1.11.jar with timestamp 1745742733372
[2025-04-27T08:32:14.122+0000] {spark_submit.py:490} INFO - 25/04/27 08:32:14 INFO Utils: Copying /home/airflow/.ivy2/jars/commons-codec_commons-codec-1.11.jar to /tmp/spark-b77fb56a-9ca0-4a7b-99f4-817ce285fe5a/userFiles-045dd220-8fe7-4e35-84e1-e63c3d0e9052/commons-codec_commons-codec-1.11.jar
[2025-04-27T08:32:14.196+0000] {spark_submit.py:490} INFO - 25/04/27 08:32:14 INFO StandaloneAppClient$ClientEndpoint: Connecting to master spark://spark-master:7077...
[2025-04-27T08:32:14.245+0000] {spark_submit.py:490} INFO - 25/04/27 08:32:14 INFO TransportClientFactory: Successfully created connection to spark-master/172.18.0.2:7077 after 34 ms (0 ms spent in bootstraps)
[2025-04-27T08:32:14.313+0000] {spark_submit.py:490} INFO - 25/04/27 08:32:14 INFO StandaloneSchedulerBackend: Connected to Spark cluster with app ID app-20250427083214-0012
[2025-04-27T08:32:14.319+0000] {spark_submit.py:490} INFO - 25/04/27 08:32:14 INFO Utils: Successfully started service 'org.apache.spark.network.netty.NettyBlockTransferService' on port 33803.
[2025-04-27T08:32:14.319+0000] {spark_submit.py:490} INFO - 25/04/27 08:32:14 INFO NettyBlockTransferService: Server created on c82426b22b9f:33803
[2025-04-27T08:32:14.320+0000] {spark_submit.py:490} INFO - 25/04/27 08:32:14 INFO BlockManager: Using org.apache.spark.storage.RandomBlockReplicationPolicy for block replication policy
[2025-04-27T08:32:14.326+0000] {spark_submit.py:490} INFO - 25/04/27 08:32:14 INFO BlockManagerMaster: Registering BlockManager BlockManagerId(driver, c82426b22b9f, 33803, None)
[2025-04-27T08:32:14.329+0000] {spark_submit.py:490} INFO - 25/04/27 08:32:14 INFO BlockManagerMasterEndpoint: Registering block manager c82426b22b9f:33803 with 434.4 MiB RAM, BlockManagerId(driver, c82426b22b9f, 33803, None)
[2025-04-27T08:32:14.331+0000] {spark_submit.py:490} INFO - 25/04/27 08:32:14 INFO BlockManagerMaster: Registered BlockManager BlockManagerId(driver, c82426b22b9f, 33803, None)
[2025-04-27T08:32:14.332+0000] {spark_submit.py:490} INFO - 25/04/27 08:32:14 INFO BlockManager: Initialized BlockManager: BlockManagerId(driver, c82426b22b9f, 33803, None)
[2025-04-27T08:32:14.342+0000] {spark_submit.py:490} INFO - 25/04/27 08:32:14 INFO StandaloneAppClient$ClientEndpoint: Executor added: app-20250427083214-0012/0 on worker-20250427052743-172.18.0.5-34199 (172.18.0.5:34199) with 1 core(s)
[2025-04-27T08:32:14.343+0000] {spark_submit.py:490} INFO - 25/04/27 08:32:14 INFO StandaloneSchedulerBackend: Granted executor ID app-20250427083214-0012/0 on hostPort 172.18.0.5:34199 with 1 core(s), 1024.0 MiB RAM
[2025-04-27T08:32:14.488+0000] {spark_submit.py:490} INFO - 25/04/27 08:32:14 INFO StandaloneSchedulerBackend: SchedulerBackend is ready for scheduling beginning after reached minRegisteredResourcesRatio: 0.0
[2025-04-27T08:32:14.623+0000] {spark_submit.py:490} INFO - 25/04/27 08:32:14 INFO StandaloneAppClient$ClientEndpoint: Executor updated: app-20250427083214-0012/0 is now RUNNING
[2025-04-27T08:32:14.732+0000] {spark_submit.py:490} INFO - 25/04/27 08:32:14 INFO SharedState: Setting hive.metastore.warehouse.dir ('null') to the value of spark.sql.warehouse.dir.
[2025-04-27T08:32:14.735+0000] {spark_submit.py:490} INFO - 25/04/27 08:32:14 INFO SharedState: Warehouse path is 'file:/opt/airflow/spark-warehouse'.
[2025-04-27T08:32:28.204+0000] {spark_submit.py:490} INFO - 25/04/27 08:32:28 INFO CoarseGrainedSchedulerBackend$DriverEndpoint: Registered executor NettyRpcEndpointRef(spark-client://Executor) (172.18.0.5:55238) with ID 0,  ResourceProfileId 0
[2025-04-27T08:32:28.307+0000] {spark_submit.py:490} INFO - 25/04/27 08:32:28 INFO BlockManagerMasterEndpoint: Registering block manager 172.18.0.5:36691 with 366.3 MiB RAM, BlockManagerId(0, 172.18.0.5, 36691, None)
[2025-04-27T08:32:29.793+0000] {spark_submit.py:490} INFO - 25/04/27 08:32:29 INFO CodeGenerator: Code generated in 116.472172 ms
[2025-04-27T08:32:29.859+0000] {spark_submit.py:490} INFO - 25/04/27 08:32:29 INFO DAGScheduler: Registering RDD 3 (jdbc at NativeMethodAccessorImpl.java:0) as input to shuffle 0
[2025-04-27T08:32:29.865+0000] {spark_submit.py:490} INFO - 25/04/27 08:32:29 INFO DAGScheduler: Got map stage job 0 (jdbc at NativeMethodAccessorImpl.java:0) with 1 output partitions
[2025-04-27T08:32:29.865+0000] {spark_submit.py:490} INFO - 25/04/27 08:32:29 INFO DAGScheduler: Final stage: ShuffleMapStage 0 (jdbc at NativeMethodAccessorImpl.java:0)
[2025-04-27T08:32:29.865+0000] {spark_submit.py:490} INFO - 25/04/27 08:32:29 INFO DAGScheduler: Parents of final stage: List()
[2025-04-27T08:32:29.866+0000] {spark_submit.py:490} INFO - 25/04/27 08:32:29 INFO DAGScheduler: Missing parents: List()
[2025-04-27T08:32:29.868+0000] {spark_submit.py:490} INFO - 25/04/27 08:32:29 INFO DAGScheduler: Submitting ShuffleMapStage 0 (MapPartitionsRDD[3] at jdbc at NativeMethodAccessorImpl.java:0), which has no missing parents
[2025-04-27T08:32:29.990+0000] {spark_submit.py:490} INFO - 25/04/27 08:32:29 INFO MemoryStore: Block broadcast_0 stored as values in memory (estimated size 16.3 KiB, free 434.4 MiB)
[2025-04-27T08:32:30.048+0000] {spark_submit.py:490} INFO - 25/04/27 08:32:30 INFO MemoryStore: Block broadcast_0_piece0 stored as bytes in memory (estimated size 7.9 KiB, free 434.4 MiB)
[2025-04-27T08:32:30.051+0000] {spark_submit.py:490} INFO - 25/04/27 08:32:30 INFO BlockManagerInfo: Added broadcast_0_piece0 in memory on c82426b22b9f:33803 (size: 7.9 KiB, free: 434.4 MiB)
[2025-04-27T08:32:30.055+0000] {spark_submit.py:490} INFO - 25/04/27 08:32:30 INFO SparkContext: Created broadcast 0 from broadcast at DAGScheduler.scala:1513
[2025-04-27T08:32:30.075+0000] {spark_submit.py:490} INFO - 25/04/27 08:32:30 INFO DAGScheduler: Submitting 1 missing tasks from ShuffleMapStage 0 (MapPartitionsRDD[3] at jdbc at NativeMethodAccessorImpl.java:0) (first 15 tasks are for partitions Vector(0))
[2025-04-27T08:32:30.076+0000] {spark_submit.py:490} INFO - 25/04/27 08:32:30 INFO TaskSchedulerImpl: Adding task set 0.0 with 1 tasks resource profile 0
[2025-04-27T08:32:30.116+0000] {spark_submit.py:490} INFO - 25/04/27 08:32:30 INFO TaskSetManager: Starting task 0.0 in stage 0.0 (TID 0) (172.18.0.5, executor 0, partition 0, PROCESS_LOCAL, 4292 bytes) taskResourceAssignments Map()
[2025-04-27T08:32:30.573+0000] {spark_submit.py:490} INFO - 25/04/27 08:32:30 INFO BlockManagerInfo: Added broadcast_0_piece0 in memory on 172.18.0.5:36691 (size: 7.9 KiB, free: 366.3 MiB)
[2025-04-27T08:33:56.548+0000] {job.py:213} ERROR - Job heartbeat got an exception
Traceback (most recent call last):
  File "/home/airflow/.local/lib/python3.7/site-packages/sqlalchemy/engine/base.py", line 3371, in _wrap_pool_connect
    return fn()
  File "/home/airflow/.local/lib/python3.7/site-packages/sqlalchemy/pool/base.py", line 327, in connect
    return _ConnectionFairy._checkout(self)
  File "/home/airflow/.local/lib/python3.7/site-packages/sqlalchemy/pool/base.py", line 894, in _checkout
    fairy = _ConnectionRecord.checkout(pool)
  File "/home/airflow/.local/lib/python3.7/site-packages/sqlalchemy/pool/base.py", line 493, in checkout
    rec = pool._do_get()
  File "/home/airflow/.local/lib/python3.7/site-packages/sqlalchemy/pool/impl.py", line 256, in _do_get
    return self._create_connection()
  File "/home/airflow/.local/lib/python3.7/site-packages/sqlalchemy/pool/base.py", line 273, in _create_connection
    return _ConnectionRecord(self)
  File "/home/airflow/.local/lib/python3.7/site-packages/sqlalchemy/pool/base.py", line 388, in __init__
    self.__connect()
  File "/home/airflow/.local/lib/python3.7/site-packages/sqlalchemy/pool/base.py", line 691, in __connect
    pool.logger.debug("Error on connect(): %s", e)
  File "/home/airflow/.local/lib/python3.7/site-packages/sqlalchemy/util/langhelpers.py", line 72, in __exit__
    with_traceback=exc_tb,
  File "/home/airflow/.local/lib/python3.7/site-packages/sqlalchemy/util/compat.py", line 211, in raise_
    raise exception
  File "/home/airflow/.local/lib/python3.7/site-packages/sqlalchemy/pool/base.py", line 686, in __connect
    self.dbapi_connection = connection = pool._invoke_creator(self)
  File "/home/airflow/.local/lib/python3.7/site-packages/sqlalchemy/engine/create.py", line 574, in connect
    return dialect.connect(*cargs, **cparams)
  File "/home/airflow/.local/lib/python3.7/site-packages/sqlalchemy/engine/default.py", line 598, in connect
    return self.dbapi.connect(*cargs, **cparams)
  File "/home/airflow/.local/lib/python3.7/site-packages/psycopg2/__init__.py", line 122, in connect
    conn = _connect(dsn, connection_factory=connection_factory, **kwasync)
psycopg2.OperationalError: connection to server at "postgres" (172.18.0.3), port 5432 failed: server closed the connection unexpectedly
	This probably means the server terminated abnormally
	before or while processing the request.


The above exception was the direct cause of the following exception:

Traceback (most recent call last):
  File "/home/airflow/.local/lib/python3.7/site-packages/airflow/jobs/job.py", line 184, in heartbeat
    session.merge(self)
  File "/home/airflow/.local/lib/python3.7/site-packages/sqlalchemy/orm/session.py", line 3062, in merge
    _resolve_conflict_map=_resolve_conflict_map,
  File "/home/airflow/.local/lib/python3.7/site-packages/sqlalchemy/orm/session.py", line 3140, in _merge
    options=options,
  File "/home/airflow/.local/lib/python3.7/site-packages/sqlalchemy/orm/session.py", line 2861, in get
    execution_options=execution_options,
  File "/home/airflow/.local/lib/python3.7/site-packages/sqlalchemy/orm/session.py", line 2979, in _get_impl
    load_options=load_options,
  File "/home/airflow/.local/lib/python3.7/site-packages/sqlalchemy/orm/loading.py", line 534, in load_on_pk_identity
    bind_arguments=bind_arguments,
  File "/home/airflow/.local/lib/python3.7/site-packages/sqlalchemy/orm/session.py", line 1716, in execute
    conn = self._connection_for_bind(bind)
  File "/home/airflow/.local/lib/python3.7/site-packages/sqlalchemy/orm/session.py", line 1556, in _connection_for_bind
    engine, execution_options
  File "/home/airflow/.local/lib/python3.7/site-packages/sqlalchemy/orm/session.py", line 750, in _connection_for_bind
    conn = bind.connect()
  File "/home/airflow/.local/lib/python3.7/site-packages/sqlalchemy/engine/base.py", line 3325, in connect
    return self._connection_cls(self, close_with_result=close_with_result)
  File "/home/airflow/.local/lib/python3.7/site-packages/sqlalchemy/engine/base.py", line 96, in __init__
    else engine.raw_connection()
  File "/home/airflow/.local/lib/python3.7/site-packages/sqlalchemy/engine/base.py", line 3404, in raw_connection
    return self._wrap_pool_connect(self.pool.connect, _connection)
  File "/home/airflow/.local/lib/python3.7/site-packages/sqlalchemy/engine/base.py", line 3375, in _wrap_pool_connect
    e, dialect, self
  File "/home/airflow/.local/lib/python3.7/site-packages/sqlalchemy/engine/base.py", line 2209, in _handle_dbapi_exception_noconnection
    sqlalchemy_exception, with_traceback=exc_info[2], from_=e
  File "/home/airflow/.local/lib/python3.7/site-packages/sqlalchemy/util/compat.py", line 211, in raise_
    raise exception
  File "/home/airflow/.local/lib/python3.7/site-packages/sqlalchemy/engine/base.py", line 3371, in _wrap_pool_connect
    return fn()
  File "/home/airflow/.local/lib/python3.7/site-packages/sqlalchemy/pool/base.py", line 327, in connect
    return _ConnectionFairy._checkout(self)
  File "/home/airflow/.local/lib/python3.7/site-packages/sqlalchemy/pool/base.py", line 894, in _checkout
    fairy = _ConnectionRecord.checkout(pool)
  File "/home/airflow/.local/lib/python3.7/site-packages/sqlalchemy/pool/base.py", line 493, in checkout
    rec = pool._do_get()
  File "/home/airflow/.local/lib/python3.7/site-packages/sqlalchemy/pool/impl.py", line 256, in _do_get
    return self._create_connection()
  File "/home/airflow/.local/lib/python3.7/site-packages/sqlalchemy/pool/base.py", line 273, in _create_connection
    return _ConnectionRecord(self)
  File "/home/airflow/.local/lib/python3.7/site-packages/sqlalchemy/pool/base.py", line 388, in __init__
    self.__connect()
  File "/home/airflow/.local/lib/python3.7/site-packages/sqlalchemy/pool/base.py", line 691, in __connect
    pool.logger.debug("Error on connect(): %s", e)
  File "/home/airflow/.local/lib/python3.7/site-packages/sqlalchemy/util/langhelpers.py", line 72, in __exit__
    with_traceback=exc_tb,
  File "/home/airflow/.local/lib/python3.7/site-packages/sqlalchemy/util/compat.py", line 211, in raise_
    raise exception
  File "/home/airflow/.local/lib/python3.7/site-packages/sqlalchemy/pool/base.py", line 686, in __connect
    self.dbapi_connection = connection = pool._invoke_creator(self)
  File "/home/airflow/.local/lib/python3.7/site-packages/sqlalchemy/engine/create.py", line 574, in connect
    return dialect.connect(*cargs, **cparams)
  File "/home/airflow/.local/lib/python3.7/site-packages/sqlalchemy/engine/default.py", line 598, in connect
    return self.dbapi.connect(*cargs, **cparams)
  File "/home/airflow/.local/lib/python3.7/site-packages/psycopg2/__init__.py", line 122, in connect
    conn = _connect(dsn, connection_factory=connection_factory, **kwasync)
sqlalchemy.exc.OperationalError: (psycopg2.OperationalError) connection to server at "postgres" (172.18.0.3), port 5432 failed: server closed the connection unexpectedly
	This probably means the server terminated abnormally
	before or while processing the request.

(Background on this error at: https://sqlalche.me/e/14/e3q8)
[2025-04-27T08:36:30.843+0000] {spark_submit.py:490} INFO - 25/04/27 08:36:30 INFO StandaloneAppClient$ClientEndpoint: Executor updated: app-20250427083214-0012/0 is now LOST (worker lost)
[2025-04-27T08:36:34.969+0000] {spark_submit.py:490} INFO - 25/04/27 08:36:34 WARN HeartbeatReceiver: Removing executor 0 with no recent heartbeats: 124629 ms exceeds timeout 120000 ms
[2025-04-27T08:36:35.028+0000] {spark_submit.py:490} INFO - 25/04/27 08:36:34 INFO StandaloneSchedulerBackend: Executor app-20250427083214-0012/0 removed: worker lost
[2025-04-27T08:36:35.028+0000] {spark_submit.py:490} INFO - 25/04/27 08:36:34 INFO StandaloneAppClient$ClientEndpoint: Master removed worker worker-20250427052743-172.18.0.5-34199: Not receiving heartbeat for 60 seconds
[2025-04-27T08:36:35.028+0000] {spark_submit.py:490} INFO - 25/04/27 08:36:34 INFO StandaloneSchedulerBackend: Worker worker-20250427052743-172.18.0.5-34199 removed: Not receiving heartbeat for 60 seconds
[2025-04-27T08:36:35.028+0000] {spark_submit.py:490} INFO - 25/04/27 08:36:34 INFO StandaloneAppClient$ClientEndpoint: Executor added: app-20250427083214-0012/1 on worker-20250427052743-172.18.0.5-34199 (172.18.0.5:34199) with 1 core(s)
[2025-04-27T08:36:35.028+0000] {spark_submit.py:490} INFO - 25/04/27 08:36:34 INFO TaskSetManager: Finished task 0.0 in stage 0.0 (TID 0) in 244859 ms on 172.18.0.5 (executor 0) (1/1)
[2025-04-27T08:36:35.028+0000] {spark_submit.py:490} INFO - 25/04/27 08:36:34 INFO StandaloneSchedulerBackend: Granted executor ID app-20250427083214-0012/1 on hostPort 172.18.0.5:34199 with 1 core(s), 1024.0 MiB RAM
[2025-04-27T08:36:35.028+0000] {spark_submit.py:490} INFO - 25/04/27 08:36:34 INFO StandaloneAppClient$ClientEndpoint: Executor updated: app-20250427083214-0012/1 is now RUNNING
[2025-04-27T08:36:35.028+0000] {spark_submit.py:490} INFO - 25/04/27 08:36:35 INFO StandaloneSchedulerBackend: Requesting to kill executor(s) 0
[2025-04-27T08:36:35.053+0000] {spark_submit.py:490} INFO - 25/04/27 08:36:35 INFO TaskSchedulerImpl: Removed TaskSet 0.0, whose tasks have all completed, from pool
[2025-04-27T08:36:35.054+0000] {spark_submit.py:490} INFO - 25/04/27 08:36:35 ERROR TaskSchedulerImpl: Lost executor 0 on 172.18.0.5: worker lost
[2025-04-27T08:36:35.067+0000] {spark_submit.py:490} INFO - 25/04/27 08:36:35 WARN StandaloneSchedulerBackend: Executor to kill 0 does not exist!
[2025-04-27T08:36:35.067+0000] {spark_submit.py:490} INFO - 25/04/27 08:36:35 INFO TaskSchedulerImpl: Handle removed worker worker-20250427052743-172.18.0.5-34199: Not receiving heartbeat for 60 seconds
[2025-04-27T08:36:35.067+0000] {spark_submit.py:490} INFO - 25/04/27 08:36:35 INFO StandaloneSchedulerBackend: Actual list of executor(s) to be killed is
[2025-04-27T08:36:35.086+0000] {spark_submit.py:490} INFO - 25/04/27 08:36:35 INFO BlockManagerMaster: Removal of executor 0 requested
[2025-04-27T08:36:35.087+0000] {spark_submit.py:490} INFO - 25/04/27 08:36:35 INFO CoarseGrainedSchedulerBackend$DriverEndpoint: Asked to remove non-existent executor 0
[2025-04-27T08:36:35.187+0000] {spark_submit.py:490} INFO - 25/04/27 08:36:35 INFO DAGScheduler: ShuffleMapStage 0 (jdbc at NativeMethodAccessorImpl.java:0) finished in 245.253 s
[2025-04-27T08:36:39.264+0000] {spark_submit.py:490} INFO - 25/04/27 08:36:35 INFO DAGScheduler: looking for newly runnable stages
[2025-04-27T08:36:39.579+0000] {job.py:213} ERROR - Job heartbeat got an exception
Traceback (most recent call last):
  File "/home/airflow/.local/lib/python3.7/site-packages/sqlalchemy/engine/base.py", line 3371, in _wrap_pool_connect
    return fn()
  File "/home/airflow/.local/lib/python3.7/site-packages/sqlalchemy/pool/base.py", line 327, in connect
    return _ConnectionFairy._checkout(self)
  File "/home/airflow/.local/lib/python3.7/site-packages/sqlalchemy/pool/base.py", line 894, in _checkout
    fairy = _ConnectionRecord.checkout(pool)
  File "/home/airflow/.local/lib/python3.7/site-packages/sqlalchemy/pool/base.py", line 493, in checkout
    rec = pool._do_get()
  File "/home/airflow/.local/lib/python3.7/site-packages/sqlalchemy/pool/impl.py", line 256, in _do_get
    return self._create_connection()
  File "/home/airflow/.local/lib/python3.7/site-packages/sqlalchemy/pool/base.py", line 273, in _create_connection
    return _ConnectionRecord(self)
  File "/home/airflow/.local/lib/python3.7/site-packages/sqlalchemy/pool/base.py", line 388, in __init__
    self.__connect()
  File "/home/airflow/.local/lib/python3.7/site-packages/sqlalchemy/pool/base.py", line 691, in __connect
    pool.logger.debug("Error on connect(): %s", e)
  File "/home/airflow/.local/lib/python3.7/site-packages/sqlalchemy/util/langhelpers.py", line 72, in __exit__
    with_traceback=exc_tb,
  File "/home/airflow/.local/lib/python3.7/site-packages/sqlalchemy/util/compat.py", line 211, in raise_
    raise exception
  File "/home/airflow/.local/lib/python3.7/site-packages/sqlalchemy/pool/base.py", line 686, in __connect
    self.dbapi_connection = connection = pool._invoke_creator(self)
  File "/home/airflow/.local/lib/python3.7/site-packages/sqlalchemy/engine/create.py", line 574, in connect
    return dialect.connect(*cargs, **cparams)
  File "/home/airflow/.local/lib/python3.7/site-packages/sqlalchemy/engine/default.py", line 598, in connect
    return self.dbapi.connect(*cargs, **cparams)
  File "/home/airflow/.local/lib/python3.7/site-packages/psycopg2/__init__.py", line 122, in connect
    conn = _connect(dsn, connection_factory=connection_factory, **kwasync)
psycopg2.OperationalError: connection to server at "postgres" (172.18.0.3), port 5432 failed: server closed the connection unexpectedly
	This probably means the server terminated abnormally
	before or while processing the request.


The above exception was the direct cause of the following exception:

Traceback (most recent call last):
  File "/home/airflow/.local/lib/python3.7/site-packages/airflow/jobs/job.py", line 184, in heartbeat
    session.merge(self)
  File "/home/airflow/.local/lib/python3.7/site-packages/sqlalchemy/orm/session.py", line 3062, in merge
    _resolve_conflict_map=_resolve_conflict_map,
  File "/home/airflow/.local/lib/python3.7/site-packages/sqlalchemy/orm/session.py", line 3140, in _merge
    options=options,
  File "/home/airflow/.local/lib/python3.7/site-packages/sqlalchemy/orm/session.py", line 2861, in get
    execution_options=execution_options,
  File "/home/airflow/.local/lib/python3.7/site-packages/sqlalchemy/orm/session.py", line 2979, in _get_impl
    load_options=load_options,
  File "/home/airflow/.local/lib/python3.7/site-packages/sqlalchemy/orm/loading.py", line 534, in load_on_pk_identity
    bind_arguments=bind_arguments,
  File "/home/airflow/.local/lib/python3.7/site-packages/sqlalchemy/orm/session.py", line 1716, in execute
    conn = self._connection_for_bind(bind)
  File "/home/airflow/.local/lib/python3.7/site-packages/sqlalchemy/orm/session.py", line 1556, in _connection_for_bind
    engine, execution_options
  File "/home/airflow/.local/lib/python3.7/site-packages/sqlalchemy/orm/session.py", line 750, in _connection_for_bind
    conn = bind.connect()
  File "/home/airflow/.local/lib/python3.7/site-packages/sqlalchemy/engine/base.py", line 3325, in connect
    return self._connection_cls(self, close_with_result=close_with_result)
  File "/home/airflow/.local/lib/python3.7/site-packages/sqlalchemy/engine/base.py", line 96, in __init__
    else engine.raw_connection()
  File "/home/airflow/.local/lib/python3.7/site-packages/sqlalchemy/engine/base.py", line 3404, in raw_connection
    return self._wrap_pool_connect(self.pool.connect, _connection)
  File "/home/airflow/.local/lib/python3.7/site-packages/sqlalchemy/engine/base.py", line 3375, in _wrap_pool_connect
    e, dialect, self
  File "/home/airflow/.local/lib/python3.7/site-packages/sqlalchemy/engine/base.py", line 2209, in _handle_dbapi_exception_noconnection
    sqlalchemy_exception, with_traceback=exc_info[2], from_=e
  File "/home/airflow/.local/lib/python3.7/site-packages/sqlalchemy/util/compat.py", line 211, in raise_
    raise exception
  File "/home/airflow/.local/lib/python3.7/site-packages/sqlalchemy/engine/base.py", line 3371, in _wrap_pool_connect
    return fn()
  File "/home/airflow/.local/lib/python3.7/site-packages/sqlalchemy/pool/base.py", line 327, in connect
    return _ConnectionFairy._checkout(self)
  File "/home/airflow/.local/lib/python3.7/site-packages/sqlalchemy/pool/base.py", line 894, in _checkout
    fairy = _ConnectionRecord.checkout(pool)
  File "/home/airflow/.local/lib/python3.7/site-packages/sqlalchemy/pool/base.py", line 493, in checkout
    rec = pool._do_get()
  File "/home/airflow/.local/lib/python3.7/site-packages/sqlalchemy/pool/impl.py", line 256, in _do_get
    return self._create_connection()
  File "/home/airflow/.local/lib/python3.7/site-packages/sqlalchemy/pool/base.py", line 273, in _create_connection
    return _ConnectionRecord(self)
  File "/home/airflow/.local/lib/python3.7/site-packages/sqlalchemy/pool/base.py", line 388, in __init__
    self.__connect()
  File "/home/airflow/.local/lib/python3.7/site-packages/sqlalchemy/pool/base.py", line 691, in __connect
    pool.logger.debug("Error on connect(): %s", e)
  File "/home/airflow/.local/lib/python3.7/site-packages/sqlalchemy/util/langhelpers.py", line 72, in __exit__
    with_traceback=exc_tb,
  File "/home/airflow/.local/lib/python3.7/site-packages/sqlalchemy/util/compat.py", line 211, in raise_
    raise exception
  File "/home/airflow/.local/lib/python3.7/site-packages/sqlalchemy/pool/base.py", line 686, in __connect
    self.dbapi_connection = connection = pool._invoke_creator(self)
  File "/home/airflow/.local/lib/python3.7/site-packages/sqlalchemy/engine/create.py", line 574, in connect
    return dialect.connect(*cargs, **cparams)
  File "/home/airflow/.local/lib/python3.7/site-packages/sqlalchemy/engine/default.py", line 598, in connect
    return self.dbapi.connect(*cargs, **cparams)
  File "/home/airflow/.local/lib/python3.7/site-packages/psycopg2/__init__.py", line 122, in connect
    conn = _connect(dsn, connection_factory=connection_factory, **kwasync)
sqlalchemy.exc.OperationalError: (psycopg2.OperationalError) connection to server at "postgres" (172.18.0.3), port 5432 failed: server closed the connection unexpectedly
	This probably means the server terminated abnormally
	before or while processing the request.

(Background on this error at: https://sqlalche.me/e/14/e3q8)
[2025-04-27T08:36:40.219+0000] {spark_submit.py:490} INFO - 25/04/27 08:36:35 INFO DAGScheduler: running: Set()
[2025-04-27T08:36:46.515+0000] {spark_submit.py:490} INFO - 25/04/27 08:36:35 INFO DAGScheduler: waiting: Set()
[2025-04-27T08:36:46.578+0000] {spark_submit.py:490} INFO - 25/04/27 08:36:35 INFO DAGScheduler: failed: Set()
[2025-04-27T08:36:46.578+0000] {spark_submit.py:490} INFO - 25/04/27 08:36:35 INFO BlockManagerMasterEndpoint: Trying to remove executor 0 from BlockManagerMaster.
[2025-04-27T08:36:48.992+0000] {spark_submit.py:490} INFO - 25/04/27 08:36:48 INFO BlockManagerMasterEndpoint: Removing block manager BlockManagerId(0, 172.18.0.5, 36691, None)
[2025-04-27T08:36:49.012+0000] {spark_submit.py:490} INFO - 25/04/27 08:36:48 INFO AsyncEventQueue: Process of event SparkListenerTaskEnd(0,0,ShuffleMapTask,Success,org.apache.spark.scheduler.TaskInfo@41e7eef5,org.apache.spark.executor.ExecutorMetrics@5b9a26e6,org.apache.spark.executor.TaskMetrics@4724bb66) by listener AppStatusListener took 13.861167316s.
[2025-04-27T08:36:49.023+0000] {spark_submit.py:490} INFO - 25/04/27 08:36:49 INFO DAGScheduler: Executor lost: 0 (epoch 1)
[2025-04-27T08:36:49.023+0000] {spark_submit.py:490} INFO - 25/04/27 08:36:49 INFO BlockManagerMasterEndpoint: Trying to remove executor 0 from BlockManagerMaster.
[2025-04-27T08:36:49.024+0000] {spark_submit.py:490} INFO - 25/04/27 08:36:49 INFO BlockManagerMaster: Removed 0 successfully in removeExecutor
[2025-04-27T08:36:49.024+0000] {spark_submit.py:490} INFO - 25/04/27 08:36:49 INFO DAGScheduler: Shuffle files lost for host: 172.18.0.5 (epoch 1)
[2025-04-27T08:36:49.026+0000] {spark_submit.py:490} INFO - 25/04/27 08:36:49 INFO DAGScheduler: Shuffle files lost for worker worker-20250427052743-172.18.0.5-34199 on host 172.18.0.5
[2025-04-27T08:36:49.076+0000] {spark_submit.py:490} INFO - 25/04/27 08:36:49 INFO ShufflePartitionsUtil: For shuffle(0), advisory target size: 67108864, actual target size 1048576, minimum partition size: 1048576
[2025-04-27T08:36:49.129+0000] {spark_submit.py:490} INFO - 25/04/27 08:36:49 INFO CodeGenerator: Code generated in 16.106946 ms
[2025-04-27T08:36:49.212+0000] {spark_submit.py:490} INFO - 25/04/27 08:36:49 INFO CodeGenerator: Code generated in 18.86589 ms
[2025-04-27T08:36:49.402+0000] {spark_submit.py:490} INFO - 25/04/27 08:36:49 INFO CodeGenerator: Code generated in 134.35581 ms
[2025-04-27T08:36:49.409+0000] {spark_submit.py:490} INFO - 25/04/27 08:36:49 INFO BlockManagerInfo: Removed broadcast_0_piece0 on c82426b22b9f:33803 in memory (size: 7.9 KiB, free: 434.4 MiB)
[2025-04-27T08:36:49.583+0000] {spark_submit.py:490} INFO - 25/04/27 08:36:49 INFO SparkContext: Starting job: jdbc at NativeMethodAccessorImpl.java:0
[2025-04-27T08:36:49.590+0000] {spark_submit.py:490} INFO - 25/04/27 08:36:49 INFO DAGScheduler: Got job 1 (jdbc at NativeMethodAccessorImpl.java:0) with 2 output partitions
[2025-04-27T08:36:49.591+0000] {spark_submit.py:490} INFO - 25/04/27 08:36:49 INFO DAGScheduler: Final stage: ResultStage 2 (jdbc at NativeMethodAccessorImpl.java:0)
[2025-04-27T08:36:49.591+0000] {spark_submit.py:490} INFO - 25/04/27 08:36:49 INFO DAGScheduler: Parents of final stage: List(ShuffleMapStage 1)
[2025-04-27T08:36:49.592+0000] {spark_submit.py:490} INFO - 25/04/27 08:36:49 INFO DAGScheduler: Missing parents: List(ShuffleMapStage 1)
[2025-04-27T08:36:49.598+0000] {spark_submit.py:490} INFO - 25/04/27 08:36:49 INFO DAGScheduler: Submitting ShuffleMapStage 1 (MapPartitionsRDD[3] at jdbc at NativeMethodAccessorImpl.java:0), which has no missing parents
[2025-04-27T08:36:49.602+0000] {spark_submit.py:490} INFO - 25/04/27 08:36:49 INFO MemoryStore: Block broadcast_1 stored as values in memory (estimated size 16.3 KiB, free 434.4 MiB)
[2025-04-27T08:36:49.605+0000] {spark_submit.py:490} INFO - 25/04/27 08:36:49 INFO MemoryStore: Block broadcast_1_piece0 stored as bytes in memory (estimated size 7.9 KiB, free 434.4 MiB)
[2025-04-27T08:36:49.606+0000] {spark_submit.py:490} INFO - 25/04/27 08:36:49 INFO BlockManagerInfo: Added broadcast_1_piece0 in memory on c82426b22b9f:33803 (size: 7.9 KiB, free: 434.4 MiB)
[2025-04-27T08:36:49.607+0000] {spark_submit.py:490} INFO - 25/04/27 08:36:49 INFO SparkContext: Created broadcast 1 from broadcast at DAGScheduler.scala:1513
[2025-04-27T08:36:49.608+0000] {spark_submit.py:490} INFO - 25/04/27 08:36:49 INFO DAGScheduler: Submitting 1 missing tasks from ShuffleMapStage 1 (MapPartitionsRDD[3] at jdbc at NativeMethodAccessorImpl.java:0) (first 15 tasks are for partitions Vector(0))
[2025-04-27T08:36:49.608+0000] {spark_submit.py:490} INFO - 25/04/27 08:36:49 INFO TaskSchedulerImpl: Adding task set 1.0 with 1 tasks resource profile 0
[2025-04-27T08:36:51.930+0000] {spark_submit.py:490} INFO - 25/04/27 08:36:51 INFO CoarseGrainedSchedulerBackend$DriverEndpoint: Registered executor NettyRpcEndpointRef(spark-client://Executor) (172.18.0.5:34934) with ID 1,  ResourceProfileId 0
[2025-04-27T08:36:51.999+0000] {spark_submit.py:490} INFO - 25/04/27 08:36:51 INFO BlockManagerMasterEndpoint: Registering block manager 172.18.0.5:41683 with 366.3 MiB RAM, BlockManagerId(1, 172.18.0.5, 41683, None)
[2025-04-27T08:36:52.507+0000] {spark_submit.py:490} INFO - 25/04/27 08:36:52 INFO TaskSetManager: Starting task 0.0 in stage 1.0 (TID 1) (172.18.0.5, executor 1, partition 0, PROCESS_LOCAL, 4292 bytes) taskResourceAssignments Map()
[2025-04-27T08:36:52.826+0000] {spark_submit.py:490} INFO - 25/04/27 08:36:52 INFO BlockManagerInfo: Added broadcast_1_piece0 in memory on 172.18.0.5:41683 (size: 7.9 KiB, free: 366.3 MiB)
[2025-04-27T08:38:09.700+0000] {job.py:213} ERROR - Job heartbeat got an exception
Traceback (most recent call last):
  File "/home/airflow/.local/lib/python3.7/site-packages/sqlalchemy/engine/base.py", line 3371, in _wrap_pool_connect
    return fn()
  File "/home/airflow/.local/lib/python3.7/site-packages/sqlalchemy/pool/base.py", line 327, in connect
    return _ConnectionFairy._checkout(self)
  File "/home/airflow/.local/lib/python3.7/site-packages/sqlalchemy/pool/base.py", line 894, in _checkout
    fairy = _ConnectionRecord.checkout(pool)
  File "/home/airflow/.local/lib/python3.7/site-packages/sqlalchemy/pool/base.py", line 493, in checkout
    rec = pool._do_get()
  File "/home/airflow/.local/lib/python3.7/site-packages/sqlalchemy/pool/impl.py", line 256, in _do_get
    return self._create_connection()
  File "/home/airflow/.local/lib/python3.7/site-packages/sqlalchemy/pool/base.py", line 273, in _create_connection
    return _ConnectionRecord(self)
  File "/home/airflow/.local/lib/python3.7/site-packages/sqlalchemy/pool/base.py", line 388, in __init__
    self.__connect()
  File "/home/airflow/.local/lib/python3.7/site-packages/sqlalchemy/pool/base.py", line 691, in __connect
    pool.logger.debug("Error on connect(): %s", e)
  File "/home/airflow/.local/lib/python3.7/site-packages/sqlalchemy/util/langhelpers.py", line 72, in __exit__
    with_traceback=exc_tb,
  File "/home/airflow/.local/lib/python3.7/site-packages/sqlalchemy/util/compat.py", line 211, in raise_
    raise exception
  File "/home/airflow/.local/lib/python3.7/site-packages/sqlalchemy/pool/base.py", line 686, in __connect
    self.dbapi_connection = connection = pool._invoke_creator(self)
  File "/home/airflow/.local/lib/python3.7/site-packages/sqlalchemy/engine/create.py", line 574, in connect
    return dialect.connect(*cargs, **cparams)
  File "/home/airflow/.local/lib/python3.7/site-packages/sqlalchemy/engine/default.py", line 598, in connect
    return self.dbapi.connect(*cargs, **cparams)
  File "/home/airflow/.local/lib/python3.7/site-packages/psycopg2/__init__.py", line 122, in connect
    conn = _connect(dsn, connection_factory=connection_factory, **kwasync)
psycopg2.OperationalError: connection to server at "postgres" (172.18.0.3), port 5432 failed: server closed the connection unexpectedly
	This probably means the server terminated abnormally
	before or while processing the request.


The above exception was the direct cause of the following exception:

Traceback (most recent call last):
  File "/home/airflow/.local/lib/python3.7/site-packages/airflow/jobs/job.py", line 209, in heartbeat
    heartbeat_callback(session)
  File "/home/airflow/.local/lib/python3.7/site-packages/airflow/utils/session.py", line 73, in wrapper
    return func(*args, **kwargs)
  File "/home/airflow/.local/lib/python3.7/site-packages/airflow/jobs/local_task_job_runner.py", line 243, in heartbeat_callback
    self.task_instance.refresh_from_db()
  File "/home/airflow/.local/lib/python3.7/site-packages/airflow/utils/session.py", line 76, in wrapper
    return func(*args, session=session, **kwargs)
  File "/home/airflow/.local/lib/python3.7/site-packages/airflow/models/taskinstance.py", line 811, in refresh_from_db
    ti = qry.one_or_none()
  File "/home/airflow/.local/lib/python3.7/site-packages/sqlalchemy/orm/query.py", line 2850, in one_or_none
    return self._iter().one_or_none()
  File "/home/airflow/.local/lib/python3.7/site-packages/sqlalchemy/orm/query.py", line 2919, in _iter
    execution_options={"_sa_orm_load_options": self.load_options},
  File "/home/airflow/.local/lib/python3.7/site-packages/sqlalchemy/orm/session.py", line 1716, in execute
    conn = self._connection_for_bind(bind)
  File "/home/airflow/.local/lib/python3.7/site-packages/sqlalchemy/orm/session.py", line 1556, in _connection_for_bind
    engine, execution_options
  File "/home/airflow/.local/lib/python3.7/site-packages/sqlalchemy/orm/session.py", line 750, in _connection_for_bind
    conn = bind.connect()
  File "/home/airflow/.local/lib/python3.7/site-packages/sqlalchemy/engine/base.py", line 3325, in connect
    return self._connection_cls(self, close_with_result=close_with_result)
  File "/home/airflow/.local/lib/python3.7/site-packages/sqlalchemy/engine/base.py", line 96, in __init__
    else engine.raw_connection()
  File "/home/airflow/.local/lib/python3.7/site-packages/sqlalchemy/engine/base.py", line 3404, in raw_connection
    return self._wrap_pool_connect(self.pool.connect, _connection)
  File "/home/airflow/.local/lib/python3.7/site-packages/sqlalchemy/engine/base.py", line 3375, in _wrap_pool_connect
    e, dialect, self
  File "/home/airflow/.local/lib/python3.7/site-packages/sqlalchemy/engine/base.py", line 2209, in _handle_dbapi_exception_noconnection
    sqlalchemy_exception, with_traceback=exc_info[2], from_=e
  File "/home/airflow/.local/lib/python3.7/site-packages/sqlalchemy/util/compat.py", line 211, in raise_
    raise exception
  File "/home/airflow/.local/lib/python3.7/site-packages/sqlalchemy/engine/base.py", line 3371, in _wrap_pool_connect
    return fn()
  File "/home/airflow/.local/lib/python3.7/site-packages/sqlalchemy/pool/base.py", line 327, in connect
    return _ConnectionFairy._checkout(self)
  File "/home/airflow/.local/lib/python3.7/site-packages/sqlalchemy/pool/base.py", line 894, in _checkout
    fairy = _ConnectionRecord.checkout(pool)
  File "/home/airflow/.local/lib/python3.7/site-packages/sqlalchemy/pool/base.py", line 493, in checkout
    rec = pool._do_get()
  File "/home/airflow/.local/lib/python3.7/site-packages/sqlalchemy/pool/impl.py", line 256, in _do_get
    return self._create_connection()
  File "/home/airflow/.local/lib/python3.7/site-packages/sqlalchemy/pool/base.py", line 273, in _create_connection
    return _ConnectionRecord(self)
  File "/home/airflow/.local/lib/python3.7/site-packages/sqlalchemy/pool/base.py", line 388, in __init__
    self.__connect()
  File "/home/airflow/.local/lib/python3.7/site-packages/sqlalchemy/pool/base.py", line 691, in __connect
    pool.logger.debug("Error on connect(): %s", e)
  File "/home/airflow/.local/lib/python3.7/site-packages/sqlalchemy/util/langhelpers.py", line 72, in __exit__
    with_traceback=exc_tb,
  File "/home/airflow/.local/lib/python3.7/site-packages/sqlalchemy/util/compat.py", line 211, in raise_
    raise exception
  File "/home/airflow/.local/lib/python3.7/site-packages/sqlalchemy/pool/base.py", line 686, in __connect
    self.dbapi_connection = connection = pool._invoke_creator(self)
  File "/home/airflow/.local/lib/python3.7/site-packages/sqlalchemy/engine/create.py", line 574, in connect
    return dialect.connect(*cargs, **cparams)
  File "/home/airflow/.local/lib/python3.7/site-packages/sqlalchemy/engine/default.py", line 598, in connect
    return self.dbapi.connect(*cargs, **cparams)
  File "/home/airflow/.local/lib/python3.7/site-packages/psycopg2/__init__.py", line 122, in connect
    conn = _connect(dsn, connection_factory=connection_factory, **kwasync)
sqlalchemy.exc.OperationalError: (psycopg2.OperationalError) connection to server at "postgres" (172.18.0.3), port 5432 failed: server closed the connection unexpectedly
	This probably means the server terminated abnormally
	before or while processing the request.

(Background on this error at: https://sqlalche.me/e/14/e3q8)
[2025-04-27T08:38:27.159+0000] {spark_submit.py:490} INFO - 25/04/27 08:38:27 INFO AsyncEventQueue: Process of event SparkListenerExecutorMetricsUpdate(driver,WrappedArray(),Map((-1,-1) -> org.apache.spark.executor.ExecutorMetrics@4de675b4)) by listener AppStatusListener took 1.566972419s.
[2025-04-27T08:43:59.839+0000] {spark_submit.py:490} INFO - 25/04/27 08:43:48 WARN HeartbeatReceiver: Removing executor 1 with no recent heartbeats: 228973 ms exceeds timeout 120000 ms
[2025-04-27T08:43:59.939+0000] {spark_submit.py:490} INFO - 25/04/27 08:43:59 INFO StandaloneAppClient$ClientEndpoint: Executor updated: app-20250427083214-0012/1 is now LOST (worker lost)
[2025-04-27T08:43:59.939+0000] {spark_submit.py:490} INFO - 25/04/27 08:43:59 INFO StandaloneSchedulerBackend: Executor app-20250427083214-0012/1 removed: worker lost
[2025-04-27T08:43:59.939+0000] {spark_submit.py:490} INFO - 25/04/27 08:43:59 INFO StandaloneAppClient$ClientEndpoint: Master removed worker worker-20250427052743-172.18.0.5-34199: Not receiving heartbeat for 60 seconds
[2025-04-27T08:43:59.939+0000] {spark_submit.py:490} INFO - 25/04/27 08:43:59 INFO StandaloneSchedulerBackend: Worker worker-20250427052743-172.18.0.5-34199 removed: Not receiving heartbeat for 60 seconds
[2025-04-27T08:43:59.944+0000] {local_task_job_runner.py:202} ERROR - Heartbeat time limit exceeded!
[2025-04-27T08:43:59.945+0000] {process_utils.py:135} INFO - Sending Signals.SIGTERM to group 974. PIDs of all processes in the group: [975, 1021, 974]
[2025-04-27T08:43:59.945+0000] {process_utils.py:86} INFO - Sending the signal Signals.SIGTERM to group 974
[2025-04-27T08:43:59.948+0000] {taskinstance.py:1517} ERROR - Received SIGTERM. Terminating subprocesses.
[2025-04-27T08:43:59.949+0000] {spark_submit.py:615} INFO - Sending kill signal to spark-submit
[2025-04-27T08:43:59.949+0000] {process_utils.py:79} INFO - Process psutil.Process(pid=1021, status='terminated', started='08:32:12') (1021) terminated with exit code None
[2025-04-27T08:44:00.073+0000] {taskinstance.py:1824} ERROR - Task failed with exception
Traceback (most recent call last):
  File "/home/airflow/.local/lib/python3.7/site-packages/airflow/providers/apache/spark/operators/spark_submit.py", line 157, in execute
    self._hook.submit(self._application)
  File "/home/airflow/.local/lib/python3.7/site-packages/airflow/providers/apache/spark/hooks/spark_submit.py", line 409, in submit
    self._process_spark_submit_log(iter(self._submit_sp.stdout))  # type: ignore
  File "/home/airflow/.local/lib/python3.7/site-packages/airflow/providers/apache/spark/hooks/spark_submit.py", line 458, in _process_spark_submit_log
    for line in itr:
  File "/home/airflow/.local/lib/python3.7/site-packages/airflow/models/taskinstance.py", line 1519, in signal_handler
    raise AirflowException("Task received SIGTERM signal")
airflow.exceptions.AirflowException: Task received SIGTERM signal
[2025-04-27T08:44:00.100+0000] {taskinstance.py:1350} INFO - Marking task as UP_FOR_RETRY. dag_id=transform, task_id=detect_suspicious, execution_date=20250427T083156, start_date=20250427T083210, end_date=20250427T084400
[2025-04-27T08:44:00.126+0000] {standard_task_runner.py:109} ERROR - Failed to execute job 32 for task detect_suspicious (Task received SIGTERM signal; 974)
[2025-04-27T08:44:00.162+0000] {process_utils.py:79} INFO - Process psutil.Process(pid=974, status='terminated', exitcode=1, started='08:32:10') (974) terminated with exit code 1
[2025-04-27T08:44:00.189+0000] {process_utils.py:79} INFO - Process psutil.Process(pid=975, status='terminated', started='08:32:10') (975) terminated with exit code None
