[2025-04-27T12:22:11.713+0000] {taskinstance.py:1103} INFO - Dependencies all met for dep_context=non-requeueable deps ti=<TaskInstance: transform.detect_suspicious manual__2025-04-27T12:21:56.476289+00:00 [queued]>
[2025-04-27T12:22:11.720+0000] {taskinstance.py:1103} INFO - Dependencies all met for dep_context=requeueable deps ti=<TaskInstance: transform.detect_suspicious manual__2025-04-27T12:21:56.476289+00:00 [queued]>
[2025-04-27T12:22:11.720+0000] {taskinstance.py:1308} INFO - Starting attempt 1 of 2
[2025-04-27T12:22:11.731+0000] {taskinstance.py:1327} INFO - Executing <Task(SparkSubmitOperator): detect_suspicious> on 2025-04-27 12:21:56.476289+00:00
[2025-04-27T12:22:11.734+0000] {standard_task_runner.py:57} INFO - Started process 89 to run task
[2025-04-27T12:22:11.736+0000] {standard_task_runner.py:84} INFO - Running: ['airflow', 'tasks', 'run', 'transform', 'detect_suspicious', 'manual__2025-04-27T12:21:56.476289+00:00', '--job-id', '81', '--raw', '--subdir', 'DAGS_FOLDER/transform.py', '--cfg-path', '/tmp/tmpiyzt71i7']
[2025-04-27T12:22:11.737+0000] {standard_task_runner.py:85} INFO - Job 81: Subtask detect_suspicious
[2025-04-27T12:22:11.778+0000] {task_command.py:410} INFO - Running <TaskInstance: transform.detect_suspicious manual__2025-04-27T12:21:56.476289+00:00 [running]> on host 6780dda4d52a
[2025-04-27T12:22:11.927+0000] {taskinstance.py:1547} INFO - Exporting env vars: AIRFLOW_CTX_DAG_OWNER='finbest' AIRFLOW_CTX_DAG_ID='transform' AIRFLOW_CTX_TASK_ID='detect_suspicious' AIRFLOW_CTX_EXECUTION_DATE='2025-04-27T12:21:56.476289+00:00' AIRFLOW_CTX_TRY_NUMBER='1' AIRFLOW_CTX_DAG_RUN_ID='manual__2025-04-27T12:21:56.476289+00:00'
[2025-04-27T12:22:11.935+0000] {base.py:73} INFO - Using connection ID 'spark_default' for task execution.
[2025-04-27T12:22:11.936+0000] {spark_submit.py:339} INFO - Spark-Submit cmd: spark-submit --master spark://spark-master:7077 --packages org.postgresql:postgresql:42.6.0, --executor-cores 1 --executor-memory 1g --driver-memory 1g --name arrow-spark /opt/airflow/spark/detect_suspicious.py --jdbc jdbc:postgresql://postgres:5432/finbest
[2025-04-27T12:22:13.724+0000] {spark_submit.py:490} INFO - :: loading settings :: url = jar:file:/opt/spark/jars/ivy-2.5.0.jar!/org/apache/ivy/core/settings/ivysettings.xml
[2025-04-27T12:22:13.815+0000] {spark_submit.py:490} INFO - Ivy Default Cache set to: /home/airflow/.ivy2/cache
[2025-04-27T12:22:13.815+0000] {spark_submit.py:490} INFO - The jars for the packages stored in: /home/airflow/.ivy2/jars
[2025-04-27T12:22:13.819+0000] {spark_submit.py:490} INFO - org.postgresql#postgresql added as a dependency
[2025-04-27T12:22:13.820+0000] {spark_submit.py:490} INFO - :: resolving dependencies :: org.apache.spark#spark-submit-parent-324cf204-b197-4bbd-a0c2-7e86426323c1;1.0
[2025-04-27T12:22:13.820+0000] {spark_submit.py:490} INFO - confs: [default]
[2025-04-27T12:22:13.899+0000] {spark_submit.py:490} INFO - found org.postgresql#postgresql;42.6.0 in central
[2025-04-27T12:22:13.916+0000] {spark_submit.py:490} INFO - found org.checkerframework#checker-qual;3.31.0 in central
[2025-04-27T12:22:13.928+0000] {spark_submit.py:490} INFO - :: resolution report :: resolve 104ms :: artifacts dl 4ms
[2025-04-27T12:22:13.928+0000] {spark_submit.py:490} INFO - :: modules in use:
[2025-04-27T12:22:13.928+0000] {spark_submit.py:490} INFO - org.checkerframework#checker-qual;3.31.0 from central in [default]
[2025-04-27T12:22:13.928+0000] {spark_submit.py:490} INFO - org.postgresql#postgresql;42.6.0 from central in [default]
[2025-04-27T12:22:13.928+0000] {spark_submit.py:490} INFO - ---------------------------------------------------------------------
[2025-04-27T12:22:13.929+0000] {spark_submit.py:490} INFO - |                  |            modules            ||   artifacts   |
[2025-04-27T12:22:13.929+0000] {spark_submit.py:490} INFO - |       conf       | number| search|dwnlded|evicted|| number|dwnlded|
[2025-04-27T12:22:13.929+0000] {spark_submit.py:490} INFO - ---------------------------------------------------------------------
[2025-04-27T12:22:13.929+0000] {spark_submit.py:490} INFO - |      default     |   2   |   0   |   0   |   0   ||   2   |   0   |
[2025-04-27T12:22:13.929+0000] {spark_submit.py:490} INFO - ---------------------------------------------------------------------
[2025-04-27T12:22:13.931+0000] {spark_submit.py:490} INFO - :: retrieving :: org.apache.spark#spark-submit-parent-324cf204-b197-4bbd-a0c2-7e86426323c1
[2025-04-27T12:22:13.931+0000] {spark_submit.py:490} INFO - confs: [default]
[2025-04-27T12:22:13.935+0000] {spark_submit.py:490} INFO - 0 artifacts copied, 2 already retrieved (0kB/4ms)
[2025-04-27T12:22:14.106+0000] {spark_submit.py:490} INFO - 25/04/27 12:22:14 WARN NativeCodeLoader: Unable to load native-hadoop library for your platform... using builtin-java classes where applicable
[2025-04-27T12:22:14.878+0000] {spark_submit.py:490} INFO - 25/04/27 12:22:14 INFO SparkContext: Running Spark version 3.3.0
[2025-04-27T12:22:14.893+0000] {spark_submit.py:490} INFO - 25/04/27 12:22:14 INFO ResourceUtils: ==============================================================
[2025-04-27T12:22:14.894+0000] {spark_submit.py:490} INFO - 25/04/27 12:22:14 INFO ResourceUtils: No custom resources configured for spark.driver.
[2025-04-27T12:22:14.894+0000] {spark_submit.py:490} INFO - 25/04/27 12:22:14 INFO ResourceUtils: ==============================================================
[2025-04-27T12:22:14.894+0000] {spark_submit.py:490} INFO - 25/04/27 12:22:14 INFO SparkContext: Submitted application: FinBestDetect
[2025-04-27T12:22:14.912+0000] {spark_submit.py:490} INFO - 25/04/27 12:22:14 INFO ResourceProfile: Default ResourceProfile created, executor resources: Map(cores -> name: cores, amount: 1, script: , vendor: , memory -> name: memory, amount: 1024, script: , vendor: , offHeap -> name: offHeap, amount: 0, script: , vendor: ), task resources: Map(cpus -> name: cpus, amount: 1.0)
[2025-04-27T12:22:14.922+0000] {spark_submit.py:490} INFO - 25/04/27 12:22:14 INFO ResourceProfile: Limiting resource is cpus at 1 tasks per executor
[2025-04-27T12:22:14.923+0000] {spark_submit.py:490} INFO - 25/04/27 12:22:14 INFO ResourceProfileManager: Added ResourceProfile id: 0
[2025-04-27T12:22:14.973+0000] {spark_submit.py:490} INFO - 25/04/27 12:22:14 INFO SecurityManager: Changing view acls to: airflow
[2025-04-27T12:22:14.973+0000] {spark_submit.py:490} INFO - 25/04/27 12:22:14 INFO SecurityManager: Changing modify acls to: airflow
[2025-04-27T12:22:14.973+0000] {spark_submit.py:490} INFO - 25/04/27 12:22:14 INFO SecurityManager: Changing view acls groups to:
[2025-04-27T12:22:14.974+0000] {spark_submit.py:490} INFO - 25/04/27 12:22:14 INFO SecurityManager: Changing modify acls groups to:
[2025-04-27T12:22:14.974+0000] {spark_submit.py:490} INFO - 25/04/27 12:22:14 INFO SecurityManager: SecurityManager: authentication disabled; ui acls disabled; users  with view permissions: Set(airflow); groups with view permissions: Set(); users  with modify permissions: Set(airflow); groups with modify permissions: Set()
[2025-04-27T12:22:15.191+0000] {spark_submit.py:490} INFO - 25/04/27 12:22:15 INFO Utils: Successfully started service 'sparkDriver' on port 44651.
[2025-04-27T12:22:15.216+0000] {spark_submit.py:490} INFO - 25/04/27 12:22:15 INFO SparkEnv: Registering MapOutputTracker
[2025-04-27T12:22:15.243+0000] {spark_submit.py:490} INFO - 25/04/27 12:22:15 INFO SparkEnv: Registering BlockManagerMaster
[2025-04-27T12:22:15.260+0000] {spark_submit.py:490} INFO - 25/04/27 12:22:15 INFO BlockManagerMasterEndpoint: Using org.apache.spark.storage.DefaultTopologyMapper for getting topology information
[2025-04-27T12:22:15.261+0000] {spark_submit.py:490} INFO - 25/04/27 12:22:15 INFO BlockManagerMasterEndpoint: BlockManagerMasterEndpoint up
[2025-04-27T12:22:15.264+0000] {spark_submit.py:490} INFO - 25/04/27 12:22:15 INFO SparkEnv: Registering BlockManagerMasterHeartbeat
[2025-04-27T12:22:15.285+0000] {spark_submit.py:490} INFO - 25/04/27 12:22:15 INFO DiskBlockManager: Created local directory at /tmp/blockmgr-1ca9ad33-efed-4906-8dd1-46e589633d79
[2025-04-27T12:22:15.298+0000] {spark_submit.py:490} INFO - 25/04/27 12:22:15 INFO MemoryStore: MemoryStore started with capacity 434.4 MiB
[2025-04-27T12:22:15.311+0000] {spark_submit.py:490} INFO - 25/04/27 12:22:15 INFO SparkEnv: Registering OutputCommitCoordinator
[2025-04-27T12:22:15.516+0000] {spark_submit.py:490} INFO - 25/04/27 12:22:15 INFO Utils: Successfully started service 'SparkUI' on port 4040.
[2025-04-27T12:22:15.546+0000] {spark_submit.py:490} INFO - 25/04/27 12:22:15 INFO SparkContext: Added JAR file:///home/airflow/.ivy2/jars/org.postgresql_postgresql-42.6.0.jar at spark://6780dda4d52a:44651/jars/org.postgresql_postgresql-42.6.0.jar with timestamp 1745756534871
[2025-04-27T12:22:15.546+0000] {spark_submit.py:490} INFO - 25/04/27 12:22:15 INFO SparkContext: Added JAR file:///home/airflow/.ivy2/jars/org.checkerframework_checker-qual-3.31.0.jar at spark://6780dda4d52a:44651/jars/org.checkerframework_checker-qual-3.31.0.jar with timestamp 1745756534871
[2025-04-27T12:22:15.548+0000] {spark_submit.py:490} INFO - 25/04/27 12:22:15 INFO SparkContext: Added file file:///home/airflow/.ivy2/jars/org.postgresql_postgresql-42.6.0.jar at spark://6780dda4d52a:44651/files/org.postgresql_postgresql-42.6.0.jar with timestamp 1745756534871
[2025-04-27T12:22:15.549+0000] {spark_submit.py:490} INFO - 25/04/27 12:22:15 INFO Utils: Copying /home/airflow/.ivy2/jars/org.postgresql_postgresql-42.6.0.jar to /tmp/spark-939ce336-9e5a-43f4-9c26-a1a77bc5de10/userFiles-ddec56c1-9cba-49a6-89bf-168323bc88e3/org.postgresql_postgresql-42.6.0.jar
[2025-04-27T12:22:15.558+0000] {spark_submit.py:490} INFO - 25/04/27 12:22:15 INFO SparkContext: Added file file:///home/airflow/.ivy2/jars/org.checkerframework_checker-qual-3.31.0.jar at spark://6780dda4d52a:44651/files/org.checkerframework_checker-qual-3.31.0.jar with timestamp 1745756534871
[2025-04-27T12:22:15.558+0000] {spark_submit.py:490} INFO - 25/04/27 12:22:15 INFO Utils: Copying /home/airflow/.ivy2/jars/org.checkerframework_checker-qual-3.31.0.jar to /tmp/spark-939ce336-9e5a-43f4-9c26-a1a77bc5de10/userFiles-ddec56c1-9cba-49a6-89bf-168323bc88e3/org.checkerframework_checker-qual-3.31.0.jar
[2025-04-27T12:22:15.628+0000] {spark_submit.py:490} INFO - 25/04/27 12:22:15 INFO StandaloneAppClient$ClientEndpoint: Connecting to master spark://spark-master:7077...
[2025-04-27T12:22:15.660+0000] {spark_submit.py:490} INFO - 25/04/27 12:22:15 INFO TransportClientFactory: Successfully created connection to spark-master/172.18.0.2:7077 after 18 ms (0 ms spent in bootstraps)
[2025-04-27T12:22:15.721+0000] {spark_submit.py:490} INFO - 25/04/27 12:22:15 INFO StandaloneSchedulerBackend: Connected to Spark cluster with app ID app-20250427122215-0006
[2025-04-27T12:22:15.723+0000] {spark_submit.py:490} INFO - 25/04/27 12:22:15 INFO StandaloneAppClient$ClientEndpoint: Executor added: app-20250427122215-0006/0 on worker-20250427114819-172.18.0.5-35411 (172.18.0.5:35411) with 1 core(s)
[2025-04-27T12:22:15.724+0000] {spark_submit.py:490} INFO - 25/04/27 12:22:15 INFO StandaloneSchedulerBackend: Granted executor ID app-20250427122215-0006/0 on hostPort 172.18.0.5:35411 with 1 core(s), 1024.0 MiB RAM
[2025-04-27T12:22:15.727+0000] {spark_submit.py:490} INFO - 25/04/27 12:22:15 INFO Utils: Successfully started service 'org.apache.spark.network.netty.NettyBlockTransferService' on port 36135.
[2025-04-27T12:22:15.727+0000] {spark_submit.py:490} INFO - 25/04/27 12:22:15 INFO NettyBlockTransferService: Server created on 6780dda4d52a:36135
[2025-04-27T12:22:15.728+0000] {spark_submit.py:490} INFO - 25/04/27 12:22:15 INFO BlockManager: Using org.apache.spark.storage.RandomBlockReplicationPolicy for block replication policy
[2025-04-27T12:22:15.736+0000] {spark_submit.py:490} INFO - 25/04/27 12:22:15 INFO BlockManagerMaster: Registering BlockManager BlockManagerId(driver, 6780dda4d52a, 36135, None)
[2025-04-27T12:22:15.739+0000] {spark_submit.py:490} INFO - 25/04/27 12:22:15 INFO BlockManagerMasterEndpoint: Registering block manager 6780dda4d52a:36135 with 434.4 MiB RAM, BlockManagerId(driver, 6780dda4d52a, 36135, None)
[2025-04-27T12:22:15.741+0000] {spark_submit.py:490} INFO - 25/04/27 12:22:15 INFO BlockManagerMaster: Registered BlockManager BlockManagerId(driver, 6780dda4d52a, 36135, None)
[2025-04-27T12:22:15.743+0000] {spark_submit.py:490} INFO - 25/04/27 12:22:15 INFO BlockManager: Initialized BlockManager: BlockManagerId(driver, 6780dda4d52a, 36135, None)
[2025-04-27T12:22:15.744+0000] {spark_submit.py:490} INFO - 25/04/27 12:22:15 INFO StandaloneAppClient$ClientEndpoint: Executor updated: app-20250427122215-0006/0 is now RUNNING
[2025-04-27T12:22:15.921+0000] {spark_submit.py:490} INFO - 25/04/27 12:22:15 INFO StandaloneSchedulerBackend: SchedulerBackend is ready for scheduling beginning after reached minRegisteredResourcesRatio: 0.0
[2025-04-27T12:22:16.075+0000] {spark_submit.py:490} INFO - INFO:__main__:SparkSession создан
[2025-04-27T12:22:16.081+0000] {spark_submit.py:490} INFO - 25/04/27 12:22:16 INFO SharedState: Setting hive.metastore.warehouse.dir ('null') to the value of spark.sql.warehouse.dir.
[2025-04-27T12:22:16.083+0000] {spark_submit.py:490} INFO - 25/04/27 12:22:16 INFO SharedState: Warehouse path is 'file:/opt/airflow/spark-warehouse'.
[2025-04-27T12:22:17.878+0000] {spark_submit.py:490} INFO - 25/04/27 12:22:17 INFO CoarseGrainedSchedulerBackend$DriverEndpoint: Registered executor NettyRpcEndpointRef(spark-client://Executor) (172.18.0.5:51994) with ID 0,  ResourceProfileId 0
[2025-04-27T12:22:17.965+0000] {spark_submit.py:490} INFO - 25/04/27 12:22:17 INFO BlockManagerMasterEndpoint: Registering block manager 172.18.0.5:41059 with 366.3 MiB RAM, BlockManagerId(0, 172.18.0.5, 41059, None)
[2025-04-27T12:22:19.380+0000] {spark_submit.py:490} INFO - 25/04/27 12:22:19 INFO CodeGenerator: Code generated in 90.927741 ms
[2025-04-27T12:22:19.435+0000] {spark_submit.py:490} INFO - 25/04/27 12:22:19 INFO DAGScheduler: Registering RDD 2 (count at NativeMethodAccessorImpl.java:0) as input to shuffle 0
[2025-04-27T12:22:19.439+0000] {spark_submit.py:490} INFO - 25/04/27 12:22:19 INFO DAGScheduler: Got map stage job 0 (count at NativeMethodAccessorImpl.java:0) with 1 output partitions
[2025-04-27T12:22:19.439+0000] {spark_submit.py:490} INFO - 25/04/27 12:22:19 INFO DAGScheduler: Final stage: ShuffleMapStage 0 (count at NativeMethodAccessorImpl.java:0)
[2025-04-27T12:22:19.439+0000] {spark_submit.py:490} INFO - 25/04/27 12:22:19 INFO DAGScheduler: Parents of final stage: List()
[2025-04-27T12:22:19.440+0000] {spark_submit.py:490} INFO - 25/04/27 12:22:19 INFO DAGScheduler: Missing parents: List()
[2025-04-27T12:22:19.442+0000] {spark_submit.py:490} INFO - 25/04/27 12:22:19 INFO DAGScheduler: Submitting ShuffleMapStage 0 (MapPartitionsRDD[2] at count at NativeMethodAccessorImpl.java:0), which has no missing parents
[2025-04-27T12:22:19.551+0000] {spark_submit.py:490} INFO - 25/04/27 12:22:19 INFO MemoryStore: Block broadcast_0 stored as values in memory (estimated size 13.3 KiB, free 434.4 MiB)
[2025-04-27T12:22:19.575+0000] {spark_submit.py:490} INFO - 25/04/27 12:22:19 INFO MemoryStore: Block broadcast_0_piece0 stored as bytes in memory (estimated size 7.0 KiB, free 434.4 MiB)
[2025-04-27T12:22:19.578+0000] {spark_submit.py:490} INFO - 25/04/27 12:22:19 INFO BlockManagerInfo: Added broadcast_0_piece0 in memory on 6780dda4d52a:36135 (size: 7.0 KiB, free: 434.4 MiB)
[2025-04-27T12:22:19.582+0000] {spark_submit.py:490} INFO - 25/04/27 12:22:19 INFO SparkContext: Created broadcast 0 from broadcast at DAGScheduler.scala:1513
[2025-04-27T12:22:19.593+0000] {spark_submit.py:490} INFO - 25/04/27 12:22:19 INFO DAGScheduler: Submitting 1 missing tasks from ShuffleMapStage 0 (MapPartitionsRDD[2] at count at NativeMethodAccessorImpl.java:0) (first 15 tasks are for partitions Vector(0))
[2025-04-27T12:22:19.594+0000] {spark_submit.py:490} INFO - 25/04/27 12:22:19 INFO TaskSchedulerImpl: Adding task set 0.0 with 1 tasks resource profile 0
[2025-04-27T12:22:19.619+0000] {spark_submit.py:490} INFO - 25/04/27 12:22:19 INFO TaskSetManager: Starting task 0.0 in stage 0.0 (TID 0) (172.18.0.5, executor 0, partition 0, PROCESS_LOCAL, 4292 bytes) taskResourceAssignments Map()
[2025-04-27T12:22:19.823+0000] {spark_submit.py:490} INFO - 25/04/27 12:22:19 INFO BlockManagerInfo: Added broadcast_0_piece0 in memory on 172.18.0.5:41059 (size: 7.0 KiB, free: 366.3 MiB)
[2025-04-27T12:22:20.755+0000] {spark_submit.py:490} INFO - 25/04/27 12:22:20 INFO TaskSetManager: Finished task 0.0 in stage 0.0 (TID 0) in 1143 ms on 172.18.0.5 (executor 0) (1/1)
[2025-04-27T12:22:20.756+0000] {spark_submit.py:490} INFO - 25/04/27 12:22:20 INFO TaskSchedulerImpl: Removed TaskSet 0.0, whose tasks have all completed, from pool
[2025-04-27T12:22:20.762+0000] {spark_submit.py:490} INFO - 25/04/27 12:22:20 INFO DAGScheduler: ShuffleMapStage 0 (count at NativeMethodAccessorImpl.java:0) finished in 1.310 s
[2025-04-27T12:22:20.763+0000] {spark_submit.py:490} INFO - 25/04/27 12:22:20 INFO DAGScheduler: looking for newly runnable stages
[2025-04-27T12:22:20.763+0000] {spark_submit.py:490} INFO - 25/04/27 12:22:20 INFO DAGScheduler: running: Set()
[2025-04-27T12:22:20.764+0000] {spark_submit.py:490} INFO - 25/04/27 12:22:20 INFO DAGScheduler: waiting: Set()
[2025-04-27T12:22:20.764+0000] {spark_submit.py:490} INFO - 25/04/27 12:22:20 INFO DAGScheduler: failed: Set()
[2025-04-27T12:22:20.793+0000] {spark_submit.py:490} INFO - 25/04/27 12:22:20 INFO CodeGenerator: Code generated in 8.829621 ms
[2025-04-27T12:22:20.819+0000] {spark_submit.py:490} INFO - 25/04/27 12:22:20 INFO SparkContext: Starting job: count at NativeMethodAccessorImpl.java:0
[2025-04-27T12:22:20.822+0000] {spark_submit.py:490} INFO - 25/04/27 12:22:20 INFO DAGScheduler: Got job 1 (count at NativeMethodAccessorImpl.java:0) with 1 output partitions
[2025-04-27T12:22:20.823+0000] {spark_submit.py:490} INFO - 25/04/27 12:22:20 INFO DAGScheduler: Final stage: ResultStage 2 (count at NativeMethodAccessorImpl.java:0)
[2025-04-27T12:22:20.823+0000] {spark_submit.py:490} INFO - 25/04/27 12:22:20 INFO DAGScheduler: Parents of final stage: List(ShuffleMapStage 1)
[2025-04-27T12:22:20.824+0000] {spark_submit.py:490} INFO - 25/04/27 12:22:20 INFO DAGScheduler: Missing parents: List()
[2025-04-27T12:22:20.825+0000] {spark_submit.py:490} INFO - 25/04/27 12:22:20 INFO DAGScheduler: Submitting ResultStage 2 (MapPartitionsRDD[5] at count at NativeMethodAccessorImpl.java:0), which has no missing parents
[2025-04-27T12:22:20.836+0000] {spark_submit.py:490} INFO - 25/04/27 12:22:20 INFO MemoryStore: Block broadcast_1 stored as values in memory (estimated size 11.1 KiB, free 434.4 MiB)
[2025-04-27T12:22:20.839+0000] {spark_submit.py:490} INFO - 25/04/27 12:22:20 INFO MemoryStore: Block broadcast_1_piece0 stored as bytes in memory (estimated size 5.5 KiB, free 434.4 MiB)
[2025-04-27T12:22:20.840+0000] {spark_submit.py:490} INFO - 25/04/27 12:22:20 INFO BlockManagerInfo: Added broadcast_1_piece0 in memory on 6780dda4d52a:36135 (size: 5.5 KiB, free: 434.4 MiB)
[2025-04-27T12:22:20.841+0000] {spark_submit.py:490} INFO - 25/04/27 12:22:20 INFO SparkContext: Created broadcast 1 from broadcast at DAGScheduler.scala:1513
[2025-04-27T12:22:20.843+0000] {spark_submit.py:490} INFO - 25/04/27 12:22:20 INFO DAGScheduler: Submitting 1 missing tasks from ResultStage 2 (MapPartitionsRDD[5] at count at NativeMethodAccessorImpl.java:0) (first 15 tasks are for partitions Vector(0))
[2025-04-27T12:22:20.843+0000] {spark_submit.py:490} INFO - 25/04/27 12:22:20 INFO TaskSchedulerImpl: Adding task set 2.0 with 1 tasks resource profile 0
[2025-04-27T12:22:20.848+0000] {spark_submit.py:490} INFO - 25/04/27 12:22:20 INFO TaskSetManager: Starting task 0.0 in stage 2.0 (TID 1) (172.18.0.5, executor 0, partition 0, NODE_LOCAL, 4457 bytes) taskResourceAssignments Map()
[2025-04-27T12:22:20.869+0000] {spark_submit.py:490} INFO - 25/04/27 12:22:20 INFO BlockManagerInfo: Added broadcast_1_piece0 in memory on 172.18.0.5:41059 (size: 5.5 KiB, free: 366.3 MiB)
[2025-04-27T12:22:20.982+0000] {spark_submit.py:490} INFO - 25/04/27 12:22:20 INFO MapOutputTrackerMasterEndpoint: Asked to send map output locations for shuffle 0 to 172.18.0.5:51994
[2025-04-27T12:22:21.193+0000] {spark_submit.py:490} INFO - 25/04/27 12:22:21 INFO TaskSetManager: Finished task 0.0 in stage 2.0 (TID 1) in 346 ms on 172.18.0.5 (executor 0) (1/1)
[2025-04-27T12:22:21.193+0000] {spark_submit.py:490} INFO - 25/04/27 12:22:21 INFO TaskSchedulerImpl: Removed TaskSet 2.0, whose tasks have all completed, from pool
[2025-04-27T12:22:21.194+0000] {spark_submit.py:490} INFO - 25/04/27 12:22:21 INFO DAGScheduler: ResultStage 2 (count at NativeMethodAccessorImpl.java:0) finished in 0.362 s
[2025-04-27T12:22:21.196+0000] {spark_submit.py:490} INFO - 25/04/27 12:22:21 INFO DAGScheduler: Job 1 is finished. Cancelling potential speculative or zombie tasks for this job
[2025-04-27T12:22:21.196+0000] {spark_submit.py:490} INFO - 25/04/27 12:22:21 INFO TaskSchedulerImpl: Killing all running tasks in stage 2: Stage finished
[2025-04-27T12:22:21.197+0000] {spark_submit.py:490} INFO - 25/04/27 12:22:21 INFO DAGScheduler: Job 1 finished: count at NativeMethodAccessorImpl.java:0, took 0.377142 s
[2025-04-27T12:22:21.203+0000] {spark_submit.py:490} INFO - INFO:__main__:Таблица raw.masked_transactions загружена, записей: 1000
[2025-04-27T12:22:21.329+0000] {spark_submit.py:490} INFO - 25/04/27 12:22:21 INFO DAGScheduler: Registering RDD 8 (count at NativeMethodAccessorImpl.java:0) as input to shuffle 1
[2025-04-27T12:22:21.329+0000] {spark_submit.py:490} INFO - 25/04/27 12:22:21 INFO DAGScheduler: Got map stage job 2 (count at NativeMethodAccessorImpl.java:0) with 1 output partitions
[2025-04-27T12:22:21.330+0000] {spark_submit.py:490} INFO - 25/04/27 12:22:21 INFO DAGScheduler: Final stage: ShuffleMapStage 3 (count at NativeMethodAccessorImpl.java:0)
[2025-04-27T12:22:21.330+0000] {spark_submit.py:490} INFO - 25/04/27 12:22:21 INFO DAGScheduler: Parents of final stage: List()
[2025-04-27T12:22:21.330+0000] {spark_submit.py:490} INFO - 25/04/27 12:22:21 INFO DAGScheduler: Missing parents: List()
[2025-04-27T12:22:21.330+0000] {spark_submit.py:490} INFO - 25/04/27 12:22:21 INFO DAGScheduler: Submitting ShuffleMapStage 3 (MapPartitionsRDD[8] at count at NativeMethodAccessorImpl.java:0), which has no missing parents
[2025-04-27T12:22:21.334+0000] {spark_submit.py:490} INFO - 25/04/27 12:22:21 INFO MemoryStore: Block broadcast_2 stored as values in memory (estimated size 13.4 KiB, free 434.4 MiB)
[2025-04-27T12:22:21.336+0000] {spark_submit.py:490} INFO - 25/04/27 12:22:21 INFO MemoryStore: Block broadcast_2_piece0 stored as bytes in memory (estimated size 7.0 KiB, free 434.3 MiB)
[2025-04-27T12:22:21.337+0000] {spark_submit.py:490} INFO - 25/04/27 12:22:21 INFO BlockManagerInfo: Added broadcast_2_piece0 in memory on 6780dda4d52a:36135 (size: 7.0 KiB, free: 434.4 MiB)
[2025-04-27T12:22:21.337+0000] {spark_submit.py:490} INFO - 25/04/27 12:22:21 INFO SparkContext: Created broadcast 2 from broadcast at DAGScheduler.scala:1513
[2025-04-27T12:22:21.338+0000] {spark_submit.py:490} INFO - 25/04/27 12:22:21 INFO DAGScheduler: Submitting 1 missing tasks from ShuffleMapStage 3 (MapPartitionsRDD[8] at count at NativeMethodAccessorImpl.java:0) (first 15 tasks are for partitions Vector(0))
[2025-04-27T12:22:21.338+0000] {spark_submit.py:490} INFO - 25/04/27 12:22:21 INFO TaskSchedulerImpl: Adding task set 3.0 with 1 tasks resource profile 0
[2025-04-27T12:22:21.339+0000] {spark_submit.py:490} INFO - 25/04/27 12:22:21 INFO TaskSetManager: Starting task 0.0 in stage 3.0 (TID 2) (172.18.0.5, executor 0, partition 0, PROCESS_LOCAL, 4292 bytes) taskResourceAssignments Map()
[2025-04-27T12:22:21.351+0000] {spark_submit.py:490} INFO - 25/04/27 12:22:21 INFO BlockManagerInfo: Added broadcast_2_piece0 in memory on 172.18.0.5:41059 (size: 7.0 KiB, free: 366.3 MiB)
[2025-04-27T12:22:21.386+0000] {spark_submit.py:490} INFO - 25/04/27 12:22:21 INFO TaskSetManager: Finished task 0.0 in stage 3.0 (TID 2) in 46 ms on 172.18.0.5 (executor 0) (1/1)
[2025-04-27T12:22:21.386+0000] {spark_submit.py:490} INFO - 25/04/27 12:22:21 INFO TaskSchedulerImpl: Removed TaskSet 3.0, whose tasks have all completed, from pool
[2025-04-27T12:22:21.387+0000] {spark_submit.py:490} INFO - 25/04/27 12:22:21 INFO DAGScheduler: ShuffleMapStage 3 (count at NativeMethodAccessorImpl.java:0) finished in 0.056 s
[2025-04-27T12:22:21.387+0000] {spark_submit.py:490} INFO - 25/04/27 12:22:21 INFO DAGScheduler: looking for newly runnable stages
[2025-04-27T12:22:21.387+0000] {spark_submit.py:490} INFO - 25/04/27 12:22:21 INFO DAGScheduler: running: Set()
[2025-04-27T12:22:21.388+0000] {spark_submit.py:490} INFO - 25/04/27 12:22:21 INFO DAGScheduler: waiting: Set()
[2025-04-27T12:22:21.388+0000] {spark_submit.py:490} INFO - 25/04/27 12:22:21 INFO DAGScheduler: failed: Set()
[2025-04-27T12:22:21.408+0000] {spark_submit.py:490} INFO - 25/04/27 12:22:21 INFO SparkContext: Starting job: count at NativeMethodAccessorImpl.java:0
[2025-04-27T12:22:21.410+0000] {spark_submit.py:490} INFO - 25/04/27 12:22:21 INFO DAGScheduler: Got job 3 (count at NativeMethodAccessorImpl.java:0) with 1 output partitions
[2025-04-27T12:22:21.410+0000] {spark_submit.py:490} INFO - 25/04/27 12:22:21 INFO DAGScheduler: Final stage: ResultStage 5 (count at NativeMethodAccessorImpl.java:0)
[2025-04-27T12:22:21.410+0000] {spark_submit.py:490} INFO - 25/04/27 12:22:21 INFO DAGScheduler: Parents of final stage: List(ShuffleMapStage 4)
[2025-04-27T12:22:21.410+0000] {spark_submit.py:490} INFO - 25/04/27 12:22:21 INFO DAGScheduler: Missing parents: List()
[2025-04-27T12:22:21.411+0000] {spark_submit.py:490} INFO - 25/04/27 12:22:21 INFO DAGScheduler: Submitting ResultStage 5 (MapPartitionsRDD[11] at count at NativeMethodAccessorImpl.java:0), which has no missing parents
[2025-04-27T12:22:21.413+0000] {spark_submit.py:490} INFO - 25/04/27 12:22:21 INFO MemoryStore: Block broadcast_3 stored as values in memory (estimated size 11.1 KiB, free 434.3 MiB)
[2025-04-27T12:22:21.415+0000] {spark_submit.py:490} INFO - 25/04/27 12:22:21 INFO MemoryStore: Block broadcast_3_piece0 stored as bytes in memory (estimated size 5.5 KiB, free 434.3 MiB)
[2025-04-27T12:22:21.416+0000] {spark_submit.py:490} INFO - 25/04/27 12:22:21 INFO BlockManagerInfo: Added broadcast_3_piece0 in memory on 6780dda4d52a:36135 (size: 5.5 KiB, free: 434.4 MiB)
[2025-04-27T12:22:21.416+0000] {spark_submit.py:490} INFO - 25/04/27 12:22:21 INFO SparkContext: Created broadcast 3 from broadcast at DAGScheduler.scala:1513
[2025-04-27T12:22:21.417+0000] {spark_submit.py:490} INFO - 25/04/27 12:22:21 INFO DAGScheduler: Submitting 1 missing tasks from ResultStage 5 (MapPartitionsRDD[11] at count at NativeMethodAccessorImpl.java:0) (first 15 tasks are for partitions Vector(0))
[2025-04-27T12:22:21.417+0000] {spark_submit.py:490} INFO - 25/04/27 12:22:21 INFO TaskSchedulerImpl: Adding task set 5.0 with 1 tasks resource profile 0
[2025-04-27T12:22:21.419+0000] {spark_submit.py:490} INFO - 25/04/27 12:22:21 INFO TaskSetManager: Starting task 0.0 in stage 5.0 (TID 3) (172.18.0.5, executor 0, partition 0, NODE_LOCAL, 4457 bytes) taskResourceAssignments Map()
[2025-04-27T12:22:21.434+0000] {spark_submit.py:490} INFO - 25/04/27 12:22:21 INFO BlockManagerInfo: Added broadcast_3_piece0 in memory on 172.18.0.5:41059 (size: 5.5 KiB, free: 366.3 MiB)
[2025-04-27T12:22:21.444+0000] {spark_submit.py:490} INFO - 25/04/27 12:22:21 INFO MapOutputTrackerMasterEndpoint: Asked to send map output locations for shuffle 1 to 172.18.0.5:51994
[2025-04-27T12:22:21.453+0000] {spark_submit.py:490} INFO - 25/04/27 12:22:21 INFO TaskSetManager: Finished task 0.0 in stage 5.0 (TID 3) in 34 ms on 172.18.0.5 (executor 0) (1/1)
[2025-04-27T12:22:21.453+0000] {spark_submit.py:490} INFO - 25/04/27 12:22:21 INFO TaskSchedulerImpl: Removed TaskSet 5.0, whose tasks have all completed, from pool
[2025-04-27T12:22:21.454+0000] {spark_submit.py:490} INFO - 25/04/27 12:22:21 INFO DAGScheduler: ResultStage 5 (count at NativeMethodAccessorImpl.java:0) finished in 0.041 s
[2025-04-27T12:22:21.454+0000] {spark_submit.py:490} INFO - 25/04/27 12:22:21 INFO DAGScheduler: Job 3 is finished. Cancelling potential speculative or zombie tasks for this job
[2025-04-27T12:22:21.454+0000] {spark_submit.py:490} INFO - 25/04/27 12:22:21 INFO TaskSchedulerImpl: Killing all running tasks in stage 5: Stage finished
[2025-04-27T12:22:21.455+0000] {spark_submit.py:490} INFO - 25/04/27 12:22:21 INFO DAGScheduler: Job 3 finished: count at NativeMethodAccessorImpl.java:0, took 0.046037 s
[2025-04-27T12:22:21.456+0000] {spark_submit.py:490} INFO - INFO:__main__:Правило large_tx отработано, записей: 342
[2025-04-27T12:22:21.655+0000] {spark_submit.py:490} INFO - 25/04/27 12:22:21 INFO CodeGenerator: Code generated in 10.613089 ms
[2025-04-27T12:22:21.661+0000] {spark_submit.py:490} INFO - 25/04/27 12:22:21 INFO DAGScheduler: Registering RDD 14 (count at NativeMethodAccessorImpl.java:0) as input to shuffle 2
[2025-04-27T12:22:21.661+0000] {spark_submit.py:490} INFO - 25/04/27 12:22:21 INFO DAGScheduler: Got map stage job 4 (count at NativeMethodAccessorImpl.java:0) with 1 output partitions
[2025-04-27T12:22:21.662+0000] {spark_submit.py:490} INFO - 25/04/27 12:22:21 INFO DAGScheduler: Final stage: ShuffleMapStage 6 (count at NativeMethodAccessorImpl.java:0)
[2025-04-27T12:22:21.662+0000] {spark_submit.py:490} INFO - 25/04/27 12:22:21 INFO DAGScheduler: Parents of final stage: List()
[2025-04-27T12:22:21.662+0000] {spark_submit.py:490} INFO - 25/04/27 12:22:21 INFO DAGScheduler: Missing parents: List()
[2025-04-27T12:22:21.663+0000] {spark_submit.py:490} INFO - 25/04/27 12:22:21 INFO DAGScheduler: Submitting ShuffleMapStage 6 (MapPartitionsRDD[14] at count at NativeMethodAccessorImpl.java:0), which has no missing parents
[2025-04-27T12:22:21.669+0000] {spark_submit.py:490} INFO - 25/04/27 12:22:21 INFO MemoryStore: Block broadcast_4 stored as values in memory (estimated size 14.0 KiB, free 434.3 MiB)
[2025-04-27T12:22:21.687+0000] {spark_submit.py:490} INFO - 25/04/27 12:22:21 INFO MemoryStore: Block broadcast_4_piece0 stored as bytes in memory (estimated size 7.3 KiB, free 434.3 MiB)
[2025-04-27T12:22:21.687+0000] {spark_submit.py:490} INFO - 25/04/27 12:22:21 INFO BlockManagerInfo: Added broadcast_4_piece0 in memory on 6780dda4d52a:36135 (size: 7.3 KiB, free: 434.4 MiB)
[2025-04-27T12:22:21.688+0000] {spark_submit.py:490} INFO - 25/04/27 12:22:21 INFO SparkContext: Created broadcast 4 from broadcast at DAGScheduler.scala:1513
[2025-04-27T12:22:21.689+0000] {spark_submit.py:490} INFO - 25/04/27 12:22:21 INFO DAGScheduler: Submitting 1 missing tasks from ShuffleMapStage 6 (MapPartitionsRDD[14] at count at NativeMethodAccessorImpl.java:0) (first 15 tasks are for partitions Vector(0))
[2025-04-27T12:22:21.690+0000] {spark_submit.py:490} INFO - 25/04/27 12:22:21 INFO TaskSchedulerImpl: Adding task set 6.0 with 1 tasks resource profile 0
[2025-04-27T12:22:21.691+0000] {spark_submit.py:490} INFO - 25/04/27 12:22:21 INFO TaskSetManager: Starting task 0.0 in stage 6.0 (TID 4) (172.18.0.5, executor 0, partition 0, PROCESS_LOCAL, 4292 bytes) taskResourceAssignments Map()
[2025-04-27T12:22:21.740+0000] {spark_submit.py:490} INFO - 25/04/27 12:22:21 INFO BlockManagerInfo: Removed broadcast_1_piece0 on 6780dda4d52a:36135 in memory (size: 5.5 KiB, free: 434.4 MiB)
[2025-04-27T12:22:21.741+0000] {spark_submit.py:490} INFO - 25/04/27 12:22:21 INFO BlockManagerInfo: Added broadcast_4_piece0 in memory on 172.18.0.5:41059 (size: 7.3 KiB, free: 366.3 MiB)
[2025-04-27T12:22:21.752+0000] {spark_submit.py:490} INFO - 25/04/27 12:22:21 INFO BlockManagerInfo: Removed broadcast_1_piece0 on 172.18.0.5:41059 in memory (size: 5.5 KiB, free: 366.3 MiB)
[2025-04-27T12:22:21.763+0000] {spark_submit.py:490} INFO - 25/04/27 12:22:21 INFO BlockManagerInfo: Removed broadcast_2_piece0 on 6780dda4d52a:36135 in memory (size: 7.0 KiB, free: 434.4 MiB)
[2025-04-27T12:22:21.764+0000] {spark_submit.py:490} INFO - 25/04/27 12:22:21 INFO BlockManagerInfo: Removed broadcast_2_piece0 on 172.18.0.5:41059 in memory (size: 7.0 KiB, free: 366.3 MiB)
[2025-04-27T12:22:21.771+0000] {spark_submit.py:490} INFO - 25/04/27 12:22:21 INFO BlockManagerInfo: Removed broadcast_3_piece0 on 6780dda4d52a:36135 in memory (size: 5.5 KiB, free: 434.4 MiB)
[2025-04-27T12:22:21.773+0000] {spark_submit.py:490} INFO - 25/04/27 12:22:21 INFO BlockManagerInfo: Removed broadcast_3_piece0 on 172.18.0.5:41059 in memory (size: 5.5 KiB, free: 366.3 MiB)
[2025-04-27T12:22:21.778+0000] {spark_submit.py:490} INFO - 25/04/27 12:22:21 INFO BlockManagerInfo: Removed broadcast_0_piece0 on 6780dda4d52a:36135 in memory (size: 7.0 KiB, free: 434.4 MiB)
[2025-04-27T12:22:21.780+0000] {spark_submit.py:490} INFO - 25/04/27 12:22:21 INFO BlockManagerInfo: Removed broadcast_0_piece0 on 172.18.0.5:41059 in memory (size: 7.0 KiB, free: 366.3 MiB)
[2025-04-27T12:22:22.201+0000] {spark_submit.py:490} INFO - 25/04/27 12:22:22 INFO TaskSetManager: Finished task 0.0 in stage 6.0 (TID 4) in 510 ms on 172.18.0.5 (executor 0) (1/1)
[2025-04-27T12:22:22.202+0000] {spark_submit.py:490} INFO - 25/04/27 12:22:22 INFO TaskSchedulerImpl: Removed TaskSet 6.0, whose tasks have all completed, from pool
[2025-04-27T12:22:22.202+0000] {spark_submit.py:490} INFO - 25/04/27 12:22:22 INFO DAGScheduler: ShuffleMapStage 6 (count at NativeMethodAccessorImpl.java:0) finished in 0.539 s
[2025-04-27T12:22:22.202+0000] {spark_submit.py:490} INFO - 25/04/27 12:22:22 INFO DAGScheduler: looking for newly runnable stages
[2025-04-27T12:22:22.203+0000] {spark_submit.py:490} INFO - 25/04/27 12:22:22 INFO DAGScheduler: running: Set()
[2025-04-27T12:22:22.203+0000] {spark_submit.py:490} INFO - 25/04/27 12:22:22 INFO DAGScheduler: waiting: Set()
[2025-04-27T12:22:22.203+0000] {spark_submit.py:490} INFO - 25/04/27 12:22:22 INFO DAGScheduler: failed: Set()
[2025-04-27T12:22:22.217+0000] {spark_submit.py:490} INFO - 25/04/27 12:22:22 INFO ShufflePartitionsUtil: For shuffle(2), advisory target size: 67108864, actual target size 1048576, minimum partition size: 1048576
[2025-04-27T12:22:22.258+0000] {spark_submit.py:490} INFO - 25/04/27 12:22:22 INFO CodeGenerator: Code generated in 11.784565 ms
[2025-04-27T12:22:22.279+0000] {spark_submit.py:490} INFO - 25/04/27 12:22:22 INFO CodeGenerator: Code generated in 13.437817 ms
[2025-04-27T12:22:22.320+0000] {spark_submit.py:490} INFO - 25/04/27 12:22:22 INFO DAGScheduler: Registering RDD 19 (count at NativeMethodAccessorImpl.java:0) as input to shuffle 3
[2025-04-27T12:22:22.320+0000] {spark_submit.py:490} INFO - 25/04/27 12:22:22 INFO DAGScheduler: Got map stage job 5 (count at NativeMethodAccessorImpl.java:0) with 1 output partitions
[2025-04-27T12:22:22.320+0000] {spark_submit.py:490} INFO - 25/04/27 12:22:22 INFO DAGScheduler: Final stage: ShuffleMapStage 8 (count at NativeMethodAccessorImpl.java:0)
[2025-04-27T12:22:22.320+0000] {spark_submit.py:490} INFO - 25/04/27 12:22:22 INFO DAGScheduler: Parents of final stage: List(ShuffleMapStage 7)
[2025-04-27T12:22:22.320+0000] {spark_submit.py:490} INFO - 25/04/27 12:22:22 INFO DAGScheduler: Missing parents: List()
[2025-04-27T12:22:22.321+0000] {spark_submit.py:490} INFO - 25/04/27 12:22:22 INFO DAGScheduler: Submitting ShuffleMapStage 8 (MapPartitionsRDD[19] at count at NativeMethodAccessorImpl.java:0), which has no missing parents
[2025-04-27T12:22:22.332+0000] {spark_submit.py:490} INFO - 25/04/27 12:22:22 INFO MemoryStore: Block broadcast_5 stored as values in memory (estimated size 34.6 KiB, free 434.3 MiB)
[2025-04-27T12:22:22.333+0000] {spark_submit.py:490} INFO - 25/04/27 12:22:22 INFO MemoryStore: Block broadcast_5_piece0 stored as bytes in memory (estimated size 16.6 KiB, free 434.3 MiB)
[2025-04-27T12:22:22.334+0000] {spark_submit.py:490} INFO - 25/04/27 12:22:22 INFO BlockManagerInfo: Added broadcast_5_piece0 in memory on 6780dda4d52a:36135 (size: 16.6 KiB, free: 434.4 MiB)
[2025-04-27T12:22:22.334+0000] {spark_submit.py:490} INFO - 25/04/27 12:22:22 INFO SparkContext: Created broadcast 5 from broadcast at DAGScheduler.scala:1513
[2025-04-27T12:22:22.335+0000] {spark_submit.py:490} INFO - 25/04/27 12:22:22 INFO DAGScheduler: Submitting 1 missing tasks from ShuffleMapStage 8 (MapPartitionsRDD[19] at count at NativeMethodAccessorImpl.java:0) (first 15 tasks are for partitions Vector(0))
[2025-04-27T12:22:22.335+0000] {spark_submit.py:490} INFO - 25/04/27 12:22:22 INFO TaskSchedulerImpl: Adding task set 8.0 with 1 tasks resource profile 0
[2025-04-27T12:22:22.336+0000] {spark_submit.py:490} INFO - 25/04/27 12:22:22 INFO TaskSetManager: Starting task 0.0 in stage 8.0 (TID 5) (172.18.0.5, executor 0, partition 0, NODE_LOCAL, 4446 bytes) taskResourceAssignments Map()
[2025-04-27T12:22:22.349+0000] {spark_submit.py:490} INFO - 25/04/27 12:22:22 INFO BlockManagerInfo: Added broadcast_5_piece0 in memory on 172.18.0.5:41059 (size: 16.6 KiB, free: 366.3 MiB)
[2025-04-27T12:22:22.468+0000] {spark_submit.py:490} INFO - 25/04/27 12:22:22 INFO MapOutputTrackerMasterEndpoint: Asked to send map output locations for shuffle 2 to 172.18.0.5:51994
[2025-04-27T12:22:22.778+0000] {spark_submit.py:490} INFO - 25/04/27 12:22:22 INFO TaskSetManager: Finished task 0.0 in stage 8.0 (TID 5) in 442 ms on 172.18.0.5 (executor 0) (1/1)
[2025-04-27T12:22:22.778+0000] {spark_submit.py:490} INFO - 25/04/27 12:22:22 INFO TaskSchedulerImpl: Removed TaskSet 8.0, whose tasks have all completed, from pool
[2025-04-27T12:22:22.779+0000] {spark_submit.py:490} INFO - 25/04/27 12:22:22 INFO DAGScheduler: ShuffleMapStage 8 (count at NativeMethodAccessorImpl.java:0) finished in 0.452 s
[2025-04-27T12:22:22.779+0000] {spark_submit.py:490} INFO - 25/04/27 12:22:22 INFO DAGScheduler: looking for newly runnable stages
[2025-04-27T12:22:22.780+0000] {spark_submit.py:490} INFO - 25/04/27 12:22:22 INFO DAGScheduler: running: Set()
[2025-04-27T12:22:22.780+0000] {spark_submit.py:490} INFO - 25/04/27 12:22:22 INFO DAGScheduler: waiting: Set()
[2025-04-27T12:22:22.780+0000] {spark_submit.py:490} INFO - 25/04/27 12:22:22 INFO DAGScheduler: failed: Set()
[2025-04-27T12:22:22.794+0000] {spark_submit.py:490} INFO - 25/04/27 12:22:22 INFO CodeGenerator: Code generated in 6.582219 ms
[2025-04-27T12:22:22.807+0000] {spark_submit.py:490} INFO - 25/04/27 12:22:22 INFO SparkContext: Starting job: count at NativeMethodAccessorImpl.java:0
[2025-04-27T12:22:22.808+0000] {spark_submit.py:490} INFO - 25/04/27 12:22:22 INFO DAGScheduler: Got job 6 (count at NativeMethodAccessorImpl.java:0) with 1 output partitions
[2025-04-27T12:22:22.808+0000] {spark_submit.py:490} INFO - 25/04/27 12:22:22 INFO DAGScheduler: Final stage: ResultStage 11 (count at NativeMethodAccessorImpl.java:0)
[2025-04-27T12:22:22.808+0000] {spark_submit.py:490} INFO - 25/04/27 12:22:22 INFO DAGScheduler: Parents of final stage: List(ShuffleMapStage 10)
[2025-04-27T12:22:22.808+0000] {spark_submit.py:490} INFO - 25/04/27 12:22:22 INFO DAGScheduler: Missing parents: List()
[2025-04-27T12:22:22.809+0000] {spark_submit.py:490} INFO - 25/04/27 12:22:22 INFO DAGScheduler: Submitting ResultStage 11 (MapPartitionsRDD[22] at count at NativeMethodAccessorImpl.java:0), which has no missing parents
[2025-04-27T12:22:22.811+0000] {spark_submit.py:490} INFO - 25/04/27 12:22:22 INFO MemoryStore: Block broadcast_6 stored as values in memory (estimated size 11.1 KiB, free 434.3 MiB)
[2025-04-27T12:22:22.812+0000] {spark_submit.py:490} INFO - 25/04/27 12:22:22 INFO MemoryStore: Block broadcast_6_piece0 stored as bytes in memory (estimated size 5.5 KiB, free 434.3 MiB)
[2025-04-27T12:22:22.813+0000] {spark_submit.py:490} INFO - 25/04/27 12:22:22 INFO BlockManagerInfo: Added broadcast_6_piece0 in memory on 6780dda4d52a:36135 (size: 5.5 KiB, free: 434.4 MiB)
[2025-04-27T12:22:22.813+0000] {spark_submit.py:490} INFO - 25/04/27 12:22:22 INFO SparkContext: Created broadcast 6 from broadcast at DAGScheduler.scala:1513
[2025-04-27T12:22:22.814+0000] {spark_submit.py:490} INFO - 25/04/27 12:22:22 INFO DAGScheduler: Submitting 1 missing tasks from ResultStage 11 (MapPartitionsRDD[22] at count at NativeMethodAccessorImpl.java:0) (first 15 tasks are for partitions Vector(0))
[2025-04-27T12:22:22.814+0000] {spark_submit.py:490} INFO - 25/04/27 12:22:22 INFO TaskSchedulerImpl: Adding task set 11.0 with 1 tasks resource profile 0
[2025-04-27T12:22:22.815+0000] {spark_submit.py:490} INFO - 25/04/27 12:22:22 INFO TaskSetManager: Starting task 0.0 in stage 11.0 (TID 6) (172.18.0.5, executor 0, partition 0, NODE_LOCAL, 4457 bytes) taskResourceAssignments Map()
[2025-04-27T12:22:22.826+0000] {spark_submit.py:490} INFO - 25/04/27 12:22:22 INFO BlockManagerInfo: Added broadcast_6_piece0 in memory on 172.18.0.5:41059 (size: 5.5 KiB, free: 366.3 MiB)
[2025-04-27T12:22:22.832+0000] {spark_submit.py:490} INFO - 25/04/27 12:22:22 INFO MapOutputTrackerMasterEndpoint: Asked to send map output locations for shuffle 3 to 172.18.0.5:51994
[2025-04-27T12:22:22.848+0000] {spark_submit.py:490} INFO - 25/04/27 12:22:22 INFO TaskSetManager: Finished task 0.0 in stage 11.0 (TID 6) in 32 ms on 172.18.0.5 (executor 0) (1/1)
[2025-04-27T12:22:22.848+0000] {spark_submit.py:490} INFO - 25/04/27 12:22:22 INFO TaskSchedulerImpl: Removed TaskSet 11.0, whose tasks have all completed, from pool
[2025-04-27T12:22:22.849+0000] {spark_submit.py:490} INFO - 25/04/27 12:22:22 INFO DAGScheduler: ResultStage 11 (count at NativeMethodAccessorImpl.java:0) finished in 0.039 s
[2025-04-27T12:22:22.849+0000] {spark_submit.py:490} INFO - 25/04/27 12:22:22 INFO DAGScheduler: Job 6 is finished. Cancelling potential speculative or zombie tasks for this job
[2025-04-27T12:22:22.849+0000] {spark_submit.py:490} INFO - 25/04/27 12:22:22 INFO TaskSchedulerImpl: Killing all running tasks in stage 11: Stage finished
[2025-04-27T12:22:22.849+0000] {spark_submit.py:490} INFO - 25/04/27 12:22:22 INFO DAGScheduler: Job 6 finished: count at NativeMethodAccessorImpl.java:0, took 0.042245 s
[2025-04-27T12:22:22.851+0000] {spark_submit.py:490} INFO - INFO:__main__:Правило freq_tx отработано, записей: 8
[2025-04-27T12:22:22.958+0000] {spark_submit.py:490} INFO - 25/04/27 12:22:22 INFO DAGScheduler: Registering RDD 26 (count at NativeMethodAccessorImpl.java:0) as input to shuffle 4
[2025-04-27T12:22:22.958+0000] {spark_submit.py:490} INFO - 25/04/27 12:22:22 INFO DAGScheduler: Got map stage job 7 (count at NativeMethodAccessorImpl.java:0) with 1 output partitions
[2025-04-27T12:22:22.958+0000] {spark_submit.py:490} INFO - 25/04/27 12:22:22 INFO DAGScheduler: Final stage: ShuffleMapStage 12 (count at NativeMethodAccessorImpl.java:0)
[2025-04-27T12:22:22.958+0000] {spark_submit.py:490} INFO - 25/04/27 12:22:22 INFO DAGScheduler: Parents of final stage: List()
[2025-04-27T12:22:22.958+0000] {spark_submit.py:490} INFO - 25/04/27 12:22:22 INFO DAGScheduler: Missing parents: List()
[2025-04-27T12:22:22.959+0000] {spark_submit.py:490} INFO - 25/04/27 12:22:22 INFO DAGScheduler: Submitting ShuffleMapStage 12 (MapPartitionsRDD[26] at count at NativeMethodAccessorImpl.java:0), which has no missing parents
[2025-04-27T12:22:22.962+0000] {spark_submit.py:490} INFO - 25/04/27 12:22:22 INFO MemoryStore: Block broadcast_7 stored as values in memory (estimated size 14.1 KiB, free 434.3 MiB)
[2025-04-27T12:22:22.973+0000] {spark_submit.py:490} INFO - 25/04/27 12:22:22 INFO MemoryStore: Block broadcast_7_piece0 stored as bytes in memory (estimated size 7.3 KiB, free 434.3 MiB)
[2025-04-27T12:22:22.976+0000] {spark_submit.py:490} INFO - 25/04/27 12:22:22 INFO BlockManagerInfo: Added broadcast_7_piece0 in memory on 6780dda4d52a:36135 (size: 7.3 KiB, free: 434.4 MiB)
[2025-04-27T12:22:22.976+0000] {spark_submit.py:490} INFO - 25/04/27 12:22:22 INFO BlockManagerInfo: Removed broadcast_4_piece0 on 6780dda4d52a:36135 in memory (size: 7.3 KiB, free: 434.4 MiB)
[2025-04-27T12:22:22.981+0000] {spark_submit.py:490} INFO - 25/04/27 12:22:22 INFO SparkContext: Created broadcast 7 from broadcast at DAGScheduler.scala:1513
[2025-04-27T12:22:22.982+0000] {spark_submit.py:490} INFO - 25/04/27 12:22:22 INFO DAGScheduler: Submitting 1 missing tasks from ShuffleMapStage 12 (MapPartitionsRDD[26] at count at NativeMethodAccessorImpl.java:0) (first 15 tasks are for partitions Vector(0))
[2025-04-27T12:22:22.983+0000] {spark_submit.py:490} INFO - 25/04/27 12:22:22 INFO TaskSchedulerImpl: Adding task set 12.0 with 1 tasks resource profile 0
[2025-04-27T12:22:22.984+0000] {spark_submit.py:490} INFO - 25/04/27 12:22:22 INFO TaskSetManager: Starting task 0.0 in stage 12.0 (TID 7) (172.18.0.5, executor 0, partition 0, PROCESS_LOCAL, 4292 bytes) taskResourceAssignments Map()
[2025-04-27T12:22:22.988+0000] {spark_submit.py:490} INFO - 25/04/27 12:22:22 INFO BlockManagerInfo: Removed broadcast_4_piece0 on 172.18.0.5:41059 in memory (size: 7.3 KiB, free: 366.3 MiB)
[2025-04-27T12:22:22.998+0000] {spark_submit.py:490} INFO - 25/04/27 12:22:22 INFO BlockManagerInfo: Removed broadcast_5_piece0 on 6780dda4d52a:36135 in memory (size: 16.6 KiB, free: 434.4 MiB)
[2025-04-27T12:22:23.000+0000] {spark_submit.py:490} INFO - 25/04/27 12:22:23 INFO BlockManagerInfo: Removed broadcast_5_piece0 on 172.18.0.5:41059 in memory (size: 16.6 KiB, free: 366.3 MiB)
[2025-04-27T12:22:23.010+0000] {spark_submit.py:490} INFO - 25/04/27 12:22:23 INFO BlockManagerInfo: Added broadcast_7_piece0 in memory on 172.18.0.5:41059 (size: 7.3 KiB, free: 366.3 MiB)
[2025-04-27T12:22:23.014+0000] {spark_submit.py:490} INFO - 25/04/27 12:22:23 INFO BlockManagerInfo: Removed broadcast_6_piece0 on 6780dda4d52a:36135 in memory (size: 5.5 KiB, free: 434.4 MiB)
[2025-04-27T12:22:23.015+0000] {spark_submit.py:490} INFO - 25/04/27 12:22:23 INFO BlockManagerInfo: Removed broadcast_6_piece0 on 172.18.0.5:41059 in memory (size: 5.5 KiB, free: 366.3 MiB)
[2025-04-27T12:22:23.075+0000] {spark_submit.py:490} INFO - 25/04/27 12:22:23 INFO TaskSetManager: Finished task 0.0 in stage 12.0 (TID 7) in 91 ms on 172.18.0.5 (executor 0) (1/1)
[2025-04-27T12:22:23.076+0000] {spark_submit.py:490} INFO - 25/04/27 12:22:23 INFO TaskSchedulerImpl: Removed TaskSet 12.0, whose tasks have all completed, from pool
[2025-04-27T12:22:23.076+0000] {spark_submit.py:490} INFO - 25/04/27 12:22:23 INFO DAGScheduler: ShuffleMapStage 12 (count at NativeMethodAccessorImpl.java:0) finished in 0.117 s
[2025-04-27T12:22:23.076+0000] {spark_submit.py:490} INFO - 25/04/27 12:22:23 INFO DAGScheduler: looking for newly runnable stages
[2025-04-27T12:22:23.076+0000] {spark_submit.py:490} INFO - 25/04/27 12:22:23 INFO DAGScheduler: running: Set()
[2025-04-27T12:22:23.076+0000] {spark_submit.py:490} INFO - 25/04/27 12:22:23 INFO DAGScheduler: waiting: Set()
[2025-04-27T12:22:23.077+0000] {spark_submit.py:490} INFO - 25/04/27 12:22:23 INFO DAGScheduler: failed: Set()
[2025-04-27T12:22:23.089+0000] {spark_submit.py:490} INFO - 25/04/27 12:22:23 INFO ShufflePartitionsUtil: For shuffle(4), advisory target size: 67108864, actual target size 1048576, minimum partition size: 1048576
[2025-04-27T12:22:23.106+0000] {spark_submit.py:490} INFO - 25/04/27 12:22:23 INFO CodeGenerator: Code generated in 6.494632 ms
[2025-04-27T12:22:23.112+0000] {spark_submit.py:490} INFO - 25/04/27 12:22:23 INFO CodeGenerator: Code generated in 4.249551 ms
[2025-04-27T12:22:23.120+0000] {spark_submit.py:490} INFO - 25/04/27 12:22:23 INFO CodeGenerator: Code generated in 4.093276 ms
[2025-04-27T12:22:23.128+0000] {spark_submit.py:490} INFO - 25/04/27 12:22:23 INFO CodeGenerator: Code generated in 6.380983 ms
[2025-04-27T12:22:23.146+0000] {spark_submit.py:490} INFO - 25/04/27 12:22:23 INFO DAGScheduler: Registering RDD 35 (count at NativeMethodAccessorImpl.java:0) as input to shuffle 5
[2025-04-27T12:22:23.146+0000] {spark_submit.py:490} INFO - 25/04/27 12:22:23 INFO DAGScheduler: Got map stage job 8 (count at NativeMethodAccessorImpl.java:0) with 2 output partitions
[2025-04-27T12:22:23.146+0000] {spark_submit.py:490} INFO - 25/04/27 12:22:23 INFO DAGScheduler: Final stage: ShuffleMapStage 14 (count at NativeMethodAccessorImpl.java:0)
[2025-04-27T12:22:23.146+0000] {spark_submit.py:490} INFO - 25/04/27 12:22:23 INFO DAGScheduler: Parents of final stage: List(ShuffleMapStage 13)
[2025-04-27T12:22:23.146+0000] {spark_submit.py:490} INFO - 25/04/27 12:22:23 INFO DAGScheduler: Missing parents: List()
[2025-04-27T12:22:23.147+0000] {spark_submit.py:490} INFO - 25/04/27 12:22:23 INFO DAGScheduler: Submitting ShuffleMapStage 14 (MapPartitionsRDD[35] at count at NativeMethodAccessorImpl.java:0), which has no missing parents
[2025-04-27T12:22:23.157+0000] {spark_submit.py:490} INFO - 25/04/27 12:22:23 INFO MemoryStore: Block broadcast_8 stored as values in memory (estimated size 38.6 KiB, free 434.3 MiB)
[2025-04-27T12:22:23.158+0000] {spark_submit.py:490} INFO - 25/04/27 12:22:23 INFO MemoryStore: Block broadcast_8_piece0 stored as bytes in memory (estimated size 17.8 KiB, free 434.3 MiB)
[2025-04-27T12:22:23.159+0000] {spark_submit.py:490} INFO - 25/04/27 12:22:23 INFO BlockManagerInfo: Added broadcast_8_piece0 in memory on 6780dda4d52a:36135 (size: 17.8 KiB, free: 434.4 MiB)
[2025-04-27T12:22:23.160+0000] {spark_submit.py:490} INFO - 25/04/27 12:22:23 INFO SparkContext: Created broadcast 8 from broadcast at DAGScheduler.scala:1513
[2025-04-27T12:22:23.160+0000] {spark_submit.py:490} INFO - 25/04/27 12:22:23 INFO DAGScheduler: Submitting 2 missing tasks from ShuffleMapStage 14 (MapPartitionsRDD[35] at count at NativeMethodAccessorImpl.java:0) (first 15 tasks are for partitions Vector(0, 1))
[2025-04-27T12:22:23.160+0000] {spark_submit.py:490} INFO - 25/04/27 12:22:23 INFO TaskSchedulerImpl: Adding task set 14.0 with 2 tasks resource profile 0
[2025-04-27T12:22:23.162+0000] {spark_submit.py:490} INFO - 25/04/27 12:22:23 INFO TaskSetManager: Starting task 1.0 in stage 14.0 (TID 8) (172.18.0.5, executor 0, partition 1, NODE_LOCAL, 4555 bytes) taskResourceAssignments Map()
[2025-04-27T12:22:23.175+0000] {spark_submit.py:490} INFO - 25/04/27 12:22:23 INFO BlockManagerInfo: Added broadcast_8_piece0 in memory on 172.18.0.5:41059 (size: 17.8 KiB, free: 366.3 MiB)
[2025-04-27T12:22:23.186+0000] {spark_submit.py:490} INFO - 25/04/27 12:22:23 INFO MapOutputTrackerMasterEndpoint: Asked to send map output locations for shuffle 4 to 172.18.0.5:51994
[2025-04-27T12:22:23.252+0000] {spark_submit.py:490} INFO - 25/04/27 12:22:23 INFO TaskSetManager: Starting task 0.0 in stage 14.0 (TID 9) (172.18.0.5, executor 0, partition 0, PROCESS_LOCAL, 4401 bytes) taskResourceAssignments Map()
[2025-04-27T12:22:23.253+0000] {spark_submit.py:490} INFO - 25/04/27 12:22:23 INFO TaskSetManager: Finished task 1.0 in stage 14.0 (TID 8) in 92 ms on 172.18.0.5 (executor 0) (1/2)
[2025-04-27T12:22:23.304+0000] {spark_submit.py:490} INFO - 25/04/27 12:22:23 INFO TaskSetManager: Finished task 0.0 in stage 14.0 (TID 9) in 51 ms on 172.18.0.5 (executor 0) (2/2)
[2025-04-27T12:22:23.304+0000] {spark_submit.py:490} INFO - 25/04/27 12:22:23 INFO TaskSchedulerImpl: Removed TaskSet 14.0, whose tasks have all completed, from pool
[2025-04-27T12:22:23.304+0000] {spark_submit.py:490} INFO - 25/04/27 12:22:23 INFO DAGScheduler: ShuffleMapStage 14 (count at NativeMethodAccessorImpl.java:0) finished in 0.152 s
[2025-04-27T12:22:23.304+0000] {spark_submit.py:490} INFO - 25/04/27 12:22:23 INFO DAGScheduler: looking for newly runnable stages
[2025-04-27T12:22:23.305+0000] {spark_submit.py:490} INFO - 25/04/27 12:22:23 INFO DAGScheduler: running: Set()
[2025-04-27T12:22:23.305+0000] {spark_submit.py:490} INFO - 25/04/27 12:22:23 INFO DAGScheduler: waiting: Set()
[2025-04-27T12:22:23.305+0000] {spark_submit.py:490} INFO - 25/04/27 12:22:23 INFO DAGScheduler: failed: Set()
[2025-04-27T12:22:23.326+0000] {spark_submit.py:490} INFO - 25/04/27 12:22:23 INFO CodeGenerator: Code generated in 10.107203 ms
[2025-04-27T12:22:23.343+0000] {spark_submit.py:490} INFO - 25/04/27 12:22:23 INFO SparkContext: Starting job: count at NativeMethodAccessorImpl.java:0
[2025-04-27T12:22:23.344+0000] {spark_submit.py:490} INFO - 25/04/27 12:22:23 INFO DAGScheduler: Got job 9 (count at NativeMethodAccessorImpl.java:0) with 1 output partitions
[2025-04-27T12:22:23.345+0000] {spark_submit.py:490} INFO - 25/04/27 12:22:23 INFO DAGScheduler: Final stage: ResultStage 17 (count at NativeMethodAccessorImpl.java:0)
[2025-04-27T12:22:23.345+0000] {spark_submit.py:490} INFO - 25/04/27 12:22:23 INFO DAGScheduler: Parents of final stage: List(ShuffleMapStage 16)
[2025-04-27T12:22:23.345+0000] {spark_submit.py:490} INFO - 25/04/27 12:22:23 INFO DAGScheduler: Missing parents: List()
[2025-04-27T12:22:23.345+0000] {spark_submit.py:490} INFO - 25/04/27 12:22:23 INFO DAGScheduler: Submitting ResultStage 17 (MapPartitionsRDD[38] at count at NativeMethodAccessorImpl.java:0), which has no missing parents
[2025-04-27T12:22:23.348+0000] {spark_submit.py:490} INFO - 25/04/27 12:22:23 INFO MemoryStore: Block broadcast_9 stored as values in memory (estimated size 11.1 KiB, free 434.3 MiB)
[2025-04-27T12:22:23.349+0000] {spark_submit.py:490} INFO - 25/04/27 12:22:23 INFO MemoryStore: Block broadcast_9_piece0 stored as bytes in memory (estimated size 5.5 KiB, free 434.3 MiB)
[2025-04-27T12:22:23.350+0000] {spark_submit.py:490} INFO - 25/04/27 12:22:23 INFO BlockManagerInfo: Added broadcast_9_piece0 in memory on 6780dda4d52a:36135 (size: 5.5 KiB, free: 434.4 MiB)
[2025-04-27T12:22:23.350+0000] {spark_submit.py:490} INFO - 25/04/27 12:22:23 INFO SparkContext: Created broadcast 9 from broadcast at DAGScheduler.scala:1513
[2025-04-27T12:22:23.351+0000] {spark_submit.py:490} INFO - 25/04/27 12:22:23 INFO DAGScheduler: Submitting 1 missing tasks from ResultStage 17 (MapPartitionsRDD[38] at count at NativeMethodAccessorImpl.java:0) (first 15 tasks are for partitions Vector(0))
[2025-04-27T12:22:23.351+0000] {spark_submit.py:490} INFO - 25/04/27 12:22:23 INFO TaskSchedulerImpl: Adding task set 17.0 with 1 tasks resource profile 0
[2025-04-27T12:22:23.353+0000] {spark_submit.py:490} INFO - 25/04/27 12:22:23 INFO TaskSetManager: Starting task 0.0 in stage 17.0 (TID 10) (172.18.0.5, executor 0, partition 0, NODE_LOCAL, 4457 bytes) taskResourceAssignments Map()
[2025-04-27T12:22:23.367+0000] {spark_submit.py:490} INFO - 25/04/27 12:22:23 INFO BlockManagerInfo: Added broadcast_9_piece0 in memory on 172.18.0.5:41059 (size: 5.5 KiB, free: 366.3 MiB)
[2025-04-27T12:22:23.372+0000] {spark_submit.py:490} INFO - 25/04/27 12:22:23 INFO MapOutputTrackerMasterEndpoint: Asked to send map output locations for shuffle 5 to 172.18.0.5:51994
[2025-04-27T12:22:23.393+0000] {spark_submit.py:490} INFO - 25/04/27 12:22:23 INFO TaskSetManager: Finished task 0.0 in stage 17.0 (TID 10) in 41 ms on 172.18.0.5 (executor 0) (1/1)
[2025-04-27T12:22:23.394+0000] {spark_submit.py:490} INFO - 25/04/27 12:22:23 INFO TaskSchedulerImpl: Removed TaskSet 17.0, whose tasks have all completed, from pool
[2025-04-27T12:22:23.395+0000] {spark_submit.py:490} INFO - 25/04/27 12:22:23 INFO DAGScheduler: ResultStage 17 (count at NativeMethodAccessorImpl.java:0) finished in 0.048 s
[2025-04-27T12:22:23.395+0000] {spark_submit.py:490} INFO - 25/04/27 12:22:23 INFO DAGScheduler: Job 9 is finished. Cancelling potential speculative or zombie tasks for this job
[2025-04-27T12:22:23.395+0000] {spark_submit.py:490} INFO - 25/04/27 12:22:23 INFO TaskSchedulerImpl: Killing all running tasks in stage 17: Stage finished
[2025-04-27T12:22:23.395+0000] {spark_submit.py:490} INFO - 25/04/27 12:22:23 INFO DAGScheduler: Job 9 finished: count at NativeMethodAccessorImpl.java:0, took 0.052364 s
[2025-04-27T12:22:23.397+0000] {spark_submit.py:490} INFO - INFO:__main__:Объединение результатов выполнено, итого записей: 350
[2025-04-27T12:22:23.541+0000] {spark_submit.py:490} INFO - 25/04/27 12:22:23 INFO CodeGenerator: Code generated in 12.195968 ms
[2025-04-27T12:22:23.545+0000] {spark_submit.py:490} INFO - 25/04/27 12:22:23 INFO DAGScheduler: Registering RDD 42 (jdbc at NativeMethodAccessorImpl.java:0) as input to shuffle 6
[2025-04-27T12:22:23.545+0000] {spark_submit.py:490} INFO - 25/04/27 12:22:23 INFO DAGScheduler: Got map stage job 10 (jdbc at NativeMethodAccessorImpl.java:0) with 1 output partitions
[2025-04-27T12:22:23.545+0000] {spark_submit.py:490} INFO - 25/04/27 12:22:23 INFO DAGScheduler: Final stage: ShuffleMapStage 18 (jdbc at NativeMethodAccessorImpl.java:0)
[2025-04-27T12:22:23.545+0000] {spark_submit.py:490} INFO - 25/04/27 12:22:23 INFO DAGScheduler: Parents of final stage: List()
[2025-04-27T12:22:23.545+0000] {spark_submit.py:490} INFO - 25/04/27 12:22:23 INFO DAGScheduler: Missing parents: List()
[2025-04-27T12:22:23.546+0000] {spark_submit.py:490} INFO - 25/04/27 12:22:23 INFO DAGScheduler: Submitting ShuffleMapStage 18 (MapPartitionsRDD[42] at jdbc at NativeMethodAccessorImpl.java:0), which has no missing parents
[2025-04-27T12:22:23.550+0000] {spark_submit.py:490} INFO - 25/04/27 12:22:23 INFO MemoryStore: Block broadcast_10 stored as values in memory (estimated size 16.3 KiB, free 434.3 MiB)
[2025-04-27T12:22:23.559+0000] {spark_submit.py:490} INFO - 25/04/27 12:22:23 INFO MemoryStore: Block broadcast_10_piece0 stored as bytes in memory (estimated size 7.9 KiB, free 434.3 MiB)
[2025-04-27T12:22:23.560+0000] {spark_submit.py:490} INFO - 25/04/27 12:22:23 INFO BlockManagerInfo: Added broadcast_10_piece0 in memory on 6780dda4d52a:36135 (size: 7.9 KiB, free: 434.4 MiB)
[2025-04-27T12:22:23.561+0000] {spark_submit.py:490} INFO - 25/04/27 12:22:23 INFO BlockManagerInfo: Removed broadcast_9_piece0 on 6780dda4d52a:36135 in memory (size: 5.5 KiB, free: 434.4 MiB)
[2025-04-27T12:22:23.561+0000] {spark_submit.py:490} INFO - 25/04/27 12:22:23 INFO SparkContext: Created broadcast 10 from broadcast at DAGScheduler.scala:1513
[2025-04-27T12:22:23.562+0000] {spark_submit.py:490} INFO - 25/04/27 12:22:23 INFO DAGScheduler: Submitting 1 missing tasks from ShuffleMapStage 18 (MapPartitionsRDD[42] at jdbc at NativeMethodAccessorImpl.java:0) (first 15 tasks are for partitions Vector(0))
[2025-04-27T12:22:23.562+0000] {spark_submit.py:490} INFO - 25/04/27 12:22:23 INFO TaskSchedulerImpl: Adding task set 18.0 with 1 tasks resource profile 0
[2025-04-27T12:22:23.564+0000] {spark_submit.py:490} INFO - 25/04/27 12:22:23 INFO TaskSetManager: Starting task 0.0 in stage 18.0 (TID 11) (172.18.0.5, executor 0, partition 0, PROCESS_LOCAL, 4292 bytes) taskResourceAssignments Map()
[2025-04-27T12:22:23.564+0000] {spark_submit.py:490} INFO - 25/04/27 12:22:23 INFO BlockManagerInfo: Removed broadcast_9_piece0 on 172.18.0.5:41059 in memory (size: 5.5 KiB, free: 366.3 MiB)
[2025-04-27T12:22:23.574+0000] {spark_submit.py:490} INFO - 25/04/27 12:22:23 INFO BlockManagerInfo: Removed broadcast_8_piece0 on 6780dda4d52a:36135 in memory (size: 17.8 KiB, free: 434.4 MiB)
[2025-04-27T12:22:23.577+0000] {spark_submit.py:490} INFO - 25/04/27 12:22:23 INFO BlockManagerInfo: Removed broadcast_8_piece0 on 172.18.0.5:41059 in memory (size: 17.8 KiB, free: 366.3 MiB)
[2025-04-27T12:22:23.582+0000] {spark_submit.py:490} INFO - 25/04/27 12:22:23 INFO BlockManagerInfo: Added broadcast_10_piece0 in memory on 172.18.0.5:41059 (size: 7.9 KiB, free: 366.3 MiB)
[2025-04-27T12:22:23.599+0000] {spark_submit.py:490} INFO - 25/04/27 12:22:23 INFO BlockManagerInfo: Removed broadcast_7_piece0 on 6780dda4d52a:36135 in memory (size: 7.3 KiB, free: 434.4 MiB)
[2025-04-27T12:22:23.602+0000] {spark_submit.py:490} INFO - 25/04/27 12:22:23 INFO BlockManagerInfo: Removed broadcast_7_piece0 on 172.18.0.5:41059 in memory (size: 7.3 KiB, free: 366.3 MiB)
[2025-04-27T12:22:23.674+0000] {spark_submit.py:490} INFO - 25/04/27 12:22:23 INFO TaskSetManager: Finished task 0.0 in stage 18.0 (TID 11) in 111 ms on 172.18.0.5 (executor 0) (1/1)
[2025-04-27T12:22:23.675+0000] {spark_submit.py:490} INFO - 25/04/27 12:22:23 INFO TaskSchedulerImpl: Removed TaskSet 18.0, whose tasks have all completed, from pool
[2025-04-27T12:22:23.676+0000] {spark_submit.py:490} INFO - 25/04/27 12:22:23 INFO DAGScheduler: ShuffleMapStage 18 (jdbc at NativeMethodAccessorImpl.java:0) finished in 0.129 s
[2025-04-27T12:22:23.676+0000] {spark_submit.py:490} INFO - 25/04/27 12:22:23 INFO DAGScheduler: looking for newly runnable stages
[2025-04-27T12:22:23.676+0000] {spark_submit.py:490} INFO - 25/04/27 12:22:23 INFO DAGScheduler: running: Set()
[2025-04-27T12:22:23.676+0000] {spark_submit.py:490} INFO - 25/04/27 12:22:23 INFO DAGScheduler: waiting: Set()
[2025-04-27T12:22:23.677+0000] {spark_submit.py:490} INFO - 25/04/27 12:22:23 INFO DAGScheduler: failed: Set()
[2025-04-27T12:22:23.684+0000] {spark_submit.py:490} INFO - 25/04/27 12:22:23 INFO ShufflePartitionsUtil: For shuffle(6), advisory target size: 67108864, actual target size 1048576, minimum partition size: 1048576
[2025-04-27T12:22:23.698+0000] {spark_submit.py:490} INFO - 25/04/27 12:22:23 INFO CodeGenerator: Code generated in 7.53944 ms
[2025-04-27T12:22:23.712+0000] {spark_submit.py:490} INFO - 25/04/27 12:22:23 INFO CodeGenerator: Code generated in 7.023421 ms
[2025-04-27T12:22:23.746+0000] {spark_submit.py:490} INFO - 25/04/27 12:22:23 INFO SparkContext: Starting job: jdbc at NativeMethodAccessorImpl.java:0
[2025-04-27T12:22:23.747+0000] {spark_submit.py:490} INFO - 25/04/27 12:22:23 INFO DAGScheduler: Got job 11 (jdbc at NativeMethodAccessorImpl.java:0) with 2 output partitions
[2025-04-27T12:22:23.747+0000] {spark_submit.py:490} INFO - 25/04/27 12:22:23 INFO DAGScheduler: Final stage: ResultStage 20 (jdbc at NativeMethodAccessorImpl.java:0)
[2025-04-27T12:22:23.748+0000] {spark_submit.py:490} INFO - 25/04/27 12:22:23 INFO DAGScheduler: Parents of final stage: List(ShuffleMapStage 19)
[2025-04-27T12:22:23.748+0000] {spark_submit.py:490} INFO - 25/04/27 12:22:23 INFO DAGScheduler: Missing parents: List()
[2025-04-27T12:22:23.748+0000] {spark_submit.py:490} INFO - 25/04/27 12:22:23 INFO DAGScheduler: Submitting ResultStage 20 (MapPartitionsRDD[52] at jdbc at NativeMethodAccessorImpl.java:0), which has no missing parents
[2025-04-27T12:22:23.767+0000] {spark_submit.py:490} INFO - 25/04/27 12:22:23 INFO MemoryStore: Block broadcast_11 stored as values in memory (estimated size 54.6 KiB, free 434.3 MiB)
[2025-04-27T12:22:23.768+0000] {spark_submit.py:490} INFO - 25/04/27 12:22:23 INFO MemoryStore: Block broadcast_11_piece0 stored as bytes in memory (estimated size 23.4 KiB, free 434.3 MiB)
[2025-04-27T12:22:23.769+0000] {spark_submit.py:490} INFO - 25/04/27 12:22:23 INFO BlockManagerInfo: Added broadcast_11_piece0 in memory on 6780dda4d52a:36135 (size: 23.4 KiB, free: 434.4 MiB)
[2025-04-27T12:22:23.769+0000] {spark_submit.py:490} INFO - 25/04/27 12:22:23 INFO SparkContext: Created broadcast 11 from broadcast at DAGScheduler.scala:1513
[2025-04-27T12:22:23.769+0000] {spark_submit.py:490} INFO - 25/04/27 12:22:23 INFO DAGScheduler: Submitting 2 missing tasks from ResultStage 20 (MapPartitionsRDD[52] at jdbc at NativeMethodAccessorImpl.java:0) (first 15 tasks are for partitions Vector(0, 1))
[2025-04-27T12:22:23.770+0000] {spark_submit.py:490} INFO - 25/04/27 12:22:23 INFO TaskSchedulerImpl: Adding task set 20.0 with 2 tasks resource profile 0
[2025-04-27T12:22:23.771+0000] {spark_submit.py:490} INFO - 25/04/27 12:22:23 INFO TaskSetManager: Starting task 1.0 in stage 20.0 (TID 12) (172.18.0.5, executor 0, partition 1, NODE_LOCAL, 4566 bytes) taskResourceAssignments Map()
[2025-04-27T12:22:23.782+0000] {spark_submit.py:490} INFO - 25/04/27 12:22:23 INFO BlockManagerInfo: Added broadcast_11_piece0 in memory on 172.18.0.5:41059 (size: 23.4 KiB, free: 366.3 MiB)
[2025-04-27T12:22:23.946+0000] {spark_submit.py:490} INFO - 25/04/27 12:22:23 INFO MapOutputTrackerMasterEndpoint: Asked to send map output locations for shuffle 6 to 172.18.0.5:51994
[2025-04-27T12:22:24.937+0000] {spark_submit.py:490} INFO - 25/04/27 12:22:24 INFO TaskSetManager: Starting task 0.0 in stage 20.0 (TID 13) (172.18.0.5, executor 0, partition 0, PROCESS_LOCAL, 4412 bytes) taskResourceAssignments Map()
[2025-04-27T12:22:24.938+0000] {spark_submit.py:490} INFO - 25/04/27 12:22:24 INFO TaskSetManager: Finished task 1.0 in stage 20.0 (TID 12) in 1167 ms on 172.18.0.5 (executor 0) (1/2)
[2025-04-27T12:22:25.030+0000] {spark_submit.py:490} INFO - 25/04/27 12:22:25 INFO TaskSetManager: Finished task 0.0 in stage 20.0 (TID 13) in 94 ms on 172.18.0.5 (executor 0) (2/2)
[2025-04-27T12:22:25.031+0000] {spark_submit.py:490} INFO - 25/04/27 12:22:25 INFO TaskSchedulerImpl: Removed TaskSet 20.0, whose tasks have all completed, from pool
[2025-04-27T12:22:25.031+0000] {spark_submit.py:490} INFO - 25/04/27 12:22:25 INFO DAGScheduler: ResultStage 20 (jdbc at NativeMethodAccessorImpl.java:0) finished in 1.280 s
[2025-04-27T12:22:25.032+0000] {spark_submit.py:490} INFO - 25/04/27 12:22:25 INFO DAGScheduler: Job 11 is finished. Cancelling potential speculative or zombie tasks for this job
[2025-04-27T12:22:25.032+0000] {spark_submit.py:490} INFO - 25/04/27 12:22:25 INFO TaskSchedulerImpl: Killing all running tasks in stage 20: Stage finished
[2025-04-27T12:22:25.032+0000] {spark_submit.py:490} INFO - 25/04/27 12:22:25 INFO DAGScheduler: Job 11 finished: jdbc at NativeMethodAccessorImpl.java:0, took 1.286062 s
[2025-04-27T12:22:25.049+0000] {spark_submit.py:490} INFO - INFO:__main__:Запись в mart.suspicious_transactions завершена
[2025-04-27T12:22:25.060+0000] {spark_submit.py:490} INFO - 25/04/27 12:22:25 INFO SparkUI: Stopped Spark web UI at http://6780dda4d52a:4040
[2025-04-27T12:22:25.063+0000] {spark_submit.py:490} INFO - 25/04/27 12:22:25 INFO StandaloneSchedulerBackend: Shutting down all executors
[2025-04-27T12:22:25.063+0000] {spark_submit.py:490} INFO - 25/04/27 12:22:25 INFO CoarseGrainedSchedulerBackend$DriverEndpoint: Asking each executor to shut down
[2025-04-27T12:22:25.081+0000] {spark_submit.py:490} INFO - 25/04/27 12:22:25 INFO MapOutputTrackerMasterEndpoint: MapOutputTrackerMasterEndpoint stopped!
[2025-04-27T12:22:25.097+0000] {spark_submit.py:490} INFO - 25/04/27 12:22:25 INFO MemoryStore: MemoryStore cleared
[2025-04-27T12:22:25.098+0000] {spark_submit.py:490} INFO - 25/04/27 12:22:25 INFO BlockManager: BlockManager stopped
[2025-04-27T12:22:25.104+0000] {spark_submit.py:490} INFO - 25/04/27 12:22:25 INFO BlockManagerMaster: BlockManagerMaster stopped
[2025-04-27T12:22:25.107+0000] {spark_submit.py:490} INFO - 25/04/27 12:22:25 INFO OutputCommitCoordinator$OutputCommitCoordinatorEndpoint: OutputCommitCoordinator stopped!
[2025-04-27T12:22:25.113+0000] {spark_submit.py:490} INFO - 25/04/27 12:22:25 INFO SparkContext: Successfully stopped SparkContext
[2025-04-27T12:22:25.468+0000] {spark_submit.py:490} INFO - INFO:__main__:SparkSession остановлен
[2025-04-27T12:22:25.521+0000] {spark_submit.py:490} INFO - 25/04/27 12:22:25 INFO ShutdownHookManager: Shutdown hook called
[2025-04-27T12:22:25.522+0000] {spark_submit.py:490} INFO - 25/04/27 12:22:25 INFO ShutdownHookManager: Deleting directory /tmp/spark-939ce336-9e5a-43f4-9c26-a1a77bc5de10
[2025-04-27T12:22:25.524+0000] {spark_submit.py:490} INFO - 25/04/27 12:22:25 INFO ShutdownHookManager: Deleting directory /tmp/spark-939ce336-9e5a-43f4-9c26-a1a77bc5de10/pyspark-544c6af0-4853-464c-8c08-3fe5f86689e3
[2025-04-27T12:22:25.526+0000] {spark_submit.py:490} INFO - 25/04/27 12:22:25 INFO ShutdownHookManager: Deleting directory /tmp/spark-d7dc6805-261e-4622-b8a4-81a5b5589018
[2025-04-27T12:22:25.589+0000] {taskinstance.py:1350} INFO - Marking task as SUCCESS. dag_id=transform, task_id=detect_suspicious, execution_date=20250427T122156, start_date=20250427T122211, end_date=20250427T122225
[2025-04-27T12:22:25.641+0000] {local_task_job_runner.py:225} INFO - Task exited with return code 0
[2025-04-27T12:22:25.741+0000] {taskinstance.py:2653} INFO - 1 downstream tasks scheduled from follow-on schedule check
