[2025-04-23T14:31:25.697+0000] {taskinstance.py:1103} INFO - Dependencies all met for dep_context=non-requeueable deps ti=<TaskInstance: transform.detect_suspicious manual__2025-04-23T14:31:16.731713+00:00 [queued]>
[2025-04-23T14:31:25.703+0000] {taskinstance.py:1103} INFO - Dependencies all met for dep_context=requeueable deps ti=<TaskInstance: transform.detect_suspicious manual__2025-04-23T14:31:16.731713+00:00 [queued]>
[2025-04-23T14:31:25.703+0000] {taskinstance.py:1308} INFO - Starting attempt 1 of 2
[2025-04-23T14:31:25.713+0000] {taskinstance.py:1327} INFO - Executing <Task(SparkSubmitOperator): detect_suspicious> on 2025-04-23 14:31:16.731713+00:00
[2025-04-23T14:31:25.716+0000] {standard_task_runner.py:57} INFO - Started process 191 to run task
[2025-04-23T14:31:25.718+0000] {standard_task_runner.py:84} INFO - Running: ['airflow', 'tasks', 'run', 'transform', 'detect_suspicious', 'manual__2025-04-23T14:31:16.731713+00:00', '--job-id', '9', '--raw', '--subdir', 'DAGS_FOLDER/transform.py', '--cfg-path', '/tmp/tmpw5wc99_l']
[2025-04-23T14:31:25.719+0000] {standard_task_runner.py:85} INFO - Job 9: Subtask detect_suspicious
[2025-04-23T14:31:25.757+0000] {task_command.py:410} INFO - Running <TaskInstance: transform.detect_suspicious manual__2025-04-23T14:31:16.731713+00:00 [running]> on host bee82afc1187
[2025-04-23T14:31:25.888+0000] {taskinstance.py:1547} INFO - Exporting env vars: AIRFLOW_CTX_DAG_OWNER='finbest' AIRFLOW_CTX_DAG_ID='transform' AIRFLOW_CTX_TASK_ID='detect_suspicious' AIRFLOW_CTX_EXECUTION_DATE='2025-04-23T14:31:16.731713+00:00' AIRFLOW_CTX_TRY_NUMBER='1' AIRFLOW_CTX_DAG_RUN_ID='manual__2025-04-23T14:31:16.731713+00:00'
[2025-04-23T14:31:25.896+0000] {base.py:73} INFO - Using connection ID 'spark_default' for task execution.
[2025-04-23T14:31:25.897+0000] {spark_submit.py:339} INFO - Spark-Submit cmd: spark-submit --master spark://spark-master:7077 --executor-cores 2 --executor-memory 2g --driver-memory 1g --name arrow-spark /opt/spark/detect_suspicious.py --jdbc jdbc:postgresql://postgres:5432/finbest --clickhouse-url jdbc:clickhouse://clickhouse:8123/finbest
[2025-04-23T14:31:25.984+0000] {spark_submit.py:490} INFO - /home/airflow/.local/lib/python3.7/site-packages/pyspark/bin/load-spark-env.sh: line 68: ps: command not found
[2025-04-23T14:31:28.112+0000] {spark_submit.py:490} INFO - 25/04/23 14:31:28 INFO SparkContext: Running Spark version 3.4.4
[2025-04-23T14:31:28.166+0000] {spark_submit.py:490} INFO - 25/04/23 14:31:28 WARN NativeCodeLoader: Unable to load native-hadoop library for your platform... using builtin-java classes where applicable
[2025-04-23T14:31:28.236+0000] {spark_submit.py:490} INFO - 25/04/23 14:31:28 INFO ResourceUtils: ==============================================================
[2025-04-23T14:31:28.236+0000] {spark_submit.py:490} INFO - 25/04/23 14:31:28 INFO ResourceUtils: No custom resources configured for spark.driver.
[2025-04-23T14:31:28.236+0000] {spark_submit.py:490} INFO - 25/04/23 14:31:28 INFO ResourceUtils: ==============================================================
[2025-04-23T14:31:28.236+0000] {spark_submit.py:490} INFO - 25/04/23 14:31:28 INFO SparkContext: Submitted application: FinBestDetect
[2025-04-23T14:31:28.254+0000] {spark_submit.py:490} INFO - 25/04/23 14:31:28 INFO ResourceProfile: Default ResourceProfile created, executor resources: Map(cores -> name: cores, amount: 2, script: , vendor: , memory -> name: memory, amount: 2048, script: , vendor: , offHeap -> name: offHeap, amount: 0, script: , vendor: ), task resources: Map(cpus -> name: cpus, amount: 1.0)
[2025-04-23T14:31:28.263+0000] {spark_submit.py:490} INFO - 25/04/23 14:31:28 INFO ResourceProfile: Limiting resource is cpus at 2 tasks per executor
[2025-04-23T14:31:28.265+0000] {spark_submit.py:490} INFO - 25/04/23 14:31:28 INFO ResourceProfileManager: Added ResourceProfile id: 0
[2025-04-23T14:31:28.306+0000] {spark_submit.py:490} INFO - 25/04/23 14:31:28 INFO SecurityManager: Changing view acls to: airflow
[2025-04-23T14:31:28.306+0000] {spark_submit.py:490} INFO - 25/04/23 14:31:28 INFO SecurityManager: Changing modify acls to: airflow
[2025-04-23T14:31:28.307+0000] {spark_submit.py:490} INFO - 25/04/23 14:31:28 INFO SecurityManager: Changing view acls groups to:
[2025-04-23T14:31:28.307+0000] {spark_submit.py:490} INFO - 25/04/23 14:31:28 INFO SecurityManager: Changing modify acls groups to:
[2025-04-23T14:31:28.307+0000] {spark_submit.py:490} INFO - 25/04/23 14:31:28 INFO SecurityManager: SecurityManager: authentication disabled; ui acls disabled; users with view permissions: airflow; groups with view permissions: EMPTY; users with modify permissions: airflow; groups with modify permissions: EMPTY
[2025-04-23T14:31:28.472+0000] {spark_submit.py:490} INFO - 25/04/23 14:31:28 INFO Utils: Successfully started service 'sparkDriver' on port 38935.
[2025-04-23T14:31:28.496+0000] {spark_submit.py:490} INFO - 25/04/23 14:31:28 INFO SparkEnv: Registering MapOutputTracker
[2025-04-23T14:31:28.531+0000] {spark_submit.py:490} INFO - 25/04/23 14:31:28 INFO SparkEnv: Registering BlockManagerMaster
[2025-04-23T14:31:28.550+0000] {spark_submit.py:490} INFO - 25/04/23 14:31:28 INFO BlockManagerMasterEndpoint: Using org.apache.spark.storage.DefaultTopologyMapper for getting topology information
[2025-04-23T14:31:28.551+0000] {spark_submit.py:490} INFO - 25/04/23 14:31:28 INFO BlockManagerMasterEndpoint: BlockManagerMasterEndpoint up
[2025-04-23T14:31:28.556+0000] {spark_submit.py:490} INFO - 25/04/23 14:31:28 INFO SparkEnv: Registering BlockManagerMasterHeartbeat
[2025-04-23T14:31:28.583+0000] {spark_submit.py:490} INFO - 25/04/23 14:31:28 INFO DiskBlockManager: Created local directory at /tmp/blockmgr-e7266ae1-a7ed-4857-a4f7-097f725d6820
[2025-04-23T14:31:28.610+0000] {spark_submit.py:490} INFO - 25/04/23 14:31:28 INFO MemoryStore: MemoryStore started with capacity 434.4 MiB
[2025-04-23T14:31:28.626+0000] {spark_submit.py:490} INFO - 25/04/23 14:31:28 INFO SparkEnv: Registering OutputCommitCoordinator
[2025-04-23T14:31:28.754+0000] {spark_submit.py:490} INFO - 25/04/23 14:31:28 INFO JettyUtils: Start Jetty 0.0.0.0:4040 for SparkUI
[2025-04-23T14:31:28.794+0000] {spark_submit.py:490} INFO - 25/04/23 14:31:28 INFO Utils: Successfully started service 'SparkUI' on port 4040.
[2025-04-23T14:31:28.877+0000] {spark_submit.py:490} INFO - 25/04/23 14:31:28 INFO StandaloneAppClient$ClientEndpoint: Connecting to master spark://spark-master:7077...
[2025-04-23T14:31:28.909+0000] {spark_submit.py:490} INFO - 25/04/23 14:31:28 INFO TransportClientFactory: Successfully created connection to spark-master/172.18.0.2:7077 after 19 ms (0 ms spent in bootstraps)
[2025-04-23T14:31:48.879+0000] {spark_submit.py:490} INFO - 25/04/23 14:31:48 INFO StandaloneAppClient$ClientEndpoint: Connecting to master spark://spark-master:7077...
[2025-04-23T14:32:08.881+0000] {spark_submit.py:490} INFO - 25/04/23 14:32:08 INFO StandaloneAppClient$ClientEndpoint: Connecting to master spark://spark-master:7077...
[2025-04-23T14:32:28.897+0000] {spark_submit.py:490} INFO - 25/04/23 14:32:28 WARN StandaloneSchedulerBackend: Application ID is not initialized yet.
[2025-04-23T14:32:28.899+0000] {spark_submit.py:490} INFO - 25/04/23 14:32:28 ERROR StandaloneSchedulerBackend: Application has been killed. Reason: All masters are unresponsive! Giving up.
[2025-04-23T14:32:28.916+0000] {spark_submit.py:490} INFO - 25/04/23 14:32:28 INFO Utils: Successfully started service 'org.apache.spark.network.netty.NettyBlockTransferService' on port 39841.
[2025-04-23T14:32:28.916+0000] {spark_submit.py:490} INFO - 25/04/23 14:32:28 INFO NettyBlockTransferService: Server created on bee82afc1187:39841
[2025-04-23T14:32:28.918+0000] {spark_submit.py:490} INFO - 25/04/23 14:32:28 INFO BlockManager: Using org.apache.spark.storage.RandomBlockReplicationPolicy for block replication policy
[2025-04-23T14:32:28.930+0000] {spark_submit.py:490} INFO - 25/04/23 14:32:28 INFO BlockManagerMaster: Registering BlockManager BlockManagerId(driver, bee82afc1187, 39841, None)
[2025-04-23T14:32:28.935+0000] {spark_submit.py:490} INFO - 25/04/23 14:32:28 INFO BlockManagerMasterEndpoint: Registering block manager bee82afc1187:39841 with 434.4 MiB RAM, BlockManagerId(driver, bee82afc1187, 39841, None)
[2025-04-23T14:32:28.937+0000] {spark_submit.py:490} INFO - 25/04/23 14:32:28 INFO BlockManagerMaster: Registered BlockManager BlockManagerId(driver, bee82afc1187, 39841, None)
[2025-04-23T14:32:28.939+0000] {spark_submit.py:490} INFO - 25/04/23 14:32:28 INFO BlockManager: Initialized BlockManager: BlockManagerId(driver, bee82afc1187, 39841, None)
[2025-04-23T14:32:29.162+0000] {spark_submit.py:490} INFO - 25/04/23 14:32:29 INFO StandaloneSchedulerBackend: SchedulerBackend is ready for scheduling beginning after reached minRegisteredResourcesRatio: 0.0
[2025-04-23T14:32:29.215+0000] {spark_submit.py:490} INFO - /home/airflow/.local/lib/python3.7/site-packages/pyspark/python/lib/pyspark.zip/pyspark/context.py:317: FutureWarning: Python 3.7 support is deprecated in Spark 3.4.
[2025-04-23T14:32:29.215+0000] {spark_submit.py:490} INFO - warnings.warn("Python 3.7 support is deprecated in Spark 3.4.", FutureWarning)
[2025-04-23T14:32:29.517+0000] {spark_submit.py:490} INFO - 25/04/23 14:32:29 INFO SparkContext: SparkContext is stopping with exitCode 0.
[2025-04-23T14:32:29.542+0000] {spark_submit.py:490} INFO - 25/04/23 14:32:29 INFO SparkUI: Stopped Spark web UI at http://bee82afc1187:4040
[2025-04-23T14:32:29.548+0000] {spark_submit.py:490} INFO - 25/04/23 14:32:29 INFO StandaloneSchedulerBackend: Shutting down all executors
[2025-04-23T14:32:29.553+0000] {spark_submit.py:490} INFO - 25/04/23 14:32:29 INFO StandaloneSchedulerBackend$StandaloneDriverEndpoint: Asking each executor to shut down
[2025-04-23T14:32:29.562+0000] {spark_submit.py:490} INFO - 25/04/23 14:32:29 WARN StandaloneAppClient$ClientEndpoint: Drop UnregisterApplication(null) because has not yet connected to master
[2025-04-23T14:32:29.584+0000] {spark_submit.py:490} INFO - 25/04/23 14:32:29 INFO MapOutputTrackerMasterEndpoint: MapOutputTrackerMasterEndpoint stopped!
[2025-04-23T14:32:29.626+0000] {spark_submit.py:490} INFO - 25/04/23 14:32:29 INFO SharedState: Setting hive.metastore.warehouse.dir ('null') to the value of spark.sql.warehouse.dir.
[2025-04-23T14:32:29.660+0000] {spark_submit.py:490} INFO - 25/04/23 14:32:29 INFO SharedState: Warehouse path is 'file:/opt/airflow/spark-warehouse'.
[2025-04-23T14:32:29.726+0000] {spark_submit.py:490} INFO - Traceback (most recent call last):
[2025-04-23T14:32:29.726+0000] {spark_submit.py:490} INFO - File "/opt/spark/detect_suspicious.py", line 12, in <module>
[2025-04-23T14:32:29.730+0000] {spark_submit.py:490} INFO - df = spark.read \
[2025-04-23T14:32:29.731+0000] {spark_submit.py:490} INFO - File "/home/airflow/.local/lib/python3.7/site-packages/pyspark/python/lib/pyspark.zip/pyspark/sql/session.py", line 1515, in read
[2025-04-23T14:32:29.781+0000] {spark_submit.py:490} INFO - File "/home/airflow/.local/lib/python3.7/site-packages/pyspark/python/lib/pyspark.zip/pyspark/sql/readwriter.py", line 69, in __init__
[2025-04-23T14:32:29.781+0000] {spark_submit.py:490} INFO - File "/home/airflow/.local/lib/python3.7/site-packages/pyspark/python/lib/py4j-0.10.9.7-src.zip/py4j/java_gateway.py", line 1323, in __call__
[2025-04-23T14:32:29.782+0000] {spark_submit.py:490} INFO - File "/home/airflow/.local/lib/python3.7/site-packages/pyspark/python/lib/pyspark.zip/pyspark/errors/exceptions/captured.py", line 169, in deco
[2025-04-23T14:32:29.784+0000] {spark_submit.py:490} INFO - File "/home/airflow/.local/lib/python3.7/site-packages/pyspark/python/lib/py4j-0.10.9.7-src.zip/py4j/protocol.py", line 328, in get_return_value
[2025-04-23T14:32:29.789+0000] {spark_submit.py:490} INFO - py4j.protocol.Py4JJavaError: An error occurred while calling o26.read.
[2025-04-23T14:32:29.789+0000] {spark_submit.py:490} INFO - : java.lang.IllegalStateException: LiveListenerBus is stopped.
[2025-04-23T14:32:29.789+0000] {spark_submit.py:490} INFO - at org.apache.spark.scheduler.LiveListenerBus.addToQueue(LiveListenerBus.scala:98)
[2025-04-23T14:32:29.789+0000] {spark_submit.py:490} INFO - at org.apache.spark.scheduler.LiveListenerBus.addToStatusQueue(LiveListenerBus.scala:81)
[2025-04-23T14:32:29.789+0000] {spark_submit.py:490} INFO - at org.apache.spark.sql.internal.SharedState.<init>(SharedState.scala:115)
[2025-04-23T14:32:29.789+0000] {spark_submit.py:490} INFO - at org.apache.spark.sql.SparkSession.$anonfun$sharedState$1(SparkSession.scala:144)
[2025-04-23T14:32:29.789+0000] {spark_submit.py:490} INFO - at scala.Option.getOrElse(Option.scala:189)
[2025-04-23T14:32:29.790+0000] {spark_submit.py:490} INFO - at org.apache.spark.sql.SparkSession.sharedState$lzycompute(SparkSession.scala:144)
[2025-04-23T14:32:29.790+0000] {spark_submit.py:490} INFO - at org.apache.spark.sql.SparkSession.sharedState(SparkSession.scala:143)
[2025-04-23T14:32:29.790+0000] {spark_submit.py:490} INFO - at org.apache.spark.sql.SparkSession.$anonfun$sessionState$2(SparkSession.scala:163)
[2025-04-23T14:32:29.790+0000] {spark_submit.py:490} INFO - at scala.Option.getOrElse(Option.scala:189)
[2025-04-23T14:32:29.790+0000] {spark_submit.py:490} INFO - at org.apache.spark.sql.SparkSession.sessionState$lzycompute(SparkSession.scala:161)
[2025-04-23T14:32:29.790+0000] {spark_submit.py:490} INFO - at org.apache.spark.sql.SparkSession.sessionState(SparkSession.scala:158)
[2025-04-23T14:32:29.790+0000] {spark_submit.py:490} INFO - at org.apache.spark.sql.DataFrameReader.<init>(DataFrameReader.scala:699)
[2025-04-23T14:32:29.790+0000] {spark_submit.py:490} INFO - at org.apache.spark.sql.SparkSession.read(SparkSession.scala:710)
[2025-04-23T14:32:29.790+0000] {spark_submit.py:490} INFO - at java.base/jdk.internal.reflect.NativeMethodAccessorImpl.invoke0(Native Method)
[2025-04-23T14:32:29.790+0000] {spark_submit.py:490} INFO - at java.base/jdk.internal.reflect.NativeMethodAccessorImpl.invoke(NativeMethodAccessorImpl.java:62)
[2025-04-23T14:32:29.790+0000] {spark_submit.py:490} INFO - at java.base/jdk.internal.reflect.DelegatingMethodAccessorImpl.invoke(DelegatingMethodAccessorImpl.java:43)
[2025-04-23T14:32:29.790+0000] {spark_submit.py:490} INFO - at java.base/java.lang.reflect.Method.invoke(Method.java:566)
[2025-04-23T14:32:29.790+0000] {spark_submit.py:490} INFO - at py4j.reflection.MethodInvoker.invoke(MethodInvoker.java:244)
[2025-04-23T14:32:29.790+0000] {spark_submit.py:490} INFO - at py4j.reflection.ReflectionEngine.invoke(ReflectionEngine.java:374)
[2025-04-23T14:32:29.790+0000] {spark_submit.py:490} INFO - at py4j.Gateway.invoke(Gateway.java:282)
[2025-04-23T14:32:29.790+0000] {spark_submit.py:490} INFO - at py4j.commands.AbstractCommand.invokeMethod(AbstractCommand.java:132)
[2025-04-23T14:32:29.790+0000] {spark_submit.py:490} INFO - at py4j.commands.CallCommand.execute(CallCommand.java:79)
[2025-04-23T14:32:29.791+0000] {spark_submit.py:490} INFO - at py4j.ClientServerConnection.waitForCommands(ClientServerConnection.java:182)
[2025-04-23T14:32:29.791+0000] {spark_submit.py:490} INFO - at py4j.ClientServerConnection.run(ClientServerConnection.java:106)
[2025-04-23T14:32:29.791+0000] {spark_submit.py:490} INFO - at java.base/java.lang.Thread.run(Thread.java:829)
[2025-04-23T14:32:29.791+0000] {spark_submit.py:490} INFO - 
[2025-04-23T14:32:30.095+0000] {spark_submit.py:490} INFO - 25/04/23 14:32:30 INFO MemoryStore: MemoryStore cleared
[2025-04-23T14:32:30.096+0000] {spark_submit.py:490} INFO - 25/04/23 14:32:30 INFO ShutdownHookManager: Shutdown hook called
[2025-04-23T14:32:30.096+0000] {spark_submit.py:490} INFO - 25/04/23 14:32:30 INFO BlockManager: BlockManager stopped
[2025-04-23T14:32:30.096+0000] {spark_submit.py:490} INFO - 25/04/23 14:32:30 INFO ShutdownHookManager: Deleting directory /tmp/spark-f54694e7-3bb8-414a-b294-31fc9a2feff4
[2025-04-23T14:32:30.113+0000] {spark_submit.py:490} INFO - 25/04/23 14:32:30 INFO BlockManagerMaster: BlockManagerMaster stopped
[2025-04-23T14:32:30.122+0000] {spark_submit.py:490} INFO - 25/04/23 14:32:30 INFO OutputCommitCoordinator$OutputCommitCoordinatorEndpoint: OutputCommitCoordinator stopped!
[2025-04-23T14:32:30.265+0000] {spark_submit.py:490} INFO - 25/04/23 14:32:30 INFO ShutdownHookManager: Deleting directory /tmp/spark-f54694e7-3bb8-414a-b294-31fc9a2feff4/userFiles-88c7a2b9-8de6-4275-8341-ce6b20965a9f
[2025-04-23T14:32:30.266+0000] {spark_submit.py:490} INFO - 25/04/23 14:32:30 INFO SparkContext: Successfully stopped SparkContext
[2025-04-23T14:32:30.268+0000] {spark_submit.py:490} INFO - 25/04/23 14:32:30 INFO ShutdownHookManager: Deleting directory /tmp/spark-c5e19a9d-e48f-4fea-9a47-6875c4ebe144
[2025-04-23T14:32:30.271+0000] {spark_submit.py:490} INFO - 25/04/23 14:32:30 INFO ShutdownHookManager: Deleting directory /tmp/spark-f54694e7-3bb8-414a-b294-31fc9a2feff4/pyspark-ab698704-c1b3-46d6-a258-5b86371300d6
[2025-04-23T14:32:30.444+0000] {taskinstance.py:1824} ERROR - Task failed with exception
Traceback (most recent call last):
  File "/home/airflow/.local/lib/python3.7/site-packages/airflow/providers/apache/spark/operators/spark_submit.py", line 157, in execute
    self._hook.submit(self._application)
  File "/home/airflow/.local/lib/python3.7/site-packages/airflow/providers/apache/spark/hooks/spark_submit.py", line 422, in submit
    f"Cannot execute: {self._mask_cmd(spark_submit_cmd)}. Error code is: {returncode}."
airflow.exceptions.AirflowException: Cannot execute: spark-submit --master spark://spark-master:7077 --executor-cores 2 --executor-memory 2g --driver-memory 1g --name arrow-spark /opt/spark/detect_suspicious.py --jdbc jdbc:postgresql://postgres:5432/finbest --clickhouse-url jdbc:clickhouse://clickhouse:8123/finbest. Error code is: 1.
[2025-04-23T14:32:30.454+0000] {taskinstance.py:1350} INFO - Marking task as UP_FOR_RETRY. dag_id=transform, task_id=detect_suspicious, execution_date=20250423T143116, start_date=20250423T143125, end_date=20250423T143230
[2025-04-23T14:32:30.469+0000] {standard_task_runner.py:109} ERROR - Failed to execute job 9 for task detect_suspicious (Cannot execute: spark-submit --master spark://spark-master:7077 --executor-cores 2 --executor-memory 2g --driver-memory 1g --name arrow-spark /opt/spark/detect_suspicious.py --jdbc jdbc:postgresql://postgres:5432/finbest --clickhouse-url jdbc:clickhouse://clickhouse:8123/finbest. Error code is: 1.; 191)
[2025-04-23T14:32:30.504+0000] {local_task_job_runner.py:225} INFO - Task exited with return code 1
[2025-04-23T14:32:30.617+0000] {taskinstance.py:2653} INFO - 0 downstream tasks scheduled from follow-on schedule check
