[2025-04-23T14:34:33.155+0000] {taskinstance.py:1103} INFO - Dependencies all met for dep_context=non-requeueable deps ti=<TaskInstance: transform.detect_suspicious manual__2025-04-23T14:31:16.731713+00:00 [queued]>
[2025-04-23T14:34:33.161+0000] {taskinstance.py:1103} INFO - Dependencies all met for dep_context=requeueable deps ti=<TaskInstance: transform.detect_suspicious manual__2025-04-23T14:31:16.731713+00:00 [queued]>
[2025-04-23T14:34:33.161+0000] {taskinstance.py:1308} INFO - Starting attempt 2 of 2
[2025-04-23T14:34:33.172+0000] {taskinstance.py:1327} INFO - Executing <Task(SparkSubmitOperator): detect_suspicious> on 2025-04-23 14:31:16.731713+00:00
[2025-04-23T14:34:33.175+0000] {standard_task_runner.py:57} INFO - Started process 476 to run task
[2025-04-23T14:34:33.177+0000] {standard_task_runner.py:84} INFO - Running: ['airflow', 'tasks', 'run', 'transform', 'detect_suspicious', 'manual__2025-04-23T14:31:16.731713+00:00', '--job-id', '10', '--raw', '--subdir', 'DAGS_FOLDER/transform.py', '--cfg-path', '/tmp/tmp4mkjvrcg']
[2025-04-23T14:34:33.178+0000] {standard_task_runner.py:85} INFO - Job 10: Subtask detect_suspicious
[2025-04-23T14:34:33.217+0000] {task_command.py:410} INFO - Running <TaskInstance: transform.detect_suspicious manual__2025-04-23T14:31:16.731713+00:00 [running]> on host bee82afc1187
[2025-04-23T14:34:33.353+0000] {taskinstance.py:1547} INFO - Exporting env vars: AIRFLOW_CTX_DAG_OWNER='finbest' AIRFLOW_CTX_DAG_ID='transform' AIRFLOW_CTX_TASK_ID='detect_suspicious' AIRFLOW_CTX_EXECUTION_DATE='2025-04-23T14:31:16.731713+00:00' AIRFLOW_CTX_TRY_NUMBER='2' AIRFLOW_CTX_DAG_RUN_ID='manual__2025-04-23T14:31:16.731713+00:00'
[2025-04-23T14:34:33.361+0000] {base.py:73} INFO - Using connection ID 'spark_default' for task execution.
[2025-04-23T14:34:33.362+0000] {spark_submit.py:339} INFO - Spark-Submit cmd: spark-submit --master spark://spark-master:7077 --executor-cores 2 --executor-memory 2g --driver-memory 1g --name arrow-spark /opt/spark/detect_suspicious.py --jdbc jdbc:postgresql://postgres:5432/finbest --clickhouse-url jdbc:clickhouse://clickhouse:8123/finbest
[2025-04-23T14:34:33.450+0000] {spark_submit.py:490} INFO - /home/airflow/.local/lib/python3.7/site-packages/pyspark/bin/load-spark-env.sh: line 68: ps: command not found
[2025-04-23T14:34:35.736+0000] {spark_submit.py:490} INFO - 25/04/23 14:34:35 INFO SparkContext: Running Spark version 3.4.4
[2025-04-23T14:34:35.790+0000] {spark_submit.py:490} INFO - 25/04/23 14:34:35 WARN NativeCodeLoader: Unable to load native-hadoop library for your platform... using builtin-java classes where applicable
[2025-04-23T14:34:35.860+0000] {spark_submit.py:490} INFO - 25/04/23 14:34:35 INFO ResourceUtils: ==============================================================
[2025-04-23T14:34:35.860+0000] {spark_submit.py:490} INFO - 25/04/23 14:34:35 INFO ResourceUtils: No custom resources configured for spark.driver.
[2025-04-23T14:34:35.860+0000] {spark_submit.py:490} INFO - 25/04/23 14:34:35 INFO ResourceUtils: ==============================================================
[2025-04-23T14:34:35.860+0000] {spark_submit.py:490} INFO - 25/04/23 14:34:35 INFO SparkContext: Submitted application: FinBestDetect
[2025-04-23T14:34:35.877+0000] {spark_submit.py:490} INFO - 25/04/23 14:34:35 INFO ResourceProfile: Default ResourceProfile created, executor resources: Map(cores -> name: cores, amount: 2, script: , vendor: , memory -> name: memory, amount: 2048, script: , vendor: , offHeap -> name: offHeap, amount: 0, script: , vendor: ), task resources: Map(cpus -> name: cpus, amount: 1.0)
[2025-04-23T14:34:35.887+0000] {spark_submit.py:490} INFO - 25/04/23 14:34:35 INFO ResourceProfile: Limiting resource is cpus at 2 tasks per executor
[2025-04-23T14:34:35.889+0000] {spark_submit.py:490} INFO - 25/04/23 14:34:35 INFO ResourceProfileManager: Added ResourceProfile id: 0
[2025-04-23T14:34:35.938+0000] {spark_submit.py:490} INFO - 25/04/23 14:34:35 INFO SecurityManager: Changing view acls to: airflow
[2025-04-23T14:34:35.938+0000] {spark_submit.py:490} INFO - 25/04/23 14:34:35 INFO SecurityManager: Changing modify acls to: airflow
[2025-04-23T14:34:35.939+0000] {spark_submit.py:490} INFO - 25/04/23 14:34:35 INFO SecurityManager: Changing view acls groups to:
[2025-04-23T14:34:35.939+0000] {spark_submit.py:490} INFO - 25/04/23 14:34:35 INFO SecurityManager: Changing modify acls groups to:
[2025-04-23T14:34:35.939+0000] {spark_submit.py:490} INFO - 25/04/23 14:34:35 INFO SecurityManager: SecurityManager: authentication disabled; ui acls disabled; users with view permissions: airflow; groups with view permissions: EMPTY; users with modify permissions: airflow; groups with modify permissions: EMPTY
[2025-04-23T14:34:36.177+0000] {spark_submit.py:490} INFO - 25/04/23 14:34:36 INFO Utils: Successfully started service 'sparkDriver' on port 40699.
[2025-04-23T14:34:36.205+0000] {spark_submit.py:490} INFO - 25/04/23 14:34:36 INFO SparkEnv: Registering MapOutputTracker
[2025-04-23T14:34:36.235+0000] {spark_submit.py:490} INFO - 25/04/23 14:34:36 INFO SparkEnv: Registering BlockManagerMaster
[2025-04-23T14:34:36.252+0000] {spark_submit.py:490} INFO - 25/04/23 14:34:36 INFO BlockManagerMasterEndpoint: Using org.apache.spark.storage.DefaultTopologyMapper for getting topology information
[2025-04-23T14:34:36.252+0000] {spark_submit.py:490} INFO - 25/04/23 14:34:36 INFO BlockManagerMasterEndpoint: BlockManagerMasterEndpoint up
[2025-04-23T14:34:36.256+0000] {spark_submit.py:490} INFO - 25/04/23 14:34:36 INFO SparkEnv: Registering BlockManagerMasterHeartbeat
[2025-04-23T14:34:36.283+0000] {spark_submit.py:490} INFO - 25/04/23 14:34:36 INFO DiskBlockManager: Created local directory at /tmp/blockmgr-7c530afb-a0bf-41a4-a300-14fe1c21e2a3
[2025-04-23T14:34:36.300+0000] {spark_submit.py:490} INFO - 25/04/23 14:34:36 INFO MemoryStore: MemoryStore started with capacity 434.4 MiB
[2025-04-23T14:34:36.314+0000] {spark_submit.py:490} INFO - 25/04/23 14:34:36 INFO SparkEnv: Registering OutputCommitCoordinator
[2025-04-23T14:34:36.430+0000] {spark_submit.py:490} INFO - 25/04/23 14:34:36 INFO JettyUtils: Start Jetty 0.0.0.0:4040 for SparkUI
[2025-04-23T14:34:36.478+0000] {spark_submit.py:490} INFO - 25/04/23 14:34:36 INFO Utils: Successfully started service 'SparkUI' on port 4040.
[2025-04-23T14:34:36.579+0000] {spark_submit.py:490} INFO - 25/04/23 14:34:36 INFO StandaloneAppClient$ClientEndpoint: Connecting to master spark://spark-master:7077...
[2025-04-23T14:34:36.650+0000] {spark_submit.py:490} INFO - 25/04/23 14:34:36 INFO TransportClientFactory: Successfully created connection to spark-master/172.18.0.2:7077 after 26 ms (0 ms spent in bootstraps)
[2025-04-23T14:34:56.598+0000] {spark_submit.py:490} INFO - 25/04/23 14:34:56 INFO StandaloneAppClient$ClientEndpoint: Connecting to master spark://spark-master:7077...
[2025-04-23T14:35:16.601+0000] {spark_submit.py:490} INFO - 25/04/23 14:35:16 INFO StandaloneAppClient$ClientEndpoint: Connecting to master spark://spark-master:7077...
[2025-04-23T14:35:36.609+0000] {spark_submit.py:490} INFO - 25/04/23 14:35:36 WARN StandaloneSchedulerBackend: Application ID is not initialized yet.
[2025-04-23T14:35:36.613+0000] {spark_submit.py:490} INFO - 25/04/23 14:35:36 ERROR StandaloneSchedulerBackend: Application has been killed. Reason: All masters are unresponsive! Giving up.
[2025-04-23T14:35:36.621+0000] {spark_submit.py:490} INFO - 25/04/23 14:35:36 INFO Utils: Successfully started service 'org.apache.spark.network.netty.NettyBlockTransferService' on port 40289.
[2025-04-23T14:35:36.622+0000] {spark_submit.py:490} INFO - 25/04/23 14:35:36 INFO NettyBlockTransferService: Server created on bee82afc1187:40289
[2025-04-23T14:35:36.623+0000] {spark_submit.py:490} INFO - 25/04/23 14:35:36 INFO BlockManager: Using org.apache.spark.storage.RandomBlockReplicationPolicy for block replication policy
[2025-04-23T14:35:36.629+0000] {spark_submit.py:490} INFO - 25/04/23 14:35:36 INFO BlockManagerMaster: Registering BlockManager BlockManagerId(driver, bee82afc1187, 40289, None)
[2025-04-23T14:35:36.632+0000] {spark_submit.py:490} INFO - 25/04/23 14:35:36 INFO BlockManagerMasterEndpoint: Registering block manager bee82afc1187:40289 with 434.4 MiB RAM, BlockManagerId(driver, bee82afc1187, 40289, None)
[2025-04-23T14:35:36.634+0000] {spark_submit.py:490} INFO - 25/04/23 14:35:36 INFO BlockManagerMaster: Registered BlockManager BlockManagerId(driver, bee82afc1187, 40289, None)
[2025-04-23T14:35:36.635+0000] {spark_submit.py:490} INFO - 25/04/23 14:35:36 INFO BlockManager: Initialized BlockManager: BlockManagerId(driver, bee82afc1187, 40289, None)
[2025-04-23T14:35:36.796+0000] {spark_submit.py:490} INFO - 25/04/23 14:35:36 INFO StandaloneSchedulerBackend: SchedulerBackend is ready for scheduling beginning after reached minRegisteredResourcesRatio: 0.0
[2025-04-23T14:35:36.827+0000] {spark_submit.py:490} INFO - /home/airflow/.local/lib/python3.7/site-packages/pyspark/python/lib/pyspark.zip/pyspark/context.py:317: FutureWarning: Python 3.7 support is deprecated in Spark 3.4.
[2025-04-23T14:35:36.827+0000] {spark_submit.py:490} INFO - warnings.warn("Python 3.7 support is deprecated in Spark 3.4.", FutureWarning)
[2025-04-23T14:35:37.026+0000] {spark_submit.py:490} INFO - 25/04/23 14:35:37 INFO SparkContext: SparkContext is stopping with exitCode 0.
[2025-04-23T14:35:37.036+0000] {spark_submit.py:490} INFO - 25/04/23 14:35:37 INFO SparkUI: Stopped Spark web UI at http://bee82afc1187:4040
[2025-04-23T14:35:37.040+0000] {spark_submit.py:490} INFO - 25/04/23 14:35:37 INFO StandaloneSchedulerBackend: Shutting down all executors
[2025-04-23T14:35:37.043+0000] {spark_submit.py:490} INFO - 25/04/23 14:35:37 INFO StandaloneSchedulerBackend$StandaloneDriverEndpoint: Asking each executor to shut down
[2025-04-23T14:35:37.048+0000] {spark_submit.py:490} INFO - 25/04/23 14:35:37 WARN StandaloneAppClient$ClientEndpoint: Drop UnregisterApplication(null) because has not yet connected to master
[2025-04-23T14:35:37.048+0000] {spark_submit.py:490} INFO - 25/04/23 14:35:37 INFO SharedState: Setting hive.metastore.warehouse.dir ('null') to the value of spark.sql.warehouse.dir.
[2025-04-23T14:35:37.056+0000] {spark_submit.py:490} INFO - 25/04/23 14:35:37 INFO MapOutputTrackerMasterEndpoint: MapOutputTrackerMasterEndpoint stopped!
[2025-04-23T14:35:37.057+0000] {spark_submit.py:490} INFO - 25/04/23 14:35:37 INFO SharedState: Warehouse path is 'file:/opt/airflow/spark-warehouse'.
[2025-04-23T14:35:37.087+0000] {spark_submit.py:490} INFO - 25/04/23 14:35:37 INFO MemoryStore: MemoryStore cleared
[2025-04-23T14:35:37.087+0000] {spark_submit.py:490} INFO - 25/04/23 14:35:37 INFO BlockManager: BlockManager stopped
[2025-04-23T14:35:37.091+0000] {spark_submit.py:490} INFO - Traceback (most recent call last):
[2025-04-23T14:35:37.091+0000] {spark_submit.py:490} INFO - File "/opt/spark/detect_suspicious.py", line 12, in <module>
[2025-04-23T14:35:37.092+0000] {spark_submit.py:490} INFO - df = spark.read \
[2025-04-23T14:35:37.092+0000] {spark_submit.py:490} INFO - File "/home/airflow/.local/lib/python3.7/site-packages/pyspark/python/lib/pyspark.zip/pyspark/sql/session.py", line 1515, in read
[2025-04-23T14:35:37.093+0000] {spark_submit.py:490} INFO - 25/04/23 14:35:37 INFO BlockManagerMaster: BlockManagerMaster stopped
[2025-04-23T14:35:37.095+0000] {spark_submit.py:490} INFO - File "/home/airflow/.local/lib/python3.7/site-packages/pyspark/python/lib/pyspark.zip/pyspark/sql/readwriter.py", line 69, in __init__
[2025-04-23T14:35:37.095+0000] {spark_submit.py:490} INFO - File "/home/airflow/.local/lib/python3.7/site-packages/pyspark/python/lib/py4j-0.10.9.7-src.zip/py4j/java_gateway.py", line 1323, in __call__
[2025-04-23T14:35:37.095+0000] {spark_submit.py:490} INFO - File "/home/airflow/.local/lib/python3.7/site-packages/pyspark/python/lib/pyspark.zip/pyspark/errors/exceptions/captured.py", line 169, in deco
[2025-04-23T14:35:37.095+0000] {spark_submit.py:490} INFO - File "/home/airflow/.local/lib/python3.7/site-packages/pyspark/python/lib/py4j-0.10.9.7-src.zip/py4j/protocol.py", line 328, in get_return_value
[2025-04-23T14:35:37.096+0000] {spark_submit.py:490} INFO - py4j.protocol.Py4JJavaError25/04/23 14:35:37 INFO OutputCommitCoordinator$OutputCommitCoordinatorEndpoint: OutputCommitCoordinator stopped!
[2025-04-23T14:35:37.097+0000] {spark_submit.py:490} INFO - : An error occurred while calling o26.read.
[2025-04-23T14:35:37.097+0000] {spark_submit.py:490} INFO - : java.lang.IllegalStateException: LiveListenerBus is stopped.
[2025-04-23T14:35:37.097+0000] {spark_submit.py:490} INFO - at org.apache.spark.scheduler.LiveListenerBus.addToQueue(LiveListenerBus.scala:98)
[2025-04-23T14:35:37.097+0000] {spark_submit.py:490} INFO - at org.apache.spark.scheduler.LiveListenerBus.addToStatusQueue(LiveListenerBus.scala:81)
[2025-04-23T14:35:37.098+0000] {spark_submit.py:490} INFO - at org.apache.spark.sql.internal.SharedState.<init>(SharedState.scala:115)
[2025-04-23T14:35:37.098+0000] {spark_submit.py:490} INFO - at org.apache.spark.sql.SparkSession.$anonfun$sharedState$1(SparkSession.scala:144)
[2025-04-23T14:35:37.098+0000] {spark_submit.py:490} INFO - at scala.Option.getOrElse(Option.scala:189)
[2025-04-23T14:35:37.098+0000] {spark_submit.py:490} INFO - at org.apache.spark.sql.SparkSession.sharedState$lzycompute(SparkSession.scala:144)
[2025-04-23T14:35:37.098+0000] {spark_submit.py:490} INFO - at org.apache.spark.sql.SparkSession.sharedState(SparkSession.scala:143)
[2025-04-23T14:35:37.098+0000] {spark_submit.py:490} INFO - at org.apache.spark.sql.SparkSession.$anonfun$sessionState$2(SparkSession.scala:163)
[2025-04-23T14:35:37.098+0000] {spark_submit.py:490} INFO - at scala.Option.getOrElse(Option.scala:189)
[2025-04-23T14:35:37.098+0000] {spark_submit.py:490} INFO - at org.apache.spark.sql.SparkSession.sessionState$lzycompute(SparkSession.scala:161)
[2025-04-23T14:35:37.098+0000] {spark_submit.py:490} INFO - at org.apache.spark.sql.SparkSession.sessionState(SparkSession.scala:158)
[2025-04-23T14:35:37.098+0000] {spark_submit.py:490} INFO - at org.apache.spark.sql.DataFrameReader.<init>(DataFrameReader.scala:699)
[2025-04-23T14:35:37.098+0000] {spark_submit.py:490} INFO - at org.apache.spark.sql.SparkSession.read(SparkSession.scala:710)
[2025-04-23T14:35:37.099+0000] {spark_submit.py:490} INFO - at java.base/jdk.internal.reflect.NativeMethodAccessorImpl.invoke0(Native Method)
[2025-04-23T14:35:37.099+0000] {spark_submit.py:490} INFO - at java.base/jdk.internal.reflect.NativeMethodAccessorImpl.invoke(NativeMethodAccessorImpl.java:62)
[2025-04-23T14:35:37.099+0000] {spark_submit.py:490} INFO - at java.base/jdk.internal.reflect.DelegatingMethodAccessorImpl.invoke(DelegatingMethodAccessorImpl.java:43)
[2025-04-23T14:35:37.099+0000] {spark_submit.py:490} INFO - at java.base/java.lang.reflect.Method.invoke(Method.java:566)
[2025-04-23T14:35:37.099+0000] {spark_submit.py:490} INFO - at py4j.reflection.MethodInvoker.invoke(MethodInvoker.java:244)
[2025-04-23T14:35:37.099+0000] {spark_submit.py:490} INFO - at py4j.reflection.ReflectionEngine.invoke(ReflectionEngine.java:374)
[2025-04-23T14:35:37.099+0000] {spark_submit.py:490} INFO - at py4j.Gateway.invoke(Gateway.java:282)
[2025-04-23T14:35:37.099+0000] {spark_submit.py:490} INFO - at py4j.commands.AbstractCommand.invokeMethod(AbstractCommand.java:132)
[2025-04-23T14:35:37.099+0000] {spark_submit.py:490} INFO - at py4j.commands.CallCommand.execute(CallCommand.java:79)
[2025-04-23T14:35:37.099+0000] {spark_submit.py:490} INFO - at py4j.ClientServerConnection.waitForCommands(ClientServerConnection.java:182)
[2025-04-23T14:35:37.100+0000] {spark_submit.py:490} INFO - at py4j.ClientServerConnection.run(ClientServerConnection.java:106)
[2025-04-23T14:35:37.100+0000] {spark_submit.py:490} INFO - at java.base/java.lang.Thread.run(Thread.java:829)
[2025-04-23T14:35:37.100+0000] {spark_submit.py:490} INFO - 
[2025-04-23T14:35:37.104+0000] {spark_submit.py:490} INFO - 25/04/23 14:35:37 INFO SparkContext: Successfully stopped SparkContext
[2025-04-23T14:35:37.142+0000] {spark_submit.py:490} INFO - 25/04/23 14:35:37 INFO ShutdownHookManager: Shutdown hook called
[2025-04-23T14:35:37.142+0000] {spark_submit.py:490} INFO - 25/04/23 14:35:37 INFO ShutdownHookManager: Deleting directory /tmp/spark-0b19871e-b036-4b1d-b89c-deef1ea1be1e/pyspark-a4291d4e-fcb3-4f46-a9d3-c871ca1047d4
[2025-04-23T14:35:37.146+0000] {spark_submit.py:490} INFO - 25/04/23 14:35:37 INFO ShutdownHookManager: Deleting directory /tmp/spark-a156086e-cb01-429b-a6e3-71b2abc84ea3
[2025-04-23T14:35:37.149+0000] {spark_submit.py:490} INFO - 25/04/23 14:35:37 INFO ShutdownHookManager: Deleting directory /tmp/spark-0b19871e-b036-4b1d-b89c-deef1ea1be1e
[2025-04-23T14:35:37.246+0000] {taskinstance.py:1824} ERROR - Task failed with exception
Traceback (most recent call last):
  File "/home/airflow/.local/lib/python3.7/site-packages/airflow/providers/apache/spark/operators/spark_submit.py", line 157, in execute
    self._hook.submit(self._application)
  File "/home/airflow/.local/lib/python3.7/site-packages/airflow/providers/apache/spark/hooks/spark_submit.py", line 422, in submit
    f"Cannot execute: {self._mask_cmd(spark_submit_cmd)}. Error code is: {returncode}."
airflow.exceptions.AirflowException: Cannot execute: spark-submit --master spark://spark-master:7077 --executor-cores 2 --executor-memory 2g --driver-memory 1g --name arrow-spark /opt/spark/detect_suspicious.py --jdbc jdbc:postgresql://postgres:5432/finbest --clickhouse-url jdbc:clickhouse://clickhouse:8123/finbest. Error code is: 1.
[2025-04-23T14:35:37.252+0000] {taskinstance.py:1350} INFO - Marking task as FAILED. dag_id=transform, task_id=detect_suspicious, execution_date=20250423T143116, start_date=20250423T143433, end_date=20250423T143537
[2025-04-23T14:35:37.264+0000] {standard_task_runner.py:109} ERROR - Failed to execute job 10 for task detect_suspicious (Cannot execute: spark-submit --master spark://spark-master:7077 --executor-cores 2 --executor-memory 2g --driver-memory 1g --name arrow-spark /opt/spark/detect_suspicious.py --jdbc jdbc:postgresql://postgres:5432/finbest --clickhouse-url jdbc:clickhouse://clickhouse:8123/finbest. Error code is: 1.; 476)
[2025-04-23T14:35:37.305+0000] {local_task_job_runner.py:225} INFO - Task exited with return code 1
[2025-04-23T14:35:37.400+0000] {taskinstance.py:2653} INFO - 0 downstream tasks scheduled from follow-on schedule check
