[2025-04-27T08:31:58.675+0000] {taskinstance.py:1103} INFO - Dependencies all met for dep_context=non-requeueable deps ti=<TaskInstance: transform.dbt_run manual__2025-04-27T08:31:56.050788+00:00 [queued]>
[2025-04-27T08:31:58.680+0000] {taskinstance.py:1103} INFO - Dependencies all met for dep_context=requeueable deps ti=<TaskInstance: transform.dbt_run manual__2025-04-27T08:31:56.050788+00:00 [queued]>
[2025-04-27T08:31:58.681+0000] {taskinstance.py:1308} INFO - Starting attempt 1 of 2
[2025-04-27T08:31:58.690+0000] {taskinstance.py:1327} INFO - Executing <Task(PythonOperator): dbt_run> on 2025-04-27 08:31:56.050788+00:00
[2025-04-27T08:31:58.693+0000] {standard_task_runner.py:57} INFO - Started process 957 to run task
[2025-04-27T08:31:58.695+0000] {standard_task_runner.py:84} INFO - Running: ['airflow', 'tasks', 'run', 'transform', 'dbt_run', 'manual__2025-04-27T08:31:56.050788+00:00', '--job-id', '31', '--raw', '--subdir', 'DAGS_FOLDER/transform.py', '--cfg-path', '/tmp/tmpqrh5ex9s']
[2025-04-27T08:31:58.696+0000] {standard_task_runner.py:85} INFO - Job 31: Subtask dbt_run
[2025-04-27T08:31:58.736+0000] {task_command.py:410} INFO - Running <TaskInstance: transform.dbt_run manual__2025-04-27T08:31:56.050788+00:00 [running]> on host c82426b22b9f
[2025-04-27T08:31:58.871+0000] {taskinstance.py:1547} INFO - Exporting env vars: AIRFLOW_CTX_DAG_OWNER='finbest' AIRFLOW_CTX_DAG_ID='transform' AIRFLOW_CTX_TASK_ID='dbt_run' AIRFLOW_CTX_EXECUTION_DATE='2025-04-27T08:31:56.050788+00:00' AIRFLOW_CTX_TRY_NUMBER='1' AIRFLOW_CTX_DAG_RUN_ID='manual__2025-04-27T08:31:56.050788+00:00'
[2025-04-27T08:31:58.872+0000] {logging_mixin.py:150} INFO - Проверка существования dbt: True
[2025-04-27T08:31:58.872+0000] {logging_mixin.py:150} INFO - Содержимое каталога /dbt_project:
[2025-04-27T08:31:58.872+0000] {logging_mixin.py:150} INFO - Директория: /dbt_project
[2025-04-27T08:31:58.873+0000] {logging_mixin.py:150} INFO -   Поддиректории: ['logs', 'dbt_packages', 'models', 'target']
[2025-04-27T08:31:58.873+0000] {logging_mixin.py:150} INFO -   Файлы: ['dbt_project.yml', 'profiles.yml', '.user.yml']
[2025-04-27T08:31:58.873+0000] {logging_mixin.py:150} INFO - Директория: /dbt_project/logs
[2025-04-27T08:31:58.873+0000] {logging_mixin.py:150} INFO -   Поддиректории: []
[2025-04-27T08:31:58.873+0000] {logging_mixin.py:150} INFO -   Файлы: ['dbt.log']
[2025-04-27T08:31:58.873+0000] {logging_mixin.py:150} INFO - Директория: /dbt_project/dbt_packages
[2025-04-27T08:31:58.873+0000] {logging_mixin.py:150} INFO -   Поддиректории: []
[2025-04-27T08:31:58.873+0000] {logging_mixin.py:150} INFO -   Файлы: []
[2025-04-27T08:31:58.874+0000] {logging_mixin.py:150} INFO - Директория: /dbt_project/models
[2025-04-27T08:31:58.874+0000] {logging_mixin.py:150} INFO -   Поддиректории: ['mart', 'staging', 'intermediate']
[2025-04-27T08:31:58.874+0000] {logging_mixin.py:150} INFO -   Файлы: []
[2025-04-27T08:31:58.874+0000] {logging_mixin.py:150} INFO - Директория: /dbt_project/models/mart
[2025-04-27T08:31:58.874+0000] {logging_mixin.py:150} INFO -   Поддиректории: []
[2025-04-27T08:31:58.874+0000] {logging_mixin.py:150} INFO -   Файлы: ['fact_client_balance.sql']
[2025-04-27T08:31:58.874+0000] {logging_mixin.py:150} INFO - Директория: /dbt_project/models/staging
[2025-04-27T08:31:58.874+0000] {logging_mixin.py:150} INFO -   Поддиректории: []
[2025-04-27T08:31:58.874+0000] {logging_mixin.py:150} INFO -   Файлы: ['stg_clients.sql', 'stg_transactions.sql', 'stg_rates.sql']
[2025-04-27T08:31:58.875+0000] {logging_mixin.py:150} INFO - Директория: /dbt_project/models/intermediate
[2025-04-27T08:31:58.875+0000] {logging_mixin.py:150} INFO -   Поддиректории: []
[2025-04-27T08:31:58.875+0000] {logging_mixin.py:150} INFO -   Файлы: ['int_daily_transactions.sql']
[2025-04-27T08:31:58.875+0000] {logging_mixin.py:150} INFO - Директория: /dbt_project/target
[2025-04-27T08:31:58.875+0000] {logging_mixin.py:150} INFO -   Поддиректории: ['compiled', 'run']
[2025-04-27T08:31:58.875+0000] {logging_mixin.py:150} INFO -   Файлы: ['run_results.json', 'partial_parse.msgpack', 'manifest.json', 'graph.gpickle']
[2025-04-27T08:31:58.875+0000] {logging_mixin.py:150} INFO - Директория: /dbt_project/target/compiled
[2025-04-27T08:31:58.875+0000] {logging_mixin.py:150} INFO -   Поддиректории: ['finbest']
[2025-04-27T08:31:58.875+0000] {logging_mixin.py:150} INFO -   Файлы: []
[2025-04-27T08:31:58.876+0000] {logging_mixin.py:150} INFO - Директория: /dbt_project/target/compiled/finbest
[2025-04-27T08:31:58.876+0000] {logging_mixin.py:150} INFO -   Поддиректории: ['models']
[2025-04-27T08:31:58.876+0000] {logging_mixin.py:150} INFO -   Файлы: []
[2025-04-27T08:31:58.876+0000] {logging_mixin.py:150} INFO - Директория: /dbt_project/target/compiled/finbest/models
[2025-04-27T08:31:58.876+0000] {logging_mixin.py:150} INFO -   Поддиректории: ['mart', 'staging', 'intermediate']
[2025-04-27T08:31:58.876+0000] {logging_mixin.py:150} INFO -   Файлы: []
[2025-04-27T08:31:58.876+0000] {logging_mixin.py:150} INFO - Директория: /dbt_project/target/compiled/finbest/models/mart
[2025-04-27T08:31:58.876+0000] {logging_mixin.py:150} INFO -   Поддиректории: []
[2025-04-27T08:31:58.876+0000] {logging_mixin.py:150} INFO -   Файлы: ['fact_client_balance.sql']
[2025-04-27T08:31:58.877+0000] {logging_mixin.py:150} INFO - Директория: /dbt_project/target/compiled/finbest/models/staging
[2025-04-27T08:31:58.877+0000] {logging_mixin.py:150} INFO -   Поддиректории: []
[2025-04-27T08:31:58.877+0000] {logging_mixin.py:150} INFO -   Файлы: ['stg_clients.sql', 'stg_transactions.sql', 'stg_rates.sql']
[2025-04-27T08:31:58.877+0000] {logging_mixin.py:150} INFO - Директория: /dbt_project/target/compiled/finbest/models/intermediate
[2025-04-27T08:31:58.877+0000] {logging_mixin.py:150} INFO -   Поддиректории: []
[2025-04-27T08:31:58.877+0000] {logging_mixin.py:150} INFO -   Файлы: ['int_daily_transactions.sql']
[2025-04-27T08:31:58.877+0000] {logging_mixin.py:150} INFO - Директория: /dbt_project/target/run
[2025-04-27T08:31:58.877+0000] {logging_mixin.py:150} INFO -   Поддиректории: ['finbest']
[2025-04-27T08:31:58.877+0000] {logging_mixin.py:150} INFO -   Файлы: []
[2025-04-27T08:31:58.878+0000] {logging_mixin.py:150} INFO - Директория: /dbt_project/target/run/finbest
[2025-04-27T08:31:58.878+0000] {logging_mixin.py:150} INFO -   Поддиректории: ['models']
[2025-04-27T08:31:58.878+0000] {logging_mixin.py:150} INFO -   Файлы: []
[2025-04-27T08:31:58.878+0000] {logging_mixin.py:150} INFO - Директория: /dbt_project/target/run/finbest/models
[2025-04-27T08:31:58.878+0000] {logging_mixin.py:150} INFO -   Поддиректории: ['mart', 'staging', 'intermediate']
[2025-04-27T08:31:58.878+0000] {logging_mixin.py:150} INFO -   Файлы: []
[2025-04-27T08:31:58.878+0000] {logging_mixin.py:150} INFO - Директория: /dbt_project/target/run/finbest/models/mart
[2025-04-27T08:31:58.878+0000] {logging_mixin.py:150} INFO -   Поддиректории: []
[2025-04-27T08:31:58.878+0000] {logging_mixin.py:150} INFO -   Файлы: ['fact_client_balance.sql']
[2025-04-27T08:31:58.879+0000] {logging_mixin.py:150} INFO - Директория: /dbt_project/target/run/finbest/models/staging
[2025-04-27T08:31:58.879+0000] {logging_mixin.py:150} INFO -   Поддиректории: []
[2025-04-27T08:31:58.879+0000] {logging_mixin.py:150} INFO -   Файлы: ['stg_clients.sql', 'stg_transactions.sql', 'stg_rates.sql']
[2025-04-27T08:31:58.879+0000] {logging_mixin.py:150} INFO - Директория: /dbt_project/target/run/finbest/models/intermediate
[2025-04-27T08:31:58.879+0000] {logging_mixin.py:150} INFO -   Поддиректории: []
[2025-04-27T08:31:58.879+0000] {logging_mixin.py:150} INFO -   Файлы: ['int_daily_transactions.sql']
[2025-04-27T08:32:07.956+0000] {logging_mixin.py:150} INFO - STDOUT:
[2025-04-27T08:32:07.958+0000] {logging_mixin.py:150} INFO - 08:32:00  Sending event: {'category': 'dbt', 'action': 'invocation', 'label': 'start', 'context': [<snowplow_tracker.self_describing_json.SelfDescribingJson object at 0x74b20071f150>, <snowplow_tracker.self_describing_json.SelfDescribingJson object at 0x74b20071f410>, <snowplow_tracker.self_describing_json.SelfDescribingJson object at 0x74b20071f9d0>]}
08:32:00  Running with dbt=1.5.11
08:32:00  running dbt with arguments {'printer_width': '80', 'indirect_selection': 'eager', 'write_json': 'True', 'log_cache_events': 'False', 'partial_parse': 'True', 'cache_selected_only': 'False', 'profiles_dir': '/dbt_project', 'fail_fast': 'False', 'debug': 'True', 'log_path': '/dbt_project/logs', 'version_check': 'True', 'warn_error': 'None', 'use_colors': 'True', 'use_experimental_parser': 'False', 'no_print': 'None', 'quiet': 'False', 'warn_error_options': 'WarnErrorOptions(include=[], exclude=[])', 'static_parser': 'True', 'log_format': 'default', 'introspect': 'True', 'target_path': 'None', 'send_anonymous_usage_stats': 'True'}
08:32:00  Sending event: {'category': 'dbt', 'action': 'project_id', 'label': 'f299ebcb-2a8e-4d1b-91c5-39f3559f85c0', 'context': [<snowplow_tracker.self_describing_json.SelfDescribingJson object at 0x74b20071fed0>]}
08:32:01  Sending event: {'category': 'dbt', 'action': 'adapter_info', 'label': 'f299ebcb-2a8e-4d1b-91c5-39f3559f85c0', 'context': [<snowplow_tracker.self_describing_json.SelfDescribingJson object at 0x74b1fecd1f50>]}
08:32:01  Registered adapter: postgres=1.5.11
08:32:01  checksum: 007b492a958e08141e13011e4198bea48e7f359a98b57e51b7a963fca8fc83af, vars: {}, profile: , target: , version: 1.5.11
08:32:01  Partial parsing enabled: 0 files deleted, 0 files added, 0 files changed.
08:32:01  Partial parsing enabled, no changes found, skipping parsing
08:32:01  Sending event: {'category': 'dbt', 'action': 'load_project', 'label': 'f299ebcb-2a8e-4d1b-91c5-39f3559f85c0', 'context': [<snowplow_tracker.self_describing_json.SelfDescribingJson object at 0x74b1fc372c10>]}
08:32:01  Sending event: {'category': 'dbt', 'action': 'resource_counts', 'label': 'f299ebcb-2a8e-4d1b-91c5-39f3559f85c0', 'context': [<snowplow_tracker.self_describing_json.SelfDescribingJson object at 0x74b1fc3ab610>]}
08:32:01  Found 5 models, 0 tests, 0 snapshots, 0 analyses, 310 macros, 0 operations, 0 seed files, 0 sources, 0 exposures, 0 metrics, 0 groups
08:32:01  Sending event: {'category': 'dbt', 'action': 'runnable_timing', 'label': 'f299ebcb-2a8e-4d1b-91c5-39f3559f85c0', 'context': [<snowplow_tracker.self_describing_json.SelfDescribingJson object at 0x74b1fc3ab7d0>]}
08:32:01  
08:32:01  Acquiring new postgres connection 'master'
08:32:01  Acquiring new postgres connection 'list_finbest'
08:32:01  Using postgres connection "list_finbest"
08:32:01  On list_finbest: /* {"app": "dbt", "dbt_version": "1.5.11", "profile_name": "finbest", "target_name": "dev", "connection_name": "list_finbest"} */

    select distinct nspname from pg_namespace
  
08:32:01  Opening a new connection, currently in state init
08:32:01  SQL status: SELECT 7 in 0.0 seconds
08:32:01  On list_finbest: Close
08:32:01  Acquiring new postgres connection 'list_finbest_mart'
08:32:01  Using postgres connection "list_finbest_mart"
08:32:01  On list_finbest_mart: BEGIN
08:32:01  Opening a new connection, currently in state init
08:32:01  SQL status: BEGIN in 0.0 seconds
08:32:01  Using postgres connection "list_finbest_mart"
08:32:01  On list_finbest_mart: /* {"app": "dbt", "dbt_version": "1.5.11", "profile_name": "finbest", "target_name": "dev", "connection_name": "list_finbest_mart"} */
select
      'finbest' as database,
      tablename as name,
      schemaname as schema,
      'table' as type
    from pg_tables
    where schemaname ilike 'mart'
    union all
    select
      'finbest' as database,
      viewname as name,
      schemaname as schema,
      'view' as type
    from pg_views
    where schemaname ilike 'mart'
  
08:32:01  SQL status: SELECT 7 in 0.0 seconds
08:32:01  On list_finbest_mart: ROLLBACK
08:32:01  On list_finbest_mart: Close
08:32:01  Using postgres connection "master"
08:32:01  On master: BEGIN
08:32:01  Opening a new connection, currently in state init
08:32:01  SQL status: BEGIN in 0.0 seconds
08:32:01  Using postgres connection "master"
08:32:01  On master: /* {"app": "dbt", "dbt_version": "1.5.11", "profile_name": "finbest", "target_name": "dev", "connection_name": "master"} */
with relation as (
        select
            pg_rewrite.ev_class as class,
            pg_rewrite.oid as id
        from pg_rewrite
    ),
    class as (
        select
            oid as id,
            relname as name,
            relnamespace as schema,
            relkind as kind
        from pg_class
    ),
    dependency as (
        select distinct
            pg_depend.objid as id,
            pg_depend.refobjid as ref
        from pg_depend
    ),
    schema as (
        select
            pg_namespace.oid as id,
            pg_namespace.nspname as name
        from pg_namespace
        where nspname != 'information_schema' and nspname not like 'pg\_%'
    ),
    referenced as (
        select
            relation.id AS id,
            referenced_class.name ,
            referenced_class.schema ,
            referenced_class.kind
        from relation
        join class as referenced_class on relation.class=referenced_class.id
        where referenced_class.kind in ('r', 'v')
    ),
    relationships as (
        select
            referenced.name as referenced_name,
            referenced.schema as referenced_schema_id,
            dependent_class.name as dependent_name,
            dependent_class.schema as dependent_schema_id,
            referenced.kind as kind
        from referenced
        join dependency on referenced.id=dependency.id
        join class as dependent_class on dependency.ref=dependent_class.id
        where
            (referenced.name != dependent_class.name or
             referenced.schema != dependent_class.schema)
    )

    select
        referenced_schema.name as referenced_schema,
        relationships.referenced_name as referenced_name,
        dependent_schema.name as dependent_schema,
        relationships.dependent_name as dependent_name
    from relationships
    join schema as dependent_schema on relationships.dependent_schema_id=dependent_schema.id
    join schema as referenced_schema on relationships.referenced_schema_id=referenced_schema.id
    group by referenced_schema, referenced_name, dependent_schema, dependent_name
    order by referenced_schema, referenced_name, dependent_schema, dependent_name;
08:32:01  SQL status: SELECT 0 in 0.0 seconds
08:32:01  Sending event: {'category': 'dbt', 'action': 'runnable_timing', 'label': 'f299ebcb-2a8e-4d1b-91c5-39f3559f85c0', 'context': [<snowplow_tracker.self_describing_json.SelfDescribingJson object at 0x74b1fc35d710>]}
08:32:01  On master: ROLLBACK
08:32:01  Using postgres connection "master"
08:32:01  On master: BEGIN
08:32:01  SQL status: BEGIN in 0.0 seconds
08:32:01  On master: COMMIT
08:32:01  Using postgres connection "master"
08:32:01  On master: COMMIT
08:32:01  SQL status: COMMIT in 0.0 seconds
08:32:01  On master: Close
08:32:01  Concurrency: 4 threads (target='dev')
08:32:01  
08:32:01  Began running node model.finbest.stg_clients
08:32:01  Began running node model.finbest.stg_rates
08:32:01  Began running node model.finbest.stg_transactions
08:32:01  1 of 5 START sql table model mart.stg_clients .................................. [RUN]
08:32:01  2 of 5 START sql table model mart.stg_rates .................................... [RUN]
08:32:01  3 of 5 START sql table model mart.stg_transactions ............................. [RUN]
08:32:01  Re-using an available connection from the pool (formerly list_finbest_mart, now model.finbest.stg_clients)
08:32:01  Re-using an available connection from the pool (formerly list_finbest, now model.finbest.stg_rates)
08:32:01  Acquiring new postgres connection 'model.finbest.stg_transactions'
08:32:01  Began compiling node model.finbest.stg_clients
08:32:01  Began compiling node model.finbest.stg_rates
08:32:01  Began compiling node model.finbest.stg_transactions
08:32:01  Writing injected SQL for node "model.finbest.stg_rates"
08:32:01  Writing injected SQL for node "model.finbest.stg_transactions"
08:32:01  Writing injected SQL for node "model.finbest.stg_clients"
08:32:01  Timing info for model.finbest.stg_rates (compile): 08:32:01.133902 => 08:32:01.141278
08:32:01  Timing info for model.finbest.stg_transactions (compile): 08:32:01.136583 => 08:32:01.142122
08:32:01  Began executing node model.finbest.stg_rates
08:32:01  Began executing node model.finbest.stg_transactions
08:32:01  Timing info for model.finbest.stg_clients (compile): 08:32:01.128765 => 08:32:01.154473
08:32:01  Began executing node model.finbest.stg_clients
08:32:01  Writing runtime sql for node "model.finbest.stg_rates"
08:32:01  Writing runtime sql for node "model.finbest.stg_clients"
08:32:01  Writing runtime sql for node "model.finbest.stg_transactions"
08:32:01  Using postgres connection "model.finbest.stg_rates"
08:32:01  On model.finbest.stg_rates: BEGIN
08:32:01  Opening a new connection, currently in state closed
08:32:01  Using postgres connection "model.finbest.stg_transactions"
08:32:01  On model.finbest.stg_transactions: BEGIN
08:32:01  Using postgres connection "model.finbest.stg_clients"
08:32:01  Opening a new connection, currently in state init
08:32:01  On model.finbest.stg_clients: BEGIN
08:32:01  Opening a new connection, currently in state closed
08:32:01  SQL status: BEGIN in 0.0 seconds
08:32:01  Using postgres connection "model.finbest.stg_rates"
08:32:01  On model.finbest.stg_rates: /* {"app": "dbt", "dbt_version": "1.5.11", "profile_name": "finbest", "target_name": "dev", "node_id": "model.finbest.stg_rates"} */

  
    

  create  table "finbest"."mart"."stg_rates__dbt_tmp"
  
  
    as
  
  (
    select * from staging.currency_rates
  );
  
08:32:01  SQL status: BEGIN in 0.0 seconds
08:32:01  Using postgres connection "model.finbest.stg_transactions"
08:32:01  SQL status: BEGIN in 0.0 seconds
08:32:01  On model.finbest.stg_transactions: /* {"app": "dbt", "dbt_version": "1.5.11", "profile_name": "finbest", "target_name": "dev", "node_id": "model.finbest.stg_transactions"} */

  
    

  create  table "finbest"."mart"."stg_transactions__dbt_tmp"
  
  
    as
  
  (
    select * from raw.masked_transactions
  );
  
08:32:01  Using postgres connection "model.finbest.stg_clients"
08:32:01  On model.finbest.stg_clients: /* {"app": "dbt", "dbt_version": "1.5.11", "profile_name": "finbest", "target_name": "dev", "node_id": "model.finbest.stg_clients"} */

  
    

  create  table "finbest"."mart"."stg_clients__dbt_tmp"
  
  
    as
  
  (
    select * from raw.masked_clients
  );
  
08:32:01  SQL status: SELECT 4 in 0.0 seconds
08:32:01  SQL status: SELECT 200 in 0.0 seconds
08:32:01  Using postgres connection "model.finbest.stg_rates"
08:32:01  SQL status: SELECT 1000 in 0.0 seconds
08:32:01  Using postgres connection "model.finbest.stg_clients"
08:32:01  On model.finbest.stg_rates: /* {"app": "dbt", "dbt_version": "1.5.11", "profile_name": "finbest", "target_name": "dev", "node_id": "model.finbest.stg_rates"} */
alter table "finbest"."mart"."stg_rates" rename to "stg_rates__dbt_backup"
08:32:01  Using postgres connection "model.finbest.stg_transactions"
08:32:01  On model.finbest.stg_clients: /* {"app": "dbt", "dbt_version": "1.5.11", "profile_name": "finbest", "target_name": "dev", "node_id": "model.finbest.stg_clients"} */
alter table "finbest"."mart"."stg_clients" rename to "stg_clients__dbt_backup"
08:32:01  On model.finbest.stg_transactions: /* {"app": "dbt", "dbt_version": "1.5.11", "profile_name": "finbest", "target_name": "dev", "node_id": "model.finbest.stg_transactions"} */
alter table "finbest"."mart"."stg_transactions" rename to "stg_transactions__dbt_backup"
08:32:01  SQL status: ALTER TABLE in 0.0 seconds
08:32:01  Using postgres connection "model.finbest.stg_rates"
08:32:01  SQL status: ALTER TABLE in 0.0 seconds
08:32:01  SQL status: ALTER TABLE in 0.0 seconds
08:32:01  On model.finbest.stg_rates: /* {"app": "dbt", "dbt_version": "1.5.11", "profile_name": "finbest", "target_name": "dev", "node_id": "model.finbest.stg_rates"} */
alter table "finbest"."mart"."stg_rates__dbt_tmp" rename to "stg_rates"
08:32:01  Using postgres connection "model.finbest.stg_clients"
08:32:01  Using postgres connection "model.finbest.stg_transactions"
08:32:01  On model.finbest.stg_clients: /* {"app": "dbt", "dbt_version": "1.5.11", "profile_name": "finbest", "target_name": "dev", "node_id": "model.finbest.stg_clients"} */
alter table "finbest"."mart"."stg_clients__dbt_tmp" rename to "stg_clients"
08:32:01  SQL status: ALTER TABLE in 0.0 seconds
08:32:01  On model.finbest.stg_transactions: /* {"app": "dbt", "dbt_version": "1.5.11", "profile_name": "finbest", "target_name": "dev", "node_id": "model.finbest.stg_transactions"} */
alter table "finbest"."mart"."stg_transactions__dbt_tmp" rename to "stg_transactions"
08:32:01  SQL status: ALTER TABLE in 0.0 seconds
08:32:01  SQL status: ALTER TABLE in 0.0 seconds
08:32:01  On model.finbest.stg_rates: COMMIT
08:32:01  On model.finbest.stg_transactions: COMMIT
08:32:01  On model.finbest.stg_clients: COMMIT
08:32:01  Using postgres connection "model.finbest.stg_rates"
08:32:01  Using postgres connection "model.finbest.stg_transactions"
08:32:01  Using postgres connection "model.finbest.stg_clients"
08:32:01  On model.finbest.stg_rates: COMMIT
08:32:01  On model.finbest.stg_transactions: COMMIT
08:32:01  On model.finbest.stg_clients: COMMIT
08:32:01  SQL status: COMMIT in 0.0 seconds
08:32:01  SQL status: COMMIT in 0.0 seconds
08:32:01  SQL status: COMMIT in 0.0 seconds
08:32:01  Using postgres connection "model.finbest.stg_rates"
08:32:01  Using postgres connection "model.finbest.stg_transactions"
08:32:01  Using postgres connection "model.finbest.stg_clients"
08:32:01  On model.finbest.stg_rates: /* {"app": "dbt", "dbt_version": "1.5.11", "profile_name": "finbest", "target_name": "dev", "node_id": "model.finbest.stg_rates"} */
drop table if exists "finbest"."mart"."stg_rates__dbt_backup" cascade
08:32:01  On model.finbest.stg_transactions: /* {"app": "dbt", "dbt_version": "1.5.11", "profile_name": "finbest", "target_name": "dev", "node_id": "model.finbest.stg_transactions"} */
drop table if exists "finbest"."mart"."stg_transactions__dbt_backup" cascade
08:32:01  On model.finbest.stg_clients: /* {"app": "dbt", "dbt_version": "1.5.11", "profile_name": "finbest", "target_name": "dev", "node_id": "model.finbest.stg_clients"} */
drop table if exists "finbest"."mart"."stg_clients__dbt_backup" cascade
08:32:01  SQL status: DROP TABLE in 0.0 seconds
08:32:01  SQL status: DROP TABLE in 0.0 seconds
08:32:01  SQL status: DROP TABLE in 0.0 seconds
08:32:01  Timing info for model.finbest.stg_clients (execute): 08:32:01.201856 => 08:32:01.314022
08:32:01  Timing info for model.finbest.stg_rates (execute): 08:32:01.144244 => 08:32:01.315704
08:32:01  Timing info for model.finbest.stg_transactions (execute): 08:32:01.170454 => 08:32:01.317334
08:32:01  On model.finbest.stg_clients: Close
08:32:01  On model.finbest.stg_rates: Close
08:32:01  On model.finbest.stg_transactions: Close
08:32:01  Sending event: {'category': 'dbt', 'action': 'run_model', 'label': 'f299ebcb-2a8e-4d1b-91c5-39f3559f85c0', 'context': [<snowplow_tracker.self_describing_json.SelfDescribingJson object at 0x74b1f89cfcd0>]}
08:32:01  Sending event: {'category': 'dbt', 'action': 'run_model', 'label': 'f299ebcb-2a8e-4d1b-91c5-39f3559f85c0', 'context': [<snowplow_tracker.self_describing_json.SelfDescribingJson object at 0x74b1fba73250>]}
08:32:01  Sending event: {'category': 'dbt', 'action': 'run_model', 'label': 'f299ebcb-2a8e-4d1b-91c5-39f3559f85c0', 'context': [<snowplow_tracker.self_describing_json.SelfDescribingJson object at 0x74b1fc2d3350>]}
08:32:01  1 of 5 OK created sql table model mart.stg_clients ............................. [SELECT 200 in 0.20s]
08:32:01  2 of 5 OK created sql table model mart.stg_rates ............................... [SELECT 4 in 0.20s]
08:32:01  3 of 5 OK created sql table model mart.stg_transactions ........................ [SELECT 1000 in 0.20s]
08:32:01  Finished running node model.finbest.stg_clients
08:32:01  Finished running node model.finbest.stg_rates
08:32:01  Finished running node model.finbest.stg_transactions
08:32:01  Began running node model.finbest.int_daily_transactions
08:32:01  4 of 5 START sql table model mart.int_daily_transactions ....................... [RUN]
08:32:01  Acquiring new postgres connection 'model.finbest.int_daily_transactions'
08:32:01  Began compiling node model.finbest.int_daily_transactions
08:32:01  Writing injected SQL for node "model.finbest.int_daily_transactions"
08:32:01  Timing info for model.finbest.int_daily_transactions (compile): 08:32:01.332874 => 08:32:01.338638
08:32:01  Began executing node model.finbest.int_daily_transactions
08:32:01  Writing runtime sql for node "model.finbest.int_daily_transactions"
08:32:01  Using postgres connection "model.finbest.int_daily_transactions"
08:32:01  On model.finbest.int_daily_transactions: BEGIN
08:32:01  Opening a new connection, currently in state init
08:32:01  SQL status: BEGIN in 0.0 seconds
08:32:01  Using postgres connection "model.finbest.int_daily_transactions"
08:32:01  On model.finbest.int_daily_transactions: /* {"app": "dbt", "dbt_version": "1.5.11", "profile_name": "finbest", "target_name": "dev", "node_id": "model.finbest.int_daily_transactions"} */

  
    

  create  table "finbest"."mart"."int_daily_transactions__dbt_tmp"
  
  
    as
  
  (
    with t as (
  select date(datetime) as dt, client_id, currency,
         sum(case when transaction_type='deposit' then amount end) as inflow,
         sum(case when transaction_type='withdrawal' then amount end) as outflow,
         count(*) as tx_cnt
  from "finbest"."mart"."stg_transactions"
  group by 1,2,3)
select *, inflow-outflow as net_flow from t
  );
  
08:32:01  SQL status: SELECT 669 in 0.0 seconds
08:32:01  Using postgres connection "model.finbest.int_daily_transactions"
08:32:01  On model.finbest.int_daily_transactions: /* {"app": "dbt", "dbt_version": "1.5.11", "profile_name": "finbest", "target_name": "dev", "node_id": "model.finbest.int_daily_transactions"} */
alter table "finbest"."mart"."int_daily_transactions" rename to "int_daily_transactions__dbt_backup"
08:32:01  SQL status: ALTER TABLE in 0.0 seconds
08:32:01  Using postgres connection "model.finbest.int_daily_transactions"
08:32:01  On model.finbest.int_daily_transactions: /* {"app": "dbt", "dbt_version": "1.5.11", "profile_name": "finbest", "target_name": "dev", "node_id": "model.finbest.int_daily_transactions"} */
alter table "finbest"."mart"."int_daily_transactions__dbt_tmp" rename to "int_daily_transactions"
08:32:01  SQL status: ALTER TABLE in 0.0 seconds
08:32:01  On model.finbest.int_daily_transactions: COMMIT
08:32:01  Using postgres connection "model.finbest.int_daily_transactions"
08:32:01  On model.finbest.int_daily_transactions: COMMIT
08:32:01  SQL status: COMMIT in 0.0 seconds
08:32:01  Using postgres connection "model.finbest.int_daily_transactions"
08:32:01  On model.finbest.int_daily_transactions: /* {"app": "dbt", "dbt_version": "1.5.11", "profile_name": "finbest", "target_name": "dev", "node_id": "model.finbest.int_daily_transactions"} */
drop table if exists "finbest"."mart"."int_daily_transactions__dbt_backup" cascade
08:32:01  SQL status: DROP TABLE in 0.0 seconds
08:32:01  Timing info for model.finbest.int_daily_transactions (execute): 08:32:01.340280 => 08:32:01.409024
08:32:01  On model.finbest.int_daily_transactions: Close
08:32:01  Sending event: {'category': 'dbt', 'action': 'run_model', 'label': 'f299ebcb-2a8e-4d1b-91c5-39f3559f85c0', 'context': [<snowplow_tracker.self_describing_json.SelfDescribingJson object at 0x74b1f8936190>]}
08:32:01  4 of 5 OK created sql table model mart.int_daily_transactions .................. [SELECT 669 in 0.08s]
08:32:01  Finished running node model.finbest.int_daily_transactions
08:32:01  Began running node model.finbest.fact_client_balance
08:32:01  5 of 5 START sql table model mart.fact_client_balance .......................... [RUN]
08:32:01  Re-using an available connection from the pool (formerly model.finbest.stg_rates, now model.finbest.fact_client_balance)
08:32:01  Began compiling node model.finbest.fact_client_balance
08:32:01  Writing injected SQL for node "model.finbest.fact_client_balance"
08:32:01  Timing info for model.finbest.fact_client_balance (compile): 08:32:01.414586 => 08:32:01.417564
08:32:01  Began executing node model.finbest.fact_client_balance
08:32:01  Writing runtime sql for node "model.finbest.fact_client_balance"
08:32:01  Using postgres connection "model.finbest.fact_client_balance"
08:32:01  On model.finbest.fact_client_balance: BEGIN
08:32:01  Opening a new connection, currently in state closed
08:32:01  SQL status: BEGIN in 0.0 seconds
08:32:01  Using postgres connection "model.finbest.fact_client_balance"
08:32:01  On model.finbest.fact_client_balance: /* {"app": "dbt", "dbt_version": "1.5.11", "profile_name": "finbest", "target_name": "dev", "node_id": "model.finbest.fact_client_balance"} */

  
    

  create  table "finbest"."mart"."fact_client_balance__dbt_tmp"
  
  
    as
  
  (
    select dt as date, client_id, currency,
       sum(net_flow) over (partition by client_id,currency
                           order by dt
                           rows between unbounded preceding and 1 preceding) as opening_balance,
       sum(net_flow) over (partition by client_id,currency
                           order by dt) as closing_balance,
       inflow,outflow,tx_cnt as transaction_count
from "finbest"."mart"."int_daily_transactions"
  );
  
08:32:01  SQL status: SELECT 669 in 0.0 seconds
08:32:01  Using postgres connection "model.finbest.fact_client_balance"
08:32:01  On model.finbest.fact_client_balance: /* {"app": "dbt", "dbt_version": "1.5.11", "profile_name": "finbest", "target_name": "dev", "node_id": "model.finbest.fact_client_balance"} */
alter table "finbest"."mart"."fact_client_balance" rename to "fact_client_balance__dbt_backup"
08:32:01  SQL status: ALTER TABLE in 0.0 seconds
08:32:01  Using postgres connection "model.finbest.fact_client_balance"
08:32:01  On model.finbest.fact_client_balance: /* {"app": "dbt", "dbt_version": "1.5.11", "profile_name": "finbest", "target_name": "dev", "node_id": "model.finbest.fact_client_balance"} */
alter table "finbest"."mart"."fact_client_balance__dbt_tmp" rename to "fact_client_balance"
08:32:01  SQL status: ALTER TABLE in 0.0 seconds
08:32:01  On model.finbest.fact_client_balance: COMMIT
08:32:01  Using postgres connection "model.finbest.fact_client_balance"
08:32:01  On model.finbest.fact_client_balance: COMMIT
08:32:01  SQL status: COMMIT in 0.0 seconds
08:32:01  Using postgres connection "model.finbest.fact_client_balance"
08:32:01  On model.finbest.fact_client_balance: /* {"app": "dbt", "dbt_version": "1.5.11", "profile_name": "finbest", "target_name": "dev", "node_id": "model.finbest.fact_client_balance"} */
drop table if exists "finbest"."mart"."fact_client_balance__dbt_backup" cascade
08:32:01  SQL status: DROP TABLE in 0.0 seconds
08:32:01  Timing info for model.finbest.fact_client_balance (execute): 08:32:01.418495 => 08:32:01.453358
08:32:01  On model.finbest.fact_client_balance: Close
08:32:01  Sending event: {'category': 'dbt', 'action': 'run_model', 'label': 'f299ebcb-2a8e-4d1b-91c5-39f3559f85c0', 'context': [<snowplow_tracker.self_describing_json.SelfDescribingJson object at 0x74b1f892fa90>]}
08:32:01  5 of 5 OK created sql table model mart.fact_client_balance ..................... [SELECT 669 in 0.04s]
08:32:01  Finished running node model.finbest.fact_client_balance
08:32:01  Using postgres connection "master"
08:32:01  On master: BEGIN
08:32:01  Opening a new connection, currently in state closed
08:32:01  SQL status: BEGIN in 0.0 seconds
08:32:01  On master: COMMIT
08:32:01  Using postgres connection "master"
08:32:01  On master: COMMIT
08:32:01  SQL status: COMMIT in 0.0 seconds
08:32:01  On master: Close
08:32:01  Connection 'master' was properly closed.
08:32:01  Connection 'model.finbest.fact_client_balance' was properly closed.
08:32:01  Connection 'model.finbest.stg_clients' was properly closed.
08:32:01  Connection 'model.finbest.stg_transactions' was properly closed.
08:32:01  Connection 'model.finbest.int_daily_transactions' was properly closed.
08:32:01  
08:32:01  Finished running 5 table models in 0 hours 0 minutes and 0.49 seconds (0.49s).
08:32:01  Command end result
08:32:01  
08:32:01  Completed successfully
08:32:01  
08:32:01  Done. PASS=5 WARN=0 ERROR=0 SKIP=0 TOTAL=5
08:32:01  Command `dbt run` succeeded at 08:32:01.550361 after 0.63 seconds
08:32:01  Sending event: {'category': 'dbt', 'action': 'invocation', 'label': 'end', 'context': [<snowplow_tracker.self_describing_json.SelfDescribingJson object at 0x74b1fc395cd0>, <snowplow_tracker.self_describing_json.SelfDescribingJson object at 0x74b1fffbf5d0>, <snowplow_tracker.self_describing_json.SelfDescribingJson object at 0x74b1f891b210>]}
08:32:01  Flushing usage events
[2025-04-27T08:32:07.958+0000] {logging_mixin.py:150} INFO - STDERR:
[2025-04-27T08:32:07.959+0000] {python.py:183} INFO - Done. Returned value was: 0
[2025-04-27T08:32:07.981+0000] {taskinstance.py:1350} INFO - Marking task as SUCCESS. dag_id=transform, task_id=dbt_run, execution_date=20250427T083156, start_date=20250427T083158, end_date=20250427T083207
[2025-04-27T08:32:07.996+0000] {local_task_job_runner.py:225} INFO - Task exited with return code 0
[2025-04-27T08:32:08.070+0000] {taskinstance.py:2653} INFO - 1 downstream tasks scheduled from follow-on schedule check
