[2025-04-29T14:49:07.042+0000] {taskinstance.py:1103} INFO - Dependencies all met for dep_context=non-requeueable deps ti=<TaskInstance: transform.detect_suspicious manual__2025-04-29T14:48:57.157040+00:00 [queued]>
[2025-04-29T14:49:07.048+0000] {taskinstance.py:1103} INFO - Dependencies all met for dep_context=requeueable deps ti=<TaskInstance: transform.detect_suspicious manual__2025-04-29T14:48:57.157040+00:00 [queued]>
[2025-04-29T14:49:07.049+0000] {taskinstance.py:1308} INFO - Starting attempt 1 of 2
[2025-04-29T14:49:07.059+0000] {taskinstance.py:1327} INFO - Executing <Task(SparkSubmitOperator): detect_suspicious> on 2025-04-29 14:48:57.157040+00:00
[2025-04-29T14:49:07.063+0000] {standard_task_runner.py:57} INFO - Started process 6873 to run task
[2025-04-29T14:49:07.064+0000] {standard_task_runner.py:84} INFO - Running: ['airflow', 'tasks', 'run', 'transform', 'detect_suspicious', 'manual__2025-04-29T14:48:57.157040+00:00', '--job-id', '32', '--raw', '--subdir', 'DAGS_FOLDER/transform.py', '--cfg-path', '/tmp/tmpwss16nw2']
[2025-04-29T14:49:07.065+0000] {standard_task_runner.py:85} INFO - Job 32: Subtask detect_suspicious
[2025-04-29T14:49:07.100+0000] {task_command.py:410} INFO - Running <TaskInstance: transform.detect_suspicious manual__2025-04-29T14:48:57.157040+00:00 [running]> on host bd05f2cbfffd
[2025-04-29T14:49:07.240+0000] {taskinstance.py:1547} INFO - Exporting env vars: AIRFLOW_CTX_DAG_OWNER='finbest' AIRFLOW_CTX_DAG_ID='transform' AIRFLOW_CTX_TASK_ID='detect_suspicious' AIRFLOW_CTX_EXECUTION_DATE='2025-04-29T14:48:57.157040+00:00' AIRFLOW_CTX_TRY_NUMBER='1' AIRFLOW_CTX_DAG_RUN_ID='manual__2025-04-29T14:48:57.157040+00:00'
[2025-04-29T14:49:07.248+0000] {base.py:73} INFO - Using connection ID 'spark_default' for task execution.
[2025-04-29T14:49:07.249+0000] {spark_submit.py:339} INFO - Spark-Submit cmd: spark-submit --master spark://spark-master:7077 --packages org.postgresql:postgresql:42.6.0,ru.yandex.clickhouse:clickhouse-jdbc:0.3.2 --executor-cores 1 --executor-memory 1g --driver-memory 1g --name arrow-spark /opt/airflow/spark/detect_suspicious.py --jdbc jdbc:postgresql://postgres:5432/finbest --clickhouse-url jdbc:clickhouse://clickhouse:8123/finbest
[2025-04-29T14:49:08.402+0000] {spark_submit.py:490} INFO - :: loading settings :: url = jar:file:/opt/spark/jars/ivy-2.5.0.jar!/org/apache/ivy/core/settings/ivysettings.xml
[2025-04-29T14:49:08.473+0000] {spark_submit.py:490} INFO - Ivy Default Cache set to: /home/airflow/.ivy2/cache
[2025-04-29T14:49:08.474+0000] {spark_submit.py:490} INFO - The jars for the packages stored in: /home/airflow/.ivy2/jars
[2025-04-29T14:49:08.478+0000] {spark_submit.py:490} INFO - org.postgresql#postgresql added as a dependency
[2025-04-29T14:49:08.478+0000] {spark_submit.py:490} INFO - ru.yandex.clickhouse#clickhouse-jdbc added as a dependency
[2025-04-29T14:49:08.479+0000] {spark_submit.py:490} INFO - :: resolving dependencies :: org.apache.spark#spark-submit-parent-84050c86-5620-446c-aca9-47148d23a5b0;1.0
[2025-04-29T14:49:08.479+0000] {spark_submit.py:490} INFO - confs: [default]
[2025-04-29T14:49:08.546+0000] {spark_submit.py:490} INFO - found org.postgresql#postgresql;42.6.0 in central
[2025-04-29T14:49:08.560+0000] {spark_submit.py:490} INFO - found org.checkerframework#checker-qual;3.31.0 in central
[2025-04-29T14:49:08.574+0000] {spark_submit.py:490} INFO - found ru.yandex.clickhouse#clickhouse-jdbc;0.3.2 in central
[2025-04-29T14:49:08.590+0000] {spark_submit.py:490} INFO - found com.clickhouse#clickhouse-http-client;0.3.2 in central
[2025-04-29T14:49:08.606+0000] {spark_submit.py:490} INFO - found com.clickhouse#clickhouse-client;0.3.2 in central
[2025-04-29T14:49:08.619+0000] {spark_submit.py:490} INFO - found org.lz4#lz4-java;1.8.0 in central
[2025-04-29T14:49:08.634+0000] {spark_submit.py:490} INFO - found com.google.code.gson#gson;2.8.8 in central
[2025-04-29T14:49:08.648+0000] {spark_submit.py:490} INFO - found org.apache.httpcomponents#httpclient;4.5.13 in central
[2025-04-29T14:49:08.661+0000] {spark_submit.py:490} INFO - found org.apache.httpcomponents#httpcore;4.4.13 in central
[2025-04-29T14:49:08.675+0000] {spark_submit.py:490} INFO - found commons-logging#commons-logging;1.2 in central
[2025-04-29T14:49:08.688+0000] {spark_submit.py:490} INFO - found commons-codec#commons-codec;1.11 in central
[2025-04-29T14:49:08.701+0000] {spark_submit.py:490} INFO - found org.apache.httpcomponents#httpmime;4.5.13 in central
[2025-04-29T14:49:08.721+0000] {spark_submit.py:490} INFO - :: resolution report :: resolve 232ms :: artifacts dl 10ms
[2025-04-29T14:49:08.721+0000] {spark_submit.py:490} INFO - :: modules in use:
[2025-04-29T14:49:08.721+0000] {spark_submit.py:490} INFO - com.clickhouse#clickhouse-client;0.3.2 from central in [default]
[2025-04-29T14:49:08.722+0000] {spark_submit.py:490} INFO - com.clickhouse#clickhouse-http-client;0.3.2 from central in [default]
[2025-04-29T14:49:08.722+0000] {spark_submit.py:490} INFO - com.google.code.gson#gson;2.8.8 from central in [default]
[2025-04-29T14:49:08.722+0000] {spark_submit.py:490} INFO - commons-codec#commons-codec;1.11 from central in [default]
[2025-04-29T14:49:08.722+0000] {spark_submit.py:490} INFO - commons-logging#commons-logging;1.2 from central in [default]
[2025-04-29T14:49:08.722+0000] {spark_submit.py:490} INFO - org.apache.httpcomponents#httpclient;4.5.13 from central in [default]
[2025-04-29T14:49:08.722+0000] {spark_submit.py:490} INFO - org.apache.httpcomponents#httpcore;4.4.13 from central in [default]
[2025-04-29T14:49:08.722+0000] {spark_submit.py:490} INFO - org.apache.httpcomponents#httpmime;4.5.13 from central in [default]
[2025-04-29T14:49:08.722+0000] {spark_submit.py:490} INFO - org.checkerframework#checker-qual;3.31.0 from central in [default]
[2025-04-29T14:49:08.722+0000] {spark_submit.py:490} INFO - org.lz4#lz4-java;1.8.0 from central in [default]
[2025-04-29T14:49:08.722+0000] {spark_submit.py:490} INFO - org.postgresql#postgresql;42.6.0 from central in [default]
[2025-04-29T14:49:08.722+0000] {spark_submit.py:490} INFO - ru.yandex.clickhouse#clickhouse-jdbc;0.3.2 from central in [default]
[2025-04-29T14:49:08.723+0000] {spark_submit.py:490} INFO - ---------------------------------------------------------------------
[2025-04-29T14:49:08.723+0000] {spark_submit.py:490} INFO - |                  |            modules            ||   artifacts   |
[2025-04-29T14:49:08.723+0000] {spark_submit.py:490} INFO - |       conf       | number| search|dwnlded|evicted|| number|dwnlded|
[2025-04-29T14:49:08.723+0000] {spark_submit.py:490} INFO - ---------------------------------------------------------------------
[2025-04-29T14:49:08.723+0000] {spark_submit.py:490} INFO - |      default     |   12  |   0   |   0   |   0   ||   12  |   0   |
[2025-04-29T14:49:08.723+0000] {spark_submit.py:490} INFO - ---------------------------------------------------------------------
[2025-04-29T14:49:08.727+0000] {spark_submit.py:490} INFO - :: retrieving :: org.apache.spark#spark-submit-parent-84050c86-5620-446c-aca9-47148d23a5b0
[2025-04-29T14:49:08.727+0000] {spark_submit.py:490} INFO - confs: [default]
[2025-04-29T14:49:08.733+0000] {spark_submit.py:490} INFO - 0 artifacts copied, 12 already retrieved (0kB/6ms)
[2025-04-29T14:49:08.869+0000] {spark_submit.py:490} INFO - 25/04/29 14:49:08 WARN NativeCodeLoader: Unable to load native-hadoop library for your platform... using builtin-java classes where applicable
[2025-04-29T14:49:09.587+0000] {spark_submit.py:490} INFO - 25/04/29 14:49:09 INFO SparkContext: Running Spark version 3.3.0
[2025-04-29T14:49:09.605+0000] {spark_submit.py:490} INFO - 25/04/29 14:49:09 INFO ResourceUtils: ==============================================================
[2025-04-29T14:49:09.605+0000] {spark_submit.py:490} INFO - 25/04/29 14:49:09 INFO ResourceUtils: No custom resources configured for spark.driver.
[2025-04-29T14:49:09.605+0000] {spark_submit.py:490} INFO - 25/04/29 14:49:09 INFO ResourceUtils: ==============================================================
[2025-04-29T14:49:09.605+0000] {spark_submit.py:490} INFO - 25/04/29 14:49:09 INFO SparkContext: Submitted application: FinBestDetect
[2025-04-29T14:49:09.624+0000] {spark_submit.py:490} INFO - 25/04/29 14:49:09 INFO ResourceProfile: Default ResourceProfile created, executor resources: Map(cores -> name: cores, amount: 1, script: , vendor: , memory -> name: memory, amount: 1024, script: , vendor: , offHeap -> name: offHeap, amount: 0, script: , vendor: ), task resources: Map(cpus -> name: cpus, amount: 1.0)
[2025-04-29T14:49:09.634+0000] {spark_submit.py:490} INFO - 25/04/29 14:49:09 INFO ResourceProfile: Limiting resource is cpus at 1 tasks per executor
[2025-04-29T14:49:09.636+0000] {spark_submit.py:490} INFO - 25/04/29 14:49:09 INFO ResourceProfileManager: Added ResourceProfile id: 0
[2025-04-29T14:49:09.679+0000] {spark_submit.py:490} INFO - 25/04/29 14:49:09 INFO SecurityManager: Changing view acls to: airflow
[2025-04-29T14:49:09.680+0000] {spark_submit.py:490} INFO - 25/04/29 14:49:09 INFO SecurityManager: Changing modify acls to: airflow
[2025-04-29T14:49:09.680+0000] {spark_submit.py:490} INFO - 25/04/29 14:49:09 INFO SecurityManager: Changing view acls groups to:
[2025-04-29T14:49:09.680+0000] {spark_submit.py:490} INFO - 25/04/29 14:49:09 INFO SecurityManager: Changing modify acls groups to:
[2025-04-29T14:49:09.681+0000] {spark_submit.py:490} INFO - 25/04/29 14:49:09 INFO SecurityManager: SecurityManager: authentication disabled; ui acls disabled; users  with view permissions: Set(airflow); groups with view permissions: Set(); users  with modify permissions: Set(airflow); groups with modify permissions: Set()
[2025-04-29T14:49:09.916+0000] {spark_submit.py:490} INFO - 25/04/29 14:49:09 INFO Utils: Successfully started service 'sparkDriver' on port 34775.
[2025-04-29T14:49:09.937+0000] {spark_submit.py:490} INFO - 25/04/29 14:49:09 INFO SparkEnv: Registering MapOutputTracker
[2025-04-29T14:49:09.967+0000] {spark_submit.py:490} INFO - 25/04/29 14:49:09 INFO SparkEnv: Registering BlockManagerMaster
[2025-04-29T14:49:09.983+0000] {spark_submit.py:490} INFO - 25/04/29 14:49:09 INFO BlockManagerMasterEndpoint: Using org.apache.spark.storage.DefaultTopologyMapper for getting topology information
[2025-04-29T14:49:09.984+0000] {spark_submit.py:490} INFO - 25/04/29 14:49:09 INFO BlockManagerMasterEndpoint: BlockManagerMasterEndpoint up
[2025-04-29T14:49:09.987+0000] {spark_submit.py:490} INFO - 25/04/29 14:49:09 INFO SparkEnv: Registering BlockManagerMasterHeartbeat
[2025-04-29T14:49:10.006+0000] {spark_submit.py:490} INFO - 25/04/29 14:49:10 INFO DiskBlockManager: Created local directory at /tmp/blockmgr-678bb7ac-b3aa-4927-9911-27f660697593
[2025-04-29T14:49:10.021+0000] {spark_submit.py:490} INFO - 25/04/29 14:49:10 INFO MemoryStore: MemoryStore started with capacity 434.4 MiB
[2025-04-29T14:49:10.035+0000] {spark_submit.py:490} INFO - 25/04/29 14:49:10 INFO SparkEnv: Registering OutputCommitCoordinator
[2025-04-29T14:49:10.187+0000] {spark_submit.py:490} INFO - 25/04/29 14:49:10 INFO Utils: Successfully started service 'SparkUI' on port 4040.
[2025-04-29T14:49:10.215+0000] {spark_submit.py:490} INFO - 25/04/29 14:49:10 INFO SparkContext: Added JAR file:///home/airflow/.ivy2/jars/org.postgresql_postgresql-42.6.0.jar at spark://bd05f2cbfffd:34775/jars/org.postgresql_postgresql-42.6.0.jar with timestamp 1745938149577
[2025-04-29T14:49:10.216+0000] {spark_submit.py:490} INFO - 25/04/29 14:49:10 INFO SparkContext: Added JAR file:///home/airflow/.ivy2/jars/ru.yandex.clickhouse_clickhouse-jdbc-0.3.2.jar at spark://bd05f2cbfffd:34775/jars/ru.yandex.clickhouse_clickhouse-jdbc-0.3.2.jar with timestamp 1745938149577
[2025-04-29T14:49:10.216+0000] {spark_submit.py:490} INFO - 25/04/29 14:49:10 INFO SparkContext: Added JAR file:///home/airflow/.ivy2/jars/org.checkerframework_checker-qual-3.31.0.jar at spark://bd05f2cbfffd:34775/jars/org.checkerframework_checker-qual-3.31.0.jar with timestamp 1745938149577
[2025-04-29T14:49:10.216+0000] {spark_submit.py:490} INFO - 25/04/29 14:49:10 INFO SparkContext: Added JAR file:///home/airflow/.ivy2/jars/com.clickhouse_clickhouse-http-client-0.3.2.jar at spark://bd05f2cbfffd:34775/jars/com.clickhouse_clickhouse-http-client-0.3.2.jar with timestamp 1745938149577
[2025-04-29T14:49:10.216+0000] {spark_submit.py:490} INFO - 25/04/29 14:49:10 INFO SparkContext: Added JAR file:///home/airflow/.ivy2/jars/com.google.code.gson_gson-2.8.8.jar at spark://bd05f2cbfffd:34775/jars/com.google.code.gson_gson-2.8.8.jar with timestamp 1745938149577
[2025-04-29T14:49:10.216+0000] {spark_submit.py:490} INFO - 25/04/29 14:49:10 INFO SparkContext: Added JAR file:///home/airflow/.ivy2/jars/org.apache.httpcomponents_httpclient-4.5.13.jar at spark://bd05f2cbfffd:34775/jars/org.apache.httpcomponents_httpclient-4.5.13.jar with timestamp 1745938149577
[2025-04-29T14:49:10.217+0000] {spark_submit.py:490} INFO - 25/04/29 14:49:10 INFO SparkContext: Added JAR file:///home/airflow/.ivy2/jars/org.apache.httpcomponents_httpmime-4.5.13.jar at spark://bd05f2cbfffd:34775/jars/org.apache.httpcomponents_httpmime-4.5.13.jar with timestamp 1745938149577
[2025-04-29T14:49:10.217+0000] {spark_submit.py:490} INFO - 25/04/29 14:49:10 INFO SparkContext: Added JAR file:///home/airflow/.ivy2/jars/org.lz4_lz4-java-1.8.0.jar at spark://bd05f2cbfffd:34775/jars/org.lz4_lz4-java-1.8.0.jar with timestamp 1745938149577
[2025-04-29T14:49:10.217+0000] {spark_submit.py:490} INFO - 25/04/29 14:49:10 INFO SparkContext: Added JAR file:///home/airflow/.ivy2/jars/com.clickhouse_clickhouse-client-0.3.2.jar at spark://bd05f2cbfffd:34775/jars/com.clickhouse_clickhouse-client-0.3.2.jar with timestamp 1745938149577
[2025-04-29T14:49:10.217+0000] {spark_submit.py:490} INFO - 25/04/29 14:49:10 INFO SparkContext: Added JAR file:///home/airflow/.ivy2/jars/org.apache.httpcomponents_httpcore-4.4.13.jar at spark://bd05f2cbfffd:34775/jars/org.apache.httpcomponents_httpcore-4.4.13.jar with timestamp 1745938149577
[2025-04-29T14:49:10.217+0000] {spark_submit.py:490} INFO - 25/04/29 14:49:10 INFO SparkContext: Added JAR file:///home/airflow/.ivy2/jars/commons-logging_commons-logging-1.2.jar at spark://bd05f2cbfffd:34775/jars/commons-logging_commons-logging-1.2.jar with timestamp 1745938149577
[2025-04-29T14:49:10.217+0000] {spark_submit.py:490} INFO - 25/04/29 14:49:10 INFO SparkContext: Added JAR file:///home/airflow/.ivy2/jars/commons-codec_commons-codec-1.11.jar at spark://bd05f2cbfffd:34775/jars/commons-codec_commons-codec-1.11.jar with timestamp 1745938149577
[2025-04-29T14:49:10.219+0000] {spark_submit.py:490} INFO - 25/04/29 14:49:10 INFO SparkContext: Added file file:///home/airflow/.ivy2/jars/org.postgresql_postgresql-42.6.0.jar at spark://bd05f2cbfffd:34775/files/org.postgresql_postgresql-42.6.0.jar with timestamp 1745938149577
[2025-04-29T14:49:10.220+0000] {spark_submit.py:490} INFO - 25/04/29 14:49:10 INFO Utils: Copying /home/airflow/.ivy2/jars/org.postgresql_postgresql-42.6.0.jar to /tmp/spark-fdbf66f4-5998-4207-a97e-03996a8de89a/userFiles-3ab32e40-36d5-4617-acd6-4efd8be3357e/org.postgresql_postgresql-42.6.0.jar
[2025-04-29T14:49:10.227+0000] {spark_submit.py:490} INFO - 25/04/29 14:49:10 INFO SparkContext: Added file file:///home/airflow/.ivy2/jars/ru.yandex.clickhouse_clickhouse-jdbc-0.3.2.jar at spark://bd05f2cbfffd:34775/files/ru.yandex.clickhouse_clickhouse-jdbc-0.3.2.jar with timestamp 1745938149577
[2025-04-29T14:49:10.227+0000] {spark_submit.py:490} INFO - 25/04/29 14:49:10 INFO Utils: Copying /home/airflow/.ivy2/jars/ru.yandex.clickhouse_clickhouse-jdbc-0.3.2.jar to /tmp/spark-fdbf66f4-5998-4207-a97e-03996a8de89a/userFiles-3ab32e40-36d5-4617-acd6-4efd8be3357e/ru.yandex.clickhouse_clickhouse-jdbc-0.3.2.jar
[2025-04-29T14:49:10.230+0000] {spark_submit.py:490} INFO - 25/04/29 14:49:10 INFO SparkContext: Added file file:///home/airflow/.ivy2/jars/org.checkerframework_checker-qual-3.31.0.jar at spark://bd05f2cbfffd:34775/files/org.checkerframework_checker-qual-3.31.0.jar with timestamp 1745938149577
[2025-04-29T14:49:10.230+0000] {spark_submit.py:490} INFO - 25/04/29 14:49:10 INFO Utils: Copying /home/airflow/.ivy2/jars/org.checkerframework_checker-qual-3.31.0.jar to /tmp/spark-fdbf66f4-5998-4207-a97e-03996a8de89a/userFiles-3ab32e40-36d5-4617-acd6-4efd8be3357e/org.checkerframework_checker-qual-3.31.0.jar
[2025-04-29T14:49:10.234+0000] {spark_submit.py:490} INFO - 25/04/29 14:49:10 INFO SparkContext: Added file file:///home/airflow/.ivy2/jars/com.clickhouse_clickhouse-http-client-0.3.2.jar at spark://bd05f2cbfffd:34775/files/com.clickhouse_clickhouse-http-client-0.3.2.jar with timestamp 1745938149577
[2025-04-29T14:49:10.234+0000] {spark_submit.py:490} INFO - 25/04/29 14:49:10 INFO Utils: Copying /home/airflow/.ivy2/jars/com.clickhouse_clickhouse-http-client-0.3.2.jar to /tmp/spark-fdbf66f4-5998-4207-a97e-03996a8de89a/userFiles-3ab32e40-36d5-4617-acd6-4efd8be3357e/com.clickhouse_clickhouse-http-client-0.3.2.jar
[2025-04-29T14:49:10.236+0000] {spark_submit.py:490} INFO - 25/04/29 14:49:10 INFO SparkContext: Added file file:///home/airflow/.ivy2/jars/com.google.code.gson_gson-2.8.8.jar at spark://bd05f2cbfffd:34775/files/com.google.code.gson_gson-2.8.8.jar with timestamp 1745938149577
[2025-04-29T14:49:10.237+0000] {spark_submit.py:490} INFO - 25/04/29 14:49:10 INFO Utils: Copying /home/airflow/.ivy2/jars/com.google.code.gson_gson-2.8.8.jar to /tmp/spark-fdbf66f4-5998-4207-a97e-03996a8de89a/userFiles-3ab32e40-36d5-4617-acd6-4efd8be3357e/com.google.code.gson_gson-2.8.8.jar
[2025-04-29T14:49:10.239+0000] {spark_submit.py:490} INFO - 25/04/29 14:49:10 INFO SparkContext: Added file file:///home/airflow/.ivy2/jars/org.apache.httpcomponents_httpclient-4.5.13.jar at spark://bd05f2cbfffd:34775/files/org.apache.httpcomponents_httpclient-4.5.13.jar with timestamp 1745938149577
[2025-04-29T14:49:10.240+0000] {spark_submit.py:490} INFO - 25/04/29 14:49:10 INFO Utils: Copying /home/airflow/.ivy2/jars/org.apache.httpcomponents_httpclient-4.5.13.jar to /tmp/spark-fdbf66f4-5998-4207-a97e-03996a8de89a/userFiles-3ab32e40-36d5-4617-acd6-4efd8be3357e/org.apache.httpcomponents_httpclient-4.5.13.jar
[2025-04-29T14:49:10.242+0000] {spark_submit.py:490} INFO - 25/04/29 14:49:10 INFO SparkContext: Added file file:///home/airflow/.ivy2/jars/org.apache.httpcomponents_httpmime-4.5.13.jar at spark://bd05f2cbfffd:34775/files/org.apache.httpcomponents_httpmime-4.5.13.jar with timestamp 1745938149577
[2025-04-29T14:49:10.243+0000] {spark_submit.py:490} INFO - 25/04/29 14:49:10 INFO Utils: Copying /home/airflow/.ivy2/jars/org.apache.httpcomponents_httpmime-4.5.13.jar to /tmp/spark-fdbf66f4-5998-4207-a97e-03996a8de89a/userFiles-3ab32e40-36d5-4617-acd6-4efd8be3357e/org.apache.httpcomponents_httpmime-4.5.13.jar
[2025-04-29T14:49:10.245+0000] {spark_submit.py:490} INFO - 25/04/29 14:49:10 INFO SparkContext: Added file file:///home/airflow/.ivy2/jars/org.lz4_lz4-java-1.8.0.jar at spark://bd05f2cbfffd:34775/files/org.lz4_lz4-java-1.8.0.jar with timestamp 1745938149577
[2025-04-29T14:49:10.246+0000] {spark_submit.py:490} INFO - 25/04/29 14:49:10 INFO Utils: Copying /home/airflow/.ivy2/jars/org.lz4_lz4-java-1.8.0.jar to /tmp/spark-fdbf66f4-5998-4207-a97e-03996a8de89a/userFiles-3ab32e40-36d5-4617-acd6-4efd8be3357e/org.lz4_lz4-java-1.8.0.jar
[2025-04-29T14:49:10.249+0000] {spark_submit.py:490} INFO - 25/04/29 14:49:10 INFO SparkContext: Added file file:///home/airflow/.ivy2/jars/com.clickhouse_clickhouse-client-0.3.2.jar at spark://bd05f2cbfffd:34775/files/com.clickhouse_clickhouse-client-0.3.2.jar with timestamp 1745938149577
[2025-04-29T14:49:10.250+0000] {spark_submit.py:490} INFO - 25/04/29 14:49:10 INFO Utils: Copying /home/airflow/.ivy2/jars/com.clickhouse_clickhouse-client-0.3.2.jar to /tmp/spark-fdbf66f4-5998-4207-a97e-03996a8de89a/userFiles-3ab32e40-36d5-4617-acd6-4efd8be3357e/com.clickhouse_clickhouse-client-0.3.2.jar
[2025-04-29T14:49:10.253+0000] {spark_submit.py:490} INFO - 25/04/29 14:49:10 INFO SparkContext: Added file file:///home/airflow/.ivy2/jars/org.apache.httpcomponents_httpcore-4.4.13.jar at spark://bd05f2cbfffd:34775/files/org.apache.httpcomponents_httpcore-4.4.13.jar with timestamp 1745938149577
[2025-04-29T14:49:10.253+0000] {spark_submit.py:490} INFO - 25/04/29 14:49:10 INFO Utils: Copying /home/airflow/.ivy2/jars/org.apache.httpcomponents_httpcore-4.4.13.jar to /tmp/spark-fdbf66f4-5998-4207-a97e-03996a8de89a/userFiles-3ab32e40-36d5-4617-acd6-4efd8be3357e/org.apache.httpcomponents_httpcore-4.4.13.jar
[2025-04-29T14:49:10.256+0000] {spark_submit.py:490} INFO - 25/04/29 14:49:10 INFO SparkContext: Added file file:///home/airflow/.ivy2/jars/commons-logging_commons-logging-1.2.jar at spark://bd05f2cbfffd:34775/files/commons-logging_commons-logging-1.2.jar with timestamp 1745938149577
[2025-04-29T14:49:10.256+0000] {spark_submit.py:490} INFO - 25/04/29 14:49:10 INFO Utils: Copying /home/airflow/.ivy2/jars/commons-logging_commons-logging-1.2.jar to /tmp/spark-fdbf66f4-5998-4207-a97e-03996a8de89a/userFiles-3ab32e40-36d5-4617-acd6-4efd8be3357e/commons-logging_commons-logging-1.2.jar
[2025-04-29T14:49:10.259+0000] {spark_submit.py:490} INFO - 25/04/29 14:49:10 INFO SparkContext: Added file file:///home/airflow/.ivy2/jars/commons-codec_commons-codec-1.11.jar at spark://bd05f2cbfffd:34775/files/commons-codec_commons-codec-1.11.jar with timestamp 1745938149577
[2025-04-29T14:49:10.259+0000] {spark_submit.py:490} INFO - 25/04/29 14:49:10 INFO Utils: Copying /home/airflow/.ivy2/jars/commons-codec_commons-codec-1.11.jar to /tmp/spark-fdbf66f4-5998-4207-a97e-03996a8de89a/userFiles-3ab32e40-36d5-4617-acd6-4efd8be3357e/commons-codec_commons-codec-1.11.jar
[2025-04-29T14:49:10.336+0000] {spark_submit.py:490} INFO - 25/04/29 14:49:10 INFO StandaloneAppClient$ClientEndpoint: Connecting to master spark://spark-master:7077...
[2025-04-29T14:49:10.370+0000] {spark_submit.py:490} INFO - 25/04/29 14:49:10 INFO TransportClientFactory: Successfully created connection to spark-master/172.18.0.3:7077 after 20 ms (0 ms spent in bootstraps)
[2025-04-29T14:49:10.438+0000] {spark_submit.py:490} INFO - 25/04/29 14:49:10 INFO StandaloneSchedulerBackend: Connected to Spark cluster with app ID app-20250429144910-0002
[2025-04-29T14:49:10.440+0000] {spark_submit.py:490} INFO - 25/04/29 14:49:10 INFO StandaloneAppClient$ClientEndpoint: Executor added: app-20250429144910-0002/0 on worker-20250429121840-172.18.0.5-45227 (172.18.0.5:45227) with 1 core(s)
[2025-04-29T14:49:10.441+0000] {spark_submit.py:490} INFO - 25/04/29 14:49:10 INFO StandaloneSchedulerBackend: Granted executor ID app-20250429144910-0002/0 on hostPort 172.18.0.5:45227 with 1 core(s), 1024.0 MiB RAM
[2025-04-29T14:49:10.444+0000] {spark_submit.py:490} INFO - 25/04/29 14:49:10 INFO Utils: Successfully started service 'org.apache.spark.network.netty.NettyBlockTransferService' on port 40957.
[2025-04-29T14:49:10.444+0000] {spark_submit.py:490} INFO - 25/04/29 14:49:10 INFO NettyBlockTransferService: Server created on bd05f2cbfffd:40957
[2025-04-29T14:49:10.446+0000] {spark_submit.py:490} INFO - 25/04/29 14:49:10 INFO BlockManager: Using org.apache.spark.storage.RandomBlockReplicationPolicy for block replication policy
[2025-04-29T14:49:10.453+0000] {spark_submit.py:490} INFO - 25/04/29 14:49:10 INFO BlockManagerMaster: Registering BlockManager BlockManagerId(driver, bd05f2cbfffd, 40957, None)
[2025-04-29T14:49:10.456+0000] {spark_submit.py:490} INFO - 25/04/29 14:49:10 INFO BlockManagerMasterEndpoint: Registering block manager bd05f2cbfffd:40957 with 434.4 MiB RAM, BlockManagerId(driver, bd05f2cbfffd, 40957, None)
[2025-04-29T14:49:10.458+0000] {spark_submit.py:490} INFO - 25/04/29 14:49:10 INFO BlockManagerMaster: Registered BlockManager BlockManagerId(driver, bd05f2cbfffd, 40957, None)
[2025-04-29T14:49:10.459+0000] {spark_submit.py:490} INFO - 25/04/29 14:49:10 INFO BlockManager: Initialized BlockManager: BlockManagerId(driver, bd05f2cbfffd, 40957, None)
[2025-04-29T14:49:10.477+0000] {spark_submit.py:490} INFO - 25/04/29 14:49:10 INFO StandaloneAppClient$ClientEndpoint: Executor updated: app-20250429144910-0002/0 is now RUNNING
[2025-04-29T14:49:10.625+0000] {spark_submit.py:490} INFO - 25/04/29 14:49:10 INFO StandaloneSchedulerBackend: SchedulerBackend is ready for scheduling beginning after reached minRegisteredResourcesRatio: 0.0
[2025-04-29T14:49:10.775+0000] {spark_submit.py:490} INFO - INFO:__main__:SparkSession создан
[2025-04-29T14:49:10.782+0000] {spark_submit.py:490} INFO - 25/04/29 14:49:10 INFO SharedState: Setting hive.metastore.warehouse.dir ('null') to the value of spark.sql.warehouse.dir.
[2025-04-29T14:49:10.784+0000] {spark_submit.py:490} INFO - 25/04/29 14:49:10 INFO SharedState: Warehouse path is 'file:/opt/airflow/spark-warehouse'.
[2025-04-29T14:49:12.825+0000] {spark_submit.py:490} INFO - 25/04/29 14:49:12 INFO CoarseGrainedSchedulerBackend$DriverEndpoint: Registered executor NettyRpcEndpointRef(spark-client://Executor) (172.18.0.5:37584) with ID 0,  ResourceProfileId 0
[2025-04-29T14:49:12.904+0000] {spark_submit.py:490} INFO - 25/04/29 14:49:12 INFO BlockManagerMasterEndpoint: Registering block manager 172.18.0.5:39413 with 366.3 MiB RAM, BlockManagerId(0, 172.18.0.5, 39413, None)
[2025-04-29T14:49:14.022+0000] {spark_submit.py:490} INFO - 25/04/29 14:49:14 INFO CodeGenerator: Code generated in 77.850478 ms
[2025-04-29T14:49:14.071+0000] {spark_submit.py:490} INFO - 25/04/29 14:49:14 INFO DAGScheduler: Registering RDD 2 (count at NativeMethodAccessorImpl.java:0) as input to shuffle 0
[2025-04-29T14:49:14.075+0000] {spark_submit.py:490} INFO - 25/04/29 14:49:14 INFO DAGScheduler: Got map stage job 0 (count at NativeMethodAccessorImpl.java:0) with 1 output partitions
[2025-04-29T14:49:14.076+0000] {spark_submit.py:490} INFO - 25/04/29 14:49:14 INFO DAGScheduler: Final stage: ShuffleMapStage 0 (count at NativeMethodAccessorImpl.java:0)
[2025-04-29T14:49:14.076+0000] {spark_submit.py:490} INFO - 25/04/29 14:49:14 INFO DAGScheduler: Parents of final stage: List()
[2025-04-29T14:49:14.077+0000] {spark_submit.py:490} INFO - 25/04/29 14:49:14 INFO DAGScheduler: Missing parents: List()
[2025-04-29T14:49:14.080+0000] {spark_submit.py:490} INFO - 25/04/29 14:49:14 INFO DAGScheduler: Submitting ShuffleMapStage 0 (MapPartitionsRDD[2] at count at NativeMethodAccessorImpl.java:0), which has no missing parents
[2025-04-29T14:49:14.176+0000] {spark_submit.py:490} INFO - 25/04/29 14:49:14 INFO MemoryStore: Block broadcast_0 stored as values in memory (estimated size 13.3 KiB, free 434.4 MiB)
[2025-04-29T14:49:14.202+0000] {spark_submit.py:490} INFO - 25/04/29 14:49:14 INFO MemoryStore: Block broadcast_0_piece0 stored as bytes in memory (estimated size 7.0 KiB, free 434.4 MiB)
[2025-04-29T14:49:14.205+0000] {spark_submit.py:490} INFO - 25/04/29 14:49:14 INFO BlockManagerInfo: Added broadcast_0_piece0 in memory on bd05f2cbfffd:40957 (size: 7.0 KiB, free: 434.4 MiB)
[2025-04-29T14:49:14.208+0000] {spark_submit.py:490} INFO - 25/04/29 14:49:14 INFO SparkContext: Created broadcast 0 from broadcast at DAGScheduler.scala:1513
[2025-04-29T14:49:14.222+0000] {spark_submit.py:490} INFO - 25/04/29 14:49:14 INFO DAGScheduler: Submitting 1 missing tasks from ShuffleMapStage 0 (MapPartitionsRDD[2] at count at NativeMethodAccessorImpl.java:0) (first 15 tasks are for partitions Vector(0))
[2025-04-29T14:49:14.223+0000] {spark_submit.py:490} INFO - 25/04/29 14:49:14 INFO TaskSchedulerImpl: Adding task set 0.0 with 1 tasks resource profile 0
[2025-04-29T14:49:14.248+0000] {spark_submit.py:490} INFO - 25/04/29 14:49:14 INFO TaskSetManager: Starting task 0.0 in stage 0.0 (TID 0) (172.18.0.5, executor 0, partition 0, PROCESS_LOCAL, 4292 bytes) taskResourceAssignments Map()
[2025-04-29T14:49:14.418+0000] {spark_submit.py:490} INFO - 25/04/29 14:49:14 INFO BlockManagerInfo: Added broadcast_0_piece0 in memory on 172.18.0.5:39413 (size: 7.0 KiB, free: 366.3 MiB)
[2025-04-29T14:49:15.200+0000] {spark_submit.py:490} INFO - 25/04/29 14:49:15 INFO TaskSetManager: Finished task 0.0 in stage 0.0 (TID 0) in 959 ms on 172.18.0.5 (executor 0) (1/1)
[2025-04-29T14:49:15.202+0000] {spark_submit.py:490} INFO - 25/04/29 14:49:15 INFO TaskSchedulerImpl: Removed TaskSet 0.0, whose tasks have all completed, from pool
[2025-04-29T14:49:15.207+0000] {spark_submit.py:490} INFO - 25/04/29 14:49:15 INFO DAGScheduler: ShuffleMapStage 0 (count at NativeMethodAccessorImpl.java:0) finished in 1.117 s
[2025-04-29T14:49:15.208+0000] {spark_submit.py:490} INFO - 25/04/29 14:49:15 INFO DAGScheduler: looking for newly runnable stages
[2025-04-29T14:49:15.208+0000] {spark_submit.py:490} INFO - 25/04/29 14:49:15 INFO DAGScheduler: running: Set()
[2025-04-29T14:49:15.208+0000] {spark_submit.py:490} INFO - 25/04/29 14:49:15 INFO DAGScheduler: waiting: Set()
[2025-04-29T14:49:15.208+0000] {spark_submit.py:490} INFO - 25/04/29 14:49:15 INFO DAGScheduler: failed: Set()
[2025-04-29T14:49:15.237+0000] {spark_submit.py:490} INFO - 25/04/29 14:49:15 INFO CodeGenerator: Code generated in 7.909513 ms
[2025-04-29T14:49:15.273+0000] {spark_submit.py:490} INFO - 25/04/29 14:49:15 INFO SparkContext: Starting job: count at NativeMethodAccessorImpl.java:0
[2025-04-29T14:49:15.276+0000] {spark_submit.py:490} INFO - 25/04/29 14:49:15 INFO DAGScheduler: Got job 1 (count at NativeMethodAccessorImpl.java:0) with 1 output partitions
[2025-04-29T14:49:15.276+0000] {spark_submit.py:490} INFO - 25/04/29 14:49:15 INFO DAGScheduler: Final stage: ResultStage 2 (count at NativeMethodAccessorImpl.java:0)
[2025-04-29T14:49:15.278+0000] {spark_submit.py:490} INFO - 25/04/29 14:49:15 INFO DAGScheduler: Parents of final stage: List(ShuffleMapStage 1)
[2025-04-29T14:49:15.278+0000] {spark_submit.py:490} INFO - 25/04/29 14:49:15 INFO DAGScheduler: Missing parents: List()
[2025-04-29T14:49:15.279+0000] {spark_submit.py:490} INFO - 25/04/29 14:49:15 INFO DAGScheduler: Submitting ResultStage 2 (MapPartitionsRDD[5] at count at NativeMethodAccessorImpl.java:0), which has no missing parents
[2025-04-29T14:49:15.283+0000] {spark_submit.py:490} INFO - 25/04/29 14:49:15 INFO BlockManagerInfo: Removed broadcast_0_piece0 on bd05f2cbfffd:40957 in memory (size: 7.0 KiB, free: 434.4 MiB)
[2025-04-29T14:49:15.290+0000] {spark_submit.py:490} INFO - 25/04/29 14:49:15 INFO BlockManagerInfo: Removed broadcast_0_piece0 on 172.18.0.5:39413 in memory (size: 7.0 KiB, free: 366.3 MiB)
[2025-04-29T14:49:15.291+0000] {spark_submit.py:490} INFO - 25/04/29 14:49:15 INFO MemoryStore: Block broadcast_1 stored as values in memory (estimated size 11.1 KiB, free 434.4 MiB)
[2025-04-29T14:49:15.292+0000] {spark_submit.py:490} INFO - 25/04/29 14:49:15 INFO MemoryStore: Block broadcast_1_piece0 stored as bytes in memory (estimated size 5.5 KiB, free 434.4 MiB)
[2025-04-29T14:49:15.293+0000] {spark_submit.py:490} INFO - 25/04/29 14:49:15 INFO BlockManagerInfo: Added broadcast_1_piece0 in memory on bd05f2cbfffd:40957 (size: 5.5 KiB, free: 434.4 MiB)
[2025-04-29T14:49:15.295+0000] {spark_submit.py:490} INFO - 25/04/29 14:49:15 INFO SparkContext: Created broadcast 1 from broadcast at DAGScheduler.scala:1513
[2025-04-29T14:49:15.296+0000] {spark_submit.py:490} INFO - 25/04/29 14:49:15 INFO DAGScheduler: Submitting 1 missing tasks from ResultStage 2 (MapPartitionsRDD[5] at count at NativeMethodAccessorImpl.java:0) (first 15 tasks are for partitions Vector(0))
[2025-04-29T14:49:15.297+0000] {spark_submit.py:490} INFO - 25/04/29 14:49:15 INFO TaskSchedulerImpl: Adding task set 2.0 with 1 tasks resource profile 0
[2025-04-29T14:49:15.303+0000] {spark_submit.py:490} INFO - 25/04/29 14:49:15 INFO TaskSetManager: Starting task 0.0 in stage 2.0 (TID 1) (172.18.0.5, executor 0, partition 0, NODE_LOCAL, 4457 bytes) taskResourceAssignments Map()
[2025-04-29T14:49:15.324+0000] {spark_submit.py:490} INFO - 25/04/29 14:49:15 INFO BlockManagerInfo: Added broadcast_1_piece0 in memory on 172.18.0.5:39413 (size: 5.5 KiB, free: 366.3 MiB)
[2025-04-29T14:49:15.434+0000] {spark_submit.py:490} INFO - 25/04/29 14:49:15 INFO MapOutputTrackerMasterEndpoint: Asked to send map output locations for shuffle 0 to 172.18.0.5:37584
[2025-04-29T14:49:15.636+0000] {spark_submit.py:490} INFO - 25/04/29 14:49:15 INFO TaskSetManager: Finished task 0.0 in stage 2.0 (TID 1) in 335 ms on 172.18.0.5 (executor 0) (1/1)
[2025-04-29T14:49:15.636+0000] {spark_submit.py:490} INFO - 25/04/29 14:49:15 INFO TaskSchedulerImpl: Removed TaskSet 2.0, whose tasks have all completed, from pool
[2025-04-29T14:49:15.637+0000] {spark_submit.py:490} INFO - 25/04/29 14:49:15 INFO DAGScheduler: ResultStage 2 (count at NativeMethodAccessorImpl.java:0) finished in 0.349 s
[2025-04-29T14:49:15.638+0000] {spark_submit.py:490} INFO - 25/04/29 14:49:15 INFO DAGScheduler: Job 1 is finished. Cancelling potential speculative or zombie tasks for this job
[2025-04-29T14:49:15.638+0000] {spark_submit.py:490} INFO - 25/04/29 14:49:15 INFO TaskSchedulerImpl: Killing all running tasks in stage 2: Stage finished
[2025-04-29T14:49:15.639+0000] {spark_submit.py:490} INFO - 25/04/29 14:49:15 INFO DAGScheduler: Job 1 finished: count at NativeMethodAccessorImpl.java:0, took 0.365882 s
[2025-04-29T14:49:15.646+0000] {spark_submit.py:490} INFO - INFO:__main__:Таблица raw.masked_transactions загружена, записей: 1000
[2025-04-29T14:49:15.799+0000] {spark_submit.py:490} INFO - 25/04/29 14:49:15 INFO DAGScheduler: Registering RDD 8 (count at NativeMethodAccessorImpl.java:0) as input to shuffle 1
[2025-04-29T14:49:15.799+0000] {spark_submit.py:490} INFO - 25/04/29 14:49:15 INFO DAGScheduler: Got map stage job 2 (count at NativeMethodAccessorImpl.java:0) with 1 output partitions
[2025-04-29T14:49:15.799+0000] {spark_submit.py:490} INFO - 25/04/29 14:49:15 INFO DAGScheduler: Final stage: ShuffleMapStage 3 (count at NativeMethodAccessorImpl.java:0)
[2025-04-29T14:49:15.800+0000] {spark_submit.py:490} INFO - 25/04/29 14:49:15 INFO DAGScheduler: Parents of final stage: List()
[2025-04-29T14:49:15.800+0000] {spark_submit.py:490} INFO - 25/04/29 14:49:15 INFO DAGScheduler: Missing parents: List()
[2025-04-29T14:49:15.800+0000] {spark_submit.py:490} INFO - 25/04/29 14:49:15 INFO DAGScheduler: Submitting ShuffleMapStage 3 (MapPartitionsRDD[8] at count at NativeMethodAccessorImpl.java:0), which has no missing parents
[2025-04-29T14:49:15.803+0000] {spark_submit.py:490} INFO - 25/04/29 14:49:15 INFO MemoryStore: Block broadcast_2 stored as values in memory (estimated size 13.4 KiB, free 434.4 MiB)
[2025-04-29T14:49:15.805+0000] {spark_submit.py:490} INFO - 25/04/29 14:49:15 INFO MemoryStore: Block broadcast_2_piece0 stored as bytes in memory (estimated size 7.0 KiB, free 434.4 MiB)
[2025-04-29T14:49:15.806+0000] {spark_submit.py:490} INFO - 25/04/29 14:49:15 INFO BlockManagerInfo: Added broadcast_2_piece0 in memory on bd05f2cbfffd:40957 (size: 7.0 KiB, free: 434.4 MiB)
[2025-04-29T14:49:15.807+0000] {spark_submit.py:490} INFO - 25/04/29 14:49:15 INFO SparkContext: Created broadcast 2 from broadcast at DAGScheduler.scala:1513
[2025-04-29T14:49:15.807+0000] {spark_submit.py:490} INFO - 25/04/29 14:49:15 INFO DAGScheduler: Submitting 1 missing tasks from ShuffleMapStage 3 (MapPartitionsRDD[8] at count at NativeMethodAccessorImpl.java:0) (first 15 tasks are for partitions Vector(0))
[2025-04-29T14:49:15.807+0000] {spark_submit.py:490} INFO - 25/04/29 14:49:15 INFO TaskSchedulerImpl: Adding task set 3.0 with 1 tasks resource profile 0
[2025-04-29T14:49:15.809+0000] {spark_submit.py:490} INFO - 25/04/29 14:49:15 INFO TaskSetManager: Starting task 0.0 in stage 3.0 (TID 2) (172.18.0.5, executor 0, partition 0, PROCESS_LOCAL, 4292 bytes) taskResourceAssignments Map()
[2025-04-29T14:49:15.830+0000] {spark_submit.py:490} INFO - 25/04/29 14:49:15 INFO BlockManagerInfo: Added broadcast_2_piece0 in memory on 172.18.0.5:39413 (size: 7.0 KiB, free: 366.3 MiB)
[2025-04-29T14:49:15.873+0000] {spark_submit.py:490} INFO - 25/04/29 14:49:15 INFO TaskSetManager: Finished task 0.0 in stage 3.0 (TID 2) in 64 ms on 172.18.0.5 (executor 0) (1/1)
[2025-04-29T14:49:15.873+0000] {spark_submit.py:490} INFO - 25/04/29 14:49:15 INFO TaskSchedulerImpl: Removed TaskSet 3.0, whose tasks have all completed, from pool
[2025-04-29T14:49:15.874+0000] {spark_submit.py:490} INFO - 25/04/29 14:49:15 INFO DAGScheduler: ShuffleMapStage 3 (count at NativeMethodAccessorImpl.java:0) finished in 0.073 s
[2025-04-29T14:49:15.875+0000] {spark_submit.py:490} INFO - 25/04/29 14:49:15 INFO DAGScheduler: looking for newly runnable stages
[2025-04-29T14:49:15.875+0000] {spark_submit.py:490} INFO - 25/04/29 14:49:15 INFO DAGScheduler: running: Set()
[2025-04-29T14:49:15.875+0000] {spark_submit.py:490} INFO - 25/04/29 14:49:15 INFO DAGScheduler: waiting: Set()
[2025-04-29T14:49:15.875+0000] {spark_submit.py:490} INFO - 25/04/29 14:49:15 INFO DAGScheduler: failed: Set()
[2025-04-29T14:49:15.907+0000] {spark_submit.py:490} INFO - 25/04/29 14:49:15 INFO SparkContext: Starting job: count at NativeMethodAccessorImpl.java:0
[2025-04-29T14:49:15.909+0000] {spark_submit.py:490} INFO - 25/04/29 14:49:15 INFO DAGScheduler: Got job 3 (count at NativeMethodAccessorImpl.java:0) with 1 output partitions
[2025-04-29T14:49:15.909+0000] {spark_submit.py:490} INFO - 25/04/29 14:49:15 INFO DAGScheduler: Final stage: ResultStage 5 (count at NativeMethodAccessorImpl.java:0)
[2025-04-29T14:49:15.909+0000] {spark_submit.py:490} INFO - 25/04/29 14:49:15 INFO DAGScheduler: Parents of final stage: List(ShuffleMapStage 4)
[2025-04-29T14:49:15.909+0000] {spark_submit.py:490} INFO - 25/04/29 14:49:15 INFO DAGScheduler: Missing parents: List()
[2025-04-29T14:49:15.910+0000] {spark_submit.py:490} INFO - 25/04/29 14:49:15 INFO DAGScheduler: Submitting ResultStage 5 (MapPartitionsRDD[11] at count at NativeMethodAccessorImpl.java:0), which has no missing parents
[2025-04-29T14:49:15.913+0000] {spark_submit.py:490} INFO - 25/04/29 14:49:15 INFO MemoryStore: Block broadcast_3 stored as values in memory (estimated size 11.1 KiB, free 434.4 MiB)
[2025-04-29T14:49:15.917+0000] {spark_submit.py:490} INFO - 25/04/29 14:49:15 INFO MemoryStore: Block broadcast_3_piece0 stored as bytes in memory (estimated size 5.5 KiB, free 434.3 MiB)
[2025-04-29T14:49:15.918+0000] {spark_submit.py:490} INFO - 25/04/29 14:49:15 INFO BlockManagerInfo: Added broadcast_3_piece0 in memory on bd05f2cbfffd:40957 (size: 5.5 KiB, free: 434.4 MiB)
[2025-04-29T14:49:15.919+0000] {spark_submit.py:490} INFO - 25/04/29 14:49:15 INFO SparkContext: Created broadcast 3 from broadcast at DAGScheduler.scala:1513
[2025-04-29T14:49:15.919+0000] {spark_submit.py:490} INFO - 25/04/29 14:49:15 INFO DAGScheduler: Submitting 1 missing tasks from ResultStage 5 (MapPartitionsRDD[11] at count at NativeMethodAccessorImpl.java:0) (first 15 tasks are for partitions Vector(0))
[2025-04-29T14:49:15.920+0000] {spark_submit.py:490} INFO - 25/04/29 14:49:15 INFO TaskSchedulerImpl: Adding task set 5.0 with 1 tasks resource profile 0
[2025-04-29T14:49:15.922+0000] {spark_submit.py:490} INFO - 25/04/29 14:49:15 INFO TaskSetManager: Starting task 0.0 in stage 5.0 (TID 3) (172.18.0.5, executor 0, partition 0, NODE_LOCAL, 4457 bytes) taskResourceAssignments Map()
[2025-04-29T14:49:15.941+0000] {spark_submit.py:490} INFO - 25/04/29 14:49:15 INFO BlockManagerInfo: Added broadcast_3_piece0 in memory on 172.18.0.5:39413 (size: 5.5 KiB, free: 366.3 MiB)
[2025-04-29T14:49:15.949+0000] {spark_submit.py:490} INFO - 25/04/29 14:49:15 INFO MapOutputTrackerMasterEndpoint: Asked to send map output locations for shuffle 1 to 172.18.0.5:37584
[2025-04-29T14:49:15.958+0000] {spark_submit.py:490} INFO - 25/04/29 14:49:15 INFO TaskSetManager: Finished task 0.0 in stage 5.0 (TID 3) in 37 ms on 172.18.0.5 (executor 0) (1/1)
[2025-04-29T14:49:15.959+0000] {spark_submit.py:490} INFO - 25/04/29 14:49:15 INFO TaskSchedulerImpl: Removed TaskSet 5.0, whose tasks have all completed, from pool
[2025-04-29T14:49:15.959+0000] {spark_submit.py:490} INFO - 25/04/29 14:49:15 INFO DAGScheduler: ResultStage 5 (count at NativeMethodAccessorImpl.java:0) finished in 0.048 s
[2025-04-29T14:49:15.959+0000] {spark_submit.py:490} INFO - 25/04/29 14:49:15 INFO DAGScheduler: Job 3 is finished. Cancelling potential speculative or zombie tasks for this job
[2025-04-29T14:49:15.960+0000] {spark_submit.py:490} INFO - 25/04/29 14:49:15 INFO TaskSchedulerImpl: Killing all running tasks in stage 5: Stage finished
[2025-04-29T14:49:15.960+0000] {spark_submit.py:490} INFO - 25/04/29 14:49:15 INFO DAGScheduler: Job 3 finished: count at NativeMethodAccessorImpl.java:0, took 0.052399 s
[2025-04-29T14:49:15.961+0000] {spark_submit.py:490} INFO - INFO:__main__:Правило large_tx отработано, записей: 371
[2025-04-29T14:49:16.209+0000] {spark_submit.py:490} INFO - 25/04/29 14:49:16 INFO CodeGenerator: Code generated in 11.942507 ms
[2025-04-29T14:49:16.212+0000] {spark_submit.py:490} INFO - 25/04/29 14:49:16 INFO DAGScheduler: Registering RDD 14 (count at NativeMethodAccessorImpl.java:0) as input to shuffle 2
[2025-04-29T14:49:16.213+0000] {spark_submit.py:490} INFO - 25/04/29 14:49:16 INFO DAGScheduler: Got map stage job 4 (count at NativeMethodAccessorImpl.java:0) with 1 output partitions
[2025-04-29T14:49:16.213+0000] {spark_submit.py:490} INFO - 25/04/29 14:49:16 INFO DAGScheduler: Final stage: ShuffleMapStage 6 (count at NativeMethodAccessorImpl.java:0)
[2025-04-29T14:49:16.213+0000] {spark_submit.py:490} INFO - 25/04/29 14:49:16 INFO DAGScheduler: Parents of final stage: List()
[2025-04-29T14:49:16.213+0000] {spark_submit.py:490} INFO - 25/04/29 14:49:16 INFO DAGScheduler: Missing parents: List()
[2025-04-29T14:49:16.213+0000] {spark_submit.py:490} INFO - 25/04/29 14:49:16 INFO DAGScheduler: Submitting ShuffleMapStage 6 (MapPartitionsRDD[14] at count at NativeMethodAccessorImpl.java:0), which has no missing parents
[2025-04-29T14:49:16.221+0000] {spark_submit.py:490} INFO - 25/04/29 14:49:16 INFO MemoryStore: Block broadcast_4 stored as values in memory (estimated size 14.0 KiB, free 434.3 MiB)
[2025-04-29T14:49:16.222+0000] {spark_submit.py:490} INFO - 25/04/29 14:49:16 INFO MemoryStore: Block broadcast_4_piece0 stored as bytes in memory (estimated size 7.3 KiB, free 434.3 MiB)
[2025-04-29T14:49:16.223+0000] {spark_submit.py:490} INFO - 25/04/29 14:49:16 INFO BlockManagerInfo: Added broadcast_4_piece0 in memory on bd05f2cbfffd:40957 (size: 7.3 KiB, free: 434.4 MiB)
[2025-04-29T14:49:16.223+0000] {spark_submit.py:490} INFO - 25/04/29 14:49:16 INFO SparkContext: Created broadcast 4 from broadcast at DAGScheduler.scala:1513
[2025-04-29T14:49:16.224+0000] {spark_submit.py:490} INFO - 25/04/29 14:49:16 INFO DAGScheduler: Submitting 1 missing tasks from ShuffleMapStage 6 (MapPartitionsRDD[14] at count at NativeMethodAccessorImpl.java:0) (first 15 tasks are for partitions Vector(0))
[2025-04-29T14:49:16.224+0000] {spark_submit.py:490} INFO - 25/04/29 14:49:16 INFO TaskSchedulerImpl: Adding task set 6.0 with 1 tasks resource profile 0
[2025-04-29T14:49:16.225+0000] {spark_submit.py:490} INFO - 25/04/29 14:49:16 INFO TaskSetManager: Starting task 0.0 in stage 6.0 (TID 4) (172.18.0.5, executor 0, partition 0, PROCESS_LOCAL, 4292 bytes) taskResourceAssignments Map()
[2025-04-29T14:49:16.239+0000] {spark_submit.py:490} INFO - 25/04/29 14:49:16 INFO BlockManagerInfo: Added broadcast_4_piece0 in memory on 172.18.0.5:39413 (size: 7.3 KiB, free: 366.3 MiB)
[2025-04-29T14:49:16.678+0000] {spark_submit.py:490} INFO - 25/04/29 14:49:16 INFO TaskSetManager: Finished task 0.0 in stage 6.0 (TID 4) in 453 ms on 172.18.0.5 (executor 0) (1/1)
[2025-04-29T14:49:16.678+0000] {spark_submit.py:490} INFO - 25/04/29 14:49:16 INFO TaskSchedulerImpl: Removed TaskSet 6.0, whose tasks have all completed, from pool
[2025-04-29T14:49:16.678+0000] {spark_submit.py:490} INFO - 25/04/29 14:49:16 INFO DAGScheduler: ShuffleMapStage 6 (count at NativeMethodAccessorImpl.java:0) finished in 0.464 s
[2025-04-29T14:49:16.679+0000] {spark_submit.py:490} INFO - 25/04/29 14:49:16 INFO DAGScheduler: looking for newly runnable stages
[2025-04-29T14:49:16.679+0000] {spark_submit.py:490} INFO - 25/04/29 14:49:16 INFO DAGScheduler: running: Set()
[2025-04-29T14:49:16.679+0000] {spark_submit.py:490} INFO - 25/04/29 14:49:16 INFO DAGScheduler: waiting: Set()
[2025-04-29T14:49:16.679+0000] {spark_submit.py:490} INFO - 25/04/29 14:49:16 INFO DAGScheduler: failed: Set()
[2025-04-29T14:49:16.695+0000] {spark_submit.py:490} INFO - 25/04/29 14:49:16 INFO ShufflePartitionsUtil: For shuffle(2), advisory target size: 67108864, actual target size 1048576, minimum partition size: 1048576
[2025-04-29T14:49:16.724+0000] {spark_submit.py:490} INFO - 25/04/29 14:49:16 INFO CodeGenerator: Code generated in 8.092331 ms
[2025-04-29T14:49:16.741+0000] {spark_submit.py:490} INFO - 25/04/29 14:49:16 INFO CodeGenerator: Code generated in 11.465602 ms
[2025-04-29T14:49:16.781+0000] {spark_submit.py:490} INFO - 25/04/29 14:49:16 INFO DAGScheduler: Registering RDD 19 (count at NativeMethodAccessorImpl.java:0) as input to shuffle 3
[2025-04-29T14:49:16.781+0000] {spark_submit.py:490} INFO - 25/04/29 14:49:16 INFO DAGScheduler: Got map stage job 5 (count at NativeMethodAccessorImpl.java:0) with 1 output partitions
[2025-04-29T14:49:16.781+0000] {spark_submit.py:490} INFO - 25/04/29 14:49:16 INFO DAGScheduler: Final stage: ShuffleMapStage 8 (count at NativeMethodAccessorImpl.java:0)
[2025-04-29T14:49:16.781+0000] {spark_submit.py:490} INFO - 25/04/29 14:49:16 INFO DAGScheduler: Parents of final stage: List(ShuffleMapStage 7)
[2025-04-29T14:49:16.781+0000] {spark_submit.py:490} INFO - 25/04/29 14:49:16 INFO DAGScheduler: Missing parents: List()
[2025-04-29T14:49:16.782+0000] {spark_submit.py:490} INFO - 25/04/29 14:49:16 INFO DAGScheduler: Submitting ShuffleMapStage 8 (MapPartitionsRDD[19] at count at NativeMethodAccessorImpl.java:0), which has no missing parents
[2025-04-29T14:49:16.791+0000] {spark_submit.py:490} INFO - 25/04/29 14:49:16 INFO MemoryStore: Block broadcast_5 stored as values in memory (estimated size 34.6 KiB, free 434.3 MiB)
[2025-04-29T14:49:16.792+0000] {spark_submit.py:490} INFO - 25/04/29 14:49:16 INFO MemoryStore: Block broadcast_5_piece0 stored as bytes in memory (estimated size 16.6 KiB, free 434.3 MiB)
[2025-04-29T14:49:16.792+0000] {spark_submit.py:490} INFO - 25/04/29 14:49:16 INFO BlockManagerInfo: Added broadcast_5_piece0 in memory on bd05f2cbfffd:40957 (size: 16.6 KiB, free: 434.4 MiB)
[2025-04-29T14:49:16.793+0000] {spark_submit.py:490} INFO - 25/04/29 14:49:16 INFO SparkContext: Created broadcast 5 from broadcast at DAGScheduler.scala:1513
[2025-04-29T14:49:16.793+0000] {spark_submit.py:490} INFO - 25/04/29 14:49:16 INFO DAGScheduler: Submitting 1 missing tasks from ShuffleMapStage 8 (MapPartitionsRDD[19] at count at NativeMethodAccessorImpl.java:0) (first 15 tasks are for partitions Vector(0))
[2025-04-29T14:49:16.793+0000] {spark_submit.py:490} INFO - 25/04/29 14:49:16 INFO TaskSchedulerImpl: Adding task set 8.0 with 1 tasks resource profile 0
[2025-04-29T14:49:16.795+0000] {spark_submit.py:490} INFO - 25/04/29 14:49:16 INFO TaskSetManager: Starting task 0.0 in stage 8.0 (TID 5) (172.18.0.5, executor 0, partition 0, NODE_LOCAL, 4446 bytes) taskResourceAssignments Map()
[2025-04-29T14:49:16.809+0000] {spark_submit.py:490} INFO - 25/04/29 14:49:16 INFO BlockManagerInfo: Added broadcast_5_piece0 in memory on 172.18.0.5:39413 (size: 16.6 KiB, free: 366.3 MiB)
[2025-04-29T14:49:16.921+0000] {spark_submit.py:490} INFO - 25/04/29 14:49:16 INFO MapOutputTrackerMasterEndpoint: Asked to send map output locations for shuffle 2 to 172.18.0.5:37584
[2025-04-29T14:49:17.224+0000] {spark_submit.py:490} INFO - 25/04/29 14:49:17 INFO TaskSetManager: Finished task 0.0 in stage 8.0 (TID 5) in 430 ms on 172.18.0.5 (executor 0) (1/1)
[2025-04-29T14:49:17.225+0000] {spark_submit.py:490} INFO - 25/04/29 14:49:17 INFO TaskSchedulerImpl: Removed TaskSet 8.0, whose tasks have all completed, from pool
[2025-04-29T14:49:17.225+0000] {spark_submit.py:490} INFO - 25/04/29 14:49:17 INFO DAGScheduler: ShuffleMapStage 8 (count at NativeMethodAccessorImpl.java:0) finished in 0.437 s
[2025-04-29T14:49:17.225+0000] {spark_submit.py:490} INFO - 25/04/29 14:49:17 INFO DAGScheduler: looking for newly runnable stages
[2025-04-29T14:49:17.226+0000] {spark_submit.py:490} INFO - 25/04/29 14:49:17 INFO DAGScheduler: running: Set()
[2025-04-29T14:49:17.226+0000] {spark_submit.py:490} INFO - 25/04/29 14:49:17 INFO DAGScheduler: waiting: Set()
[2025-04-29T14:49:17.226+0000] {spark_submit.py:490} INFO - 25/04/29 14:49:17 INFO DAGScheduler: failed: Set()
[2025-04-29T14:49:17.241+0000] {spark_submit.py:490} INFO - 25/04/29 14:49:17 INFO CodeGenerator: Code generated in 7.576844 ms
[2025-04-29T14:49:17.249+0000] {spark_submit.py:490} INFO - 25/04/29 14:49:17 INFO SparkContext: Starting job: count at NativeMethodAccessorImpl.java:0
[2025-04-29T14:49:17.252+0000] {spark_submit.py:490} INFO - 25/04/29 14:49:17 INFO DAGScheduler: Got job 6 (count at NativeMethodAccessorImpl.java:0) with 1 output partitions
[2025-04-29T14:49:17.252+0000] {spark_submit.py:490} INFO - 25/04/29 14:49:17 INFO DAGScheduler: Final stage: ResultStage 11 (count at NativeMethodAccessorImpl.java:0)
[2025-04-29T14:49:17.252+0000] {spark_submit.py:490} INFO - 25/04/29 14:49:17 INFO DAGScheduler: Parents of final stage: List(ShuffleMapStage 10)
[2025-04-29T14:49:17.252+0000] {spark_submit.py:490} INFO - 25/04/29 14:49:17 INFO DAGScheduler: Missing parents: List()
[2025-04-29T14:49:17.252+0000] {spark_submit.py:490} INFO - 25/04/29 14:49:17 INFO DAGScheduler: Submitting ResultStage 11 (MapPartitionsRDD[22] at count at NativeMethodAccessorImpl.java:0), which has no missing parents
[2025-04-29T14:49:17.255+0000] {spark_submit.py:490} INFO - 25/04/29 14:49:17 INFO MemoryStore: Block broadcast_6 stored as values in memory (estimated size 11.1 KiB, free 434.3 MiB)
[2025-04-29T14:49:17.256+0000] {spark_submit.py:490} INFO - 25/04/29 14:49:17 INFO MemoryStore: Block broadcast_6_piece0 stored as bytes in memory (estimated size 5.5 KiB, free 434.3 MiB)
[2025-04-29T14:49:17.256+0000] {spark_submit.py:490} INFO - 25/04/29 14:49:17 INFO BlockManagerInfo: Added broadcast_6_piece0 in memory on bd05f2cbfffd:40957 (size: 5.5 KiB, free: 434.4 MiB)
[2025-04-29T14:49:17.257+0000] {spark_submit.py:490} INFO - 25/04/29 14:49:17 INFO SparkContext: Created broadcast 6 from broadcast at DAGScheduler.scala:1513
[2025-04-29T14:49:17.257+0000] {spark_submit.py:490} INFO - 25/04/29 14:49:17 INFO DAGScheduler: Submitting 1 missing tasks from ResultStage 11 (MapPartitionsRDD[22] at count at NativeMethodAccessorImpl.java:0) (first 15 tasks are for partitions Vector(0))
[2025-04-29T14:49:17.257+0000] {spark_submit.py:490} INFO - 25/04/29 14:49:17 INFO TaskSchedulerImpl: Adding task set 11.0 with 1 tasks resource profile 0
[2025-04-29T14:49:17.259+0000] {spark_submit.py:490} INFO - 25/04/29 14:49:17 INFO TaskSetManager: Starting task 0.0 in stage 11.0 (TID 6) (172.18.0.5, executor 0, partition 0, NODE_LOCAL, 4457 bytes) taskResourceAssignments Map()
[2025-04-29T14:49:17.270+0000] {spark_submit.py:490} INFO - 25/04/29 14:49:17 INFO BlockManagerInfo: Added broadcast_6_piece0 in memory on 172.18.0.5:39413 (size: 5.5 KiB, free: 366.3 MiB)
[2025-04-29T14:49:17.274+0000] {spark_submit.py:490} INFO - 25/04/29 14:49:17 INFO MapOutputTrackerMasterEndpoint: Asked to send map output locations for shuffle 3 to 172.18.0.5:37584
[2025-04-29T14:49:17.290+0000] {spark_submit.py:490} INFO - 25/04/29 14:49:17 INFO TaskSetManager: Finished task 0.0 in stage 11.0 (TID 6) in 32 ms on 172.18.0.5 (executor 0) (1/1)
[2025-04-29T14:49:17.291+0000] {spark_submit.py:490} INFO - 25/04/29 14:49:17 INFO TaskSchedulerImpl: Removed TaskSet 11.0, whose tasks have all completed, from pool
[2025-04-29T14:49:17.291+0000] {spark_submit.py:490} INFO - 25/04/29 14:49:17 INFO DAGScheduler: ResultStage 11 (count at NativeMethodAccessorImpl.java:0) finished in 0.038 s
[2025-04-29T14:49:17.292+0000] {spark_submit.py:490} INFO - 25/04/29 14:49:17 INFO DAGScheduler: Job 6 is finished. Cancelling potential speculative or zombie tasks for this job
[2025-04-29T14:49:17.292+0000] {spark_submit.py:490} INFO - 25/04/29 14:49:17 INFO TaskSchedulerImpl: Killing all running tasks in stage 11: Stage finished
[2025-04-29T14:49:17.292+0000] {spark_submit.py:490} INFO - 25/04/29 14:49:17 INFO DAGScheduler: Job 6 finished: count at NativeMethodAccessorImpl.java:0, took 0.042494 s
[2025-04-29T14:49:17.294+0000] {spark_submit.py:490} INFO - INFO:__main__:Правило freq_tx отработано, записей: 4
[2025-04-29T14:49:17.395+0000] {spark_submit.py:490} INFO - 25/04/29 14:49:17 INFO DAGScheduler: Registering RDD 26 (count at NativeMethodAccessorImpl.java:0) as input to shuffle 4
[2025-04-29T14:49:17.395+0000] {spark_submit.py:490} INFO - 25/04/29 14:49:17 INFO DAGScheduler: Got map stage job 7 (count at NativeMethodAccessorImpl.java:0) with 1 output partitions
[2025-04-29T14:49:17.396+0000] {spark_submit.py:490} INFO - 25/04/29 14:49:17 INFO DAGScheduler: Final stage: ShuffleMapStage 12 (count at NativeMethodAccessorImpl.java:0)
[2025-04-29T14:49:17.396+0000] {spark_submit.py:490} INFO - 25/04/29 14:49:17 INFO DAGScheduler: Parents of final stage: List()
[2025-04-29T14:49:17.396+0000] {spark_submit.py:490} INFO - 25/04/29 14:49:17 INFO DAGScheduler: Missing parents: List()
[2025-04-29T14:49:17.396+0000] {spark_submit.py:490} INFO - 25/04/29 14:49:17 INFO DAGScheduler: Submitting ShuffleMapStage 12 (MapPartitionsRDD[26] at count at NativeMethodAccessorImpl.java:0), which has no missing parents
[2025-04-29T14:49:17.398+0000] {spark_submit.py:490} INFO - 25/04/29 14:49:17 INFO MemoryStore: Block broadcast_7 stored as values in memory (estimated size 14.1 KiB, free 434.2 MiB)
[2025-04-29T14:49:17.410+0000] {spark_submit.py:490} INFO - 25/04/29 14:49:17 INFO MemoryStore: Block broadcast_7_piece0 stored as bytes in memory (estimated size 7.3 KiB, free 434.2 MiB)
[2025-04-29T14:49:17.411+0000] {spark_submit.py:490} INFO - 25/04/29 14:49:17 INFO BlockManagerInfo: Added broadcast_7_piece0 in memory on bd05f2cbfffd:40957 (size: 7.3 KiB, free: 434.3 MiB)
[2025-04-29T14:49:17.411+0000] {spark_submit.py:490} INFO - 25/04/29 14:49:17 INFO SparkContext: Created broadcast 7 from broadcast at DAGScheduler.scala:1513
[2025-04-29T14:49:17.412+0000] {spark_submit.py:490} INFO - 25/04/29 14:49:17 INFO DAGScheduler: Submitting 1 missing tasks from ShuffleMapStage 12 (MapPartitionsRDD[26] at count at NativeMethodAccessorImpl.java:0) (first 15 tasks are for partitions Vector(0))
[2025-04-29T14:49:17.412+0000] {spark_submit.py:490} INFO - 25/04/29 14:49:17 INFO TaskSchedulerImpl: Adding task set 12.0 with 1 tasks resource profile 0
[2025-04-29T14:49:17.414+0000] {spark_submit.py:490} INFO - 25/04/29 14:49:17 INFO TaskSetManager: Starting task 0.0 in stage 12.0 (TID 7) (172.18.0.5, executor 0, partition 0, PROCESS_LOCAL, 4292 bytes) taskResourceAssignments Map()
[2025-04-29T14:49:17.418+0000] {spark_submit.py:490} INFO - 25/04/29 14:49:17 INFO BlockManagerInfo: Removed broadcast_2_piece0 on bd05f2cbfffd:40957 in memory (size: 7.0 KiB, free: 434.4 MiB)
[2025-04-29T14:49:17.418+0000] {spark_submit.py:490} INFO - 25/04/29 14:49:17 INFO BlockManagerInfo: Removed broadcast_2_piece0 on 172.18.0.5:39413 in memory (size: 7.0 KiB, free: 366.3 MiB)
[2025-04-29T14:49:17.428+0000] {spark_submit.py:490} INFO - 25/04/29 14:49:17 INFO BlockManagerInfo: Removed broadcast_5_piece0 on bd05f2cbfffd:40957 in memory (size: 16.6 KiB, free: 434.4 MiB)
[2025-04-29T14:49:17.431+0000] {spark_submit.py:490} INFO - 25/04/29 14:49:17 INFO BlockManagerInfo: Added broadcast_7_piece0 in memory on 172.18.0.5:39413 (size: 7.3 KiB, free: 366.3 MiB)
[2025-04-29T14:49:17.441+0000] {spark_submit.py:490} INFO - 25/04/29 14:49:17 INFO BlockManagerInfo: Removed broadcast_5_piece0 on 172.18.0.5:39413 in memory (size: 16.6 KiB, free: 366.3 MiB)
[2025-04-29T14:49:17.455+0000] {spark_submit.py:490} INFO - 25/04/29 14:49:17 INFO BlockManagerInfo: Removed broadcast_6_piece0 on bd05f2cbfffd:40957 in memory (size: 5.5 KiB, free: 434.4 MiB)
[2025-04-29T14:49:17.458+0000] {spark_submit.py:490} INFO - 25/04/29 14:49:17 INFO BlockManagerInfo: Removed broadcast_6_piece0 on 172.18.0.5:39413 in memory (size: 5.5 KiB, free: 366.3 MiB)
[2025-04-29T14:49:17.464+0000] {spark_submit.py:490} INFO - 25/04/29 14:49:17 INFO BlockManagerInfo: Removed broadcast_3_piece0 on bd05f2cbfffd:40957 in memory (size: 5.5 KiB, free: 434.4 MiB)
[2025-04-29T14:49:17.467+0000] {spark_submit.py:490} INFO - 25/04/29 14:49:17 INFO BlockManagerInfo: Removed broadcast_3_piece0 on 172.18.0.5:39413 in memory (size: 5.5 KiB, free: 366.3 MiB)
[2025-04-29T14:49:17.473+0000] {spark_submit.py:490} INFO - 25/04/29 14:49:17 INFO BlockManagerInfo: Removed broadcast_1_piece0 on bd05f2cbfffd:40957 in memory (size: 5.5 KiB, free: 434.4 MiB)
[2025-04-29T14:49:17.477+0000] {spark_submit.py:490} INFO - 25/04/29 14:49:17 INFO BlockManagerInfo: Removed broadcast_1_piece0 on 172.18.0.5:39413 in memory (size: 5.5 KiB, free: 366.3 MiB)
[2025-04-29T14:49:17.485+0000] {spark_submit.py:490} INFO - 25/04/29 14:49:17 INFO BlockManagerInfo: Removed broadcast_4_piece0 on bd05f2cbfffd:40957 in memory (size: 7.3 KiB, free: 434.4 MiB)
[2025-04-29T14:49:17.489+0000] {spark_submit.py:490} INFO - 25/04/29 14:49:17 INFO BlockManagerInfo: Removed broadcast_4_piece0 on 172.18.0.5:39413 in memory (size: 7.3 KiB, free: 366.3 MiB)
[2025-04-29T14:49:17.518+0000] {spark_submit.py:490} INFO - 25/04/29 14:49:17 INFO TaskSetManager: Finished task 0.0 in stage 12.0 (TID 7) in 104 ms on 172.18.0.5 (executor 0) (1/1)
[2025-04-29T14:49:17.519+0000] {spark_submit.py:490} INFO - 25/04/29 14:49:17 INFO TaskSchedulerImpl: Removed TaskSet 12.0, whose tasks have all completed, from pool
[2025-04-29T14:49:17.519+0000] {spark_submit.py:490} INFO - 25/04/29 14:49:17 INFO DAGScheduler: ShuffleMapStage 12 (count at NativeMethodAccessorImpl.java:0) finished in 0.123 s
[2025-04-29T14:49:17.520+0000] {spark_submit.py:490} INFO - 25/04/29 14:49:17 INFO DAGScheduler: looking for newly runnable stages
[2025-04-29T14:49:17.520+0000] {spark_submit.py:490} INFO - 25/04/29 14:49:17 INFO DAGScheduler: running: Set()
[2025-04-29T14:49:17.520+0000] {spark_submit.py:490} INFO - 25/04/29 14:49:17 INFO DAGScheduler: waiting: Set()
[2025-04-29T14:49:17.520+0000] {spark_submit.py:490} INFO - 25/04/29 14:49:17 INFO DAGScheduler: failed: Set()
[2025-04-29T14:49:17.529+0000] {spark_submit.py:490} INFO - 25/04/29 14:49:17 INFO ShufflePartitionsUtil: For shuffle(4), advisory target size: 67108864, actual target size 1048576, minimum partition size: 1048576
[2025-04-29T14:49:17.545+0000] {spark_submit.py:490} INFO - 25/04/29 14:49:17 INFO CodeGenerator: Code generated in 6.210382 ms
[2025-04-29T14:49:17.551+0000] {spark_submit.py:490} INFO - 25/04/29 14:49:17 INFO CodeGenerator: Code generated in 5.068378 ms
[2025-04-29T14:49:17.562+0000] {spark_submit.py:490} INFO - 25/04/29 14:49:17 INFO CodeGenerator: Code generated in 5.818457 ms
[2025-04-29T14:49:17.576+0000] {spark_submit.py:490} INFO - 25/04/29 14:49:17 INFO CodeGenerator: Code generated in 9.827129 ms
[2025-04-29T14:49:17.595+0000] {spark_submit.py:490} INFO - 25/04/29 14:49:17 INFO DAGScheduler: Registering RDD 35 (count at NativeMethodAccessorImpl.java:0) as input to shuffle 5
[2025-04-29T14:49:17.596+0000] {spark_submit.py:490} INFO - 25/04/29 14:49:17 INFO DAGScheduler: Got map stage job 8 (count at NativeMethodAccessorImpl.java:0) with 2 output partitions
[2025-04-29T14:49:17.596+0000] {spark_submit.py:490} INFO - 25/04/29 14:49:17 INFO DAGScheduler: Final stage: ShuffleMapStage 14 (count at NativeMethodAccessorImpl.java:0)
[2025-04-29T14:49:17.596+0000] {spark_submit.py:490} INFO - 25/04/29 14:49:17 INFO DAGScheduler: Parents of final stage: List(ShuffleMapStage 13)
[2025-04-29T14:49:17.596+0000] {spark_submit.py:490} INFO - 25/04/29 14:49:17 INFO DAGScheduler: Missing parents: List()
[2025-04-29T14:49:17.597+0000] {spark_submit.py:490} INFO - 25/04/29 14:49:17 INFO DAGScheduler: Submitting ShuffleMapStage 14 (MapPartitionsRDD[35] at count at NativeMethodAccessorImpl.java:0), which has no missing parents
[2025-04-29T14:49:17.605+0000] {spark_submit.py:490} INFO - 25/04/29 14:49:17 INFO MemoryStore: Block broadcast_8 stored as values in memory (estimated size 38.6 KiB, free 434.3 MiB)
[2025-04-29T14:49:17.606+0000] {spark_submit.py:490} INFO - 25/04/29 14:49:17 INFO MemoryStore: Block broadcast_8_piece0 stored as bytes in memory (estimated size 17.8 KiB, free 434.3 MiB)
[2025-04-29T14:49:17.607+0000] {spark_submit.py:490} INFO - 25/04/29 14:49:17 INFO BlockManagerInfo: Added broadcast_8_piece0 in memory on bd05f2cbfffd:40957 (size: 17.8 KiB, free: 434.4 MiB)
[2025-04-29T14:49:17.607+0000] {spark_submit.py:490} INFO - 25/04/29 14:49:17 INFO SparkContext: Created broadcast 8 from broadcast at DAGScheduler.scala:1513
[2025-04-29T14:49:17.608+0000] {spark_submit.py:490} INFO - 25/04/29 14:49:17 INFO DAGScheduler: Submitting 2 missing tasks from ShuffleMapStage 14 (MapPartitionsRDD[35] at count at NativeMethodAccessorImpl.java:0) (first 15 tasks are for partitions Vector(0, 1))
[2025-04-29T14:49:17.608+0000] {spark_submit.py:490} INFO - 25/04/29 14:49:17 INFO TaskSchedulerImpl: Adding task set 14.0 with 2 tasks resource profile 0
[2025-04-29T14:49:17.610+0000] {spark_submit.py:490} INFO - 25/04/29 14:49:17 INFO TaskSetManager: Starting task 1.0 in stage 14.0 (TID 8) (172.18.0.5, executor 0, partition 1, NODE_LOCAL, 4555 bytes) taskResourceAssignments Map()
[2025-04-29T14:49:17.622+0000] {spark_submit.py:490} INFO - 25/04/29 14:49:17 INFO BlockManagerInfo: Added broadcast_8_piece0 in memory on 172.18.0.5:39413 (size: 17.8 KiB, free: 366.3 MiB)
[2025-04-29T14:49:17.636+0000] {spark_submit.py:490} INFO - 25/04/29 14:49:17 INFO MapOutputTrackerMasterEndpoint: Asked to send map output locations for shuffle 4 to 172.18.0.5:37584
[2025-04-29T14:49:17.706+0000] {spark_submit.py:490} INFO - 25/04/29 14:49:17 INFO TaskSetManager: Starting task 0.0 in stage 14.0 (TID 9) (172.18.0.5, executor 0, partition 0, PROCESS_LOCAL, 4401 bytes) taskResourceAssignments Map()
[2025-04-29T14:49:17.707+0000] {spark_submit.py:490} INFO - 25/04/29 14:49:17 INFO TaskSetManager: Finished task 1.0 in stage 14.0 (TID 8) in 98 ms on 172.18.0.5 (executor 0) (1/2)
[2025-04-29T14:49:17.747+0000] {spark_submit.py:490} INFO - 25/04/29 14:49:17 INFO TaskSetManager: Finished task 0.0 in stage 14.0 (TID 9) in 42 ms on 172.18.0.5 (executor 0) (2/2)
[2025-04-29T14:49:17.747+0000] {spark_submit.py:490} INFO - 25/04/29 14:49:17 INFO TaskSchedulerImpl: Removed TaskSet 14.0, whose tasks have all completed, from pool
[2025-04-29T14:49:17.748+0000] {spark_submit.py:490} INFO - 25/04/29 14:49:17 INFO DAGScheduler: ShuffleMapStage 14 (count at NativeMethodAccessorImpl.java:0) finished in 0.146 s
[2025-04-29T14:49:17.748+0000] {spark_submit.py:490} INFO - 25/04/29 14:49:17 INFO DAGScheduler: looking for newly runnable stages
[2025-04-29T14:49:17.748+0000] {spark_submit.py:490} INFO - 25/04/29 14:49:17 INFO DAGScheduler: running: Set()
[2025-04-29T14:49:17.748+0000] {spark_submit.py:490} INFO - 25/04/29 14:49:17 INFO DAGScheduler: waiting: Set()
[2025-04-29T14:49:17.749+0000] {spark_submit.py:490} INFO - 25/04/29 14:49:17 INFO DAGScheduler: failed: Set()
[2025-04-29T14:49:17.767+0000] {spark_submit.py:490} INFO - 25/04/29 14:49:17 INFO CodeGenerator: Code generated in 8.468788 ms
[2025-04-29T14:49:17.777+0000] {spark_submit.py:490} INFO - 25/04/29 14:49:17 INFO SparkContext: Starting job: count at NativeMethodAccessorImpl.java:0
[2025-04-29T14:49:17.778+0000] {spark_submit.py:490} INFO - 25/04/29 14:49:17 INFO DAGScheduler: Got job 9 (count at NativeMethodAccessorImpl.java:0) with 1 output partitions
[2025-04-29T14:49:17.779+0000] {spark_submit.py:490} INFO - 25/04/29 14:49:17 INFO DAGScheduler: Final stage: ResultStage 17 (count at NativeMethodAccessorImpl.java:0)
[2025-04-29T14:49:17.779+0000] {spark_submit.py:490} INFO - 25/04/29 14:49:17 INFO DAGScheduler: Parents of final stage: List(ShuffleMapStage 16)
[2025-04-29T14:49:17.779+0000] {spark_submit.py:490} INFO - 25/04/29 14:49:17 INFO DAGScheduler: Missing parents: List()
[2025-04-29T14:49:17.779+0000] {spark_submit.py:490} INFO - 25/04/29 14:49:17 INFO DAGScheduler: Submitting ResultStage 17 (MapPartitionsRDD[38] at count at NativeMethodAccessorImpl.java:0), which has no missing parents
[2025-04-29T14:49:17.782+0000] {spark_submit.py:490} INFO - 25/04/29 14:49:17 INFO MemoryStore: Block broadcast_9 stored as values in memory (estimated size 11.1 KiB, free 434.3 MiB)
[2025-04-29T14:49:17.783+0000] {spark_submit.py:490} INFO - 25/04/29 14:49:17 INFO MemoryStore: Block broadcast_9_piece0 stored as bytes in memory (estimated size 5.5 KiB, free 434.3 MiB)
[2025-04-29T14:49:17.783+0000] {spark_submit.py:490} INFO - 25/04/29 14:49:17 INFO BlockManagerInfo: Added broadcast_9_piece0 in memory on bd05f2cbfffd:40957 (size: 5.5 KiB, free: 434.4 MiB)
[2025-04-29T14:49:17.784+0000] {spark_submit.py:490} INFO - 25/04/29 14:49:17 INFO SparkContext: Created broadcast 9 from broadcast at DAGScheduler.scala:1513
[2025-04-29T14:49:17.784+0000] {spark_submit.py:490} INFO - 25/04/29 14:49:17 INFO DAGScheduler: Submitting 1 missing tasks from ResultStage 17 (MapPartitionsRDD[38] at count at NativeMethodAccessorImpl.java:0) (first 15 tasks are for partitions Vector(0))
[2025-04-29T14:49:17.785+0000] {spark_submit.py:490} INFO - 25/04/29 14:49:17 INFO TaskSchedulerImpl: Adding task set 17.0 with 1 tasks resource profile 0
[2025-04-29T14:49:17.786+0000] {spark_submit.py:490} INFO - 25/04/29 14:49:17 INFO TaskSetManager: Starting task 0.0 in stage 17.0 (TID 10) (172.18.0.5, executor 0, partition 0, NODE_LOCAL, 4457 bytes) taskResourceAssignments Map()
[2025-04-29T14:49:17.800+0000] {spark_submit.py:490} INFO - 25/04/29 14:49:17 INFO BlockManagerInfo: Added broadcast_9_piece0 in memory on 172.18.0.5:39413 (size: 5.5 KiB, free: 366.3 MiB)
[2025-04-29T14:49:17.804+0000] {spark_submit.py:490} INFO - 25/04/29 14:49:17 INFO MapOutputTrackerMasterEndpoint: Asked to send map output locations for shuffle 5 to 172.18.0.5:37584
[2025-04-29T14:49:17.822+0000] {spark_submit.py:490} INFO - 25/04/29 14:49:17 INFO TaskSetManager: Finished task 0.0 in stage 17.0 (TID 10) in 36 ms on 172.18.0.5 (executor 0) (1/1)
[2025-04-29T14:49:17.823+0000] {spark_submit.py:490} INFO - 25/04/29 14:49:17 INFO TaskSchedulerImpl: Removed TaskSet 17.0, whose tasks have all completed, from pool
[2025-04-29T14:49:17.823+0000] {spark_submit.py:490} INFO - 25/04/29 14:49:17 INFO DAGScheduler: ResultStage 17 (count at NativeMethodAccessorImpl.java:0) finished in 0.043 s
[2025-04-29T14:49:17.824+0000] {spark_submit.py:490} INFO - 25/04/29 14:49:17 INFO DAGScheduler: Job 9 is finished. Cancelling potential speculative or zombie tasks for this job
[2025-04-29T14:49:17.824+0000] {spark_submit.py:490} INFO - 25/04/29 14:49:17 INFO TaskSchedulerImpl: Killing all running tasks in stage 17: Stage finished
[2025-04-29T14:49:17.824+0000] {spark_submit.py:490} INFO - 25/04/29 14:49:17 INFO DAGScheduler: Job 9 finished: count at NativeMethodAccessorImpl.java:0, took 0.046210 s
[2025-04-29T14:49:17.826+0000] {spark_submit.py:490} INFO - INFO:__main__:Объединение результатов выполнено, итого записей: 375
[2025-04-29T14:49:17.960+0000] {spark_submit.py:490} INFO - 25/04/29 14:49:17 INFO CodeGenerator: Code generated in 12.284488 ms
[2025-04-29T14:49:17.964+0000] {spark_submit.py:490} INFO - 25/04/29 14:49:17 INFO DAGScheduler: Registering RDD 42 (jdbc at NativeMethodAccessorImpl.java:0) as input to shuffle 6
[2025-04-29T14:49:17.965+0000] {spark_submit.py:490} INFO - 25/04/29 14:49:17 INFO DAGScheduler: Got map stage job 10 (jdbc at NativeMethodAccessorImpl.java:0) with 1 output partitions
[2025-04-29T14:49:17.965+0000] {spark_submit.py:490} INFO - 25/04/29 14:49:17 INFO DAGScheduler: Final stage: ShuffleMapStage 18 (jdbc at NativeMethodAccessorImpl.java:0)
[2025-04-29T14:49:17.965+0000] {spark_submit.py:490} INFO - 25/04/29 14:49:17 INFO DAGScheduler: Parents of final stage: List()
[2025-04-29T14:49:17.965+0000] {spark_submit.py:490} INFO - 25/04/29 14:49:17 INFO DAGScheduler: Missing parents: List()
[2025-04-29T14:49:17.965+0000] {spark_submit.py:490} INFO - 25/04/29 14:49:17 INFO DAGScheduler: Submitting ShuffleMapStage 18 (MapPartitionsRDD[42] at jdbc at NativeMethodAccessorImpl.java:0), which has no missing parents
[2025-04-29T14:49:17.971+0000] {spark_submit.py:490} INFO - 25/04/29 14:49:17 INFO MemoryStore: Block broadcast_10 stored as values in memory (estimated size 16.3 KiB, free 434.3 MiB)
[2025-04-29T14:49:17.972+0000] {spark_submit.py:490} INFO - 25/04/29 14:49:17 INFO MemoryStore: Block broadcast_10_piece0 stored as bytes in memory (estimated size 7.9 KiB, free 434.3 MiB)
[2025-04-29T14:49:17.973+0000] {spark_submit.py:490} INFO - 25/04/29 14:49:17 INFO BlockManagerInfo: Added broadcast_10_piece0 in memory on bd05f2cbfffd:40957 (size: 7.9 KiB, free: 434.4 MiB)
[2025-04-29T14:49:17.973+0000] {spark_submit.py:490} INFO - 25/04/29 14:49:17 INFO SparkContext: Created broadcast 10 from broadcast at DAGScheduler.scala:1513
[2025-04-29T14:49:17.973+0000] {spark_submit.py:490} INFO - 25/04/29 14:49:17 INFO DAGScheduler: Submitting 1 missing tasks from ShuffleMapStage 18 (MapPartitionsRDD[42] at jdbc at NativeMethodAccessorImpl.java:0) (first 15 tasks are for partitions Vector(0))
[2025-04-29T14:49:17.973+0000] {spark_submit.py:490} INFO - 25/04/29 14:49:17 INFO TaskSchedulerImpl: Adding task set 18.0 with 1 tasks resource profile 0
[2025-04-29T14:49:17.975+0000] {spark_submit.py:490} INFO - 25/04/29 14:49:17 INFO TaskSetManager: Starting task 0.0 in stage 18.0 (TID 11) (172.18.0.5, executor 0, partition 0, PROCESS_LOCAL, 4292 bytes) taskResourceAssignments Map()
[2025-04-29T14:49:17.986+0000] {spark_submit.py:490} INFO - 25/04/29 14:49:17 INFO BlockManagerInfo: Added broadcast_10_piece0 in memory on 172.18.0.5:39413 (size: 7.9 KiB, free: 366.3 MiB)
[2025-04-29T14:49:18.089+0000] {spark_submit.py:490} INFO - 25/04/29 14:49:18 INFO TaskSetManager: Finished task 0.0 in stage 18.0 (TID 11) in 114 ms on 172.18.0.5 (executor 0) (1/1)
[2025-04-29T14:49:18.089+0000] {spark_submit.py:490} INFO - 25/04/29 14:49:18 INFO TaskSchedulerImpl: Removed TaskSet 18.0, whose tasks have all completed, from pool
[2025-04-29T14:49:18.089+0000] {spark_submit.py:490} INFO - 25/04/29 14:49:18 INFO DAGScheduler: ShuffleMapStage 18 (jdbc at NativeMethodAccessorImpl.java:0) finished in 0.123 s
[2025-04-29T14:49:18.089+0000] {spark_submit.py:490} INFO - 25/04/29 14:49:18 INFO DAGScheduler: looking for newly runnable stages
[2025-04-29T14:49:18.089+0000] {spark_submit.py:490} INFO - 25/04/29 14:49:18 INFO DAGScheduler: running: Set()
[2025-04-29T14:49:18.089+0000] {spark_submit.py:490} INFO - 25/04/29 14:49:18 INFO DAGScheduler: waiting: Set()
[2025-04-29T14:49:18.090+0000] {spark_submit.py:490} INFO - 25/04/29 14:49:18 INFO DAGScheduler: failed: Set()
[2025-04-29T14:49:18.099+0000] {spark_submit.py:490} INFO - 25/04/29 14:49:18 INFO ShufflePartitionsUtil: For shuffle(6), advisory target size: 67108864, actual target size 1048576, minimum partition size: 1048576
[2025-04-29T14:49:18.112+0000] {spark_submit.py:490} INFO - 25/04/29 14:49:18 INFO CodeGenerator: Code generated in 7.660457 ms
[2025-04-29T14:49:18.126+0000] {spark_submit.py:490} INFO - 25/04/29 14:49:18 INFO CodeGenerator: Code generated in 7.059352 ms
[2025-04-29T14:49:18.162+0000] {spark_submit.py:490} INFO - 25/04/29 14:49:18 INFO SparkContext: Starting job: jdbc at NativeMethodAccessorImpl.java:0
[2025-04-29T14:49:18.163+0000] {spark_submit.py:490} INFO - 25/04/29 14:49:18 INFO DAGScheduler: Got job 11 (jdbc at NativeMethodAccessorImpl.java:0) with 2 output partitions
[2025-04-29T14:49:18.163+0000] {spark_submit.py:490} INFO - 25/04/29 14:49:18 INFO DAGScheduler: Final stage: ResultStage 20 (jdbc at NativeMethodAccessorImpl.java:0)
[2025-04-29T14:49:18.163+0000] {spark_submit.py:490} INFO - 25/04/29 14:49:18 INFO DAGScheduler: Parents of final stage: List(ShuffleMapStage 19)
[2025-04-29T14:49:18.163+0000] {spark_submit.py:490} INFO - 25/04/29 14:49:18 INFO DAGScheduler: Missing parents: List()
[2025-04-29T14:49:18.164+0000] {spark_submit.py:490} INFO - 25/04/29 14:49:18 INFO DAGScheduler: Submitting ResultStage 20 (MapPartitionsRDD[52] at jdbc at NativeMethodAccessorImpl.java:0), which has no missing parents
[2025-04-29T14:49:18.186+0000] {spark_submit.py:490} INFO - 25/04/29 14:49:18 INFO MemoryStore: Block broadcast_11 stored as values in memory (estimated size 58.9 KiB, free 434.2 MiB)
[2025-04-29T14:49:18.187+0000] {spark_submit.py:490} INFO - 25/04/29 14:49:18 INFO MemoryStore: Block broadcast_11_piece0 stored as bytes in memory (estimated size 23.9 KiB, free 434.2 MiB)
[2025-04-29T14:49:18.188+0000] {spark_submit.py:490} INFO - 25/04/29 14:49:18 INFO BlockManagerInfo: Added broadcast_11_piece0 in memory on bd05f2cbfffd:40957 (size: 23.9 KiB, free: 434.3 MiB)
[2025-04-29T14:49:18.188+0000] {spark_submit.py:490} INFO - 25/04/29 14:49:18 INFO SparkContext: Created broadcast 11 from broadcast at DAGScheduler.scala:1513
[2025-04-29T14:49:18.189+0000] {spark_submit.py:490} INFO - 25/04/29 14:49:18 INFO DAGScheduler: Submitting 2 missing tasks from ResultStage 20 (MapPartitionsRDD[52] at jdbc at NativeMethodAccessorImpl.java:0) (first 15 tasks are for partitions Vector(0, 1))
[2025-04-29T14:49:18.189+0000] {spark_submit.py:490} INFO - 25/04/29 14:49:18 INFO TaskSchedulerImpl: Adding task set 20.0 with 2 tasks resource profile 0
[2025-04-29T14:49:18.190+0000] {spark_submit.py:490} INFO - 25/04/29 14:49:18 INFO TaskSetManager: Starting task 1.0 in stage 20.0 (TID 12) (172.18.0.5, executor 0, partition 1, NODE_LOCAL, 4566 bytes) taskResourceAssignments Map()
[2025-04-29T14:49:18.204+0000] {spark_submit.py:490} INFO - 25/04/29 14:49:18 INFO BlockManagerInfo: Added broadcast_11_piece0 in memory on 172.18.0.5:39413 (size: 23.9 KiB, free: 366.2 MiB)
[2025-04-29T14:49:18.348+0000] {spark_submit.py:490} INFO - 25/04/29 14:49:18 INFO MapOutputTrackerMasterEndpoint: Asked to send map output locations for shuffle 6 to 172.18.0.5:37584
[2025-04-29T14:49:19.212+0000] {spark_submit.py:490} INFO - 25/04/29 14:49:19 INFO TaskSetManager: Starting task 0.0 in stage 20.0 (TID 13) (172.18.0.5, executor 0, partition 0, PROCESS_LOCAL, 4412 bytes) taskResourceAssignments Map()
[2025-04-29T14:49:19.214+0000] {spark_submit.py:490} INFO - 25/04/29 14:49:19 INFO TaskSetManager: Finished task 1.0 in stage 20.0 (TID 12) in 1023 ms on 172.18.0.5 (executor 0) (1/2)
[2025-04-29T14:49:19.311+0000] {spark_submit.py:490} INFO - 25/04/29 14:49:19 INFO TaskSetManager: Finished task 0.0 in stage 20.0 (TID 13) in 100 ms on 172.18.0.5 (executor 0) (2/2)
[2025-04-29T14:49:19.311+0000] {spark_submit.py:490} INFO - 25/04/29 14:49:19 INFO TaskSchedulerImpl: Removed TaskSet 20.0, whose tasks have all completed, from pool
[2025-04-29T14:49:19.312+0000] {spark_submit.py:490} INFO - 25/04/29 14:49:19 INFO DAGScheduler: ResultStage 20 (jdbc at NativeMethodAccessorImpl.java:0) finished in 1.143 s
[2025-04-29T14:49:19.313+0000] {spark_submit.py:490} INFO - 25/04/29 14:49:19 INFO DAGScheduler: Job 11 is finished. Cancelling potential speculative or zombie tasks for this job
[2025-04-29T14:49:19.314+0000] {spark_submit.py:490} INFO - 25/04/29 14:49:19 INFO TaskSchedulerImpl: Killing all running tasks in stage 20: Stage finished
[2025-04-29T14:49:19.314+0000] {spark_submit.py:490} INFO - 25/04/29 14:49:19 INFO DAGScheduler: Job 11 finished: jdbc at NativeMethodAccessorImpl.java:0, took 1.150811 s
[2025-04-29T14:49:19.331+0000] {spark_submit.py:490} INFO - INFO:__main__:Запись в mart.suspicious_transactions завершена
[2025-04-29T14:49:19.351+0000] {spark_submit.py:490} INFO - 25/04/29 14:49:19 WARN ClickHouseDriver: ******************************************************************************************
[2025-04-29T14:49:19.351+0000] {spark_submit.py:490} INFO - 25/04/29 14:49:19 WARN ClickHouseDriver: * This driver is DEPRECATED. Please use [com.clickhouse.jdbc.ClickHouseDriver] instead.  *
[2025-04-29T14:49:19.351+0000] {spark_submit.py:490} INFO - 25/04/29 14:49:19 WARN ClickHouseDriver: * Also everything in package [ru.yandex.clickhouse] will be removed starting from 0.4.0. *
[2025-04-29T14:49:19.351+0000] {spark_submit.py:490} INFO - 25/04/29 14:49:19 WARN ClickHouseDriver: ******************************************************************************************
[2025-04-29T14:49:19.497+0000] {spark_submit.py:490} INFO - Traceback (most recent call last):
[2025-04-29T14:49:19.497+0000] {spark_submit.py:490} INFO - File "/opt/airflow/spark/detect_suspicious.py", line 100, in <module>
[2025-04-29T14:49:19.498+0000] {spark_submit.py:490} INFO - .mode("append")
[2025-04-29T14:49:19.498+0000] {spark_submit.py:490} INFO - File "/opt/spark/python/lib/pyspark.zip/pyspark/sql/readwriter.py", line 966, in save
[2025-04-29T14:49:19.499+0000] {spark_submit.py:490} INFO - File "/opt/spark/python/lib/py4j-0.10.9.5-src.zip/py4j/java_gateway.py", line 1322, in __call__
[2025-04-29T14:49:19.500+0000] {spark_submit.py:490} INFO - File "/opt/spark/python/lib/pyspark.zip/pyspark/sql/utils.py", line 190, in deco
[2025-04-29T14:49:19.500+0000] {spark_submit.py:490} INFO - File "/opt/spark/python/lib/py4j-0.10.9.5-src.zip/py4j/protocol.py", line 328, in get_return_value
[2025-04-29T14:49:19.500+0000] {spark_submit.py:490} INFO - py4j.protocol.Py4JJavaError: An error occurred while calling o82.save.
[2025-04-29T14:49:19.501+0000] {spark_submit.py:490} INFO - : ru.yandex.clickhouse.except.ClickHouseException: ClickHouse exception, code: 81, host: clickhouse, port: 8123; Code: 81. DB::Exception: Database finbest doesn't exist. (UNKNOWN_DATABASE) (version 22.3.20.29 (official build))
[2025-04-29T14:49:19.501+0000] {spark_submit.py:490} INFO - 
[2025-04-29T14:49:19.501+0000] {spark_submit.py:490} INFO - at ru.yandex.clickhouse.except.ClickHouseExceptionSpecifier.specify(ClickHouseExceptionSpecifier.java:60)
[2025-04-29T14:49:19.501+0000] {spark_submit.py:490} INFO - at ru.yandex.clickhouse.except.ClickHouseExceptionSpecifier.specify(ClickHouseExceptionSpecifier.java:30)
[2025-04-29T14:49:19.501+0000] {spark_submit.py:490} INFO - at ru.yandex.clickhouse.ClickHouseStatementImpl.checkForErrorAndThrow(ClickHouseStatementImpl.java:1083)
[2025-04-29T14:49:19.501+0000] {spark_submit.py:490} INFO - at ru.yandex.clickhouse.ClickHouseStatementImpl.getInputStream(ClickHouseStatementImpl.java:770)
[2025-04-29T14:49:19.501+0000] {spark_submit.py:490} INFO - at ru.yandex.clickhouse.ClickHouseStatementImpl.getLastInputStream(ClickHouseStatementImpl.java:693)
[2025-04-29T14:49:19.501+0000] {spark_submit.py:490} INFO - at ru.yandex.clickhouse.ClickHouseStatementImpl.executeQuery(ClickHouseStatementImpl.java:341)
[2025-04-29T14:49:19.501+0000] {spark_submit.py:490} INFO - at ru.yandex.clickhouse.ClickHouseStatementImpl.executeQuery(ClickHouseStatementImpl.java:326)
[2025-04-29T14:49:19.501+0000] {spark_submit.py:490} INFO - at ru.yandex.clickhouse.ClickHouseStatementImpl.executeQuery(ClickHouseStatementImpl.java:320)
[2025-04-29T14:49:19.501+0000] {spark_submit.py:490} INFO - at ru.yandex.clickhouse.ClickHouseStatementImpl.executeQuery(ClickHouseStatementImpl.java:314)
[2025-04-29T14:49:19.501+0000] {spark_submit.py:490} INFO - at ru.yandex.clickhouse.ClickHouseConnectionImpl.initConnection(ClickHouseConnectionImpl.java:95)
[2025-04-29T14:49:19.501+0000] {spark_submit.py:490} INFO - at ru.yandex.clickhouse.ClickHouseConnectionImpl.<init>(ClickHouseConnectionImpl.java:79)
[2025-04-29T14:49:19.501+0000] {spark_submit.py:490} INFO - at ru.yandex.clickhouse.ClickHouseDriver.connect(ClickHouseDriver.java:65)
[2025-04-29T14:49:19.501+0000] {spark_submit.py:490} INFO - at ru.yandex.clickhouse.ClickHouseDriver.connect(ClickHouseDriver.java:57)
[2025-04-29T14:49:19.501+0000] {spark_submit.py:490} INFO - at ru.yandex.clickhouse.ClickHouseDriver.connect(ClickHouseDriver.java:36)
[2025-04-29T14:49:19.501+0000] {spark_submit.py:490} INFO - at org.apache.spark.sql.execution.datasources.jdbc.connection.BasicConnectionProvider.getConnection(BasicConnectionProvider.scala:49)
[2025-04-29T14:49:19.502+0000] {spark_submit.py:490} INFO - at org.apache.spark.sql.execution.datasources.jdbc.connection.ConnectionProviderBase.create(ConnectionProvider.scala:102)
[2025-04-29T14:49:19.502+0000] {spark_submit.py:490} INFO - at org.apache.spark.sql.jdbc.JdbcDialect.$anonfun$createConnectionFactory$1(JdbcDialects.scala:122)
[2025-04-29T14:49:19.502+0000] {spark_submit.py:490} INFO - at org.apache.spark.sql.jdbc.JdbcDialect.$anonfun$createConnectionFactory$1$adapted(JdbcDialects.scala:118)
[2025-04-29T14:49:19.502+0000] {spark_submit.py:490} INFO - at org.apache.spark.sql.execution.datasources.jdbc.JdbcRelationProvider.createRelation(JdbcRelationProvider.scala:50)
[2025-04-29T14:49:19.502+0000] {spark_submit.py:490} INFO - at org.apache.spark.sql.execution.datasources.SaveIntoDataSourceCommand.run(SaveIntoDataSourceCommand.scala:45)
[2025-04-29T14:49:19.502+0000] {spark_submit.py:490} INFO - at org.apache.spark.sql.execution.command.ExecutedCommandExec.sideEffectResult$lzycompute(commands.scala:75)
[2025-04-29T14:49:19.502+0000] {spark_submit.py:490} INFO - at org.apache.spark.sql.execution.command.ExecutedCommandExec.sideEffectResult(commands.scala:73)
[2025-04-29T14:49:19.502+0000] {spark_submit.py:490} INFO - at org.apache.spark.sql.execution.command.ExecutedCommandExec.executeCollect(commands.scala:84)
[2025-04-29T14:49:19.502+0000] {spark_submit.py:490} INFO - at org.apache.spark.sql.execution.QueryExecution$$anonfun$eagerlyExecuteCommands$1.$anonfun$applyOrElse$1(QueryExecution.scala:98)
[2025-04-29T14:49:19.502+0000] {spark_submit.py:490} INFO - at org.apache.spark.sql.execution.SQLExecution$.$anonfun$withNewExecutionId$6(SQLExecution.scala:109)
[2025-04-29T14:49:19.502+0000] {spark_submit.py:490} INFO - at org.apache.spark.sql.execution.SQLExecution$.withSQLConfPropagated(SQLExecution.scala:169)
[2025-04-29T14:49:19.502+0000] {spark_submit.py:490} INFO - at org.apache.spark.sql.execution.SQLExecution$.$anonfun$withNewExecutionId$1(SQLExecution.scala:95)
[2025-04-29T14:49:19.502+0000] {spark_submit.py:490} INFO - at org.apache.spark.sql.SparkSession.withActive(SparkSession.scala:779)
[2025-04-29T14:49:19.502+0000] {spark_submit.py:490} INFO - at org.apache.spark.sql.execution.SQLExecution$.withNewExecutionId(SQLExecution.scala:64)
[2025-04-29T14:49:19.502+0000] {spark_submit.py:490} INFO - at org.apache.spark.sql.execution.QueryExecution$$anonfun$eagerlyExecuteCommands$1.applyOrElse(QueryExecution.scala:98)
[2025-04-29T14:49:19.502+0000] {spark_submit.py:490} INFO - at org.apache.spark.sql.execution.QueryExecution$$anonfun$eagerlyExecuteCommands$1.applyOrElse(QueryExecution.scala:94)
[2025-04-29T14:49:19.502+0000] {spark_submit.py:490} INFO - at org.apache.spark.sql.catalyst.trees.TreeNode.$anonfun$transformDownWithPruning$1(TreeNode.scala:584)
[2025-04-29T14:49:19.502+0000] {spark_submit.py:490} INFO - at org.apache.spark.sql.catalyst.trees.CurrentOrigin$.withOrigin(TreeNode.scala:176)
[2025-04-29T14:49:19.502+0000] {spark_submit.py:490} INFO - at org.apache.spark.sql.catalyst.trees.TreeNode.transformDownWithPruning(TreeNode.scala:584)
[2025-04-29T14:49:19.503+0000] {spark_submit.py:490} INFO - at org.apache.spark.sql.catalyst.plans.logical.LogicalPlan.org$apache$spark$sql$catalyst$plans$logical$AnalysisHelper$$super$transformDownWithPruning(LogicalPlan.scala:30)
[2025-04-29T14:49:19.503+0000] {spark_submit.py:490} INFO - at org.apache.spark.sql.catalyst.plans.logical.AnalysisHelper.transformDownWithPruning(AnalysisHelper.scala:267)
[2025-04-29T14:49:19.503+0000] {spark_submit.py:490} INFO - at org.apache.spark.sql.catalyst.plans.logical.AnalysisHelper.transformDownWithPruning$(AnalysisHelper.scala:263)
[2025-04-29T14:49:19.503+0000] {spark_submit.py:490} INFO - at org.apache.spark.sql.catalyst.plans.logical.LogicalPlan.transformDownWithPruning(LogicalPlan.scala:30)
[2025-04-29T14:49:19.503+0000] {spark_submit.py:490} INFO - at org.apache.spark.sql.catalyst.plans.logical.LogicalPlan.transformDownWithPruning(LogicalPlan.scala:30)
[2025-04-29T14:49:19.503+0000] {spark_submit.py:490} INFO - at org.apache.spark.sql.catalyst.trees.TreeNode.transformDown(TreeNode.scala:560)
[2025-04-29T14:49:19.503+0000] {spark_submit.py:490} INFO - at org.apache.spark.sql.execution.QueryExecution.eagerlyExecuteCommands(QueryExecution.scala:94)
[2025-04-29T14:49:19.503+0000] {spark_submit.py:490} INFO - at org.apache.spark.sql.execution.QueryExecution.commandExecuted$lzycompute(QueryExecution.scala:81)
[2025-04-29T14:49:19.503+0000] {spark_submit.py:490} INFO - at org.apache.spark.sql.execution.QueryExecution.commandExecuted(QueryExecution.scala:79)
[2025-04-29T14:49:19.503+0000] {spark_submit.py:490} INFO - at org.apache.spark.sql.execution.QueryExecution.assertCommandExecuted(QueryExecution.scala:116)
[2025-04-29T14:49:19.503+0000] {spark_submit.py:490} INFO - at org.apache.spark.sql.DataFrameWriter.runCommand(DataFrameWriter.scala:860)
[2025-04-29T14:49:19.503+0000] {spark_submit.py:490} INFO - at org.apache.spark.sql.DataFrameWriter.saveToV1Source(DataFrameWriter.scala:390)
[2025-04-29T14:49:19.503+0000] {spark_submit.py:490} INFO - at org.apache.spark.sql.DataFrameWriter.saveInternal(DataFrameWriter.scala:363)
[2025-04-29T14:49:19.503+0000] {spark_submit.py:490} INFO - at org.apache.spark.sql.DataFrameWriter.save(DataFrameWriter.scala:247)
[2025-04-29T14:49:19.503+0000] {spark_submit.py:490} INFO - at java.base/jdk.internal.reflect.NativeMethodAccessorImpl.invoke0(Native Method)
[2025-04-29T14:49:19.503+0000] {spark_submit.py:490} INFO - at java.base/jdk.internal.reflect.NativeMethodAccessorImpl.invoke(NativeMethodAccessorImpl.java:62)
[2025-04-29T14:49:19.503+0000] {spark_submit.py:490} INFO - at java.base/jdk.internal.reflect.DelegatingMethodAccessorImpl.invoke(DelegatingMethodAccessorImpl.java:43)
[2025-04-29T14:49:19.503+0000] {spark_submit.py:490} INFO - at java.base/java.lang.reflect.Method.invoke(Method.java:566)
[2025-04-29T14:49:19.503+0000] {spark_submit.py:490} INFO - at py4j.reflection.MethodInvoker.invoke(MethodInvoker.java:244)
[2025-04-29T14:49:19.504+0000] {spark_submit.py:490} INFO - at py4j.reflection.ReflectionEngine.invoke(ReflectionEngine.java:357)
[2025-04-29T14:49:19.504+0000] {spark_submit.py:490} INFO - at py4j.Gateway.invoke(Gateway.java:282)
[2025-04-29T14:49:19.504+0000] {spark_submit.py:490} INFO - at py4j.commands.AbstractCommand.invokeMethod(AbstractCommand.java:132)
[2025-04-29T14:49:19.504+0000] {spark_submit.py:490} INFO - at py4j.commands.CallCommand.execute(CallCommand.java:79)
[2025-04-29T14:49:19.504+0000] {spark_submit.py:490} INFO - at py4j.ClientServerConnection.waitForCommands(ClientServerConnection.java:182)
[2025-04-29T14:49:19.504+0000] {spark_submit.py:490} INFO - at py4j.ClientServerConnection.run(ClientServerConnection.java:106)
[2025-04-29T14:49:19.504+0000] {spark_submit.py:490} INFO - at java.base/java.lang.Thread.run(Thread.java:829)
[2025-04-29T14:49:19.504+0000] {spark_submit.py:490} INFO - Caused by: java.lang.Throwable: Code: 81. DB::Exception: Database finbest doesn't exist. (UNKNOWN_DATABASE) (version 22.3.20.29 (official build))
[2025-04-29T14:49:19.504+0000] {spark_submit.py:490} INFO - 
[2025-04-29T14:49:19.504+0000] {spark_submit.py:490} INFO - at ru.yandex.clickhouse.except.ClickHouseExceptionSpecifier.specify(ClickHouseExceptionSpecifier.java:55)
[2025-04-29T14:49:19.504+0000] {spark_submit.py:490} INFO - ... 59 more
[2025-04-29T14:49:19.504+0000] {spark_submit.py:490} INFO - 
[2025-04-29T14:49:19.531+0000] {spark_submit.py:490} INFO - 25/04/29 14:49:19 INFO SparkContext: Invoking stop() from shutdown hook
[2025-04-29T14:49:19.539+0000] {spark_submit.py:490} INFO - 25/04/29 14:49:19 INFO SparkUI: Stopped Spark web UI at http://bd05f2cbfffd:4040
[2025-04-29T14:49:19.542+0000] {spark_submit.py:490} INFO - 25/04/29 14:49:19 INFO StandaloneSchedulerBackend: Shutting down all executors
[2025-04-29T14:49:19.542+0000] {spark_submit.py:490} INFO - 25/04/29 14:49:19 INFO CoarseGrainedSchedulerBackend$DriverEndpoint: Asking each executor to shut down
[2025-04-29T14:49:19.557+0000] {spark_submit.py:490} INFO - 25/04/29 14:49:19 INFO MapOutputTrackerMasterEndpoint: MapOutputTrackerMasterEndpoint stopped!
[2025-04-29T14:49:19.586+0000] {spark_submit.py:490} INFO - 25/04/29 14:49:19 INFO MemoryStore: MemoryStore cleared
[2025-04-29T14:49:19.587+0000] {spark_submit.py:490} INFO - 25/04/29 14:49:19 INFO BlockManager: BlockManager stopped
[2025-04-29T14:49:19.589+0000] {spark_submit.py:490} INFO - 25/04/29 14:49:19 INFO BlockManagerMaster: BlockManagerMaster stopped
[2025-04-29T14:49:19.592+0000] {spark_submit.py:490} INFO - 25/04/29 14:49:19 INFO OutputCommitCoordinator$OutputCommitCoordinatorEndpoint: OutputCommitCoordinator stopped!
[2025-04-29T14:49:19.597+0000] {spark_submit.py:490} INFO - 25/04/29 14:49:19 INFO SparkContext: Successfully stopped SparkContext
[2025-04-29T14:49:19.597+0000] {spark_submit.py:490} INFO - 25/04/29 14:49:19 INFO ShutdownHookManager: Shutdown hook called
[2025-04-29T14:49:19.597+0000] {spark_submit.py:490} INFO - 25/04/29 14:49:19 INFO ShutdownHookManager: Deleting directory /tmp/spark-64d4d907-1567-4726-b4ae-84df967abbb0
[2025-04-29T14:49:19.600+0000] {spark_submit.py:490} INFO - 25/04/29 14:49:19 INFO ShutdownHookManager: Deleting directory /tmp/spark-fdbf66f4-5998-4207-a97e-03996a8de89a/pyspark-f8223bed-483d-4de8-bbeb-6249c0a42446
[2025-04-29T14:49:19.602+0000] {spark_submit.py:490} INFO - 25/04/29 14:49:19 INFO ShutdownHookManager: Deleting directory /tmp/spark-fdbf66f4-5998-4207-a97e-03996a8de89a
[2025-04-29T14:49:19.675+0000] {taskinstance.py:1824} ERROR - Task failed with exception
Traceback (most recent call last):
  File "/home/airflow/.local/lib/python3.7/site-packages/airflow/providers/apache/spark/operators/spark_submit.py", line 157, in execute
    self._hook.submit(self._application)
  File "/home/airflow/.local/lib/python3.7/site-packages/airflow/providers/apache/spark/hooks/spark_submit.py", line 422, in submit
    f"Cannot execute: {self._mask_cmd(spark_submit_cmd)}. Error code is: {returncode}."
airflow.exceptions.AirflowException: Cannot execute: spark-submit --master spark://spark-master:7077 --packages org.postgresql:postgresql:42.6.0,ru.yandex.clickhouse:clickhouse-jdbc:0.3.2 --executor-cores 1 --executor-memory 1g --driver-memory 1g --name arrow-spark /opt/airflow/spark/detect_suspicious.py --jdbc jdbc:postgresql://postgres:5432/finbest --clickhouse-url jdbc:clickhouse://clickhouse:8123/finbest. Error code is: 1.
[2025-04-29T14:49:19.677+0000] {taskinstance.py:1350} INFO - Marking task as UP_FOR_RETRY. dag_id=transform, task_id=detect_suspicious, execution_date=20250429T144857, start_date=20250429T144907, end_date=20250429T144919
[2025-04-29T14:49:19.685+0000] {standard_task_runner.py:109} ERROR - Failed to execute job 32 for task detect_suspicious (Cannot execute: spark-submit --master spark://spark-master:7077 --packages org.postgresql:postgresql:42.6.0,ru.yandex.clickhouse:clickhouse-jdbc:0.3.2 --executor-cores 1 --executor-memory 1g --driver-memory 1g --name arrow-spark /opt/airflow/spark/detect_suspicious.py --jdbc jdbc:postgresql://postgres:5432/finbest --clickhouse-url jdbc:clickhouse://clickhouse:8123/finbest. Error code is: 1.; 6873)
[2025-04-29T14:49:19.705+0000] {local_task_job_runner.py:225} INFO - Task exited with return code 1
[2025-04-29T14:49:19.733+0000] {taskinstance.py:2653} INFO - 0 downstream tasks scheduled from follow-on schedule check
