[2025-04-29T14:50:21.560+0000] {taskinstance.py:1103} INFO - Dependencies all met for dep_context=non-requeueable deps ti=<TaskInstance: transform.detect_suspicious manual__2025-04-29T14:48:57.157040+00:00 [queued]>
[2025-04-29T14:50:21.566+0000] {taskinstance.py:1103} INFO - Dependencies all met for dep_context=requeueable deps ti=<TaskInstance: transform.detect_suspicious manual__2025-04-29T14:48:57.157040+00:00 [queued]>
[2025-04-29T14:50:21.567+0000] {taskinstance.py:1308} INFO - Starting attempt 2 of 2
[2025-04-29T14:50:21.577+0000] {taskinstance.py:1327} INFO - Executing <Task(SparkSubmitOperator): detect_suspicious> on 2025-04-29 14:48:57.157040+00:00
[2025-04-29T14:50:21.580+0000] {standard_task_runner.py:57} INFO - Started process 7213 to run task
[2025-04-29T14:50:21.582+0000] {standard_task_runner.py:84} INFO - Running: ['airflow', 'tasks', 'run', 'transform', 'detect_suspicious', 'manual__2025-04-29T14:48:57.157040+00:00', '--job-id', '33', '--raw', '--subdir', 'DAGS_FOLDER/transform.py', '--cfg-path', '/tmp/tmp6djgh1vo']
[2025-04-29T14:50:21.583+0000] {standard_task_runner.py:85} INFO - Job 33: Subtask detect_suspicious
[2025-04-29T14:50:21.618+0000] {task_command.py:410} INFO - Running <TaskInstance: transform.detect_suspicious manual__2025-04-29T14:48:57.157040+00:00 [running]> on host bd05f2cbfffd
[2025-04-29T14:50:21.760+0000] {taskinstance.py:1547} INFO - Exporting env vars: AIRFLOW_CTX_DAG_OWNER='finbest' AIRFLOW_CTX_DAG_ID='transform' AIRFLOW_CTX_TASK_ID='detect_suspicious' AIRFLOW_CTX_EXECUTION_DATE='2025-04-29T14:48:57.157040+00:00' AIRFLOW_CTX_TRY_NUMBER='2' AIRFLOW_CTX_DAG_RUN_ID='manual__2025-04-29T14:48:57.157040+00:00'
[2025-04-29T14:50:21.768+0000] {base.py:73} INFO - Using connection ID 'spark_default' for task execution.
[2025-04-29T14:50:21.769+0000] {spark_submit.py:339} INFO - Spark-Submit cmd: spark-submit --master spark://spark-master:7077 --packages org.postgresql:postgresql:42.6.0,ru.yandex.clickhouse:clickhouse-jdbc:0.3.2 --executor-cores 1 --executor-memory 1g --driver-memory 1g --name arrow-spark /opt/airflow/spark/detect_suspicious.py --jdbc jdbc:postgresql://postgres:5432/finbest --clickhouse-url jdbc:clickhouse://clickhouse:8123/finbest
[2025-04-29T14:50:23.163+0000] {spark_submit.py:490} INFO - :: loading settings :: url = jar:file:/opt/spark/jars/ivy-2.5.0.jar!/org/apache/ivy/core/settings/ivysettings.xml
[2025-04-29T14:50:23.257+0000] {spark_submit.py:490} INFO - Ivy Default Cache set to: /home/airflow/.ivy2/cache
[2025-04-29T14:50:23.257+0000] {spark_submit.py:490} INFO - The jars for the packages stored in: /home/airflow/.ivy2/jars
[2025-04-29T14:50:23.261+0000] {spark_submit.py:490} INFO - org.postgresql#postgresql added as a dependency
[2025-04-29T14:50:23.262+0000] {spark_submit.py:490} INFO - ru.yandex.clickhouse#clickhouse-jdbc added as a dependency
[2025-04-29T14:50:23.263+0000] {spark_submit.py:490} INFO - :: resolving dependencies :: org.apache.spark#spark-submit-parent-f22c230a-59ca-496d-8af9-7ff244a88248;1.0
[2025-04-29T14:50:23.263+0000] {spark_submit.py:490} INFO - confs: [default]
[2025-04-29T14:50:23.352+0000] {spark_submit.py:490} INFO - found org.postgresql#postgresql;42.6.0 in central
[2025-04-29T14:50:23.374+0000] {spark_submit.py:490} INFO - found org.checkerframework#checker-qual;3.31.0 in central
[2025-04-29T14:50:23.392+0000] {spark_submit.py:490} INFO - found ru.yandex.clickhouse#clickhouse-jdbc;0.3.2 in central
[2025-04-29T14:50:23.411+0000] {spark_submit.py:490} INFO - found com.clickhouse#clickhouse-http-client;0.3.2 in central
[2025-04-29T14:50:23.432+0000] {spark_submit.py:490} INFO - found com.clickhouse#clickhouse-client;0.3.2 in central
[2025-04-29T14:50:23.451+0000] {spark_submit.py:490} INFO - found org.lz4#lz4-java;1.8.0 in central
[2025-04-29T14:50:23.469+0000] {spark_submit.py:490} INFO - found com.google.code.gson#gson;2.8.8 in central
[2025-04-29T14:50:23.488+0000] {spark_submit.py:490} INFO - found org.apache.httpcomponents#httpclient;4.5.13 in central
[2025-04-29T14:50:23.503+0000] {spark_submit.py:490} INFO - found org.apache.httpcomponents#httpcore;4.4.13 in central
[2025-04-29T14:50:23.518+0000] {spark_submit.py:490} INFO - found commons-logging#commons-logging;1.2 in central
[2025-04-29T14:50:23.535+0000] {spark_submit.py:490} INFO - found commons-codec#commons-codec;1.11 in central
[2025-04-29T14:50:23.552+0000] {spark_submit.py:490} INFO - found org.apache.httpcomponents#httpmime;4.5.13 in central
[2025-04-29T14:50:23.579+0000] {spark_submit.py:490} INFO - :: resolution report :: resolve 303ms :: artifacts dl 13ms
[2025-04-29T14:50:23.579+0000] {spark_submit.py:490} INFO - :: modules in use:
[2025-04-29T14:50:23.579+0000] {spark_submit.py:490} INFO - com.clickhouse#clickhouse-client;0.3.2 from central in [default]
[2025-04-29T14:50:23.579+0000] {spark_submit.py:490} INFO - com.clickhouse#clickhouse-http-client;0.3.2 from central in [default]
[2025-04-29T14:50:23.579+0000] {spark_submit.py:490} INFO - com.google.code.gson#gson;2.8.8 from central in [default]
[2025-04-29T14:50:23.579+0000] {spark_submit.py:490} INFO - commons-codec#commons-codec;1.11 from central in [default]
[2025-04-29T14:50:23.579+0000] {spark_submit.py:490} INFO - commons-logging#commons-logging;1.2 from central in [default]
[2025-04-29T14:50:23.579+0000] {spark_submit.py:490} INFO - org.apache.httpcomponents#httpclient;4.5.13 from central in [default]
[2025-04-29T14:50:23.579+0000] {spark_submit.py:490} INFO - org.apache.httpcomponents#httpcore;4.4.13 from central in [default]
[2025-04-29T14:50:23.579+0000] {spark_submit.py:490} INFO - org.apache.httpcomponents#httpmime;4.5.13 from central in [default]
[2025-04-29T14:50:23.580+0000] {spark_submit.py:490} INFO - org.checkerframework#checker-qual;3.31.0 from central in [default]
[2025-04-29T14:50:23.580+0000] {spark_submit.py:490} INFO - org.lz4#lz4-java;1.8.0 from central in [default]
[2025-04-29T14:50:23.580+0000] {spark_submit.py:490} INFO - org.postgresql#postgresql;42.6.0 from central in [default]
[2025-04-29T14:50:23.580+0000] {spark_submit.py:490} INFO - ru.yandex.clickhouse#clickhouse-jdbc;0.3.2 from central in [default]
[2025-04-29T14:50:23.580+0000] {spark_submit.py:490} INFO - ---------------------------------------------------------------------
[2025-04-29T14:50:23.580+0000] {spark_submit.py:490} INFO - |                  |            modules            ||   artifacts   |
[2025-04-29T14:50:23.580+0000] {spark_submit.py:490} INFO - |       conf       | number| search|dwnlded|evicted|| number|dwnlded|
[2025-04-29T14:50:23.580+0000] {spark_submit.py:490} INFO - ---------------------------------------------------------------------
[2025-04-29T14:50:23.580+0000] {spark_submit.py:490} INFO - |      default     |   12  |   0   |   0   |   0   ||   12  |   0   |
[2025-04-29T14:50:23.580+0000] {spark_submit.py:490} INFO - ---------------------------------------------------------------------
[2025-04-29T14:50:23.585+0000] {spark_submit.py:490} INFO - :: retrieving :: org.apache.spark#spark-submit-parent-f22c230a-59ca-496d-8af9-7ff244a88248
[2025-04-29T14:50:23.586+0000] {spark_submit.py:490} INFO - confs: [default]
[2025-04-29T14:50:23.594+0000] {spark_submit.py:490} INFO - 0 artifacts copied, 12 already retrieved (0kB/8ms)
[2025-04-29T14:50:23.778+0000] {spark_submit.py:490} INFO - 25/04/29 14:50:23 WARN NativeCodeLoader: Unable to load native-hadoop library for your platform... using builtin-java classes where applicable
[2025-04-29T14:50:24.589+0000] {spark_submit.py:490} INFO - 25/04/29 14:50:24 INFO SparkContext: Running Spark version 3.3.0
[2025-04-29T14:50:24.606+0000] {spark_submit.py:490} INFO - 25/04/29 14:50:24 INFO ResourceUtils: ==============================================================
[2025-04-29T14:50:24.606+0000] {spark_submit.py:490} INFO - 25/04/29 14:50:24 INFO ResourceUtils: No custom resources configured for spark.driver.
[2025-04-29T14:50:24.606+0000] {spark_submit.py:490} INFO - 25/04/29 14:50:24 INFO ResourceUtils: ==============================================================
[2025-04-29T14:50:24.606+0000] {spark_submit.py:490} INFO - 25/04/29 14:50:24 INFO SparkContext: Submitted application: FinBestDetect
[2025-04-29T14:50:24.632+0000] {spark_submit.py:490} INFO - 25/04/29 14:50:24 INFO ResourceProfile: Default ResourceProfile created, executor resources: Map(cores -> name: cores, amount: 1, script: , vendor: , memory -> name: memory, amount: 1024, script: , vendor: , offHeap -> name: offHeap, amount: 0, script: , vendor: ), task resources: Map(cpus -> name: cpus, amount: 1.0)
[2025-04-29T14:50:24.644+0000] {spark_submit.py:490} INFO - 25/04/29 14:50:24 INFO ResourceProfile: Limiting resource is cpus at 1 tasks per executor
[2025-04-29T14:50:24.645+0000] {spark_submit.py:490} INFO - 25/04/29 14:50:24 INFO ResourceProfileManager: Added ResourceProfile id: 0
[2025-04-29T14:50:24.711+0000] {spark_submit.py:490} INFO - 25/04/29 14:50:24 INFO SecurityManager: Changing view acls to: airflow
[2025-04-29T14:50:24.712+0000] {spark_submit.py:490} INFO - 25/04/29 14:50:24 INFO SecurityManager: Changing modify acls to: airflow
[2025-04-29T14:50:24.712+0000] {spark_submit.py:490} INFO - 25/04/29 14:50:24 INFO SecurityManager: Changing view acls groups to:
[2025-04-29T14:50:24.712+0000] {spark_submit.py:490} INFO - 25/04/29 14:50:24 INFO SecurityManager: Changing modify acls groups to:
[2025-04-29T14:50:24.713+0000] {spark_submit.py:490} INFO - 25/04/29 14:50:24 INFO SecurityManager: SecurityManager: authentication disabled; ui acls disabled; users  with view permissions: Set(airflow); groups with view permissions: Set(); users  with modify permissions: Set(airflow); groups with modify permissions: Set()
[2025-04-29T14:50:24.978+0000] {spark_submit.py:490} INFO - 25/04/29 14:50:24 INFO Utils: Successfully started service 'sparkDriver' on port 39489.
[2025-04-29T14:50:25.006+0000] {spark_submit.py:490} INFO - 25/04/29 14:50:25 INFO SparkEnv: Registering MapOutputTracker
[2025-04-29T14:50:25.034+0000] {spark_submit.py:490} INFO - 25/04/29 14:50:25 INFO SparkEnv: Registering BlockManagerMaster
[2025-04-29T14:50:25.055+0000] {spark_submit.py:490} INFO - 25/04/29 14:50:25 INFO BlockManagerMasterEndpoint: Using org.apache.spark.storage.DefaultTopologyMapper for getting topology information
[2025-04-29T14:50:25.055+0000] {spark_submit.py:490} INFO - 25/04/29 14:50:25 INFO BlockManagerMasterEndpoint: BlockManagerMasterEndpoint up
[2025-04-29T14:50:25.058+0000] {spark_submit.py:490} INFO - 25/04/29 14:50:25 INFO SparkEnv: Registering BlockManagerMasterHeartbeat
[2025-04-29T14:50:25.076+0000] {spark_submit.py:490} INFO - 25/04/29 14:50:25 INFO DiskBlockManager: Created local directory at /tmp/blockmgr-50655d28-e016-4ad5-a2b0-8cba6e54ab0f
[2025-04-29T14:50:25.089+0000] {spark_submit.py:490} INFO - 25/04/29 14:50:25 INFO MemoryStore: MemoryStore started with capacity 434.4 MiB
[2025-04-29T14:50:25.102+0000] {spark_submit.py:490} INFO - 25/04/29 14:50:25 INFO SparkEnv: Registering OutputCommitCoordinator
[2025-04-29T14:50:25.273+0000] {spark_submit.py:490} INFO - 25/04/29 14:50:25 INFO Utils: Successfully started service 'SparkUI' on port 4040.
[2025-04-29T14:50:25.305+0000] {spark_submit.py:490} INFO - 25/04/29 14:50:25 INFO SparkContext: Added JAR file:///home/airflow/.ivy2/jars/org.postgresql_postgresql-42.6.0.jar at spark://bd05f2cbfffd:39489/jars/org.postgresql_postgresql-42.6.0.jar with timestamp 1745938224583
[2025-04-29T14:50:25.306+0000] {spark_submit.py:490} INFO - 25/04/29 14:50:25 INFO SparkContext: Added JAR file:///home/airflow/.ivy2/jars/ru.yandex.clickhouse_clickhouse-jdbc-0.3.2.jar at spark://bd05f2cbfffd:39489/jars/ru.yandex.clickhouse_clickhouse-jdbc-0.3.2.jar with timestamp 1745938224583
[2025-04-29T14:50:25.306+0000] {spark_submit.py:490} INFO - 25/04/29 14:50:25 INFO SparkContext: Added JAR file:///home/airflow/.ivy2/jars/org.checkerframework_checker-qual-3.31.0.jar at spark://bd05f2cbfffd:39489/jars/org.checkerframework_checker-qual-3.31.0.jar with timestamp 1745938224583
[2025-04-29T14:50:25.306+0000] {spark_submit.py:490} INFO - 25/04/29 14:50:25 INFO SparkContext: Added JAR file:///home/airflow/.ivy2/jars/com.clickhouse_clickhouse-http-client-0.3.2.jar at spark://bd05f2cbfffd:39489/jars/com.clickhouse_clickhouse-http-client-0.3.2.jar with timestamp 1745938224583
[2025-04-29T14:50:25.306+0000] {spark_submit.py:490} INFO - 25/04/29 14:50:25 INFO SparkContext: Added JAR file:///home/airflow/.ivy2/jars/com.google.code.gson_gson-2.8.8.jar at spark://bd05f2cbfffd:39489/jars/com.google.code.gson_gson-2.8.8.jar with timestamp 1745938224583
[2025-04-29T14:50:25.306+0000] {spark_submit.py:490} INFO - 25/04/29 14:50:25 INFO SparkContext: Added JAR file:///home/airflow/.ivy2/jars/org.apache.httpcomponents_httpclient-4.5.13.jar at spark://bd05f2cbfffd:39489/jars/org.apache.httpcomponents_httpclient-4.5.13.jar with timestamp 1745938224583
[2025-04-29T14:50:25.306+0000] {spark_submit.py:490} INFO - 25/04/29 14:50:25 INFO SparkContext: Added JAR file:///home/airflow/.ivy2/jars/org.apache.httpcomponents_httpmime-4.5.13.jar at spark://bd05f2cbfffd:39489/jars/org.apache.httpcomponents_httpmime-4.5.13.jar with timestamp 1745938224583
[2025-04-29T14:50:25.306+0000] {spark_submit.py:490} INFO - 25/04/29 14:50:25 INFO SparkContext: Added JAR file:///home/airflow/.ivy2/jars/org.lz4_lz4-java-1.8.0.jar at spark://bd05f2cbfffd:39489/jars/org.lz4_lz4-java-1.8.0.jar with timestamp 1745938224583
[2025-04-29T14:50:25.306+0000] {spark_submit.py:490} INFO - 25/04/29 14:50:25 INFO SparkContext: Added JAR file:///home/airflow/.ivy2/jars/com.clickhouse_clickhouse-client-0.3.2.jar at spark://bd05f2cbfffd:39489/jars/com.clickhouse_clickhouse-client-0.3.2.jar with timestamp 1745938224583
[2025-04-29T14:50:25.307+0000] {spark_submit.py:490} INFO - 25/04/29 14:50:25 INFO SparkContext: Added JAR file:///home/airflow/.ivy2/jars/org.apache.httpcomponents_httpcore-4.4.13.jar at spark://bd05f2cbfffd:39489/jars/org.apache.httpcomponents_httpcore-4.4.13.jar with timestamp 1745938224583
[2025-04-29T14:50:25.307+0000] {spark_submit.py:490} INFO - 25/04/29 14:50:25 INFO SparkContext: Added JAR file:///home/airflow/.ivy2/jars/commons-logging_commons-logging-1.2.jar at spark://bd05f2cbfffd:39489/jars/commons-logging_commons-logging-1.2.jar with timestamp 1745938224583
[2025-04-29T14:50:25.307+0000] {spark_submit.py:490} INFO - 25/04/29 14:50:25 INFO SparkContext: Added JAR file:///home/airflow/.ivy2/jars/commons-codec_commons-codec-1.11.jar at spark://bd05f2cbfffd:39489/jars/commons-codec_commons-codec-1.11.jar with timestamp 1745938224583
[2025-04-29T14:50:25.309+0000] {spark_submit.py:490} INFO - 25/04/29 14:50:25 INFO SparkContext: Added file file:///home/airflow/.ivy2/jars/org.postgresql_postgresql-42.6.0.jar at spark://bd05f2cbfffd:39489/files/org.postgresql_postgresql-42.6.0.jar with timestamp 1745938224583
[2025-04-29T14:50:25.310+0000] {spark_submit.py:490} INFO - 25/04/29 14:50:25 INFO Utils: Copying /home/airflow/.ivy2/jars/org.postgresql_postgresql-42.6.0.jar to /tmp/spark-28be6191-42c6-4b79-9315-65992f85c919/userFiles-76a53eff-f2d8-4ae4-8ed6-5985f6ebd84b/org.postgresql_postgresql-42.6.0.jar
[2025-04-29T14:50:25.331+0000] {spark_submit.py:490} INFO - 25/04/29 14:50:25 INFO SparkContext: Added file file:///home/airflow/.ivy2/jars/ru.yandex.clickhouse_clickhouse-jdbc-0.3.2.jar at spark://bd05f2cbfffd:39489/files/ru.yandex.clickhouse_clickhouse-jdbc-0.3.2.jar with timestamp 1745938224583
[2025-04-29T14:50:25.331+0000] {spark_submit.py:490} INFO - 25/04/29 14:50:25 INFO Utils: Copying /home/airflow/.ivy2/jars/ru.yandex.clickhouse_clickhouse-jdbc-0.3.2.jar to /tmp/spark-28be6191-42c6-4b79-9315-65992f85c919/userFiles-76a53eff-f2d8-4ae4-8ed6-5985f6ebd84b/ru.yandex.clickhouse_clickhouse-jdbc-0.3.2.jar
[2025-04-29T14:50:25.334+0000] {spark_submit.py:490} INFO - 25/04/29 14:50:25 INFO SparkContext: Added file file:///home/airflow/.ivy2/jars/org.checkerframework_checker-qual-3.31.0.jar at spark://bd05f2cbfffd:39489/files/org.checkerframework_checker-qual-3.31.0.jar with timestamp 1745938224583
[2025-04-29T14:50:25.335+0000] {spark_submit.py:490} INFO - 25/04/29 14:50:25 INFO Utils: Copying /home/airflow/.ivy2/jars/org.checkerframework_checker-qual-3.31.0.jar to /tmp/spark-28be6191-42c6-4b79-9315-65992f85c919/userFiles-76a53eff-f2d8-4ae4-8ed6-5985f6ebd84b/org.checkerframework_checker-qual-3.31.0.jar
[2025-04-29T14:50:25.341+0000] {spark_submit.py:490} INFO - 25/04/29 14:50:25 INFO SparkContext: Added file file:///home/airflow/.ivy2/jars/com.clickhouse_clickhouse-http-client-0.3.2.jar at spark://bd05f2cbfffd:39489/files/com.clickhouse_clickhouse-http-client-0.3.2.jar with timestamp 1745938224583
[2025-04-29T14:50:25.341+0000] {spark_submit.py:490} INFO - 25/04/29 14:50:25 INFO Utils: Copying /home/airflow/.ivy2/jars/com.clickhouse_clickhouse-http-client-0.3.2.jar to /tmp/spark-28be6191-42c6-4b79-9315-65992f85c919/userFiles-76a53eff-f2d8-4ae4-8ed6-5985f6ebd84b/com.clickhouse_clickhouse-http-client-0.3.2.jar
[2025-04-29T14:50:25.345+0000] {spark_submit.py:490} INFO - 25/04/29 14:50:25 INFO SparkContext: Added file file:///home/airflow/.ivy2/jars/com.google.code.gson_gson-2.8.8.jar at spark://bd05f2cbfffd:39489/files/com.google.code.gson_gson-2.8.8.jar with timestamp 1745938224583
[2025-04-29T14:50:25.346+0000] {spark_submit.py:490} INFO - 25/04/29 14:50:25 INFO Utils: Copying /home/airflow/.ivy2/jars/com.google.code.gson_gson-2.8.8.jar to /tmp/spark-28be6191-42c6-4b79-9315-65992f85c919/userFiles-76a53eff-f2d8-4ae4-8ed6-5985f6ebd84b/com.google.code.gson_gson-2.8.8.jar
[2025-04-29T14:50:25.349+0000] {spark_submit.py:490} INFO - 25/04/29 14:50:25 INFO SparkContext: Added file file:///home/airflow/.ivy2/jars/org.apache.httpcomponents_httpclient-4.5.13.jar at spark://bd05f2cbfffd:39489/files/org.apache.httpcomponents_httpclient-4.5.13.jar with timestamp 1745938224583
[2025-04-29T14:50:25.349+0000] {spark_submit.py:490} INFO - 25/04/29 14:50:25 INFO Utils: Copying /home/airflow/.ivy2/jars/org.apache.httpcomponents_httpclient-4.5.13.jar to /tmp/spark-28be6191-42c6-4b79-9315-65992f85c919/userFiles-76a53eff-f2d8-4ae4-8ed6-5985f6ebd84b/org.apache.httpcomponents_httpclient-4.5.13.jar
[2025-04-29T14:50:25.352+0000] {spark_submit.py:490} INFO - 25/04/29 14:50:25 INFO SparkContext: Added file file:///home/airflow/.ivy2/jars/org.apache.httpcomponents_httpmime-4.5.13.jar at spark://bd05f2cbfffd:39489/files/org.apache.httpcomponents_httpmime-4.5.13.jar with timestamp 1745938224583
[2025-04-29T14:50:25.352+0000] {spark_submit.py:490} INFO - 25/04/29 14:50:25 INFO Utils: Copying /home/airflow/.ivy2/jars/org.apache.httpcomponents_httpmime-4.5.13.jar to /tmp/spark-28be6191-42c6-4b79-9315-65992f85c919/userFiles-76a53eff-f2d8-4ae4-8ed6-5985f6ebd84b/org.apache.httpcomponents_httpmime-4.5.13.jar
[2025-04-29T14:50:25.355+0000] {spark_submit.py:490} INFO - 25/04/29 14:50:25 INFO SparkContext: Added file file:///home/airflow/.ivy2/jars/org.lz4_lz4-java-1.8.0.jar at spark://bd05f2cbfffd:39489/files/org.lz4_lz4-java-1.8.0.jar with timestamp 1745938224583
[2025-04-29T14:50:25.355+0000] {spark_submit.py:490} INFO - 25/04/29 14:50:25 INFO Utils: Copying /home/airflow/.ivy2/jars/org.lz4_lz4-java-1.8.0.jar to /tmp/spark-28be6191-42c6-4b79-9315-65992f85c919/userFiles-76a53eff-f2d8-4ae4-8ed6-5985f6ebd84b/org.lz4_lz4-java-1.8.0.jar
[2025-04-29T14:50:25.359+0000] {spark_submit.py:490} INFO - 25/04/29 14:50:25 INFO SparkContext: Added file file:///home/airflow/.ivy2/jars/com.clickhouse_clickhouse-client-0.3.2.jar at spark://bd05f2cbfffd:39489/files/com.clickhouse_clickhouse-client-0.3.2.jar with timestamp 1745938224583
[2025-04-29T14:50:25.359+0000] {spark_submit.py:490} INFO - 25/04/29 14:50:25 INFO Utils: Copying /home/airflow/.ivy2/jars/com.clickhouse_clickhouse-client-0.3.2.jar to /tmp/spark-28be6191-42c6-4b79-9315-65992f85c919/userFiles-76a53eff-f2d8-4ae4-8ed6-5985f6ebd84b/com.clickhouse_clickhouse-client-0.3.2.jar
[2025-04-29T14:50:25.363+0000] {spark_submit.py:490} INFO - 25/04/29 14:50:25 INFO SparkContext: Added file file:///home/airflow/.ivy2/jars/org.apache.httpcomponents_httpcore-4.4.13.jar at spark://bd05f2cbfffd:39489/files/org.apache.httpcomponents_httpcore-4.4.13.jar with timestamp 1745938224583
[2025-04-29T14:50:25.363+0000] {spark_submit.py:490} INFO - 25/04/29 14:50:25 INFO Utils: Copying /home/airflow/.ivy2/jars/org.apache.httpcomponents_httpcore-4.4.13.jar to /tmp/spark-28be6191-42c6-4b79-9315-65992f85c919/userFiles-76a53eff-f2d8-4ae4-8ed6-5985f6ebd84b/org.apache.httpcomponents_httpcore-4.4.13.jar
[2025-04-29T14:50:25.367+0000] {spark_submit.py:490} INFO - 25/04/29 14:50:25 INFO SparkContext: Added file file:///home/airflow/.ivy2/jars/commons-logging_commons-logging-1.2.jar at spark://bd05f2cbfffd:39489/files/commons-logging_commons-logging-1.2.jar with timestamp 1745938224583
[2025-04-29T14:50:25.367+0000] {spark_submit.py:490} INFO - 25/04/29 14:50:25 INFO Utils: Copying /home/airflow/.ivy2/jars/commons-logging_commons-logging-1.2.jar to /tmp/spark-28be6191-42c6-4b79-9315-65992f85c919/userFiles-76a53eff-f2d8-4ae4-8ed6-5985f6ebd84b/commons-logging_commons-logging-1.2.jar
[2025-04-29T14:50:25.370+0000] {spark_submit.py:490} INFO - 25/04/29 14:50:25 INFO SparkContext: Added file file:///home/airflow/.ivy2/jars/commons-codec_commons-codec-1.11.jar at spark://bd05f2cbfffd:39489/files/commons-codec_commons-codec-1.11.jar with timestamp 1745938224583
[2025-04-29T14:50:25.371+0000] {spark_submit.py:490} INFO - 25/04/29 14:50:25 INFO Utils: Copying /home/airflow/.ivy2/jars/commons-codec_commons-codec-1.11.jar to /tmp/spark-28be6191-42c6-4b79-9315-65992f85c919/userFiles-76a53eff-f2d8-4ae4-8ed6-5985f6ebd84b/commons-codec_commons-codec-1.11.jar
[2025-04-29T14:50:25.444+0000] {spark_submit.py:490} INFO - 25/04/29 14:50:25 INFO StandaloneAppClient$ClientEndpoint: Connecting to master spark://spark-master:7077...
[2025-04-29T14:50:25.486+0000] {spark_submit.py:490} INFO - 25/04/29 14:50:25 INFO TransportClientFactory: Successfully created connection to spark-master/172.18.0.3:7077 after 23 ms (0 ms spent in bootstraps)
[2025-04-29T14:50:25.558+0000] {spark_submit.py:490} INFO - 25/04/29 14:50:25 INFO StandaloneSchedulerBackend: Connected to Spark cluster with app ID app-20250429145025-0003
[2025-04-29T14:50:25.560+0000] {spark_submit.py:490} INFO - 25/04/29 14:50:25 INFO StandaloneAppClient$ClientEndpoint: Executor added: app-20250429145025-0003/0 on worker-20250429121840-172.18.0.5-45227 (172.18.0.5:45227) with 1 core(s)
[2025-04-29T14:50:25.563+0000] {spark_submit.py:490} INFO - 25/04/29 14:50:25 INFO StandaloneSchedulerBackend: Granted executor ID app-20250429145025-0003/0 on hostPort 172.18.0.5:45227 with 1 core(s), 1024.0 MiB RAM
[2025-04-29T14:50:25.567+0000] {spark_submit.py:490} INFO - 25/04/29 14:50:25 INFO Utils: Successfully started service 'org.apache.spark.network.netty.NettyBlockTransferService' on port 34591.
[2025-04-29T14:50:25.567+0000] {spark_submit.py:490} INFO - 25/04/29 14:50:25 INFO NettyBlockTransferService: Server created on bd05f2cbfffd:34591
[2025-04-29T14:50:25.569+0000] {spark_submit.py:490} INFO - 25/04/29 14:50:25 INFO BlockManager: Using org.apache.spark.storage.RandomBlockReplicationPolicy for block replication policy
[2025-04-29T14:50:25.578+0000] {spark_submit.py:490} INFO - 25/04/29 14:50:25 INFO BlockManagerMaster: Registering BlockManager BlockManagerId(driver, bd05f2cbfffd, 34591, None)
[2025-04-29T14:50:25.581+0000] {spark_submit.py:490} INFO - 25/04/29 14:50:25 INFO BlockManagerMasterEndpoint: Registering block manager bd05f2cbfffd:34591 with 434.4 MiB RAM, BlockManagerId(driver, bd05f2cbfffd, 34591, None)
[2025-04-29T14:50:25.583+0000] {spark_submit.py:490} INFO - 25/04/29 14:50:25 INFO BlockManagerMaster: Registered BlockManager BlockManagerId(driver, bd05f2cbfffd, 34591, None)
[2025-04-29T14:50:25.584+0000] {spark_submit.py:490} INFO - 25/04/29 14:50:25 INFO BlockManager: Initialized BlockManager: BlockManagerId(driver, bd05f2cbfffd, 34591, None)
[2025-04-29T14:50:25.607+0000] {spark_submit.py:490} INFO - 25/04/29 14:50:25 INFO StandaloneAppClient$ClientEndpoint: Executor updated: app-20250429145025-0003/0 is now RUNNING
[2025-04-29T14:50:25.856+0000] {spark_submit.py:490} INFO - 25/04/29 14:50:25 INFO StandaloneSchedulerBackend: SchedulerBackend is ready for scheduling beginning after reached minRegisteredResourcesRatio: 0.0
[2025-04-29T14:50:26.159+0000] {spark_submit.py:490} INFO - INFO:__main__:SparkSession создан
[2025-04-29T14:50:26.166+0000] {spark_submit.py:490} INFO - 25/04/29 14:50:26 INFO SharedState: Setting hive.metastore.warehouse.dir ('null') to the value of spark.sql.warehouse.dir.
[2025-04-29T14:50:26.168+0000] {spark_submit.py:490} INFO - 25/04/29 14:50:26 INFO SharedState: Warehouse path is 'file:/opt/airflow/spark-warehouse'.
[2025-04-29T14:50:28.237+0000] {spark_submit.py:490} INFO - 25/04/29 14:50:28 INFO CoarseGrainedSchedulerBackend$DriverEndpoint: Registered executor NettyRpcEndpointRef(spark-client://Executor) (172.18.0.5:35006) with ID 0,  ResourceProfileId 0
[2025-04-29T14:50:28.306+0000] {spark_submit.py:490} INFO - 25/04/29 14:50:28 INFO BlockManagerMasterEndpoint: Registering block manager 172.18.0.5:39773 with 366.3 MiB RAM, BlockManagerId(0, 172.18.0.5, 39773, None)
[2025-04-29T14:50:29.705+0000] {spark_submit.py:490} INFO - 25/04/29 14:50:29 INFO CodeGenerator: Code generated in 139.112679 ms
[2025-04-29T14:50:29.764+0000] {spark_submit.py:490} INFO - 25/04/29 14:50:29 INFO DAGScheduler: Registering RDD 2 (count at NativeMethodAccessorImpl.java:0) as input to shuffle 0
[2025-04-29T14:50:29.768+0000] {spark_submit.py:490} INFO - 25/04/29 14:50:29 INFO DAGScheduler: Got map stage job 0 (count at NativeMethodAccessorImpl.java:0) with 1 output partitions
[2025-04-29T14:50:29.768+0000] {spark_submit.py:490} INFO - 25/04/29 14:50:29 INFO DAGScheduler: Final stage: ShuffleMapStage 0 (count at NativeMethodAccessorImpl.java:0)
[2025-04-29T14:50:29.768+0000] {spark_submit.py:490} INFO - 25/04/29 14:50:29 INFO DAGScheduler: Parents of final stage: List()
[2025-04-29T14:50:29.769+0000] {spark_submit.py:490} INFO - 25/04/29 14:50:29 INFO DAGScheduler: Missing parents: List()
[2025-04-29T14:50:29.771+0000] {spark_submit.py:490} INFO - 25/04/29 14:50:29 INFO DAGScheduler: Submitting ShuffleMapStage 0 (MapPartitionsRDD[2] at count at NativeMethodAccessorImpl.java:0), which has no missing parents
[2025-04-29T14:50:29.854+0000] {spark_submit.py:490} INFO - 25/04/29 14:50:29 INFO MemoryStore: Block broadcast_0 stored as values in memory (estimated size 13.3 KiB, free 434.4 MiB)
[2025-04-29T14:50:29.885+0000] {spark_submit.py:490} INFO - 25/04/29 14:50:29 INFO MemoryStore: Block broadcast_0_piece0 stored as bytes in memory (estimated size 7.0 KiB, free 434.4 MiB)
[2025-04-29T14:50:29.889+0000] {spark_submit.py:490} INFO - 25/04/29 14:50:29 INFO BlockManagerInfo: Added broadcast_0_piece0 in memory on bd05f2cbfffd:34591 (size: 7.0 KiB, free: 434.4 MiB)
[2025-04-29T14:50:29.892+0000] {spark_submit.py:490} INFO - 25/04/29 14:50:29 INFO SparkContext: Created broadcast 0 from broadcast at DAGScheduler.scala:1513
[2025-04-29T14:50:29.906+0000] {spark_submit.py:490} INFO - 25/04/29 14:50:29 INFO DAGScheduler: Submitting 1 missing tasks from ShuffleMapStage 0 (MapPartitionsRDD[2] at count at NativeMethodAccessorImpl.java:0) (first 15 tasks are for partitions Vector(0))
[2025-04-29T14:50:29.907+0000] {spark_submit.py:490} INFO - 25/04/29 14:50:29 INFO TaskSchedulerImpl: Adding task set 0.0 with 1 tasks resource profile 0
[2025-04-29T14:50:29.940+0000] {spark_submit.py:490} INFO - 25/04/29 14:50:29 INFO TaskSetManager: Starting task 0.0 in stage 0.0 (TID 0) (172.18.0.5, executor 0, partition 0, PROCESS_LOCAL, 4292 bytes) taskResourceAssignments Map()
[2025-04-29T14:50:30.145+0000] {spark_submit.py:490} INFO - 25/04/29 14:50:30 INFO BlockManagerInfo: Added broadcast_0_piece0 in memory on 172.18.0.5:39773 (size: 7.0 KiB, free: 366.3 MiB)
[2025-04-29T14:50:31.028+0000] {spark_submit.py:490} INFO - 25/04/29 14:50:31 INFO TaskSetManager: Finished task 0.0 in stage 0.0 (TID 0) in 1095 ms on 172.18.0.5 (executor 0) (1/1)
[2025-04-29T14:50:31.030+0000] {spark_submit.py:490} INFO - 25/04/29 14:50:31 INFO TaskSchedulerImpl: Removed TaskSet 0.0, whose tasks have all completed, from pool
[2025-04-29T14:50:31.037+0000] {spark_submit.py:490} INFO - 25/04/29 14:50:31 INFO DAGScheduler: ShuffleMapStage 0 (count at NativeMethodAccessorImpl.java:0) finished in 1.257 s
[2025-04-29T14:50:31.037+0000] {spark_submit.py:490} INFO - 25/04/29 14:50:31 INFO DAGScheduler: looking for newly runnable stages
[2025-04-29T14:50:31.038+0000] {spark_submit.py:490} INFO - 25/04/29 14:50:31 INFO DAGScheduler: running: Set()
[2025-04-29T14:50:31.038+0000] {spark_submit.py:490} INFO - 25/04/29 14:50:31 INFO DAGScheduler: waiting: Set()
[2025-04-29T14:50:31.038+0000] {spark_submit.py:490} INFO - 25/04/29 14:50:31 INFO DAGScheduler: failed: Set()
[2025-04-29T14:50:31.069+0000] {spark_submit.py:490} INFO - 25/04/29 14:50:31 INFO CodeGenerator: Code generated in 8.200039 ms
[2025-04-29T14:50:31.098+0000] {spark_submit.py:490} INFO - 25/04/29 14:50:31 INFO SparkContext: Starting job: count at NativeMethodAccessorImpl.java:0
[2025-04-29T14:50:31.102+0000] {spark_submit.py:490} INFO - 25/04/29 14:50:31 INFO DAGScheduler: Got job 1 (count at NativeMethodAccessorImpl.java:0) with 1 output partitions
[2025-04-29T14:50:31.102+0000] {spark_submit.py:490} INFO - 25/04/29 14:50:31 INFO DAGScheduler: Final stage: ResultStage 2 (count at NativeMethodAccessorImpl.java:0)
[2025-04-29T14:50:31.102+0000] {spark_submit.py:490} INFO - 25/04/29 14:50:31 INFO DAGScheduler: Parents of final stage: List(ShuffleMapStage 1)
[2025-04-29T14:50:31.103+0000] {spark_submit.py:490} INFO - 25/04/29 14:50:31 INFO DAGScheduler: Missing parents: List()
[2025-04-29T14:50:31.104+0000] {spark_submit.py:490} INFO - 25/04/29 14:50:31 INFO DAGScheduler: Submitting ResultStage 2 (MapPartitionsRDD[5] at count at NativeMethodAccessorImpl.java:0), which has no missing parents
[2025-04-29T14:50:31.116+0000] {spark_submit.py:490} INFO - 25/04/29 14:50:31 INFO MemoryStore: Block broadcast_1 stored as values in memory (estimated size 11.1 KiB, free 434.4 MiB)
[2025-04-29T14:50:31.119+0000] {spark_submit.py:490} INFO - 25/04/29 14:50:31 INFO MemoryStore: Block broadcast_1_piece0 stored as bytes in memory (estimated size 5.5 KiB, free 434.4 MiB)
[2025-04-29T14:50:31.120+0000] {spark_submit.py:490} INFO - 25/04/29 14:50:31 INFO BlockManagerInfo: Added broadcast_1_piece0 in memory on bd05f2cbfffd:34591 (size: 5.5 KiB, free: 434.4 MiB)
[2025-04-29T14:50:31.120+0000] {spark_submit.py:490} INFO - 25/04/29 14:50:31 INFO SparkContext: Created broadcast 1 from broadcast at DAGScheduler.scala:1513
[2025-04-29T14:50:31.122+0000] {spark_submit.py:490} INFO - 25/04/29 14:50:31 INFO DAGScheduler: Submitting 1 missing tasks from ResultStage 2 (MapPartitionsRDD[5] at count at NativeMethodAccessorImpl.java:0) (first 15 tasks are for partitions Vector(0))
[2025-04-29T14:50:31.122+0000] {spark_submit.py:490} INFO - 25/04/29 14:50:31 INFO TaskSchedulerImpl: Adding task set 2.0 with 1 tasks resource profile 0
[2025-04-29T14:50:31.127+0000] {spark_submit.py:490} INFO - 25/04/29 14:50:31 INFO TaskSetManager: Starting task 0.0 in stage 2.0 (TID 1) (172.18.0.5, executor 0, partition 0, NODE_LOCAL, 4457 bytes) taskResourceAssignments Map()
[2025-04-29T14:50:31.146+0000] {spark_submit.py:490} INFO - 25/04/29 14:50:31 INFO BlockManagerInfo: Added broadcast_1_piece0 in memory on 172.18.0.5:39773 (size: 5.5 KiB, free: 366.3 MiB)
[2025-04-29T14:50:31.273+0000] {spark_submit.py:490} INFO - 25/04/29 14:50:31 INFO MapOutputTrackerMasterEndpoint: Asked to send map output locations for shuffle 0 to 172.18.0.5:35006
[2025-04-29T14:50:31.507+0000] {spark_submit.py:490} INFO - 25/04/29 14:50:31 INFO TaskSetManager: Finished task 0.0 in stage 2.0 (TID 1) in 382 ms on 172.18.0.5 (executor 0) (1/1)
[2025-04-29T14:50:31.508+0000] {spark_submit.py:490} INFO - 25/04/29 14:50:31 INFO TaskSchedulerImpl: Removed TaskSet 2.0, whose tasks have all completed, from pool
[2025-04-29T14:50:31.509+0000] {spark_submit.py:490} INFO - 25/04/29 14:50:31 INFO DAGScheduler: ResultStage 2 (count at NativeMethodAccessorImpl.java:0) finished in 0.396 s
[2025-04-29T14:50:31.511+0000] {spark_submit.py:490} INFO - 25/04/29 14:50:31 INFO DAGScheduler: Job 1 is finished. Cancelling potential speculative or zombie tasks for this job
[2025-04-29T14:50:31.511+0000] {spark_submit.py:490} INFO - 25/04/29 14:50:31 INFO TaskSchedulerImpl: Killing all running tasks in stage 2: Stage finished
[2025-04-29T14:50:31.512+0000] {spark_submit.py:490} INFO - 25/04/29 14:50:31 INFO DAGScheduler: Job 1 finished: count at NativeMethodAccessorImpl.java:0, took 0.413540 s
[2025-04-29T14:50:31.518+0000] {spark_submit.py:490} INFO - INFO:__main__:Таблица raw.masked_transactions загружена, записей: 1000
[2025-04-29T14:50:31.559+0000] {spark_submit.py:490} INFO - 25/04/29 14:50:31 INFO BlockManagerInfo: Removed broadcast_1_piece0 on bd05f2cbfffd:34591 in memory (size: 5.5 KiB, free: 434.4 MiB)
[2025-04-29T14:50:31.569+0000] {spark_submit.py:490} INFO - 25/04/29 14:50:31 INFO BlockManagerInfo: Removed broadcast_1_piece0 on 172.18.0.5:39773 in memory (size: 5.5 KiB, free: 366.3 MiB)
[2025-04-29T14:50:31.576+0000] {spark_submit.py:490} INFO - 25/04/29 14:50:31 INFO BlockManagerInfo: Removed broadcast_0_piece0 on bd05f2cbfffd:34591 in memory (size: 7.0 KiB, free: 434.4 MiB)
[2025-04-29T14:50:31.579+0000] {spark_submit.py:490} INFO - 25/04/29 14:50:31 INFO BlockManagerInfo: Removed broadcast_0_piece0 on 172.18.0.5:39773 in memory (size: 7.0 KiB, free: 366.3 MiB)
[2025-04-29T14:50:31.678+0000] {spark_submit.py:490} INFO - 25/04/29 14:50:31 INFO DAGScheduler: Registering RDD 8 (count at NativeMethodAccessorImpl.java:0) as input to shuffle 1
[2025-04-29T14:50:31.678+0000] {spark_submit.py:490} INFO - 25/04/29 14:50:31 INFO DAGScheduler: Got map stage job 2 (count at NativeMethodAccessorImpl.java:0) with 1 output partitions
[2025-04-29T14:50:31.678+0000] {spark_submit.py:490} INFO - 25/04/29 14:50:31 INFO DAGScheduler: Final stage: ShuffleMapStage 3 (count at NativeMethodAccessorImpl.java:0)
[2025-04-29T14:50:31.678+0000] {spark_submit.py:490} INFO - 25/04/29 14:50:31 INFO DAGScheduler: Parents of final stage: List()
[2025-04-29T14:50:31.679+0000] {spark_submit.py:490} INFO - 25/04/29 14:50:31 INFO DAGScheduler: Missing parents: List()
[2025-04-29T14:50:31.679+0000] {spark_submit.py:490} INFO - 25/04/29 14:50:31 INFO DAGScheduler: Submitting ShuffleMapStage 3 (MapPartitionsRDD[8] at count at NativeMethodAccessorImpl.java:0), which has no missing parents
[2025-04-29T14:50:31.687+0000] {spark_submit.py:490} INFO - 25/04/29 14:50:31 INFO MemoryStore: Block broadcast_2 stored as values in memory (estimated size 13.4 KiB, free 434.4 MiB)
[2025-04-29T14:50:31.690+0000] {spark_submit.py:490} INFO - 25/04/29 14:50:31 INFO MemoryStore: Block broadcast_2_piece0 stored as bytes in memory (estimated size 7.0 KiB, free 434.4 MiB)
[2025-04-29T14:50:31.691+0000] {spark_submit.py:490} INFO - 25/04/29 14:50:31 INFO BlockManagerInfo: Added broadcast_2_piece0 in memory on bd05f2cbfffd:34591 (size: 7.0 KiB, free: 434.4 MiB)
[2025-04-29T14:50:31.692+0000] {spark_submit.py:490} INFO - 25/04/29 14:50:31 INFO SparkContext: Created broadcast 2 from broadcast at DAGScheduler.scala:1513
[2025-04-29T14:50:31.692+0000] {spark_submit.py:490} INFO - 25/04/29 14:50:31 INFO DAGScheduler: Submitting 1 missing tasks from ShuffleMapStage 3 (MapPartitionsRDD[8] at count at NativeMethodAccessorImpl.java:0) (first 15 tasks are for partitions Vector(0))
[2025-04-29T14:50:31.692+0000] {spark_submit.py:490} INFO - 25/04/29 14:50:31 INFO TaskSchedulerImpl: Adding task set 3.0 with 1 tasks resource profile 0
[2025-04-29T14:50:31.695+0000] {spark_submit.py:490} INFO - 25/04/29 14:50:31 INFO TaskSetManager: Starting task 0.0 in stage 3.0 (TID 2) (172.18.0.5, executor 0, partition 0, PROCESS_LOCAL, 4292 bytes) taskResourceAssignments Map()
[2025-04-29T14:50:31.720+0000] {spark_submit.py:490} INFO - 25/04/29 14:50:31 INFO BlockManagerInfo: Added broadcast_2_piece0 in memory on 172.18.0.5:39773 (size: 7.0 KiB, free: 366.3 MiB)
[2025-04-29T14:50:31.763+0000] {spark_submit.py:490} INFO - 25/04/29 14:50:31 INFO TaskSetManager: Finished task 0.0 in stage 3.0 (TID 2) in 69 ms on 172.18.0.5 (executor 0) (1/1)
[2025-04-29T14:50:31.764+0000] {spark_submit.py:490} INFO - 25/04/29 14:50:31 INFO TaskSchedulerImpl: Removed TaskSet 3.0, whose tasks have all completed, from pool
[2025-04-29T14:50:31.766+0000] {spark_submit.py:490} INFO - 25/04/29 14:50:31 INFO DAGScheduler: ShuffleMapStage 3 (count at NativeMethodAccessorImpl.java:0) finished in 0.084 s
[2025-04-29T14:50:31.766+0000] {spark_submit.py:490} INFO - 25/04/29 14:50:31 INFO DAGScheduler: looking for newly runnable stages
[2025-04-29T14:50:31.766+0000] {spark_submit.py:490} INFO - 25/04/29 14:50:31 INFO DAGScheduler: running: Set()
[2025-04-29T14:50:31.766+0000] {spark_submit.py:490} INFO - 25/04/29 14:50:31 INFO DAGScheduler: waiting: Set()
[2025-04-29T14:50:31.766+0000] {spark_submit.py:490} INFO - 25/04/29 14:50:31 INFO DAGScheduler: failed: Set()
[2025-04-29T14:50:31.794+0000] {spark_submit.py:490} INFO - 25/04/29 14:50:31 INFO SparkContext: Starting job: count at NativeMethodAccessorImpl.java:0
[2025-04-29T14:50:31.795+0000] {spark_submit.py:490} INFO - 25/04/29 14:50:31 INFO DAGScheduler: Got job 3 (count at NativeMethodAccessorImpl.java:0) with 1 output partitions
[2025-04-29T14:50:31.796+0000] {spark_submit.py:490} INFO - 25/04/29 14:50:31 INFO DAGScheduler: Final stage: ResultStage 5 (count at NativeMethodAccessorImpl.java:0)
[2025-04-29T14:50:31.796+0000] {spark_submit.py:490} INFO - 25/04/29 14:50:31 INFO DAGScheduler: Parents of final stage: List(ShuffleMapStage 4)
[2025-04-29T14:50:31.796+0000] {spark_submit.py:490} INFO - 25/04/29 14:50:31 INFO DAGScheduler: Missing parents: List()
[2025-04-29T14:50:31.797+0000] {spark_submit.py:490} INFO - 25/04/29 14:50:31 INFO DAGScheduler: Submitting ResultStage 5 (MapPartitionsRDD[11] at count at NativeMethodAccessorImpl.java:0), which has no missing parents
[2025-04-29T14:50:31.801+0000] {spark_submit.py:490} INFO - 25/04/29 14:50:31 INFO MemoryStore: Block broadcast_3 stored as values in memory (estimated size 11.1 KiB, free 434.4 MiB)
[2025-04-29T14:50:31.804+0000] {spark_submit.py:490} INFO - 25/04/29 14:50:31 INFO MemoryStore: Block broadcast_3_piece0 stored as bytes in memory (estimated size 5.5 KiB, free 434.4 MiB)
[2025-04-29T14:50:31.805+0000] {spark_submit.py:490} INFO - 25/04/29 14:50:31 INFO BlockManagerInfo: Added broadcast_3_piece0 in memory on bd05f2cbfffd:34591 (size: 5.5 KiB, free: 434.4 MiB)
[2025-04-29T14:50:31.806+0000] {spark_submit.py:490} INFO - 25/04/29 14:50:31 INFO SparkContext: Created broadcast 3 from broadcast at DAGScheduler.scala:1513
[2025-04-29T14:50:31.806+0000] {spark_submit.py:490} INFO - 25/04/29 14:50:31 INFO DAGScheduler: Submitting 1 missing tasks from ResultStage 5 (MapPartitionsRDD[11] at count at NativeMethodAccessorImpl.java:0) (first 15 tasks are for partitions Vector(0))
[2025-04-29T14:50:31.806+0000] {spark_submit.py:490} INFO - 25/04/29 14:50:31 INFO TaskSchedulerImpl: Adding task set 5.0 with 1 tasks resource profile 0
[2025-04-29T14:50:31.808+0000] {spark_submit.py:490} INFO - 25/04/29 14:50:31 INFO TaskSetManager: Starting task 0.0 in stage 5.0 (TID 3) (172.18.0.5, executor 0, partition 0, NODE_LOCAL, 4457 bytes) taskResourceAssignments Map()
[2025-04-29T14:50:31.833+0000] {spark_submit.py:490} INFO - 25/04/29 14:50:31 INFO BlockManagerInfo: Added broadcast_3_piece0 in memory on 172.18.0.5:39773 (size: 5.5 KiB, free: 366.3 MiB)
[2025-04-29T14:50:31.847+0000] {spark_submit.py:490} INFO - 25/04/29 14:50:31 INFO MapOutputTrackerMasterEndpoint: Asked to send map output locations for shuffle 1 to 172.18.0.5:35006
[2025-04-29T14:50:31.862+0000] {spark_submit.py:490} INFO - 25/04/29 14:50:31 INFO TaskSetManager: Finished task 0.0 in stage 5.0 (TID 3) in 53 ms on 172.18.0.5 (executor 0) (1/1)
[2025-04-29T14:50:31.863+0000] {spark_submit.py:490} INFO - 25/04/29 14:50:31 INFO TaskSchedulerImpl: Removed TaskSet 5.0, whose tasks have all completed, from pool
[2025-04-29T14:50:31.863+0000] {spark_submit.py:490} INFO - 25/04/29 14:50:31 INFO DAGScheduler: ResultStage 5 (count at NativeMethodAccessorImpl.java:0) finished in 0.065 s
[2025-04-29T14:50:31.864+0000] {spark_submit.py:490} INFO - 25/04/29 14:50:31 INFO DAGScheduler: Job 3 is finished. Cancelling potential speculative or zombie tasks for this job
[2025-04-29T14:50:31.865+0000] {spark_submit.py:490} INFO - 25/04/29 14:50:31 INFO TaskSchedulerImpl: Killing all running tasks in stage 5: Stage finished
[2025-04-29T14:50:31.865+0000] {spark_submit.py:490} INFO - 25/04/29 14:50:31 INFO DAGScheduler: Job 3 finished: count at NativeMethodAccessorImpl.java:0, took 0.069576 s
[2025-04-29T14:50:31.866+0000] {spark_submit.py:490} INFO - INFO:__main__:Правило large_tx отработано, записей: 371
[2025-04-29T14:50:32.127+0000] {spark_submit.py:490} INFO - 25/04/29 14:50:32 INFO CodeGenerator: Code generated in 14.163548 ms
[2025-04-29T14:50:32.132+0000] {spark_submit.py:490} INFO - 25/04/29 14:50:32 INFO DAGScheduler: Registering RDD 14 (count at NativeMethodAccessorImpl.java:0) as input to shuffle 2
[2025-04-29T14:50:32.132+0000] {spark_submit.py:490} INFO - 25/04/29 14:50:32 INFO DAGScheduler: Got map stage job 4 (count at NativeMethodAccessorImpl.java:0) with 1 output partitions
[2025-04-29T14:50:32.133+0000] {spark_submit.py:490} INFO - 25/04/29 14:50:32 INFO DAGScheduler: Final stage: ShuffleMapStage 6 (count at NativeMethodAccessorImpl.java:0)
[2025-04-29T14:50:32.133+0000] {spark_submit.py:490} INFO - 25/04/29 14:50:32 INFO DAGScheduler: Parents of final stage: List()
[2025-04-29T14:50:32.133+0000] {spark_submit.py:490} INFO - 25/04/29 14:50:32 INFO DAGScheduler: Missing parents: List()
[2025-04-29T14:50:32.133+0000] {spark_submit.py:490} INFO - 25/04/29 14:50:32 INFO DAGScheduler: Submitting ShuffleMapStage 6 (MapPartitionsRDD[14] at count at NativeMethodAccessorImpl.java:0), which has no missing parents
[2025-04-29T14:50:32.140+0000] {spark_submit.py:490} INFO - 25/04/29 14:50:32 INFO MemoryStore: Block broadcast_4 stored as values in memory (estimated size 14.0 KiB, free 434.4 MiB)
[2025-04-29T14:50:32.143+0000] {spark_submit.py:490} INFO - 25/04/29 14:50:32 INFO MemoryStore: Block broadcast_4_piece0 stored as bytes in memory (estimated size 7.3 KiB, free 434.3 MiB)
[2025-04-29T14:50:32.144+0000] {spark_submit.py:490} INFO - 25/04/29 14:50:32 INFO BlockManagerInfo: Added broadcast_4_piece0 in memory on bd05f2cbfffd:34591 (size: 7.3 KiB, free: 434.4 MiB)
[2025-04-29T14:50:32.144+0000] {spark_submit.py:490} INFO - 25/04/29 14:50:32 INFO SparkContext: Created broadcast 4 from broadcast at DAGScheduler.scala:1513
[2025-04-29T14:50:32.145+0000] {spark_submit.py:490} INFO - 25/04/29 14:50:32 INFO DAGScheduler: Submitting 1 missing tasks from ShuffleMapStage 6 (MapPartitionsRDD[14] at count at NativeMethodAccessorImpl.java:0) (first 15 tasks are for partitions Vector(0))
[2025-04-29T14:50:32.145+0000] {spark_submit.py:490} INFO - 25/04/29 14:50:32 INFO TaskSchedulerImpl: Adding task set 6.0 with 1 tasks resource profile 0
[2025-04-29T14:50:32.146+0000] {spark_submit.py:490} INFO - 25/04/29 14:50:32 INFO TaskSetManager: Starting task 0.0 in stage 6.0 (TID 4) (172.18.0.5, executor 0, partition 0, PROCESS_LOCAL, 4292 bytes) taskResourceAssignments Map()
[2025-04-29T14:50:32.165+0000] {spark_submit.py:490} INFO - 25/04/29 14:50:32 INFO BlockManagerInfo: Added broadcast_4_piece0 in memory on 172.18.0.5:39773 (size: 7.3 KiB, free: 366.3 MiB)
[2025-04-29T14:50:32.614+0000] {spark_submit.py:490} INFO - 25/04/29 14:50:32 INFO TaskSetManager: Finished task 0.0 in stage 6.0 (TID 4) in 467 ms on 172.18.0.5 (executor 0) (1/1)
[2025-04-29T14:50:32.614+0000] {spark_submit.py:490} INFO - 25/04/29 14:50:32 INFO TaskSchedulerImpl: Removed TaskSet 6.0, whose tasks have all completed, from pool
[2025-04-29T14:50:32.614+0000] {spark_submit.py:490} INFO - 25/04/29 14:50:32 INFO DAGScheduler: ShuffleMapStage 6 (count at NativeMethodAccessorImpl.java:0) finished in 0.480 s
[2025-04-29T14:50:32.615+0000] {spark_submit.py:490} INFO - 25/04/29 14:50:32 INFO DAGScheduler: looking for newly runnable stages
[2025-04-29T14:50:32.615+0000] {spark_submit.py:490} INFO - 25/04/29 14:50:32 INFO DAGScheduler: running: Set()
[2025-04-29T14:50:32.615+0000] {spark_submit.py:490} INFO - 25/04/29 14:50:32 INFO DAGScheduler: waiting: Set()
[2025-04-29T14:50:32.615+0000] {spark_submit.py:490} INFO - 25/04/29 14:50:32 INFO DAGScheduler: failed: Set()
[2025-04-29T14:50:32.633+0000] {spark_submit.py:490} INFO - 25/04/29 14:50:32 INFO BlockManagerInfo: Removed broadcast_3_piece0 on bd05f2cbfffd:34591 in memory (size: 5.5 KiB, free: 434.4 MiB)
[2025-04-29T14:50:32.636+0000] {spark_submit.py:490} INFO - 25/04/29 14:50:32 INFO BlockManagerInfo: Removed broadcast_3_piece0 on 172.18.0.5:39773 in memory (size: 5.5 KiB, free: 366.3 MiB)
[2025-04-29T14:50:32.643+0000] {spark_submit.py:490} INFO - 25/04/29 14:50:32 INFO ShufflePartitionsUtil: For shuffle(2), advisory target size: 67108864, actual target size 1048576, minimum partition size: 1048576
[2025-04-29T14:50:32.647+0000] {spark_submit.py:490} INFO - 25/04/29 14:50:32 INFO BlockManagerInfo: Removed broadcast_2_piece0 on bd05f2cbfffd:34591 in memory (size: 7.0 KiB, free: 434.4 MiB)
[2025-04-29T14:50:32.649+0000] {spark_submit.py:490} INFO - 25/04/29 14:50:32 INFO BlockManagerInfo: Removed broadcast_2_piece0 on 172.18.0.5:39773 in memory (size: 7.0 KiB, free: 366.3 MiB)
[2025-04-29T14:50:32.682+0000] {spark_submit.py:490} INFO - 25/04/29 14:50:32 INFO BlockManagerInfo: Removed broadcast_4_piece0 on bd05f2cbfffd:34591 in memory (size: 7.3 KiB, free: 434.4 MiB)
[2025-04-29T14:50:32.688+0000] {spark_submit.py:490} INFO - 25/04/29 14:50:32 INFO BlockManagerInfo: Removed broadcast_4_piece0 on 172.18.0.5:39773 in memory (size: 7.3 KiB, free: 366.3 MiB)
[2025-04-29T14:50:32.708+0000] {spark_submit.py:490} INFO - 25/04/29 14:50:32 INFO CodeGenerator: Code generated in 11.931009 ms
[2025-04-29T14:50:32.726+0000] {spark_submit.py:490} INFO - 25/04/29 14:50:32 INFO CodeGenerator: Code generated in 10.833744 ms
[2025-04-29T14:50:32.762+0000] {spark_submit.py:490} INFO - 25/04/29 14:50:32 INFO DAGScheduler: Registering RDD 19 (count at NativeMethodAccessorImpl.java:0) as input to shuffle 3
[2025-04-29T14:50:32.762+0000] {spark_submit.py:490} INFO - 25/04/29 14:50:32 INFO DAGScheduler: Got map stage job 5 (count at NativeMethodAccessorImpl.java:0) with 1 output partitions
[2025-04-29T14:50:32.763+0000] {spark_submit.py:490} INFO - 25/04/29 14:50:32 INFO DAGScheduler: Final stage: ShuffleMapStage 8 (count at NativeMethodAccessorImpl.java:0)
[2025-04-29T14:50:32.763+0000] {spark_submit.py:490} INFO - 25/04/29 14:50:32 INFO DAGScheduler: Parents of final stage: List(ShuffleMapStage 7)
[2025-04-29T14:50:32.763+0000] {spark_submit.py:490} INFO - 25/04/29 14:50:32 INFO DAGScheduler: Missing parents: List()
[2025-04-29T14:50:32.763+0000] {spark_submit.py:490} INFO - 25/04/29 14:50:32 INFO DAGScheduler: Submitting ShuffleMapStage 8 (MapPartitionsRDD[19] at count at NativeMethodAccessorImpl.java:0), which has no missing parents
[2025-04-29T14:50:32.771+0000] {spark_submit.py:490} INFO - 25/04/29 14:50:32 INFO MemoryStore: Block broadcast_5 stored as values in memory (estimated size 34.6 KiB, free 434.4 MiB)
[2025-04-29T14:50:32.772+0000] {spark_submit.py:490} INFO - 25/04/29 14:50:32 INFO MemoryStore: Block broadcast_5_piece0 stored as bytes in memory (estimated size 16.6 KiB, free 434.3 MiB)
[2025-04-29T14:50:32.773+0000] {spark_submit.py:490} INFO - 25/04/29 14:50:32 INFO BlockManagerInfo: Added broadcast_5_piece0 in memory on bd05f2cbfffd:34591 (size: 16.6 KiB, free: 434.4 MiB)
[2025-04-29T14:50:32.773+0000] {spark_submit.py:490} INFO - 25/04/29 14:50:32 INFO SparkContext: Created broadcast 5 from broadcast at DAGScheduler.scala:1513
[2025-04-29T14:50:32.774+0000] {spark_submit.py:490} INFO - 25/04/29 14:50:32 INFO DAGScheduler: Submitting 1 missing tasks from ShuffleMapStage 8 (MapPartitionsRDD[19] at count at NativeMethodAccessorImpl.java:0) (first 15 tasks are for partitions Vector(0))
[2025-04-29T14:50:32.774+0000] {spark_submit.py:490} INFO - 25/04/29 14:50:32 INFO TaskSchedulerImpl: Adding task set 8.0 with 1 tasks resource profile 0
[2025-04-29T14:50:32.776+0000] {spark_submit.py:490} INFO - 25/04/29 14:50:32 INFO TaskSetManager: Starting task 0.0 in stage 8.0 (TID 5) (172.18.0.5, executor 0, partition 0, NODE_LOCAL, 4446 bytes) taskResourceAssignments Map()
[2025-04-29T14:50:32.791+0000] {spark_submit.py:490} INFO - 25/04/29 14:50:32 INFO BlockManagerInfo: Added broadcast_5_piece0 in memory on 172.18.0.5:39773 (size: 16.6 KiB, free: 366.3 MiB)
[2025-04-29T14:50:32.891+0000] {spark_submit.py:490} INFO - 25/04/29 14:50:32 INFO MapOutputTrackerMasterEndpoint: Asked to send map output locations for shuffle 2 to 172.18.0.5:35006
[2025-04-29T14:50:33.188+0000] {spark_submit.py:490} INFO - 25/04/29 14:50:33 INFO TaskSetManager: Finished task 0.0 in stage 8.0 (TID 5) in 413 ms on 172.18.0.5 (executor 0) (1/1)
[2025-04-29T14:50:33.189+0000] {spark_submit.py:490} INFO - 25/04/29 14:50:33 INFO TaskSchedulerImpl: Removed TaskSet 8.0, whose tasks have all completed, from pool
[2025-04-29T14:50:33.189+0000] {spark_submit.py:490} INFO - 25/04/29 14:50:33 INFO DAGScheduler: ShuffleMapStage 8 (count at NativeMethodAccessorImpl.java:0) finished in 0.421 s
[2025-04-29T14:50:33.189+0000] {spark_submit.py:490} INFO - 25/04/29 14:50:33 INFO DAGScheduler: looking for newly runnable stages
[2025-04-29T14:50:33.190+0000] {spark_submit.py:490} INFO - 25/04/29 14:50:33 INFO DAGScheduler: running: Set()
[2025-04-29T14:50:33.190+0000] {spark_submit.py:490} INFO - 25/04/29 14:50:33 INFO DAGScheduler: waiting: Set()
[2025-04-29T14:50:33.190+0000] {spark_submit.py:490} INFO - 25/04/29 14:50:33 INFO DAGScheduler: failed: Set()
[2025-04-29T14:50:33.208+0000] {spark_submit.py:490} INFO - 25/04/29 14:50:33 INFO CodeGenerator: Code generated in 9.946886 ms
[2025-04-29T14:50:33.219+0000] {spark_submit.py:490} INFO - 25/04/29 14:50:33 INFO SparkContext: Starting job: count at NativeMethodAccessorImpl.java:0
[2025-04-29T14:50:33.221+0000] {spark_submit.py:490} INFO - 25/04/29 14:50:33 INFO DAGScheduler: Got job 6 (count at NativeMethodAccessorImpl.java:0) with 1 output partitions
[2025-04-29T14:50:33.221+0000] {spark_submit.py:490} INFO - 25/04/29 14:50:33 INFO DAGScheduler: Final stage: ResultStage 11 (count at NativeMethodAccessorImpl.java:0)
[2025-04-29T14:50:33.221+0000] {spark_submit.py:490} INFO - 25/04/29 14:50:33 INFO DAGScheduler: Parents of final stage: List(ShuffleMapStage 10)
[2025-04-29T14:50:33.221+0000] {spark_submit.py:490} INFO - 25/04/29 14:50:33 INFO DAGScheduler: Missing parents: List()
[2025-04-29T14:50:33.222+0000] {spark_submit.py:490} INFO - 25/04/29 14:50:33 INFO DAGScheduler: Submitting ResultStage 11 (MapPartitionsRDD[22] at count at NativeMethodAccessorImpl.java:0), which has no missing parents
[2025-04-29T14:50:33.224+0000] {spark_submit.py:490} INFO - 25/04/29 14:50:33 INFO MemoryStore: Block broadcast_6 stored as values in memory (estimated size 11.1 KiB, free 434.3 MiB)
[2025-04-29T14:50:33.226+0000] {spark_submit.py:490} INFO - 25/04/29 14:50:33 INFO MemoryStore: Block broadcast_6_piece0 stored as bytes in memory (estimated size 5.5 KiB, free 434.3 MiB)
[2025-04-29T14:50:33.227+0000] {spark_submit.py:490} INFO - 25/04/29 14:50:33 INFO BlockManagerInfo: Added broadcast_6_piece0 in memory on bd05f2cbfffd:34591 (size: 5.5 KiB, free: 434.4 MiB)
[2025-04-29T14:50:33.227+0000] {spark_submit.py:490} INFO - 25/04/29 14:50:33 INFO SparkContext: Created broadcast 6 from broadcast at DAGScheduler.scala:1513
[2025-04-29T14:50:33.228+0000] {spark_submit.py:490} INFO - 25/04/29 14:50:33 INFO DAGScheduler: Submitting 1 missing tasks from ResultStage 11 (MapPartitionsRDD[22] at count at NativeMethodAccessorImpl.java:0) (first 15 tasks are for partitions Vector(0))
[2025-04-29T14:50:33.228+0000] {spark_submit.py:490} INFO - 25/04/29 14:50:33 INFO TaskSchedulerImpl: Adding task set 11.0 with 1 tasks resource profile 0
[2025-04-29T14:50:33.229+0000] {spark_submit.py:490} INFO - 25/04/29 14:50:33 INFO TaskSetManager: Starting task 0.0 in stage 11.0 (TID 6) (172.18.0.5, executor 0, partition 0, NODE_LOCAL, 4457 bytes) taskResourceAssignments Map()
[2025-04-29T14:50:33.241+0000] {spark_submit.py:490} INFO - 25/04/29 14:50:33 INFO BlockManagerInfo: Added broadcast_6_piece0 in memory on 172.18.0.5:39773 (size: 5.5 KiB, free: 366.3 MiB)
[2025-04-29T14:50:33.247+0000] {spark_submit.py:490} INFO - 25/04/29 14:50:33 INFO MapOutputTrackerMasterEndpoint: Asked to send map output locations for shuffle 3 to 172.18.0.5:35006
[2025-04-29T14:50:33.264+0000] {spark_submit.py:490} INFO - 25/04/29 14:50:33 INFO TaskSetManager: Finished task 0.0 in stage 11.0 (TID 6) in 34 ms on 172.18.0.5 (executor 0) (1/1)
[2025-04-29T14:50:33.264+0000] {spark_submit.py:490} INFO - 25/04/29 14:50:33 INFO TaskSchedulerImpl: Removed TaskSet 11.0, whose tasks have all completed, from pool
[2025-04-29T14:50:33.266+0000] {spark_submit.py:490} INFO - 25/04/29 14:50:33 INFO DAGScheduler: ResultStage 11 (count at NativeMethodAccessorImpl.java:0) finished in 0.042 s
[2025-04-29T14:50:33.266+0000] {spark_submit.py:490} INFO - 25/04/29 14:50:33 INFO DAGScheduler: Job 6 is finished. Cancelling potential speculative or zombie tasks for this job
[2025-04-29T14:50:33.267+0000] {spark_submit.py:490} INFO - 25/04/29 14:50:33 INFO TaskSchedulerImpl: Killing all running tasks in stage 11: Stage finished
[2025-04-29T14:50:33.267+0000] {spark_submit.py:490} INFO - 25/04/29 14:50:33 INFO DAGScheduler: Job 6 finished: count at NativeMethodAccessorImpl.java:0, took 0.047400 s
[2025-04-29T14:50:33.270+0000] {spark_submit.py:490} INFO - INFO:__main__:Правило freq_tx отработано, записей: 4
[2025-04-29T14:50:33.377+0000] {spark_submit.py:490} INFO - 25/04/29 14:50:33 INFO DAGScheduler: Registering RDD 26 (count at NativeMethodAccessorImpl.java:0) as input to shuffle 4
[2025-04-29T14:50:33.377+0000] {spark_submit.py:490} INFO - 25/04/29 14:50:33 INFO DAGScheduler: Got map stage job 7 (count at NativeMethodAccessorImpl.java:0) with 1 output partitions
[2025-04-29T14:50:33.377+0000] {spark_submit.py:490} INFO - 25/04/29 14:50:33 INFO DAGScheduler: Final stage: ShuffleMapStage 12 (count at NativeMethodAccessorImpl.java:0)
[2025-04-29T14:50:33.377+0000] {spark_submit.py:490} INFO - 25/04/29 14:50:33 INFO DAGScheduler: Parents of final stage: List()
[2025-04-29T14:50:33.377+0000] {spark_submit.py:490} INFO - 25/04/29 14:50:33 INFO DAGScheduler: Missing parents: List()
[2025-04-29T14:50:33.378+0000] {spark_submit.py:490} INFO - 25/04/29 14:50:33 INFO DAGScheduler: Submitting ShuffleMapStage 12 (MapPartitionsRDD[26] at count at NativeMethodAccessorImpl.java:0), which has no missing parents
[2025-04-29T14:50:33.381+0000] {spark_submit.py:490} INFO - 25/04/29 14:50:33 INFO MemoryStore: Block broadcast_7 stored as values in memory (estimated size 14.1 KiB, free 434.3 MiB)
[2025-04-29T14:50:33.383+0000] {spark_submit.py:490} INFO - 25/04/29 14:50:33 INFO MemoryStore: Block broadcast_7_piece0 stored as bytes in memory (estimated size 7.3 KiB, free 434.3 MiB)
[2025-04-29T14:50:33.383+0000] {spark_submit.py:490} INFO - 25/04/29 14:50:33 INFO BlockManagerInfo: Added broadcast_7_piece0 in memory on bd05f2cbfffd:34591 (size: 7.3 KiB, free: 434.4 MiB)
[2025-04-29T14:50:33.384+0000] {spark_submit.py:490} INFO - 25/04/29 14:50:33 INFO SparkContext: Created broadcast 7 from broadcast at DAGScheduler.scala:1513
[2025-04-29T14:50:33.385+0000] {spark_submit.py:490} INFO - 25/04/29 14:50:33 INFO DAGScheduler: Submitting 1 missing tasks from ShuffleMapStage 12 (MapPartitionsRDD[26] at count at NativeMethodAccessorImpl.java:0) (first 15 tasks are for partitions Vector(0))
[2025-04-29T14:50:33.385+0000] {spark_submit.py:490} INFO - 25/04/29 14:50:33 INFO TaskSchedulerImpl: Adding task set 12.0 with 1 tasks resource profile 0
[2025-04-29T14:50:33.386+0000] {spark_submit.py:490} INFO - 25/04/29 14:50:33 INFO TaskSetManager: Starting task 0.0 in stage 12.0 (TID 7) (172.18.0.5, executor 0, partition 0, PROCESS_LOCAL, 4292 bytes) taskResourceAssignments Map()
[2025-04-29T14:50:33.397+0000] {spark_submit.py:490} INFO - 25/04/29 14:50:33 INFO BlockManagerInfo: Added broadcast_7_piece0 in memory on 172.18.0.5:39773 (size: 7.3 KiB, free: 366.3 MiB)
[2025-04-29T14:50:33.463+0000] {spark_submit.py:490} INFO - 25/04/29 14:50:33 INFO TaskSetManager: Finished task 0.0 in stage 12.0 (TID 7) in 77 ms on 172.18.0.5 (executor 0) (1/1)
[2025-04-29T14:50:33.463+0000] {spark_submit.py:490} INFO - 25/04/29 14:50:33 INFO TaskSchedulerImpl: Removed TaskSet 12.0, whose tasks have all completed, from pool
[2025-04-29T14:50:33.464+0000] {spark_submit.py:490} INFO - 25/04/29 14:50:33 INFO DAGScheduler: ShuffleMapStage 12 (count at NativeMethodAccessorImpl.java:0) finished in 0.086 s
[2025-04-29T14:50:33.464+0000] {spark_submit.py:490} INFO - 25/04/29 14:50:33 INFO DAGScheduler: looking for newly runnable stages
[2025-04-29T14:50:33.464+0000] {spark_submit.py:490} INFO - 25/04/29 14:50:33 INFO DAGScheduler: running: Set()
[2025-04-29T14:50:33.465+0000] {spark_submit.py:490} INFO - 25/04/29 14:50:33 INFO DAGScheduler: waiting: Set()
[2025-04-29T14:50:33.465+0000] {spark_submit.py:490} INFO - 25/04/29 14:50:33 INFO DAGScheduler: failed: Set()
[2025-04-29T14:50:33.475+0000] {spark_submit.py:490} INFO - 25/04/29 14:50:33 INFO ShufflePartitionsUtil: For shuffle(4), advisory target size: 67108864, actual target size 1048576, minimum partition size: 1048576
[2025-04-29T14:50:33.496+0000] {spark_submit.py:490} INFO - 25/04/29 14:50:33 INFO CodeGenerator: Code generated in 8.951192 ms
[2025-04-29T14:50:33.505+0000] {spark_submit.py:490} INFO - 25/04/29 14:50:33 INFO CodeGenerator: Code generated in 7.095832 ms
[2025-04-29T14:50:33.516+0000] {spark_submit.py:490} INFO - 25/04/29 14:50:33 INFO CodeGenerator: Code generated in 5.953907 ms
[2025-04-29T14:50:33.529+0000] {spark_submit.py:490} INFO - 25/04/29 14:50:33 INFO CodeGenerator: Code generated in 9.953449 ms
[2025-04-29T14:50:33.546+0000] {spark_submit.py:490} INFO - 25/04/29 14:50:33 INFO DAGScheduler: Registering RDD 35 (count at NativeMethodAccessorImpl.java:0) as input to shuffle 5
[2025-04-29T14:50:33.546+0000] {spark_submit.py:490} INFO - 25/04/29 14:50:33 INFO DAGScheduler: Got map stage job 8 (count at NativeMethodAccessorImpl.java:0) with 2 output partitions
[2025-04-29T14:50:33.546+0000] {spark_submit.py:490} INFO - 25/04/29 14:50:33 INFO DAGScheduler: Final stage: ShuffleMapStage 14 (count at NativeMethodAccessorImpl.java:0)
[2025-04-29T14:50:33.546+0000] {spark_submit.py:490} INFO - 25/04/29 14:50:33 INFO DAGScheduler: Parents of final stage: List(ShuffleMapStage 13)
[2025-04-29T14:50:33.546+0000] {spark_submit.py:490} INFO - 25/04/29 14:50:33 INFO DAGScheduler: Missing parents: List()
[2025-04-29T14:50:33.547+0000] {spark_submit.py:490} INFO - 25/04/29 14:50:33 INFO DAGScheduler: Submitting ShuffleMapStage 14 (MapPartitionsRDD[35] at count at NativeMethodAccessorImpl.java:0), which has no missing parents
[2025-04-29T14:50:33.557+0000] {spark_submit.py:490} INFO - 25/04/29 14:50:33 INFO MemoryStore: Block broadcast_8 stored as values in memory (estimated size 38.6 KiB, free 434.3 MiB)
[2025-04-29T14:50:33.569+0000] {spark_submit.py:490} INFO - 25/04/29 14:50:33 INFO MemoryStore: Block broadcast_8_piece0 stored as bytes in memory (estimated size 17.8 KiB, free 434.3 MiB)
[2025-04-29T14:50:33.570+0000] {spark_submit.py:490} INFO - 25/04/29 14:50:33 INFO BlockManagerInfo: Added broadcast_8_piece0 in memory on bd05f2cbfffd:34591 (size: 17.8 KiB, free: 434.4 MiB)
[2025-04-29T14:50:33.571+0000] {spark_submit.py:490} INFO - 25/04/29 14:50:33 INFO SparkContext: Created broadcast 8 from broadcast at DAGScheduler.scala:1513
[2025-04-29T14:50:33.572+0000] {spark_submit.py:490} INFO - 25/04/29 14:50:33 INFO DAGScheduler: Submitting 2 missing tasks from ShuffleMapStage 14 (MapPartitionsRDD[35] at count at NativeMethodAccessorImpl.java:0) (first 15 tasks are for partitions Vector(0, 1))
[2025-04-29T14:50:33.573+0000] {spark_submit.py:490} INFO - 25/04/29 14:50:33 INFO TaskSchedulerImpl: Adding task set 14.0 with 2 tasks resource profile 0
[2025-04-29T14:50:33.574+0000] {spark_submit.py:490} INFO - 25/04/29 14:50:33 INFO BlockManagerInfo: Removed broadcast_6_piece0 on bd05f2cbfffd:34591 in memory (size: 5.5 KiB, free: 434.4 MiB)
[2025-04-29T14:50:33.576+0000] {spark_submit.py:490} INFO - 25/04/29 14:50:33 INFO BlockManagerInfo: Removed broadcast_6_piece0 on 172.18.0.5:39773 in memory (size: 5.5 KiB, free: 366.3 MiB)
[2025-04-29T14:50:33.577+0000] {spark_submit.py:490} INFO - 25/04/29 14:50:33 INFO TaskSetManager: Starting task 1.0 in stage 14.0 (TID 8) (172.18.0.5, executor 0, partition 1, NODE_LOCAL, 4555 bytes) taskResourceAssignments Map()
[2025-04-29T14:50:33.588+0000] {spark_submit.py:490} INFO - 25/04/29 14:50:33 INFO BlockManagerInfo: Removed broadcast_7_piece0 on bd05f2cbfffd:34591 in memory (size: 7.3 KiB, free: 434.4 MiB)
[2025-04-29T14:50:33.591+0000] {spark_submit.py:490} INFO - 25/04/29 14:50:33 INFO BlockManagerInfo: Removed broadcast_7_piece0 on 172.18.0.5:39773 in memory (size: 7.3 KiB, free: 366.3 MiB)
[2025-04-29T14:50:33.608+0000] {spark_submit.py:490} INFO - 25/04/29 14:50:33 INFO BlockManagerInfo: Added broadcast_8_piece0 in memory on 172.18.0.5:39773 (size: 17.8 KiB, free: 366.3 MiB)
[2025-04-29T14:50:33.615+0000] {spark_submit.py:490} INFO - 25/04/29 14:50:33 INFO BlockManagerInfo: Removed broadcast_5_piece0 on bd05f2cbfffd:34591 in memory (size: 16.6 KiB, free: 434.4 MiB)
[2025-04-29T14:50:33.617+0000] {spark_submit.py:490} INFO - 25/04/29 14:50:33 INFO BlockManagerInfo: Removed broadcast_5_piece0 on 172.18.0.5:39773 in memory (size: 16.6 KiB, free: 366.3 MiB)
[2025-04-29T14:50:33.624+0000] {spark_submit.py:490} INFO - 25/04/29 14:50:33 INFO MapOutputTrackerMasterEndpoint: Asked to send map output locations for shuffle 4 to 172.18.0.5:35006
[2025-04-29T14:50:33.681+0000] {spark_submit.py:490} INFO - 25/04/29 14:50:33 INFO TaskSetManager: Starting task 0.0 in stage 14.0 (TID 9) (172.18.0.5, executor 0, partition 0, PROCESS_LOCAL, 4401 bytes) taskResourceAssignments Map()
[2025-04-29T14:50:33.683+0000] {spark_submit.py:490} INFO - 25/04/29 14:50:33 INFO TaskSetManager: Finished task 1.0 in stage 14.0 (TID 8) in 109 ms on 172.18.0.5 (executor 0) (1/2)
[2025-04-29T14:50:33.724+0000] {spark_submit.py:490} INFO - 25/04/29 14:50:33 INFO TaskSetManager: Finished task 0.0 in stage 14.0 (TID 9) in 44 ms on 172.18.0.5 (executor 0) (2/2)
[2025-04-29T14:50:33.725+0000] {spark_submit.py:490} INFO - 25/04/29 14:50:33 INFO TaskSchedulerImpl: Removed TaskSet 14.0, whose tasks have all completed, from pool
[2025-04-29T14:50:33.725+0000] {spark_submit.py:490} INFO - 25/04/29 14:50:33 INFO DAGScheduler: ShuffleMapStage 14 (count at NativeMethodAccessorImpl.java:0) finished in 0.173 s
[2025-04-29T14:50:33.726+0000] {spark_submit.py:490} INFO - 25/04/29 14:50:33 INFO DAGScheduler: looking for newly runnable stages
[2025-04-29T14:50:33.726+0000] {spark_submit.py:490} INFO - 25/04/29 14:50:33 INFO DAGScheduler: running: Set()
[2025-04-29T14:50:33.726+0000] {spark_submit.py:490} INFO - 25/04/29 14:50:33 INFO DAGScheduler: waiting: Set()
[2025-04-29T14:50:33.726+0000] {spark_submit.py:490} INFO - 25/04/29 14:50:33 INFO DAGScheduler: failed: Set()
[2025-04-29T14:50:33.743+0000] {spark_submit.py:490} INFO - 25/04/29 14:50:33 INFO CodeGenerator: Code generated in 6.325556 ms
[2025-04-29T14:50:33.750+0000] {spark_submit.py:490} INFO - 25/04/29 14:50:33 INFO SparkContext: Starting job: count at NativeMethodAccessorImpl.java:0
[2025-04-29T14:50:33.752+0000] {spark_submit.py:490} INFO - 25/04/29 14:50:33 INFO DAGScheduler: Got job 9 (count at NativeMethodAccessorImpl.java:0) with 1 output partitions
[2025-04-29T14:50:33.752+0000] {spark_submit.py:490} INFO - 25/04/29 14:50:33 INFO DAGScheduler: Final stage: ResultStage 17 (count at NativeMethodAccessorImpl.java:0)
[2025-04-29T14:50:33.752+0000] {spark_submit.py:490} INFO - 25/04/29 14:50:33 INFO DAGScheduler: Parents of final stage: List(ShuffleMapStage 16)
[2025-04-29T14:50:33.752+0000] {spark_submit.py:490} INFO - 25/04/29 14:50:33 INFO DAGScheduler: Missing parents: List()
[2025-04-29T14:50:33.753+0000] {spark_submit.py:490} INFO - 25/04/29 14:50:33 INFO DAGScheduler: Submitting ResultStage 17 (MapPartitionsRDD[38] at count at NativeMethodAccessorImpl.java:0), which has no missing parents
[2025-04-29T14:50:33.755+0000] {spark_submit.py:490} INFO - 25/04/29 14:50:33 INFO MemoryStore: Block broadcast_9 stored as values in memory (estimated size 11.1 KiB, free 434.3 MiB)
[2025-04-29T14:50:33.757+0000] {spark_submit.py:490} INFO - 25/04/29 14:50:33 INFO MemoryStore: Block broadcast_9_piece0 stored as bytes in memory (estimated size 5.5 KiB, free 434.3 MiB)
[2025-04-29T14:50:33.757+0000] {spark_submit.py:490} INFO - 25/04/29 14:50:33 INFO BlockManagerInfo: Added broadcast_9_piece0 in memory on bd05f2cbfffd:34591 (size: 5.5 KiB, free: 434.4 MiB)
[2025-04-29T14:50:33.758+0000] {spark_submit.py:490} INFO - 25/04/29 14:50:33 INFO SparkContext: Created broadcast 9 from broadcast at DAGScheduler.scala:1513
[2025-04-29T14:50:33.758+0000] {spark_submit.py:490} INFO - 25/04/29 14:50:33 INFO DAGScheduler: Submitting 1 missing tasks from ResultStage 17 (MapPartitionsRDD[38] at count at NativeMethodAccessorImpl.java:0) (first 15 tasks are for partitions Vector(0))
[2025-04-29T14:50:33.758+0000] {spark_submit.py:490} INFO - 25/04/29 14:50:33 INFO TaskSchedulerImpl: Adding task set 17.0 with 1 tasks resource profile 0
[2025-04-29T14:50:33.760+0000] {spark_submit.py:490} INFO - 25/04/29 14:50:33 INFO TaskSetManager: Starting task 0.0 in stage 17.0 (TID 10) (172.18.0.5, executor 0, partition 0, NODE_LOCAL, 4457 bytes) taskResourceAssignments Map()
[2025-04-29T14:50:33.770+0000] {spark_submit.py:490} INFO - 25/04/29 14:50:33 INFO BlockManagerInfo: Added broadcast_9_piece0 in memory on 172.18.0.5:39773 (size: 5.5 KiB, free: 366.3 MiB)
[2025-04-29T14:50:33.776+0000] {spark_submit.py:490} INFO - 25/04/29 14:50:33 INFO MapOutputTrackerMasterEndpoint: Asked to send map output locations for shuffle 5 to 172.18.0.5:35006
[2025-04-29T14:50:33.794+0000] {spark_submit.py:490} INFO - 25/04/29 14:50:33 INFO TaskSetManager: Finished task 0.0 in stage 17.0 (TID 10) in 35 ms on 172.18.0.5 (executor 0) (1/1)
[2025-04-29T14:50:33.794+0000] {spark_submit.py:490} INFO - 25/04/29 14:50:33 INFO TaskSchedulerImpl: Removed TaskSet 17.0, whose tasks have all completed, from pool
[2025-04-29T14:50:33.795+0000] {spark_submit.py:490} INFO - 25/04/29 14:50:33 INFO DAGScheduler: ResultStage 17 (count at NativeMethodAccessorImpl.java:0) finished in 0.042 s
[2025-04-29T14:50:33.796+0000] {spark_submit.py:490} INFO - 25/04/29 14:50:33 INFO DAGScheduler: Job 9 is finished. Cancelling potential speculative or zombie tasks for this job
[2025-04-29T14:50:33.796+0000] {spark_submit.py:490} INFO - 25/04/29 14:50:33 INFO TaskSchedulerImpl: Killing all running tasks in stage 17: Stage finished
[2025-04-29T14:50:33.796+0000] {spark_submit.py:490} INFO - 25/04/29 14:50:33 INFO DAGScheduler: Job 9 finished: count at NativeMethodAccessorImpl.java:0, took 0.045273 s
[2025-04-29T14:50:33.798+0000] {spark_submit.py:490} INFO - INFO:__main__:Объединение результатов выполнено, итого записей: 375
[2025-04-29T14:50:33.925+0000] {spark_submit.py:490} INFO - 25/04/29 14:50:33 INFO CodeGenerator: Code generated in 14.040089 ms
[2025-04-29T14:50:33.930+0000] {spark_submit.py:490} INFO - 25/04/29 14:50:33 INFO DAGScheduler: Registering RDD 42 (jdbc at NativeMethodAccessorImpl.java:0) as input to shuffle 6
[2025-04-29T14:50:33.930+0000] {spark_submit.py:490} INFO - 25/04/29 14:50:33 INFO DAGScheduler: Got map stage job 10 (jdbc at NativeMethodAccessorImpl.java:0) with 1 output partitions
[2025-04-29T14:50:33.930+0000] {spark_submit.py:490} INFO - 25/04/29 14:50:33 INFO DAGScheduler: Final stage: ShuffleMapStage 18 (jdbc at NativeMethodAccessorImpl.java:0)
[2025-04-29T14:50:33.930+0000] {spark_submit.py:490} INFO - 25/04/29 14:50:33 INFO DAGScheduler: Parents of final stage: List()
[2025-04-29T14:50:33.930+0000] {spark_submit.py:490} INFO - 25/04/29 14:50:33 INFO DAGScheduler: Missing parents: List()
[2025-04-29T14:50:33.931+0000] {spark_submit.py:490} INFO - 25/04/29 14:50:33 INFO DAGScheduler: Submitting ShuffleMapStage 18 (MapPartitionsRDD[42] at jdbc at NativeMethodAccessorImpl.java:0), which has no missing parents
[2025-04-29T14:50:33.937+0000] {spark_submit.py:490} INFO - 25/04/29 14:50:33 INFO MemoryStore: Block broadcast_10 stored as values in memory (estimated size 16.3 KiB, free 434.3 MiB)
[2025-04-29T14:50:33.939+0000] {spark_submit.py:490} INFO - 25/04/29 14:50:33 INFO MemoryStore: Block broadcast_10_piece0 stored as bytes in memory (estimated size 7.9 KiB, free 434.3 MiB)
[2025-04-29T14:50:33.939+0000] {spark_submit.py:490} INFO - 25/04/29 14:50:33 INFO BlockManagerInfo: Added broadcast_10_piece0 in memory on bd05f2cbfffd:34591 (size: 7.9 KiB, free: 434.4 MiB)
[2025-04-29T14:50:33.939+0000] {spark_submit.py:490} INFO - 25/04/29 14:50:33 INFO SparkContext: Created broadcast 10 from broadcast at DAGScheduler.scala:1513
[2025-04-29T14:50:33.940+0000] {spark_submit.py:490} INFO - 25/04/29 14:50:33 INFO DAGScheduler: Submitting 1 missing tasks from ShuffleMapStage 18 (MapPartitionsRDD[42] at jdbc at NativeMethodAccessorImpl.java:0) (first 15 tasks are for partitions Vector(0))
[2025-04-29T14:50:33.940+0000] {spark_submit.py:490} INFO - 25/04/29 14:50:33 INFO TaskSchedulerImpl: Adding task set 18.0 with 1 tasks resource profile 0
[2025-04-29T14:50:33.942+0000] {spark_submit.py:490} INFO - 25/04/29 14:50:33 INFO TaskSetManager: Starting task 0.0 in stage 18.0 (TID 11) (172.18.0.5, executor 0, partition 0, PROCESS_LOCAL, 4292 bytes) taskResourceAssignments Map()
[2025-04-29T14:50:33.955+0000] {spark_submit.py:490} INFO - 25/04/29 14:50:33 INFO BlockManagerInfo: Added broadcast_10_piece0 in memory on 172.18.0.5:39773 (size: 7.9 KiB, free: 366.3 MiB)
[2025-04-29T14:50:34.081+0000] {spark_submit.py:490} INFO - 25/04/29 14:50:34 INFO TaskSetManager: Finished task 0.0 in stage 18.0 (TID 11) in 140 ms on 172.18.0.5 (executor 0) (1/1)
[2025-04-29T14:50:34.082+0000] {spark_submit.py:490} INFO - 25/04/29 14:50:34 INFO TaskSchedulerImpl: Removed TaskSet 18.0, whose tasks have all completed, from pool
[2025-04-29T14:50:34.082+0000] {spark_submit.py:490} INFO - 25/04/29 14:50:34 INFO DAGScheduler: ShuffleMapStage 18 (jdbc at NativeMethodAccessorImpl.java:0) finished in 0.150 s
[2025-04-29T14:50:34.083+0000] {spark_submit.py:490} INFO - 25/04/29 14:50:34 INFO DAGScheduler: looking for newly runnable stages
[2025-04-29T14:50:34.083+0000] {spark_submit.py:490} INFO - 25/04/29 14:50:34 INFO DAGScheduler: running: Set()
[2025-04-29T14:50:34.083+0000] {spark_submit.py:490} INFO - 25/04/29 14:50:34 INFO DAGScheduler: waiting: Set()
[2025-04-29T14:50:34.083+0000] {spark_submit.py:490} INFO - 25/04/29 14:50:34 INFO DAGScheduler: failed: Set()
[2025-04-29T14:50:34.095+0000] {spark_submit.py:490} INFO - 25/04/29 14:50:34 INFO ShufflePartitionsUtil: For shuffle(6), advisory target size: 67108864, actual target size 1048576, minimum partition size: 1048576
[2025-04-29T14:50:34.112+0000] {spark_submit.py:490} INFO - 25/04/29 14:50:34 INFO CodeGenerator: Code generated in 9.936262 ms
[2025-04-29T14:50:34.127+0000] {spark_submit.py:490} INFO - 25/04/29 14:50:34 INFO CodeGenerator: Code generated in 7.606614 ms
[2025-04-29T14:50:34.167+0000] {spark_submit.py:490} INFO - 25/04/29 14:50:34 INFO SparkContext: Starting job: jdbc at NativeMethodAccessorImpl.java:0
[2025-04-29T14:50:34.168+0000] {spark_submit.py:490} INFO - 25/04/29 14:50:34 INFO DAGScheduler: Got job 11 (jdbc at NativeMethodAccessorImpl.java:0) with 2 output partitions
[2025-04-29T14:50:34.168+0000] {spark_submit.py:490} INFO - 25/04/29 14:50:34 INFO DAGScheduler: Final stage: ResultStage 20 (jdbc at NativeMethodAccessorImpl.java:0)
[2025-04-29T14:50:34.169+0000] {spark_submit.py:490} INFO - 25/04/29 14:50:34 INFO DAGScheduler: Parents of final stage: List(ShuffleMapStage 19)
[2025-04-29T14:50:34.169+0000] {spark_submit.py:490} INFO - 25/04/29 14:50:34 INFO DAGScheduler: Missing parents: List()
[2025-04-29T14:50:34.170+0000] {spark_submit.py:490} INFO - 25/04/29 14:50:34 INFO DAGScheduler: Submitting ResultStage 20 (MapPartitionsRDD[52] at jdbc at NativeMethodAccessorImpl.java:0), which has no missing parents
[2025-04-29T14:50:34.199+0000] {spark_submit.py:490} INFO - 25/04/29 14:50:34 INFO MemoryStore: Block broadcast_11 stored as values in memory (estimated size 58.9 KiB, free 434.2 MiB)
[2025-04-29T14:50:34.222+0000] {spark_submit.py:490} INFO - 25/04/29 14:50:34 INFO MemoryStore: Block broadcast_11_piece0 stored as bytes in memory (estimated size 23.9 KiB, free 434.2 MiB)
[2025-04-29T14:50:34.223+0000] {spark_submit.py:490} INFO - 25/04/29 14:50:34 INFO BlockManagerInfo: Added broadcast_11_piece0 in memory on bd05f2cbfffd:34591 (size: 23.9 KiB, free: 434.3 MiB)
[2025-04-29T14:50:34.224+0000] {spark_submit.py:490} INFO - 25/04/29 14:50:34 INFO SparkContext: Created broadcast 11 from broadcast at DAGScheduler.scala:1513
[2025-04-29T14:50:34.228+0000] {spark_submit.py:490} INFO - 25/04/29 14:50:34 INFO DAGScheduler: Submitting 2 missing tasks from ResultStage 20 (MapPartitionsRDD[52] at jdbc at NativeMethodAccessorImpl.java:0) (first 15 tasks are for partitions Vector(0, 1))
[2025-04-29T14:50:34.229+0000] {spark_submit.py:490} INFO - 25/04/29 14:50:34 INFO TaskSchedulerImpl: Adding task set 20.0 with 2 tasks resource profile 0
[2025-04-29T14:50:34.230+0000] {spark_submit.py:490} INFO - 25/04/29 14:50:34 INFO BlockManagerInfo: Removed broadcast_8_piece0 on bd05f2cbfffd:34591 in memory (size: 17.8 KiB, free: 434.4 MiB)
[2025-04-29T14:50:34.230+0000] {spark_submit.py:490} INFO - 25/04/29 14:50:34 INFO TaskSetManager: Starting task 1.0 in stage 20.0 (TID 12) (172.18.0.5, executor 0, partition 1, NODE_LOCAL, 4566 bytes) taskResourceAssignments Map()
[2025-04-29T14:50:34.249+0000] {spark_submit.py:490} INFO - 25/04/29 14:50:34 INFO BlockManagerInfo: Removed broadcast_8_piece0 on 172.18.0.5:39773 in memory (size: 17.8 KiB, free: 366.3 MiB)
[2025-04-29T14:50:34.265+0000] {spark_submit.py:490} INFO - 25/04/29 14:50:34 INFO BlockManagerInfo: Removed broadcast_10_piece0 on bd05f2cbfffd:34591 in memory (size: 7.9 KiB, free: 434.4 MiB)
[2025-04-29T14:50:34.267+0000] {spark_submit.py:490} INFO - 25/04/29 14:50:34 INFO BlockManagerInfo: Added broadcast_11_piece0 in memory on 172.18.0.5:39773 (size: 23.9 KiB, free: 366.3 MiB)
[2025-04-29T14:50:34.282+0000] {spark_submit.py:490} INFO - 25/04/29 14:50:34 INFO BlockManagerInfo: Removed broadcast_10_piece0 on 172.18.0.5:39773 in memory (size: 7.9 KiB, free: 366.3 MiB)
[2025-04-29T14:50:34.294+0000] {spark_submit.py:490} INFO - 25/04/29 14:50:34 INFO BlockManagerInfo: Removed broadcast_9_piece0 on bd05f2cbfffd:34591 in memory (size: 5.5 KiB, free: 434.4 MiB)
[2025-04-29T14:50:34.296+0000] {spark_submit.py:490} INFO - 25/04/29 14:50:34 INFO BlockManagerInfo: Removed broadcast_9_piece0 on 172.18.0.5:39773 in memory (size: 5.5 KiB, free: 366.3 MiB)
[2025-04-29T14:50:34.469+0000] {spark_submit.py:490} INFO - 25/04/29 14:50:34 INFO MapOutputTrackerMasterEndpoint: Asked to send map output locations for shuffle 6 to 172.18.0.5:35006
[2025-04-29T14:50:35.377+0000] {spark_submit.py:490} INFO - 25/04/29 14:50:35 INFO TaskSetManager: Starting task 0.0 in stage 20.0 (TID 13) (172.18.0.5, executor 0, partition 0, PROCESS_LOCAL, 4412 bytes) taskResourceAssignments Map()
[2025-04-29T14:50:35.379+0000] {spark_submit.py:490} INFO - 25/04/29 14:50:35 INFO TaskSetManager: Finished task 1.0 in stage 20.0 (TID 12) in 1152 ms on 172.18.0.5 (executor 0) (1/2)
[2025-04-29T14:50:35.493+0000] {spark_submit.py:490} INFO - 25/04/29 14:50:35 INFO TaskSetManager: Finished task 0.0 in stage 20.0 (TID 13) in 115 ms on 172.18.0.5 (executor 0) (2/2)
[2025-04-29T14:50:35.493+0000] {spark_submit.py:490} INFO - 25/04/29 14:50:35 INFO TaskSchedulerImpl: Removed TaskSet 20.0, whose tasks have all completed, from pool
[2025-04-29T14:50:35.493+0000] {spark_submit.py:490} INFO - 25/04/29 14:50:35 INFO DAGScheduler: ResultStage 20 (jdbc at NativeMethodAccessorImpl.java:0) finished in 1.320 s
[2025-04-29T14:50:35.493+0000] {spark_submit.py:490} INFO - 25/04/29 14:50:35 INFO DAGScheduler: Job 11 is finished. Cancelling potential speculative or zombie tasks for this job
[2025-04-29T14:50:35.494+0000] {spark_submit.py:490} INFO - 25/04/29 14:50:35 INFO TaskSchedulerImpl: Killing all running tasks in stage 20: Stage finished
[2025-04-29T14:50:35.494+0000] {spark_submit.py:490} INFO - 25/04/29 14:50:35 INFO DAGScheduler: Job 11 finished: jdbc at NativeMethodAccessorImpl.java:0, took 1.326675 s
[2025-04-29T14:50:35.507+0000] {spark_submit.py:490} INFO - INFO:__main__:Запись в mart.suspicious_transactions завершена
[2025-04-29T14:50:35.521+0000] {spark_submit.py:490} INFO - 25/04/29 14:50:35 WARN ClickHouseDriver: ******************************************************************************************
[2025-04-29T14:50:35.522+0000] {spark_submit.py:490} INFO - 25/04/29 14:50:35 WARN ClickHouseDriver: * This driver is DEPRECATED. Please use [com.clickhouse.jdbc.ClickHouseDriver] instead.  *
[2025-04-29T14:50:35.522+0000] {spark_submit.py:490} INFO - 25/04/29 14:50:35 WARN ClickHouseDriver: * Also everything in package [ru.yandex.clickhouse] will be removed starting from 0.4.0. *
[2025-04-29T14:50:35.522+0000] {spark_submit.py:490} INFO - 25/04/29 14:50:35 WARN ClickHouseDriver: ******************************************************************************************
[2025-04-29T14:50:35.662+0000] {spark_submit.py:490} INFO - Traceback (most recent call last):
[2025-04-29T14:50:35.663+0000] {spark_submit.py:490} INFO - File "/opt/airflow/spark/detect_suspicious.py", line 100, in <module>
[2025-04-29T14:50:35.663+0000] {spark_submit.py:490} INFO - .mode("append")
[2025-04-29T14:50:35.663+0000] {spark_submit.py:490} INFO - File "/opt/spark/python/lib/pyspark.zip/pyspark/sql/readwriter.py", line 966, in save
[2025-04-29T14:50:35.663+0000] {spark_submit.py:490} INFO - File "/opt/spark/python/lib/py4j-0.10.9.5-src.zip/py4j/java_gateway.py", line 1322, in __call__
[2025-04-29T14:50:35.663+0000] {spark_submit.py:490} INFO - File "/opt/spark/python/lib/pyspark.zip/pyspark/sql/utils.py", line 190, in deco
[2025-04-29T14:50:35.663+0000] {spark_submit.py:490} INFO - File "/opt/spark/python/lib/py4j-0.10.9.5-src.zip/py4j/protocol.py", line 328, in get_return_value
[2025-04-29T14:50:35.664+0000] {spark_submit.py:490} INFO - py4j.protocol.Py4JJavaError: An error occurred while calling o82.save.
[2025-04-29T14:50:35.664+0000] {spark_submit.py:490} INFO - : ru.yandex.clickhouse.except.ClickHouseException: ClickHouse exception, code: 81, host: clickhouse, port: 8123; Code: 81. DB::Exception: Database finbest doesn't exist. (UNKNOWN_DATABASE) (version 22.3.20.29 (official build))
[2025-04-29T14:50:35.664+0000] {spark_submit.py:490} INFO - 
[2025-04-29T14:50:35.664+0000] {spark_submit.py:490} INFO - at ru.yandex.clickhouse.except.ClickHouseExceptionSpecifier.specify(ClickHouseExceptionSpecifier.java:60)
[2025-04-29T14:50:35.664+0000] {spark_submit.py:490} INFO - at ru.yandex.clickhouse.except.ClickHouseExceptionSpecifier.specify(ClickHouseExceptionSpecifier.java:30)
[2025-04-29T14:50:35.665+0000] {spark_submit.py:490} INFO - at ru.yandex.clickhouse.ClickHouseStatementImpl.checkForErrorAndThrow(ClickHouseStatementImpl.java:1083)
[2025-04-29T14:50:35.665+0000] {spark_submit.py:490} INFO - at ru.yandex.clickhouse.ClickHouseStatementImpl.getInputStream(ClickHouseStatementImpl.java:770)
[2025-04-29T14:50:35.665+0000] {spark_submit.py:490} INFO - at ru.yandex.clickhouse.ClickHouseStatementImpl.getLastInputStream(ClickHouseStatementImpl.java:693)
[2025-04-29T14:50:35.665+0000] {spark_submit.py:490} INFO - at ru.yandex.clickhouse.ClickHouseStatementImpl.executeQuery(ClickHouseStatementImpl.java:341)
[2025-04-29T14:50:35.665+0000] {spark_submit.py:490} INFO - at ru.yandex.clickhouse.ClickHouseStatementImpl.executeQuery(ClickHouseStatementImpl.java:326)
[2025-04-29T14:50:35.665+0000] {spark_submit.py:490} INFO - at ru.yandex.clickhouse.ClickHouseStatementImpl.executeQuery(ClickHouseStatementImpl.java:320)
[2025-04-29T14:50:35.665+0000] {spark_submit.py:490} INFO - at ru.yandex.clickhouse.ClickHouseStatementImpl.executeQuery(ClickHouseStatementImpl.java:314)
[2025-04-29T14:50:35.665+0000] {spark_submit.py:490} INFO - at ru.yandex.clickhouse.ClickHouseConnectionImpl.initConnection(ClickHouseConnectionImpl.java:95)
[2025-04-29T14:50:35.665+0000] {spark_submit.py:490} INFO - at ru.yandex.clickhouse.ClickHouseConnectionImpl.<init>(ClickHouseConnectionImpl.java:79)
[2025-04-29T14:50:35.665+0000] {spark_submit.py:490} INFO - at ru.yandex.clickhouse.ClickHouseDriver.connect(ClickHouseDriver.java:65)
[2025-04-29T14:50:35.666+0000] {spark_submit.py:490} INFO - at ru.yandex.clickhouse.ClickHouseDriver.connect(ClickHouseDriver.java:57)
[2025-04-29T14:50:35.666+0000] {spark_submit.py:490} INFO - at ru.yandex.clickhouse.ClickHouseDriver.connect(ClickHouseDriver.java:36)
[2025-04-29T14:50:35.666+0000] {spark_submit.py:490} INFO - at org.apache.spark.sql.execution.datasources.jdbc.connection.BasicConnectionProvider.getConnection(BasicConnectionProvider.scala:49)
[2025-04-29T14:50:35.666+0000] {spark_submit.py:490} INFO - at org.apache.spark.sql.execution.datasources.jdbc.connection.ConnectionProviderBase.create(ConnectionProvider.scala:102)
[2025-04-29T14:50:35.666+0000] {spark_submit.py:490} INFO - at org.apache.spark.sql.jdbc.JdbcDialect.$anonfun$createConnectionFactory$1(JdbcDialects.scala:122)
[2025-04-29T14:50:35.666+0000] {spark_submit.py:490} INFO - at org.apache.spark.sql.jdbc.JdbcDialect.$anonfun$createConnectionFactory$1$adapted(JdbcDialects.scala:118)
[2025-04-29T14:50:35.666+0000] {spark_submit.py:490} INFO - at org.apache.spark.sql.execution.datasources.jdbc.JdbcRelationProvider.createRelation(JdbcRelationProvider.scala:50)
[2025-04-29T14:50:35.666+0000] {spark_submit.py:490} INFO - at org.apache.spark.sql.execution.datasources.SaveIntoDataSourceCommand.run(SaveIntoDataSourceCommand.scala:45)
[2025-04-29T14:50:35.666+0000] {spark_submit.py:490} INFO - at org.apache.spark.sql.execution.command.ExecutedCommandExec.sideEffectResult$lzycompute(commands.scala:75)
[2025-04-29T14:50:35.666+0000] {spark_submit.py:490} INFO - at org.apache.spark.sql.execution.command.ExecutedCommandExec.sideEffectResult(commands.scala:73)
[2025-04-29T14:50:35.666+0000] {spark_submit.py:490} INFO - at org.apache.spark.sql.execution.command.ExecutedCommandExec.executeCollect(commands.scala:84)
[2025-04-29T14:50:35.667+0000] {spark_submit.py:490} INFO - at org.apache.spark.sql.execution.QueryExecution$$anonfun$eagerlyExecuteCommands$1.$anonfun$applyOrElse$1(QueryExecution.scala:98)
[2025-04-29T14:50:35.667+0000] {spark_submit.py:490} INFO - at org.apache.spark.sql.execution.SQLExecution$.$anonfun$withNewExecutionId$6(SQLExecution.scala:109)
[2025-04-29T14:50:35.667+0000] {spark_submit.py:490} INFO - at org.apache.spark.sql.execution.SQLExecution$.withSQLConfPropagated(SQLExecution.scala:169)
[2025-04-29T14:50:35.667+0000] {spark_submit.py:490} INFO - at org.apache.spark.sql.execution.SQLExecution$.$anonfun$withNewExecutionId$1(SQLExecution.scala:95)
[2025-04-29T14:50:35.667+0000] {spark_submit.py:490} INFO - at org.apache.spark.sql.SparkSession.withActive(SparkSession.scala:779)
[2025-04-29T14:50:35.667+0000] {spark_submit.py:490} INFO - at org.apache.spark.sql.execution.SQLExecution$.withNewExecutionId(SQLExecution.scala:64)
[2025-04-29T14:50:35.667+0000] {spark_submit.py:490} INFO - at org.apache.spark.sql.execution.QueryExecution$$anonfun$eagerlyExecuteCommands$1.applyOrElse(QueryExecution.scala:98)
[2025-04-29T14:50:35.667+0000] {spark_submit.py:490} INFO - at org.apache.spark.sql.execution.QueryExecution$$anonfun$eagerlyExecuteCommands$1.applyOrElse(QueryExecution.scala:94)
[2025-04-29T14:50:35.667+0000] {spark_submit.py:490} INFO - at org.apache.spark.sql.catalyst.trees.TreeNode.$anonfun$transformDownWithPruning$1(TreeNode.scala:584)
[2025-04-29T14:50:35.668+0000] {spark_submit.py:490} INFO - at org.apache.spark.sql.catalyst.trees.CurrentOrigin$.withOrigin(TreeNode.scala:176)
[2025-04-29T14:50:35.668+0000] {spark_submit.py:490} INFO - at org.apache.spark.sql.catalyst.trees.TreeNode.transformDownWithPruning(TreeNode.scala:584)
[2025-04-29T14:50:35.668+0000] {spark_submit.py:490} INFO - at org.apache.spark.sql.catalyst.plans.logical.LogicalPlan.org$apache$spark$sql$catalyst$plans$logical$AnalysisHelper$$super$transformDownWithPruning(LogicalPlan.scala:30)
[2025-04-29T14:50:35.668+0000] {spark_submit.py:490} INFO - at org.apache.spark.sql.catalyst.plans.logical.AnalysisHelper.transformDownWithPruning(AnalysisHelper.scala:267)
[2025-04-29T14:50:35.668+0000] {spark_submit.py:490} INFO - at org.apache.spark.sql.catalyst.plans.logical.AnalysisHelper.transformDownWithPruning$(AnalysisHelper.scala:263)
[2025-04-29T14:50:35.668+0000] {spark_submit.py:490} INFO - at org.apache.spark.sql.catalyst.plans.logical.LogicalPlan.transformDownWithPruning(LogicalPlan.scala:30)
[2025-04-29T14:50:35.668+0000] {spark_submit.py:490} INFO - at org.apache.spark.sql.catalyst.plans.logical.LogicalPlan.transformDownWithPruning(LogicalPlan.scala:30)
[2025-04-29T14:50:35.668+0000] {spark_submit.py:490} INFO - at org.apache.spark.sql.catalyst.trees.TreeNode.transformDown(TreeNode.scala:560)
[2025-04-29T14:50:35.668+0000] {spark_submit.py:490} INFO - at org.apache.spark.sql.execution.QueryExecution.eagerlyExecuteCommands(QueryExecution.scala:94)
[2025-04-29T14:50:35.669+0000] {spark_submit.py:490} INFO - at org.apache.spark.sql.execution.QueryExecution.commandExecuted$lzycompute(QueryExecution.scala:81)
[2025-04-29T14:50:35.669+0000] {spark_submit.py:490} INFO - at org.apache.spark.sql.execution.QueryExecution.commandExecuted(QueryExecution.scala:79)
[2025-04-29T14:50:35.669+0000] {spark_submit.py:490} INFO - at org.apache.spark.sql.execution.QueryExecution.assertCommandExecuted(QueryExecution.scala:116)
[2025-04-29T14:50:35.669+0000] {spark_submit.py:490} INFO - at org.apache.spark.sql.DataFrameWriter.runCommand(DataFrameWriter.scala:860)
[2025-04-29T14:50:35.669+0000] {spark_submit.py:490} INFO - at org.apache.spark.sql.DataFrameWriter.saveToV1Source(DataFrameWriter.scala:390)
[2025-04-29T14:50:35.669+0000] {spark_submit.py:490} INFO - at org.apache.spark.sql.DataFrameWriter.saveInternal(DataFrameWriter.scala:363)
[2025-04-29T14:50:35.669+0000] {spark_submit.py:490} INFO - at org.apache.spark.sql.DataFrameWriter.save(DataFrameWriter.scala:247)
[2025-04-29T14:50:35.669+0000] {spark_submit.py:490} INFO - at java.base/jdk.internal.reflect.NativeMethodAccessorImpl.invoke0(Native Method)
[2025-04-29T14:50:35.669+0000] {spark_submit.py:490} INFO - at java.base/jdk.internal.reflect.NativeMethodAccessorImpl.invoke(NativeMethodAccessorImpl.java:62)
[2025-04-29T14:50:35.669+0000] {spark_submit.py:490} INFO - at java.base/jdk.internal.reflect.DelegatingMethodAccessorImpl.invoke(DelegatingMethodAccessorImpl.java:43)
[2025-04-29T14:50:35.669+0000] {spark_submit.py:490} INFO - at java.base/java.lang.reflect.Method.invoke(Method.java:566)
[2025-04-29T14:50:35.669+0000] {spark_submit.py:490} INFO - at py4j.reflection.MethodInvoker.invoke(MethodInvoker.java:244)
[2025-04-29T14:50:35.670+0000] {spark_submit.py:490} INFO - at py4j.reflection.ReflectionEngine.invoke(ReflectionEngine.java:357)
[2025-04-29T14:50:35.670+0000] {spark_submit.py:490} INFO - at py4j.Gateway.invoke(Gateway.java:282)
[2025-04-29T14:50:35.670+0000] {spark_submit.py:490} INFO - at py4j.commands.AbstractCommand.invokeMethod(AbstractCommand.java:132)
[2025-04-29T14:50:35.670+0000] {spark_submit.py:490} INFO - at py4j.commands.CallCommand.execute(CallCommand.java:79)
[2025-04-29T14:50:35.670+0000] {spark_submit.py:490} INFO - at py4j.ClientServerConnection.waitForCommands(ClientServerConnection.java:182)
[2025-04-29T14:50:35.670+0000] {spark_submit.py:490} INFO - at py4j.ClientServerConnection.run(ClientServerConnection.java:106)
[2025-04-29T14:50:35.670+0000] {spark_submit.py:490} INFO - at java.base/java.lang.Thread.run(Thread.java:829)
[2025-04-29T14:50:35.670+0000] {spark_submit.py:490} INFO - Caused by: java.lang.Throwable: Code: 81. DB::Exception: Database finbest doesn't exist. (UNKNOWN_DATABASE) (version 22.3.20.29 (official build))
[2025-04-29T14:50:35.670+0000] {spark_submit.py:490} INFO - 
[2025-04-29T14:50:35.670+0000] {spark_submit.py:490} INFO - at ru.yandex.clickhouse.except.ClickHouseExceptionSpecifier.specify(ClickHouseExceptionSpecifier.java:55)
[2025-04-29T14:50:35.670+0000] {spark_submit.py:490} INFO - ... 59 more
[2025-04-29T14:50:35.670+0000] {spark_submit.py:490} INFO - 
[2025-04-29T14:50:35.693+0000] {spark_submit.py:490} INFO - 25/04/29 14:50:35 INFO SparkContext: Invoking stop() from shutdown hook
[2025-04-29T14:50:35.701+0000] {spark_submit.py:490} INFO - 25/04/29 14:50:35 INFO SparkUI: Stopped Spark web UI at http://bd05f2cbfffd:4040
[2025-04-29T14:50:35.703+0000] {spark_submit.py:490} INFO - 25/04/29 14:50:35 INFO StandaloneSchedulerBackend: Shutting down all executors
[2025-04-29T14:50:35.703+0000] {spark_submit.py:490} INFO - 25/04/29 14:50:35 INFO CoarseGrainedSchedulerBackend$DriverEndpoint: Asking each executor to shut down
[2025-04-29T14:50:35.721+0000] {spark_submit.py:490} INFO - 25/04/29 14:50:35 INFO MapOutputTrackerMasterEndpoint: MapOutputTrackerMasterEndpoint stopped!
[2025-04-29T14:50:35.742+0000] {spark_submit.py:490} INFO - 25/04/29 14:50:35 INFO MemoryStore: MemoryStore cleared
[2025-04-29T14:50:35.742+0000] {spark_submit.py:490} INFO - 25/04/29 14:50:35 INFO BlockManager: BlockManager stopped
[2025-04-29T14:50:35.747+0000] {spark_submit.py:490} INFO - 25/04/29 14:50:35 INFO BlockManagerMaster: BlockManagerMaster stopped
[2025-04-29T14:50:35.750+0000] {spark_submit.py:490} INFO - 25/04/29 14:50:35 INFO OutputCommitCoordinator$OutputCommitCoordinatorEndpoint: OutputCommitCoordinator stopped!
[2025-04-29T14:50:35.756+0000] {spark_submit.py:490} INFO - 25/04/29 14:50:35 INFO SparkContext: Successfully stopped SparkContext
[2025-04-29T14:50:35.756+0000] {spark_submit.py:490} INFO - 25/04/29 14:50:35 INFO ShutdownHookManager: Shutdown hook called
[2025-04-29T14:50:35.757+0000] {spark_submit.py:490} INFO - 25/04/29 14:50:35 INFO ShutdownHookManager: Deleting directory /tmp/spark-3b138fca-5a06-479a-a3aa-14e2aa70840e
[2025-04-29T14:50:35.759+0000] {spark_submit.py:490} INFO - 25/04/29 14:50:35 INFO ShutdownHookManager: Deleting directory /tmp/spark-28be6191-42c6-4b79-9315-65992f85c919/pyspark-a524363c-2ba8-4f68-a094-dfc9c6b9b362
[2025-04-29T14:50:35.761+0000] {spark_submit.py:490} INFO - 25/04/29 14:50:35 INFO ShutdownHookManager: Deleting directory /tmp/spark-28be6191-42c6-4b79-9315-65992f85c919
[2025-04-29T14:50:35.832+0000] {taskinstance.py:1824} ERROR - Task failed with exception
Traceback (most recent call last):
  File "/home/airflow/.local/lib/python3.7/site-packages/airflow/providers/apache/spark/operators/spark_submit.py", line 157, in execute
    self._hook.submit(self._application)
  File "/home/airflow/.local/lib/python3.7/site-packages/airflow/providers/apache/spark/hooks/spark_submit.py", line 422, in submit
    f"Cannot execute: {self._mask_cmd(spark_submit_cmd)}. Error code is: {returncode}."
airflow.exceptions.AirflowException: Cannot execute: spark-submit --master spark://spark-master:7077 --packages org.postgresql:postgresql:42.6.0,ru.yandex.clickhouse:clickhouse-jdbc:0.3.2 --executor-cores 1 --executor-memory 1g --driver-memory 1g --name arrow-spark /opt/airflow/spark/detect_suspicious.py --jdbc jdbc:postgresql://postgres:5432/finbest --clickhouse-url jdbc:clickhouse://clickhouse:8123/finbest. Error code is: 1.
[2025-04-29T14:50:35.835+0000] {taskinstance.py:1350} INFO - Marking task as FAILED. dag_id=transform, task_id=detect_suspicious, execution_date=20250429T144857, start_date=20250429T145021, end_date=20250429T145035
[2025-04-29T14:50:35.844+0000] {standard_task_runner.py:109} ERROR - Failed to execute job 33 for task detect_suspicious (Cannot execute: spark-submit --master spark://spark-master:7077 --packages org.postgresql:postgresql:42.6.0,ru.yandex.clickhouse:clickhouse-jdbc:0.3.2 --executor-cores 1 --executor-memory 1g --driver-memory 1g --name arrow-spark /opt/airflow/spark/detect_suspicious.py --jdbc jdbc:postgresql://postgres:5432/finbest --clickhouse-url jdbc:clickhouse://clickhouse:8123/finbest. Error code is: 1.; 7213)
[2025-04-29T14:50:35.863+0000] {local_task_job_runner.py:225} INFO - Task exited with return code 1
[2025-04-29T14:50:35.944+0000] {taskinstance.py:2653} INFO - 0 downstream tasks scheduled from follow-on schedule check
