[2025-05-06T13:16:55.944+0000] {taskinstance.py:1103} INFO - Dependencies all met for dep_context=non-requeueable deps ti=<TaskInstance: graph_analysis.create_schema manual__2025-05-06T13:16:53.463919+00:00 [queued]>
[2025-05-06T13:16:55.949+0000] {taskinstance.py:1103} INFO - Dependencies all met for dep_context=requeueable deps ti=<TaskInstance: graph_analysis.create_schema manual__2025-05-06T13:16:53.463919+00:00 [queued]>
[2025-05-06T13:16:55.949+0000] {taskinstance.py:1308} INFO - Starting attempt 1 of 2
[2025-05-06T13:16:55.956+0000] {taskinstance.py:1327} INFO - Executing <Task(PostgresOperator): create_schema> on 2025-05-06 13:16:53.463919+00:00
[2025-05-06T13:16:55.960+0000] {standard_task_runner.py:57} INFO - Started process 2306 to run task
[2025-05-06T13:16:55.962+0000] {standard_task_runner.py:84} INFO - Running: ['airflow', 'tasks', 'run', 'graph_analysis', 'create_schema', 'manual__2025-05-06T13:16:53.463919+00:00', '--job-id', '207', '--raw', '--subdir', 'DAGS_FOLDER/graph_analysis.py', '--cfg-path', '/tmp/tmp30xizpkm']
[2025-05-06T13:16:55.963+0000] {standard_task_runner.py:85} INFO - Job 207: Subtask create_schema
[2025-05-06T13:16:55.974+0000] {logging_mixin.py:150} WARNING - /home/airflow/.local/lib/python3.8/site-packages/airflow/settings.py:195 DeprecationWarning: The sql_alchemy_conn option in [core] has been moved to the sql_alchemy_conn option in [database] - the old setting has been used, but please update your config.
[2025-05-06T13:16:55.998+0000] {task_command.py:410} INFO - Running <TaskInstance: graph_analysis.create_schema manual__2025-05-06T13:16:53.463919+00:00 [running]> on host 016737cbcc7e
[2025-05-06T13:16:56.060+0000] {taskinstance.py:1545} INFO - Exporting env vars: AIRFLOW_CTX_DAG_OWNER='finbest' AIRFLOW_CTX_DAG_ID='graph_analysis' AIRFLOW_CTX_TASK_ID='create_schema' AIRFLOW_CTX_EXECUTION_DATE='2025-05-06T13:16:53.463919+00:00' AIRFLOW_CTX_TRY_NUMBER='1' AIRFLOW_CTX_DAG_RUN_ID='manual__2025-05-06T13:16:53.463919+00:00'
[2025-05-06T13:16:56.060+0000] {sql.py:265} INFO - Executing: 
    CREATE SCHEMA IF NOT EXISTS graph;
    
    -- Таблица с результатами анализа графа
    CREATE TABLE IF NOT EXISTS graph.client_communities (
        client_id VARCHAR PRIMARY KEY,
        community_id BIGINT,  -- Изменено с INT на BIGINT
        influence_score FLOAT,
        community_size BIGINT,  -- Изменено с INT на BIGINT
        created_at TIMESTAMP DEFAULT NOW()
    );
    
    -- Витрина данных с результатами графового анализа
    CREATE TABLE IF NOT EXISTS mart.fact_graph_analytics (
        transaction_id VARCHAR PRIMARY KEY,
        client_id VARCHAR,
        datetime TIMESTAMP,
        amount NUMERIC,
        currency VARCHAR(3),
        merchant VARCHAR,
        transaction_type VARCHAR,
        ip_network VARCHAR,
        category VARCHAR,
        community_id BIGINT,  -- Изменено с INT на BIGINT
        influence_score FLOAT,
        community_size BIGINT,  -- Изменено с INT на BIGINT
        created_at TIMESTAMP DEFAULT NOW()
    );
    
[2025-05-06T13:16:56.061+0000] {crypto.py:83} WARNING - empty cryptography key - values will not be stored encrypted.
[2025-05-06T13:16:56.061+0000] {base.py:73} INFO - Using connection ID 'postgres_default' for task execution.
[2025-05-06T13:16:56.096+0000] {base.py:73} INFO - Using connection ID 'postgres_default' for task execution.
[2025-05-06T13:16:56.100+0000] {sql.py:374} INFO - Running statement: 
    CREATE SCHEMA IF NOT EXISTS graph;
    
    -- Таблица с результатами анализа графа
    CREATE TABLE IF NOT EXISTS graph.client_communities (
        client_id VARCHAR PRIMARY KEY,
        community_id BIGINT,  -- Изменено с INT на BIGINT
        influence_score FLOAT,
        community_size BIGINT,  -- Изменено с INT на BIGINT
        created_at TIMESTAMP DEFAULT NOW()
    );
    
    -- Витрина данных с результатами графового анализа
    CREATE TABLE IF NOT EXISTS mart.fact_graph_analytics (
        transaction_id VARCHAR PRIMARY KEY,
        client_id VARCHAR,
        datetime TIMESTAMP,
        amount NUMERIC,
        currency VARCHAR(3),
        merchant VARCHAR,
        transaction_type VARCHAR,
        ip_network VARCHAR,
        category VARCHAR,
        community_id BIGINT,  -- Изменено с INT на BIGINT
        influence_score FLOAT,
        community_size BIGINT,  -- Изменено с INT на BIGINT
        created_at TIMESTAMP DEFAULT NOW()
    );
    , parameters: None
[2025-05-06T13:16:56.115+0000] {taskinstance.py:1345} INFO - Marking task as SUCCESS. dag_id=graph_analysis, task_id=create_schema, execution_date=20250506T131653, start_date=20250506T131655, end_date=20250506T131656
[2025-05-06T13:16:56.134+0000] {local_task_job_runner.py:225} INFO - Task exited with return code 0
[2025-05-06T13:16:56.158+0000] {taskinstance.py:2653} INFO - 1 downstream tasks scheduled from follow-on schedule check
