[2025-04-30T13:59:22.368+0000] {taskinstance.py:1103} INFO - Dependencies all met for dep_context=non-requeueable deps ti=<TaskInstance: transform.detect_suspicious manual__2025-04-30T13:59:12.728847+00:00 [queued]>
[2025-04-30T13:59:22.374+0000] {taskinstance.py:1103} INFO - Dependencies all met for dep_context=requeueable deps ti=<TaskInstance: transform.detect_suspicious manual__2025-04-30T13:59:12.728847+00:00 [queued]>
[2025-04-30T13:59:22.374+0000] {taskinstance.py:1308} INFO - Starting attempt 1 of 2
[2025-04-30T13:59:22.384+0000] {taskinstance.py:1327} INFO - Executing <Task(SparkSubmitOperator): detect_suspicious> on 2025-04-30 13:59:12.728847+00:00
[2025-04-30T13:59:22.388+0000] {standard_task_runner.py:57} INFO - Started process 203 to run task
[2025-04-30T13:59:22.390+0000] {standard_task_runner.py:84} INFO - Running: ['airflow', 'tasks', 'run', 'transform', 'detect_suspicious', 'manual__2025-04-30T13:59:12.728847+00:00', '--job-id', '67', '--raw', '--subdir', 'DAGS_FOLDER/transform.py', '--cfg-path', '/tmp/tmp0vwv173j']
[2025-04-30T13:59:22.391+0000] {standard_task_runner.py:85} INFO - Job 67: Subtask detect_suspicious
[2025-04-30T13:59:22.402+0000] {logging_mixin.py:150} WARNING - /home/airflow/.local/lib/python3.7/site-packages/airflow/settings.py:195 DeprecationWarning: The sql_alchemy_conn option in [core] has been moved to the sql_alchemy_conn option in [database] - the old setting has been used, but please update your config.
[2025-04-30T13:59:22.427+0000] {task_command.py:410} INFO - Running <TaskInstance: transform.detect_suspicious manual__2025-04-30T13:59:12.728847+00:00 [running]> on host c3e86edc6a44
[2025-04-30T13:59:22.564+0000] {taskinstance.py:1547} INFO - Exporting env vars: AIRFLOW_CTX_DAG_OWNER='finbest' AIRFLOW_CTX_DAG_ID='transform' AIRFLOW_CTX_TASK_ID='detect_suspicious' AIRFLOW_CTX_EXECUTION_DATE='2025-04-30T13:59:12.728847+00:00' AIRFLOW_CTX_TRY_NUMBER='1' AIRFLOW_CTX_DAG_RUN_ID='manual__2025-04-30T13:59:12.728847+00:00'
[2025-04-30T13:59:22.572+0000] {base.py:73} INFO - Using connection ID 'spark_default' for task execution.
[2025-04-30T13:59:22.573+0000] {spark_submit.py:339} INFO - Spark-Submit cmd: spark-submit --master spark://spark-master:7077 --packages org.postgresql:postgresql:42.6.0 --executor-cores 1 --executor-memory 1g --driver-memory 1g --name arrow-spark /opt/airflow/spark/detect_suspicious.py --jdbc jdbc:postgresql://postgres:5432/finbest
[2025-04-30T13:59:24.032+0000] {spark_submit.py:490} INFO - :: loading settings :: url = jar:file:/opt/spark/jars/ivy-2.5.0.jar!/org/apache/ivy/core/settings/ivysettings.xml
[2025-04-30T13:59:24.109+0000] {spark_submit.py:490} INFO - Ivy Default Cache set to: /home/airflow/.ivy2/cache
[2025-04-30T13:59:24.109+0000] {spark_submit.py:490} INFO - The jars for the packages stored in: /home/airflow/.ivy2/jars
[2025-04-30T13:59:24.113+0000] {spark_submit.py:490} INFO - org.postgresql#postgresql added as a dependency
[2025-04-30T13:59:24.114+0000] {spark_submit.py:490} INFO - :: resolving dependencies :: org.apache.spark#spark-submit-parent-e4d35aa3-8864-4875-ad81-3560390f0bce;1.0
[2025-04-30T13:59:24.114+0000] {spark_submit.py:490} INFO - confs: [default]
[2025-04-30T13:59:25.306+0000] {spark_submit.py:490} INFO - found org.postgresql#postgresql;42.6.0 in central
[2025-04-30T13:59:25.585+0000] {spark_submit.py:490} INFO - found org.checkerframework#checker-qual;3.31.0 in central
[2025-04-30T13:59:25.778+0000] {spark_submit.py:490} INFO - downloading https://repo1.maven.org/maven2/org/postgresql/postgresql/42.6.0/postgresql-42.6.0.jar ...
[2025-04-30T13:59:27.410+0000] {spark_submit.py:490} INFO - [SUCCESSFUL ] org.postgresql#postgresql;42.6.0!postgresql.jar (1818ms)
[2025-04-30T13:59:27.512+0000] {spark_submit.py:490} INFO - downloading https://repo1.maven.org/maven2/org/checkerframework/checker-qual/3.31.0/checker-qual-3.31.0.jar ...
[2025-04-30T13:59:27.736+0000] {spark_submit.py:490} INFO - [SUCCESSFUL ] org.checkerframework#checker-qual;3.31.0!checker-qual.jar (325ms)
[2025-04-30T13:59:27.737+0000] {spark_submit.py:490} INFO - :: resolution report :: resolve 1477ms :: artifacts dl 2146ms
[2025-04-30T13:59:27.737+0000] {spark_submit.py:490} INFO - :: modules in use:
[2025-04-30T13:59:27.738+0000] {spark_submit.py:490} INFO - org.checkerframework#checker-qual;3.31.0 from central in [default]
[2025-04-30T13:59:27.738+0000] {spark_submit.py:490} INFO - org.postgresql#postgresql;42.6.0 from central in [default]
[2025-04-30T13:59:27.738+0000] {spark_submit.py:490} INFO - ---------------------------------------------------------------------
[2025-04-30T13:59:27.738+0000] {spark_submit.py:490} INFO - |                  |            modules            ||   artifacts   |
[2025-04-30T13:59:27.739+0000] {spark_submit.py:490} INFO - |       conf       | number| search|dwnlded|evicted|| number|dwnlded|
[2025-04-30T13:59:27.739+0000] {spark_submit.py:490} INFO - ---------------------------------------------------------------------
[2025-04-30T13:59:27.739+0000] {spark_submit.py:490} INFO - |      default     |   2   |   2   |   2   |   0   ||   2   |   2   |
[2025-04-30T13:59:27.739+0000] {spark_submit.py:490} INFO - ---------------------------------------------------------------------
[2025-04-30T13:59:27.744+0000] {spark_submit.py:490} INFO - :: retrieving :: org.apache.spark#spark-submit-parent-e4d35aa3-8864-4875-ad81-3560390f0bce
[2025-04-30T13:59:27.744+0000] {spark_submit.py:490} INFO - confs: [default]
[2025-04-30T13:59:27.753+0000] {spark_submit.py:490} INFO - 2 artifacts copied, 0 already retrieved (1274kB/9ms)
[2025-04-30T13:59:27.930+0000] {spark_submit.py:490} INFO - 25/04/30 13:59:27 WARN NativeCodeLoader: Unable to load native-hadoop library for your platform... using builtin-java classes where applicable
[2025-04-30T13:59:28.712+0000] {spark_submit.py:490} INFO - 25/04/30 13:59:28 INFO SparkContext: Running Spark version 3.3.0
[2025-04-30T13:59:28.729+0000] {spark_submit.py:490} INFO - 25/04/30 13:59:28 INFO ResourceUtils: ==============================================================
[2025-04-30T13:59:28.730+0000] {spark_submit.py:490} INFO - 25/04/30 13:59:28 INFO ResourceUtils: No custom resources configured for spark.driver.
[2025-04-30T13:59:28.730+0000] {spark_submit.py:490} INFO - 25/04/30 13:59:28 INFO ResourceUtils: ==============================================================
[2025-04-30T13:59:28.730+0000] {spark_submit.py:490} INFO - 25/04/30 13:59:28 INFO SparkContext: Submitted application: FinBestDetect
[2025-04-30T13:59:28.758+0000] {spark_submit.py:490} INFO - 25/04/30 13:59:28 INFO ResourceProfile: Default ResourceProfile created, executor resources: Map(cores -> name: cores, amount: 1, script: , vendor: , memory -> name: memory, amount: 1024, script: , vendor: , offHeap -> name: offHeap, amount: 0, script: , vendor: ), task resources: Map(cpus -> name: cpus, amount: 1.0)
[2025-04-30T13:59:28.767+0000] {spark_submit.py:490} INFO - 25/04/30 13:59:28 INFO ResourceProfile: Limiting resource is cpus at 1 tasks per executor
[2025-04-30T13:59:28.768+0000] {spark_submit.py:490} INFO - 25/04/30 13:59:28 INFO ResourceProfileManager: Added ResourceProfile id: 0
[2025-04-30T13:59:28.809+0000] {spark_submit.py:490} INFO - 25/04/30 13:59:28 INFO SecurityManager: Changing view acls to: airflow
[2025-04-30T13:59:28.809+0000] {spark_submit.py:490} INFO - 25/04/30 13:59:28 INFO SecurityManager: Changing modify acls to: airflow
[2025-04-30T13:59:28.809+0000] {spark_submit.py:490} INFO - 25/04/30 13:59:28 INFO SecurityManager: Changing view acls groups to:
[2025-04-30T13:59:28.809+0000] {spark_submit.py:490} INFO - 25/04/30 13:59:28 INFO SecurityManager: Changing modify acls groups to:
[2025-04-30T13:59:28.810+0000] {spark_submit.py:490} INFO - 25/04/30 13:59:28 INFO SecurityManager: SecurityManager: authentication disabled; ui acls disabled; users  with view permissions: Set(airflow); groups with view permissions: Set(); users  with modify permissions: Set(airflow); groups with modify permissions: Set()
[2025-04-30T13:59:28.986+0000] {spark_submit.py:490} INFO - 25/04/30 13:59:28 INFO Utils: Successfully started service 'sparkDriver' on port 45139.
[2025-04-30T13:59:29.008+0000] {spark_submit.py:490} INFO - 25/04/30 13:59:29 INFO SparkEnv: Registering MapOutputTracker
[2025-04-30T13:59:29.034+0000] {spark_submit.py:490} INFO - 25/04/30 13:59:29 INFO SparkEnv: Registering BlockManagerMaster
[2025-04-30T13:59:29.058+0000] {spark_submit.py:490} INFO - 25/04/30 13:59:29 INFO BlockManagerMasterEndpoint: Using org.apache.spark.storage.DefaultTopologyMapper for getting topology information
[2025-04-30T13:59:29.058+0000] {spark_submit.py:490} INFO - 25/04/30 13:59:29 INFO BlockManagerMasterEndpoint: BlockManagerMasterEndpoint up
[2025-04-30T13:59:29.063+0000] {spark_submit.py:490} INFO - 25/04/30 13:59:29 INFO SparkEnv: Registering BlockManagerMasterHeartbeat
[2025-04-30T13:59:29.099+0000] {spark_submit.py:490} INFO - 25/04/30 13:59:29 INFO DiskBlockManager: Created local directory at /tmp/blockmgr-8a89e852-7391-4980-93ea-381d5a9f5ab1
[2025-04-30T13:59:29.118+0000] {spark_submit.py:490} INFO - 25/04/30 13:59:29 INFO MemoryStore: MemoryStore started with capacity 434.4 MiB
[2025-04-30T13:59:29.135+0000] {spark_submit.py:490} INFO - 25/04/30 13:59:29 INFO SparkEnv: Registering OutputCommitCoordinator
[2025-04-30T13:59:29.299+0000] {spark_submit.py:490} INFO - 25/04/30 13:59:29 INFO Utils: Successfully started service 'SparkUI' on port 4040.
[2025-04-30T13:59:29.329+0000] {spark_submit.py:490} INFO - 25/04/30 13:59:29 INFO SparkContext: Added JAR file:///home/airflow/.ivy2/jars/org.postgresql_postgresql-42.6.0.jar at spark://c3e86edc6a44:45139/jars/org.postgresql_postgresql-42.6.0.jar with timestamp 1746021568705
[2025-04-30T13:59:29.330+0000] {spark_submit.py:490} INFO - 25/04/30 13:59:29 INFO SparkContext: Added JAR file:///home/airflow/.ivy2/jars/org.checkerframework_checker-qual-3.31.0.jar at spark://c3e86edc6a44:45139/jars/org.checkerframework_checker-qual-3.31.0.jar with timestamp 1746021568705
[2025-04-30T13:59:29.331+0000] {spark_submit.py:490} INFO - 25/04/30 13:59:29 INFO SparkContext: Added file file:///home/airflow/.ivy2/jars/org.postgresql_postgresql-42.6.0.jar at spark://c3e86edc6a44:45139/files/org.postgresql_postgresql-42.6.0.jar with timestamp 1746021568705
[2025-04-30T13:59:29.332+0000] {spark_submit.py:490} INFO - 25/04/30 13:59:29 INFO Utils: Copying /home/airflow/.ivy2/jars/org.postgresql_postgresql-42.6.0.jar to /tmp/spark-87fcb85f-3395-4fe7-8e4f-1f930223d1e2/userFiles-34acb648-4037-4981-a039-7867fcbf7a3a/org.postgresql_postgresql-42.6.0.jar
[2025-04-30T13:59:29.342+0000] {spark_submit.py:490} INFO - 25/04/30 13:59:29 INFO SparkContext: Added file file:///home/airflow/.ivy2/jars/org.checkerframework_checker-qual-3.31.0.jar at spark://c3e86edc6a44:45139/files/org.checkerframework_checker-qual-3.31.0.jar with timestamp 1746021568705
[2025-04-30T13:59:29.342+0000] {spark_submit.py:490} INFO - 25/04/30 13:59:29 INFO Utils: Copying /home/airflow/.ivy2/jars/org.checkerframework_checker-qual-3.31.0.jar to /tmp/spark-87fcb85f-3395-4fe7-8e4f-1f930223d1e2/userFiles-34acb648-4037-4981-a039-7867fcbf7a3a/org.checkerframework_checker-qual-3.31.0.jar
[2025-04-30T13:59:29.413+0000] {spark_submit.py:490} INFO - 25/04/30 13:59:29 INFO StandaloneAppClient$ClientEndpoint: Connecting to master spark://spark-master:7077...
[2025-04-30T13:59:29.445+0000] {spark_submit.py:490} INFO - 25/04/30 13:59:29 INFO TransportClientFactory: Successfully created connection to spark-master/172.18.0.3:7077 after 19 ms (0 ms spent in bootstraps)
[2025-04-30T13:59:29.661+0000] {spark_submit.py:490} INFO - 25/04/30 13:59:29 INFO StandaloneSchedulerBackend: Connected to Spark cluster with app ID app-20250430135929-0000
[2025-04-30T13:59:29.666+0000] {spark_submit.py:490} INFO - 25/04/30 13:59:29 INFO Utils: Successfully started service 'org.apache.spark.network.netty.NettyBlockTransferService' on port 35791.
[2025-04-30T13:59:29.666+0000] {spark_submit.py:490} INFO - 25/04/30 13:59:29 INFO NettyBlockTransferService: Server created on c3e86edc6a44:35791
[2025-04-30T13:59:29.668+0000] {spark_submit.py:490} INFO - 25/04/30 13:59:29 INFO BlockManager: Using org.apache.spark.storage.RandomBlockReplicationPolicy for block replication policy
[2025-04-30T13:59:29.673+0000] {spark_submit.py:490} INFO - 25/04/30 13:59:29 INFO BlockManagerMaster: Registering BlockManager BlockManagerId(driver, c3e86edc6a44, 35791, None)
[2025-04-30T13:59:29.676+0000] {spark_submit.py:490} INFO - 25/04/30 13:59:29 INFO BlockManagerMasterEndpoint: Registering block manager c3e86edc6a44:35791 with 434.4 MiB RAM, BlockManagerId(driver, c3e86edc6a44, 35791, None)
[2025-04-30T13:59:29.678+0000] {spark_submit.py:490} INFO - 25/04/30 13:59:29 INFO BlockManagerMaster: Registered BlockManager BlockManagerId(driver, c3e86edc6a44, 35791, None)
[2025-04-30T13:59:29.679+0000] {spark_submit.py:490} INFO - 25/04/30 13:59:29 INFO BlockManager: Initialized BlockManager: BlockManagerId(driver, c3e86edc6a44, 35791, None)
[2025-04-30T13:59:29.721+0000] {spark_submit.py:490} INFO - 25/04/30 13:59:29 INFO StandaloneAppClient$ClientEndpoint: Executor added: app-20250430135929-0000/0 on worker-20250430133913-172.18.0.4-36823 (172.18.0.4:36823) with 1 core(s)
[2025-04-30T13:59:29.722+0000] {spark_submit.py:490} INFO - 25/04/30 13:59:29 INFO StandaloneSchedulerBackend: Granted executor ID app-20250430135929-0000/0 on hostPort 172.18.0.4:36823 with 1 core(s), 1024.0 MiB RAM
[2025-04-30T13:59:29.831+0000] {spark_submit.py:490} INFO - 25/04/30 13:59:29 INFO StandaloneSchedulerBackend: SchedulerBackend is ready for scheduling beginning after reached minRegisteredResourcesRatio: 0.0
[2025-04-30T13:59:30.138+0000] {spark_submit.py:490} INFO - INFO:__main__:SparkSession создан
[2025-04-30T13:59:30.148+0000] {spark_submit.py:490} INFO - 25/04/30 13:59:30 INFO SharedState: Setting hive.metastore.warehouse.dir ('null') to the value of spark.sql.warehouse.dir.
[2025-04-30T13:59:30.150+0000] {spark_submit.py:490} INFO - 25/04/30 13:59:30 INFO SharedState: Warehouse path is 'file:/opt/airflow/spark-warehouse'.
[2025-04-30T13:59:30.519+0000] {spark_submit.py:490} INFO - 25/04/30 13:59:30 INFO StandaloneAppClient$ClientEndpoint: Executor updated: app-20250430135929-0000/0 is now RUNNING
[2025-04-30T13:59:33.334+0000] {spark_submit.py:490} INFO - 25/04/30 13:59:33 INFO CoarseGrainedSchedulerBackend$DriverEndpoint: Registered executor NettyRpcEndpointRef(spark-client://Executor) (172.18.0.4:34050) with ID 0,  ResourceProfileId 0
[2025-04-30T13:59:33.413+0000] {spark_submit.py:490} INFO - 25/04/30 13:59:33 INFO BlockManagerMasterEndpoint: Registering block manager 172.18.0.4:34537 with 366.3 MiB RAM, BlockManagerId(0, 172.18.0.4, 34537, None)
[2025-04-30T13:59:33.573+0000] {spark_submit.py:490} INFO - 25/04/30 13:59:33 INFO CodeGenerator: Code generated in 127.355601 ms
[2025-04-30T13:59:33.628+0000] {spark_submit.py:490} INFO - 25/04/30 13:59:33 INFO DAGScheduler: Registering RDD 2 (count at NativeMethodAccessorImpl.java:0) as input to shuffle 0
[2025-04-30T13:59:33.632+0000] {spark_submit.py:490} INFO - 25/04/30 13:59:33 INFO DAGScheduler: Got map stage job 0 (count at NativeMethodAccessorImpl.java:0) with 1 output partitions
[2025-04-30T13:59:33.632+0000] {spark_submit.py:490} INFO - 25/04/30 13:59:33 INFO DAGScheduler: Final stage: ShuffleMapStage 0 (count at NativeMethodAccessorImpl.java:0)
[2025-04-30T13:59:33.632+0000] {spark_submit.py:490} INFO - 25/04/30 13:59:33 INFO DAGScheduler: Parents of final stage: List()
[2025-04-30T13:59:33.633+0000] {spark_submit.py:490} INFO - 25/04/30 13:59:33 INFO DAGScheduler: Missing parents: List()
[2025-04-30T13:59:33.636+0000] {spark_submit.py:490} INFO - 25/04/30 13:59:33 INFO DAGScheduler: Submitting ShuffleMapStage 0 (MapPartitionsRDD[2] at count at NativeMethodAccessorImpl.java:0), which has no missing parents
[2025-04-30T13:59:33.737+0000] {spark_submit.py:490} INFO - 25/04/30 13:59:33 INFO MemoryStore: Block broadcast_0 stored as values in memory (estimated size 13.3 KiB, free 434.4 MiB)
[2025-04-30T13:59:33.763+0000] {spark_submit.py:490} INFO - 25/04/30 13:59:33 INFO MemoryStore: Block broadcast_0_piece0 stored as bytes in memory (estimated size 7.0 KiB, free 434.4 MiB)
[2025-04-30T13:59:33.766+0000] {spark_submit.py:490} INFO - 25/04/30 13:59:33 INFO BlockManagerInfo: Added broadcast_0_piece0 in memory on c3e86edc6a44:35791 (size: 7.0 KiB, free: 434.4 MiB)
[2025-04-30T13:59:33.769+0000] {spark_submit.py:490} INFO - 25/04/30 13:59:33 INFO SparkContext: Created broadcast 0 from broadcast at DAGScheduler.scala:1513
[2025-04-30T13:59:33.780+0000] {spark_submit.py:490} INFO - 25/04/30 13:59:33 INFO DAGScheduler: Submitting 1 missing tasks from ShuffleMapStage 0 (MapPartitionsRDD[2] at count at NativeMethodAccessorImpl.java:0) (first 15 tasks are for partitions Vector(0))
[2025-04-30T13:59:33.781+0000] {spark_submit.py:490} INFO - 25/04/30 13:59:33 INFO TaskSchedulerImpl: Adding task set 0.0 with 1 tasks resource profile 0
[2025-04-30T13:59:33.809+0000] {spark_submit.py:490} INFO - 25/04/30 13:59:33 INFO TaskSetManager: Starting task 0.0 in stage 0.0 (TID 0) (172.18.0.4, executor 0, partition 0, PROCESS_LOCAL, 4292 bytes) taskResourceAssignments Map()
[2025-04-30T13:59:34.005+0000] {spark_submit.py:490} INFO - 25/04/30 13:59:34 INFO BlockManagerInfo: Added broadcast_0_piece0 in memory on 172.18.0.4:34537 (size: 7.0 KiB, free: 366.3 MiB)
[2025-04-30T13:59:34.843+0000] {spark_submit.py:490} INFO - 25/04/30 13:59:34 INFO TaskSetManager: Finished task 0.0 in stage 0.0 (TID 0) in 1042 ms on 172.18.0.4 (executor 0) (1/1)
[2025-04-30T13:59:34.844+0000] {spark_submit.py:490} INFO - 25/04/30 13:59:34 INFO TaskSchedulerImpl: Removed TaskSet 0.0, whose tasks have all completed, from pool
[2025-04-30T13:59:34.850+0000] {spark_submit.py:490} INFO - 25/04/30 13:59:34 INFO DAGScheduler: ShuffleMapStage 0 (count at NativeMethodAccessorImpl.java:0) finished in 1.204 s
[2025-04-30T13:59:34.850+0000] {spark_submit.py:490} INFO - 25/04/30 13:59:34 INFO DAGScheduler: looking for newly runnable stages
[2025-04-30T13:59:34.851+0000] {spark_submit.py:490} INFO - 25/04/30 13:59:34 INFO DAGScheduler: running: Set()
[2025-04-30T13:59:34.851+0000] {spark_submit.py:490} INFO - 25/04/30 13:59:34 INFO DAGScheduler: waiting: Set()
[2025-04-30T13:59:34.851+0000] {spark_submit.py:490} INFO - 25/04/30 13:59:34 INFO DAGScheduler: failed: Set()
[2025-04-30T13:59:34.887+0000] {spark_submit.py:490} INFO - 25/04/30 13:59:34 INFO CodeGenerator: Code generated in 11.498902 ms
[2025-04-30T13:59:34.919+0000] {spark_submit.py:490} INFO - 25/04/30 13:59:34 INFO SparkContext: Starting job: count at NativeMethodAccessorImpl.java:0
[2025-04-30T13:59:34.922+0000] {spark_submit.py:490} INFO - 25/04/30 13:59:34 INFO DAGScheduler: Got job 1 (count at NativeMethodAccessorImpl.java:0) with 1 output partitions
[2025-04-30T13:59:34.922+0000] {spark_submit.py:490} INFO - 25/04/30 13:59:34 INFO DAGScheduler: Final stage: ResultStage 2 (count at NativeMethodAccessorImpl.java:0)
[2025-04-30T13:59:34.922+0000] {spark_submit.py:490} INFO - 25/04/30 13:59:34 INFO DAGScheduler: Parents of final stage: List(ShuffleMapStage 1)
[2025-04-30T13:59:34.923+0000] {spark_submit.py:490} INFO - 25/04/30 13:59:34 INFO DAGScheduler: Missing parents: List()
[2025-04-30T13:59:34.924+0000] {spark_submit.py:490} INFO - 25/04/30 13:59:34 INFO DAGScheduler: Submitting ResultStage 2 (MapPartitionsRDD[5] at count at NativeMethodAccessorImpl.java:0), which has no missing parents
[2025-04-30T13:59:34.934+0000] {spark_submit.py:490} INFO - 25/04/30 13:59:34 INFO MemoryStore: Block broadcast_1 stored as values in memory (estimated size 11.1 KiB, free 434.4 MiB)
[2025-04-30T13:59:34.937+0000] {spark_submit.py:490} INFO - 25/04/30 13:59:34 INFO MemoryStore: Block broadcast_1_piece0 stored as bytes in memory (estimated size 5.5 KiB, free 434.4 MiB)
[2025-04-30T13:59:34.938+0000] {spark_submit.py:490} INFO - 25/04/30 13:59:34 INFO BlockManagerInfo: Added broadcast_1_piece0 in memory on c3e86edc6a44:35791 (size: 5.5 KiB, free: 434.4 MiB)
[2025-04-30T13:59:34.938+0000] {spark_submit.py:490} INFO - 25/04/30 13:59:34 INFO SparkContext: Created broadcast 1 from broadcast at DAGScheduler.scala:1513
[2025-04-30T13:59:34.940+0000] {spark_submit.py:490} INFO - 25/04/30 13:59:34 INFO DAGScheduler: Submitting 1 missing tasks from ResultStage 2 (MapPartitionsRDD[5] at count at NativeMethodAccessorImpl.java:0) (first 15 tasks are for partitions Vector(0))
[2025-04-30T13:59:34.940+0000] {spark_submit.py:490} INFO - 25/04/30 13:59:34 INFO TaskSchedulerImpl: Adding task set 2.0 with 1 tasks resource profile 0
[2025-04-30T13:59:34.945+0000] {spark_submit.py:490} INFO - 25/04/30 13:59:34 INFO TaskSetManager: Starting task 0.0 in stage 2.0 (TID 1) (172.18.0.4, executor 0, partition 0, NODE_LOCAL, 4457 bytes) taskResourceAssignments Map()
[2025-04-30T13:59:34.962+0000] {spark_submit.py:490} INFO - 25/04/30 13:59:34 INFO BlockManagerInfo: Added broadcast_1_piece0 in memory on 172.18.0.4:34537 (size: 5.5 KiB, free: 366.3 MiB)
[2025-04-30T13:59:35.074+0000] {spark_submit.py:490} INFO - 25/04/30 13:59:35 INFO MapOutputTrackerMasterEndpoint: Asked to send map output locations for shuffle 0 to 172.18.0.4:34050
[2025-04-30T13:59:35.248+0000] {spark_submit.py:490} INFO - 25/04/30 13:59:35 INFO TaskSetManager: Finished task 0.0 in stage 2.0 (TID 1) in 305 ms on 172.18.0.4 (executor 0) (1/1)
[2025-04-30T13:59:35.249+0000] {spark_submit.py:490} INFO - 25/04/30 13:59:35 INFO TaskSchedulerImpl: Removed TaskSet 2.0, whose tasks have all completed, from pool
[2025-04-30T13:59:35.249+0000] {spark_submit.py:490} INFO - 25/04/30 13:59:35 INFO DAGScheduler: ResultStage 2 (count at NativeMethodAccessorImpl.java:0) finished in 0.318 s
[2025-04-30T13:59:35.251+0000] {spark_submit.py:490} INFO - 25/04/30 13:59:35 INFO DAGScheduler: Job 1 is finished. Cancelling potential speculative or zombie tasks for this job
[2025-04-30T13:59:35.251+0000] {spark_submit.py:490} INFO - 25/04/30 13:59:35 INFO TaskSchedulerImpl: Killing all running tasks in stage 2: Stage finished
[2025-04-30T13:59:35.252+0000] {spark_submit.py:490} INFO - 25/04/30 13:59:35 INFO DAGScheduler: Job 1 finished: count at NativeMethodAccessorImpl.java:0, took 0.333126 s
[2025-04-30T13:59:35.258+0000] {spark_submit.py:490} INFO - INFO:__main__:Таблица raw.masked_transactions загружена, записей: 1000
[2025-04-30T13:59:35.375+0000] {spark_submit.py:490} INFO - 25/04/30 13:59:35 INFO DAGScheduler: Registering RDD 8 (count at NativeMethodAccessorImpl.java:0) as input to shuffle 1
[2025-04-30T13:59:35.376+0000] {spark_submit.py:490} INFO - 25/04/30 13:59:35 INFO DAGScheduler: Got map stage job 2 (count at NativeMethodAccessorImpl.java:0) with 1 output partitions
[2025-04-30T13:59:35.376+0000] {spark_submit.py:490} INFO - 25/04/30 13:59:35 INFO DAGScheduler: Final stage: ShuffleMapStage 3 (count at NativeMethodAccessorImpl.java:0)
[2025-04-30T13:59:35.376+0000] {spark_submit.py:490} INFO - 25/04/30 13:59:35 INFO DAGScheduler: Parents of final stage: List()
[2025-04-30T13:59:35.376+0000] {spark_submit.py:490} INFO - 25/04/30 13:59:35 INFO DAGScheduler: Missing parents: List()
[2025-04-30T13:59:35.376+0000] {spark_submit.py:490} INFO - 25/04/30 13:59:35 INFO DAGScheduler: Submitting ShuffleMapStage 3 (MapPartitionsRDD[8] at count at NativeMethodAccessorImpl.java:0), which has no missing parents
[2025-04-30T13:59:35.380+0000] {spark_submit.py:490} INFO - 25/04/30 13:59:35 INFO MemoryStore: Block broadcast_2 stored as values in memory (estimated size 13.4 KiB, free 434.4 MiB)
[2025-04-30T13:59:35.383+0000] {spark_submit.py:490} INFO - 25/04/30 13:59:35 INFO MemoryStore: Block broadcast_2_piece0 stored as bytes in memory (estimated size 7.0 KiB, free 434.3 MiB)
[2025-04-30T13:59:35.383+0000] {spark_submit.py:490} INFO - 25/04/30 13:59:35 INFO BlockManagerInfo: Added broadcast_2_piece0 in memory on c3e86edc6a44:35791 (size: 7.0 KiB, free: 434.4 MiB)
[2025-04-30T13:59:35.384+0000] {spark_submit.py:490} INFO - 25/04/30 13:59:35 INFO SparkContext: Created broadcast 2 from broadcast at DAGScheduler.scala:1513
[2025-04-30T13:59:35.384+0000] {spark_submit.py:490} INFO - 25/04/30 13:59:35 INFO DAGScheduler: Submitting 1 missing tasks from ShuffleMapStage 3 (MapPartitionsRDD[8] at count at NativeMethodAccessorImpl.java:0) (first 15 tasks are for partitions Vector(0))
[2025-04-30T13:59:35.385+0000] {spark_submit.py:490} INFO - 25/04/30 13:59:35 INFO TaskSchedulerImpl: Adding task set 3.0 with 1 tasks resource profile 0
[2025-04-30T13:59:35.386+0000] {spark_submit.py:490} INFO - 25/04/30 13:59:35 INFO TaskSetManager: Starting task 0.0 in stage 3.0 (TID 2) (172.18.0.4, executor 0, partition 0, PROCESS_LOCAL, 4292 bytes) taskResourceAssignments Map()
[2025-04-30T13:59:35.398+0000] {spark_submit.py:490} INFO - 25/04/30 13:59:35 INFO BlockManagerInfo: Added broadcast_2_piece0 in memory on 172.18.0.4:34537 (size: 7.0 KiB, free: 366.3 MiB)
[2025-04-30T13:59:35.443+0000] {spark_submit.py:490} INFO - 25/04/30 13:59:35 INFO TaskSetManager: Finished task 0.0 in stage 3.0 (TID 2) in 57 ms on 172.18.0.4 (executor 0) (1/1)
[2025-04-30T13:59:35.444+0000] {spark_submit.py:490} INFO - 25/04/30 13:59:35 INFO TaskSchedulerImpl: Removed TaskSet 3.0, whose tasks have all completed, from pool
[2025-04-30T13:59:35.445+0000] {spark_submit.py:490} INFO - 25/04/30 13:59:35 INFO DAGScheduler: ShuffleMapStage 3 (count at NativeMethodAccessorImpl.java:0) finished in 0.067 s
[2025-04-30T13:59:35.445+0000] {spark_submit.py:490} INFO - 25/04/30 13:59:35 INFO DAGScheduler: looking for newly runnable stages
[2025-04-30T13:59:35.445+0000] {spark_submit.py:490} INFO - 25/04/30 13:59:35 INFO DAGScheduler: running: Set()
[2025-04-30T13:59:35.445+0000] {spark_submit.py:490} INFO - 25/04/30 13:59:35 INFO DAGScheduler: waiting: Set()
[2025-04-30T13:59:35.445+0000] {spark_submit.py:490} INFO - 25/04/30 13:59:35 INFO DAGScheduler: failed: Set()
[2025-04-30T13:59:35.485+0000] {spark_submit.py:490} INFO - 25/04/30 13:59:35 INFO SparkContext: Starting job: count at NativeMethodAccessorImpl.java:0
[2025-04-30T13:59:35.487+0000] {spark_submit.py:490} INFO - 25/04/30 13:59:35 INFO DAGScheduler: Got job 3 (count at NativeMethodAccessorImpl.java:0) with 1 output partitions
[2025-04-30T13:59:35.487+0000] {spark_submit.py:490} INFO - 25/04/30 13:59:35 INFO DAGScheduler: Final stage: ResultStage 5 (count at NativeMethodAccessorImpl.java:0)
[2025-04-30T13:59:35.487+0000] {spark_submit.py:490} INFO - 25/04/30 13:59:35 INFO DAGScheduler: Parents of final stage: List(ShuffleMapStage 4)
[2025-04-30T13:59:35.487+0000] {spark_submit.py:490} INFO - 25/04/30 13:59:35 INFO DAGScheduler: Missing parents: List()
[2025-04-30T13:59:35.488+0000] {spark_submit.py:490} INFO - 25/04/30 13:59:35 INFO DAGScheduler: Submitting ResultStage 5 (MapPartitionsRDD[11] at count at NativeMethodAccessorImpl.java:0), which has no missing parents
[2025-04-30T13:59:35.493+0000] {spark_submit.py:490} INFO - 25/04/30 13:59:35 INFO MemoryStore: Block broadcast_3 stored as values in memory (estimated size 11.1 KiB, free 434.3 MiB)
[2025-04-30T13:59:35.494+0000] {spark_submit.py:490} INFO - 25/04/30 13:59:35 INFO MemoryStore: Block broadcast_3_piece0 stored as bytes in memory (estimated size 5.5 KiB, free 434.3 MiB)
[2025-04-30T13:59:35.494+0000] {spark_submit.py:490} INFO - 25/04/30 13:59:35 INFO BlockManagerInfo: Added broadcast_3_piece0 in memory on c3e86edc6a44:35791 (size: 5.5 KiB, free: 434.4 MiB)
[2025-04-30T13:59:35.495+0000] {spark_submit.py:490} INFO - 25/04/30 13:59:35 INFO SparkContext: Created broadcast 3 from broadcast at DAGScheduler.scala:1513
[2025-04-30T13:59:35.496+0000] {spark_submit.py:490} INFO - 25/04/30 13:59:35 INFO DAGScheduler: Submitting 1 missing tasks from ResultStage 5 (MapPartitionsRDD[11] at count at NativeMethodAccessorImpl.java:0) (first 15 tasks are for partitions Vector(0))
[2025-04-30T13:59:35.496+0000] {spark_submit.py:490} INFO - 25/04/30 13:59:35 INFO TaskSchedulerImpl: Adding task set 5.0 with 1 tasks resource profile 0
[2025-04-30T13:59:35.499+0000] {spark_submit.py:490} INFO - 25/04/30 13:59:35 INFO TaskSetManager: Starting task 0.0 in stage 5.0 (TID 3) (172.18.0.4, executor 0, partition 0, NODE_LOCAL, 4457 bytes) taskResourceAssignments Map()
[2025-04-30T13:59:35.502+0000] {spark_submit.py:490} INFO - 25/04/30 13:59:35 INFO BlockManagerInfo: Removed broadcast_0_piece0 on c3e86edc6a44:35791 in memory (size: 7.0 KiB, free: 434.4 MiB)
[2025-04-30T13:59:35.510+0000] {spark_submit.py:490} INFO - 25/04/30 13:59:35 INFO BlockManagerInfo: Removed broadcast_0_piece0 on 172.18.0.4:34537 in memory (size: 7.0 KiB, free: 366.3 MiB)
[2025-04-30T13:59:35.523+0000] {spark_submit.py:490} INFO - 25/04/30 13:59:35 INFO BlockManagerInfo: Added broadcast_3_piece0 in memory on 172.18.0.4:34537 (size: 5.5 KiB, free: 366.3 MiB)
[2025-04-30T13:59:35.524+0000] {spark_submit.py:490} INFO - 25/04/30 13:59:35 INFO BlockManagerInfo: Removed broadcast_1_piece0 on c3e86edc6a44:35791 in memory (size: 5.5 KiB, free: 434.4 MiB)
[2025-04-30T13:59:35.526+0000] {spark_submit.py:490} INFO - 25/04/30 13:59:35 INFO BlockManagerInfo: Removed broadcast_1_piece0 on 172.18.0.4:34537 in memory (size: 5.5 KiB, free: 366.3 MiB)
[2025-04-30T13:59:35.533+0000] {spark_submit.py:490} INFO - 25/04/30 13:59:35 INFO MapOutputTrackerMasterEndpoint: Asked to send map output locations for shuffle 1 to 172.18.0.4:34050
[2025-04-30T13:59:35.534+0000] {spark_submit.py:490} INFO - 25/04/30 13:59:35 INFO BlockManagerInfo: Removed broadcast_2_piece0 on c3e86edc6a44:35791 in memory (size: 7.0 KiB, free: 434.4 MiB)
[2025-04-30T13:59:35.535+0000] {spark_submit.py:490} INFO - 25/04/30 13:59:35 INFO BlockManagerInfo: Removed broadcast_2_piece0 on 172.18.0.4:34537 in memory (size: 7.0 KiB, free: 366.3 MiB)
[2025-04-30T13:59:35.548+0000] {spark_submit.py:490} INFO - 25/04/30 13:59:35 INFO TaskSetManager: Finished task 0.0 in stage 5.0 (TID 3) in 50 ms on 172.18.0.4 (executor 0) (1/1)
[2025-04-30T13:59:35.548+0000] {spark_submit.py:490} INFO - 25/04/30 13:59:35 INFO TaskSchedulerImpl: Removed TaskSet 5.0, whose tasks have all completed, from pool
[2025-04-30T13:59:35.549+0000] {spark_submit.py:490} INFO - 25/04/30 13:59:35 INFO DAGScheduler: ResultStage 5 (count at NativeMethodAccessorImpl.java:0) finished in 0.059 s
[2025-04-30T13:59:35.549+0000] {spark_submit.py:490} INFO - 25/04/30 13:59:35 INFO DAGScheduler: Job 3 is finished. Cancelling potential speculative or zombie tasks for this job
[2025-04-30T13:59:35.550+0000] {spark_submit.py:490} INFO - 25/04/30 13:59:35 INFO TaskSchedulerImpl: Killing all running tasks in stage 5: Stage finished
[2025-04-30T13:59:35.552+0000] {spark_submit.py:490} INFO - 25/04/30 13:59:35 INFO DAGScheduler: Job 3 finished: count at NativeMethodAccessorImpl.java:0, took 0.064707 s
[2025-04-30T13:59:35.553+0000] {spark_submit.py:490} INFO - INFO:__main__:Правило large_tx отработано, записей: 337
[2025-04-30T13:59:35.734+0000] {spark_submit.py:490} INFO - 25/04/30 13:59:35 INFO CodeGenerator: Code generated in 9.379868 ms
[2025-04-30T13:59:35.738+0000] {spark_submit.py:490} INFO - 25/04/30 13:59:35 INFO DAGScheduler: Registering RDD 14 (count at NativeMethodAccessorImpl.java:0) as input to shuffle 2
[2025-04-30T13:59:35.738+0000] {spark_submit.py:490} INFO - 25/04/30 13:59:35 INFO DAGScheduler: Got map stage job 4 (count at NativeMethodAccessorImpl.java:0) with 1 output partitions
[2025-04-30T13:59:35.739+0000] {spark_submit.py:490} INFO - 25/04/30 13:59:35 INFO DAGScheduler: Final stage: ShuffleMapStage 6 (count at NativeMethodAccessorImpl.java:0)
[2025-04-30T13:59:35.739+0000] {spark_submit.py:490} INFO - 25/04/30 13:59:35 INFO DAGScheduler: Parents of final stage: List()
[2025-04-30T13:59:35.739+0000] {spark_submit.py:490} INFO - 25/04/30 13:59:35 INFO DAGScheduler: Missing parents: List()
[2025-04-30T13:59:35.740+0000] {spark_submit.py:490} INFO - 25/04/30 13:59:35 INFO DAGScheduler: Submitting ShuffleMapStage 6 (MapPartitionsRDD[14] at count at NativeMethodAccessorImpl.java:0), which has no missing parents
[2025-04-30T13:59:35.746+0000] {spark_submit.py:490} INFO - 25/04/30 13:59:35 INFO MemoryStore: Block broadcast_4 stored as values in memory (estimated size 14.0 KiB, free 434.4 MiB)
[2025-04-30T13:59:35.748+0000] {spark_submit.py:490} INFO - 25/04/30 13:59:35 INFO MemoryStore: Block broadcast_4_piece0 stored as bytes in memory (estimated size 7.3 KiB, free 434.4 MiB)
[2025-04-30T13:59:35.749+0000] {spark_submit.py:490} INFO - 25/04/30 13:59:35 INFO BlockManagerInfo: Added broadcast_4_piece0 in memory on c3e86edc6a44:35791 (size: 7.3 KiB, free: 434.4 MiB)
[2025-04-30T13:59:35.749+0000] {spark_submit.py:490} INFO - 25/04/30 13:59:35 INFO SparkContext: Created broadcast 4 from broadcast at DAGScheduler.scala:1513
[2025-04-30T13:59:35.750+0000] {spark_submit.py:490} INFO - 25/04/30 13:59:35 INFO DAGScheduler: Submitting 1 missing tasks from ShuffleMapStage 6 (MapPartitionsRDD[14] at count at NativeMethodAccessorImpl.java:0) (first 15 tasks are for partitions Vector(0))
[2025-04-30T13:59:35.750+0000] {spark_submit.py:490} INFO - 25/04/30 13:59:35 INFO TaskSchedulerImpl: Adding task set 6.0 with 1 tasks resource profile 0
[2025-04-30T13:59:35.751+0000] {spark_submit.py:490} INFO - 25/04/30 13:59:35 INFO TaskSetManager: Starting task 0.0 in stage 6.0 (TID 4) (172.18.0.4, executor 0, partition 0, PROCESS_LOCAL, 4292 bytes) taskResourceAssignments Map()
[2025-04-30T13:59:35.764+0000] {spark_submit.py:490} INFO - 25/04/30 13:59:35 INFO BlockManagerInfo: Added broadcast_4_piece0 in memory on 172.18.0.4:34537 (size: 7.3 KiB, free: 366.3 MiB)
[2025-04-30T13:59:36.173+0000] {spark_submit.py:490} INFO - 25/04/30 13:59:36 INFO TaskSetManager: Finished task 0.0 in stage 6.0 (TID 4) in 422 ms on 172.18.0.4 (executor 0) (1/1)
[2025-04-30T13:59:36.174+0000] {spark_submit.py:490} INFO - 25/04/30 13:59:36 INFO TaskSchedulerImpl: Removed TaskSet 6.0, whose tasks have all completed, from pool
[2025-04-30T13:59:36.174+0000] {spark_submit.py:490} INFO - 25/04/30 13:59:36 INFO DAGScheduler: ShuffleMapStage 6 (count at NativeMethodAccessorImpl.java:0) finished in 0.434 s
[2025-04-30T13:59:36.174+0000] {spark_submit.py:490} INFO - 25/04/30 13:59:36 INFO DAGScheduler: looking for newly runnable stages
[2025-04-30T13:59:36.175+0000] {spark_submit.py:490} INFO - 25/04/30 13:59:36 INFO DAGScheduler: running: Set()
[2025-04-30T13:59:36.175+0000] {spark_submit.py:490} INFO - 25/04/30 13:59:36 INFO DAGScheduler: waiting: Set()
[2025-04-30T13:59:36.175+0000] {spark_submit.py:490} INFO - 25/04/30 13:59:36 INFO DAGScheduler: failed: Set()
[2025-04-30T13:59:36.187+0000] {spark_submit.py:490} INFO - 25/04/30 13:59:36 INFO ShufflePartitionsUtil: For shuffle(2), advisory target size: 67108864, actual target size 1048576, minimum partition size: 1048576
[2025-04-30T13:59:36.212+0000] {spark_submit.py:490} INFO - 25/04/30 13:59:36 INFO CodeGenerator: Code generated in 6.694407 ms
[2025-04-30T13:59:36.226+0000] {spark_submit.py:490} INFO - 25/04/30 13:59:36 INFO CodeGenerator: Code generated in 8.884176 ms
[2025-04-30T13:59:36.261+0000] {spark_submit.py:490} INFO - 25/04/30 13:59:36 INFO DAGScheduler: Registering RDD 19 (count at NativeMethodAccessorImpl.java:0) as input to shuffle 3
[2025-04-30T13:59:36.262+0000] {spark_submit.py:490} INFO - 25/04/30 13:59:36 INFO DAGScheduler: Got map stage job 5 (count at NativeMethodAccessorImpl.java:0) with 1 output partitions
[2025-04-30T13:59:36.262+0000] {spark_submit.py:490} INFO - 25/04/30 13:59:36 INFO DAGScheduler: Final stage: ShuffleMapStage 8 (count at NativeMethodAccessorImpl.java:0)
[2025-04-30T13:59:36.262+0000] {spark_submit.py:490} INFO - 25/04/30 13:59:36 INFO DAGScheduler: Parents of final stage: List(ShuffleMapStage 7)
[2025-04-30T13:59:36.262+0000] {spark_submit.py:490} INFO - 25/04/30 13:59:36 INFO DAGScheduler: Missing parents: List()
[2025-04-30T13:59:36.263+0000] {spark_submit.py:490} INFO - 25/04/30 13:59:36 INFO DAGScheduler: Submitting ShuffleMapStage 8 (MapPartitionsRDD[19] at count at NativeMethodAccessorImpl.java:0), which has no missing parents
[2025-04-30T13:59:36.270+0000] {spark_submit.py:490} INFO - 25/04/30 13:59:36 INFO MemoryStore: Block broadcast_5 stored as values in memory (estimated size 34.6 KiB, free 434.3 MiB)
[2025-04-30T13:59:36.272+0000] {spark_submit.py:490} INFO - 25/04/30 13:59:36 INFO MemoryStore: Block broadcast_5_piece0 stored as bytes in memory (estimated size 16.6 KiB, free 434.3 MiB)
[2025-04-30T13:59:36.272+0000] {spark_submit.py:490} INFO - 25/04/30 13:59:36 INFO BlockManagerInfo: Added broadcast_5_piece0 in memory on c3e86edc6a44:35791 (size: 16.6 KiB, free: 434.4 MiB)
[2025-04-30T13:59:36.273+0000] {spark_submit.py:490} INFO - 25/04/30 13:59:36 INFO SparkContext: Created broadcast 5 from broadcast at DAGScheduler.scala:1513
[2025-04-30T13:59:36.273+0000] {spark_submit.py:490} INFO - 25/04/30 13:59:36 INFO DAGScheduler: Submitting 1 missing tasks from ShuffleMapStage 8 (MapPartitionsRDD[19] at count at NativeMethodAccessorImpl.java:0) (first 15 tasks are for partitions Vector(0))
[2025-04-30T13:59:36.274+0000] {spark_submit.py:490} INFO - 25/04/30 13:59:36 INFO TaskSchedulerImpl: Adding task set 8.0 with 1 tasks resource profile 0
[2025-04-30T13:59:36.275+0000] {spark_submit.py:490} INFO - 25/04/30 13:59:36 INFO TaskSetManager: Starting task 0.0 in stage 8.0 (TID 5) (172.18.0.4, executor 0, partition 0, NODE_LOCAL, 4446 bytes) taskResourceAssignments Map()
[2025-04-30T13:59:36.290+0000] {spark_submit.py:490} INFO - 25/04/30 13:59:36 INFO BlockManagerInfo: Added broadcast_5_piece0 in memory on 172.18.0.4:34537 (size: 16.6 KiB, free: 366.3 MiB)
[2025-04-30T13:59:36.387+0000] {spark_submit.py:490} INFO - 25/04/30 13:59:36 INFO MapOutputTrackerMasterEndpoint: Asked to send map output locations for shuffle 2 to 172.18.0.4:34050
[2025-04-30T13:59:36.654+0000] {spark_submit.py:490} INFO - 25/04/30 13:59:36 INFO TaskSetManager: Finished task 0.0 in stage 8.0 (TID 5) in 380 ms on 172.18.0.4 (executor 0) (1/1)
[2025-04-30T13:59:36.655+0000] {spark_submit.py:490} INFO - 25/04/30 13:59:36 INFO TaskSchedulerImpl: Removed TaskSet 8.0, whose tasks have all completed, from pool
[2025-04-30T13:59:36.655+0000] {spark_submit.py:490} INFO - 25/04/30 13:59:36 INFO DAGScheduler: ShuffleMapStage 8 (count at NativeMethodAccessorImpl.java:0) finished in 0.388 s
[2025-04-30T13:59:36.655+0000] {spark_submit.py:490} INFO - 25/04/30 13:59:36 INFO DAGScheduler: looking for newly runnable stages
[2025-04-30T13:59:36.656+0000] {spark_submit.py:490} INFO - 25/04/30 13:59:36 INFO DAGScheduler: running: Set()
[2025-04-30T13:59:36.656+0000] {spark_submit.py:490} INFO - 25/04/30 13:59:36 INFO DAGScheduler: waiting: Set()
[2025-04-30T13:59:36.656+0000] {spark_submit.py:490} INFO - 25/04/30 13:59:36 INFO DAGScheduler: failed: Set()
[2025-04-30T13:59:36.670+0000] {spark_submit.py:490} INFO - 25/04/30 13:59:36 INFO CodeGenerator: Code generated in 6.87593 ms
[2025-04-30T13:59:36.682+0000] {spark_submit.py:490} INFO - 25/04/30 13:59:36 INFO SparkContext: Starting job: count at NativeMethodAccessorImpl.java:0
[2025-04-30T13:59:36.683+0000] {spark_submit.py:490} INFO - 25/04/30 13:59:36 INFO DAGScheduler: Got job 6 (count at NativeMethodAccessorImpl.java:0) with 1 output partitions
[2025-04-30T13:59:36.683+0000] {spark_submit.py:490} INFO - 25/04/30 13:59:36 INFO DAGScheduler: Final stage: ResultStage 11 (count at NativeMethodAccessorImpl.java:0)
[2025-04-30T13:59:36.683+0000] {spark_submit.py:490} INFO - 25/04/30 13:59:36 INFO DAGScheduler: Parents of final stage: List(ShuffleMapStage 10)
[2025-04-30T13:59:36.683+0000] {spark_submit.py:490} INFO - 25/04/30 13:59:36 INFO DAGScheduler: Missing parents: List()
[2025-04-30T13:59:36.683+0000] {spark_submit.py:490} INFO - 25/04/30 13:59:36 INFO DAGScheduler: Submitting ResultStage 11 (MapPartitionsRDD[22] at count at NativeMethodAccessorImpl.java:0), which has no missing parents
[2025-04-30T13:59:36.685+0000] {spark_submit.py:490} INFO - 25/04/30 13:59:36 INFO MemoryStore: Block broadcast_6 stored as values in memory (estimated size 11.1 KiB, free 434.3 MiB)
[2025-04-30T13:59:36.698+0000] {spark_submit.py:490} INFO - 25/04/30 13:59:36 INFO MemoryStore: Block broadcast_6_piece0 stored as bytes in memory (estimated size 5.5 KiB, free 434.3 MiB)
[2025-04-30T13:59:36.699+0000] {spark_submit.py:490} INFO - 25/04/30 13:59:36 INFO BlockManagerInfo: Added broadcast_6_piece0 in memory on c3e86edc6a44:35791 (size: 5.5 KiB, free: 434.4 MiB)
[2025-04-30T13:59:36.701+0000] {spark_submit.py:490} INFO - 25/04/30 13:59:36 INFO SparkContext: Created broadcast 6 from broadcast at DAGScheduler.scala:1513
[2025-04-30T13:59:36.701+0000] {spark_submit.py:490} INFO - 25/04/30 13:59:36 INFO DAGScheduler: Submitting 1 missing tasks from ResultStage 11 (MapPartitionsRDD[22] at count at NativeMethodAccessorImpl.java:0) (first 15 tasks are for partitions Vector(0))
[2025-04-30T13:59:36.701+0000] {spark_submit.py:490} INFO - 25/04/30 13:59:36 INFO TaskSchedulerImpl: Adding task set 11.0 with 1 tasks resource profile 0
[2025-04-30T13:59:36.702+0000] {spark_submit.py:490} INFO - 25/04/30 13:59:36 INFO BlockManagerInfo: Removed broadcast_5_piece0 on c3e86edc6a44:35791 in memory (size: 16.6 KiB, free: 434.4 MiB)
[2025-04-30T13:59:36.704+0000] {spark_submit.py:490} INFO - 25/04/30 13:59:36 INFO TaskSetManager: Starting task 0.0 in stage 11.0 (TID 6) (172.18.0.4, executor 0, partition 0, NODE_LOCAL, 4457 bytes) taskResourceAssignments Map()
[2025-04-30T13:59:36.705+0000] {spark_submit.py:490} INFO - 25/04/30 13:59:36 INFO BlockManagerInfo: Removed broadcast_5_piece0 on 172.18.0.4:34537 in memory (size: 16.6 KiB, free: 366.3 MiB)
[2025-04-30T13:59:36.712+0000] {spark_submit.py:490} INFO - 25/04/30 13:59:36 INFO BlockManagerInfo: Removed broadcast_4_piece0 on c3e86edc6a44:35791 in memory (size: 7.3 KiB, free: 434.4 MiB)
[2025-04-30T13:59:36.715+0000] {spark_submit.py:490} INFO - 25/04/30 13:59:36 INFO BlockManagerInfo: Removed broadcast_4_piece0 on 172.18.0.4:34537 in memory (size: 7.3 KiB, free: 366.3 MiB)
[2025-04-30T13:59:36.718+0000] {spark_submit.py:490} INFO - 25/04/30 13:59:36 INFO BlockManagerInfo: Added broadcast_6_piece0 in memory on 172.18.0.4:34537 (size: 5.5 KiB, free: 366.3 MiB)
[2025-04-30T13:59:36.734+0000] {spark_submit.py:490} INFO - 25/04/30 13:59:36 INFO MapOutputTrackerMasterEndpoint: Asked to send map output locations for shuffle 3 to 172.18.0.4:34050
[2025-04-30T13:59:36.737+0000] {spark_submit.py:490} INFO - 25/04/30 13:59:36 INFO BlockManagerInfo: Removed broadcast_3_piece0 on c3e86edc6a44:35791 in memory (size: 5.5 KiB, free: 434.4 MiB)
[2025-04-30T13:59:36.739+0000] {spark_submit.py:490} INFO - 25/04/30 13:59:36 INFO BlockManagerInfo: Removed broadcast_3_piece0 on 172.18.0.4:34537 in memory (size: 5.5 KiB, free: 366.3 MiB)
[2025-04-30T13:59:36.753+0000] {spark_submit.py:490} INFO - 25/04/30 13:59:36 INFO TaskSetManager: Finished task 0.0 in stage 11.0 (TID 6) in 49 ms on 172.18.0.4 (executor 0) (1/1)
[2025-04-30T13:59:36.753+0000] {spark_submit.py:490} INFO - 25/04/30 13:59:36 INFO TaskSchedulerImpl: Removed TaskSet 11.0, whose tasks have all completed, from pool
[2025-04-30T13:59:36.754+0000] {spark_submit.py:490} INFO - 25/04/30 13:59:36 INFO DAGScheduler: ResultStage 11 (count at NativeMethodAccessorImpl.java:0) finished in 0.069 s
[2025-04-30T13:59:36.754+0000] {spark_submit.py:490} INFO - 25/04/30 13:59:36 INFO DAGScheduler: Job 6 is finished. Cancelling potential speculative or zombie tasks for this job
[2025-04-30T13:59:36.754+0000] {spark_submit.py:490} INFO - 25/04/30 13:59:36 INFO TaskSchedulerImpl: Killing all running tasks in stage 11: Stage finished
[2025-04-30T13:59:36.754+0000] {spark_submit.py:490} INFO - 25/04/30 13:59:36 INFO DAGScheduler: Job 6 finished: count at NativeMethodAccessorImpl.java:0, took 0.072615 s
[2025-04-30T13:59:36.756+0000] {spark_submit.py:490} INFO - INFO:__main__:Правило freq_tx отработано, записей: 9
[2025-04-30T13:59:36.832+0000] {spark_submit.py:490} INFO - 25/04/30 13:59:36 INFO DAGScheduler: Registering RDD 26 (count at NativeMethodAccessorImpl.java:0) as input to shuffle 4
[2025-04-30T13:59:36.832+0000] {spark_submit.py:490} INFO - 25/04/30 13:59:36 INFO DAGScheduler: Got map stage job 7 (count at NativeMethodAccessorImpl.java:0) with 1 output partitions
[2025-04-30T13:59:36.832+0000] {spark_submit.py:490} INFO - 25/04/30 13:59:36 INFO DAGScheduler: Final stage: ShuffleMapStage 12 (count at NativeMethodAccessorImpl.java:0)
[2025-04-30T13:59:36.833+0000] {spark_submit.py:490} INFO - 25/04/30 13:59:36 INFO DAGScheduler: Parents of final stage: List()
[2025-04-30T13:59:36.833+0000] {spark_submit.py:490} INFO - 25/04/30 13:59:36 INFO DAGScheduler: Missing parents: List()
[2025-04-30T13:59:36.834+0000] {spark_submit.py:490} INFO - 25/04/30 13:59:36 INFO DAGScheduler: Submitting ShuffleMapStage 12 (MapPartitionsRDD[26] at count at NativeMethodAccessorImpl.java:0), which has no missing parents
[2025-04-30T13:59:36.837+0000] {spark_submit.py:490} INFO - 25/04/30 13:59:36 INFO MemoryStore: Block broadcast_7 stored as values in memory (estimated size 14.1 KiB, free 434.4 MiB)
[2025-04-30T13:59:36.838+0000] {spark_submit.py:490} INFO - 25/04/30 13:59:36 INFO MemoryStore: Block broadcast_7_piece0 stored as bytes in memory (estimated size 7.3 KiB, free 434.4 MiB)
[2025-04-30T13:59:36.839+0000] {spark_submit.py:490} INFO - 25/04/30 13:59:36 INFO BlockManagerInfo: Added broadcast_7_piece0 in memory on c3e86edc6a44:35791 (size: 7.3 KiB, free: 434.4 MiB)
[2025-04-30T13:59:36.839+0000] {spark_submit.py:490} INFO - 25/04/30 13:59:36 INFO SparkContext: Created broadcast 7 from broadcast at DAGScheduler.scala:1513
[2025-04-30T13:59:36.839+0000] {spark_submit.py:490} INFO - 25/04/30 13:59:36 INFO DAGScheduler: Submitting 1 missing tasks from ShuffleMapStage 12 (MapPartitionsRDD[26] at count at NativeMethodAccessorImpl.java:0) (first 15 tasks are for partitions Vector(0))
[2025-04-30T13:59:36.839+0000] {spark_submit.py:490} INFO - 25/04/30 13:59:36 INFO TaskSchedulerImpl: Adding task set 12.0 with 1 tasks resource profile 0
[2025-04-30T13:59:36.841+0000] {spark_submit.py:490} INFO - 25/04/30 13:59:36 INFO TaskSetManager: Starting task 0.0 in stage 12.0 (TID 7) (172.18.0.4, executor 0, partition 0, PROCESS_LOCAL, 4292 bytes) taskResourceAssignments Map()
[2025-04-30T13:59:36.851+0000] {spark_submit.py:490} INFO - 25/04/30 13:59:36 INFO BlockManagerInfo: Added broadcast_7_piece0 in memory on 172.18.0.4:34537 (size: 7.3 KiB, free: 366.3 MiB)
[2025-04-30T13:59:36.910+0000] {spark_submit.py:490} INFO - 25/04/30 13:59:36 INFO TaskSetManager: Finished task 0.0 in stage 12.0 (TID 7) in 70 ms on 172.18.0.4 (executor 0) (1/1)
[2025-04-30T13:59:36.910+0000] {spark_submit.py:490} INFO - 25/04/30 13:59:36 INFO TaskSchedulerImpl: Removed TaskSet 12.0, whose tasks have all completed, from pool
[2025-04-30T13:59:36.911+0000] {spark_submit.py:490} INFO - 25/04/30 13:59:36 INFO DAGScheduler: ShuffleMapStage 12 (count at NativeMethodAccessorImpl.java:0) finished in 0.076 s
[2025-04-30T13:59:36.911+0000] {spark_submit.py:490} INFO - 25/04/30 13:59:36 INFO DAGScheduler: looking for newly runnable stages
[2025-04-30T13:59:36.911+0000] {spark_submit.py:490} INFO - 25/04/30 13:59:36 INFO DAGScheduler: running: Set()
[2025-04-30T13:59:36.911+0000] {spark_submit.py:490} INFO - 25/04/30 13:59:36 INFO DAGScheduler: waiting: Set()
[2025-04-30T13:59:36.911+0000] {spark_submit.py:490} INFO - 25/04/30 13:59:36 INFO DAGScheduler: failed: Set()
[2025-04-30T13:59:36.921+0000] {spark_submit.py:490} INFO - 25/04/30 13:59:36 INFO ShufflePartitionsUtil: For shuffle(4), advisory target size: 67108864, actual target size 1048576, minimum partition size: 1048576
[2025-04-30T13:59:36.937+0000] {spark_submit.py:490} INFO - 25/04/30 13:59:36 INFO CodeGenerator: Code generated in 6.654844 ms
[2025-04-30T13:59:36.943+0000] {spark_submit.py:490} INFO - 25/04/30 13:59:36 INFO CodeGenerator: Code generated in 4.005164 ms
[2025-04-30T13:59:36.952+0000] {spark_submit.py:490} INFO - 25/04/30 13:59:36 INFO CodeGenerator: Code generated in 4.4322 ms
[2025-04-30T13:59:36.960+0000] {spark_submit.py:490} INFO - 25/04/30 13:59:36 INFO CodeGenerator: Code generated in 6.554308 ms
[2025-04-30T13:59:36.977+0000] {spark_submit.py:490} INFO - 25/04/30 13:59:36 INFO DAGScheduler: Registering RDD 35 (count at NativeMethodAccessorImpl.java:0) as input to shuffle 5
[2025-04-30T13:59:36.977+0000] {spark_submit.py:490} INFO - 25/04/30 13:59:36 INFO DAGScheduler: Got map stage job 8 (count at NativeMethodAccessorImpl.java:0) with 2 output partitions
[2025-04-30T13:59:36.977+0000] {spark_submit.py:490} INFO - 25/04/30 13:59:36 INFO DAGScheduler: Final stage: ShuffleMapStage 14 (count at NativeMethodAccessorImpl.java:0)
[2025-04-30T13:59:36.977+0000] {spark_submit.py:490} INFO - 25/04/30 13:59:36 INFO DAGScheduler: Parents of final stage: List(ShuffleMapStage 13)
[2025-04-30T13:59:36.977+0000] {spark_submit.py:490} INFO - 25/04/30 13:59:36 INFO DAGScheduler: Missing parents: List()
[2025-04-30T13:59:36.978+0000] {spark_submit.py:490} INFO - 25/04/30 13:59:36 INFO DAGScheduler: Submitting ShuffleMapStage 14 (MapPartitionsRDD[35] at count at NativeMethodAccessorImpl.java:0), which has no missing parents
[2025-04-30T13:59:36.986+0000] {spark_submit.py:490} INFO - 25/04/30 13:59:36 INFO MemoryStore: Block broadcast_8 stored as values in memory (estimated size 38.6 KiB, free 434.3 MiB)
[2025-04-30T13:59:36.988+0000] {spark_submit.py:490} INFO - 25/04/30 13:59:36 INFO MemoryStore: Block broadcast_8_piece0 stored as bytes in memory (estimated size 17.8 KiB, free 434.3 MiB)
[2025-04-30T13:59:36.989+0000] {spark_submit.py:490} INFO - 25/04/30 13:59:36 INFO BlockManagerInfo: Added broadcast_8_piece0 in memory on c3e86edc6a44:35791 (size: 17.8 KiB, free: 434.4 MiB)
[2025-04-30T13:59:36.989+0000] {spark_submit.py:490} INFO - 25/04/30 13:59:36 INFO SparkContext: Created broadcast 8 from broadcast at DAGScheduler.scala:1513
[2025-04-30T13:59:36.990+0000] {spark_submit.py:490} INFO - 25/04/30 13:59:36 INFO DAGScheduler: Submitting 2 missing tasks from ShuffleMapStage 14 (MapPartitionsRDD[35] at count at NativeMethodAccessorImpl.java:0) (first 15 tasks are for partitions Vector(0, 1))
[2025-04-30T13:59:36.990+0000] {spark_submit.py:490} INFO - 25/04/30 13:59:36 INFO TaskSchedulerImpl: Adding task set 14.0 with 2 tasks resource profile 0
[2025-04-30T13:59:36.992+0000] {spark_submit.py:490} INFO - 25/04/30 13:59:36 INFO TaskSetManager: Starting task 1.0 in stage 14.0 (TID 8) (172.18.0.4, executor 0, partition 1, NODE_LOCAL, 4555 bytes) taskResourceAssignments Map()
[2025-04-30T13:59:37.004+0000] {spark_submit.py:490} INFO - 25/04/30 13:59:37 INFO BlockManagerInfo: Added broadcast_8_piece0 in memory on 172.18.0.4:34537 (size: 17.8 KiB, free: 366.3 MiB)
[2025-04-30T13:59:37.017+0000] {spark_submit.py:490} INFO - 25/04/30 13:59:37 INFO MapOutputTrackerMasterEndpoint: Asked to send map output locations for shuffle 4 to 172.18.0.4:34050
[2025-04-30T13:59:37.039+0000] {spark_submit.py:490} INFO - 25/04/30 13:59:37 INFO BlockManagerInfo: Removed broadcast_7_piece0 on c3e86edc6a44:35791 in memory (size: 7.3 KiB, free: 434.4 MiB)
[2025-04-30T13:59:37.042+0000] {spark_submit.py:490} INFO - 25/04/30 13:59:37 INFO BlockManagerInfo: Removed broadcast_7_piece0 on 172.18.0.4:34537 in memory (size: 7.3 KiB, free: 366.3 MiB)
[2025-04-30T13:59:37.088+0000] {spark_submit.py:490} INFO - 25/04/30 13:59:37 INFO BlockManagerInfo: Removed broadcast_6_piece0 on c3e86edc6a44:35791 in memory (size: 5.5 KiB, free: 434.4 MiB)
[2025-04-30T13:59:37.090+0000] {spark_submit.py:490} INFO - 25/04/30 13:59:37 INFO BlockManagerInfo: Removed broadcast_6_piece0 on 172.18.0.4:34537 in memory (size: 5.5 KiB, free: 366.3 MiB)
[2025-04-30T13:59:37.176+0000] {spark_submit.py:490} INFO - 25/04/30 13:59:37 INFO TaskSetManager: Starting task 0.0 in stage 14.0 (TID 9) (172.18.0.4, executor 0, partition 0, PROCESS_LOCAL, 4401 bytes) taskResourceAssignments Map()
[2025-04-30T13:59:37.178+0000] {spark_submit.py:490} INFO - 25/04/30 13:59:37 INFO TaskSetManager: Finished task 1.0 in stage 14.0 (TID 8) in 187 ms on 172.18.0.4 (executor 0) (1/2)
[2025-04-30T13:59:37.231+0000] {spark_submit.py:490} INFO - 25/04/30 13:59:37 INFO TaskSetManager: Finished task 0.0 in stage 14.0 (TID 9) in 60 ms on 172.18.0.4 (executor 0) (2/2)
[2025-04-30T13:59:37.232+0000] {spark_submit.py:490} INFO - 25/04/30 13:59:37 INFO TaskSchedulerImpl: Removed TaskSet 14.0, whose tasks have all completed, from pool
[2025-04-30T13:59:37.232+0000] {spark_submit.py:490} INFO - 25/04/30 13:59:37 INFO DAGScheduler: ShuffleMapStage 14 (count at NativeMethodAccessorImpl.java:0) finished in 0.250 s
[2025-04-30T13:59:37.232+0000] {spark_submit.py:490} INFO - 25/04/30 13:59:37 INFO DAGScheduler: looking for newly runnable stages
[2025-04-30T13:59:37.233+0000] {spark_submit.py:490} INFO - 25/04/30 13:59:37 INFO DAGScheduler: running: Set()
[2025-04-30T13:59:37.233+0000] {spark_submit.py:490} INFO - 25/04/30 13:59:37 INFO DAGScheduler: waiting: Set()
[2025-04-30T13:59:37.233+0000] {spark_submit.py:490} INFO - 25/04/30 13:59:37 INFO DAGScheduler: failed: Set()
[2025-04-30T13:59:37.247+0000] {spark_submit.py:490} INFO - 25/04/30 13:59:37 INFO CodeGenerator: Code generated in 6.960362 ms
[2025-04-30T13:59:37.259+0000] {spark_submit.py:490} INFO - 25/04/30 13:59:37 INFO SparkContext: Starting job: count at NativeMethodAccessorImpl.java:0
[2025-04-30T13:59:37.261+0000] {spark_submit.py:490} INFO - 25/04/30 13:59:37 INFO DAGScheduler: Got job 9 (count at NativeMethodAccessorImpl.java:0) with 1 output partitions
[2025-04-30T13:59:37.261+0000] {spark_submit.py:490} INFO - 25/04/30 13:59:37 INFO DAGScheduler: Final stage: ResultStage 17 (count at NativeMethodAccessorImpl.java:0)
[2025-04-30T13:59:37.261+0000] {spark_submit.py:490} INFO - 25/04/30 13:59:37 INFO DAGScheduler: Parents of final stage: List(ShuffleMapStage 16)
[2025-04-30T13:59:37.262+0000] {spark_submit.py:490} INFO - 25/04/30 13:59:37 INFO DAGScheduler: Missing parents: List()
[2025-04-30T13:59:37.263+0000] {spark_submit.py:490} INFO - 25/04/30 13:59:37 INFO DAGScheduler: Submitting ResultStage 17 (MapPartitionsRDD[38] at count at NativeMethodAccessorImpl.java:0), which has no missing parents
[2025-04-30T13:59:37.265+0000] {spark_submit.py:490} INFO - 25/04/30 13:59:37 INFO MemoryStore: Block broadcast_9 stored as values in memory (estimated size 11.1 KiB, free 434.3 MiB)
[2025-04-30T13:59:37.267+0000] {spark_submit.py:490} INFO - 25/04/30 13:59:37 INFO MemoryStore: Block broadcast_9_piece0 stored as bytes in memory (estimated size 5.5 KiB, free 434.3 MiB)
[2025-04-30T13:59:37.267+0000] {spark_submit.py:490} INFO - 25/04/30 13:59:37 INFO BlockManagerInfo: Added broadcast_9_piece0 in memory on c3e86edc6a44:35791 (size: 5.5 KiB, free: 434.4 MiB)
[2025-04-30T13:59:37.268+0000] {spark_submit.py:490} INFO - 25/04/30 13:59:37 INFO SparkContext: Created broadcast 9 from broadcast at DAGScheduler.scala:1513
[2025-04-30T13:59:37.268+0000] {spark_submit.py:490} INFO - 25/04/30 13:59:37 INFO DAGScheduler: Submitting 1 missing tasks from ResultStage 17 (MapPartitionsRDD[38] at count at NativeMethodAccessorImpl.java:0) (first 15 tasks are for partitions Vector(0))
[2025-04-30T13:59:37.268+0000] {spark_submit.py:490} INFO - 25/04/30 13:59:37 INFO TaskSchedulerImpl: Adding task set 17.0 with 1 tasks resource profile 0
[2025-04-30T13:59:37.270+0000] {spark_submit.py:490} INFO - 25/04/30 13:59:37 INFO TaskSetManager: Starting task 0.0 in stage 17.0 (TID 10) (172.18.0.4, executor 0, partition 0, NODE_LOCAL, 4457 bytes) taskResourceAssignments Map()
[2025-04-30T13:59:37.282+0000] {spark_submit.py:490} INFO - 25/04/30 13:59:37 INFO BlockManagerInfo: Added broadcast_9_piece0 in memory on 172.18.0.4:34537 (size: 5.5 KiB, free: 366.3 MiB)
[2025-04-30T13:59:37.288+0000] {spark_submit.py:490} INFO - 25/04/30 13:59:37 INFO MapOutputTrackerMasterEndpoint: Asked to send map output locations for shuffle 5 to 172.18.0.4:34050
[2025-04-30T13:59:37.310+0000] {spark_submit.py:490} INFO - 25/04/30 13:59:37 INFO TaskSetManager: Finished task 0.0 in stage 17.0 (TID 10) in 39 ms on 172.18.0.4 (executor 0) (1/1)
[2025-04-30T13:59:37.310+0000] {spark_submit.py:490} INFO - 25/04/30 13:59:37 INFO TaskSchedulerImpl: Removed TaskSet 17.0, whose tasks have all completed, from pool
[2025-04-30T13:59:37.311+0000] {spark_submit.py:490} INFO - 25/04/30 13:59:37 INFO DAGScheduler: ResultStage 17 (count at NativeMethodAccessorImpl.java:0) finished in 0.047 s
[2025-04-30T13:59:37.313+0000] {spark_submit.py:490} INFO - 25/04/30 13:59:37 INFO DAGScheduler: Job 9 is finished. Cancelling potential speculative or zombie tasks for this job
[2025-04-30T13:59:37.313+0000] {spark_submit.py:490} INFO - 25/04/30 13:59:37 INFO TaskSchedulerImpl: Killing all running tasks in stage 17: Stage finished
[2025-04-30T13:59:37.314+0000] {spark_submit.py:490} INFO - 25/04/30 13:59:37 INFO DAGScheduler: Job 9 finished: count at NativeMethodAccessorImpl.java:0, took 0.052203 s
[2025-04-30T13:59:37.315+0000] {spark_submit.py:490} INFO - INFO:__main__:Объединение результатов выполнено, итого записей: 346
[2025-04-30T13:59:37.476+0000] {spark_submit.py:490} INFO - 25/04/30 13:59:37 INFO CodeGenerator: Code generated in 11.109921 ms
[2025-04-30T13:59:37.480+0000] {spark_submit.py:490} INFO - 25/04/30 13:59:37 INFO DAGScheduler: Registering RDD 42 (jdbc at NativeMethodAccessorImpl.java:0) as input to shuffle 6
[2025-04-30T13:59:37.480+0000] {spark_submit.py:490} INFO - 25/04/30 13:59:37 INFO DAGScheduler: Got map stage job 10 (jdbc at NativeMethodAccessorImpl.java:0) with 1 output partitions
[2025-04-30T13:59:37.480+0000] {spark_submit.py:490} INFO - 25/04/30 13:59:37 INFO DAGScheduler: Final stage: ShuffleMapStage 18 (jdbc at NativeMethodAccessorImpl.java:0)
[2025-04-30T13:59:37.480+0000] {spark_submit.py:490} INFO - 25/04/30 13:59:37 INFO DAGScheduler: Parents of final stage: List()
[2025-04-30T13:59:37.481+0000] {spark_submit.py:490} INFO - 25/04/30 13:59:37 INFO DAGScheduler: Missing parents: List()
[2025-04-30T13:59:37.481+0000] {spark_submit.py:490} INFO - 25/04/30 13:59:37 INFO DAGScheduler: Submitting ShuffleMapStage 18 (MapPartitionsRDD[42] at jdbc at NativeMethodAccessorImpl.java:0), which has no missing parents
[2025-04-30T13:59:37.489+0000] {spark_submit.py:490} INFO - 25/04/30 13:59:37 INFO MemoryStore: Block broadcast_10 stored as values in memory (estimated size 16.3 KiB, free 434.3 MiB)
[2025-04-30T13:59:37.491+0000] {spark_submit.py:490} INFO - 25/04/30 13:59:37 INFO MemoryStore: Block broadcast_10_piece0 stored as bytes in memory (estimated size 7.9 KiB, free 434.3 MiB)
[2025-04-30T13:59:37.491+0000] {spark_submit.py:490} INFO - 25/04/30 13:59:37 INFO BlockManagerInfo: Added broadcast_10_piece0 in memory on c3e86edc6a44:35791 (size: 7.9 KiB, free: 434.4 MiB)
[2025-04-30T13:59:37.492+0000] {spark_submit.py:490} INFO - 25/04/30 13:59:37 INFO SparkContext: Created broadcast 10 from broadcast at DAGScheduler.scala:1513
[2025-04-30T13:59:37.492+0000] {spark_submit.py:490} INFO - 25/04/30 13:59:37 INFO DAGScheduler: Submitting 1 missing tasks from ShuffleMapStage 18 (MapPartitionsRDD[42] at jdbc at NativeMethodAccessorImpl.java:0) (first 15 tasks are for partitions Vector(0))
[2025-04-30T13:59:37.492+0000] {spark_submit.py:490} INFO - 25/04/30 13:59:37 INFO TaskSchedulerImpl: Adding task set 18.0 with 1 tasks resource profile 0
[2025-04-30T13:59:37.493+0000] {spark_submit.py:490} INFO - 25/04/30 13:59:37 INFO TaskSetManager: Starting task 0.0 in stage 18.0 (TID 11) (172.18.0.4, executor 0, partition 0, PROCESS_LOCAL, 4292 bytes) taskResourceAssignments Map()
[2025-04-30T13:59:37.514+0000] {spark_submit.py:490} INFO - 25/04/30 13:59:37 INFO BlockManagerInfo: Added broadcast_10_piece0 in memory on 172.18.0.4:34537 (size: 7.9 KiB, free: 366.3 MiB)
[2025-04-30T13:59:37.622+0000] {spark_submit.py:490} INFO - 25/04/30 13:59:37 INFO TaskSetManager: Finished task 0.0 in stage 18.0 (TID 11) in 129 ms on 172.18.0.4 (executor 0) (1/1)
[2025-04-30T13:59:37.622+0000] {spark_submit.py:490} INFO - 25/04/30 13:59:37 INFO TaskSchedulerImpl: Removed TaskSet 18.0, whose tasks have all completed, from pool
[2025-04-30T13:59:37.623+0000] {spark_submit.py:490} INFO - 25/04/30 13:59:37 INFO DAGScheduler: ShuffleMapStage 18 (jdbc at NativeMethodAccessorImpl.java:0) finished in 0.140 s
[2025-04-30T13:59:37.623+0000] {spark_submit.py:490} INFO - 25/04/30 13:59:37 INFO DAGScheduler: looking for newly runnable stages
[2025-04-30T13:59:37.623+0000] {spark_submit.py:490} INFO - 25/04/30 13:59:37 INFO DAGScheduler: running: Set()
[2025-04-30T13:59:37.623+0000] {spark_submit.py:490} INFO - 25/04/30 13:59:37 INFO DAGScheduler: waiting: Set()
[2025-04-30T13:59:37.623+0000] {spark_submit.py:490} INFO - 25/04/30 13:59:37 INFO DAGScheduler: failed: Set()
[2025-04-30T13:59:37.631+0000] {spark_submit.py:490} INFO - 25/04/30 13:59:37 INFO ShufflePartitionsUtil: For shuffle(6), advisory target size: 67108864, actual target size 1048576, minimum partition size: 1048576
[2025-04-30T13:59:37.654+0000] {spark_submit.py:490} INFO - 25/04/30 13:59:37 INFO CodeGenerator: Code generated in 13.255486 ms
[2025-04-30T13:59:37.681+0000] {spark_submit.py:490} INFO - 25/04/30 13:59:37 INFO CodeGenerator: Code generated in 11.884247 ms
[2025-04-30T13:59:37.735+0000] {spark_submit.py:490} INFO - 25/04/30 13:59:37 INFO SparkContext: Starting job: jdbc at NativeMethodAccessorImpl.java:0
[2025-04-30T13:59:37.737+0000] {spark_submit.py:490} INFO - 25/04/30 13:59:37 INFO DAGScheduler: Got job 11 (jdbc at NativeMethodAccessorImpl.java:0) with 2 output partitions
[2025-04-30T13:59:37.737+0000] {spark_submit.py:490} INFO - 25/04/30 13:59:37 INFO DAGScheduler: Final stage: ResultStage 20 (jdbc at NativeMethodAccessorImpl.java:0)
[2025-04-30T13:59:37.737+0000] {spark_submit.py:490} INFO - 25/04/30 13:59:37 INFO DAGScheduler: Parents of final stage: List(ShuffleMapStage 19)
[2025-04-30T13:59:37.737+0000] {spark_submit.py:490} INFO - 25/04/30 13:59:37 INFO DAGScheduler: Missing parents: List()
[2025-04-30T13:59:37.738+0000] {spark_submit.py:490} INFO - 25/04/30 13:59:37 INFO DAGScheduler: Submitting ResultStage 20 (MapPartitionsRDD[52] at jdbc at NativeMethodAccessorImpl.java:0), which has no missing parents
[2025-04-30T13:59:37.759+0000] {spark_submit.py:490} INFO - 25/04/30 13:59:37 INFO MemoryStore: Block broadcast_11 stored as values in memory (estimated size 54.6 KiB, free 434.3 MiB)
[2025-04-30T13:59:37.771+0000] {spark_submit.py:490} INFO - 25/04/30 13:59:37 INFO MemoryStore: Block broadcast_11_piece0 stored as bytes in memory (estimated size 23.4 KiB, free 434.2 MiB)
[2025-04-30T13:59:37.772+0000] {spark_submit.py:490} INFO - 25/04/30 13:59:37 INFO BlockManagerInfo: Added broadcast_11_piece0 in memory on c3e86edc6a44:35791 (size: 23.4 KiB, free: 434.3 MiB)
[2025-04-30T13:59:37.773+0000] {spark_submit.py:490} INFO - 25/04/30 13:59:37 INFO BlockManagerInfo: Removed broadcast_9_piece0 on c3e86edc6a44:35791 in memory (size: 5.5 KiB, free: 434.4 MiB)
[2025-04-30T13:59:37.774+0000] {spark_submit.py:490} INFO - 25/04/30 13:59:37 INFO SparkContext: Created broadcast 11 from broadcast at DAGScheduler.scala:1513
[2025-04-30T13:59:37.774+0000] {spark_submit.py:490} INFO - 25/04/30 13:59:37 INFO DAGScheduler: Submitting 2 missing tasks from ResultStage 20 (MapPartitionsRDD[52] at jdbc at NativeMethodAccessorImpl.java:0) (first 15 tasks are for partitions Vector(0, 1))
[2025-04-30T13:59:37.775+0000] {spark_submit.py:490} INFO - 25/04/30 13:59:37 INFO TaskSchedulerImpl: Adding task set 20.0 with 2 tasks resource profile 0
[2025-04-30T13:59:37.777+0000] {spark_submit.py:490} INFO - 25/04/30 13:59:37 INFO TaskSetManager: Starting task 1.0 in stage 20.0 (TID 12) (172.18.0.4, executor 0, partition 1, NODE_LOCAL, 4566 bytes) taskResourceAssignments Map()
[2025-04-30T13:59:37.777+0000] {spark_submit.py:490} INFO - 25/04/30 13:59:37 INFO BlockManagerInfo: Removed broadcast_9_piece0 on 172.18.0.4:34537 in memory (size: 5.5 KiB, free: 366.3 MiB)
[2025-04-30T13:59:37.793+0000] {spark_submit.py:490} INFO - 25/04/30 13:59:37 INFO BlockManagerInfo: Removed broadcast_10_piece0 on c3e86edc6a44:35791 in memory (size: 7.9 KiB, free: 434.4 MiB)
[2025-04-30T13:59:37.795+0000] {spark_submit.py:490} INFO - 25/04/30 13:59:37 INFO BlockManagerInfo: Removed broadcast_10_piece0 on 172.18.0.4:34537 in memory (size: 7.9 KiB, free: 366.3 MiB)
[2025-04-30T13:59:37.807+0000] {spark_submit.py:490} INFO - 25/04/30 13:59:37 INFO BlockManagerInfo: Added broadcast_11_piece0 in memory on 172.18.0.4:34537 (size: 23.4 KiB, free: 366.3 MiB)
[2025-04-30T13:59:37.825+0000] {spark_submit.py:490} INFO - 25/04/30 13:59:37 INFO BlockManagerInfo: Removed broadcast_8_piece0 on 172.18.0.4:34537 in memory (size: 17.8 KiB, free: 366.3 MiB)
[2025-04-30T13:59:37.832+0000] {spark_submit.py:490} INFO - 25/04/30 13:59:37 INFO BlockManagerInfo: Removed broadcast_8_piece0 on c3e86edc6a44:35791 in memory (size: 17.8 KiB, free: 434.4 MiB)
[2025-04-30T13:59:38.024+0000] {spark_submit.py:490} INFO - 25/04/30 13:59:38 INFO MapOutputTrackerMasterEndpoint: Asked to send map output locations for shuffle 6 to 172.18.0.4:34050
[2025-04-30T13:59:39.129+0000] {spark_submit.py:490} INFO - 25/04/30 13:59:39 INFO TaskSetManager: Starting task 0.0 in stage 20.0 (TID 13) (172.18.0.4, executor 0, partition 0, PROCESS_LOCAL, 4412 bytes) taskResourceAssignments Map()
[2025-04-30T13:59:39.131+0000] {spark_submit.py:490} INFO - 25/04/30 13:59:39 INFO TaskSetManager: Finished task 1.0 in stage 20.0 (TID 12) in 1355 ms on 172.18.0.4 (executor 0) (1/2)
[2025-04-30T13:59:39.235+0000] {spark_submit.py:490} INFO - 25/04/30 13:59:39 INFO TaskSetManager: Finished task 0.0 in stage 20.0 (TID 13) in 106 ms on 172.18.0.4 (executor 0) (2/2)
[2025-04-30T13:59:39.235+0000] {spark_submit.py:490} INFO - 25/04/30 13:59:39 INFO TaskSchedulerImpl: Removed TaskSet 20.0, whose tasks have all completed, from pool
[2025-04-30T13:59:39.235+0000] {spark_submit.py:490} INFO - 25/04/30 13:59:39 INFO DAGScheduler: ResultStage 20 (jdbc at NativeMethodAccessorImpl.java:0) finished in 1.494 s
[2025-04-30T13:59:39.236+0000] {spark_submit.py:490} INFO - 25/04/30 13:59:39 INFO DAGScheduler: Job 11 is finished. Cancelling potential speculative or zombie tasks for this job
[2025-04-30T13:59:39.236+0000] {spark_submit.py:490} INFO - 25/04/30 13:59:39 INFO TaskSchedulerImpl: Killing all running tasks in stage 20: Stage finished
[2025-04-30T13:59:39.236+0000] {spark_submit.py:490} INFO - 25/04/30 13:59:39 INFO DAGScheduler: Job 11 finished: jdbc at NativeMethodAccessorImpl.java:0, took 1.500884 s
[2025-04-30T13:59:39.250+0000] {spark_submit.py:490} INFO - INFO:__main__:Запись в mart.suspicious_transactions завершена
[2025-04-30T13:59:39.260+0000] {spark_submit.py:490} INFO - 25/04/30 13:59:39 INFO SparkUI: Stopped Spark web UI at http://c3e86edc6a44:4040
[2025-04-30T13:59:39.262+0000] {spark_submit.py:490} INFO - 25/04/30 13:59:39 INFO StandaloneSchedulerBackend: Shutting down all executors
[2025-04-30T13:59:39.262+0000] {spark_submit.py:490} INFO - 25/04/30 13:59:39 INFO CoarseGrainedSchedulerBackend$DriverEndpoint: Asking each executor to shut down
[2025-04-30T13:59:39.280+0000] {spark_submit.py:490} INFO - 25/04/30 13:59:39 INFO MapOutputTrackerMasterEndpoint: MapOutputTrackerMasterEndpoint stopped!
[2025-04-30T13:59:39.308+0000] {spark_submit.py:490} INFO - 25/04/30 13:59:39 INFO MemoryStore: MemoryStore cleared
[2025-04-30T13:59:39.308+0000] {spark_submit.py:490} INFO - 25/04/30 13:59:39 INFO BlockManager: BlockManager stopped
[2025-04-30T13:59:39.314+0000] {spark_submit.py:490} INFO - 25/04/30 13:59:39 INFO BlockManagerMaster: BlockManagerMaster stopped
[2025-04-30T13:59:39.317+0000] {spark_submit.py:490} INFO - 25/04/30 13:59:39 INFO OutputCommitCoordinator$OutputCommitCoordinatorEndpoint: OutputCommitCoordinator stopped!
[2025-04-30T13:59:39.328+0000] {spark_submit.py:490} INFO - 25/04/30 13:59:39 INFO SparkContext: Successfully stopped SparkContext
[2025-04-30T13:59:39.359+0000] {spark_submit.py:490} INFO - INFO:__main__:SparkSession остановлен
[2025-04-30T13:59:39.395+0000] {spark_submit.py:490} INFO - 25/04/30 13:59:39 INFO ShutdownHookManager: Shutdown hook called
[2025-04-30T13:59:39.396+0000] {spark_submit.py:490} INFO - 25/04/30 13:59:39 INFO ShutdownHookManager: Deleting directory /tmp/spark-87fcb85f-3395-4fe7-8e4f-1f930223d1e2/pyspark-e16bc385-7423-4ffa-9377-9818441e25d3
[2025-04-30T13:59:39.399+0000] {spark_submit.py:490} INFO - 25/04/30 13:59:39 INFO ShutdownHookManager: Deleting directory /tmp/spark-87fcb85f-3395-4fe7-8e4f-1f930223d1e2
[2025-04-30T13:59:39.401+0000] {spark_submit.py:490} INFO - 25/04/30 13:59:39 INFO ShutdownHookManager: Deleting directory /tmp/spark-e12ddc9d-7942-4b9a-add9-3da475875a38
[2025-04-30T13:59:39.463+0000] {taskinstance.py:1350} INFO - Marking task as SUCCESS. dag_id=transform, task_id=detect_suspicious, execution_date=20250430T135912, start_date=20250430T135922, end_date=20250430T135939
[2025-04-30T13:59:39.513+0000] {local_task_job_runner.py:225} INFO - Task exited with return code 0
[2025-04-30T13:59:39.604+0000] {taskinstance.py:2653} INFO - 0 downstream tasks scheduled from follow-on schedule check
