[2025-04-27T11:59:59.596+0000] {taskinstance.py:1103} INFO - Dependencies all met for dep_context=non-requeueable deps ti=<TaskInstance: transform.detect_suspicious manual__2025-04-27T11:59:49.663471+00:00 [queued]>
[2025-04-27T11:59:59.602+0000] {taskinstance.py:1103} INFO - Dependencies all met for dep_context=requeueable deps ti=<TaskInstance: transform.detect_suspicious manual__2025-04-27T11:59:49.663471+00:00 [queued]>
[2025-04-27T11:59:59.603+0000] {taskinstance.py:1308} INFO - Starting attempt 1 of 2
[2025-04-27T11:59:59.614+0000] {taskinstance.py:1327} INFO - Executing <Task(SparkSubmitOperator): detect_suspicious> on 2025-04-27 11:59:49.663471+00:00
[2025-04-27T11:59:59.617+0000] {standard_task_runner.py:57} INFO - Started process 881 to run task
[2025-04-27T11:59:59.619+0000] {standard_task_runner.py:84} INFO - Running: ['airflow', 'tasks', 'run', 'transform', 'detect_suspicious', 'manual__2025-04-27T11:59:49.663471+00:00', '--job-id', '74', '--raw', '--subdir', 'DAGS_FOLDER/transform.py', '--cfg-path', '/tmp/tmppsuzdn_n']
[2025-04-27T11:59:59.620+0000] {standard_task_runner.py:85} INFO - Job 74: Subtask detect_suspicious
[2025-04-27T11:59:59.659+0000] {task_command.py:410} INFO - Running <TaskInstance: transform.detect_suspicious manual__2025-04-27T11:59:49.663471+00:00 [running]> on host 6780dda4d52a
[2025-04-27T11:59:59.806+0000] {taskinstance.py:1547} INFO - Exporting env vars: AIRFLOW_CTX_DAG_OWNER='finbest' AIRFLOW_CTX_DAG_ID='transform' AIRFLOW_CTX_TASK_ID='detect_suspicious' AIRFLOW_CTX_EXECUTION_DATE='2025-04-27T11:59:49.663471+00:00' AIRFLOW_CTX_TRY_NUMBER='1' AIRFLOW_CTX_DAG_RUN_ID='manual__2025-04-27T11:59:49.663471+00:00'
[2025-04-27T11:59:59.815+0000] {base.py:73} INFO - Using connection ID 'spark_default' for task execution.
[2025-04-27T11:59:59.816+0000] {spark_submit.py:339} INFO - Spark-Submit cmd: spark-submit --master spark://spark-master:7077 --packages org.postgresql:postgresql:42.6.0,ru.yandex.clickhouse:clickhouse-jdbc:0.3.2 --executor-cores 1 --executor-memory 1g --driver-memory 1g --name arrow-spark /opt/airflow/spark/detect_suspicious.py --jdbc jdbc:postgresql://postgres:5432/finbest --clickhouse-url jdbc:clickhouse://clickhouse:8123/finbest
[2025-04-27T12:00:01.107+0000] {spark_submit.py:490} INFO - :: loading settings :: url = jar:file:/opt/spark/jars/ivy-2.5.0.jar!/org/apache/ivy/core/settings/ivysettings.xml
[2025-04-27T12:00:01.180+0000] {spark_submit.py:490} INFO - Ivy Default Cache set to: /home/airflow/.ivy2/cache
[2025-04-27T12:00:01.180+0000] {spark_submit.py:490} INFO - The jars for the packages stored in: /home/airflow/.ivy2/jars
[2025-04-27T12:00:01.186+0000] {spark_submit.py:490} INFO - org.postgresql#postgresql added as a dependency
[2025-04-27T12:00:01.186+0000] {spark_submit.py:490} INFO - ru.yandex.clickhouse#clickhouse-jdbc added as a dependency
[2025-04-27T12:00:01.187+0000] {spark_submit.py:490} INFO - :: resolving dependencies :: org.apache.spark#spark-submit-parent-03bf9ca6-2d4f-4399-aad0-bde763332e45;1.0
[2025-04-27T12:00:01.187+0000] {spark_submit.py:490} INFO - confs: [default]
[2025-04-27T12:00:01.267+0000] {spark_submit.py:490} INFO - found org.postgresql#postgresql;42.6.0 in central
[2025-04-27T12:00:01.288+0000] {spark_submit.py:490} INFO - found org.checkerframework#checker-qual;3.31.0 in central
[2025-04-27T12:00:01.306+0000] {spark_submit.py:490} INFO - found ru.yandex.clickhouse#clickhouse-jdbc;0.3.2 in central
[2025-04-27T12:00:01.330+0000] {spark_submit.py:490} INFO - found com.clickhouse#clickhouse-http-client;0.3.2 in central
[2025-04-27T12:00:01.351+0000] {spark_submit.py:490} INFO - found com.clickhouse#clickhouse-client;0.3.2 in central
[2025-04-27T12:00:01.371+0000] {spark_submit.py:490} INFO - found org.lz4#lz4-java;1.8.0 in central
[2025-04-27T12:00:01.392+0000] {spark_submit.py:490} INFO - found com.google.code.gson#gson;2.8.8 in central
[2025-04-27T12:00:01.412+0000] {spark_submit.py:490} INFO - found org.apache.httpcomponents#httpclient;4.5.13 in central
[2025-04-27T12:00:01.431+0000] {spark_submit.py:490} INFO - found org.apache.httpcomponents#httpcore;4.4.13 in central
[2025-04-27T12:00:01.448+0000] {spark_submit.py:490} INFO - found commons-logging#commons-logging;1.2 in central
[2025-04-27T12:00:01.466+0000] {spark_submit.py:490} INFO - found commons-codec#commons-codec;1.11 in central
[2025-04-27T12:00:01.482+0000] {spark_submit.py:490} INFO - found org.apache.httpcomponents#httpmime;4.5.13 in central
[2025-04-27T12:00:01.510+0000] {spark_submit.py:490} INFO - :: resolution report :: resolve 309ms :: artifacts dl 14ms
[2025-04-27T12:00:01.511+0000] {spark_submit.py:490} INFO - :: modules in use:
[2025-04-27T12:00:01.512+0000] {spark_submit.py:490} INFO - com.clickhouse#clickhouse-client;0.3.2 from central in [default]
[2025-04-27T12:00:01.512+0000] {spark_submit.py:490} INFO - com.clickhouse#clickhouse-http-client;0.3.2 from central in [default]
[2025-04-27T12:00:01.512+0000] {spark_submit.py:490} INFO - com.google.code.gson#gson;2.8.8 from central in [default]
[2025-04-27T12:00:01.512+0000] {spark_submit.py:490} INFO - commons-codec#commons-codec;1.11 from central in [default]
[2025-04-27T12:00:01.512+0000] {spark_submit.py:490} INFO - commons-logging#commons-logging;1.2 from central in [default]
[2025-04-27T12:00:01.512+0000] {spark_submit.py:490} INFO - org.apache.httpcomponents#httpclient;4.5.13 from central in [default]
[2025-04-27T12:00:01.512+0000] {spark_submit.py:490} INFO - org.apache.httpcomponents#httpcore;4.4.13 from central in [default]
[2025-04-27T12:00:01.512+0000] {spark_submit.py:490} INFO - org.apache.httpcomponents#httpmime;4.5.13 from central in [default]
[2025-04-27T12:00:01.512+0000] {spark_submit.py:490} INFO - org.checkerframework#checker-qual;3.31.0 from central in [default]
[2025-04-27T12:00:01.512+0000] {spark_submit.py:490} INFO - org.lz4#lz4-java;1.8.0 from central in [default]
[2025-04-27T12:00:01.513+0000] {spark_submit.py:490} INFO - org.postgresql#postgresql;42.6.0 from central in [default]
[2025-04-27T12:00:01.513+0000] {spark_submit.py:490} INFO - ru.yandex.clickhouse#clickhouse-jdbc;0.3.2 from central in [default]
[2025-04-27T12:00:01.513+0000] {spark_submit.py:490} INFO - ---------------------------------------------------------------------
[2025-04-27T12:00:01.513+0000] {spark_submit.py:490} INFO - |                  |            modules            ||   artifacts   |
[2025-04-27T12:00:01.513+0000] {spark_submit.py:490} INFO - |       conf       | number| search|dwnlded|evicted|| number|dwnlded|
[2025-04-27T12:00:01.513+0000] {spark_submit.py:490} INFO - ---------------------------------------------------------------------
[2025-04-27T12:00:01.513+0000] {spark_submit.py:490} INFO - |      default     |   12  |   0   |   0   |   0   ||   12  |   0   |
[2025-04-27T12:00:01.513+0000] {spark_submit.py:490} INFO - ---------------------------------------------------------------------
[2025-04-27T12:00:01.517+0000] {spark_submit.py:490} INFO - :: retrieving :: org.apache.spark#spark-submit-parent-03bf9ca6-2d4f-4399-aad0-bde763332e45
[2025-04-27T12:00:01.518+0000] {spark_submit.py:490} INFO - confs: [default]
[2025-04-27T12:00:01.525+0000] {spark_submit.py:490} INFO - 0 artifacts copied, 12 already retrieved (0kB/8ms)
[2025-04-27T12:00:01.761+0000] {spark_submit.py:490} INFO - 25/04/27 12:00:01 WARN NativeCodeLoader: Unable to load native-hadoop library for your platform... using builtin-java classes where applicable
[2025-04-27T12:00:02.807+0000] {spark_submit.py:490} INFO - 25/04/27 12:00:02 INFO SparkContext: Running Spark version 3.3.0
[2025-04-27T12:00:02.837+0000] {spark_submit.py:490} INFO - 25/04/27 12:00:02 INFO ResourceUtils: ==============================================================
[2025-04-27T12:00:02.838+0000] {spark_submit.py:490} INFO - 25/04/27 12:00:02 INFO ResourceUtils: No custom resources configured for spark.driver.
[2025-04-27T12:00:02.838+0000] {spark_submit.py:490} INFO - 25/04/27 12:00:02 INFO ResourceUtils: ==============================================================
[2025-04-27T12:00:02.838+0000] {spark_submit.py:490} INFO - 25/04/27 12:00:02 INFO SparkContext: Submitted application: FinBestDetect
[2025-04-27T12:00:02.867+0000] {spark_submit.py:490} INFO - 25/04/27 12:00:02 INFO ResourceProfile: Default ResourceProfile created, executor resources: Map(cores -> name: cores, amount: 1, script: , vendor: , memory -> name: memory, amount: 1024, script: , vendor: , offHeap -> name: offHeap, amount: 0, script: , vendor: ), task resources: Map(cpus -> name: cpus, amount: 1.0)
[2025-04-27T12:00:02.879+0000] {spark_submit.py:490} INFO - 25/04/27 12:00:02 INFO ResourceProfile: Limiting resource is cpus at 1 tasks per executor
[2025-04-27T12:00:02.881+0000] {spark_submit.py:490} INFO - 25/04/27 12:00:02 INFO ResourceProfileManager: Added ResourceProfile id: 0
[2025-04-27T12:00:02.929+0000] {spark_submit.py:490} INFO - 25/04/27 12:00:02 INFO SecurityManager: Changing view acls to: airflow
[2025-04-27T12:00:02.930+0000] {spark_submit.py:490} INFO - 25/04/27 12:00:02 INFO SecurityManager: Changing modify acls to: airflow
[2025-04-27T12:00:02.930+0000] {spark_submit.py:490} INFO - 25/04/27 12:00:02 INFO SecurityManager: Changing view acls groups to:
[2025-04-27T12:00:02.930+0000] {spark_submit.py:490} INFO - 25/04/27 12:00:02 INFO SecurityManager: Changing modify acls groups to:
[2025-04-27T12:00:02.931+0000] {spark_submit.py:490} INFO - 25/04/27 12:00:02 INFO SecurityManager: SecurityManager: authentication disabled; ui acls disabled; users  with view permissions: Set(airflow); groups with view permissions: Set(); users  with modify permissions: Set(airflow); groups with modify permissions: Set()
[2025-04-27T12:00:03.159+0000] {spark_submit.py:490} INFO - 25/04/27 12:00:03 INFO Utils: Successfully started service 'sparkDriver' on port 42367.
[2025-04-27T12:00:03.184+0000] {spark_submit.py:490} INFO - 25/04/27 12:00:03 INFO SparkEnv: Registering MapOutputTracker
[2025-04-27T12:00:03.212+0000] {spark_submit.py:490} INFO - 25/04/27 12:00:03 INFO SparkEnv: Registering BlockManagerMaster
[2025-04-27T12:00:03.225+0000] {spark_submit.py:490} INFO - 25/04/27 12:00:03 INFO BlockManagerMasterEndpoint: Using org.apache.spark.storage.DefaultTopologyMapper for getting topology information
[2025-04-27T12:00:03.225+0000] {spark_submit.py:490} INFO - 25/04/27 12:00:03 INFO BlockManagerMasterEndpoint: BlockManagerMasterEndpoint up
[2025-04-27T12:00:03.230+0000] {spark_submit.py:490} INFO - 25/04/27 12:00:03 INFO SparkEnv: Registering BlockManagerMasterHeartbeat
[2025-04-27T12:00:03.245+0000] {spark_submit.py:490} INFO - 25/04/27 12:00:03 INFO DiskBlockManager: Created local directory at /tmp/blockmgr-9b8f2cee-8153-4e0b-9627-aea3045fd50a
[2025-04-27T12:00:03.258+0000] {spark_submit.py:490} INFO - 25/04/27 12:00:03 INFO MemoryStore: MemoryStore started with capacity 434.4 MiB
[2025-04-27T12:00:03.272+0000] {spark_submit.py:490} INFO - 25/04/27 12:00:03 INFO SparkEnv: Registering OutputCommitCoordinator
[2025-04-27T12:00:03.423+0000] {spark_submit.py:490} INFO - 25/04/27 12:00:03 INFO Utils: Successfully started service 'SparkUI' on port 4040.
[2025-04-27T12:00:03.450+0000] {spark_submit.py:490} INFO - 25/04/27 12:00:03 INFO SparkContext: Added JAR file:///home/airflow/.ivy2/jars/org.postgresql_postgresql-42.6.0.jar at spark://6780dda4d52a:42367/jars/org.postgresql_postgresql-42.6.0.jar with timestamp 1745755202790
[2025-04-27T12:00:03.451+0000] {spark_submit.py:490} INFO - 25/04/27 12:00:03 INFO SparkContext: Added JAR file:///home/airflow/.ivy2/jars/ru.yandex.clickhouse_clickhouse-jdbc-0.3.2.jar at spark://6780dda4d52a:42367/jars/ru.yandex.clickhouse_clickhouse-jdbc-0.3.2.jar with timestamp 1745755202790
[2025-04-27T12:00:03.451+0000] {spark_submit.py:490} INFO - 25/04/27 12:00:03 INFO SparkContext: Added JAR file:///home/airflow/.ivy2/jars/org.checkerframework_checker-qual-3.31.0.jar at spark://6780dda4d52a:42367/jars/org.checkerframework_checker-qual-3.31.0.jar with timestamp 1745755202790
[2025-04-27T12:00:03.451+0000] {spark_submit.py:490} INFO - 25/04/27 12:00:03 INFO SparkContext: Added JAR file:///home/airflow/.ivy2/jars/com.clickhouse_clickhouse-http-client-0.3.2.jar at spark://6780dda4d52a:42367/jars/com.clickhouse_clickhouse-http-client-0.3.2.jar with timestamp 1745755202790
[2025-04-27T12:00:03.451+0000] {spark_submit.py:490} INFO - 25/04/27 12:00:03 INFO SparkContext: Added JAR file:///home/airflow/.ivy2/jars/com.google.code.gson_gson-2.8.8.jar at spark://6780dda4d52a:42367/jars/com.google.code.gson_gson-2.8.8.jar with timestamp 1745755202790
[2025-04-27T12:00:03.451+0000] {spark_submit.py:490} INFO - 25/04/27 12:00:03 INFO SparkContext: Added JAR file:///home/airflow/.ivy2/jars/org.apache.httpcomponents_httpclient-4.5.13.jar at spark://6780dda4d52a:42367/jars/org.apache.httpcomponents_httpclient-4.5.13.jar with timestamp 1745755202790
[2025-04-27T12:00:03.451+0000] {spark_submit.py:490} INFO - 25/04/27 12:00:03 INFO SparkContext: Added JAR file:///home/airflow/.ivy2/jars/org.apache.httpcomponents_httpmime-4.5.13.jar at spark://6780dda4d52a:42367/jars/org.apache.httpcomponents_httpmime-4.5.13.jar with timestamp 1745755202790
[2025-04-27T12:00:03.451+0000] {spark_submit.py:490} INFO - 25/04/27 12:00:03 INFO SparkContext: Added JAR file:///home/airflow/.ivy2/jars/org.lz4_lz4-java-1.8.0.jar at spark://6780dda4d52a:42367/jars/org.lz4_lz4-java-1.8.0.jar with timestamp 1745755202790
[2025-04-27T12:00:03.451+0000] {spark_submit.py:490} INFO - 25/04/27 12:00:03 INFO SparkContext: Added JAR file:///home/airflow/.ivy2/jars/com.clickhouse_clickhouse-client-0.3.2.jar at spark://6780dda4d52a:42367/jars/com.clickhouse_clickhouse-client-0.3.2.jar with timestamp 1745755202790
[2025-04-27T12:00:03.452+0000] {spark_submit.py:490} INFO - 25/04/27 12:00:03 INFO SparkContext: Added JAR file:///home/airflow/.ivy2/jars/org.apache.httpcomponents_httpcore-4.4.13.jar at spark://6780dda4d52a:42367/jars/org.apache.httpcomponents_httpcore-4.4.13.jar with timestamp 1745755202790
[2025-04-27T12:00:03.452+0000] {spark_submit.py:490} INFO - 25/04/27 12:00:03 INFO SparkContext: Added JAR file:///home/airflow/.ivy2/jars/commons-logging_commons-logging-1.2.jar at spark://6780dda4d52a:42367/jars/commons-logging_commons-logging-1.2.jar with timestamp 1745755202790
[2025-04-27T12:00:03.452+0000] {spark_submit.py:490} INFO - 25/04/27 12:00:03 INFO SparkContext: Added JAR file:///home/airflow/.ivy2/jars/commons-codec_commons-codec-1.11.jar at spark://6780dda4d52a:42367/jars/commons-codec_commons-codec-1.11.jar with timestamp 1745755202790
[2025-04-27T12:00:03.454+0000] {spark_submit.py:490} INFO - 25/04/27 12:00:03 INFO SparkContext: Added file file:///home/airflow/.ivy2/jars/org.postgresql_postgresql-42.6.0.jar at spark://6780dda4d52a:42367/files/org.postgresql_postgresql-42.6.0.jar with timestamp 1745755202790
[2025-04-27T12:00:03.455+0000] {spark_submit.py:490} INFO - 25/04/27 12:00:03 INFO Utils: Copying /home/airflow/.ivy2/jars/org.postgresql_postgresql-42.6.0.jar to /tmp/spark-71328a0b-8b0e-49c8-ad22-e1eb1458aa5f/userFiles-650efccc-b9ee-43a2-b11e-431af6d78414/org.postgresql_postgresql-42.6.0.jar
[2025-04-27T12:00:03.471+0000] {spark_submit.py:490} INFO - 25/04/27 12:00:03 INFO SparkContext: Added file file:///home/airflow/.ivy2/jars/ru.yandex.clickhouse_clickhouse-jdbc-0.3.2.jar at spark://6780dda4d52a:42367/files/ru.yandex.clickhouse_clickhouse-jdbc-0.3.2.jar with timestamp 1745755202790
[2025-04-27T12:00:03.471+0000] {spark_submit.py:490} INFO - 25/04/27 12:00:03 INFO Utils: Copying /home/airflow/.ivy2/jars/ru.yandex.clickhouse_clickhouse-jdbc-0.3.2.jar to /tmp/spark-71328a0b-8b0e-49c8-ad22-e1eb1458aa5f/userFiles-650efccc-b9ee-43a2-b11e-431af6d78414/ru.yandex.clickhouse_clickhouse-jdbc-0.3.2.jar
[2025-04-27T12:00:03.477+0000] {spark_submit.py:490} INFO - 25/04/27 12:00:03 INFO SparkContext: Added file file:///home/airflow/.ivy2/jars/org.checkerframework_checker-qual-3.31.0.jar at spark://6780dda4d52a:42367/files/org.checkerframework_checker-qual-3.31.0.jar with timestamp 1745755202790
[2025-04-27T12:00:03.477+0000] {spark_submit.py:490} INFO - 25/04/27 12:00:03 INFO Utils: Copying /home/airflow/.ivy2/jars/org.checkerframework_checker-qual-3.31.0.jar to /tmp/spark-71328a0b-8b0e-49c8-ad22-e1eb1458aa5f/userFiles-650efccc-b9ee-43a2-b11e-431af6d78414/org.checkerframework_checker-qual-3.31.0.jar
[2025-04-27T12:00:03.482+0000] {spark_submit.py:490} INFO - 25/04/27 12:00:03 INFO SparkContext: Added file file:///home/airflow/.ivy2/jars/com.clickhouse_clickhouse-http-client-0.3.2.jar at spark://6780dda4d52a:42367/files/com.clickhouse_clickhouse-http-client-0.3.2.jar with timestamp 1745755202790
[2025-04-27T12:00:03.482+0000] {spark_submit.py:490} INFO - 25/04/27 12:00:03 INFO Utils: Copying /home/airflow/.ivy2/jars/com.clickhouse_clickhouse-http-client-0.3.2.jar to /tmp/spark-71328a0b-8b0e-49c8-ad22-e1eb1458aa5f/userFiles-650efccc-b9ee-43a2-b11e-431af6d78414/com.clickhouse_clickhouse-http-client-0.3.2.jar
[2025-04-27T12:00:03.485+0000] {spark_submit.py:490} INFO - 25/04/27 12:00:03 INFO SparkContext: Added file file:///home/airflow/.ivy2/jars/com.google.code.gson_gson-2.8.8.jar at spark://6780dda4d52a:42367/files/com.google.code.gson_gson-2.8.8.jar with timestamp 1745755202790
[2025-04-27T12:00:03.485+0000] {spark_submit.py:490} INFO - 25/04/27 12:00:03 INFO Utils: Copying /home/airflow/.ivy2/jars/com.google.code.gson_gson-2.8.8.jar to /tmp/spark-71328a0b-8b0e-49c8-ad22-e1eb1458aa5f/userFiles-650efccc-b9ee-43a2-b11e-431af6d78414/com.google.code.gson_gson-2.8.8.jar
[2025-04-27T12:00:03.488+0000] {spark_submit.py:490} INFO - 25/04/27 12:00:03 INFO SparkContext: Added file file:///home/airflow/.ivy2/jars/org.apache.httpcomponents_httpclient-4.5.13.jar at spark://6780dda4d52a:42367/files/org.apache.httpcomponents_httpclient-4.5.13.jar with timestamp 1745755202790
[2025-04-27T12:00:03.488+0000] {spark_submit.py:490} INFO - 25/04/27 12:00:03 INFO Utils: Copying /home/airflow/.ivy2/jars/org.apache.httpcomponents_httpclient-4.5.13.jar to /tmp/spark-71328a0b-8b0e-49c8-ad22-e1eb1458aa5f/userFiles-650efccc-b9ee-43a2-b11e-431af6d78414/org.apache.httpcomponents_httpclient-4.5.13.jar
[2025-04-27T12:00:03.491+0000] {spark_submit.py:490} INFO - 25/04/27 12:00:03 INFO SparkContext: Added file file:///home/airflow/.ivy2/jars/org.apache.httpcomponents_httpmime-4.5.13.jar at spark://6780dda4d52a:42367/files/org.apache.httpcomponents_httpmime-4.5.13.jar with timestamp 1745755202790
[2025-04-27T12:00:03.492+0000] {spark_submit.py:490} INFO - 25/04/27 12:00:03 INFO Utils: Copying /home/airflow/.ivy2/jars/org.apache.httpcomponents_httpmime-4.5.13.jar to /tmp/spark-71328a0b-8b0e-49c8-ad22-e1eb1458aa5f/userFiles-650efccc-b9ee-43a2-b11e-431af6d78414/org.apache.httpcomponents_httpmime-4.5.13.jar
[2025-04-27T12:00:03.495+0000] {spark_submit.py:490} INFO - 25/04/27 12:00:03 INFO SparkContext: Added file file:///home/airflow/.ivy2/jars/org.lz4_lz4-java-1.8.0.jar at spark://6780dda4d52a:42367/files/org.lz4_lz4-java-1.8.0.jar with timestamp 1745755202790
[2025-04-27T12:00:03.496+0000] {spark_submit.py:490} INFO - 25/04/27 12:00:03 INFO Utils: Copying /home/airflow/.ivy2/jars/org.lz4_lz4-java-1.8.0.jar to /tmp/spark-71328a0b-8b0e-49c8-ad22-e1eb1458aa5f/userFiles-650efccc-b9ee-43a2-b11e-431af6d78414/org.lz4_lz4-java-1.8.0.jar
[2025-04-27T12:00:03.499+0000] {spark_submit.py:490} INFO - 25/04/27 12:00:03 INFO SparkContext: Added file file:///home/airflow/.ivy2/jars/com.clickhouse_clickhouse-client-0.3.2.jar at spark://6780dda4d52a:42367/files/com.clickhouse_clickhouse-client-0.3.2.jar with timestamp 1745755202790
[2025-04-27T12:00:03.500+0000] {spark_submit.py:490} INFO - 25/04/27 12:00:03 INFO Utils: Copying /home/airflow/.ivy2/jars/com.clickhouse_clickhouse-client-0.3.2.jar to /tmp/spark-71328a0b-8b0e-49c8-ad22-e1eb1458aa5f/userFiles-650efccc-b9ee-43a2-b11e-431af6d78414/com.clickhouse_clickhouse-client-0.3.2.jar
[2025-04-27T12:00:03.503+0000] {spark_submit.py:490} INFO - 25/04/27 12:00:03 INFO SparkContext: Added file file:///home/airflow/.ivy2/jars/org.apache.httpcomponents_httpcore-4.4.13.jar at spark://6780dda4d52a:42367/files/org.apache.httpcomponents_httpcore-4.4.13.jar with timestamp 1745755202790
[2025-04-27T12:00:03.503+0000] {spark_submit.py:490} INFO - 25/04/27 12:00:03 INFO Utils: Copying /home/airflow/.ivy2/jars/org.apache.httpcomponents_httpcore-4.4.13.jar to /tmp/spark-71328a0b-8b0e-49c8-ad22-e1eb1458aa5f/userFiles-650efccc-b9ee-43a2-b11e-431af6d78414/org.apache.httpcomponents_httpcore-4.4.13.jar
[2025-04-27T12:00:03.506+0000] {spark_submit.py:490} INFO - 25/04/27 12:00:03 INFO SparkContext: Added file file:///home/airflow/.ivy2/jars/commons-logging_commons-logging-1.2.jar at spark://6780dda4d52a:42367/files/commons-logging_commons-logging-1.2.jar with timestamp 1745755202790
[2025-04-27T12:00:03.506+0000] {spark_submit.py:490} INFO - 25/04/27 12:00:03 INFO Utils: Copying /home/airflow/.ivy2/jars/commons-logging_commons-logging-1.2.jar to /tmp/spark-71328a0b-8b0e-49c8-ad22-e1eb1458aa5f/userFiles-650efccc-b9ee-43a2-b11e-431af6d78414/commons-logging_commons-logging-1.2.jar
[2025-04-27T12:00:03.509+0000] {spark_submit.py:490} INFO - 25/04/27 12:00:03 INFO SparkContext: Added file file:///home/airflow/.ivy2/jars/commons-codec_commons-codec-1.11.jar at spark://6780dda4d52a:42367/files/commons-codec_commons-codec-1.11.jar with timestamp 1745755202790
[2025-04-27T12:00:03.509+0000] {spark_submit.py:490} INFO - 25/04/27 12:00:03 INFO Utils: Copying /home/airflow/.ivy2/jars/commons-codec_commons-codec-1.11.jar to /tmp/spark-71328a0b-8b0e-49c8-ad22-e1eb1458aa5f/userFiles-650efccc-b9ee-43a2-b11e-431af6d78414/commons-codec_commons-codec-1.11.jar
[2025-04-27T12:00:03.580+0000] {spark_submit.py:490} INFO - 25/04/27 12:00:03 INFO StandaloneAppClient$ClientEndpoint: Connecting to master spark://spark-master:7077...
[2025-04-27T12:00:03.616+0000] {spark_submit.py:490} INFO - 25/04/27 12:00:03 INFO TransportClientFactory: Successfully created connection to spark-master/172.18.0.2:7077 after 21 ms (0 ms spent in bootstraps)
[2025-04-27T12:00:03.686+0000] {spark_submit.py:490} INFO - 25/04/27 12:00:03 INFO StandaloneSchedulerBackend: Connected to Spark cluster with app ID app-20250427120003-0002
[2025-04-27T12:00:03.688+0000] {spark_submit.py:490} INFO - 25/04/27 12:00:03 INFO StandaloneAppClient$ClientEndpoint: Executor added: app-20250427120003-0002/0 on worker-20250427114819-172.18.0.5-35411 (172.18.0.5:35411) with 1 core(s)
[2025-04-27T12:00:03.689+0000] {spark_submit.py:490} INFO - 25/04/27 12:00:03 INFO StandaloneSchedulerBackend: Granted executor ID app-20250427120003-0002/0 on hostPort 172.18.0.5:35411 with 1 core(s), 1024.0 MiB RAM
[2025-04-27T12:00:03.691+0000] {spark_submit.py:490} INFO - 25/04/27 12:00:03 INFO Utils: Successfully started service 'org.apache.spark.network.netty.NettyBlockTransferService' on port 35423.
[2025-04-27T12:00:03.692+0000] {spark_submit.py:490} INFO - 25/04/27 12:00:03 INFO NettyBlockTransferService: Server created on 6780dda4d52a:35423
[2025-04-27T12:00:03.693+0000] {spark_submit.py:490} INFO - 25/04/27 12:00:03 INFO BlockManager: Using org.apache.spark.storage.RandomBlockReplicationPolicy for block replication policy
[2025-04-27T12:00:03.701+0000] {spark_submit.py:490} INFO - 25/04/27 12:00:03 INFO BlockManagerMaster: Registering BlockManager BlockManagerId(driver, 6780dda4d52a, 35423, None)
[2025-04-27T12:00:03.705+0000] {spark_submit.py:490} INFO - 25/04/27 12:00:03 INFO BlockManagerMasterEndpoint: Registering block manager 6780dda4d52a:35423 with 434.4 MiB RAM, BlockManagerId(driver, 6780dda4d52a, 35423, None)
[2025-04-27T12:00:03.707+0000] {spark_submit.py:490} INFO - 25/04/27 12:00:03 INFO BlockManagerMaster: Registered BlockManager BlockManagerId(driver, 6780dda4d52a, 35423, None)
[2025-04-27T12:00:03.709+0000] {spark_submit.py:490} INFO - 25/04/27 12:00:03 INFO BlockManager: Initialized BlockManager: BlockManagerId(driver, 6780dda4d52a, 35423, None)
[2025-04-27T12:00:03.716+0000] {spark_submit.py:490} INFO - 25/04/27 12:00:03 INFO StandaloneAppClient$ClientEndpoint: Executor updated: app-20250427120003-0002/0 is now RUNNING
[2025-04-27T12:00:03.880+0000] {spark_submit.py:490} INFO - 25/04/27 12:00:03 INFO StandaloneSchedulerBackend: SchedulerBackend is ready for scheduling beginning after reached minRegisteredResourcesRatio: 0.0
[2025-04-27T12:00:04.062+0000] {spark_submit.py:490} INFO - INFO:__main__:SparkSession создан
[2025-04-27T12:00:04.067+0000] {spark_submit.py:490} INFO - 25/04/27 12:00:04 INFO SharedState: Setting hive.metastore.warehouse.dir ('null') to the value of spark.sql.warehouse.dir.
[2025-04-27T12:00:04.069+0000] {spark_submit.py:490} INFO - 25/04/27 12:00:04 INFO SharedState: Warehouse path is 'file:/opt/airflow/spark-warehouse'.
[2025-04-27T12:00:05.966+0000] {spark_submit.py:490} INFO - 25/04/27 12:00:05 INFO CoarseGrainedSchedulerBackend$DriverEndpoint: Registered executor NettyRpcEndpointRef(spark-client://Executor) (172.18.0.5:57074) with ID 0,  ResourceProfileId 0
[2025-04-27T12:00:06.054+0000] {spark_submit.py:490} INFO - 25/04/27 12:00:06 INFO BlockManagerMasterEndpoint: Registering block manager 172.18.0.5:36379 with 366.3 MiB RAM, BlockManagerId(0, 172.18.0.5, 36379, None)
[2025-04-27T12:00:07.103+0000] {spark_submit.py:490} INFO - 25/04/27 12:00:07 INFO CodeGenerator: Code generated in 88.675643 ms
[2025-04-27T12:00:07.156+0000] {spark_submit.py:490} INFO - 25/04/27 12:00:07 INFO DAGScheduler: Registering RDD 2 (count at NativeMethodAccessorImpl.java:0) as input to shuffle 0
[2025-04-27T12:00:07.160+0000] {spark_submit.py:490} INFO - 25/04/27 12:00:07 INFO DAGScheduler: Got map stage job 0 (count at NativeMethodAccessorImpl.java:0) with 1 output partitions
[2025-04-27T12:00:07.160+0000] {spark_submit.py:490} INFO - 25/04/27 12:00:07 INFO DAGScheduler: Final stage: ShuffleMapStage 0 (count at NativeMethodAccessorImpl.java:0)
[2025-04-27T12:00:07.160+0000] {spark_submit.py:490} INFO - 25/04/27 12:00:07 INFO DAGScheduler: Parents of final stage: List()
[2025-04-27T12:00:07.161+0000] {spark_submit.py:490} INFO - 25/04/27 12:00:07 INFO DAGScheduler: Missing parents: List()
[2025-04-27T12:00:07.163+0000] {spark_submit.py:490} INFO - 25/04/27 12:00:07 INFO DAGScheduler: Submitting ShuffleMapStage 0 (MapPartitionsRDD[2] at count at NativeMethodAccessorImpl.java:0), which has no missing parents
[2025-04-27T12:00:07.255+0000] {spark_submit.py:490} INFO - 25/04/27 12:00:07 INFO MemoryStore: Block broadcast_0 stored as values in memory (estimated size 13.3 KiB, free 434.4 MiB)
[2025-04-27T12:00:07.278+0000] {spark_submit.py:490} INFO - 25/04/27 12:00:07 INFO MemoryStore: Block broadcast_0_piece0 stored as bytes in memory (estimated size 7.0 KiB, free 434.4 MiB)
[2025-04-27T12:00:07.280+0000] {spark_submit.py:490} INFO - 25/04/27 12:00:07 INFO BlockManagerInfo: Added broadcast_0_piece0 in memory on 6780dda4d52a:35423 (size: 7.0 KiB, free: 434.4 MiB)
[2025-04-27T12:00:07.285+0000] {spark_submit.py:490} INFO - 25/04/27 12:00:07 INFO SparkContext: Created broadcast 0 from broadcast at DAGScheduler.scala:1513
[2025-04-27T12:00:07.300+0000] {spark_submit.py:490} INFO - 25/04/27 12:00:07 INFO DAGScheduler: Submitting 1 missing tasks from ShuffleMapStage 0 (MapPartitionsRDD[2] at count at NativeMethodAccessorImpl.java:0) (first 15 tasks are for partitions Vector(0))
[2025-04-27T12:00:07.302+0000] {spark_submit.py:490} INFO - 25/04/27 12:00:07 INFO TaskSchedulerImpl: Adding task set 0.0 with 1 tasks resource profile 0
[2025-04-27T12:00:07.336+0000] {spark_submit.py:490} INFO - 25/04/27 12:00:07 INFO TaskSetManager: Starting task 0.0 in stage 0.0 (TID 0) (172.18.0.5, executor 0, partition 0, PROCESS_LOCAL, 4292 bytes) taskResourceAssignments Map()
[2025-04-27T12:00:07.542+0000] {spark_submit.py:490} INFO - 25/04/27 12:00:07 INFO BlockManagerInfo: Added broadcast_0_piece0 in memory on 172.18.0.5:36379 (size: 7.0 KiB, free: 366.3 MiB)
[2025-04-27T12:00:08.324+0000] {spark_submit.py:490} INFO - 25/04/27 12:00:08 INFO TaskSetManager: Finished task 0.0 in stage 0.0 (TID 0) in 997 ms on 172.18.0.5 (executor 0) (1/1)
[2025-04-27T12:00:08.326+0000] {spark_submit.py:490} INFO - 25/04/27 12:00:08 INFO TaskSchedulerImpl: Removed TaskSet 0.0, whose tasks have all completed, from pool
[2025-04-27T12:00:08.331+0000] {spark_submit.py:490} INFO - 25/04/27 12:00:08 INFO DAGScheduler: ShuffleMapStage 0 (count at NativeMethodAccessorImpl.java:0) finished in 1.159 s
[2025-04-27T12:00:08.331+0000] {spark_submit.py:490} INFO - 25/04/27 12:00:08 INFO DAGScheduler: looking for newly runnable stages
[2025-04-27T12:00:08.332+0000] {spark_submit.py:490} INFO - 25/04/27 12:00:08 INFO DAGScheduler: running: Set()
[2025-04-27T12:00:08.332+0000] {spark_submit.py:490} INFO - 25/04/27 12:00:08 INFO DAGScheduler: waiting: Set()
[2025-04-27T12:00:08.332+0000] {spark_submit.py:490} INFO - 25/04/27 12:00:08 INFO DAGScheduler: failed: Set()
[2025-04-27T12:00:08.374+0000] {spark_submit.py:490} INFO - 25/04/27 12:00:08 INFO CodeGenerator: Code generated in 8.605713 ms
[2025-04-27T12:00:08.385+0000] {spark_submit.py:490} INFO - 25/04/27 12:00:08 INFO BlockManagerInfo: Removed broadcast_0_piece0 on 6780dda4d52a:35423 in memory (size: 7.0 KiB, free: 434.4 MiB)
[2025-04-27T12:00:08.396+0000] {spark_submit.py:490} INFO - 25/04/27 12:00:08 INFO BlockManagerInfo: Removed broadcast_0_piece0 on 172.18.0.5:36379 in memory (size: 7.0 KiB, free: 366.3 MiB)
[2025-04-27T12:00:08.408+0000] {spark_submit.py:490} INFO - 25/04/27 12:00:08 INFO SparkContext: Starting job: count at NativeMethodAccessorImpl.java:0
[2025-04-27T12:00:08.411+0000] {spark_submit.py:490} INFO - 25/04/27 12:00:08 INFO DAGScheduler: Got job 1 (count at NativeMethodAccessorImpl.java:0) with 1 output partitions
[2025-04-27T12:00:08.411+0000] {spark_submit.py:490} INFO - 25/04/27 12:00:08 INFO DAGScheduler: Final stage: ResultStage 2 (count at NativeMethodAccessorImpl.java:0)
[2025-04-27T12:00:08.411+0000] {spark_submit.py:490} INFO - 25/04/27 12:00:08 INFO DAGScheduler: Parents of final stage: List(ShuffleMapStage 1)
[2025-04-27T12:00:08.411+0000] {spark_submit.py:490} INFO - 25/04/27 12:00:08 INFO DAGScheduler: Missing parents: List()
[2025-04-27T12:00:08.413+0000] {spark_submit.py:490} INFO - 25/04/27 12:00:08 INFO DAGScheduler: Submitting ResultStage 2 (MapPartitionsRDD[5] at count at NativeMethodAccessorImpl.java:0), which has no missing parents
[2025-04-27T12:00:08.420+0000] {spark_submit.py:490} INFO - 25/04/27 12:00:08 INFO MemoryStore: Block broadcast_1 stored as values in memory (estimated size 11.1 KiB, free 434.4 MiB)
[2025-04-27T12:00:08.422+0000] {spark_submit.py:490} INFO - 25/04/27 12:00:08 INFO MemoryStore: Block broadcast_1_piece0 stored as bytes in memory (estimated size 5.5 KiB, free 434.4 MiB)
[2025-04-27T12:00:08.422+0000] {spark_submit.py:490} INFO - 25/04/27 12:00:08 INFO BlockManagerInfo: Added broadcast_1_piece0 in memory on 6780dda4d52a:35423 (size: 5.5 KiB, free: 434.4 MiB)
[2025-04-27T12:00:08.423+0000] {spark_submit.py:490} INFO - 25/04/27 12:00:08 INFO SparkContext: Created broadcast 1 from broadcast at DAGScheduler.scala:1513
[2025-04-27T12:00:08.424+0000] {spark_submit.py:490} INFO - 25/04/27 12:00:08 INFO DAGScheduler: Submitting 1 missing tasks from ResultStage 2 (MapPartitionsRDD[5] at count at NativeMethodAccessorImpl.java:0) (first 15 tasks are for partitions Vector(0))
[2025-04-27T12:00:08.424+0000] {spark_submit.py:490} INFO - 25/04/27 12:00:08 INFO TaskSchedulerImpl: Adding task set 2.0 with 1 tasks resource profile 0
[2025-04-27T12:00:08.429+0000] {spark_submit.py:490} INFO - 25/04/27 12:00:08 INFO TaskSetManager: Starting task 0.0 in stage 2.0 (TID 1) (172.18.0.5, executor 0, partition 0, NODE_LOCAL, 4457 bytes) taskResourceAssignments Map()
[2025-04-27T12:00:08.452+0000] {spark_submit.py:490} INFO - 25/04/27 12:00:08 INFO BlockManagerInfo: Added broadcast_1_piece0 in memory on 172.18.0.5:36379 (size: 5.5 KiB, free: 366.3 MiB)
[2025-04-27T12:00:08.558+0000] {spark_submit.py:490} INFO - 25/04/27 12:00:08 INFO MapOutputTrackerMasterEndpoint: Asked to send map output locations for shuffle 0 to 172.18.0.5:57074
[2025-04-27T12:00:08.748+0000] {spark_submit.py:490} INFO - 25/04/27 12:00:08 INFO TaskSetManager: Finished task 0.0 in stage 2.0 (TID 1) in 321 ms on 172.18.0.5 (executor 0) (1/1)
[2025-04-27T12:00:08.749+0000] {spark_submit.py:490} INFO - 25/04/27 12:00:08 INFO TaskSchedulerImpl: Removed TaskSet 2.0, whose tasks have all completed, from pool
[2025-04-27T12:00:08.749+0000] {spark_submit.py:490} INFO - 25/04/27 12:00:08 INFO DAGScheduler: ResultStage 2 (count at NativeMethodAccessorImpl.java:0) finished in 0.331 s
[2025-04-27T12:00:08.750+0000] {spark_submit.py:490} INFO - 25/04/27 12:00:08 INFO DAGScheduler: Job 1 is finished. Cancelling potential speculative or zombie tasks for this job
[2025-04-27T12:00:08.751+0000] {spark_submit.py:490} INFO - 25/04/27 12:00:08 INFO TaskSchedulerImpl: Killing all running tasks in stage 2: Stage finished
[2025-04-27T12:00:08.752+0000] {spark_submit.py:490} INFO - 25/04/27 12:00:08 INFO DAGScheduler: Job 1 finished: count at NativeMethodAccessorImpl.java:0, took 0.343300 s
[2025-04-27T12:00:08.760+0000] {spark_submit.py:490} INFO - INFO:__main__:Таблица raw.masked_transactions загружена, записей: 1000
[2025-04-27T12:00:08.893+0000] {spark_submit.py:490} INFO - 25/04/27 12:00:08 INFO DAGScheduler: Registering RDD 8 (count at NativeMethodAccessorImpl.java:0) as input to shuffle 1
[2025-04-27T12:00:08.893+0000] {spark_submit.py:490} INFO - 25/04/27 12:00:08 INFO DAGScheduler: Got map stage job 2 (count at NativeMethodAccessorImpl.java:0) with 1 output partitions
[2025-04-27T12:00:08.894+0000] {spark_submit.py:490} INFO - 25/04/27 12:00:08 INFO DAGScheduler: Final stage: ShuffleMapStage 3 (count at NativeMethodAccessorImpl.java:0)
[2025-04-27T12:00:08.894+0000] {spark_submit.py:490} INFO - 25/04/27 12:00:08 INFO DAGScheduler: Parents of final stage: List()
[2025-04-27T12:00:08.894+0000] {spark_submit.py:490} INFO - 25/04/27 12:00:08 INFO DAGScheduler: Missing parents: List()
[2025-04-27T12:00:08.895+0000] {spark_submit.py:490} INFO - 25/04/27 12:00:08 INFO DAGScheduler: Submitting ShuffleMapStage 3 (MapPartitionsRDD[8] at count at NativeMethodAccessorImpl.java:0), which has no missing parents
[2025-04-27T12:00:08.900+0000] {spark_submit.py:490} INFO - 25/04/27 12:00:08 INFO MemoryStore: Block broadcast_2 stored as values in memory (estimated size 13.4 KiB, free 434.4 MiB)
[2025-04-27T12:00:08.904+0000] {spark_submit.py:490} INFO - 25/04/27 12:00:08 INFO MemoryStore: Block broadcast_2_piece0 stored as bytes in memory (estimated size 7.0 KiB, free 434.4 MiB)
[2025-04-27T12:00:08.905+0000] {spark_submit.py:490} INFO - 25/04/27 12:00:08 INFO BlockManagerInfo: Added broadcast_2_piece0 in memory on 6780dda4d52a:35423 (size: 7.0 KiB, free: 434.4 MiB)
[2025-04-27T12:00:08.906+0000] {spark_submit.py:490} INFO - 25/04/27 12:00:08 INFO SparkContext: Created broadcast 2 from broadcast at DAGScheduler.scala:1513
[2025-04-27T12:00:08.907+0000] {spark_submit.py:490} INFO - 25/04/27 12:00:08 INFO DAGScheduler: Submitting 1 missing tasks from ShuffleMapStage 3 (MapPartitionsRDD[8] at count at NativeMethodAccessorImpl.java:0) (first 15 tasks are for partitions Vector(0))
[2025-04-27T12:00:08.907+0000] {spark_submit.py:490} INFO - 25/04/27 12:00:08 INFO TaskSchedulerImpl: Adding task set 3.0 with 1 tasks resource profile 0
[2025-04-27T12:00:08.909+0000] {spark_submit.py:490} INFO - 25/04/27 12:00:08 INFO TaskSetManager: Starting task 0.0 in stage 3.0 (TID 2) (172.18.0.5, executor 0, partition 0, PROCESS_LOCAL, 4292 bytes) taskResourceAssignments Map()
[2025-04-27T12:00:08.926+0000] {spark_submit.py:490} INFO - 25/04/27 12:00:08 INFO BlockManagerInfo: Added broadcast_2_piece0 in memory on 172.18.0.5:36379 (size: 7.0 KiB, free: 366.3 MiB)
[2025-04-27T12:00:08.969+0000] {spark_submit.py:490} INFO - 25/04/27 12:00:08 INFO TaskSetManager: Finished task 0.0 in stage 3.0 (TID 2) in 61 ms on 172.18.0.5 (executor 0) (1/1)
[2025-04-27T12:00:08.969+0000] {spark_submit.py:490} INFO - 25/04/27 12:00:08 INFO TaskSchedulerImpl: Removed TaskSet 3.0, whose tasks have all completed, from pool
[2025-04-27T12:00:08.971+0000] {spark_submit.py:490} INFO - 25/04/27 12:00:08 INFO DAGScheduler: ShuffleMapStage 3 (count at NativeMethodAccessorImpl.java:0) finished in 0.074 s
[2025-04-27T12:00:08.971+0000] {spark_submit.py:490} INFO - 25/04/27 12:00:08 INFO DAGScheduler: looking for newly runnable stages
[2025-04-27T12:00:08.972+0000] {spark_submit.py:490} INFO - 25/04/27 12:00:08 INFO DAGScheduler: running: Set()
[2025-04-27T12:00:08.972+0000] {spark_submit.py:490} INFO - 25/04/27 12:00:08 INFO DAGScheduler: waiting: Set()
[2025-04-27T12:00:08.972+0000] {spark_submit.py:490} INFO - 25/04/27 12:00:08 INFO DAGScheduler: failed: Set()
[2025-04-27T12:00:09.000+0000] {spark_submit.py:490} INFO - 25/04/27 12:00:09 INFO SparkContext: Starting job: count at NativeMethodAccessorImpl.java:0
[2025-04-27T12:00:09.003+0000] {spark_submit.py:490} INFO - 25/04/27 12:00:09 INFO DAGScheduler: Got job 3 (count at NativeMethodAccessorImpl.java:0) with 1 output partitions
[2025-04-27T12:00:09.003+0000] {spark_submit.py:490} INFO - 25/04/27 12:00:09 INFO DAGScheduler: Final stage: ResultStage 5 (count at NativeMethodAccessorImpl.java:0)
[2025-04-27T12:00:09.004+0000] {spark_submit.py:490} INFO - 25/04/27 12:00:09 INFO DAGScheduler: Parents of final stage: List(ShuffleMapStage 4)
[2025-04-27T12:00:09.004+0000] {spark_submit.py:490} INFO - 25/04/27 12:00:09 INFO DAGScheduler: Missing parents: List()
[2025-04-27T12:00:09.004+0000] {spark_submit.py:490} INFO - 25/04/27 12:00:09 INFO DAGScheduler: Submitting ResultStage 5 (MapPartitionsRDD[11] at count at NativeMethodAccessorImpl.java:0), which has no missing parents
[2025-04-27T12:00:09.008+0000] {spark_submit.py:490} INFO - 25/04/27 12:00:09 INFO MemoryStore: Block broadcast_3 stored as values in memory (estimated size 11.1 KiB, free 434.4 MiB)
[2025-04-27T12:00:09.010+0000] {spark_submit.py:490} INFO - 25/04/27 12:00:09 INFO MemoryStore: Block broadcast_3_piece0 stored as bytes in memory (estimated size 5.5 KiB, free 434.3 MiB)
[2025-04-27T12:00:09.011+0000] {spark_submit.py:490} INFO - 25/04/27 12:00:09 INFO BlockManagerInfo: Added broadcast_3_piece0 in memory on 6780dda4d52a:35423 (size: 5.5 KiB, free: 434.4 MiB)
[2025-04-27T12:00:09.012+0000] {spark_submit.py:490} INFO - 25/04/27 12:00:09 INFO SparkContext: Created broadcast 3 from broadcast at DAGScheduler.scala:1513
[2025-04-27T12:00:09.012+0000] {spark_submit.py:490} INFO - 25/04/27 12:00:09 INFO DAGScheduler: Submitting 1 missing tasks from ResultStage 5 (MapPartitionsRDD[11] at count at NativeMethodAccessorImpl.java:0) (first 15 tasks are for partitions Vector(0))
[2025-04-27T12:00:09.013+0000] {spark_submit.py:490} INFO - 25/04/27 12:00:09 INFO TaskSchedulerImpl: Adding task set 5.0 with 1 tasks resource profile 0
[2025-04-27T12:00:09.014+0000] {spark_submit.py:490} INFO - 25/04/27 12:00:09 INFO TaskSetManager: Starting task 0.0 in stage 5.0 (TID 3) (172.18.0.5, executor 0, partition 0, NODE_LOCAL, 4457 bytes) taskResourceAssignments Map()
[2025-04-27T12:00:09.032+0000] {spark_submit.py:490} INFO - 25/04/27 12:00:09 INFO BlockManagerInfo: Added broadcast_3_piece0 in memory on 172.18.0.5:36379 (size: 5.5 KiB, free: 366.3 MiB)
[2025-04-27T12:00:09.039+0000] {spark_submit.py:490} INFO - 25/04/27 12:00:09 INFO MapOutputTrackerMasterEndpoint: Asked to send map output locations for shuffle 1 to 172.18.0.5:57074
[2025-04-27T12:00:09.049+0000] {spark_submit.py:490} INFO - 25/04/27 12:00:09 INFO TaskSetManager: Finished task 0.0 in stage 5.0 (TID 3) in 35 ms on 172.18.0.5 (executor 0) (1/1)
[2025-04-27T12:00:09.049+0000] {spark_submit.py:490} INFO - 25/04/27 12:00:09 INFO TaskSchedulerImpl: Removed TaskSet 5.0, whose tasks have all completed, from pool
[2025-04-27T12:00:09.050+0000] {spark_submit.py:490} INFO - 25/04/27 12:00:09 INFO DAGScheduler: ResultStage 5 (count at NativeMethodAccessorImpl.java:0) finished in 0.045 s
[2025-04-27T12:00:09.050+0000] {spark_submit.py:490} INFO - 25/04/27 12:00:09 INFO DAGScheduler: Job 3 is finished. Cancelling potential speculative or zombie tasks for this job
[2025-04-27T12:00:09.051+0000] {spark_submit.py:490} INFO - 25/04/27 12:00:09 INFO TaskSchedulerImpl: Killing all running tasks in stage 5: Stage finished
[2025-04-27T12:00:09.051+0000] {spark_submit.py:490} INFO - 25/04/27 12:00:09 INFO DAGScheduler: Job 3 finished: count at NativeMethodAccessorImpl.java:0, took 0.050558 s
[2025-04-27T12:00:09.052+0000] {spark_submit.py:490} INFO - INFO:__main__:Правило large_tx отработано, записей: 342
[2025-04-27T12:00:09.103+0000] {spark_submit.py:490} INFO - Traceback (most recent call last):
[2025-04-27T12:00:09.103+0000] {spark_submit.py:490} INFO - File "/opt/airflow/spark/detect_suspicious.py", line 60, in <module>
[2025-04-27T12:00:09.103+0000] {spark_submit.py:490} INFO - df.withColumn("cnt", F.count("transaction_id").over(window_24h))
[2025-04-27T12:00:09.103+0000] {spark_submit.py:490} INFO - File "/opt/spark/python/lib/pyspark.zip/pyspark/sql/dataframe.py", line 3036, in withColumn
[2025-04-27T12:00:09.103+0000] {spark_submit.py:490} INFO - File "/opt/spark/python/lib/py4j-0.10.9.5-src.zip/py4j/java_gateway.py", line 1322, in __call__
[2025-04-27T12:00:09.104+0000] {spark_submit.py:490} INFO - File "/opt/spark/python/lib/pyspark.zip/pyspark/sql/utils.py", line 196, in deco
[2025-04-27T12:00:09.107+0000] {spark_submit.py:490} INFO - pyspark.sql.utils.AnalysisException: cannot resolve '(PARTITION BY client_id ORDER BY datetime ASC NULLS FIRST RANGE BETWEEN -86400L FOLLOWING AND CURRENT ROW)' due to data type mismatch: The data type 'timestamp' used in the order specification does not match the data type 'bigint' which is used in the range frame.;
[2025-04-27T12:00:09.107+0000] {spark_submit.py:490} INFO - 'Project [transaction_id#0, client_id#1, datetime#2, amount#3, currency#4, merchant#5, transaction_type#6, ip_network#7, count(transaction_id#0) windowspecdefinition(client_id#1, datetime#2 ASC NULLS FIRST, specifiedwindowframe(RangeFrame, -86400, currentrow$())) AS cnt#66]
[2025-04-27T12:00:09.107+0000] {spark_submit.py:490} INFO - +- Relation [transaction_id#0,client_id#1,datetime#2,amount#3,currency#4,merchant#5,transaction_type#6,ip_network#7] JDBCRelation(raw.masked_transactions) [numPartitions=1]
[2025-04-27T12:00:09.107+0000] {spark_submit.py:490} INFO - 
[2025-04-27T12:00:09.142+0000] {spark_submit.py:490} INFO - 25/04/27 12:00:09 INFO SparkContext: Invoking stop() from shutdown hook
[2025-04-27T12:00:09.150+0000] {spark_submit.py:490} INFO - 25/04/27 12:00:09 INFO SparkUI: Stopped Spark web UI at http://6780dda4d52a:4040
[2025-04-27T12:00:09.152+0000] {spark_submit.py:490} INFO - 25/04/27 12:00:09 INFO StandaloneSchedulerBackend: Shutting down all executors
[2025-04-27T12:00:09.153+0000] {spark_submit.py:490} INFO - 25/04/27 12:00:09 INFO CoarseGrainedSchedulerBackend$DriverEndpoint: Asking each executor to shut down
[2025-04-27T12:00:09.182+0000] {spark_submit.py:490} INFO - 25/04/27 12:00:09 INFO MapOutputTrackerMasterEndpoint: MapOutputTrackerMasterEndpoint stopped!
[2025-04-27T12:00:09.199+0000] {spark_submit.py:490} INFO - 25/04/27 12:00:09 INFO MemoryStore: MemoryStore cleared
[2025-04-27T12:00:09.199+0000] {spark_submit.py:490} INFO - 25/04/27 12:00:09 INFO BlockManager: BlockManager stopped
[2025-04-27T12:00:09.203+0000] {spark_submit.py:490} INFO - 25/04/27 12:00:09 INFO BlockManagerMaster: BlockManagerMaster stopped
[2025-04-27T12:00:09.206+0000] {spark_submit.py:490} INFO - 25/04/27 12:00:09 INFO OutputCommitCoordinator$OutputCommitCoordinatorEndpoint: OutputCommitCoordinator stopped!
[2025-04-27T12:00:09.214+0000] {spark_submit.py:490} INFO - 25/04/27 12:00:09 INFO SparkContext: Successfully stopped SparkContext
[2025-04-27T12:00:09.214+0000] {spark_submit.py:490} INFO - 25/04/27 12:00:09 INFO ShutdownHookManager: Shutdown hook called
[2025-04-27T12:00:09.215+0000] {spark_submit.py:490} INFO - 25/04/27 12:00:09 INFO ShutdownHookManager: Deleting directory /tmp/spark-71328a0b-8b0e-49c8-ad22-e1eb1458aa5f
[2025-04-27T12:00:09.217+0000] {spark_submit.py:490} INFO - 25/04/27 12:00:09 INFO ShutdownHookManager: Deleting directory /tmp/spark-71328a0b-8b0e-49c8-ad22-e1eb1458aa5f/pyspark-d3746d31-1524-408f-a152-59fa2cec11c4
[2025-04-27T12:00:09.219+0000] {spark_submit.py:490} INFO - 25/04/27 12:00:09 INFO ShutdownHookManager: Deleting directory /tmp/spark-d4db3b16-522b-4f60-beb7-d5e5f074fa1d
[2025-04-27T12:00:09.290+0000] {taskinstance.py:1824} ERROR - Task failed with exception
Traceback (most recent call last):
  File "/home/airflow/.local/lib/python3.7/site-packages/airflow/providers/apache/spark/operators/spark_submit.py", line 157, in execute
    self._hook.submit(self._application)
  File "/home/airflow/.local/lib/python3.7/site-packages/airflow/providers/apache/spark/hooks/spark_submit.py", line 422, in submit
    f"Cannot execute: {self._mask_cmd(spark_submit_cmd)}. Error code is: {returncode}."
airflow.exceptions.AirflowException: Cannot execute: spark-submit --master spark://spark-master:7077 --packages org.postgresql:postgresql:42.6.0,ru.yandex.clickhouse:clickhouse-jdbc:0.3.2 --executor-cores 1 --executor-memory 1g --driver-memory 1g --name arrow-spark /opt/airflow/spark/detect_suspicious.py --jdbc jdbc:postgresql://postgres:5432/finbest --clickhouse-url jdbc:clickhouse://clickhouse:8123/finbest. Error code is: 1.
[2025-04-27T12:00:09.294+0000] {taskinstance.py:1350} INFO - Marking task as UP_FOR_RETRY. dag_id=transform, task_id=detect_suspicious, execution_date=20250427T115949, start_date=20250427T115959, end_date=20250427T120009
[2025-04-27T12:00:09.310+0000] {standard_task_runner.py:109} ERROR - Failed to execute job 74 for task detect_suspicious (Cannot execute: spark-submit --master spark://spark-master:7077 --packages org.postgresql:postgresql:42.6.0,ru.yandex.clickhouse:clickhouse-jdbc:0.3.2 --executor-cores 1 --executor-memory 1g --driver-memory 1g --name arrow-spark /opt/airflow/spark/detect_suspicious.py --jdbc jdbc:postgresql://postgres:5432/finbest --clickhouse-url jdbc:clickhouse://clickhouse:8123/finbest. Error code is: 1.; 881)
[2025-04-27T12:00:09.342+0000] {local_task_job_runner.py:225} INFO - Task exited with return code 1
[2025-04-27T12:00:09.428+0000] {taskinstance.py:2653} INFO - 0 downstream tasks scheduled from follow-on schedule check
