[2025-04-27T12:01:11.386+0000] {taskinstance.py:1103} INFO - Dependencies all met for dep_context=non-requeueable deps ti=<TaskInstance: transform.detect_suspicious manual__2025-04-27T11:59:49.663471+00:00 [queued]>
[2025-04-27T12:01:11.392+0000] {taskinstance.py:1103} INFO - Dependencies all met for dep_context=requeueable deps ti=<TaskInstance: transform.detect_suspicious manual__2025-04-27T11:59:49.663471+00:00 [queued]>
[2025-04-27T12:01:11.392+0000] {taskinstance.py:1308} INFO - Starting attempt 2 of 2
[2025-04-27T12:01:11.405+0000] {taskinstance.py:1327} INFO - Executing <Task(SparkSubmitOperator): detect_suspicious> on 2025-04-27 11:59:49.663471+00:00
[2025-04-27T12:01:11.409+0000] {standard_task_runner.py:57} INFO - Started process 1122 to run task
[2025-04-27T12:01:11.411+0000] {standard_task_runner.py:84} INFO - Running: ['airflow', 'tasks', 'run', 'transform', 'detect_suspicious', 'manual__2025-04-27T11:59:49.663471+00:00', '--job-id', '75', '--raw', '--subdir', 'DAGS_FOLDER/transform.py', '--cfg-path', '/tmp/tmpez45d0xh']
[2025-04-27T12:01:11.413+0000] {standard_task_runner.py:85} INFO - Job 75: Subtask detect_suspicious
[2025-04-27T12:01:11.454+0000] {task_command.py:410} INFO - Running <TaskInstance: transform.detect_suspicious manual__2025-04-27T11:59:49.663471+00:00 [running]> on host 6780dda4d52a
[2025-04-27T12:01:11.607+0000] {taskinstance.py:1547} INFO - Exporting env vars: AIRFLOW_CTX_DAG_OWNER='finbest' AIRFLOW_CTX_DAG_ID='transform' AIRFLOW_CTX_TASK_ID='detect_suspicious' AIRFLOW_CTX_EXECUTION_DATE='2025-04-27T11:59:49.663471+00:00' AIRFLOW_CTX_TRY_NUMBER='2' AIRFLOW_CTX_DAG_RUN_ID='manual__2025-04-27T11:59:49.663471+00:00'
[2025-04-27T12:01:11.616+0000] {base.py:73} INFO - Using connection ID 'spark_default' for task execution.
[2025-04-27T12:01:11.617+0000] {spark_submit.py:339} INFO - Spark-Submit cmd: spark-submit --master spark://spark-master:7077 --packages org.postgresql:postgresql:42.6.0,ru.yandex.clickhouse:clickhouse-jdbc:0.3.2 --executor-cores 1 --executor-memory 1g --driver-memory 1g --name arrow-spark /opt/airflow/spark/detect_suspicious.py --jdbc jdbc:postgresql://postgres:5432/finbest --clickhouse-url jdbc:clickhouse://clickhouse:8123/finbest
[2025-04-27T12:01:12.922+0000] {spark_submit.py:490} INFO - :: loading settings :: url = jar:file:/opt/spark/jars/ivy-2.5.0.jar!/org/apache/ivy/core/settings/ivysettings.xml
[2025-04-27T12:01:13.005+0000] {spark_submit.py:490} INFO - Ivy Default Cache set to: /home/airflow/.ivy2/cache
[2025-04-27T12:01:13.005+0000] {spark_submit.py:490} INFO - The jars for the packages stored in: /home/airflow/.ivy2/jars
[2025-04-27T12:01:13.010+0000] {spark_submit.py:490} INFO - org.postgresql#postgresql added as a dependency
[2025-04-27T12:01:13.010+0000] {spark_submit.py:490} INFO - ru.yandex.clickhouse#clickhouse-jdbc added as a dependency
[2025-04-27T12:01:13.010+0000] {spark_submit.py:490} INFO - :: resolving dependencies :: org.apache.spark#spark-submit-parent-aec9cfd4-e9de-4709-82db-a4177a6f57a5;1.0
[2025-04-27T12:01:13.011+0000] {spark_submit.py:490} INFO - confs: [default]
[2025-04-27T12:01:13.082+0000] {spark_submit.py:490} INFO - found org.postgresql#postgresql;42.6.0 in central
[2025-04-27T12:01:13.098+0000] {spark_submit.py:490} INFO - found org.checkerframework#checker-qual;3.31.0 in central
[2025-04-27T12:01:13.115+0000] {spark_submit.py:490} INFO - found ru.yandex.clickhouse#clickhouse-jdbc;0.3.2 in central
[2025-04-27T12:01:13.132+0000] {spark_submit.py:490} INFO - found com.clickhouse#clickhouse-http-client;0.3.2 in central
[2025-04-27T12:01:13.148+0000] {spark_submit.py:490} INFO - found com.clickhouse#clickhouse-client;0.3.2 in central
[2025-04-27T12:01:13.161+0000] {spark_submit.py:490} INFO - found org.lz4#lz4-java;1.8.0 in central
[2025-04-27T12:01:13.177+0000] {spark_submit.py:490} INFO - found com.google.code.gson#gson;2.8.8 in central
[2025-04-27T12:01:13.192+0000] {spark_submit.py:490} INFO - found org.apache.httpcomponents#httpclient;4.5.13 in central
[2025-04-27T12:01:13.207+0000] {spark_submit.py:490} INFO - found org.apache.httpcomponents#httpcore;4.4.13 in central
[2025-04-27T12:01:13.222+0000] {spark_submit.py:490} INFO - found commons-logging#commons-logging;1.2 in central
[2025-04-27T12:01:13.236+0000] {spark_submit.py:490} INFO - found commons-codec#commons-codec;1.11 in central
[2025-04-27T12:01:13.248+0000] {spark_submit.py:490} INFO - found org.apache.httpcomponents#httpmime;4.5.13 in central
[2025-04-27T12:01:13.381+0000] {spark_submit.py:490} INFO - :: resolution report :: resolve 335ms :: artifacts dl 35ms
[2025-04-27T12:01:13.381+0000] {spark_submit.py:490} INFO - :: modules in use:
[2025-04-27T12:01:13.382+0000] {spark_submit.py:490} INFO - com.clickhouse#clickhouse-client;0.3.2 from central in [default]
[2025-04-27T12:01:13.382+0000] {spark_submit.py:490} INFO - com.clickhouse#clickhouse-http-client;0.3.2 from central in [default]
[2025-04-27T12:01:13.382+0000] {spark_submit.py:490} INFO - com.google.code.gson#gson;2.8.8 from central in [default]
[2025-04-27T12:01:13.383+0000] {spark_submit.py:490} INFO - commons-codec#commons-codec;1.11 from central in [default]
[2025-04-27T12:01:13.383+0000] {spark_submit.py:490} INFO - commons-logging#commons-logging;1.2 from central in [default]
[2025-04-27T12:01:13.383+0000] {spark_submit.py:490} INFO - org.apache.httpcomponents#httpclient;4.5.13 from central in [default]
[2025-04-27T12:01:13.383+0000] {spark_submit.py:490} INFO - org.apache.httpcomponents#httpcore;4.4.13 from central in [default]
[2025-04-27T12:01:13.383+0000] {spark_submit.py:490} INFO - org.apache.httpcomponents#httpmime;4.5.13 from central in [default]
[2025-04-27T12:01:13.384+0000] {spark_submit.py:490} INFO - org.checkerframework#checker-qual;3.31.0 from central in [default]
[2025-04-27T12:01:13.384+0000] {spark_submit.py:490} INFO - org.lz4#lz4-java;1.8.0 from central in [default]
[2025-04-27T12:01:13.384+0000] {spark_submit.py:490} INFO - org.postgresql#postgresql;42.6.0 from central in [default]
[2025-04-27T12:01:13.384+0000] {spark_submit.py:490} INFO - ru.yandex.clickhouse#clickhouse-jdbc;0.3.2 from central in [default]
[2025-04-27T12:01:13.385+0000] {spark_submit.py:490} INFO - ---------------------------------------------------------------------
[2025-04-27T12:01:13.385+0000] {spark_submit.py:490} INFO - |                  |            modules            ||   artifacts   |
[2025-04-27T12:01:13.385+0000] {spark_submit.py:490} INFO - |       conf       | number| search|dwnlded|evicted|| number|dwnlded|
[2025-04-27T12:01:13.385+0000] {spark_submit.py:490} INFO - ---------------------------------------------------------------------
[2025-04-27T12:01:13.385+0000] {spark_submit.py:490} INFO - |      default     |   12  |   0   |   0   |   0   ||   12  |   0   |
[2025-04-27T12:01:13.386+0000] {spark_submit.py:490} INFO - ---------------------------------------------------------------------
[2025-04-27T12:01:13.396+0000] {spark_submit.py:490} INFO - :: retrieving :: org.apache.spark#spark-submit-parent-aec9cfd4-e9de-4709-82db-a4177a6f57a5
[2025-04-27T12:01:13.397+0000] {spark_submit.py:490} INFO - confs: [default]
[2025-04-27T12:01:13.410+0000] {spark_submit.py:490} INFO - 0 artifacts copied, 12 already retrieved (0kB/14ms)
[2025-04-27T12:01:13.607+0000] {spark_submit.py:490} INFO - 25/04/27 12:01:13 WARN NativeCodeLoader: Unable to load native-hadoop library for your platform... using builtin-java classes where applicable
[2025-04-27T12:01:14.421+0000] {spark_submit.py:490} INFO - 25/04/27 12:01:14 INFO SparkContext: Running Spark version 3.3.0
[2025-04-27T12:01:14.438+0000] {spark_submit.py:490} INFO - 25/04/27 12:01:14 INFO ResourceUtils: ==============================================================
[2025-04-27T12:01:14.438+0000] {spark_submit.py:490} INFO - 25/04/27 12:01:14 INFO ResourceUtils: No custom resources configured for spark.driver.
[2025-04-27T12:01:14.438+0000] {spark_submit.py:490} INFO - 25/04/27 12:01:14 INFO ResourceUtils: ==============================================================
[2025-04-27T12:01:14.438+0000] {spark_submit.py:490} INFO - 25/04/27 12:01:14 INFO SparkContext: Submitted application: FinBestDetect
[2025-04-27T12:01:14.456+0000] {spark_submit.py:490} INFO - 25/04/27 12:01:14 INFO ResourceProfile: Default ResourceProfile created, executor resources: Map(cores -> name: cores, amount: 1, script: , vendor: , memory -> name: memory, amount: 1024, script: , vendor: , offHeap -> name: offHeap, amount: 0, script: , vendor: ), task resources: Map(cpus -> name: cpus, amount: 1.0)
[2025-04-27T12:01:14.467+0000] {spark_submit.py:490} INFO - 25/04/27 12:01:14 INFO ResourceProfile: Limiting resource is cpus at 1 tasks per executor
[2025-04-27T12:01:14.468+0000] {spark_submit.py:490} INFO - 25/04/27 12:01:14 INFO ResourceProfileManager: Added ResourceProfile id: 0
[2025-04-27T12:01:14.511+0000] {spark_submit.py:490} INFO - 25/04/27 12:01:14 INFO SecurityManager: Changing view acls to: airflow
[2025-04-27T12:01:14.512+0000] {spark_submit.py:490} INFO - 25/04/27 12:01:14 INFO SecurityManager: Changing modify acls to: airflow
[2025-04-27T12:01:14.512+0000] {spark_submit.py:490} INFO - 25/04/27 12:01:14 INFO SecurityManager: Changing view acls groups to:
[2025-04-27T12:01:14.513+0000] {spark_submit.py:490} INFO - 25/04/27 12:01:14 INFO SecurityManager: Changing modify acls groups to:
[2025-04-27T12:01:14.513+0000] {spark_submit.py:490} INFO - 25/04/27 12:01:14 INFO SecurityManager: SecurityManager: authentication disabled; ui acls disabled; users  with view permissions: Set(airflow); groups with view permissions: Set(); users  with modify permissions: Set(airflow); groups with modify permissions: Set()
[2025-04-27T12:01:14.743+0000] {spark_submit.py:490} INFO - 25/04/27 12:01:14 INFO Utils: Successfully started service 'sparkDriver' on port 45419.
[2025-04-27T12:01:14.766+0000] {spark_submit.py:490} INFO - 25/04/27 12:01:14 INFO SparkEnv: Registering MapOutputTracker
[2025-04-27T12:01:14.791+0000] {spark_submit.py:490} INFO - 25/04/27 12:01:14 INFO SparkEnv: Registering BlockManagerMaster
[2025-04-27T12:01:14.805+0000] {spark_submit.py:490} INFO - 25/04/27 12:01:14 INFO BlockManagerMasterEndpoint: Using org.apache.spark.storage.DefaultTopologyMapper for getting topology information
[2025-04-27T12:01:14.806+0000] {spark_submit.py:490} INFO - 25/04/27 12:01:14 INFO BlockManagerMasterEndpoint: BlockManagerMasterEndpoint up
[2025-04-27T12:01:14.809+0000] {spark_submit.py:490} INFO - 25/04/27 12:01:14 INFO SparkEnv: Registering BlockManagerMasterHeartbeat
[2025-04-27T12:01:14.824+0000] {spark_submit.py:490} INFO - 25/04/27 12:01:14 INFO DiskBlockManager: Created local directory at /tmp/blockmgr-a27e012d-9b8a-4747-9bfb-3b6c8aebb0f6
[2025-04-27T12:01:14.939+0000] {spark_submit.py:490} INFO - 25/04/27 12:01:14 INFO MemoryStore: MemoryStore started with capacity 434.4 MiB
[2025-04-27T12:01:14.959+0000] {spark_submit.py:490} INFO - 25/04/27 12:01:14 INFO SparkEnv: Registering OutputCommitCoordinator
[2025-04-27T12:01:15.103+0000] {spark_submit.py:490} INFO - 25/04/27 12:01:15 INFO Utils: Successfully started service 'SparkUI' on port 4040.
[2025-04-27T12:01:15.137+0000] {spark_submit.py:490} INFO - 25/04/27 12:01:15 INFO SparkContext: Added JAR file:///home/airflow/.ivy2/jars/org.postgresql_postgresql-42.6.0.jar at spark://6780dda4d52a:45419/jars/org.postgresql_postgresql-42.6.0.jar with timestamp 1745755274415
[2025-04-27T12:01:15.137+0000] {spark_submit.py:490} INFO - 25/04/27 12:01:15 INFO SparkContext: Added JAR file:///home/airflow/.ivy2/jars/ru.yandex.clickhouse_clickhouse-jdbc-0.3.2.jar at spark://6780dda4d52a:45419/jars/ru.yandex.clickhouse_clickhouse-jdbc-0.3.2.jar with timestamp 1745755274415
[2025-04-27T12:01:15.137+0000] {spark_submit.py:490} INFO - 25/04/27 12:01:15 INFO SparkContext: Added JAR file:///home/airflow/.ivy2/jars/org.checkerframework_checker-qual-3.31.0.jar at spark://6780dda4d52a:45419/jars/org.checkerframework_checker-qual-3.31.0.jar with timestamp 1745755274415
[2025-04-27T12:01:15.137+0000] {spark_submit.py:490} INFO - 25/04/27 12:01:15 INFO SparkContext: Added JAR file:///home/airflow/.ivy2/jars/com.clickhouse_clickhouse-http-client-0.3.2.jar at spark://6780dda4d52a:45419/jars/com.clickhouse_clickhouse-http-client-0.3.2.jar with timestamp 1745755274415
[2025-04-27T12:01:15.137+0000] {spark_submit.py:490} INFO - 25/04/27 12:01:15 INFO SparkContext: Added JAR file:///home/airflow/.ivy2/jars/com.google.code.gson_gson-2.8.8.jar at spark://6780dda4d52a:45419/jars/com.google.code.gson_gson-2.8.8.jar with timestamp 1745755274415
[2025-04-27T12:01:15.138+0000] {spark_submit.py:490} INFO - 25/04/27 12:01:15 INFO SparkContext: Added JAR file:///home/airflow/.ivy2/jars/org.apache.httpcomponents_httpclient-4.5.13.jar at spark://6780dda4d52a:45419/jars/org.apache.httpcomponents_httpclient-4.5.13.jar with timestamp 1745755274415
[2025-04-27T12:01:15.138+0000] {spark_submit.py:490} INFO - 25/04/27 12:01:15 INFO SparkContext: Added JAR file:///home/airflow/.ivy2/jars/org.apache.httpcomponents_httpmime-4.5.13.jar at spark://6780dda4d52a:45419/jars/org.apache.httpcomponents_httpmime-4.5.13.jar with timestamp 1745755274415
[2025-04-27T12:01:15.138+0000] {spark_submit.py:490} INFO - 25/04/27 12:01:15 INFO SparkContext: Added JAR file:///home/airflow/.ivy2/jars/org.lz4_lz4-java-1.8.0.jar at spark://6780dda4d52a:45419/jars/org.lz4_lz4-java-1.8.0.jar with timestamp 1745755274415
[2025-04-27T12:01:15.138+0000] {spark_submit.py:490} INFO - 25/04/27 12:01:15 INFO SparkContext: Added JAR file:///home/airflow/.ivy2/jars/com.clickhouse_clickhouse-client-0.3.2.jar at spark://6780dda4d52a:45419/jars/com.clickhouse_clickhouse-client-0.3.2.jar with timestamp 1745755274415
[2025-04-27T12:01:15.138+0000] {spark_submit.py:490} INFO - 25/04/27 12:01:15 INFO SparkContext: Added JAR file:///home/airflow/.ivy2/jars/org.apache.httpcomponents_httpcore-4.4.13.jar at spark://6780dda4d52a:45419/jars/org.apache.httpcomponents_httpcore-4.4.13.jar with timestamp 1745755274415
[2025-04-27T12:01:15.138+0000] {spark_submit.py:490} INFO - 25/04/27 12:01:15 INFO SparkContext: Added JAR file:///home/airflow/.ivy2/jars/commons-logging_commons-logging-1.2.jar at spark://6780dda4d52a:45419/jars/commons-logging_commons-logging-1.2.jar with timestamp 1745755274415
[2025-04-27T12:01:15.138+0000] {spark_submit.py:490} INFO - 25/04/27 12:01:15 INFO SparkContext: Added JAR file:///home/airflow/.ivy2/jars/commons-codec_commons-codec-1.11.jar at spark://6780dda4d52a:45419/jars/commons-codec_commons-codec-1.11.jar with timestamp 1745755274415
[2025-04-27T12:01:15.139+0000] {spark_submit.py:490} INFO - 25/04/27 12:01:15 INFO SparkContext: Added file file:///home/airflow/.ivy2/jars/org.postgresql_postgresql-42.6.0.jar at spark://6780dda4d52a:45419/files/org.postgresql_postgresql-42.6.0.jar with timestamp 1745755274415
[2025-04-27T12:01:15.141+0000] {spark_submit.py:490} INFO - 25/04/27 12:01:15 INFO Utils: Copying /home/airflow/.ivy2/jars/org.postgresql_postgresql-42.6.0.jar to /tmp/spark-0b4da721-3637-4794-825c-b33475cd0487/userFiles-d7d4e9af-c714-4ac2-8c98-ed4c8b1f9373/org.postgresql_postgresql-42.6.0.jar
[2025-04-27T12:01:15.150+0000] {spark_submit.py:490} INFO - 25/04/27 12:01:15 INFO SparkContext: Added file file:///home/airflow/.ivy2/jars/ru.yandex.clickhouse_clickhouse-jdbc-0.3.2.jar at spark://6780dda4d52a:45419/files/ru.yandex.clickhouse_clickhouse-jdbc-0.3.2.jar with timestamp 1745755274415
[2025-04-27T12:01:15.150+0000] {spark_submit.py:490} INFO - 25/04/27 12:01:15 INFO Utils: Copying /home/airflow/.ivy2/jars/ru.yandex.clickhouse_clickhouse-jdbc-0.3.2.jar to /tmp/spark-0b4da721-3637-4794-825c-b33475cd0487/userFiles-d7d4e9af-c714-4ac2-8c98-ed4c8b1f9373/ru.yandex.clickhouse_clickhouse-jdbc-0.3.2.jar
[2025-04-27T12:01:15.153+0000] {spark_submit.py:490} INFO - 25/04/27 12:01:15 INFO SparkContext: Added file file:///home/airflow/.ivy2/jars/org.checkerframework_checker-qual-3.31.0.jar at spark://6780dda4d52a:45419/files/org.checkerframework_checker-qual-3.31.0.jar with timestamp 1745755274415
[2025-04-27T12:01:15.153+0000] {spark_submit.py:490} INFO - 25/04/27 12:01:15 INFO Utils: Copying /home/airflow/.ivy2/jars/org.checkerframework_checker-qual-3.31.0.jar to /tmp/spark-0b4da721-3637-4794-825c-b33475cd0487/userFiles-d7d4e9af-c714-4ac2-8c98-ed4c8b1f9373/org.checkerframework_checker-qual-3.31.0.jar
[2025-04-27T12:01:15.156+0000] {spark_submit.py:490} INFO - 25/04/27 12:01:15 INFO SparkContext: Added file file:///home/airflow/.ivy2/jars/com.clickhouse_clickhouse-http-client-0.3.2.jar at spark://6780dda4d52a:45419/files/com.clickhouse_clickhouse-http-client-0.3.2.jar with timestamp 1745755274415
[2025-04-27T12:01:15.156+0000] {spark_submit.py:490} INFO - 25/04/27 12:01:15 INFO Utils: Copying /home/airflow/.ivy2/jars/com.clickhouse_clickhouse-http-client-0.3.2.jar to /tmp/spark-0b4da721-3637-4794-825c-b33475cd0487/userFiles-d7d4e9af-c714-4ac2-8c98-ed4c8b1f9373/com.clickhouse_clickhouse-http-client-0.3.2.jar
[2025-04-27T12:01:15.158+0000] {spark_submit.py:490} INFO - 25/04/27 12:01:15 INFO SparkContext: Added file file:///home/airflow/.ivy2/jars/com.google.code.gson_gson-2.8.8.jar at spark://6780dda4d52a:45419/files/com.google.code.gson_gson-2.8.8.jar with timestamp 1745755274415
[2025-04-27T12:01:15.159+0000] {spark_submit.py:490} INFO - 25/04/27 12:01:15 INFO Utils: Copying /home/airflow/.ivy2/jars/com.google.code.gson_gson-2.8.8.jar to /tmp/spark-0b4da721-3637-4794-825c-b33475cd0487/userFiles-d7d4e9af-c714-4ac2-8c98-ed4c8b1f9373/com.google.code.gson_gson-2.8.8.jar
[2025-04-27T12:01:15.161+0000] {spark_submit.py:490} INFO - 25/04/27 12:01:15 INFO SparkContext: Added file file:///home/airflow/.ivy2/jars/org.apache.httpcomponents_httpclient-4.5.13.jar at spark://6780dda4d52a:45419/files/org.apache.httpcomponents_httpclient-4.5.13.jar with timestamp 1745755274415
[2025-04-27T12:01:15.161+0000] {spark_submit.py:490} INFO - 25/04/27 12:01:15 INFO Utils: Copying /home/airflow/.ivy2/jars/org.apache.httpcomponents_httpclient-4.5.13.jar to /tmp/spark-0b4da721-3637-4794-825c-b33475cd0487/userFiles-d7d4e9af-c714-4ac2-8c98-ed4c8b1f9373/org.apache.httpcomponents_httpclient-4.5.13.jar
[2025-04-27T12:01:15.166+0000] {spark_submit.py:490} INFO - 25/04/27 12:01:15 INFO SparkContext: Added file file:///home/airflow/.ivy2/jars/org.apache.httpcomponents_httpmime-4.5.13.jar at spark://6780dda4d52a:45419/files/org.apache.httpcomponents_httpmime-4.5.13.jar with timestamp 1745755274415
[2025-04-27T12:01:15.166+0000] {spark_submit.py:490} INFO - 25/04/27 12:01:15 INFO Utils: Copying /home/airflow/.ivy2/jars/org.apache.httpcomponents_httpmime-4.5.13.jar to /tmp/spark-0b4da721-3637-4794-825c-b33475cd0487/userFiles-d7d4e9af-c714-4ac2-8c98-ed4c8b1f9373/org.apache.httpcomponents_httpmime-4.5.13.jar
[2025-04-27T12:01:15.169+0000] {spark_submit.py:490} INFO - 25/04/27 12:01:15 INFO SparkContext: Added file file:///home/airflow/.ivy2/jars/org.lz4_lz4-java-1.8.0.jar at spark://6780dda4d52a:45419/files/org.lz4_lz4-java-1.8.0.jar with timestamp 1745755274415
[2025-04-27T12:01:15.169+0000] {spark_submit.py:490} INFO - 25/04/27 12:01:15 INFO Utils: Copying /home/airflow/.ivy2/jars/org.lz4_lz4-java-1.8.0.jar to /tmp/spark-0b4da721-3637-4794-825c-b33475cd0487/userFiles-d7d4e9af-c714-4ac2-8c98-ed4c8b1f9373/org.lz4_lz4-java-1.8.0.jar
[2025-04-27T12:01:15.171+0000] {spark_submit.py:490} INFO - 25/04/27 12:01:15 INFO SparkContext: Added file file:///home/airflow/.ivy2/jars/com.clickhouse_clickhouse-client-0.3.2.jar at spark://6780dda4d52a:45419/files/com.clickhouse_clickhouse-client-0.3.2.jar with timestamp 1745755274415
[2025-04-27T12:01:15.172+0000] {spark_submit.py:490} INFO - 25/04/27 12:01:15 INFO Utils: Copying /home/airflow/.ivy2/jars/com.clickhouse_clickhouse-client-0.3.2.jar to /tmp/spark-0b4da721-3637-4794-825c-b33475cd0487/userFiles-d7d4e9af-c714-4ac2-8c98-ed4c8b1f9373/com.clickhouse_clickhouse-client-0.3.2.jar
[2025-04-27T12:01:15.174+0000] {spark_submit.py:490} INFO - 25/04/27 12:01:15 INFO SparkContext: Added file file:///home/airflow/.ivy2/jars/org.apache.httpcomponents_httpcore-4.4.13.jar at spark://6780dda4d52a:45419/files/org.apache.httpcomponents_httpcore-4.4.13.jar with timestamp 1745755274415
[2025-04-27T12:01:15.174+0000] {spark_submit.py:490} INFO - 25/04/27 12:01:15 INFO Utils: Copying /home/airflow/.ivy2/jars/org.apache.httpcomponents_httpcore-4.4.13.jar to /tmp/spark-0b4da721-3637-4794-825c-b33475cd0487/userFiles-d7d4e9af-c714-4ac2-8c98-ed4c8b1f9373/org.apache.httpcomponents_httpcore-4.4.13.jar
[2025-04-27T12:01:15.177+0000] {spark_submit.py:490} INFO - 25/04/27 12:01:15 INFO SparkContext: Added file file:///home/airflow/.ivy2/jars/commons-logging_commons-logging-1.2.jar at spark://6780dda4d52a:45419/files/commons-logging_commons-logging-1.2.jar with timestamp 1745755274415
[2025-04-27T12:01:15.177+0000] {spark_submit.py:490} INFO - 25/04/27 12:01:15 INFO Utils: Copying /home/airflow/.ivy2/jars/commons-logging_commons-logging-1.2.jar to /tmp/spark-0b4da721-3637-4794-825c-b33475cd0487/userFiles-d7d4e9af-c714-4ac2-8c98-ed4c8b1f9373/commons-logging_commons-logging-1.2.jar
[2025-04-27T12:01:15.181+0000] {spark_submit.py:490} INFO - 25/04/27 12:01:15 INFO SparkContext: Added file file:///home/airflow/.ivy2/jars/commons-codec_commons-codec-1.11.jar at spark://6780dda4d52a:45419/files/commons-codec_commons-codec-1.11.jar with timestamp 1745755274415
[2025-04-27T12:01:15.182+0000] {spark_submit.py:490} INFO - 25/04/27 12:01:15 INFO Utils: Copying /home/airflow/.ivy2/jars/commons-codec_commons-codec-1.11.jar to /tmp/spark-0b4da721-3637-4794-825c-b33475cd0487/userFiles-d7d4e9af-c714-4ac2-8c98-ed4c8b1f9373/commons-codec_commons-codec-1.11.jar
[2025-04-27T12:01:15.261+0000] {spark_submit.py:490} INFO - 25/04/27 12:01:15 INFO StandaloneAppClient$ClientEndpoint: Connecting to master spark://spark-master:7077...
[2025-04-27T12:01:15.292+0000] {spark_submit.py:490} INFO - 25/04/27 12:01:15 INFO TransportClientFactory: Successfully created connection to spark-master/172.18.0.2:7077 after 18 ms (0 ms spent in bootstraps)
[2025-04-27T12:01:15.359+0000] {spark_submit.py:490} INFO - 25/04/27 12:01:15 INFO StandaloneSchedulerBackend: Connected to Spark cluster with app ID app-20250427120115-0003
[2025-04-27T12:01:15.361+0000] {spark_submit.py:490} INFO - 25/04/27 12:01:15 INFO StandaloneAppClient$ClientEndpoint: Executor added: app-20250427120115-0003/0 on worker-20250427114819-172.18.0.5-35411 (172.18.0.5:35411) with 1 core(s)
[2025-04-27T12:01:15.364+0000] {spark_submit.py:490} INFO - 25/04/27 12:01:15 INFO StandaloneSchedulerBackend: Granted executor ID app-20250427120115-0003/0 on hostPort 172.18.0.5:35411 with 1 core(s), 1024.0 MiB RAM
[2025-04-27T12:01:15.366+0000] {spark_submit.py:490} INFO - 25/04/27 12:01:15 INFO Utils: Successfully started service 'org.apache.spark.network.netty.NettyBlockTransferService' on port 36053.
[2025-04-27T12:01:15.366+0000] {spark_submit.py:490} INFO - 25/04/27 12:01:15 INFO NettyBlockTransferService: Server created on 6780dda4d52a:36053
[2025-04-27T12:01:15.368+0000] {spark_submit.py:490} INFO - 25/04/27 12:01:15 INFO BlockManager: Using org.apache.spark.storage.RandomBlockReplicationPolicy for block replication policy
[2025-04-27T12:01:15.373+0000] {spark_submit.py:490} INFO - 25/04/27 12:01:15 INFO BlockManagerMaster: Registering BlockManager BlockManagerId(driver, 6780dda4d52a, 36053, None)
[2025-04-27T12:01:15.377+0000] {spark_submit.py:490} INFO - 25/04/27 12:01:15 INFO BlockManagerMasterEndpoint: Registering block manager 6780dda4d52a:36053 with 434.4 MiB RAM, BlockManagerId(driver, 6780dda4d52a, 36053, None)
[2025-04-27T12:01:15.380+0000] {spark_submit.py:490} INFO - 25/04/27 12:01:15 INFO BlockManagerMaster: Registered BlockManager BlockManagerId(driver, 6780dda4d52a, 36053, None)
[2025-04-27T12:01:15.382+0000] {spark_submit.py:490} INFO - 25/04/27 12:01:15 INFO BlockManager: Initialized BlockManager: BlockManagerId(driver, 6780dda4d52a, 36053, None)
[2025-04-27T12:01:15.388+0000] {spark_submit.py:490} INFO - 25/04/27 12:01:15 INFO StandaloneAppClient$ClientEndpoint: Executor updated: app-20250427120115-0003/0 is now RUNNING
[2025-04-27T12:01:15.553+0000] {spark_submit.py:490} INFO - 25/04/27 12:01:15 INFO StandaloneSchedulerBackend: SchedulerBackend is ready for scheduling beginning after reached minRegisteredResourcesRatio: 0.0
[2025-04-27T12:01:15.751+0000] {spark_submit.py:490} INFO - INFO:__main__:SparkSession создан
[2025-04-27T12:01:15.757+0000] {spark_submit.py:490} INFO - 25/04/27 12:01:15 INFO SharedState: Setting hive.metastore.warehouse.dir ('null') to the value of spark.sql.warehouse.dir.
[2025-04-27T12:01:15.758+0000] {spark_submit.py:490} INFO - 25/04/27 12:01:15 INFO SharedState: Warehouse path is 'file:/opt/airflow/spark-warehouse'.
[2025-04-27T12:01:17.669+0000] {spark_submit.py:490} INFO - 25/04/27 12:01:17 INFO CoarseGrainedSchedulerBackend$DriverEndpoint: Registered executor NettyRpcEndpointRef(spark-client://Executor) (172.18.0.5:34116) with ID 0,  ResourceProfileId 0
[2025-04-27T12:01:17.741+0000] {spark_submit.py:490} INFO - 25/04/27 12:01:17 INFO BlockManagerMasterEndpoint: Registering block manager 172.18.0.5:39691 with 366.3 MiB RAM, BlockManagerId(0, 172.18.0.5, 39691, None)
[2025-04-27T12:01:19.091+0000] {spark_submit.py:490} INFO - 25/04/27 12:01:19 INFO CodeGenerator: Code generated in 97.582261 ms
[2025-04-27T12:01:19.144+0000] {spark_submit.py:490} INFO - 25/04/27 12:01:19 INFO DAGScheduler: Registering RDD 2 (count at NativeMethodAccessorImpl.java:0) as input to shuffle 0
[2025-04-27T12:01:19.149+0000] {spark_submit.py:490} INFO - 25/04/27 12:01:19 INFO DAGScheduler: Got map stage job 0 (count at NativeMethodAccessorImpl.java:0) with 1 output partitions
[2025-04-27T12:01:19.150+0000] {spark_submit.py:490} INFO - 25/04/27 12:01:19 INFO DAGScheduler: Final stage: ShuffleMapStage 0 (count at NativeMethodAccessorImpl.java:0)
[2025-04-27T12:01:19.150+0000] {spark_submit.py:490} INFO - 25/04/27 12:01:19 INFO DAGScheduler: Parents of final stage: List()
[2025-04-27T12:01:19.151+0000] {spark_submit.py:490} INFO - 25/04/27 12:01:19 INFO DAGScheduler: Missing parents: List()
[2025-04-27T12:01:19.153+0000] {spark_submit.py:490} INFO - 25/04/27 12:01:19 INFO DAGScheduler: Submitting ShuffleMapStage 0 (MapPartitionsRDD[2] at count at NativeMethodAccessorImpl.java:0), which has no missing parents
[2025-04-27T12:01:19.248+0000] {spark_submit.py:490} INFO - 25/04/27 12:01:19 INFO MemoryStore: Block broadcast_0 stored as values in memory (estimated size 13.3 KiB, free 434.4 MiB)
[2025-04-27T12:01:19.284+0000] {spark_submit.py:490} INFO - 25/04/27 12:01:19 INFO MemoryStore: Block broadcast_0_piece0 stored as bytes in memory (estimated size 7.0 KiB, free 434.4 MiB)
[2025-04-27T12:01:19.288+0000] {spark_submit.py:490} INFO - 25/04/27 12:01:19 INFO BlockManagerInfo: Added broadcast_0_piece0 in memory on 6780dda4d52a:36053 (size: 7.0 KiB, free: 434.4 MiB)
[2025-04-27T12:01:19.291+0000] {spark_submit.py:490} INFO - 25/04/27 12:01:19 INFO SparkContext: Created broadcast 0 from broadcast at DAGScheduler.scala:1513
[2025-04-27T12:01:19.306+0000] {spark_submit.py:490} INFO - 25/04/27 12:01:19 INFO DAGScheduler: Submitting 1 missing tasks from ShuffleMapStage 0 (MapPartitionsRDD[2] at count at NativeMethodAccessorImpl.java:0) (first 15 tasks are for partitions Vector(0))
[2025-04-27T12:01:19.307+0000] {spark_submit.py:490} INFO - 25/04/27 12:01:19 INFO TaskSchedulerImpl: Adding task set 0.0 with 1 tasks resource profile 0
[2025-04-27T12:01:19.338+0000] {spark_submit.py:490} INFO - 25/04/27 12:01:19 INFO TaskSetManager: Starting task 0.0 in stage 0.0 (TID 0) (172.18.0.5, executor 0, partition 0, PROCESS_LOCAL, 4292 bytes) taskResourceAssignments Map()
[2025-04-27T12:01:19.537+0000] {spark_submit.py:490} INFO - 25/04/27 12:01:19 INFO BlockManagerInfo: Added broadcast_0_piece0 in memory on 172.18.0.5:39691 (size: 7.0 KiB, free: 366.3 MiB)
[2025-04-27T12:01:20.384+0000] {spark_submit.py:490} INFO - 25/04/27 12:01:20 INFO TaskSetManager: Finished task 0.0 in stage 0.0 (TID 0) in 1057 ms on 172.18.0.5 (executor 0) (1/1)
[2025-04-27T12:01:20.385+0000] {spark_submit.py:490} INFO - 25/04/27 12:01:20 INFO TaskSchedulerImpl: Removed TaskSet 0.0, whose tasks have all completed, from pool
[2025-04-27T12:01:20.391+0000] {spark_submit.py:490} INFO - 25/04/27 12:01:20 INFO DAGScheduler: ShuffleMapStage 0 (count at NativeMethodAccessorImpl.java:0) finished in 1.230 s
[2025-04-27T12:01:20.391+0000] {spark_submit.py:490} INFO - 25/04/27 12:01:20 INFO DAGScheduler: looking for newly runnable stages
[2025-04-27T12:01:20.391+0000] {spark_submit.py:490} INFO - 25/04/27 12:01:20 INFO DAGScheduler: running: Set()
[2025-04-27T12:01:20.392+0000] {spark_submit.py:490} INFO - 25/04/27 12:01:20 INFO DAGScheduler: waiting: Set()
[2025-04-27T12:01:20.392+0000] {spark_submit.py:490} INFO - 25/04/27 12:01:20 INFO DAGScheduler: failed: Set()
[2025-04-27T12:01:20.423+0000] {spark_submit.py:490} INFO - 25/04/27 12:01:20 INFO CodeGenerator: Code generated in 9.685203 ms
[2025-04-27T12:01:20.452+0000] {spark_submit.py:490} INFO - 25/04/27 12:01:20 INFO SparkContext: Starting job: count at NativeMethodAccessorImpl.java:0
[2025-04-27T12:01:20.454+0000] {spark_submit.py:490} INFO - 25/04/27 12:01:20 INFO DAGScheduler: Got job 1 (count at NativeMethodAccessorImpl.java:0) with 1 output partitions
[2025-04-27T12:01:20.455+0000] {spark_submit.py:490} INFO - 25/04/27 12:01:20 INFO DAGScheduler: Final stage: ResultStage 2 (count at NativeMethodAccessorImpl.java:0)
[2025-04-27T12:01:20.455+0000] {spark_submit.py:490} INFO - 25/04/27 12:01:20 INFO DAGScheduler: Parents of final stage: List(ShuffleMapStage 1)
[2025-04-27T12:01:20.455+0000] {spark_submit.py:490} INFO - 25/04/27 12:01:20 INFO DAGScheduler: Missing parents: List()
[2025-04-27T12:01:20.456+0000] {spark_submit.py:490} INFO - 25/04/27 12:01:20 INFO DAGScheduler: Submitting ResultStage 2 (MapPartitionsRDD[5] at count at NativeMethodAccessorImpl.java:0), which has no missing parents
[2025-04-27T12:01:20.465+0000] {spark_submit.py:490} INFO - 25/04/27 12:01:20 INFO MemoryStore: Block broadcast_1 stored as values in memory (estimated size 11.1 KiB, free 434.4 MiB)
[2025-04-27T12:01:20.467+0000] {spark_submit.py:490} INFO - 25/04/27 12:01:20 INFO MemoryStore: Block broadcast_1_piece0 stored as bytes in memory (estimated size 5.5 KiB, free 434.4 MiB)
[2025-04-27T12:01:20.468+0000] {spark_submit.py:490} INFO - 25/04/27 12:01:20 INFO BlockManagerInfo: Added broadcast_1_piece0 in memory on 6780dda4d52a:36053 (size: 5.5 KiB, free: 434.4 MiB)
[2025-04-27T12:01:20.468+0000] {spark_submit.py:490} INFO - 25/04/27 12:01:20 INFO SparkContext: Created broadcast 1 from broadcast at DAGScheduler.scala:1513
[2025-04-27T12:01:20.470+0000] {spark_submit.py:490} INFO - 25/04/27 12:01:20 INFO DAGScheduler: Submitting 1 missing tasks from ResultStage 2 (MapPartitionsRDD[5] at count at NativeMethodAccessorImpl.java:0) (first 15 tasks are for partitions Vector(0))
[2025-04-27T12:01:20.470+0000] {spark_submit.py:490} INFO - 25/04/27 12:01:20 INFO TaskSchedulerImpl: Adding task set 2.0 with 1 tasks resource profile 0
[2025-04-27T12:01:20.474+0000] {spark_submit.py:490} INFO - 25/04/27 12:01:20 INFO TaskSetManager: Starting task 0.0 in stage 2.0 (TID 1) (172.18.0.5, executor 0, partition 0, NODE_LOCAL, 4457 bytes) taskResourceAssignments Map()
[2025-04-27T12:01:20.494+0000] {spark_submit.py:490} INFO - 25/04/27 12:01:20 INFO BlockManagerInfo: Added broadcast_1_piece0 in memory on 172.18.0.5:39691 (size: 5.5 KiB, free: 366.3 MiB)
[2025-04-27T12:01:20.619+0000] {spark_submit.py:490} INFO - 25/04/27 12:01:20 INFO MapOutputTrackerMasterEndpoint: Asked to send map output locations for shuffle 0 to 172.18.0.5:34116
[2025-04-27T12:01:20.800+0000] {spark_submit.py:490} INFO - 25/04/27 12:01:20 INFO TaskSetManager: Finished task 0.0 in stage 2.0 (TID 1) in 328 ms on 172.18.0.5 (executor 0) (1/1)
[2025-04-27T12:01:20.801+0000] {spark_submit.py:490} INFO - 25/04/27 12:01:20 INFO TaskSchedulerImpl: Removed TaskSet 2.0, whose tasks have all completed, from pool
[2025-04-27T12:01:20.801+0000] {spark_submit.py:490} INFO - 25/04/27 12:01:20 INFO DAGScheduler: ResultStage 2 (count at NativeMethodAccessorImpl.java:0) finished in 0.339 s
[2025-04-27T12:01:20.803+0000] {spark_submit.py:490} INFO - 25/04/27 12:01:20 INFO DAGScheduler: Job 1 is finished. Cancelling potential speculative or zombie tasks for this job
[2025-04-27T12:01:20.803+0000] {spark_submit.py:490} INFO - 25/04/27 12:01:20 INFO TaskSchedulerImpl: Killing all running tasks in stage 2: Stage finished
[2025-04-27T12:01:20.804+0000] {spark_submit.py:490} INFO - 25/04/27 12:01:20 INFO DAGScheduler: Job 1 finished: count at NativeMethodAccessorImpl.java:0, took 0.351494 s
[2025-04-27T12:01:20.810+0000] {spark_submit.py:490} INFO - INFO:__main__:Таблица raw.masked_transactions загружена, записей: 1000
[2025-04-27T12:01:20.941+0000] {spark_submit.py:490} INFO - 25/04/27 12:01:20 INFO DAGScheduler: Registering RDD 8 (count at NativeMethodAccessorImpl.java:0) as input to shuffle 1
[2025-04-27T12:01:20.941+0000] {spark_submit.py:490} INFO - 25/04/27 12:01:20 INFO DAGScheduler: Got map stage job 2 (count at NativeMethodAccessorImpl.java:0) with 1 output partitions
[2025-04-27T12:01:20.942+0000] {spark_submit.py:490} INFO - 25/04/27 12:01:20 INFO DAGScheduler: Final stage: ShuffleMapStage 3 (count at NativeMethodAccessorImpl.java:0)
[2025-04-27T12:01:20.942+0000] {spark_submit.py:490} INFO - 25/04/27 12:01:20 INFO DAGScheduler: Parents of final stage: List()
[2025-04-27T12:01:20.942+0000] {spark_submit.py:490} INFO - 25/04/27 12:01:20 INFO DAGScheduler: Missing parents: List()
[2025-04-27T12:01:20.942+0000] {spark_submit.py:490} INFO - 25/04/27 12:01:20 INFO DAGScheduler: Submitting ShuffleMapStage 3 (MapPartitionsRDD[8] at count at NativeMethodAccessorImpl.java:0), which has no missing parents
[2025-04-27T12:01:20.946+0000] {spark_submit.py:490} INFO - 25/04/27 12:01:20 INFO MemoryStore: Block broadcast_2 stored as values in memory (estimated size 13.4 KiB, free 434.4 MiB)
[2025-04-27T12:01:20.949+0000] {spark_submit.py:490} INFO - 25/04/27 12:01:20 INFO MemoryStore: Block broadcast_2_piece0 stored as bytes in memory (estimated size 7.0 KiB, free 434.3 MiB)
[2025-04-27T12:01:20.950+0000] {spark_submit.py:490} INFO - 25/04/27 12:01:20 INFO BlockManagerInfo: Added broadcast_2_piece0 in memory on 6780dda4d52a:36053 (size: 7.0 KiB, free: 434.4 MiB)
[2025-04-27T12:01:20.951+0000] {spark_submit.py:490} INFO - 25/04/27 12:01:20 INFO SparkContext: Created broadcast 2 from broadcast at DAGScheduler.scala:1513
[2025-04-27T12:01:20.951+0000] {spark_submit.py:490} INFO - 25/04/27 12:01:20 INFO DAGScheduler: Submitting 1 missing tasks from ShuffleMapStage 3 (MapPartitionsRDD[8] at count at NativeMethodAccessorImpl.java:0) (first 15 tasks are for partitions Vector(0))
[2025-04-27T12:01:20.951+0000] {spark_submit.py:490} INFO - 25/04/27 12:01:20 INFO TaskSchedulerImpl: Adding task set 3.0 with 1 tasks resource profile 0
[2025-04-27T12:01:20.953+0000] {spark_submit.py:490} INFO - 25/04/27 12:01:20 INFO TaskSetManager: Starting task 0.0 in stage 3.0 (TID 2) (172.18.0.5, executor 0, partition 0, PROCESS_LOCAL, 4292 bytes) taskResourceAssignments Map()
[2025-04-27T12:01:20.967+0000] {spark_submit.py:490} INFO - 25/04/27 12:01:20 INFO BlockManagerInfo: Added broadcast_2_piece0 in memory on 172.18.0.5:39691 (size: 7.0 KiB, free: 366.3 MiB)
[2025-04-27T12:01:20.998+0000] {spark_submit.py:490} INFO - 25/04/27 12:01:20 INFO TaskSetManager: Finished task 0.0 in stage 3.0 (TID 2) in 46 ms on 172.18.0.5 (executor 0) (1/1)
[2025-04-27T12:01:20.999+0000] {spark_submit.py:490} INFO - 25/04/27 12:01:20 INFO TaskSchedulerImpl: Removed TaskSet 3.0, whose tasks have all completed, from pool
[2025-04-27T12:01:21.000+0000] {spark_submit.py:490} INFO - 25/04/27 12:01:20 INFO DAGScheduler: ShuffleMapStage 3 (count at NativeMethodAccessorImpl.java:0) finished in 0.056 s
[2025-04-27T12:01:21.000+0000] {spark_submit.py:490} INFO - 25/04/27 12:01:21 INFO DAGScheduler: looking for newly runnable stages
[2025-04-27T12:01:21.000+0000] {spark_submit.py:490} INFO - 25/04/27 12:01:21 INFO DAGScheduler: running: Set()
[2025-04-27T12:01:21.000+0000] {spark_submit.py:490} INFO - 25/04/27 12:01:21 INFO DAGScheduler: waiting: Set()
[2025-04-27T12:01:21.000+0000] {spark_submit.py:490} INFO - 25/04/27 12:01:21 INFO DAGScheduler: failed: Set()
[2025-04-27T12:01:21.025+0000] {spark_submit.py:490} INFO - 25/04/27 12:01:21 INFO SparkContext: Starting job: count at NativeMethodAccessorImpl.java:0
[2025-04-27T12:01:21.026+0000] {spark_submit.py:490} INFO - 25/04/27 12:01:21 INFO DAGScheduler: Got job 3 (count at NativeMethodAccessorImpl.java:0) with 1 output partitions
[2025-04-27T12:01:21.026+0000] {spark_submit.py:490} INFO - 25/04/27 12:01:21 INFO DAGScheduler: Final stage: ResultStage 5 (count at NativeMethodAccessorImpl.java:0)
[2025-04-27T12:01:21.026+0000] {spark_submit.py:490} INFO - 25/04/27 12:01:21 INFO DAGScheduler: Parents of final stage: List(ShuffleMapStage 4)
[2025-04-27T12:01:21.027+0000] {spark_submit.py:490} INFO - 25/04/27 12:01:21 INFO DAGScheduler: Missing parents: List()
[2025-04-27T12:01:21.027+0000] {spark_submit.py:490} INFO - 25/04/27 12:01:21 INFO DAGScheduler: Submitting ResultStage 5 (MapPartitionsRDD[11] at count at NativeMethodAccessorImpl.java:0), which has no missing parents
[2025-04-27T12:01:21.030+0000] {spark_submit.py:490} INFO - 25/04/27 12:01:21 INFO MemoryStore: Block broadcast_3 stored as values in memory (estimated size 11.1 KiB, free 434.3 MiB)
[2025-04-27T12:01:21.033+0000] {spark_submit.py:490} INFO - 25/04/27 12:01:21 INFO MemoryStore: Block broadcast_3_piece0 stored as bytes in memory (estimated size 5.5 KiB, free 434.3 MiB)
[2025-04-27T12:01:21.033+0000] {spark_submit.py:490} INFO - 25/04/27 12:01:21 INFO BlockManagerInfo: Added broadcast_3_piece0 in memory on 6780dda4d52a:36053 (size: 5.5 KiB, free: 434.4 MiB)
[2025-04-27T12:01:21.034+0000] {spark_submit.py:490} INFO - 25/04/27 12:01:21 INFO SparkContext: Created broadcast 3 from broadcast at DAGScheduler.scala:1513
[2025-04-27T12:01:21.034+0000] {spark_submit.py:490} INFO - 25/04/27 12:01:21 INFO DAGScheduler: Submitting 1 missing tasks from ResultStage 5 (MapPartitionsRDD[11] at count at NativeMethodAccessorImpl.java:0) (first 15 tasks are for partitions Vector(0))
[2025-04-27T12:01:21.035+0000] {spark_submit.py:490} INFO - 25/04/27 12:01:21 INFO TaskSchedulerImpl: Adding task set 5.0 with 1 tasks resource profile 0
[2025-04-27T12:01:21.036+0000] {spark_submit.py:490} INFO - 25/04/27 12:01:21 INFO TaskSetManager: Starting task 0.0 in stage 5.0 (TID 3) (172.18.0.5, executor 0, partition 0, NODE_LOCAL, 4457 bytes) taskResourceAssignments Map()
[2025-04-27T12:01:21.051+0000] {spark_submit.py:490} INFO - 25/04/27 12:01:21 INFO BlockManagerInfo: Added broadcast_3_piece0 in memory on 172.18.0.5:39691 (size: 5.5 KiB, free: 366.3 MiB)
[2025-04-27T12:01:21.058+0000] {spark_submit.py:490} INFO - 25/04/27 12:01:21 INFO MapOutputTrackerMasterEndpoint: Asked to send map output locations for shuffle 1 to 172.18.0.5:34116
[2025-04-27T12:01:21.068+0000] {spark_submit.py:490} INFO - 25/04/27 12:01:21 INFO TaskSetManager: Finished task 0.0 in stage 5.0 (TID 3) in 31 ms on 172.18.0.5 (executor 0) (1/1)
[2025-04-27T12:01:21.068+0000] {spark_submit.py:490} INFO - 25/04/27 12:01:21 INFO TaskSchedulerImpl: Removed TaskSet 5.0, whose tasks have all completed, from pool
[2025-04-27T12:01:21.069+0000] {spark_submit.py:490} INFO - 25/04/27 12:01:21 INFO DAGScheduler: ResultStage 5 (count at NativeMethodAccessorImpl.java:0) finished in 0.040 s
[2025-04-27T12:01:21.069+0000] {spark_submit.py:490} INFO - 25/04/27 12:01:21 INFO DAGScheduler: Job 3 is finished. Cancelling potential speculative or zombie tasks for this job
[2025-04-27T12:01:21.069+0000] {spark_submit.py:490} INFO - 25/04/27 12:01:21 INFO TaskSchedulerImpl: Killing all running tasks in stage 5: Stage finished
[2025-04-27T12:01:21.070+0000] {spark_submit.py:490} INFO - 25/04/27 12:01:21 INFO DAGScheduler: Job 3 finished: count at NativeMethodAccessorImpl.java:0, took 0.044822 s
[2025-04-27T12:01:21.071+0000] {spark_submit.py:490} INFO - INFO:__main__:Правило large_tx отработано, записей: 342
[2025-04-27T12:01:21.119+0000] {spark_submit.py:490} INFO - Traceback (most recent call last):
[2025-04-27T12:01:21.119+0000] {spark_submit.py:490} INFO - File "/opt/airflow/spark/detect_suspicious.py", line 60, in <module>
[2025-04-27T12:01:21.120+0000] {spark_submit.py:490} INFO - df.withColumn("cnt", F.count("transaction_id").over(window_24h))
[2025-04-27T12:01:21.120+0000] {spark_submit.py:490} INFO - File "/opt/spark/python/lib/pyspark.zip/pyspark/sql/dataframe.py", line 3036, in withColumn
[2025-04-27T12:01:21.120+0000] {spark_submit.py:490} INFO - File "/opt/spark/python/lib/py4j-0.10.9.5-src.zip/py4j/java_gateway.py", line 1322, in __call__
[2025-04-27T12:01:21.120+0000] {spark_submit.py:490} INFO - File "/opt/spark/python/lib/pyspark.zip/pyspark/sql/utils.py", line 196, in deco
[2025-04-27T12:01:21.123+0000] {spark_submit.py:490} INFO - pyspark.sql.utils.AnalysisException: cannot resolve '(PARTITION BY client_id ORDER BY datetime ASC NULLS FIRST RANGE BETWEEN -86400L FOLLOWING AND CURRENT ROW)' due to data type mismatch: The data type 'timestamp' used in the order specification does not match the data type 'bigint' which is used in the range frame.;
[2025-04-27T12:01:21.124+0000] {spark_submit.py:490} INFO - 'Project [transaction_id#0, client_id#1, datetime#2, amount#3, currency#4, merchant#5, transaction_type#6, ip_network#7, count(transaction_id#0) windowspecdefinition(client_id#1, datetime#2 ASC NULLS FIRST, specifiedwindowframe(RangeFrame, -86400, currentrow$())) AS cnt#66]
[2025-04-27T12:01:21.124+0000] {spark_submit.py:490} INFO - +- Relation [transaction_id#0,client_id#1,datetime#2,amount#3,currency#4,merchant#5,transaction_type#6,ip_network#7] JDBCRelation(raw.masked_transactions) [numPartitions=1]
[2025-04-27T12:01:21.124+0000] {spark_submit.py:490} INFO - 
[2025-04-27T12:01:21.161+0000] {spark_submit.py:490} INFO - 25/04/27 12:01:21 INFO SparkContext: Invoking stop() from shutdown hook
[2025-04-27T12:01:21.173+0000] {spark_submit.py:490} INFO - 25/04/27 12:01:21 INFO SparkUI: Stopped Spark web UI at http://6780dda4d52a:4040
[2025-04-27T12:01:21.175+0000] {spark_submit.py:490} INFO - 25/04/27 12:01:21 INFO StandaloneSchedulerBackend: Shutting down all executors
[2025-04-27T12:01:21.175+0000] {spark_submit.py:490} INFO - 25/04/27 12:01:21 INFO CoarseGrainedSchedulerBackend$DriverEndpoint: Asking each executor to shut down
[2025-04-27T12:01:21.208+0000] {spark_submit.py:490} INFO - 25/04/27 12:01:21 INFO MapOutputTrackerMasterEndpoint: MapOutputTrackerMasterEndpoint stopped!
[2025-04-27T12:01:21.228+0000] {spark_submit.py:490} INFO - 25/04/27 12:01:21 INFO MemoryStore: MemoryStore cleared
[2025-04-27T12:01:21.229+0000] {spark_submit.py:490} INFO - 25/04/27 12:01:21 INFO BlockManager: BlockManager stopped
[2025-04-27T12:01:21.238+0000] {spark_submit.py:490} INFO - 25/04/27 12:01:21 INFO BlockManagerMaster: BlockManagerMaster stopped
[2025-04-27T12:01:21.241+0000] {spark_submit.py:490} INFO - 25/04/27 12:01:21 INFO OutputCommitCoordinator$OutputCommitCoordinatorEndpoint: OutputCommitCoordinator stopped!
[2025-04-27T12:01:21.248+0000] {spark_submit.py:490} INFO - 25/04/27 12:01:21 INFO SparkContext: Successfully stopped SparkContext
[2025-04-27T12:01:21.248+0000] {spark_submit.py:490} INFO - 25/04/27 12:01:21 INFO ShutdownHookManager: Shutdown hook called
[2025-04-27T12:01:21.249+0000] {spark_submit.py:490} INFO - 25/04/27 12:01:21 INFO ShutdownHookManager: Deleting directory /tmp/spark-0b4da721-3637-4794-825c-b33475cd0487/pyspark-9d18c20f-55a0-4c46-afc3-65663ae627f1
[2025-04-27T12:01:21.252+0000] {spark_submit.py:490} INFO - 25/04/27 12:01:21 INFO ShutdownHookManager: Deleting directory /tmp/spark-0b4da721-3637-4794-825c-b33475cd0487
[2025-04-27T12:01:21.255+0000] {spark_submit.py:490} INFO - 25/04/27 12:01:21 INFO ShutdownHookManager: Deleting directory /tmp/spark-0bc5fae8-3d57-4a4f-be26-016f48a1f57f
[2025-04-27T12:01:21.317+0000] {taskinstance.py:1824} ERROR - Task failed with exception
Traceback (most recent call last):
  File "/home/airflow/.local/lib/python3.7/site-packages/airflow/providers/apache/spark/operators/spark_submit.py", line 157, in execute
    self._hook.submit(self._application)
  File "/home/airflow/.local/lib/python3.7/site-packages/airflow/providers/apache/spark/hooks/spark_submit.py", line 422, in submit
    f"Cannot execute: {self._mask_cmd(spark_submit_cmd)}. Error code is: {returncode}."
airflow.exceptions.AirflowException: Cannot execute: spark-submit --master spark://spark-master:7077 --packages org.postgresql:postgresql:42.6.0,ru.yandex.clickhouse:clickhouse-jdbc:0.3.2 --executor-cores 1 --executor-memory 1g --driver-memory 1g --name arrow-spark /opt/airflow/spark/detect_suspicious.py --jdbc jdbc:postgresql://postgres:5432/finbest --clickhouse-url jdbc:clickhouse://clickhouse:8123/finbest. Error code is: 1.
[2025-04-27T12:01:21.320+0000] {taskinstance.py:1350} INFO - Marking task as FAILED. dag_id=transform, task_id=detect_suspicious, execution_date=20250427T115949, start_date=20250427T120111, end_date=20250427T120121
[2025-04-27T12:01:21.329+0000] {standard_task_runner.py:109} ERROR - Failed to execute job 75 for task detect_suspicious (Cannot execute: spark-submit --master spark://spark-master:7077 --packages org.postgresql:postgresql:42.6.0,ru.yandex.clickhouse:clickhouse-jdbc:0.3.2 --executor-cores 1 --executor-memory 1g --driver-memory 1g --name arrow-spark /opt/airflow/spark/detect_suspicious.py --jdbc jdbc:postgresql://postgres:5432/finbest --clickhouse-url jdbc:clickhouse://clickhouse:8123/finbest. Error code is: 1.; 1122)
[2025-04-27T12:01:21.340+0000] {local_task_job_runner.py:225} INFO - Task exited with return code 1
[2025-04-27T12:01:21.437+0000] {taskinstance.py:2653} INFO - 0 downstream tasks scheduled from follow-on schedule check
