[2025-04-29T14:56:52.177+0000] {taskinstance.py:1103} INFO - Dependencies all met for dep_context=non-requeueable deps ti=<TaskInstance: transform.detect_suspicious manual__2025-04-29T14:55:25.341052+00:00 [queued]>
[2025-04-29T14:56:52.183+0000] {taskinstance.py:1103} INFO - Dependencies all met for dep_context=requeueable deps ti=<TaskInstance: transform.detect_suspicious manual__2025-04-29T14:55:25.341052+00:00 [queued]>
[2025-04-29T14:56:52.183+0000] {taskinstance.py:1308} INFO - Starting attempt 2 of 2
[2025-04-29T14:56:52.195+0000] {taskinstance.py:1327} INFO - Executing <Task(SparkSubmitOperator): detect_suspicious> on 2025-04-29 14:55:25.341052+00:00
[2025-04-29T14:56:52.197+0000] {standard_task_runner.py:57} INFO - Started process 8119 to run task
[2025-04-29T14:56:52.199+0000] {standard_task_runner.py:84} INFO - Running: ['airflow', 'tasks', 'run', 'transform', 'detect_suspicious', 'manual__2025-04-29T14:55:25.341052+00:00', '--job-id', '36', '--raw', '--subdir', 'DAGS_FOLDER/transform.py', '--cfg-path', '/tmp/tmpyo6gjmj8']
[2025-04-29T14:56:52.200+0000] {standard_task_runner.py:85} INFO - Job 36: Subtask detect_suspicious
[2025-04-29T14:56:52.241+0000] {task_command.py:410} INFO - Running <TaskInstance: transform.detect_suspicious manual__2025-04-29T14:55:25.341052+00:00 [running]> on host bd05f2cbfffd
[2025-04-29T14:56:52.409+0000] {taskinstance.py:1547} INFO - Exporting env vars: AIRFLOW_CTX_DAG_OWNER='finbest' AIRFLOW_CTX_DAG_ID='transform' AIRFLOW_CTX_TASK_ID='detect_suspicious' AIRFLOW_CTX_EXECUTION_DATE='2025-04-29T14:55:25.341052+00:00' AIRFLOW_CTX_TRY_NUMBER='2' AIRFLOW_CTX_DAG_RUN_ID='manual__2025-04-29T14:55:25.341052+00:00'
[2025-04-29T14:56:52.420+0000] {base.py:73} INFO - Using connection ID 'spark_default' for task execution.
[2025-04-29T14:56:52.421+0000] {spark_submit.py:339} INFO - Spark-Submit cmd: spark-submit --master spark://spark-master:7077 --packages org.postgresql:postgresql:42.6.0,ru.yandex.clickhouse:clickhouse-jdbc:0.3.2 --executor-cores 1 --executor-memory 1g --driver-memory 1g --name arrow-spark /opt/airflow/spark/detect_suspicious.py --jdbc jdbc:postgresql://postgres:5432/finbest --clickhouse-url jdbc:clickhouse://clickhouse:8123/finbest
[2025-04-29T14:56:54.077+0000] {spark_submit.py:490} INFO - :: loading settings :: url = jar:file:/opt/spark/jars/ivy-2.5.0.jar!/org/apache/ivy/core/settings/ivysettings.xml
[2025-04-29T14:56:54.160+0000] {spark_submit.py:490} INFO - Ivy Default Cache set to: /home/airflow/.ivy2/cache
[2025-04-29T14:56:54.161+0000] {spark_submit.py:490} INFO - The jars for the packages stored in: /home/airflow/.ivy2/jars
[2025-04-29T14:56:54.166+0000] {spark_submit.py:490} INFO - org.postgresql#postgresql added as a dependency
[2025-04-29T14:56:54.166+0000] {spark_submit.py:490} INFO - ru.yandex.clickhouse#clickhouse-jdbc added as a dependency
[2025-04-29T14:56:54.167+0000] {spark_submit.py:490} INFO - :: resolving dependencies :: org.apache.spark#spark-submit-parent-e0717f34-70bf-496a-aaf7-6a1ca1ac01d2;1.0
[2025-04-29T14:56:54.167+0000] {spark_submit.py:490} INFO - confs: [default]
[2025-04-29T14:56:54.252+0000] {spark_submit.py:490} INFO - found org.postgresql#postgresql;42.6.0 in central
[2025-04-29T14:56:54.269+0000] {spark_submit.py:490} INFO - found org.checkerframework#checker-qual;3.31.0 in central
[2025-04-29T14:56:54.287+0000] {spark_submit.py:490} INFO - found ru.yandex.clickhouse#clickhouse-jdbc;0.3.2 in central
[2025-04-29T14:56:54.315+0000] {spark_submit.py:490} INFO - found com.clickhouse#clickhouse-http-client;0.3.2 in central
[2025-04-29T14:56:54.339+0000] {spark_submit.py:490} INFO - found com.clickhouse#clickhouse-client;0.3.2 in central
[2025-04-29T14:56:54.358+0000] {spark_submit.py:490} INFO - found org.lz4#lz4-java;1.8.0 in central
[2025-04-29T14:56:54.380+0000] {spark_submit.py:490} INFO - found com.google.code.gson#gson;2.8.8 in central
[2025-04-29T14:56:54.401+0000] {spark_submit.py:490} INFO - found org.apache.httpcomponents#httpclient;4.5.13 in central
[2025-04-29T14:56:54.419+0000] {spark_submit.py:490} INFO - found org.apache.httpcomponents#httpcore;4.4.13 in central
[2025-04-29T14:56:54.437+0000] {spark_submit.py:490} INFO - found commons-logging#commons-logging;1.2 in central
[2025-04-29T14:56:54.454+0000] {spark_submit.py:490} INFO - found commons-codec#commons-codec;1.11 in central
[2025-04-29T14:56:54.470+0000] {spark_submit.py:490} INFO - found org.apache.httpcomponents#httpmime;4.5.13 in central
[2025-04-29T14:56:54.500+0000] {spark_submit.py:490} INFO - :: resolution report :: resolve 315ms :: artifacts dl 17ms
[2025-04-29T14:56:54.500+0000] {spark_submit.py:490} INFO - :: modules in use:
[2025-04-29T14:56:54.500+0000] {spark_submit.py:490} INFO - com.clickhouse#clickhouse-client;0.3.2 from central in [default]
[2025-04-29T14:56:54.500+0000] {spark_submit.py:490} INFO - com.clickhouse#clickhouse-http-client;0.3.2 from central in [default]
[2025-04-29T14:56:54.500+0000] {spark_submit.py:490} INFO - com.google.code.gson#gson;2.8.8 from central in [default]
[2025-04-29T14:56:54.501+0000] {spark_submit.py:490} INFO - commons-codec#commons-codec;1.11 from central in [default]
[2025-04-29T14:56:54.501+0000] {spark_submit.py:490} INFO - commons-logging#commons-logging;1.2 from central in [default]
[2025-04-29T14:56:54.501+0000] {spark_submit.py:490} INFO - org.apache.httpcomponents#httpclient;4.5.13 from central in [default]
[2025-04-29T14:56:54.501+0000] {spark_submit.py:490} INFO - org.apache.httpcomponents#httpcore;4.4.13 from central in [default]
[2025-04-29T14:56:54.501+0000] {spark_submit.py:490} INFO - org.apache.httpcomponents#httpmime;4.5.13 from central in [default]
[2025-04-29T14:56:54.501+0000] {spark_submit.py:490} INFO - org.checkerframework#checker-qual;3.31.0 from central in [default]
[2025-04-29T14:56:54.501+0000] {spark_submit.py:490} INFO - org.lz4#lz4-java;1.8.0 from central in [default]
[2025-04-29T14:56:54.501+0000] {spark_submit.py:490} INFO - org.postgresql#postgresql;42.6.0 from central in [default]
[2025-04-29T14:56:54.501+0000] {spark_submit.py:490} INFO - ru.yandex.clickhouse#clickhouse-jdbc;0.3.2 from central in [default]
[2025-04-29T14:56:54.501+0000] {spark_submit.py:490} INFO - ---------------------------------------------------------------------
[2025-04-29T14:56:54.501+0000] {spark_submit.py:490} INFO - |                  |            modules            ||   artifacts   |
[2025-04-29T14:56:54.502+0000] {spark_submit.py:490} INFO - |       conf       | number| search|dwnlded|evicted|| number|dwnlded|
[2025-04-29T14:56:54.502+0000] {spark_submit.py:490} INFO - ---------------------------------------------------------------------
[2025-04-29T14:56:54.502+0000] {spark_submit.py:490} INFO - |      default     |   12  |   0   |   0   |   0   ||   12  |   0   |
[2025-04-29T14:56:54.502+0000] {spark_submit.py:490} INFO - ---------------------------------------------------------------------
[2025-04-29T14:56:54.510+0000] {spark_submit.py:490} INFO - :: retrieving :: org.apache.spark#spark-submit-parent-e0717f34-70bf-496a-aaf7-6a1ca1ac01d2
[2025-04-29T14:56:54.511+0000] {spark_submit.py:490} INFO - confs: [default]
[2025-04-29T14:56:54.521+0000] {spark_submit.py:490} INFO - 0 artifacts copied, 12 already retrieved (0kB/11ms)
[2025-04-29T14:56:54.904+0000] {spark_submit.py:490} INFO - 25/04/29 14:56:54 WARN NativeCodeLoader: Unable to load native-hadoop library for your platform... using builtin-java classes where applicable
[2025-04-29T14:56:55.857+0000] {spark_submit.py:490} INFO - 25/04/29 14:56:55 INFO SparkContext: Running Spark version 3.3.0
[2025-04-29T14:56:55.875+0000] {spark_submit.py:490} INFO - 25/04/29 14:56:55 INFO ResourceUtils: ==============================================================
[2025-04-29T14:56:55.876+0000] {spark_submit.py:490} INFO - 25/04/29 14:56:55 INFO ResourceUtils: No custom resources configured for spark.driver.
[2025-04-29T14:56:55.876+0000] {spark_submit.py:490} INFO - 25/04/29 14:56:55 INFO ResourceUtils: ==============================================================
[2025-04-29T14:56:55.876+0000] {spark_submit.py:490} INFO - 25/04/29 14:56:55 INFO SparkContext: Submitted application: FinBestDetect
[2025-04-29T14:56:55.897+0000] {spark_submit.py:490} INFO - 25/04/29 14:56:55 INFO ResourceProfile: Default ResourceProfile created, executor resources: Map(cores -> name: cores, amount: 1, script: , vendor: , memory -> name: memory, amount: 1024, script: , vendor: , offHeap -> name: offHeap, amount: 0, script: , vendor: ), task resources: Map(cpus -> name: cpus, amount: 1.0)
[2025-04-29T14:56:55.908+0000] {spark_submit.py:490} INFO - 25/04/29 14:56:55 INFO ResourceProfile: Limiting resource is cpus at 1 tasks per executor
[2025-04-29T14:56:55.909+0000] {spark_submit.py:490} INFO - 25/04/29 14:56:55 INFO ResourceProfileManager: Added ResourceProfile id: 0
[2025-04-29T14:56:55.964+0000] {spark_submit.py:490} INFO - 25/04/29 14:56:55 INFO SecurityManager: Changing view acls to: airflow
[2025-04-29T14:56:55.965+0000] {spark_submit.py:490} INFO - 25/04/29 14:56:55 INFO SecurityManager: Changing modify acls to: airflow
[2025-04-29T14:56:55.965+0000] {spark_submit.py:490} INFO - 25/04/29 14:56:55 INFO SecurityManager: Changing view acls groups to:
[2025-04-29T14:56:55.965+0000] {spark_submit.py:490} INFO - 25/04/29 14:56:55 INFO SecurityManager: Changing modify acls groups to:
[2025-04-29T14:56:55.965+0000] {spark_submit.py:490} INFO - 25/04/29 14:56:55 INFO SecurityManager: SecurityManager: authentication disabled; ui acls disabled; users  with view permissions: Set(airflow); groups with view permissions: Set(); users  with modify permissions: Set(airflow); groups with modify permissions: Set()
[2025-04-29T14:56:56.386+0000] {spark_submit.py:490} INFO - 25/04/29 14:56:56 INFO Utils: Successfully started service 'sparkDriver' on port 46319.
[2025-04-29T14:56:56.419+0000] {spark_submit.py:490} INFO - 25/04/29 14:56:56 INFO SparkEnv: Registering MapOutputTracker
[2025-04-29T14:56:56.463+0000] {spark_submit.py:490} INFO - 25/04/29 14:56:56 INFO SparkEnv: Registering BlockManagerMaster
[2025-04-29T14:56:56.492+0000] {spark_submit.py:490} INFO - 25/04/29 14:56:56 INFO BlockManagerMasterEndpoint: Using org.apache.spark.storage.DefaultTopologyMapper for getting topology information
[2025-04-29T14:56:56.493+0000] {spark_submit.py:490} INFO - 25/04/29 14:56:56 INFO BlockManagerMasterEndpoint: BlockManagerMasterEndpoint up
[2025-04-29T14:56:56.497+0000] {spark_submit.py:490} INFO - 25/04/29 14:56:56 INFO SparkEnv: Registering BlockManagerMasterHeartbeat
[2025-04-29T14:56:56.529+0000] {spark_submit.py:490} INFO - 25/04/29 14:56:56 INFO DiskBlockManager: Created local directory at /tmp/blockmgr-6434b445-2917-4108-9298-a726759788ac
[2025-04-29T14:56:56.551+0000] {spark_submit.py:490} INFO - 25/04/29 14:56:56 INFO MemoryStore: MemoryStore started with capacity 434.4 MiB
[2025-04-29T14:56:56.575+0000] {spark_submit.py:490} INFO - 25/04/29 14:56:56 INFO SparkEnv: Registering OutputCommitCoordinator
[2025-04-29T14:56:56.802+0000] {spark_submit.py:490} INFO - 25/04/29 14:56:56 INFO Utils: Successfully started service 'SparkUI' on port 4040.
[2025-04-29T14:56:56.845+0000] {spark_submit.py:490} INFO - 25/04/29 14:56:56 INFO SparkContext: Added JAR file:///home/airflow/.ivy2/jars/org.postgresql_postgresql-42.6.0.jar at spark://bd05f2cbfffd:46319/jars/org.postgresql_postgresql-42.6.0.jar with timestamp 1745938615849
[2025-04-29T14:56:56.845+0000] {spark_submit.py:490} INFO - 25/04/29 14:56:56 INFO SparkContext: Added JAR file:///home/airflow/.ivy2/jars/ru.yandex.clickhouse_clickhouse-jdbc-0.3.2.jar at spark://bd05f2cbfffd:46319/jars/ru.yandex.clickhouse_clickhouse-jdbc-0.3.2.jar with timestamp 1745938615849
[2025-04-29T14:56:56.845+0000] {spark_submit.py:490} INFO - 25/04/29 14:56:56 INFO SparkContext: Added JAR file:///home/airflow/.ivy2/jars/org.checkerframework_checker-qual-3.31.0.jar at spark://bd05f2cbfffd:46319/jars/org.checkerframework_checker-qual-3.31.0.jar with timestamp 1745938615849
[2025-04-29T14:56:56.845+0000] {spark_submit.py:490} INFO - 25/04/29 14:56:56 INFO SparkContext: Added JAR file:///home/airflow/.ivy2/jars/com.clickhouse_clickhouse-http-client-0.3.2.jar at spark://bd05f2cbfffd:46319/jars/com.clickhouse_clickhouse-http-client-0.3.2.jar with timestamp 1745938615849
[2025-04-29T14:56:56.845+0000] {spark_submit.py:490} INFO - 25/04/29 14:56:56 INFO SparkContext: Added JAR file:///home/airflow/.ivy2/jars/com.google.code.gson_gson-2.8.8.jar at spark://bd05f2cbfffd:46319/jars/com.google.code.gson_gson-2.8.8.jar with timestamp 1745938615849
[2025-04-29T14:56:56.845+0000] {spark_submit.py:490} INFO - 25/04/29 14:56:56 INFO SparkContext: Added JAR file:///home/airflow/.ivy2/jars/org.apache.httpcomponents_httpclient-4.5.13.jar at spark://bd05f2cbfffd:46319/jars/org.apache.httpcomponents_httpclient-4.5.13.jar with timestamp 1745938615849
[2025-04-29T14:56:56.846+0000] {spark_submit.py:490} INFO - 25/04/29 14:56:56 INFO SparkContext: Added JAR file:///home/airflow/.ivy2/jars/org.apache.httpcomponents_httpmime-4.5.13.jar at spark://bd05f2cbfffd:46319/jars/org.apache.httpcomponents_httpmime-4.5.13.jar with timestamp 1745938615849
[2025-04-29T14:56:56.846+0000] {spark_submit.py:490} INFO - 25/04/29 14:56:56 INFO SparkContext: Added JAR file:///home/airflow/.ivy2/jars/org.lz4_lz4-java-1.8.0.jar at spark://bd05f2cbfffd:46319/jars/org.lz4_lz4-java-1.8.0.jar with timestamp 1745938615849
[2025-04-29T14:56:56.846+0000] {spark_submit.py:490} INFO - 25/04/29 14:56:56 INFO SparkContext: Added JAR file:///home/airflow/.ivy2/jars/com.clickhouse_clickhouse-client-0.3.2.jar at spark://bd05f2cbfffd:46319/jars/com.clickhouse_clickhouse-client-0.3.2.jar with timestamp 1745938615849
[2025-04-29T14:56:56.846+0000] {spark_submit.py:490} INFO - 25/04/29 14:56:56 INFO SparkContext: Added JAR file:///home/airflow/.ivy2/jars/org.apache.httpcomponents_httpcore-4.4.13.jar at spark://bd05f2cbfffd:46319/jars/org.apache.httpcomponents_httpcore-4.4.13.jar with timestamp 1745938615849
[2025-04-29T14:56:56.846+0000] {spark_submit.py:490} INFO - 25/04/29 14:56:56 INFO SparkContext: Added JAR file:///home/airflow/.ivy2/jars/commons-logging_commons-logging-1.2.jar at spark://bd05f2cbfffd:46319/jars/commons-logging_commons-logging-1.2.jar with timestamp 1745938615849
[2025-04-29T14:56:56.846+0000] {spark_submit.py:490} INFO - 25/04/29 14:56:56 INFO SparkContext: Added JAR file:///home/airflow/.ivy2/jars/commons-codec_commons-codec-1.11.jar at spark://bd05f2cbfffd:46319/jars/commons-codec_commons-codec-1.11.jar with timestamp 1745938615849
[2025-04-29T14:56:56.848+0000] {spark_submit.py:490} INFO - 25/04/29 14:56:56 INFO SparkContext: Added file file:///home/airflow/.ivy2/jars/org.postgresql_postgresql-42.6.0.jar at spark://bd05f2cbfffd:46319/files/org.postgresql_postgresql-42.6.0.jar with timestamp 1745938615849
[2025-04-29T14:56:56.849+0000] {spark_submit.py:490} INFO - 25/04/29 14:56:56 INFO Utils: Copying /home/airflow/.ivy2/jars/org.postgresql_postgresql-42.6.0.jar to /tmp/spark-ada10b27-614b-40ea-be0d-c6ac1584e260/userFiles-c5ed74f9-5b68-49b7-8751-ee2a51e54363/org.postgresql_postgresql-42.6.0.jar
[2025-04-29T14:56:56.875+0000] {spark_submit.py:490} INFO - 25/04/29 14:56:56 INFO SparkContext: Added file file:///home/airflow/.ivy2/jars/ru.yandex.clickhouse_clickhouse-jdbc-0.3.2.jar at spark://bd05f2cbfffd:46319/files/ru.yandex.clickhouse_clickhouse-jdbc-0.3.2.jar with timestamp 1745938615849
[2025-04-29T14:56:56.875+0000] {spark_submit.py:490} INFO - 25/04/29 14:56:56 INFO Utils: Copying /home/airflow/.ivy2/jars/ru.yandex.clickhouse_clickhouse-jdbc-0.3.2.jar to /tmp/spark-ada10b27-614b-40ea-be0d-c6ac1584e260/userFiles-c5ed74f9-5b68-49b7-8751-ee2a51e54363/ru.yandex.clickhouse_clickhouse-jdbc-0.3.2.jar
[2025-04-29T14:56:56.878+0000] {spark_submit.py:490} INFO - 25/04/29 14:56:56 INFO SparkContext: Added file file:///home/airflow/.ivy2/jars/org.checkerframework_checker-qual-3.31.0.jar at spark://bd05f2cbfffd:46319/files/org.checkerframework_checker-qual-3.31.0.jar with timestamp 1745938615849
[2025-04-29T14:56:56.879+0000] {spark_submit.py:490} INFO - 25/04/29 14:56:56 INFO Utils: Copying /home/airflow/.ivy2/jars/org.checkerframework_checker-qual-3.31.0.jar to /tmp/spark-ada10b27-614b-40ea-be0d-c6ac1584e260/userFiles-c5ed74f9-5b68-49b7-8751-ee2a51e54363/org.checkerframework_checker-qual-3.31.0.jar
[2025-04-29T14:56:56.882+0000] {spark_submit.py:490} INFO - 25/04/29 14:56:56 INFO SparkContext: Added file file:///home/airflow/.ivy2/jars/com.clickhouse_clickhouse-http-client-0.3.2.jar at spark://bd05f2cbfffd:46319/files/com.clickhouse_clickhouse-http-client-0.3.2.jar with timestamp 1745938615849
[2025-04-29T14:56:56.882+0000] {spark_submit.py:490} INFO - 25/04/29 14:56:56 INFO Utils: Copying /home/airflow/.ivy2/jars/com.clickhouse_clickhouse-http-client-0.3.2.jar to /tmp/spark-ada10b27-614b-40ea-be0d-c6ac1584e260/userFiles-c5ed74f9-5b68-49b7-8751-ee2a51e54363/com.clickhouse_clickhouse-http-client-0.3.2.jar
[2025-04-29T14:56:56.885+0000] {spark_submit.py:490} INFO - 25/04/29 14:56:56 INFO SparkContext: Added file file:///home/airflow/.ivy2/jars/com.google.code.gson_gson-2.8.8.jar at spark://bd05f2cbfffd:46319/files/com.google.code.gson_gson-2.8.8.jar with timestamp 1745938615849
[2025-04-29T14:56:56.885+0000] {spark_submit.py:490} INFO - 25/04/29 14:56:56 INFO Utils: Copying /home/airflow/.ivy2/jars/com.google.code.gson_gson-2.8.8.jar to /tmp/spark-ada10b27-614b-40ea-be0d-c6ac1584e260/userFiles-c5ed74f9-5b68-49b7-8751-ee2a51e54363/com.google.code.gson_gson-2.8.8.jar
[2025-04-29T14:56:56.889+0000] {spark_submit.py:490} INFO - 25/04/29 14:56:56 INFO SparkContext: Added file file:///home/airflow/.ivy2/jars/org.apache.httpcomponents_httpclient-4.5.13.jar at spark://bd05f2cbfffd:46319/files/org.apache.httpcomponents_httpclient-4.5.13.jar with timestamp 1745938615849
[2025-04-29T14:56:56.890+0000] {spark_submit.py:490} INFO - 25/04/29 14:56:56 INFO Utils: Copying /home/airflow/.ivy2/jars/org.apache.httpcomponents_httpclient-4.5.13.jar to /tmp/spark-ada10b27-614b-40ea-be0d-c6ac1584e260/userFiles-c5ed74f9-5b68-49b7-8751-ee2a51e54363/org.apache.httpcomponents_httpclient-4.5.13.jar
[2025-04-29T14:56:56.894+0000] {spark_submit.py:490} INFO - 25/04/29 14:56:56 INFO SparkContext: Added file file:///home/airflow/.ivy2/jars/org.apache.httpcomponents_httpmime-4.5.13.jar at spark://bd05f2cbfffd:46319/files/org.apache.httpcomponents_httpmime-4.5.13.jar with timestamp 1745938615849
[2025-04-29T14:56:56.894+0000] {spark_submit.py:490} INFO - 25/04/29 14:56:56 INFO Utils: Copying /home/airflow/.ivy2/jars/org.apache.httpcomponents_httpmime-4.5.13.jar to /tmp/spark-ada10b27-614b-40ea-be0d-c6ac1584e260/userFiles-c5ed74f9-5b68-49b7-8751-ee2a51e54363/org.apache.httpcomponents_httpmime-4.5.13.jar
[2025-04-29T14:56:56.897+0000] {spark_submit.py:490} INFO - 25/04/29 14:56:56 INFO SparkContext: Added file file:///home/airflow/.ivy2/jars/org.lz4_lz4-java-1.8.0.jar at spark://bd05f2cbfffd:46319/files/org.lz4_lz4-java-1.8.0.jar with timestamp 1745938615849
[2025-04-29T14:56:56.897+0000] {spark_submit.py:490} INFO - 25/04/29 14:56:56 INFO Utils: Copying /home/airflow/.ivy2/jars/org.lz4_lz4-java-1.8.0.jar to /tmp/spark-ada10b27-614b-40ea-be0d-c6ac1584e260/userFiles-c5ed74f9-5b68-49b7-8751-ee2a51e54363/org.lz4_lz4-java-1.8.0.jar
[2025-04-29T14:56:56.901+0000] {spark_submit.py:490} INFO - 25/04/29 14:56:56 INFO SparkContext: Added file file:///home/airflow/.ivy2/jars/com.clickhouse_clickhouse-client-0.3.2.jar at spark://bd05f2cbfffd:46319/files/com.clickhouse_clickhouse-client-0.3.2.jar with timestamp 1745938615849
[2025-04-29T14:56:56.901+0000] {spark_submit.py:490} INFO - 25/04/29 14:56:56 INFO Utils: Copying /home/airflow/.ivy2/jars/com.clickhouse_clickhouse-client-0.3.2.jar to /tmp/spark-ada10b27-614b-40ea-be0d-c6ac1584e260/userFiles-c5ed74f9-5b68-49b7-8751-ee2a51e54363/com.clickhouse_clickhouse-client-0.3.2.jar
[2025-04-29T14:56:56.906+0000] {spark_submit.py:490} INFO - 25/04/29 14:56:56 INFO SparkContext: Added file file:///home/airflow/.ivy2/jars/org.apache.httpcomponents_httpcore-4.4.13.jar at spark://bd05f2cbfffd:46319/files/org.apache.httpcomponents_httpcore-4.4.13.jar with timestamp 1745938615849
[2025-04-29T14:56:56.907+0000] {spark_submit.py:490} INFO - 25/04/29 14:56:56 INFO Utils: Copying /home/airflow/.ivy2/jars/org.apache.httpcomponents_httpcore-4.4.13.jar to /tmp/spark-ada10b27-614b-40ea-be0d-c6ac1584e260/userFiles-c5ed74f9-5b68-49b7-8751-ee2a51e54363/org.apache.httpcomponents_httpcore-4.4.13.jar
[2025-04-29T14:56:56.911+0000] {spark_submit.py:490} INFO - 25/04/29 14:56:56 INFO SparkContext: Added file file:///home/airflow/.ivy2/jars/commons-logging_commons-logging-1.2.jar at spark://bd05f2cbfffd:46319/files/commons-logging_commons-logging-1.2.jar with timestamp 1745938615849
[2025-04-29T14:56:56.911+0000] {spark_submit.py:490} INFO - 25/04/29 14:56:56 INFO Utils: Copying /home/airflow/.ivy2/jars/commons-logging_commons-logging-1.2.jar to /tmp/spark-ada10b27-614b-40ea-be0d-c6ac1584e260/userFiles-c5ed74f9-5b68-49b7-8751-ee2a51e54363/commons-logging_commons-logging-1.2.jar
[2025-04-29T14:56:56.914+0000] {spark_submit.py:490} INFO - 25/04/29 14:56:56 INFO SparkContext: Added file file:///home/airflow/.ivy2/jars/commons-codec_commons-codec-1.11.jar at spark://bd05f2cbfffd:46319/files/commons-codec_commons-codec-1.11.jar with timestamp 1745938615849
[2025-04-29T14:56:56.914+0000] {spark_submit.py:490} INFO - 25/04/29 14:56:56 INFO Utils: Copying /home/airflow/.ivy2/jars/commons-codec_commons-codec-1.11.jar to /tmp/spark-ada10b27-614b-40ea-be0d-c6ac1584e260/userFiles-c5ed74f9-5b68-49b7-8751-ee2a51e54363/commons-codec_commons-codec-1.11.jar
[2025-04-29T14:56:56.986+0000] {spark_submit.py:490} INFO - 25/04/29 14:56:56 INFO StandaloneAppClient$ClientEndpoint: Connecting to master spark://spark-master:7077...
[2025-04-29T14:56:57.026+0000] {spark_submit.py:490} INFO - 25/04/29 14:56:57 INFO TransportClientFactory: Successfully created connection to spark-master/172.18.0.3:7077 after 24 ms (0 ms spent in bootstraps)
[2025-04-29T14:56:57.096+0000] {spark_submit.py:490} INFO - 25/04/29 14:56:57 INFO StandaloneSchedulerBackend: Connected to Spark cluster with app ID app-20250429145657-0005
[2025-04-29T14:56:57.098+0000] {spark_submit.py:490} INFO - 25/04/29 14:56:57 INFO StandaloneAppClient$ClientEndpoint: Executor added: app-20250429145657-0005/0 on worker-20250429121840-172.18.0.5-45227 (172.18.0.5:45227) with 1 core(s)
[2025-04-29T14:56:57.100+0000] {spark_submit.py:490} INFO - 25/04/29 14:56:57 INFO StandaloneSchedulerBackend: Granted executor ID app-20250429145657-0005/0 on hostPort 172.18.0.5:45227 with 1 core(s), 1024.0 MiB RAM
[2025-04-29T14:56:57.103+0000] {spark_submit.py:490} INFO - 25/04/29 14:56:57 INFO Utils: Successfully started service 'org.apache.spark.network.netty.NettyBlockTransferService' on port 36829.
[2025-04-29T14:56:57.103+0000] {spark_submit.py:490} INFO - 25/04/29 14:56:57 INFO NettyBlockTransferService: Server created on bd05f2cbfffd:36829
[2025-04-29T14:56:57.106+0000] {spark_submit.py:490} INFO - 25/04/29 14:56:57 INFO BlockManager: Using org.apache.spark.storage.RandomBlockReplicationPolicy for block replication policy
[2025-04-29T14:56:57.112+0000] {spark_submit.py:490} INFO - 25/04/29 14:56:57 INFO BlockManagerMaster: Registering BlockManager BlockManagerId(driver, bd05f2cbfffd, 36829, None)
[2025-04-29T14:56:57.115+0000] {spark_submit.py:490} INFO - 25/04/29 14:56:57 INFO BlockManagerMasterEndpoint: Registering block manager bd05f2cbfffd:36829 with 434.4 MiB RAM, BlockManagerId(driver, bd05f2cbfffd, 36829, None)
[2025-04-29T14:56:57.118+0000] {spark_submit.py:490} INFO - 25/04/29 14:56:57 INFO BlockManagerMaster: Registered BlockManager BlockManagerId(driver, bd05f2cbfffd, 36829, None)
[2025-04-29T14:56:57.119+0000] {spark_submit.py:490} INFO - 25/04/29 14:56:57 INFO BlockManager: Initialized BlockManager: BlockManagerId(driver, bd05f2cbfffd, 36829, None)
[2025-04-29T14:56:57.135+0000] {spark_submit.py:490} INFO - 25/04/29 14:56:57 INFO StandaloneAppClient$ClientEndpoint: Executor updated: app-20250429145657-0005/0 is now RUNNING
[2025-04-29T14:56:57.298+0000] {spark_submit.py:490} INFO - 25/04/29 14:56:57 INFO StandaloneSchedulerBackend: SchedulerBackend is ready for scheduling beginning after reached minRegisteredResourcesRatio: 0.0
[2025-04-29T14:56:57.506+0000] {spark_submit.py:490} INFO - INFO:__main__:SparkSession создан
[2025-04-29T14:56:57.513+0000] {spark_submit.py:490} INFO - 25/04/29 14:56:57 INFO SharedState: Setting hive.metastore.warehouse.dir ('null') to the value of spark.sql.warehouse.dir.
[2025-04-29T14:56:57.515+0000] {spark_submit.py:490} INFO - 25/04/29 14:56:57 INFO SharedState: Warehouse path is 'file:/opt/airflow/spark-warehouse'.
[2025-04-29T14:56:59.770+0000] {spark_submit.py:490} INFO - 25/04/29 14:56:59 INFO CoarseGrainedSchedulerBackend$DriverEndpoint: Registered executor NettyRpcEndpointRef(spark-client://Executor) (172.18.0.5:36782) with ID 0,  ResourceProfileId 0
[2025-04-29T14:56:59.858+0000] {spark_submit.py:490} INFO - 25/04/29 14:56:59 INFO BlockManagerMasterEndpoint: Registering block manager 172.18.0.5:41805 with 366.3 MiB RAM, BlockManagerId(0, 172.18.0.5, 41805, None)
[2025-04-29T14:57:00.882+0000] {spark_submit.py:490} INFO - 25/04/29 14:57:00 INFO CodeGenerator: Code generated in 104.602214 ms
[2025-04-29T14:57:00.957+0000] {spark_submit.py:490} INFO - 25/04/29 14:57:00 INFO DAGScheduler: Registering RDD 2 (count at NativeMethodAccessorImpl.java:0) as input to shuffle 0
[2025-04-29T14:57:00.962+0000] {spark_submit.py:490} INFO - 25/04/29 14:57:00 INFO DAGScheduler: Got map stage job 0 (count at NativeMethodAccessorImpl.java:0) with 1 output partitions
[2025-04-29T14:57:00.963+0000] {spark_submit.py:490} INFO - 25/04/29 14:57:00 INFO DAGScheduler: Final stage: ShuffleMapStage 0 (count at NativeMethodAccessorImpl.java:0)
[2025-04-29T14:57:00.963+0000] {spark_submit.py:490} INFO - 25/04/29 14:57:00 INFO DAGScheduler: Parents of final stage: List()
[2025-04-29T14:57:00.964+0000] {spark_submit.py:490} INFO - 25/04/29 14:57:00 INFO DAGScheduler: Missing parents: List()
[2025-04-29T14:57:00.967+0000] {spark_submit.py:490} INFO - 25/04/29 14:57:00 INFO DAGScheduler: Submitting ShuffleMapStage 0 (MapPartitionsRDD[2] at count at NativeMethodAccessorImpl.java:0), which has no missing parents
[2025-04-29T14:57:01.087+0000] {spark_submit.py:490} INFO - 25/04/29 14:57:01 INFO MemoryStore: Block broadcast_0 stored as values in memory (estimated size 13.3 KiB, free 434.4 MiB)
[2025-04-29T14:57:01.119+0000] {spark_submit.py:490} INFO - 25/04/29 14:57:01 INFO MemoryStore: Block broadcast_0_piece0 stored as bytes in memory (estimated size 7.0 KiB, free 434.4 MiB)
[2025-04-29T14:57:01.122+0000] {spark_submit.py:490} INFO - 25/04/29 14:57:01 INFO BlockManagerInfo: Added broadcast_0_piece0 in memory on bd05f2cbfffd:36829 (size: 7.0 KiB, free: 434.4 MiB)
[2025-04-29T14:57:01.127+0000] {spark_submit.py:490} INFO - 25/04/29 14:57:01 INFO SparkContext: Created broadcast 0 from broadcast at DAGScheduler.scala:1513
[2025-04-29T14:57:01.141+0000] {spark_submit.py:490} INFO - 25/04/29 14:57:01 INFO DAGScheduler: Submitting 1 missing tasks from ShuffleMapStage 0 (MapPartitionsRDD[2] at count at NativeMethodAccessorImpl.java:0) (first 15 tasks are for partitions Vector(0))
[2025-04-29T14:57:01.143+0000] {spark_submit.py:490} INFO - 25/04/29 14:57:01 INFO TaskSchedulerImpl: Adding task set 0.0 with 1 tasks resource profile 0
[2025-04-29T14:57:01.172+0000] {spark_submit.py:490} INFO - 25/04/29 14:57:01 INFO TaskSetManager: Starting task 0.0 in stage 0.0 (TID 0) (172.18.0.5, executor 0, partition 0, PROCESS_LOCAL, 4292 bytes) taskResourceAssignments Map()
[2025-04-29T14:57:01.390+0000] {spark_submit.py:490} INFO - 25/04/29 14:57:01 INFO BlockManagerInfo: Added broadcast_0_piece0 in memory on 172.18.0.5:41805 (size: 7.0 KiB, free: 366.3 MiB)
[2025-04-29T14:57:02.224+0000] {spark_submit.py:490} INFO - 25/04/29 14:57:02 INFO TaskSetManager: Finished task 0.0 in stage 0.0 (TID 0) in 1061 ms on 172.18.0.5 (executor 0) (1/1)
[2025-04-29T14:57:02.227+0000] {spark_submit.py:490} INFO - 25/04/29 14:57:02 INFO TaskSchedulerImpl: Removed TaskSet 0.0, whose tasks have all completed, from pool
[2025-04-29T14:57:02.234+0000] {spark_submit.py:490} INFO - 25/04/29 14:57:02 INFO DAGScheduler: ShuffleMapStage 0 (count at NativeMethodAccessorImpl.java:0) finished in 1.255 s
[2025-04-29T14:57:02.234+0000] {spark_submit.py:490} INFO - 25/04/29 14:57:02 INFO DAGScheduler: looking for newly runnable stages
[2025-04-29T14:57:02.234+0000] {spark_submit.py:490} INFO - 25/04/29 14:57:02 INFO DAGScheduler: running: Set()
[2025-04-29T14:57:02.235+0000] {spark_submit.py:490} INFO - 25/04/29 14:57:02 INFO DAGScheduler: waiting: Set()
[2025-04-29T14:57:02.235+0000] {spark_submit.py:490} INFO - 25/04/29 14:57:02 INFO DAGScheduler: failed: Set()
[2025-04-29T14:57:02.279+0000] {spark_submit.py:490} INFO - 25/04/29 14:57:02 INFO CodeGenerator: Code generated in 13.559107 ms
[2025-04-29T14:57:02.323+0000] {spark_submit.py:490} INFO - 25/04/29 14:57:02 INFO SparkContext: Starting job: count at NativeMethodAccessorImpl.java:0
[2025-04-29T14:57:02.329+0000] {spark_submit.py:490} INFO - 25/04/29 14:57:02 INFO DAGScheduler: Got job 1 (count at NativeMethodAccessorImpl.java:0) with 1 output partitions
[2025-04-29T14:57:02.330+0000] {spark_submit.py:490} INFO - 25/04/29 14:57:02 INFO DAGScheduler: Final stage: ResultStage 2 (count at NativeMethodAccessorImpl.java:0)
[2025-04-29T14:57:02.331+0000] {spark_submit.py:490} INFO - 25/04/29 14:57:02 INFO DAGScheduler: Parents of final stage: List(ShuffleMapStage 1)
[2025-04-29T14:57:02.332+0000] {spark_submit.py:490} INFO - 25/04/29 14:57:02 INFO DAGScheduler: Missing parents: List()
[2025-04-29T14:57:02.334+0000] {spark_submit.py:490} INFO - 25/04/29 14:57:02 INFO DAGScheduler: Submitting ResultStage 2 (MapPartitionsRDD[5] at count at NativeMethodAccessorImpl.java:0), which has no missing parents
[2025-04-29T14:57:02.346+0000] {spark_submit.py:490} INFO - 25/04/29 14:57:02 INFO MemoryStore: Block broadcast_1 stored as values in memory (estimated size 11.1 KiB, free 434.4 MiB)
[2025-04-29T14:57:02.349+0000] {spark_submit.py:490} INFO - 25/04/29 14:57:02 INFO MemoryStore: Block broadcast_1_piece0 stored as bytes in memory (estimated size 5.5 KiB, free 434.4 MiB)
[2025-04-29T14:57:02.350+0000] {spark_submit.py:490} INFO - 25/04/29 14:57:02 INFO BlockManagerInfo: Added broadcast_1_piece0 in memory on bd05f2cbfffd:36829 (size: 5.5 KiB, free: 434.4 MiB)
[2025-04-29T14:57:02.351+0000] {spark_submit.py:490} INFO - 25/04/29 14:57:02 INFO SparkContext: Created broadcast 1 from broadcast at DAGScheduler.scala:1513
[2025-04-29T14:57:02.354+0000] {spark_submit.py:490} INFO - 25/04/29 14:57:02 INFO DAGScheduler: Submitting 1 missing tasks from ResultStage 2 (MapPartitionsRDD[5] at count at NativeMethodAccessorImpl.java:0) (first 15 tasks are for partitions Vector(0))
[2025-04-29T14:57:02.354+0000] {spark_submit.py:490} INFO - 25/04/29 14:57:02 INFO TaskSchedulerImpl: Adding task set 2.0 with 1 tasks resource profile 0
[2025-04-29T14:57:02.362+0000] {spark_submit.py:490} INFO - 25/04/29 14:57:02 INFO TaskSetManager: Starting task 0.0 in stage 2.0 (TID 1) (172.18.0.5, executor 0, partition 0, NODE_LOCAL, 4457 bytes) taskResourceAssignments Map()
[2025-04-29T14:57:02.382+0000] {spark_submit.py:490} INFO - 25/04/29 14:57:02 INFO BlockManagerInfo: Added broadcast_1_piece0 in memory on 172.18.0.5:41805 (size: 5.5 KiB, free: 366.3 MiB)
[2025-04-29T14:57:02.500+0000] {spark_submit.py:490} INFO - 25/04/29 14:57:02 INFO MapOutputTrackerMasterEndpoint: Asked to send map output locations for shuffle 0 to 172.18.0.5:36782
[2025-04-29T14:57:02.667+0000] {spark_submit.py:490} INFO - 25/04/29 14:57:02 INFO TaskSetManager: Finished task 0.0 in stage 2.0 (TID 1) in 307 ms on 172.18.0.5 (executor 0) (1/1)
[2025-04-29T14:57:02.667+0000] {spark_submit.py:490} INFO - 25/04/29 14:57:02 INFO TaskSchedulerImpl: Removed TaskSet 2.0, whose tasks have all completed, from pool
[2025-04-29T14:57:02.668+0000] {spark_submit.py:490} INFO - 25/04/29 14:57:02 INFO DAGScheduler: ResultStage 2 (count at NativeMethodAccessorImpl.java:0) finished in 0.325 s
[2025-04-29T14:57:02.669+0000] {spark_submit.py:490} INFO - 25/04/29 14:57:02 INFO DAGScheduler: Job 1 is finished. Cancelling potential speculative or zombie tasks for this job
[2025-04-29T14:57:02.669+0000] {spark_submit.py:490} INFO - 25/04/29 14:57:02 INFO TaskSchedulerImpl: Killing all running tasks in stage 2: Stage finished
[2025-04-29T14:57:02.670+0000] {spark_submit.py:490} INFO - 25/04/29 14:57:02 INFO DAGScheduler: Job 1 finished: count at NativeMethodAccessorImpl.java:0, took 0.347852 s
[2025-04-29T14:57:02.677+0000] {spark_submit.py:490} INFO - INFO:__main__:Таблица raw.masked_transactions загружена, записей: 1000
[2025-04-29T14:57:02.745+0000] {spark_submit.py:490} INFO - 25/04/29 14:57:02 INFO BlockManagerInfo: Removed broadcast_1_piece0 on bd05f2cbfffd:36829 in memory (size: 5.5 KiB, free: 434.4 MiB)
[2025-04-29T14:57:02.753+0000] {spark_submit.py:490} INFO - 25/04/29 14:57:02 INFO BlockManagerInfo: Removed broadcast_1_piece0 on 172.18.0.5:41805 in memory (size: 5.5 KiB, free: 366.3 MiB)
[2025-04-29T14:57:02.761+0000] {spark_submit.py:490} INFO - 25/04/29 14:57:02 INFO BlockManagerInfo: Removed broadcast_0_piece0 on bd05f2cbfffd:36829 in memory (size: 7.0 KiB, free: 434.4 MiB)
[2025-04-29T14:57:02.764+0000] {spark_submit.py:490} INFO - 25/04/29 14:57:02 INFO BlockManagerInfo: Removed broadcast_0_piece0 on 172.18.0.5:41805 in memory (size: 7.0 KiB, free: 366.3 MiB)
[2025-04-29T14:57:02.836+0000] {spark_submit.py:490} INFO - 25/04/29 14:57:02 INFO DAGScheduler: Registering RDD 8 (count at NativeMethodAccessorImpl.java:0) as input to shuffle 1
[2025-04-29T14:57:02.837+0000] {spark_submit.py:490} INFO - 25/04/29 14:57:02 INFO DAGScheduler: Got map stage job 2 (count at NativeMethodAccessorImpl.java:0) with 1 output partitions
[2025-04-29T14:57:02.837+0000] {spark_submit.py:490} INFO - 25/04/29 14:57:02 INFO DAGScheduler: Final stage: ShuffleMapStage 3 (count at NativeMethodAccessorImpl.java:0)
[2025-04-29T14:57:02.837+0000] {spark_submit.py:490} INFO - 25/04/29 14:57:02 INFO DAGScheduler: Parents of final stage: List()
[2025-04-29T14:57:02.837+0000] {spark_submit.py:490} INFO - 25/04/29 14:57:02 INFO DAGScheduler: Missing parents: List()
[2025-04-29T14:57:02.838+0000] {spark_submit.py:490} INFO - 25/04/29 14:57:02 INFO DAGScheduler: Submitting ShuffleMapStage 3 (MapPartitionsRDD[8] at count at NativeMethodAccessorImpl.java:0), which has no missing parents
[2025-04-29T14:57:02.840+0000] {spark_submit.py:490} INFO - 25/04/29 14:57:02 INFO MemoryStore: Block broadcast_2 stored as values in memory (estimated size 13.4 KiB, free 434.4 MiB)
[2025-04-29T14:57:02.841+0000] {spark_submit.py:490} INFO - 25/04/29 14:57:02 INFO MemoryStore: Block broadcast_2_piece0 stored as bytes in memory (estimated size 7.0 KiB, free 434.4 MiB)
[2025-04-29T14:57:02.842+0000] {spark_submit.py:490} INFO - 25/04/29 14:57:02 INFO BlockManagerInfo: Added broadcast_2_piece0 in memory on bd05f2cbfffd:36829 (size: 7.0 KiB, free: 434.4 MiB)
[2025-04-29T14:57:02.842+0000] {spark_submit.py:490} INFO - 25/04/29 14:57:02 INFO SparkContext: Created broadcast 2 from broadcast at DAGScheduler.scala:1513
[2025-04-29T14:57:02.843+0000] {spark_submit.py:490} INFO - 25/04/29 14:57:02 INFO DAGScheduler: Submitting 1 missing tasks from ShuffleMapStage 3 (MapPartitionsRDD[8] at count at NativeMethodAccessorImpl.java:0) (first 15 tasks are for partitions Vector(0))
[2025-04-29T14:57:02.843+0000] {spark_submit.py:490} INFO - 25/04/29 14:57:02 INFO TaskSchedulerImpl: Adding task set 3.0 with 1 tasks resource profile 0
[2025-04-29T14:57:02.844+0000] {spark_submit.py:490} INFO - 25/04/29 14:57:02 INFO TaskSetManager: Starting task 0.0 in stage 3.0 (TID 2) (172.18.0.5, executor 0, partition 0, PROCESS_LOCAL, 4292 bytes) taskResourceAssignments Map()
[2025-04-29T14:57:02.857+0000] {spark_submit.py:490} INFO - 25/04/29 14:57:02 INFO BlockManagerInfo: Added broadcast_2_piece0 in memory on 172.18.0.5:41805 (size: 7.0 KiB, free: 366.3 MiB)
[2025-04-29T14:57:02.890+0000] {spark_submit.py:490} INFO - 25/04/29 14:57:02 INFO TaskSetManager: Finished task 0.0 in stage 3.0 (TID 2) in 45 ms on 172.18.0.5 (executor 0) (1/1)
[2025-04-29T14:57:02.890+0000] {spark_submit.py:490} INFO - 25/04/29 14:57:02 INFO TaskSchedulerImpl: Removed TaskSet 3.0, whose tasks have all completed, from pool
[2025-04-29T14:57:02.892+0000] {spark_submit.py:490} INFO - 25/04/29 14:57:02 INFO DAGScheduler: ShuffleMapStage 3 (count at NativeMethodAccessorImpl.java:0) finished in 0.052 s
[2025-04-29T14:57:02.892+0000] {spark_submit.py:490} INFO - 25/04/29 14:57:02 INFO DAGScheduler: looking for newly runnable stages
[2025-04-29T14:57:02.893+0000] {spark_submit.py:490} INFO - 25/04/29 14:57:02 INFO DAGScheduler: running: Set()
[2025-04-29T14:57:02.893+0000] {spark_submit.py:490} INFO - 25/04/29 14:57:02 INFO DAGScheduler: waiting: Set()
[2025-04-29T14:57:02.893+0000] {spark_submit.py:490} INFO - 25/04/29 14:57:02 INFO DAGScheduler: failed: Set()
[2025-04-29T14:57:02.917+0000] {spark_submit.py:490} INFO - 25/04/29 14:57:02 INFO SparkContext: Starting job: count at NativeMethodAccessorImpl.java:0
[2025-04-29T14:57:02.918+0000] {spark_submit.py:490} INFO - 25/04/29 14:57:02 INFO DAGScheduler: Got job 3 (count at NativeMethodAccessorImpl.java:0) with 1 output partitions
[2025-04-29T14:57:02.919+0000] {spark_submit.py:490} INFO - 25/04/29 14:57:02 INFO DAGScheduler: Final stage: ResultStage 5 (count at NativeMethodAccessorImpl.java:0)
[2025-04-29T14:57:02.919+0000] {spark_submit.py:490} INFO - 25/04/29 14:57:02 INFO DAGScheduler: Parents of final stage: List(ShuffleMapStage 4)
[2025-04-29T14:57:02.919+0000] {spark_submit.py:490} INFO - 25/04/29 14:57:02 INFO DAGScheduler: Missing parents: List()
[2025-04-29T14:57:02.920+0000] {spark_submit.py:490} INFO - 25/04/29 14:57:02 INFO DAGScheduler: Submitting ResultStage 5 (MapPartitionsRDD[11] at count at NativeMethodAccessorImpl.java:0), which has no missing parents
[2025-04-29T14:57:02.922+0000] {spark_submit.py:490} INFO - 25/04/29 14:57:02 INFO MemoryStore: Block broadcast_3 stored as values in memory (estimated size 11.1 KiB, free 434.4 MiB)
[2025-04-29T14:57:02.924+0000] {spark_submit.py:490} INFO - 25/04/29 14:57:02 INFO MemoryStore: Block broadcast_3_piece0 stored as bytes in memory (estimated size 5.5 KiB, free 434.4 MiB)
[2025-04-29T14:57:02.924+0000] {spark_submit.py:490} INFO - 25/04/29 14:57:02 INFO BlockManagerInfo: Added broadcast_3_piece0 in memory on bd05f2cbfffd:36829 (size: 5.5 KiB, free: 434.4 MiB)
[2025-04-29T14:57:02.925+0000] {spark_submit.py:490} INFO - 25/04/29 14:57:02 INFO SparkContext: Created broadcast 3 from broadcast at DAGScheduler.scala:1513
[2025-04-29T14:57:02.925+0000] {spark_submit.py:490} INFO - 25/04/29 14:57:02 INFO DAGScheduler: Submitting 1 missing tasks from ResultStage 5 (MapPartitionsRDD[11] at count at NativeMethodAccessorImpl.java:0) (first 15 tasks are for partitions Vector(0))
[2025-04-29T14:57:02.926+0000] {spark_submit.py:490} INFO - 25/04/29 14:57:02 INFO TaskSchedulerImpl: Adding task set 5.0 with 1 tasks resource profile 0
[2025-04-29T14:57:02.927+0000] {spark_submit.py:490} INFO - 25/04/29 14:57:02 INFO TaskSetManager: Starting task 0.0 in stage 5.0 (TID 3) (172.18.0.5, executor 0, partition 0, NODE_LOCAL, 4457 bytes) taskResourceAssignments Map()
[2025-04-29T14:57:02.953+0000] {spark_submit.py:490} INFO - 25/04/29 14:57:02 INFO BlockManagerInfo: Added broadcast_3_piece0 in memory on 172.18.0.5:41805 (size: 5.5 KiB, free: 366.3 MiB)
[2025-04-29T14:57:02.962+0000] {spark_submit.py:490} INFO - 25/04/29 14:57:02 INFO MapOutputTrackerMasterEndpoint: Asked to send map output locations for shuffle 1 to 172.18.0.5:36782
[2025-04-29T14:57:02.975+0000] {spark_submit.py:490} INFO - 25/04/29 14:57:02 INFO TaskSetManager: Finished task 0.0 in stage 5.0 (TID 3) in 47 ms on 172.18.0.5 (executor 0) (1/1)
[2025-04-29T14:57:02.975+0000] {spark_submit.py:490} INFO - 25/04/29 14:57:02 INFO TaskSchedulerImpl: Removed TaskSet 5.0, whose tasks have all completed, from pool
[2025-04-29T14:57:02.976+0000] {spark_submit.py:490} INFO - 25/04/29 14:57:02 INFO DAGScheduler: ResultStage 5 (count at NativeMethodAccessorImpl.java:0) finished in 0.056 s
[2025-04-29T14:57:02.977+0000] {spark_submit.py:490} INFO - 25/04/29 14:57:02 INFO DAGScheduler: Job 3 is finished. Cancelling potential speculative or zombie tasks for this job
[2025-04-29T14:57:02.977+0000] {spark_submit.py:490} INFO - 25/04/29 14:57:02 INFO TaskSchedulerImpl: Killing all running tasks in stage 5: Stage finished
[2025-04-29T14:57:02.977+0000] {spark_submit.py:490} INFO - 25/04/29 14:57:02 INFO DAGScheduler: Job 3 finished: count at NativeMethodAccessorImpl.java:0, took 0.059251 s
[2025-04-29T14:57:02.978+0000] {spark_submit.py:490} INFO - INFO:__main__:Правило large_tx отработано, записей: 371
[2025-04-29T14:57:03.168+0000] {spark_submit.py:490} INFO - 25/04/29 14:57:03 INFO CodeGenerator: Code generated in 13.63744 ms
[2025-04-29T14:57:03.171+0000] {spark_submit.py:490} INFO - 25/04/29 14:57:03 INFO DAGScheduler: Registering RDD 14 (count at NativeMethodAccessorImpl.java:0) as input to shuffle 2
[2025-04-29T14:57:03.172+0000] {spark_submit.py:490} INFO - 25/04/29 14:57:03 INFO DAGScheduler: Got map stage job 4 (count at NativeMethodAccessorImpl.java:0) with 1 output partitions
[2025-04-29T14:57:03.172+0000] {spark_submit.py:490} INFO - 25/04/29 14:57:03 INFO DAGScheduler: Final stage: ShuffleMapStage 6 (count at NativeMethodAccessorImpl.java:0)
[2025-04-29T14:57:03.172+0000] {spark_submit.py:490} INFO - 25/04/29 14:57:03 INFO DAGScheduler: Parents of final stage: List()
[2025-04-29T14:57:03.172+0000] {spark_submit.py:490} INFO - 25/04/29 14:57:03 INFO DAGScheduler: Missing parents: List()
[2025-04-29T14:57:03.172+0000] {spark_submit.py:490} INFO - 25/04/29 14:57:03 INFO DAGScheduler: Submitting ShuffleMapStage 6 (MapPartitionsRDD[14] at count at NativeMethodAccessorImpl.java:0), which has no missing parents
[2025-04-29T14:57:03.178+0000] {spark_submit.py:490} INFO - 25/04/29 14:57:03 INFO MemoryStore: Block broadcast_4 stored as values in memory (estimated size 14.0 KiB, free 434.4 MiB)
[2025-04-29T14:57:03.180+0000] {spark_submit.py:490} INFO - 25/04/29 14:57:03 INFO MemoryStore: Block broadcast_4_piece0 stored as bytes in memory (estimated size 7.3 KiB, free 434.3 MiB)
[2025-04-29T14:57:03.181+0000] {spark_submit.py:490} INFO - 25/04/29 14:57:03 INFO BlockManagerInfo: Added broadcast_4_piece0 in memory on bd05f2cbfffd:36829 (size: 7.3 KiB, free: 434.4 MiB)
[2025-04-29T14:57:03.182+0000] {spark_submit.py:490} INFO - 25/04/29 14:57:03 INFO SparkContext: Created broadcast 4 from broadcast at DAGScheduler.scala:1513
[2025-04-29T14:57:03.182+0000] {spark_submit.py:490} INFO - 25/04/29 14:57:03 INFO DAGScheduler: Submitting 1 missing tasks from ShuffleMapStage 6 (MapPartitionsRDD[14] at count at NativeMethodAccessorImpl.java:0) (first 15 tasks are for partitions Vector(0))
[2025-04-29T14:57:03.182+0000] {spark_submit.py:490} INFO - 25/04/29 14:57:03 INFO TaskSchedulerImpl: Adding task set 6.0 with 1 tasks resource profile 0
[2025-04-29T14:57:03.184+0000] {spark_submit.py:490} INFO - 25/04/29 14:57:03 INFO TaskSetManager: Starting task 0.0 in stage 6.0 (TID 4) (172.18.0.5, executor 0, partition 0, PROCESS_LOCAL, 4292 bytes) taskResourceAssignments Map()
[2025-04-29T14:57:03.197+0000] {spark_submit.py:490} INFO - 25/04/29 14:57:03 INFO BlockManagerInfo: Added broadcast_4_piece0 in memory on 172.18.0.5:41805 (size: 7.3 KiB, free: 366.3 MiB)
[2025-04-29T14:57:03.617+0000] {spark_submit.py:490} INFO - 25/04/29 14:57:03 INFO TaskSetManager: Finished task 0.0 in stage 6.0 (TID 4) in 433 ms on 172.18.0.5 (executor 0) (1/1)
[2025-04-29T14:57:03.617+0000] {spark_submit.py:490} INFO - 25/04/29 14:57:03 INFO TaskSchedulerImpl: Removed TaskSet 6.0, whose tasks have all completed, from pool
[2025-04-29T14:57:03.617+0000] {spark_submit.py:490} INFO - 25/04/29 14:57:03 INFO DAGScheduler: ShuffleMapStage 6 (count at NativeMethodAccessorImpl.java:0) finished in 0.444 s
[2025-04-29T14:57:03.617+0000] {spark_submit.py:490} INFO - 25/04/29 14:57:03 INFO DAGScheduler: looking for newly runnable stages
[2025-04-29T14:57:03.617+0000] {spark_submit.py:490} INFO - 25/04/29 14:57:03 INFO DAGScheduler: running: Set()
[2025-04-29T14:57:03.617+0000] {spark_submit.py:490} INFO - 25/04/29 14:57:03 INFO DAGScheduler: waiting: Set()
[2025-04-29T14:57:03.618+0000] {spark_submit.py:490} INFO - 25/04/29 14:57:03 INFO DAGScheduler: failed: Set()
[2025-04-29T14:57:03.637+0000] {spark_submit.py:490} INFO - 25/04/29 14:57:03 INFO BlockManagerInfo: Removed broadcast_3_piece0 on bd05f2cbfffd:36829 in memory (size: 5.5 KiB, free: 434.4 MiB)
[2025-04-29T14:57:03.642+0000] {spark_submit.py:490} INFO - 25/04/29 14:57:03 INFO ShufflePartitionsUtil: For shuffle(2), advisory target size: 67108864, actual target size 1048576, minimum partition size: 1048576
[2025-04-29T14:57:03.643+0000] {spark_submit.py:490} INFO - 25/04/29 14:57:03 INFO BlockManagerInfo: Removed broadcast_3_piece0 on 172.18.0.5:41805 in memory (size: 5.5 KiB, free: 366.3 MiB)
[2025-04-29T14:57:03.649+0000] {spark_submit.py:490} INFO - 25/04/29 14:57:03 INFO BlockManagerInfo: Removed broadcast_2_piece0 on bd05f2cbfffd:36829 in memory (size: 7.0 KiB, free: 434.4 MiB)
[2025-04-29T14:57:03.658+0000] {spark_submit.py:490} INFO - 25/04/29 14:57:03 INFO BlockManagerInfo: Removed broadcast_2_piece0 on 172.18.0.5:41805 in memory (size: 7.0 KiB, free: 366.3 MiB)
[2025-04-29T14:57:03.667+0000] {spark_submit.py:490} INFO - 25/04/29 14:57:03 INFO BlockManagerInfo: Removed broadcast_4_piece0 on bd05f2cbfffd:36829 in memory (size: 7.3 KiB, free: 434.4 MiB)
[2025-04-29T14:57:03.671+0000] {spark_submit.py:490} INFO - 25/04/29 14:57:03 INFO BlockManagerInfo: Removed broadcast_4_piece0 on 172.18.0.5:41805 in memory (size: 7.3 KiB, free: 366.3 MiB)
[2025-04-29T14:57:03.691+0000] {spark_submit.py:490} INFO - 25/04/29 14:57:03 INFO CodeGenerator: Code generated in 10.606086 ms
[2025-04-29T14:57:03.712+0000] {spark_submit.py:490} INFO - 25/04/29 14:57:03 INFO CodeGenerator: Code generated in 13.819123 ms
[2025-04-29T14:57:03.753+0000] {spark_submit.py:490} INFO - 25/04/29 14:57:03 INFO DAGScheduler: Registering RDD 19 (count at NativeMethodAccessorImpl.java:0) as input to shuffle 3
[2025-04-29T14:57:03.754+0000] {spark_submit.py:490} INFO - 25/04/29 14:57:03 INFO DAGScheduler: Got map stage job 5 (count at NativeMethodAccessorImpl.java:0) with 1 output partitions
[2025-04-29T14:57:03.754+0000] {spark_submit.py:490} INFO - 25/04/29 14:57:03 INFO DAGScheduler: Final stage: ShuffleMapStage 8 (count at NativeMethodAccessorImpl.java:0)
[2025-04-29T14:57:03.754+0000] {spark_submit.py:490} INFO - 25/04/29 14:57:03 INFO DAGScheduler: Parents of final stage: List(ShuffleMapStage 7)
[2025-04-29T14:57:03.754+0000] {spark_submit.py:490} INFO - 25/04/29 14:57:03 INFO DAGScheduler: Missing parents: List()
[2025-04-29T14:57:03.754+0000] {spark_submit.py:490} INFO - 25/04/29 14:57:03 INFO DAGScheduler: Submitting ShuffleMapStage 8 (MapPartitionsRDD[19] at count at NativeMethodAccessorImpl.java:0), which has no missing parents
[2025-04-29T14:57:03.762+0000] {spark_submit.py:490} INFO - 25/04/29 14:57:03 INFO MemoryStore: Block broadcast_5 stored as values in memory (estimated size 34.6 KiB, free 434.4 MiB)
[2025-04-29T14:57:03.763+0000] {spark_submit.py:490} INFO - 25/04/29 14:57:03 INFO MemoryStore: Block broadcast_5_piece0 stored as bytes in memory (estimated size 16.6 KiB, free 434.3 MiB)
[2025-04-29T14:57:03.764+0000] {spark_submit.py:490} INFO - 25/04/29 14:57:03 INFO BlockManagerInfo: Added broadcast_5_piece0 in memory on bd05f2cbfffd:36829 (size: 16.6 KiB, free: 434.4 MiB)
[2025-04-29T14:57:03.764+0000] {spark_submit.py:490} INFO - 25/04/29 14:57:03 INFO SparkContext: Created broadcast 5 from broadcast at DAGScheduler.scala:1513
[2025-04-29T14:57:03.765+0000] {spark_submit.py:490} INFO - 25/04/29 14:57:03 INFO DAGScheduler: Submitting 1 missing tasks from ShuffleMapStage 8 (MapPartitionsRDD[19] at count at NativeMethodAccessorImpl.java:0) (first 15 tasks are for partitions Vector(0))
[2025-04-29T14:57:03.765+0000] {spark_submit.py:490} INFO - 25/04/29 14:57:03 INFO TaskSchedulerImpl: Adding task set 8.0 with 1 tasks resource profile 0
[2025-04-29T14:57:03.766+0000] {spark_submit.py:490} INFO - 25/04/29 14:57:03 INFO TaskSetManager: Starting task 0.0 in stage 8.0 (TID 5) (172.18.0.5, executor 0, partition 0, NODE_LOCAL, 4446 bytes) taskResourceAssignments Map()
[2025-04-29T14:57:03.778+0000] {spark_submit.py:490} INFO - 25/04/29 14:57:03 INFO BlockManagerInfo: Added broadcast_5_piece0 in memory on 172.18.0.5:41805 (size: 16.6 KiB, free: 366.3 MiB)
[2025-04-29T14:57:03.874+0000] {spark_submit.py:490} INFO - 25/04/29 14:57:03 INFO MapOutputTrackerMasterEndpoint: Asked to send map output locations for shuffle 2 to 172.18.0.5:36782
[2025-04-29T14:57:04.209+0000] {spark_submit.py:490} INFO - 25/04/29 14:57:04 INFO TaskSetManager: Finished task 0.0 in stage 8.0 (TID 5) in 444 ms on 172.18.0.5 (executor 0) (1/1)
[2025-04-29T14:57:04.210+0000] {spark_submit.py:490} INFO - 25/04/29 14:57:04 INFO TaskSchedulerImpl: Removed TaskSet 8.0, whose tasks have all completed, from pool
[2025-04-29T14:57:04.210+0000] {spark_submit.py:490} INFO - 25/04/29 14:57:04 INFO DAGScheduler: ShuffleMapStage 8 (count at NativeMethodAccessorImpl.java:0) finished in 0.451 s
[2025-04-29T14:57:04.211+0000] {spark_submit.py:490} INFO - 25/04/29 14:57:04 INFO DAGScheduler: looking for newly runnable stages
[2025-04-29T14:57:04.211+0000] {spark_submit.py:490} INFO - 25/04/29 14:57:04 INFO DAGScheduler: running: Set()
[2025-04-29T14:57:04.211+0000] {spark_submit.py:490} INFO - 25/04/29 14:57:04 INFO DAGScheduler: waiting: Set()
[2025-04-29T14:57:04.211+0000] {spark_submit.py:490} INFO - 25/04/29 14:57:04 INFO DAGScheduler: failed: Set()
[2025-04-29T14:57:04.230+0000] {spark_submit.py:490} INFO - 25/04/29 14:57:04 INFO CodeGenerator: Code generated in 10.424886 ms
[2025-04-29T14:57:04.245+0000] {spark_submit.py:490} INFO - 25/04/29 14:57:04 INFO SparkContext: Starting job: count at NativeMethodAccessorImpl.java:0
[2025-04-29T14:57:04.246+0000] {spark_submit.py:490} INFO - 25/04/29 14:57:04 INFO DAGScheduler: Got job 6 (count at NativeMethodAccessorImpl.java:0) with 1 output partitions
[2025-04-29T14:57:04.246+0000] {spark_submit.py:490} INFO - 25/04/29 14:57:04 INFO DAGScheduler: Final stage: ResultStage 11 (count at NativeMethodAccessorImpl.java:0)
[2025-04-29T14:57:04.246+0000] {spark_submit.py:490} INFO - 25/04/29 14:57:04 INFO DAGScheduler: Parents of final stage: List(ShuffleMapStage 10)
[2025-04-29T14:57:04.246+0000] {spark_submit.py:490} INFO - 25/04/29 14:57:04 INFO DAGScheduler: Missing parents: List()
[2025-04-29T14:57:04.247+0000] {spark_submit.py:490} INFO - 25/04/29 14:57:04 INFO DAGScheduler: Submitting ResultStage 11 (MapPartitionsRDD[22] at count at NativeMethodAccessorImpl.java:0), which has no missing parents
[2025-04-29T14:57:04.249+0000] {spark_submit.py:490} INFO - 25/04/29 14:57:04 INFO MemoryStore: Block broadcast_6 stored as values in memory (estimated size 11.1 KiB, free 434.3 MiB)
[2025-04-29T14:57:04.250+0000] {spark_submit.py:490} INFO - 25/04/29 14:57:04 INFO MemoryStore: Block broadcast_6_piece0 stored as bytes in memory (estimated size 5.5 KiB, free 434.3 MiB)
[2025-04-29T14:57:04.251+0000] {spark_submit.py:490} INFO - 25/04/29 14:57:04 INFO BlockManagerInfo: Added broadcast_6_piece0 in memory on bd05f2cbfffd:36829 (size: 5.5 KiB, free: 434.4 MiB)
[2025-04-29T14:57:04.251+0000] {spark_submit.py:490} INFO - 25/04/29 14:57:04 INFO SparkContext: Created broadcast 6 from broadcast at DAGScheduler.scala:1513
[2025-04-29T14:57:04.252+0000] {spark_submit.py:490} INFO - 25/04/29 14:57:04 INFO DAGScheduler: Submitting 1 missing tasks from ResultStage 11 (MapPartitionsRDD[22] at count at NativeMethodAccessorImpl.java:0) (first 15 tasks are for partitions Vector(0))
[2025-04-29T14:57:04.252+0000] {spark_submit.py:490} INFO - 25/04/29 14:57:04 INFO TaskSchedulerImpl: Adding task set 11.0 with 1 tasks resource profile 0
[2025-04-29T14:57:04.254+0000] {spark_submit.py:490} INFO - 25/04/29 14:57:04 INFO TaskSetManager: Starting task 0.0 in stage 11.0 (TID 6) (172.18.0.5, executor 0, partition 0, NODE_LOCAL, 4457 bytes) taskResourceAssignments Map()
[2025-04-29T14:57:04.266+0000] {spark_submit.py:490} INFO - 25/04/29 14:57:04 INFO BlockManagerInfo: Added broadcast_6_piece0 in memory on 172.18.0.5:41805 (size: 5.5 KiB, free: 366.3 MiB)
[2025-04-29T14:57:04.273+0000] {spark_submit.py:490} INFO - 25/04/29 14:57:04 INFO MapOutputTrackerMasterEndpoint: Asked to send map output locations for shuffle 3 to 172.18.0.5:36782
[2025-04-29T14:57:04.288+0000] {spark_submit.py:490} INFO - 25/04/29 14:57:04 INFO TaskSetManager: Finished task 0.0 in stage 11.0 (TID 6) in 34 ms on 172.18.0.5 (executor 0) (1/1)
[2025-04-29T14:57:04.289+0000] {spark_submit.py:490} INFO - 25/04/29 14:57:04 INFO TaskSchedulerImpl: Removed TaskSet 11.0, whose tasks have all completed, from pool
[2025-04-29T14:57:04.289+0000] {spark_submit.py:490} INFO - 25/04/29 14:57:04 INFO DAGScheduler: ResultStage 11 (count at NativeMethodAccessorImpl.java:0) finished in 0.042 s
[2025-04-29T14:57:04.289+0000] {spark_submit.py:490} INFO - 25/04/29 14:57:04 INFO DAGScheduler: Job 6 is finished. Cancelling potential speculative or zombie tasks for this job
[2025-04-29T14:57:04.290+0000] {spark_submit.py:490} INFO - 25/04/29 14:57:04 INFO TaskSchedulerImpl: Killing all running tasks in stage 11: Stage finished
[2025-04-29T14:57:04.290+0000] {spark_submit.py:490} INFO - 25/04/29 14:57:04 INFO DAGScheduler: Job 6 finished: count at NativeMethodAccessorImpl.java:0, took 0.045034 s
[2025-04-29T14:57:04.292+0000] {spark_submit.py:490} INFO - INFO:__main__:Правило freq_tx отработано, записей: 4
[2025-04-29T14:57:04.388+0000] {spark_submit.py:490} INFO - 25/04/29 14:57:04 INFO DAGScheduler: Registering RDD 26 (count at NativeMethodAccessorImpl.java:0) as input to shuffle 4
[2025-04-29T14:57:04.388+0000] {spark_submit.py:490} INFO - 25/04/29 14:57:04 INFO DAGScheduler: Got map stage job 7 (count at NativeMethodAccessorImpl.java:0) with 1 output partitions
[2025-04-29T14:57:04.388+0000] {spark_submit.py:490} INFO - 25/04/29 14:57:04 INFO DAGScheduler: Final stage: ShuffleMapStage 12 (count at NativeMethodAccessorImpl.java:0)
[2025-04-29T14:57:04.388+0000] {spark_submit.py:490} INFO - 25/04/29 14:57:04 INFO DAGScheduler: Parents of final stage: List()
[2025-04-29T14:57:04.388+0000] {spark_submit.py:490} INFO - 25/04/29 14:57:04 INFO DAGScheduler: Missing parents: List()
[2025-04-29T14:57:04.388+0000] {spark_submit.py:490} INFO - 25/04/29 14:57:04 INFO DAGScheduler: Submitting ShuffleMapStage 12 (MapPartitionsRDD[26] at count at NativeMethodAccessorImpl.java:0), which has no missing parents
[2025-04-29T14:57:04.391+0000] {spark_submit.py:490} INFO - 25/04/29 14:57:04 INFO MemoryStore: Block broadcast_7 stored as values in memory (estimated size 14.1 KiB, free 434.3 MiB)
[2025-04-29T14:57:04.392+0000] {spark_submit.py:490} INFO - 25/04/29 14:57:04 INFO MemoryStore: Block broadcast_7_piece0 stored as bytes in memory (estimated size 7.3 KiB, free 434.3 MiB)
[2025-04-29T14:57:04.392+0000] {spark_submit.py:490} INFO - 25/04/29 14:57:04 INFO BlockManagerInfo: Added broadcast_7_piece0 in memory on bd05f2cbfffd:36829 (size: 7.3 KiB, free: 434.4 MiB)
[2025-04-29T14:57:04.393+0000] {spark_submit.py:490} INFO - 25/04/29 14:57:04 INFO SparkContext: Created broadcast 7 from broadcast at DAGScheduler.scala:1513
[2025-04-29T14:57:04.393+0000] {spark_submit.py:490} INFO - 25/04/29 14:57:04 INFO DAGScheduler: Submitting 1 missing tasks from ShuffleMapStage 12 (MapPartitionsRDD[26] at count at NativeMethodAccessorImpl.java:0) (first 15 tasks are for partitions Vector(0))
[2025-04-29T14:57:04.393+0000] {spark_submit.py:490} INFO - 25/04/29 14:57:04 INFO TaskSchedulerImpl: Adding task set 12.0 with 1 tasks resource profile 0
[2025-04-29T14:57:04.395+0000] {spark_submit.py:490} INFO - 25/04/29 14:57:04 INFO TaskSetManager: Starting task 0.0 in stage 12.0 (TID 7) (172.18.0.5, executor 0, partition 0, PROCESS_LOCAL, 4292 bytes) taskResourceAssignments Map()
[2025-04-29T14:57:04.404+0000] {spark_submit.py:490} INFO - 25/04/29 14:57:04 INFO BlockManagerInfo: Added broadcast_7_piece0 in memory on 172.18.0.5:41805 (size: 7.3 KiB, free: 366.3 MiB)
[2025-04-29T14:57:04.469+0000] {spark_submit.py:490} INFO - 25/04/29 14:57:04 INFO TaskSetManager: Finished task 0.0 in stage 12.0 (TID 7) in 74 ms on 172.18.0.5 (executor 0) (1/1)
[2025-04-29T14:57:04.469+0000] {spark_submit.py:490} INFO - 25/04/29 14:57:04 INFO TaskSchedulerImpl: Removed TaskSet 12.0, whose tasks have all completed, from pool
[2025-04-29T14:57:04.469+0000] {spark_submit.py:490} INFO - 25/04/29 14:57:04 INFO DAGScheduler: ShuffleMapStage 12 (count at NativeMethodAccessorImpl.java:0) finished in 0.080 s
[2025-04-29T14:57:04.470+0000] {spark_submit.py:490} INFO - 25/04/29 14:57:04 INFO DAGScheduler: looking for newly runnable stages
[2025-04-29T14:57:04.470+0000] {spark_submit.py:490} INFO - 25/04/29 14:57:04 INFO DAGScheduler: running: Set()
[2025-04-29T14:57:04.470+0000] {spark_submit.py:490} INFO - 25/04/29 14:57:04 INFO DAGScheduler: waiting: Set()
[2025-04-29T14:57:04.470+0000] {spark_submit.py:490} INFO - 25/04/29 14:57:04 INFO DAGScheduler: failed: Set()
[2025-04-29T14:57:04.483+0000] {spark_submit.py:490} INFO - 25/04/29 14:57:04 INFO ShufflePartitionsUtil: For shuffle(4), advisory target size: 67108864, actual target size 1048576, minimum partition size: 1048576
[2025-04-29T14:57:04.507+0000] {spark_submit.py:490} INFO - 25/04/29 14:57:04 INFO CodeGenerator: Code generated in 10.077289 ms
[2025-04-29T14:57:04.517+0000] {spark_submit.py:490} INFO - 25/04/29 14:57:04 INFO CodeGenerator: Code generated in 8.069374 ms
[2025-04-29T14:57:04.530+0000] {spark_submit.py:490} INFO - 25/04/29 14:57:04 INFO CodeGenerator: Code generated in 6.214642 ms
[2025-04-29T14:57:04.543+0000] {spark_submit.py:490} INFO - 25/04/29 14:57:04 INFO CodeGenerator: Code generated in 8.689143 ms
[2025-04-29T14:57:04.567+0000] {spark_submit.py:490} INFO - 25/04/29 14:57:04 INFO DAGScheduler: Registering RDD 35 (count at NativeMethodAccessorImpl.java:0) as input to shuffle 5
[2025-04-29T14:57:04.568+0000] {spark_submit.py:490} INFO - 25/04/29 14:57:04 INFO DAGScheduler: Got map stage job 8 (count at NativeMethodAccessorImpl.java:0) with 2 output partitions
[2025-04-29T14:57:04.568+0000] {spark_submit.py:490} INFO - 25/04/29 14:57:04 INFO DAGScheduler: Final stage: ShuffleMapStage 14 (count at NativeMethodAccessorImpl.java:0)
[2025-04-29T14:57:04.568+0000] {spark_submit.py:490} INFO - 25/04/29 14:57:04 INFO DAGScheduler: Parents of final stage: List(ShuffleMapStage 13)
[2025-04-29T14:57:04.568+0000] {spark_submit.py:490} INFO - 25/04/29 14:57:04 INFO DAGScheduler: Missing parents: List()
[2025-04-29T14:57:04.570+0000] {spark_submit.py:490} INFO - 25/04/29 14:57:04 INFO DAGScheduler: Submitting ShuffleMapStage 14 (MapPartitionsRDD[35] at count at NativeMethodAccessorImpl.java:0), which has no missing parents
[2025-04-29T14:57:04.583+0000] {spark_submit.py:490} INFO - 25/04/29 14:57:04 INFO MemoryStore: Block broadcast_8 stored as values in memory (estimated size 38.6 KiB, free 434.3 MiB)
[2025-04-29T14:57:04.599+0000] {spark_submit.py:490} INFO - 25/04/29 14:57:04 INFO MemoryStore: Block broadcast_8_piece0 stored as bytes in memory (estimated size 17.8 KiB, free 434.3 MiB)
[2025-04-29T14:57:04.603+0000] {spark_submit.py:490} INFO - 25/04/29 14:57:04 INFO BlockManagerInfo: Added broadcast_8_piece0 in memory on bd05f2cbfffd:36829 (size: 17.8 KiB, free: 434.4 MiB)
[2025-04-29T14:57:04.608+0000] {spark_submit.py:490} INFO - 25/04/29 14:57:04 INFO SparkContext: Created broadcast 8 from broadcast at DAGScheduler.scala:1513
[2025-04-29T14:57:04.613+0000] {spark_submit.py:490} INFO - 25/04/29 14:57:04 INFO DAGScheduler: Submitting 2 missing tasks from ShuffleMapStage 14 (MapPartitionsRDD[35] at count at NativeMethodAccessorImpl.java:0) (first 15 tasks are for partitions Vector(0, 1))
[2025-04-29T14:57:04.614+0000] {spark_submit.py:490} INFO - 25/04/29 14:57:04 INFO TaskSchedulerImpl: Adding task set 14.0 with 2 tasks resource profile 0
[2025-04-29T14:57:04.614+0000] {spark_submit.py:490} INFO - 25/04/29 14:57:04 INFO BlockManagerInfo: Removed broadcast_7_piece0 on bd05f2cbfffd:36829 in memory (size: 7.3 KiB, free: 434.4 MiB)
[2025-04-29T14:57:04.615+0000] {spark_submit.py:490} INFO - 25/04/29 14:57:04 INFO TaskSetManager: Starting task 1.0 in stage 14.0 (TID 8) (172.18.0.5, executor 0, partition 1, NODE_LOCAL, 4555 bytes) taskResourceAssignments Map()
[2025-04-29T14:57:04.616+0000] {spark_submit.py:490} INFO - 25/04/29 14:57:04 INFO BlockManagerInfo: Removed broadcast_7_piece0 on 172.18.0.5:41805 in memory (size: 7.3 KiB, free: 366.3 MiB)
[2025-04-29T14:57:04.627+0000] {spark_submit.py:490} INFO - 25/04/29 14:57:04 INFO BlockManagerInfo: Removed broadcast_6_piece0 on bd05f2cbfffd:36829 in memory (size: 5.5 KiB, free: 434.4 MiB)
[2025-04-29T14:57:04.628+0000] {spark_submit.py:490} INFO - 25/04/29 14:57:04 INFO BlockManagerInfo: Removed broadcast_6_piece0 on 172.18.0.5:41805 in memory (size: 5.5 KiB, free: 366.3 MiB)
[2025-04-29T14:57:04.645+0000] {spark_submit.py:490} INFO - 25/04/29 14:57:04 INFO BlockManagerInfo: Removed broadcast_5_piece0 on bd05f2cbfffd:36829 in memory (size: 16.6 KiB, free: 434.4 MiB)
[2025-04-29T14:57:04.648+0000] {spark_submit.py:490} INFO - 25/04/29 14:57:04 INFO BlockManagerInfo: Added broadcast_8_piece0 in memory on 172.18.0.5:41805 (size: 17.8 KiB, free: 366.3 MiB)
[2025-04-29T14:57:04.648+0000] {spark_submit.py:490} INFO - 25/04/29 14:57:04 INFO BlockManagerInfo: Removed broadcast_5_piece0 on 172.18.0.5:41805 in memory (size: 16.6 KiB, free: 366.3 MiB)
[2025-04-29T14:57:04.661+0000] {spark_submit.py:490} INFO - 25/04/29 14:57:04 INFO MapOutputTrackerMasterEndpoint: Asked to send map output locations for shuffle 4 to 172.18.0.5:36782
[2025-04-29T14:57:04.736+0000] {spark_submit.py:490} INFO - 25/04/29 14:57:04 INFO TaskSetManager: Starting task 0.0 in stage 14.0 (TID 9) (172.18.0.5, executor 0, partition 0, PROCESS_LOCAL, 4401 bytes) taskResourceAssignments Map()
[2025-04-29T14:57:04.738+0000] {spark_submit.py:490} INFO - 25/04/29 14:57:04 INFO TaskSetManager: Finished task 1.0 in stage 14.0 (TID 8) in 123 ms on 172.18.0.5 (executor 0) (1/2)
[2025-04-29T14:57:04.783+0000] {spark_submit.py:490} INFO - 25/04/29 14:57:04 INFO TaskSetManager: Finished task 0.0 in stage 14.0 (TID 9) in 48 ms on 172.18.0.5 (executor 0) (2/2)
[2025-04-29T14:57:04.784+0000] {spark_submit.py:490} INFO - 25/04/29 14:57:04 INFO TaskSchedulerImpl: Removed TaskSet 14.0, whose tasks have all completed, from pool
[2025-04-29T14:57:04.785+0000] {spark_submit.py:490} INFO - 25/04/29 14:57:04 INFO DAGScheduler: ShuffleMapStage 14 (count at NativeMethodAccessorImpl.java:0) finished in 0.206 s
[2025-04-29T14:57:04.785+0000] {spark_submit.py:490} INFO - 25/04/29 14:57:04 INFO DAGScheduler: looking for newly runnable stages
[2025-04-29T14:57:04.785+0000] {spark_submit.py:490} INFO - 25/04/29 14:57:04 INFO DAGScheduler: running: Set()
[2025-04-29T14:57:04.786+0000] {spark_submit.py:490} INFO - 25/04/29 14:57:04 INFO DAGScheduler: waiting: Set()
[2025-04-29T14:57:04.786+0000] {spark_submit.py:490} INFO - 25/04/29 14:57:04 INFO DAGScheduler: failed: Set()
[2025-04-29T14:57:04.806+0000] {spark_submit.py:490} INFO - 25/04/29 14:57:04 INFO CodeGenerator: Code generated in 7.736697 ms
[2025-04-29T14:57:04.823+0000] {spark_submit.py:490} INFO - 25/04/29 14:57:04 INFO SparkContext: Starting job: count at NativeMethodAccessorImpl.java:0
[2025-04-29T14:57:04.824+0000] {spark_submit.py:490} INFO - 25/04/29 14:57:04 INFO DAGScheduler: Got job 9 (count at NativeMethodAccessorImpl.java:0) with 1 output partitions
[2025-04-29T14:57:04.824+0000] {spark_submit.py:490} INFO - 25/04/29 14:57:04 INFO DAGScheduler: Final stage: ResultStage 17 (count at NativeMethodAccessorImpl.java:0)
[2025-04-29T14:57:04.824+0000] {spark_submit.py:490} INFO - 25/04/29 14:57:04 INFO DAGScheduler: Parents of final stage: List(ShuffleMapStage 16)
[2025-04-29T14:57:04.824+0000] {spark_submit.py:490} INFO - 25/04/29 14:57:04 INFO DAGScheduler: Missing parents: List()
[2025-04-29T14:57:04.825+0000] {spark_submit.py:490} INFO - 25/04/29 14:57:04 INFO DAGScheduler: Submitting ResultStage 17 (MapPartitionsRDD[38] at count at NativeMethodAccessorImpl.java:0), which has no missing parents
[2025-04-29T14:57:04.827+0000] {spark_submit.py:490} INFO - 25/04/29 14:57:04 INFO MemoryStore: Block broadcast_9 stored as values in memory (estimated size 11.1 KiB, free 434.3 MiB)
[2025-04-29T14:57:04.828+0000] {spark_submit.py:490} INFO - 25/04/29 14:57:04 INFO MemoryStore: Block broadcast_9_piece0 stored as bytes in memory (estimated size 5.5 KiB, free 434.3 MiB)
[2025-04-29T14:57:04.829+0000] {spark_submit.py:490} INFO - 25/04/29 14:57:04 INFO BlockManagerInfo: Added broadcast_9_piece0 in memory on bd05f2cbfffd:36829 (size: 5.5 KiB, free: 434.4 MiB)
[2025-04-29T14:57:04.830+0000] {spark_submit.py:490} INFO - 25/04/29 14:57:04 INFO SparkContext: Created broadcast 9 from broadcast at DAGScheduler.scala:1513
[2025-04-29T14:57:04.830+0000] {spark_submit.py:490} INFO - 25/04/29 14:57:04 INFO DAGScheduler: Submitting 1 missing tasks from ResultStage 17 (MapPartitionsRDD[38] at count at NativeMethodAccessorImpl.java:0) (first 15 tasks are for partitions Vector(0))
[2025-04-29T14:57:04.830+0000] {spark_submit.py:490} INFO - 25/04/29 14:57:04 INFO TaskSchedulerImpl: Adding task set 17.0 with 1 tasks resource profile 0
[2025-04-29T14:57:04.832+0000] {spark_submit.py:490} INFO - 25/04/29 14:57:04 INFO TaskSetManager: Starting task 0.0 in stage 17.0 (TID 10) (172.18.0.5, executor 0, partition 0, NODE_LOCAL, 4457 bytes) taskResourceAssignments Map()
[2025-04-29T14:57:04.847+0000] {spark_submit.py:490} INFO - 25/04/29 14:57:04 INFO BlockManagerInfo: Added broadcast_9_piece0 in memory on 172.18.0.5:41805 (size: 5.5 KiB, free: 366.3 MiB)
[2025-04-29T14:57:04.852+0000] {spark_submit.py:490} INFO - 25/04/29 14:57:04 INFO MapOutputTrackerMasterEndpoint: Asked to send map output locations for shuffle 5 to 172.18.0.5:36782
[2025-04-29T14:57:04.873+0000] {spark_submit.py:490} INFO - 25/04/29 14:57:04 INFO TaskSetManager: Finished task 0.0 in stage 17.0 (TID 10) in 42 ms on 172.18.0.5 (executor 0) (1/1)
[2025-04-29T14:57:04.874+0000] {spark_submit.py:490} INFO - 25/04/29 14:57:04 INFO TaskSchedulerImpl: Removed TaskSet 17.0, whose tasks have all completed, from pool
[2025-04-29T14:57:04.878+0000] {spark_submit.py:490} INFO - 25/04/29 14:57:04 INFO DAGScheduler: ResultStage 17 (count at NativeMethodAccessorImpl.java:0) finished in 0.052 s
[2025-04-29T14:57:04.879+0000] {spark_submit.py:490} INFO - 25/04/29 14:57:04 INFO DAGScheduler: Job 9 is finished. Cancelling potential speculative or zombie tasks for this job
[2025-04-29T14:57:04.879+0000] {spark_submit.py:490} INFO - 25/04/29 14:57:04 INFO TaskSchedulerImpl: Killing all running tasks in stage 17: Stage finished
[2025-04-29T14:57:04.879+0000] {spark_submit.py:490} INFO - 25/04/29 14:57:04 INFO DAGScheduler: Job 9 finished: count at NativeMethodAccessorImpl.java:0, took 0.055738 s
[2025-04-29T14:57:04.881+0000] {spark_submit.py:490} INFO - INFO:__main__:Объединение результатов выполнено, итого записей: 375
[2025-04-29T14:57:05.007+0000] {spark_submit.py:490} INFO - 25/04/29 14:57:05 INFO CodeGenerator: Code generated in 8.793109 ms
[2025-04-29T14:57:05.011+0000] {spark_submit.py:490} INFO - 25/04/29 14:57:05 INFO DAGScheduler: Registering RDD 42 (jdbc at NativeMethodAccessorImpl.java:0) as input to shuffle 6
[2025-04-29T14:57:05.011+0000] {spark_submit.py:490} INFO - 25/04/29 14:57:05 INFO DAGScheduler: Got map stage job 10 (jdbc at NativeMethodAccessorImpl.java:0) with 1 output partitions
[2025-04-29T14:57:05.011+0000] {spark_submit.py:490} INFO - 25/04/29 14:57:05 INFO DAGScheduler: Final stage: ShuffleMapStage 18 (jdbc at NativeMethodAccessorImpl.java:0)
[2025-04-29T14:57:05.012+0000] {spark_submit.py:490} INFO - 25/04/29 14:57:05 INFO DAGScheduler: Parents of final stage: List()
[2025-04-29T14:57:05.012+0000] {spark_submit.py:490} INFO - 25/04/29 14:57:05 INFO DAGScheduler: Missing parents: List()
[2025-04-29T14:57:05.012+0000] {spark_submit.py:490} INFO - 25/04/29 14:57:05 INFO DAGScheduler: Submitting ShuffleMapStage 18 (MapPartitionsRDD[42] at jdbc at NativeMethodAccessorImpl.java:0), which has no missing parents
[2025-04-29T14:57:05.020+0000] {spark_submit.py:490} INFO - 25/04/29 14:57:05 INFO MemoryStore: Block broadcast_10 stored as values in memory (estimated size 16.3 KiB, free 434.3 MiB)
[2025-04-29T14:57:05.029+0000] {spark_submit.py:490} INFO - 25/04/29 14:57:05 INFO MemoryStore: Block broadcast_10_piece0 stored as bytes in memory (estimated size 7.9 KiB, free 434.3 MiB)
[2025-04-29T14:57:05.031+0000] {spark_submit.py:490} INFO - 25/04/29 14:57:05 INFO BlockManagerInfo: Added broadcast_10_piece0 in memory on bd05f2cbfffd:36829 (size: 7.9 KiB, free: 434.4 MiB)
[2025-04-29T14:57:05.033+0000] {spark_submit.py:490} INFO - 25/04/29 14:57:05 INFO SparkContext: Created broadcast 10 from broadcast at DAGScheduler.scala:1513
[2025-04-29T14:57:05.033+0000] {spark_submit.py:490} INFO - 25/04/29 14:57:05 INFO BlockManagerInfo: Removed broadcast_8_piece0 on bd05f2cbfffd:36829 in memory (size: 17.8 KiB, free: 434.4 MiB)
[2025-04-29T14:57:05.033+0000] {spark_submit.py:490} INFO - 25/04/29 14:57:05 INFO DAGScheduler: Submitting 1 missing tasks from ShuffleMapStage 18 (MapPartitionsRDD[42] at jdbc at NativeMethodAccessorImpl.java:0) (first 15 tasks are for partitions Vector(0))
[2025-04-29T14:57:05.033+0000] {spark_submit.py:490} INFO - 25/04/29 14:57:05 INFO TaskSchedulerImpl: Adding task set 18.0 with 1 tasks resource profile 0
[2025-04-29T14:57:05.035+0000] {spark_submit.py:490} INFO - 25/04/29 14:57:05 INFO TaskSetManager: Starting task 0.0 in stage 18.0 (TID 11) (172.18.0.5, executor 0, partition 0, PROCESS_LOCAL, 4292 bytes) taskResourceAssignments Map()
[2025-04-29T14:57:05.035+0000] {spark_submit.py:490} INFO - 25/04/29 14:57:05 INFO BlockManagerInfo: Removed broadcast_8_piece0 on 172.18.0.5:41805 in memory (size: 17.8 KiB, free: 366.3 MiB)
[2025-04-29T14:57:05.052+0000] {spark_submit.py:490} INFO - 25/04/29 14:57:05 INFO BlockManagerInfo: Removed broadcast_9_piece0 on bd05f2cbfffd:36829 in memory (size: 5.5 KiB, free: 434.4 MiB)
[2025-04-29T14:57:05.055+0000] {spark_submit.py:490} INFO - 25/04/29 14:57:05 INFO BlockManagerInfo: Added broadcast_10_piece0 in memory on 172.18.0.5:41805 (size: 7.9 KiB, free: 366.3 MiB)
[2025-04-29T14:57:05.055+0000] {spark_submit.py:490} INFO - 25/04/29 14:57:05 INFO BlockManagerInfo: Removed broadcast_9_piece0 on 172.18.0.5:41805 in memory (size: 5.5 KiB, free: 366.3 MiB)
[2025-04-29T14:57:05.155+0000] {spark_submit.py:490} INFO - 25/04/29 14:57:05 INFO TaskSetManager: Finished task 0.0 in stage 18.0 (TID 11) in 121 ms on 172.18.0.5 (executor 0) (1/1)
[2025-04-29T14:57:05.155+0000] {spark_submit.py:490} INFO - 25/04/29 14:57:05 INFO TaskSchedulerImpl: Removed TaskSet 18.0, whose tasks have all completed, from pool
[2025-04-29T14:57:05.155+0000] {spark_submit.py:490} INFO - 25/04/29 14:57:05 INFO DAGScheduler: ShuffleMapStage 18 (jdbc at NativeMethodAccessorImpl.java:0) finished in 0.143 s
[2025-04-29T14:57:05.156+0000] {spark_submit.py:490} INFO - 25/04/29 14:57:05 INFO DAGScheduler: looking for newly runnable stages
[2025-04-29T14:57:05.156+0000] {spark_submit.py:490} INFO - 25/04/29 14:57:05 INFO DAGScheduler: running: Set()
[2025-04-29T14:57:05.156+0000] {spark_submit.py:490} INFO - 25/04/29 14:57:05 INFO DAGScheduler: waiting: Set()
[2025-04-29T14:57:05.156+0000] {spark_submit.py:490} INFO - 25/04/29 14:57:05 INFO DAGScheduler: failed: Set()
[2025-04-29T14:57:05.164+0000] {spark_submit.py:490} INFO - 25/04/29 14:57:05 INFO ShufflePartitionsUtil: For shuffle(6), advisory target size: 67108864, actual target size 1048576, minimum partition size: 1048576
[2025-04-29T14:57:05.179+0000] {spark_submit.py:490} INFO - 25/04/29 14:57:05 INFO CodeGenerator: Code generated in 8.895836 ms
[2025-04-29T14:57:05.195+0000] {spark_submit.py:490} INFO - 25/04/29 14:57:05 INFO CodeGenerator: Code generated in 7.95208 ms
[2025-04-29T14:57:05.229+0000] {spark_submit.py:490} INFO - 25/04/29 14:57:05 INFO SparkContext: Starting job: jdbc at NativeMethodAccessorImpl.java:0
[2025-04-29T14:57:05.230+0000] {spark_submit.py:490} INFO - 25/04/29 14:57:05 INFO DAGScheduler: Got job 11 (jdbc at NativeMethodAccessorImpl.java:0) with 2 output partitions
[2025-04-29T14:57:05.230+0000] {spark_submit.py:490} INFO - 25/04/29 14:57:05 INFO DAGScheduler: Final stage: ResultStage 20 (jdbc at NativeMethodAccessorImpl.java:0)
[2025-04-29T14:57:05.230+0000] {spark_submit.py:490} INFO - 25/04/29 14:57:05 INFO DAGScheduler: Parents of final stage: List(ShuffleMapStage 19)
[2025-04-29T14:57:05.230+0000] {spark_submit.py:490} INFO - 25/04/29 14:57:05 INFO DAGScheduler: Missing parents: List()
[2025-04-29T14:57:05.231+0000] {spark_submit.py:490} INFO - 25/04/29 14:57:05 INFO DAGScheduler: Submitting ResultStage 20 (MapPartitionsRDD[52] at jdbc at NativeMethodAccessorImpl.java:0), which has no missing parents
[2025-04-29T14:57:05.256+0000] {spark_submit.py:490} INFO - 25/04/29 14:57:05 INFO MemoryStore: Block broadcast_11 stored as values in memory (estimated size 58.9 KiB, free 434.3 MiB)
[2025-04-29T14:57:05.258+0000] {spark_submit.py:490} INFO - 25/04/29 14:57:05 INFO MemoryStore: Block broadcast_11_piece0 stored as bytes in memory (estimated size 23.9 KiB, free 434.3 MiB)
[2025-04-29T14:57:05.258+0000] {spark_submit.py:490} INFO - 25/04/29 14:57:05 INFO BlockManagerInfo: Added broadcast_11_piece0 in memory on bd05f2cbfffd:36829 (size: 23.9 KiB, free: 434.4 MiB)
[2025-04-29T14:57:05.259+0000] {spark_submit.py:490} INFO - 25/04/29 14:57:05 INFO SparkContext: Created broadcast 11 from broadcast at DAGScheduler.scala:1513
[2025-04-29T14:57:05.260+0000] {spark_submit.py:490} INFO - 25/04/29 14:57:05 INFO DAGScheduler: Submitting 2 missing tasks from ResultStage 20 (MapPartitionsRDD[52] at jdbc at NativeMethodAccessorImpl.java:0) (first 15 tasks are for partitions Vector(0, 1))
[2025-04-29T14:57:05.260+0000] {spark_submit.py:490} INFO - 25/04/29 14:57:05 INFO TaskSchedulerImpl: Adding task set 20.0 with 2 tasks resource profile 0
[2025-04-29T14:57:05.261+0000] {spark_submit.py:490} INFO - 25/04/29 14:57:05 INFO TaskSetManager: Starting task 1.0 in stage 20.0 (TID 12) (172.18.0.5, executor 0, partition 1, NODE_LOCAL, 4566 bytes) taskResourceAssignments Map()
[2025-04-29T14:57:05.286+0000] {spark_submit.py:490} INFO - 25/04/29 14:57:05 INFO BlockManagerInfo: Added broadcast_11_piece0 in memory on 172.18.0.5:41805 (size: 23.9 KiB, free: 366.3 MiB)
[2025-04-29T14:57:05.432+0000] {spark_submit.py:490} INFO - 25/04/29 14:57:05 INFO MapOutputTrackerMasterEndpoint: Asked to send map output locations for shuffle 6 to 172.18.0.5:36782
[2025-04-29T14:57:06.403+0000] {spark_submit.py:490} INFO - 25/04/29 14:57:06 INFO TaskSetManager: Starting task 0.0 in stage 20.0 (TID 13) (172.18.0.5, executor 0, partition 0, PROCESS_LOCAL, 4412 bytes) taskResourceAssignments Map()
[2025-04-29T14:57:06.406+0000] {spark_submit.py:490} INFO - 25/04/29 14:57:06 INFO TaskSetManager: Finished task 1.0 in stage 20.0 (TID 12) in 1145 ms on 172.18.0.5 (executor 0) (1/2)
[2025-04-29T14:57:06.494+0000] {spark_submit.py:490} INFO - 25/04/29 14:57:06 INFO TaskSetManager: Finished task 0.0 in stage 20.0 (TID 13) in 91 ms on 172.18.0.5 (executor 0) (2/2)
[2025-04-29T14:57:06.494+0000] {spark_submit.py:490} INFO - 25/04/29 14:57:06 INFO TaskSchedulerImpl: Removed TaskSet 20.0, whose tasks have all completed, from pool
[2025-04-29T14:57:06.495+0000] {spark_submit.py:490} INFO - 25/04/29 14:57:06 INFO DAGScheduler: ResultStage 20 (jdbc at NativeMethodAccessorImpl.java:0) finished in 1.259 s
[2025-04-29T14:57:06.495+0000] {spark_submit.py:490} INFO - 25/04/29 14:57:06 INFO DAGScheduler: Job 11 is finished. Cancelling potential speculative or zombie tasks for this job
[2025-04-29T14:57:06.495+0000] {spark_submit.py:490} INFO - 25/04/29 14:57:06 INFO TaskSchedulerImpl: Killing all running tasks in stage 20: Stage finished
[2025-04-29T14:57:06.495+0000] {spark_submit.py:490} INFO - 25/04/29 14:57:06 INFO DAGScheduler: Job 11 finished: jdbc at NativeMethodAccessorImpl.java:0, took 1.266366 s
[2025-04-29T14:57:06.511+0000] {spark_submit.py:490} INFO - INFO:__main__:Запись в mart.suspicious_transactions завершена
[2025-04-29T14:57:06.532+0000] {spark_submit.py:490} INFO - 25/04/29 14:57:06 WARN ClickHouseDriver: ******************************************************************************************
[2025-04-29T14:57:06.533+0000] {spark_submit.py:490} INFO - 25/04/29 14:57:06 WARN ClickHouseDriver: * This driver is DEPRECATED. Please use [com.clickhouse.jdbc.ClickHouseDriver] instead.  *
[2025-04-29T14:57:06.533+0000] {spark_submit.py:490} INFO - 25/04/29 14:57:06 WARN ClickHouseDriver: * Also everything in package [ru.yandex.clickhouse] will be removed starting from 0.4.0. *
[2025-04-29T14:57:06.533+0000] {spark_submit.py:490} INFO - 25/04/29 14:57:06 WARN ClickHouseDriver: ******************************************************************************************
[2025-04-29T14:57:06.772+0000] {spark_submit.py:490} INFO - Traceback (most recent call last):
[2025-04-29T14:57:06.772+0000] {spark_submit.py:490} INFO - File "/opt/airflow/spark/detect_suspicious.py", line 100, in <module>
[2025-04-29T14:57:06.772+0000] {spark_submit.py:490} INFO - .mode("append")
[2025-04-29T14:57:06.772+0000] {spark_submit.py:490} INFO - File "/opt/spark/python/lib/pyspark.zip/pyspark/sql/readwriter.py", line 966, in save
[2025-04-29T14:57:06.772+0000] {spark_submit.py:490} INFO - File "/opt/spark/python/lib/py4j-0.10.9.5-src.zip/py4j/java_gateway.py", line 1322, in __call__
[2025-04-29T14:57:06.772+0000] {spark_submit.py:490} INFO - File "/opt/spark/python/lib/pyspark.zip/pyspark/sql/utils.py", line 190, in deco
[2025-04-29T14:57:06.772+0000] {spark_submit.py:490} INFO - File "/opt/spark/python/lib/py4j-0.10.9.5-src.zip/py4j/protocol.py", line 328, in get_return_value
[2025-04-29T14:57:06.773+0000] {spark_submit.py:490} INFO - py4j.protocol.Py4JJavaError: An error occurred while calling o82.save.
[2025-04-29T14:57:06.774+0000] {spark_submit.py:490} INFO - : ru.yandex.clickhouse.except.ClickHouseException: ClickHouse exception, code: 119, host: clickhouse, port: 8123; Code: 119. DB::Exception: Table engine is not specified in CREATE query. (ENGINE_REQUIRED) (version 22.3.20.29 (official build))
[2025-04-29T14:57:06.774+0000] {spark_submit.py:490} INFO - 
[2025-04-29T14:57:06.774+0000] {spark_submit.py:490} INFO - at ru.yandex.clickhouse.except.ClickHouseExceptionSpecifier.specify(ClickHouseExceptionSpecifier.java:60)
[2025-04-29T14:57:06.774+0000] {spark_submit.py:490} INFO - at ru.yandex.clickhouse.except.ClickHouseExceptionSpecifier.specify(ClickHouseExceptionSpecifier.java:30)
[2025-04-29T14:57:06.774+0000] {spark_submit.py:490} INFO - at ru.yandex.clickhouse.ClickHouseStatementImpl.checkForErrorAndThrow(ClickHouseStatementImpl.java:1083)
[2025-04-29T14:57:06.774+0000] {spark_submit.py:490} INFO - at ru.yandex.clickhouse.ClickHouseStatementImpl.getInputStream(ClickHouseStatementImpl.java:770)
[2025-04-29T14:57:06.774+0000] {spark_submit.py:490} INFO - at ru.yandex.clickhouse.ClickHouseStatementImpl.getLastInputStream(ClickHouseStatementImpl.java:693)
[2025-04-29T14:57:06.775+0000] {spark_submit.py:490} INFO - at ru.yandex.clickhouse.ClickHouseStatementImpl.executeUpdate(ClickHouseStatementImpl.java:435)
[2025-04-29T14:57:06.775+0000] {spark_submit.py:490} INFO - at org.apache.spark.sql.execution.datasources.jdbc.JdbcUtils$.executeStatement(JdbcUtils.scala:1060)
[2025-04-29T14:57:06.775+0000] {spark_submit.py:490} INFO - at org.apache.spark.sql.execution.datasources.jdbc.JdbcUtils$.createTable(JdbcUtils.scala:890)
[2025-04-29T14:57:06.775+0000] {spark_submit.py:490} INFO - at org.apache.spark.sql.execution.datasources.jdbc.JdbcRelationProvider.createRelation(JdbcRelationProvider.scala:81)
[2025-04-29T14:57:06.775+0000] {spark_submit.py:490} INFO - at org.apache.spark.sql.execution.datasources.SaveIntoDataSourceCommand.run(SaveIntoDataSourceCommand.scala:45)
[2025-04-29T14:57:06.775+0000] {spark_submit.py:490} INFO - at org.apache.spark.sql.execution.command.ExecutedCommandExec.sideEffectResult$lzycompute(commands.scala:75)
[2025-04-29T14:57:06.775+0000] {spark_submit.py:490} INFO - at org.apache.spark.sql.execution.command.ExecutedCommandExec.sideEffectResult(commands.scala:73)
[2025-04-29T14:57:06.775+0000] {spark_submit.py:490} INFO - at org.apache.spark.sql.execution.command.ExecutedCommandExec.executeCollect(commands.scala:84)
[2025-04-29T14:57:06.775+0000] {spark_submit.py:490} INFO - at org.apache.spark.sql.execution.QueryExecution$$anonfun$eagerlyExecuteCommands$1.$anonfun$applyOrElse$1(QueryExecution.scala:98)
[2025-04-29T14:57:06.776+0000] {spark_submit.py:490} INFO - at org.apache.spark.sql.execution.SQLExecution$.$anonfun$withNewExecutionId$6(SQLExecution.scala:109)
[2025-04-29T14:57:06.776+0000] {spark_submit.py:490} INFO - at org.apache.spark.sql.execution.SQLExecution$.withSQLConfPropagated(SQLExecution.scala:169)
[2025-04-29T14:57:06.776+0000] {spark_submit.py:490} INFO - at org.apache.spark.sql.execution.SQLExecution$.$anonfun$withNewExecutionId$1(SQLExecution.scala:95)
[2025-04-29T14:57:06.776+0000] {spark_submit.py:490} INFO - at org.apache.spark.sql.SparkSession.withActive(SparkSession.scala:779)
[2025-04-29T14:57:06.776+0000] {spark_submit.py:490} INFO - at org.apache.spark.sql.execution.SQLExecution$.withNewExecutionId(SQLExecution.scala:64)
[2025-04-29T14:57:06.776+0000] {spark_submit.py:490} INFO - at org.apache.spark.sql.execution.QueryExecution$$anonfun$eagerlyExecuteCommands$1.applyOrElse(QueryExecution.scala:98)
[2025-04-29T14:57:06.776+0000] {spark_submit.py:490} INFO - at org.apache.spark.sql.execution.QueryExecution$$anonfun$eagerlyExecuteCommands$1.applyOrElse(QueryExecution.scala:94)
[2025-04-29T14:57:06.776+0000] {spark_submit.py:490} INFO - at org.apache.spark.sql.catalyst.trees.TreeNode.$anonfun$transformDownWithPruning$1(TreeNode.scala:584)
[2025-04-29T14:57:06.776+0000] {spark_submit.py:490} INFO - at org.apache.spark.sql.catalyst.trees.CurrentOrigin$.withOrigin(TreeNode.scala:176)
[2025-04-29T14:57:06.776+0000] {spark_submit.py:490} INFO - at org.apache.spark.sql.catalyst.trees.TreeNode.transformDownWithPruning(TreeNode.scala:584)
[2025-04-29T14:57:06.776+0000] {spark_submit.py:490} INFO - at org.apache.spark.sql.catalyst.plans.logical.LogicalPlan.org$apache$spark$sql$catalyst$plans$logical$AnalysisHelper$$super$transformDownWithPruning(LogicalPlan.scala:30)
[2025-04-29T14:57:06.776+0000] {spark_submit.py:490} INFO - at org.apache.spark.sql.catalyst.plans.logical.AnalysisHelper.transformDownWithPruning(AnalysisHelper.scala:267)
[2025-04-29T14:57:06.777+0000] {spark_submit.py:490} INFO - at org.apache.spark.sql.catalyst.plans.logical.AnalysisHelper.transformDownWithPruning$(AnalysisHelper.scala:263)
[2025-04-29T14:57:06.777+0000] {spark_submit.py:490} INFO - at org.apache.spark.sql.catalyst.plans.logical.LogicalPlan.transformDownWithPruning(LogicalPlan.scala:30)
[2025-04-29T14:57:06.777+0000] {spark_submit.py:490} INFO - at org.apache.spark.sql.catalyst.plans.logical.LogicalPlan.transformDownWithPruning(LogicalPlan.scala:30)
[2025-04-29T14:57:06.777+0000] {spark_submit.py:490} INFO - at org.apache.spark.sql.catalyst.trees.TreeNode.transformDown(TreeNode.scala:560)
[2025-04-29T14:57:06.777+0000] {spark_submit.py:490} INFO - at org.apache.spark.sql.execution.QueryExecution.eagerlyExecuteCommands(QueryExecution.scala:94)
[2025-04-29T14:57:06.777+0000] {spark_submit.py:490} INFO - at org.apache.spark.sql.execution.QueryExecution.commandExecuted$lzycompute(QueryExecution.scala:81)
[2025-04-29T14:57:06.777+0000] {spark_submit.py:490} INFO - at org.apache.spark.sql.execution.QueryExecution.commandExecuted(QueryExecution.scala:79)
[2025-04-29T14:57:06.777+0000] {spark_submit.py:490} INFO - at org.apache.spark.sql.execution.QueryExecution.assertCommandExecuted(QueryExecution.scala:116)
[2025-04-29T14:57:06.777+0000] {spark_submit.py:490} INFO - at org.apache.spark.sql.DataFrameWriter.runCommand(DataFrameWriter.scala:860)
[2025-04-29T14:57:06.777+0000] {spark_submit.py:490} INFO - at org.apache.spark.sql.DataFrameWriter.saveToV1Source(DataFrameWriter.scala:390)
[2025-04-29T14:57:06.777+0000] {spark_submit.py:490} INFO - at org.apache.spark.sql.DataFrameWriter.saveInternal(DataFrameWriter.scala:363)
[2025-04-29T14:57:06.777+0000] {spark_submit.py:490} INFO - at org.apache.spark.sql.DataFrameWriter.save(DataFrameWriter.scala:247)
[2025-04-29T14:57:06.777+0000] {spark_submit.py:490} INFO - at java.base/jdk.internal.reflect.NativeMethodAccessorImpl.invoke0(Native Method)
[2025-04-29T14:57:06.778+0000] {spark_submit.py:490} INFO - at java.base/jdk.internal.reflect.NativeMethodAccessorImpl.invoke(NativeMethodAccessorImpl.java:62)
[2025-04-29T14:57:06.778+0000] {spark_submit.py:490} INFO - at java.base/jdk.internal.reflect.DelegatingMethodAccessorImpl.invoke(DelegatingMethodAccessorImpl.java:43)
[2025-04-29T14:57:06.778+0000] {spark_submit.py:490} INFO - at java.base/java.lang.reflect.Method.invoke(Method.java:566)
[2025-04-29T14:57:06.778+0000] {spark_submit.py:490} INFO - at py4j.reflection.MethodInvoker.invoke(MethodInvoker.java:244)
[2025-04-29T14:57:06.778+0000] {spark_submit.py:490} INFO - at py4j.reflection.ReflectionEngine.invoke(ReflectionEngine.java:357)
[2025-04-29T14:57:06.778+0000] {spark_submit.py:490} INFO - at py4j.Gateway.invoke(Gateway.java:282)
[2025-04-29T14:57:06.778+0000] {spark_submit.py:490} INFO - at py4j.commands.AbstractCommand.invokeMethod(AbstractCommand.java:132)
[2025-04-29T14:57:06.778+0000] {spark_submit.py:490} INFO - at py4j.commands.CallCommand.execute(CallCommand.java:79)
[2025-04-29T14:57:06.778+0000] {spark_submit.py:490} INFO - at py4j.ClientServerConnection.waitForCommands(ClientServerConnection.java:182)
[2025-04-29T14:57:06.778+0000] {spark_submit.py:490} INFO - at py4j.ClientServerConnection.run(ClientServerConnection.java:106)
[2025-04-29T14:57:06.778+0000] {spark_submit.py:490} INFO - at java.base/java.lang.Thread.run(Thread.java:829)
[2025-04-29T14:57:06.778+0000] {spark_submit.py:490} INFO - Caused by: java.lang.Throwable: Code: 119. DB::Exception: Table engine is not specified in CREATE query. (ENGINE_REQUIRED) (version 22.3.20.29 (official build))
[2025-04-29T14:57:06.778+0000] {spark_submit.py:490} INFO - 
[2025-04-29T14:57:06.779+0000] {spark_submit.py:490} INFO - at ru.yandex.clickhouse.except.ClickHouseExceptionSpecifier.specify(ClickHouseExceptionSpecifier.java:55)
[2025-04-29T14:57:06.779+0000] {spark_submit.py:490} INFO - ... 49 more
[2025-04-29T14:57:06.779+0000] {spark_submit.py:490} INFO - 
[2025-04-29T14:57:06.806+0000] {spark_submit.py:490} INFO - 25/04/29 14:57:06 INFO SparkContext: Invoking stop() from shutdown hook
[2025-04-29T14:57:06.817+0000] {spark_submit.py:490} INFO - 25/04/29 14:57:06 INFO SparkUI: Stopped Spark web UI at http://bd05f2cbfffd:4040
[2025-04-29T14:57:06.820+0000] {spark_submit.py:490} INFO - 25/04/29 14:57:06 INFO StandaloneSchedulerBackend: Shutting down all executors
[2025-04-29T14:57:06.821+0000] {spark_submit.py:490} INFO - 25/04/29 14:57:06 INFO CoarseGrainedSchedulerBackend$DriverEndpoint: Asking each executor to shut down
[2025-04-29T14:57:06.846+0000] {spark_submit.py:490} INFO - 25/04/29 14:57:06 INFO MapOutputTrackerMasterEndpoint: MapOutputTrackerMasterEndpoint stopped!
[2025-04-29T14:57:06.881+0000] {spark_submit.py:490} INFO - 25/04/29 14:57:06 INFO MemoryStore: MemoryStore cleared
[2025-04-29T14:57:06.881+0000] {spark_submit.py:490} INFO - 25/04/29 14:57:06 INFO BlockManager: BlockManager stopped
[2025-04-29T14:57:06.902+0000] {spark_submit.py:490} INFO - 25/04/29 14:57:06 INFO BlockManagerMaster: BlockManagerMaster stopped
[2025-04-29T14:57:06.907+0000] {spark_submit.py:490} INFO - 25/04/29 14:57:06 INFO OutputCommitCoordinator$OutputCommitCoordinatorEndpoint: OutputCommitCoordinator stopped!
[2025-04-29T14:57:06.916+0000] {spark_submit.py:490} INFO - 25/04/29 14:57:06 INFO SparkContext: Successfully stopped SparkContext
[2025-04-29T14:57:06.916+0000] {spark_submit.py:490} INFO - 25/04/29 14:57:06 INFO ShutdownHookManager: Shutdown hook called
[2025-04-29T14:57:06.917+0000] {spark_submit.py:490} INFO - 25/04/29 14:57:06 INFO ShutdownHookManager: Deleting directory /tmp/spark-ada10b27-614b-40ea-be0d-c6ac1584e260/pyspark-aab64e66-5bb2-4c2c-bdb3-badc80904060
[2025-04-29T14:57:06.921+0000] {spark_submit.py:490} INFO - 25/04/29 14:57:06 INFO ShutdownHookManager: Deleting directory /tmp/spark-3a97a9ae-1f29-4b86-8f62-6b2bfe9f8a9e
[2025-04-29T14:57:06.924+0000] {spark_submit.py:490} INFO - 25/04/29 14:57:06 INFO ShutdownHookManager: Deleting directory /tmp/spark-ada10b27-614b-40ea-be0d-c6ac1584e260
[2025-04-29T14:57:06.980+0000] {taskinstance.py:1824} ERROR - Task failed with exception
Traceback (most recent call last):
  File "/home/airflow/.local/lib/python3.7/site-packages/airflow/providers/apache/spark/operators/spark_submit.py", line 157, in execute
    self._hook.submit(self._application)
  File "/home/airflow/.local/lib/python3.7/site-packages/airflow/providers/apache/spark/hooks/spark_submit.py", line 422, in submit
    f"Cannot execute: {self._mask_cmd(spark_submit_cmd)}. Error code is: {returncode}."
airflow.exceptions.AirflowException: Cannot execute: spark-submit --master spark://spark-master:7077 --packages org.postgresql:postgresql:42.6.0,ru.yandex.clickhouse:clickhouse-jdbc:0.3.2 --executor-cores 1 --executor-memory 1g --driver-memory 1g --name arrow-spark /opt/airflow/spark/detect_suspicious.py --jdbc jdbc:postgresql://postgres:5432/finbest --clickhouse-url jdbc:clickhouse://clickhouse:8123/finbest. Error code is: 1.
[2025-04-29T14:57:06.983+0000] {taskinstance.py:1350} INFO - Marking task as FAILED. dag_id=transform, task_id=detect_suspicious, execution_date=20250429T145525, start_date=20250429T145652, end_date=20250429T145706
[2025-04-29T14:57:06.991+0000] {standard_task_runner.py:109} ERROR - Failed to execute job 36 for task detect_suspicious (Cannot execute: spark-submit --master spark://spark-master:7077 --packages org.postgresql:postgresql:42.6.0,ru.yandex.clickhouse:clickhouse-jdbc:0.3.2 --executor-cores 1 --executor-memory 1g --driver-memory 1g --name arrow-spark /opt/airflow/spark/detect_suspicious.py --jdbc jdbc:postgresql://postgres:5432/finbest --clickhouse-url jdbc:clickhouse://clickhouse:8123/finbest. Error code is: 1.; 8119)
[2025-04-29T14:57:07.013+0000] {local_task_job_runner.py:225} INFO - Task exited with return code 1
[2025-04-29T14:57:07.027+0000] {taskinstance.py:2653} INFO - 0 downstream tasks scheduled from follow-on schedule check
