[2025-04-29T14:55:34.830+0000] {taskinstance.py:1103} INFO - Dependencies all met for dep_context=non-requeueable deps ti=<TaskInstance: transform.detect_suspicious manual__2025-04-29T14:55:25.341052+00:00 [queued]>
[2025-04-29T14:55:34.837+0000] {taskinstance.py:1103} INFO - Dependencies all met for dep_context=requeueable deps ti=<TaskInstance: transform.detect_suspicious manual__2025-04-29T14:55:25.341052+00:00 [queued]>
[2025-04-29T14:55:34.837+0000] {taskinstance.py:1308} INFO - Starting attempt 1 of 2
[2025-04-29T14:55:34.848+0000] {taskinstance.py:1327} INFO - Executing <Task(SparkSubmitOperator): detect_suspicious> on 2025-04-29 14:55:25.341052+00:00
[2025-04-29T14:55:34.850+0000] {standard_task_runner.py:57} INFO - Started process 7756 to run task
[2025-04-29T14:55:34.852+0000] {standard_task_runner.py:84} INFO - Running: ['airflow', 'tasks', 'run', 'transform', 'detect_suspicious', 'manual__2025-04-29T14:55:25.341052+00:00', '--job-id', '35', '--raw', '--subdir', 'DAGS_FOLDER/transform.py', '--cfg-path', '/tmp/tmptiacva4e']
[2025-04-29T14:55:34.853+0000] {standard_task_runner.py:85} INFO - Job 35: Subtask detect_suspicious
[2025-04-29T14:55:34.890+0000] {task_command.py:410} INFO - Running <TaskInstance: transform.detect_suspicious manual__2025-04-29T14:55:25.341052+00:00 [running]> on host bd05f2cbfffd
[2025-04-29T14:55:35.034+0000] {taskinstance.py:1547} INFO - Exporting env vars: AIRFLOW_CTX_DAG_OWNER='finbest' AIRFLOW_CTX_DAG_ID='transform' AIRFLOW_CTX_TASK_ID='detect_suspicious' AIRFLOW_CTX_EXECUTION_DATE='2025-04-29T14:55:25.341052+00:00' AIRFLOW_CTX_TRY_NUMBER='1' AIRFLOW_CTX_DAG_RUN_ID='manual__2025-04-29T14:55:25.341052+00:00'
[2025-04-29T14:55:35.042+0000] {base.py:73} INFO - Using connection ID 'spark_default' for task execution.
[2025-04-29T14:55:35.043+0000] {spark_submit.py:339} INFO - Spark-Submit cmd: spark-submit --master spark://spark-master:7077 --packages org.postgresql:postgresql:42.6.0,ru.yandex.clickhouse:clickhouse-jdbc:0.3.2 --executor-cores 1 --executor-memory 1g --driver-memory 1g --name arrow-spark /opt/airflow/spark/detect_suspicious.py --jdbc jdbc:postgresql://postgres:5432/finbest --clickhouse-url jdbc:clickhouse://clickhouse:8123/finbest
[2025-04-29T14:55:36.234+0000] {spark_submit.py:490} INFO - :: loading settings :: url = jar:file:/opt/spark/jars/ivy-2.5.0.jar!/org/apache/ivy/core/settings/ivysettings.xml
[2025-04-29T14:55:36.325+0000] {spark_submit.py:490} INFO - Ivy Default Cache set to: /home/airflow/.ivy2/cache
[2025-04-29T14:55:36.325+0000] {spark_submit.py:490} INFO - The jars for the packages stored in: /home/airflow/.ivy2/jars
[2025-04-29T14:55:36.329+0000] {spark_submit.py:490} INFO - org.postgresql#postgresql added as a dependency
[2025-04-29T14:55:36.329+0000] {spark_submit.py:490} INFO - ru.yandex.clickhouse#clickhouse-jdbc added as a dependency
[2025-04-29T14:55:36.330+0000] {spark_submit.py:490} INFO - :: resolving dependencies :: org.apache.spark#spark-submit-parent-6535f25e-74bb-4e3a-a131-120b280dd9c1;1.0
[2025-04-29T14:55:36.330+0000] {spark_submit.py:490} INFO - confs: [default]
[2025-04-29T14:55:36.398+0000] {spark_submit.py:490} INFO - found org.postgresql#postgresql;42.6.0 in central
[2025-04-29T14:55:36.412+0000] {spark_submit.py:490} INFO - found org.checkerframework#checker-qual;3.31.0 in central
[2025-04-29T14:55:36.426+0000] {spark_submit.py:490} INFO - found ru.yandex.clickhouse#clickhouse-jdbc;0.3.2 in central
[2025-04-29T14:55:36.448+0000] {spark_submit.py:490} INFO - found com.clickhouse#clickhouse-http-client;0.3.2 in central
[2025-04-29T14:55:36.470+0000] {spark_submit.py:490} INFO - found com.clickhouse#clickhouse-client;0.3.2 in central
[2025-04-29T14:55:36.486+0000] {spark_submit.py:490} INFO - found org.lz4#lz4-java;1.8.0 in central
[2025-04-29T14:55:36.502+0000] {spark_submit.py:490} INFO - found com.google.code.gson#gson;2.8.8 in central
[2025-04-29T14:55:36.522+0000] {spark_submit.py:490} INFO - found org.apache.httpcomponents#httpclient;4.5.13 in central
[2025-04-29T14:55:36.538+0000] {spark_submit.py:490} INFO - found org.apache.httpcomponents#httpcore;4.4.13 in central
[2025-04-29T14:55:36.555+0000] {spark_submit.py:490} INFO - found commons-logging#commons-logging;1.2 in central
[2025-04-29T14:55:36.572+0000] {spark_submit.py:490} INFO - found commons-codec#commons-codec;1.11 in central
[2025-04-29T14:55:36.584+0000] {spark_submit.py:490} INFO - found org.apache.httpcomponents#httpmime;4.5.13 in central
[2025-04-29T14:55:36.603+0000] {spark_submit.py:490} INFO - :: resolution report :: resolve 263ms :: artifacts dl 9ms
[2025-04-29T14:55:36.603+0000] {spark_submit.py:490} INFO - :: modules in use:
[2025-04-29T14:55:36.603+0000] {spark_submit.py:490} INFO - com.clickhouse#clickhouse-client;0.3.2 from central in [default]
[2025-04-29T14:55:36.603+0000] {spark_submit.py:490} INFO - com.clickhouse#clickhouse-http-client;0.3.2 from central in [default]
[2025-04-29T14:55:36.603+0000] {spark_submit.py:490} INFO - com.google.code.gson#gson;2.8.8 from central in [default]
[2025-04-29T14:55:36.603+0000] {spark_submit.py:490} INFO - commons-codec#commons-codec;1.11 from central in [default]
[2025-04-29T14:55:36.603+0000] {spark_submit.py:490} INFO - commons-logging#commons-logging;1.2 from central in [default]
[2025-04-29T14:55:36.604+0000] {spark_submit.py:490} INFO - org.apache.httpcomponents#httpclient;4.5.13 from central in [default]
[2025-04-29T14:55:36.604+0000] {spark_submit.py:490} INFO - org.apache.httpcomponents#httpcore;4.4.13 from central in [default]
[2025-04-29T14:55:36.604+0000] {spark_submit.py:490} INFO - org.apache.httpcomponents#httpmime;4.5.13 from central in [default]
[2025-04-29T14:55:36.604+0000] {spark_submit.py:490} INFO - org.checkerframework#checker-qual;3.31.0 from central in [default]
[2025-04-29T14:55:36.604+0000] {spark_submit.py:490} INFO - org.lz4#lz4-java;1.8.0 from central in [default]
[2025-04-29T14:55:36.604+0000] {spark_submit.py:490} INFO - org.postgresql#postgresql;42.6.0 from central in [default]
[2025-04-29T14:55:36.604+0000] {spark_submit.py:490} INFO - ru.yandex.clickhouse#clickhouse-jdbc;0.3.2 from central in [default]
[2025-04-29T14:55:36.604+0000] {spark_submit.py:490} INFO - ---------------------------------------------------------------------
[2025-04-29T14:55:36.604+0000] {spark_submit.py:490} INFO - |                  |            modules            ||   artifacts   |
[2025-04-29T14:55:36.604+0000] {spark_submit.py:490} INFO - |       conf       | number| search|dwnlded|evicted|| number|dwnlded|
[2025-04-29T14:55:36.604+0000] {spark_submit.py:490} INFO - ---------------------------------------------------------------------
[2025-04-29T14:55:36.604+0000] {spark_submit.py:490} INFO - |      default     |   12  |   0   |   0   |   0   ||   12  |   0   |
[2025-04-29T14:55:36.605+0000] {spark_submit.py:490} INFO - ---------------------------------------------------------------------
[2025-04-29T14:55:36.609+0000] {spark_submit.py:490} INFO - :: retrieving :: org.apache.spark#spark-submit-parent-6535f25e-74bb-4e3a-a131-120b280dd9c1
[2025-04-29T14:55:36.609+0000] {spark_submit.py:490} INFO - confs: [default]
[2025-04-29T14:55:36.615+0000] {spark_submit.py:490} INFO - 0 artifacts copied, 12 already retrieved (0kB/6ms)
[2025-04-29T14:55:36.755+0000] {spark_submit.py:490} INFO - 25/04/29 14:55:36 WARN NativeCodeLoader: Unable to load native-hadoop library for your platform... using builtin-java classes where applicable
[2025-04-29T14:55:37.473+0000] {spark_submit.py:490} INFO - 25/04/29 14:55:37 INFO SparkContext: Running Spark version 3.3.0
[2025-04-29T14:55:37.488+0000] {spark_submit.py:490} INFO - 25/04/29 14:55:37 INFO ResourceUtils: ==============================================================
[2025-04-29T14:55:37.489+0000] {spark_submit.py:490} INFO - 25/04/29 14:55:37 INFO ResourceUtils: No custom resources configured for spark.driver.
[2025-04-29T14:55:37.489+0000] {spark_submit.py:490} INFO - 25/04/29 14:55:37 INFO ResourceUtils: ==============================================================
[2025-04-29T14:55:37.489+0000] {spark_submit.py:490} INFO - 25/04/29 14:55:37 INFO SparkContext: Submitted application: FinBestDetect
[2025-04-29T14:55:37.505+0000] {spark_submit.py:490} INFO - 25/04/29 14:55:37 INFO ResourceProfile: Default ResourceProfile created, executor resources: Map(cores -> name: cores, amount: 1, script: , vendor: , memory -> name: memory, amount: 1024, script: , vendor: , offHeap -> name: offHeap, amount: 0, script: , vendor: ), task resources: Map(cpus -> name: cpus, amount: 1.0)
[2025-04-29T14:55:37.515+0000] {spark_submit.py:490} INFO - 25/04/29 14:55:37 INFO ResourceProfile: Limiting resource is cpus at 1 tasks per executor
[2025-04-29T14:55:37.516+0000] {spark_submit.py:490} INFO - 25/04/29 14:55:37 INFO ResourceProfileManager: Added ResourceProfile id: 0
[2025-04-29T14:55:37.577+0000] {spark_submit.py:490} INFO - 25/04/29 14:55:37 INFO SecurityManager: Changing view acls to: airflow
[2025-04-29T14:55:37.578+0000] {spark_submit.py:490} INFO - 25/04/29 14:55:37 INFO SecurityManager: Changing modify acls to: airflow
[2025-04-29T14:55:37.578+0000] {spark_submit.py:490} INFO - 25/04/29 14:55:37 INFO SecurityManager: Changing view acls groups to:
[2025-04-29T14:55:37.578+0000] {spark_submit.py:490} INFO - 25/04/29 14:55:37 INFO SecurityManager: Changing modify acls groups to:
[2025-04-29T14:55:37.578+0000] {spark_submit.py:490} INFO - 25/04/29 14:55:37 INFO SecurityManager: SecurityManager: authentication disabled; ui acls disabled; users  with view permissions: Set(airflow); groups with view permissions: Set(); users  with modify permissions: Set(airflow); groups with modify permissions: Set()
[2025-04-29T14:55:37.765+0000] {spark_submit.py:490} INFO - 25/04/29 14:55:37 INFO Utils: Successfully started service 'sparkDriver' on port 43131.
[2025-04-29T14:55:37.787+0000] {spark_submit.py:490} INFO - 25/04/29 14:55:37 INFO SparkEnv: Registering MapOutputTracker
[2025-04-29T14:55:37.811+0000] {spark_submit.py:490} INFO - 25/04/29 14:55:37 INFO SparkEnv: Registering BlockManagerMaster
[2025-04-29T14:55:37.824+0000] {spark_submit.py:490} INFO - 25/04/29 14:55:37 INFO BlockManagerMasterEndpoint: Using org.apache.spark.storage.DefaultTopologyMapper for getting topology information
[2025-04-29T14:55:37.824+0000] {spark_submit.py:490} INFO - 25/04/29 14:55:37 INFO BlockManagerMasterEndpoint: BlockManagerMasterEndpoint up
[2025-04-29T14:55:37.827+0000] {spark_submit.py:490} INFO - 25/04/29 14:55:37 INFO SparkEnv: Registering BlockManagerMasterHeartbeat
[2025-04-29T14:55:37.842+0000] {spark_submit.py:490} INFO - 25/04/29 14:55:37 INFO DiskBlockManager: Created local directory at /tmp/blockmgr-ee71d058-13f7-410d-9787-493a58426233
[2025-04-29T14:55:37.854+0000] {spark_submit.py:490} INFO - 25/04/29 14:55:37 INFO MemoryStore: MemoryStore started with capacity 434.4 MiB
[2025-04-29T14:55:37.865+0000] {spark_submit.py:490} INFO - 25/04/29 14:55:37 INFO SparkEnv: Registering OutputCommitCoordinator
[2025-04-29T14:55:37.997+0000] {spark_submit.py:490} INFO - 25/04/29 14:55:37 INFO Utils: Successfully started service 'SparkUI' on port 4040.
[2025-04-29T14:55:38.025+0000] {spark_submit.py:490} INFO - 25/04/29 14:55:38 INFO SparkContext: Added JAR file:///home/airflow/.ivy2/jars/org.postgresql_postgresql-42.6.0.jar at spark://bd05f2cbfffd:43131/jars/org.postgresql_postgresql-42.6.0.jar with timestamp 1745938537467
[2025-04-29T14:55:38.026+0000] {spark_submit.py:490} INFO - 25/04/29 14:55:38 INFO SparkContext: Added JAR file:///home/airflow/.ivy2/jars/ru.yandex.clickhouse_clickhouse-jdbc-0.3.2.jar at spark://bd05f2cbfffd:43131/jars/ru.yandex.clickhouse_clickhouse-jdbc-0.3.2.jar with timestamp 1745938537467
[2025-04-29T14:55:38.026+0000] {spark_submit.py:490} INFO - 25/04/29 14:55:38 INFO SparkContext: Added JAR file:///home/airflow/.ivy2/jars/org.checkerframework_checker-qual-3.31.0.jar at spark://bd05f2cbfffd:43131/jars/org.checkerframework_checker-qual-3.31.0.jar with timestamp 1745938537467
[2025-04-29T14:55:38.026+0000] {spark_submit.py:490} INFO - 25/04/29 14:55:38 INFO SparkContext: Added JAR file:///home/airflow/.ivy2/jars/com.clickhouse_clickhouse-http-client-0.3.2.jar at spark://bd05f2cbfffd:43131/jars/com.clickhouse_clickhouse-http-client-0.3.2.jar with timestamp 1745938537467
[2025-04-29T14:55:38.026+0000] {spark_submit.py:490} INFO - 25/04/29 14:55:38 INFO SparkContext: Added JAR file:///home/airflow/.ivy2/jars/com.google.code.gson_gson-2.8.8.jar at spark://bd05f2cbfffd:43131/jars/com.google.code.gson_gson-2.8.8.jar with timestamp 1745938537467
[2025-04-29T14:55:38.026+0000] {spark_submit.py:490} INFO - 25/04/29 14:55:38 INFO SparkContext: Added JAR file:///home/airflow/.ivy2/jars/org.apache.httpcomponents_httpclient-4.5.13.jar at spark://bd05f2cbfffd:43131/jars/org.apache.httpcomponents_httpclient-4.5.13.jar with timestamp 1745938537467
[2025-04-29T14:55:38.026+0000] {spark_submit.py:490} INFO - 25/04/29 14:55:38 INFO SparkContext: Added JAR file:///home/airflow/.ivy2/jars/org.apache.httpcomponents_httpmime-4.5.13.jar at spark://bd05f2cbfffd:43131/jars/org.apache.httpcomponents_httpmime-4.5.13.jar with timestamp 1745938537467
[2025-04-29T14:55:38.026+0000] {spark_submit.py:490} INFO - 25/04/29 14:55:38 INFO SparkContext: Added JAR file:///home/airflow/.ivy2/jars/org.lz4_lz4-java-1.8.0.jar at spark://bd05f2cbfffd:43131/jars/org.lz4_lz4-java-1.8.0.jar with timestamp 1745938537467
[2025-04-29T14:55:38.026+0000] {spark_submit.py:490} INFO - 25/04/29 14:55:38 INFO SparkContext: Added JAR file:///home/airflow/.ivy2/jars/com.clickhouse_clickhouse-client-0.3.2.jar at spark://bd05f2cbfffd:43131/jars/com.clickhouse_clickhouse-client-0.3.2.jar with timestamp 1745938537467
[2025-04-29T14:55:38.026+0000] {spark_submit.py:490} INFO - 25/04/29 14:55:38 INFO SparkContext: Added JAR file:///home/airflow/.ivy2/jars/org.apache.httpcomponents_httpcore-4.4.13.jar at spark://bd05f2cbfffd:43131/jars/org.apache.httpcomponents_httpcore-4.4.13.jar with timestamp 1745938537467
[2025-04-29T14:55:38.027+0000] {spark_submit.py:490} INFO - 25/04/29 14:55:38 INFO SparkContext: Added JAR file:///home/airflow/.ivy2/jars/commons-logging_commons-logging-1.2.jar at spark://bd05f2cbfffd:43131/jars/commons-logging_commons-logging-1.2.jar with timestamp 1745938537467
[2025-04-29T14:55:38.027+0000] {spark_submit.py:490} INFO - 25/04/29 14:55:38 INFO SparkContext: Added JAR file:///home/airflow/.ivy2/jars/commons-codec_commons-codec-1.11.jar at spark://bd05f2cbfffd:43131/jars/commons-codec_commons-codec-1.11.jar with timestamp 1745938537467
[2025-04-29T14:55:38.029+0000] {spark_submit.py:490} INFO - 25/04/29 14:55:38 INFO SparkContext: Added file file:///home/airflow/.ivy2/jars/org.postgresql_postgresql-42.6.0.jar at spark://bd05f2cbfffd:43131/files/org.postgresql_postgresql-42.6.0.jar with timestamp 1745938537467
[2025-04-29T14:55:38.030+0000] {spark_submit.py:490} INFO - 25/04/29 14:55:38 INFO Utils: Copying /home/airflow/.ivy2/jars/org.postgresql_postgresql-42.6.0.jar to /tmp/spark-f6a26529-0ec0-4249-b7dd-dc1aca573e73/userFiles-ff16a52d-1893-41c1-9869-498f4aa5951c/org.postgresql_postgresql-42.6.0.jar
[2025-04-29T14:55:38.038+0000] {spark_submit.py:490} INFO - 25/04/29 14:55:38 INFO SparkContext: Added file file:///home/airflow/.ivy2/jars/ru.yandex.clickhouse_clickhouse-jdbc-0.3.2.jar at spark://bd05f2cbfffd:43131/files/ru.yandex.clickhouse_clickhouse-jdbc-0.3.2.jar with timestamp 1745938537467
[2025-04-29T14:55:38.038+0000] {spark_submit.py:490} INFO - 25/04/29 14:55:38 INFO Utils: Copying /home/airflow/.ivy2/jars/ru.yandex.clickhouse_clickhouse-jdbc-0.3.2.jar to /tmp/spark-f6a26529-0ec0-4249-b7dd-dc1aca573e73/userFiles-ff16a52d-1893-41c1-9869-498f4aa5951c/ru.yandex.clickhouse_clickhouse-jdbc-0.3.2.jar
[2025-04-29T14:55:38.041+0000] {spark_submit.py:490} INFO - 25/04/29 14:55:38 INFO SparkContext: Added file file:///home/airflow/.ivy2/jars/org.checkerframework_checker-qual-3.31.0.jar at spark://bd05f2cbfffd:43131/files/org.checkerframework_checker-qual-3.31.0.jar with timestamp 1745938537467
[2025-04-29T14:55:38.041+0000] {spark_submit.py:490} INFO - 25/04/29 14:55:38 INFO Utils: Copying /home/airflow/.ivy2/jars/org.checkerframework_checker-qual-3.31.0.jar to /tmp/spark-f6a26529-0ec0-4249-b7dd-dc1aca573e73/userFiles-ff16a52d-1893-41c1-9869-498f4aa5951c/org.checkerframework_checker-qual-3.31.0.jar
[2025-04-29T14:55:38.044+0000] {spark_submit.py:490} INFO - 25/04/29 14:55:38 INFO SparkContext: Added file file:///home/airflow/.ivy2/jars/com.clickhouse_clickhouse-http-client-0.3.2.jar at spark://bd05f2cbfffd:43131/files/com.clickhouse_clickhouse-http-client-0.3.2.jar with timestamp 1745938537467
[2025-04-29T14:55:38.045+0000] {spark_submit.py:490} INFO - 25/04/29 14:55:38 INFO Utils: Copying /home/airflow/.ivy2/jars/com.clickhouse_clickhouse-http-client-0.3.2.jar to /tmp/spark-f6a26529-0ec0-4249-b7dd-dc1aca573e73/userFiles-ff16a52d-1893-41c1-9869-498f4aa5951c/com.clickhouse_clickhouse-http-client-0.3.2.jar
[2025-04-29T14:55:38.047+0000] {spark_submit.py:490} INFO - 25/04/29 14:55:38 INFO SparkContext: Added file file:///home/airflow/.ivy2/jars/com.google.code.gson_gson-2.8.8.jar at spark://bd05f2cbfffd:43131/files/com.google.code.gson_gson-2.8.8.jar with timestamp 1745938537467
[2025-04-29T14:55:38.047+0000] {spark_submit.py:490} INFO - 25/04/29 14:55:38 INFO Utils: Copying /home/airflow/.ivy2/jars/com.google.code.gson_gson-2.8.8.jar to /tmp/spark-f6a26529-0ec0-4249-b7dd-dc1aca573e73/userFiles-ff16a52d-1893-41c1-9869-498f4aa5951c/com.google.code.gson_gson-2.8.8.jar
[2025-04-29T14:55:38.050+0000] {spark_submit.py:490} INFO - 25/04/29 14:55:38 INFO SparkContext: Added file file:///home/airflow/.ivy2/jars/org.apache.httpcomponents_httpclient-4.5.13.jar at spark://bd05f2cbfffd:43131/files/org.apache.httpcomponents_httpclient-4.5.13.jar with timestamp 1745938537467
[2025-04-29T14:55:38.051+0000] {spark_submit.py:490} INFO - 25/04/29 14:55:38 INFO Utils: Copying /home/airflow/.ivy2/jars/org.apache.httpcomponents_httpclient-4.5.13.jar to /tmp/spark-f6a26529-0ec0-4249-b7dd-dc1aca573e73/userFiles-ff16a52d-1893-41c1-9869-498f4aa5951c/org.apache.httpcomponents_httpclient-4.5.13.jar
[2025-04-29T14:55:38.054+0000] {spark_submit.py:490} INFO - 25/04/29 14:55:38 INFO SparkContext: Added file file:///home/airflow/.ivy2/jars/org.apache.httpcomponents_httpmime-4.5.13.jar at spark://bd05f2cbfffd:43131/files/org.apache.httpcomponents_httpmime-4.5.13.jar with timestamp 1745938537467
[2025-04-29T14:55:38.054+0000] {spark_submit.py:490} INFO - 25/04/29 14:55:38 INFO Utils: Copying /home/airflow/.ivy2/jars/org.apache.httpcomponents_httpmime-4.5.13.jar to /tmp/spark-f6a26529-0ec0-4249-b7dd-dc1aca573e73/userFiles-ff16a52d-1893-41c1-9869-498f4aa5951c/org.apache.httpcomponents_httpmime-4.5.13.jar
[2025-04-29T14:55:38.057+0000] {spark_submit.py:490} INFO - 25/04/29 14:55:38 INFO SparkContext: Added file file:///home/airflow/.ivy2/jars/org.lz4_lz4-java-1.8.0.jar at spark://bd05f2cbfffd:43131/files/org.lz4_lz4-java-1.8.0.jar with timestamp 1745938537467
[2025-04-29T14:55:38.057+0000] {spark_submit.py:490} INFO - 25/04/29 14:55:38 INFO Utils: Copying /home/airflow/.ivy2/jars/org.lz4_lz4-java-1.8.0.jar to /tmp/spark-f6a26529-0ec0-4249-b7dd-dc1aca573e73/userFiles-ff16a52d-1893-41c1-9869-498f4aa5951c/org.lz4_lz4-java-1.8.0.jar
[2025-04-29T14:55:38.060+0000] {spark_submit.py:490} INFO - 25/04/29 14:55:38 INFO SparkContext: Added file file:///home/airflow/.ivy2/jars/com.clickhouse_clickhouse-client-0.3.2.jar at spark://bd05f2cbfffd:43131/files/com.clickhouse_clickhouse-client-0.3.2.jar with timestamp 1745938537467
[2025-04-29T14:55:38.060+0000] {spark_submit.py:490} INFO - 25/04/29 14:55:38 INFO Utils: Copying /home/airflow/.ivy2/jars/com.clickhouse_clickhouse-client-0.3.2.jar to /tmp/spark-f6a26529-0ec0-4249-b7dd-dc1aca573e73/userFiles-ff16a52d-1893-41c1-9869-498f4aa5951c/com.clickhouse_clickhouse-client-0.3.2.jar
[2025-04-29T14:55:38.063+0000] {spark_submit.py:490} INFO - 25/04/29 14:55:38 INFO SparkContext: Added file file:///home/airflow/.ivy2/jars/org.apache.httpcomponents_httpcore-4.4.13.jar at spark://bd05f2cbfffd:43131/files/org.apache.httpcomponents_httpcore-4.4.13.jar with timestamp 1745938537467
[2025-04-29T14:55:38.063+0000] {spark_submit.py:490} INFO - 25/04/29 14:55:38 INFO Utils: Copying /home/airflow/.ivy2/jars/org.apache.httpcomponents_httpcore-4.4.13.jar to /tmp/spark-f6a26529-0ec0-4249-b7dd-dc1aca573e73/userFiles-ff16a52d-1893-41c1-9869-498f4aa5951c/org.apache.httpcomponents_httpcore-4.4.13.jar
[2025-04-29T14:55:38.066+0000] {spark_submit.py:490} INFO - 25/04/29 14:55:38 INFO SparkContext: Added file file:///home/airflow/.ivy2/jars/commons-logging_commons-logging-1.2.jar at spark://bd05f2cbfffd:43131/files/commons-logging_commons-logging-1.2.jar with timestamp 1745938537467
[2025-04-29T14:55:38.066+0000] {spark_submit.py:490} INFO - 25/04/29 14:55:38 INFO Utils: Copying /home/airflow/.ivy2/jars/commons-logging_commons-logging-1.2.jar to /tmp/spark-f6a26529-0ec0-4249-b7dd-dc1aca573e73/userFiles-ff16a52d-1893-41c1-9869-498f4aa5951c/commons-logging_commons-logging-1.2.jar
[2025-04-29T14:55:38.068+0000] {spark_submit.py:490} INFO - 25/04/29 14:55:38 INFO SparkContext: Added file file:///home/airflow/.ivy2/jars/commons-codec_commons-codec-1.11.jar at spark://bd05f2cbfffd:43131/files/commons-codec_commons-codec-1.11.jar with timestamp 1745938537467
[2025-04-29T14:55:38.069+0000] {spark_submit.py:490} INFO - 25/04/29 14:55:38 INFO Utils: Copying /home/airflow/.ivy2/jars/commons-codec_commons-codec-1.11.jar to /tmp/spark-f6a26529-0ec0-4249-b7dd-dc1aca573e73/userFiles-ff16a52d-1893-41c1-9869-498f4aa5951c/commons-codec_commons-codec-1.11.jar
[2025-04-29T14:55:38.133+0000] {spark_submit.py:490} INFO - 25/04/29 14:55:38 INFO StandaloneAppClient$ClientEndpoint: Connecting to master spark://spark-master:7077...
[2025-04-29T14:55:38.169+0000] {spark_submit.py:490} INFO - 25/04/29 14:55:38 INFO TransportClientFactory: Successfully created connection to spark-master/172.18.0.3:7077 after 23 ms (0 ms spent in bootstraps)
[2025-04-29T14:55:38.235+0000] {spark_submit.py:490} INFO - 25/04/29 14:55:38 INFO StandaloneSchedulerBackend: Connected to Spark cluster with app ID app-20250429145538-0004
[2025-04-29T14:55:38.236+0000] {spark_submit.py:490} INFO - 25/04/29 14:55:38 INFO StandaloneAppClient$ClientEndpoint: Executor added: app-20250429145538-0004/0 on worker-20250429121840-172.18.0.5-45227 (172.18.0.5:45227) with 1 core(s)
[2025-04-29T14:55:38.238+0000] {spark_submit.py:490} INFO - 25/04/29 14:55:38 INFO StandaloneSchedulerBackend: Granted executor ID app-20250429145538-0004/0 on hostPort 172.18.0.5:45227 with 1 core(s), 1024.0 MiB RAM
[2025-04-29T14:55:38.241+0000] {spark_submit.py:490} INFO - 25/04/29 14:55:38 INFO Utils: Successfully started service 'org.apache.spark.network.netty.NettyBlockTransferService' on port 43121.
[2025-04-29T14:55:38.241+0000] {spark_submit.py:490} INFO - 25/04/29 14:55:38 INFO NettyBlockTransferService: Server created on bd05f2cbfffd:43121
[2025-04-29T14:55:38.242+0000] {spark_submit.py:490} INFO - 25/04/29 14:55:38 INFO BlockManager: Using org.apache.spark.storage.RandomBlockReplicationPolicy for block replication policy
[2025-04-29T14:55:38.248+0000] {spark_submit.py:490} INFO - 25/04/29 14:55:38 INFO BlockManagerMaster: Registering BlockManager BlockManagerId(driver, bd05f2cbfffd, 43121, None)
[2025-04-29T14:55:38.251+0000] {spark_submit.py:490} INFO - 25/04/29 14:55:38 INFO BlockManagerMasterEndpoint: Registering block manager bd05f2cbfffd:43121 with 434.4 MiB RAM, BlockManagerId(driver, bd05f2cbfffd, 43121, None)
[2025-04-29T14:55:38.253+0000] {spark_submit.py:490} INFO - 25/04/29 14:55:38 INFO BlockManagerMaster: Registered BlockManager BlockManagerId(driver, bd05f2cbfffd, 43121, None)
[2025-04-29T14:55:38.254+0000] {spark_submit.py:490} INFO - 25/04/29 14:55:38 INFO BlockManager: Initialized BlockManager: BlockManagerId(driver, bd05f2cbfffd, 43121, None)
[2025-04-29T14:55:38.271+0000] {spark_submit.py:490} INFO - 25/04/29 14:55:38 INFO StandaloneAppClient$ClientEndpoint: Executor updated: app-20250429145538-0004/0 is now RUNNING
[2025-04-29T14:55:38.415+0000] {spark_submit.py:490} INFO - 25/04/29 14:55:38 INFO StandaloneSchedulerBackend: SchedulerBackend is ready for scheduling beginning after reached minRegisteredResourcesRatio: 0.0
[2025-04-29T14:55:38.583+0000] {spark_submit.py:490} INFO - INFO:__main__:SparkSession создан
[2025-04-29T14:55:38.588+0000] {spark_submit.py:490} INFO - 25/04/29 14:55:38 INFO SharedState: Setting hive.metastore.warehouse.dir ('null') to the value of spark.sql.warehouse.dir.
[2025-04-29T14:55:38.590+0000] {spark_submit.py:490} INFO - 25/04/29 14:55:38 INFO SharedState: Warehouse path is 'file:/opt/airflow/spark-warehouse'.
[2025-04-29T14:55:41.299+0000] {spark_submit.py:490} INFO - 25/04/29 14:55:41 INFO CoarseGrainedSchedulerBackend$DriverEndpoint: Registered executor NettyRpcEndpointRef(spark-client://Executor) (172.18.0.5:55936) with ID 0,  ResourceProfileId 0
[2025-04-29T14:55:41.407+0000] {spark_submit.py:490} INFO - 25/04/29 14:55:41 INFO BlockManagerMasterEndpoint: Registering block manager 172.18.0.5:45577 with 366.3 MiB RAM, BlockManagerId(0, 172.18.0.5, 45577, None)
[2025-04-29T14:55:42.630+0000] {spark_submit.py:490} INFO - 25/04/29 14:55:42 INFO CodeGenerator: Code generated in 85.293691 ms
[2025-04-29T14:55:42.682+0000] {spark_submit.py:490} INFO - 25/04/29 14:55:42 INFO DAGScheduler: Registering RDD 2 (count at NativeMethodAccessorImpl.java:0) as input to shuffle 0
[2025-04-29T14:55:42.686+0000] {spark_submit.py:490} INFO - 25/04/29 14:55:42 INFO DAGScheduler: Got map stage job 0 (count at NativeMethodAccessorImpl.java:0) with 1 output partitions
[2025-04-29T14:55:42.687+0000] {spark_submit.py:490} INFO - 25/04/29 14:55:42 INFO DAGScheduler: Final stage: ShuffleMapStage 0 (count at NativeMethodAccessorImpl.java:0)
[2025-04-29T14:55:42.687+0000] {spark_submit.py:490} INFO - 25/04/29 14:55:42 INFO DAGScheduler: Parents of final stage: List()
[2025-04-29T14:55:42.688+0000] {spark_submit.py:490} INFO - 25/04/29 14:55:42 INFO DAGScheduler: Missing parents: List()
[2025-04-29T14:55:42.690+0000] {spark_submit.py:490} INFO - 25/04/29 14:55:42 INFO DAGScheduler: Submitting ShuffleMapStage 0 (MapPartitionsRDD[2] at count at NativeMethodAccessorImpl.java:0), which has no missing parents
[2025-04-29T14:55:42.803+0000] {spark_submit.py:490} INFO - 25/04/29 14:55:42 INFO MemoryStore: Block broadcast_0 stored as values in memory (estimated size 13.3 KiB, free 434.4 MiB)
[2025-04-29T14:55:42.832+0000] {spark_submit.py:490} INFO - 25/04/29 14:55:42 INFO MemoryStore: Block broadcast_0_piece0 stored as bytes in memory (estimated size 7.0 KiB, free 434.4 MiB)
[2025-04-29T14:55:42.834+0000] {spark_submit.py:490} INFO - 25/04/29 14:55:42 INFO BlockManagerInfo: Added broadcast_0_piece0 in memory on bd05f2cbfffd:43121 (size: 7.0 KiB, free: 434.4 MiB)
[2025-04-29T14:55:42.837+0000] {spark_submit.py:490} INFO - 25/04/29 14:55:42 INFO SparkContext: Created broadcast 0 from broadcast at DAGScheduler.scala:1513
[2025-04-29T14:55:42.851+0000] {spark_submit.py:490} INFO - 25/04/29 14:55:42 INFO DAGScheduler: Submitting 1 missing tasks from ShuffleMapStage 0 (MapPartitionsRDD[2] at count at NativeMethodAccessorImpl.java:0) (first 15 tasks are for partitions Vector(0))
[2025-04-29T14:55:42.852+0000] {spark_submit.py:490} INFO - 25/04/29 14:55:42 INFO TaskSchedulerImpl: Adding task set 0.0 with 1 tasks resource profile 0
[2025-04-29T14:55:42.879+0000] {spark_submit.py:490} INFO - 25/04/29 14:55:42 INFO TaskSetManager: Starting task 0.0 in stage 0.0 (TID 0) (172.18.0.5, executor 0, partition 0, PROCESS_LOCAL, 4292 bytes) taskResourceAssignments Map()
[2025-04-29T14:55:43.057+0000] {spark_submit.py:490} INFO - 25/04/29 14:55:43 INFO BlockManagerInfo: Added broadcast_0_piece0 in memory on 172.18.0.5:45577 (size: 7.0 KiB, free: 366.3 MiB)
[2025-04-29T14:55:43.953+0000] {spark_submit.py:490} INFO - 25/04/29 14:55:43 INFO TaskSetManager: Finished task 0.0 in stage 0.0 (TID 0) in 1081 ms on 172.18.0.5 (executor 0) (1/1)
[2025-04-29T14:55:43.955+0000] {spark_submit.py:490} INFO - 25/04/29 14:55:43 INFO TaskSchedulerImpl: Removed TaskSet 0.0, whose tasks have all completed, from pool
[2025-04-29T14:55:43.961+0000] {spark_submit.py:490} INFO - 25/04/29 14:55:43 INFO DAGScheduler: ShuffleMapStage 0 (count at NativeMethodAccessorImpl.java:0) finished in 1.260 s
[2025-04-29T14:55:43.962+0000] {spark_submit.py:490} INFO - 25/04/29 14:55:43 INFO DAGScheduler: looking for newly runnable stages
[2025-04-29T14:55:43.962+0000] {spark_submit.py:490} INFO - 25/04/29 14:55:43 INFO DAGScheduler: running: Set()
[2025-04-29T14:55:43.962+0000] {spark_submit.py:490} INFO - 25/04/29 14:55:43 INFO DAGScheduler: waiting: Set()
[2025-04-29T14:55:43.962+0000] {spark_submit.py:490} INFO - 25/04/29 14:55:43 INFO DAGScheduler: failed: Set()
[2025-04-29T14:55:43.997+0000] {spark_submit.py:490} INFO - 25/04/29 14:55:43 INFO CodeGenerator: Code generated in 9.001472 ms
[2025-04-29T14:55:44.027+0000] {spark_submit.py:490} INFO - 25/04/29 14:55:44 INFO SparkContext: Starting job: count at NativeMethodAccessorImpl.java:0
[2025-04-29T14:55:44.030+0000] {spark_submit.py:490} INFO - 25/04/29 14:55:44 INFO DAGScheduler: Got job 1 (count at NativeMethodAccessorImpl.java:0) with 1 output partitions
[2025-04-29T14:55:44.030+0000] {spark_submit.py:490} INFO - 25/04/29 14:55:44 INFO DAGScheduler: Final stage: ResultStage 2 (count at NativeMethodAccessorImpl.java:0)
[2025-04-29T14:55:44.030+0000] {spark_submit.py:490} INFO - 25/04/29 14:55:44 INFO DAGScheduler: Parents of final stage: List(ShuffleMapStage 1)
[2025-04-29T14:55:44.031+0000] {spark_submit.py:490} INFO - 25/04/29 14:55:44 INFO DAGScheduler: Missing parents: List()
[2025-04-29T14:55:44.032+0000] {spark_submit.py:490} INFO - 25/04/29 14:55:44 INFO DAGScheduler: Submitting ResultStage 2 (MapPartitionsRDD[5] at count at NativeMethodAccessorImpl.java:0), which has no missing parents
[2025-04-29T14:55:44.042+0000] {spark_submit.py:490} INFO - 25/04/29 14:55:44 INFO MemoryStore: Block broadcast_1 stored as values in memory (estimated size 11.1 KiB, free 434.4 MiB)
[2025-04-29T14:55:44.045+0000] {spark_submit.py:490} INFO - 25/04/29 14:55:44 INFO MemoryStore: Block broadcast_1_piece0 stored as bytes in memory (estimated size 5.5 KiB, free 434.4 MiB)
[2025-04-29T14:55:44.045+0000] {spark_submit.py:490} INFO - 25/04/29 14:55:44 INFO BlockManagerInfo: Added broadcast_1_piece0 in memory on bd05f2cbfffd:43121 (size: 5.5 KiB, free: 434.4 MiB)
[2025-04-29T14:55:44.046+0000] {spark_submit.py:490} INFO - 25/04/29 14:55:44 INFO SparkContext: Created broadcast 1 from broadcast at DAGScheduler.scala:1513
[2025-04-29T14:55:44.048+0000] {spark_submit.py:490} INFO - 25/04/29 14:55:44 INFO DAGScheduler: Submitting 1 missing tasks from ResultStage 2 (MapPartitionsRDD[5] at count at NativeMethodAccessorImpl.java:0) (first 15 tasks are for partitions Vector(0))
[2025-04-29T14:55:44.048+0000] {spark_submit.py:490} INFO - 25/04/29 14:55:44 INFO TaskSchedulerImpl: Adding task set 2.0 with 1 tasks resource profile 0
[2025-04-29T14:55:44.054+0000] {spark_submit.py:490} INFO - 25/04/29 14:55:44 INFO TaskSetManager: Starting task 0.0 in stage 2.0 (TID 1) (172.18.0.5, executor 0, partition 0, NODE_LOCAL, 4457 bytes) taskResourceAssignments Map()
[2025-04-29T14:55:44.074+0000] {spark_submit.py:490} INFO - 25/04/29 14:55:44 INFO BlockManagerInfo: Added broadcast_1_piece0 in memory on 172.18.0.5:45577 (size: 5.5 KiB, free: 366.3 MiB)
[2025-04-29T14:55:44.184+0000] {spark_submit.py:490} INFO - 25/04/29 14:55:44 INFO MapOutputTrackerMasterEndpoint: Asked to send map output locations for shuffle 0 to 172.18.0.5:55936
[2025-04-29T14:55:44.367+0000] {spark_submit.py:490} INFO - 25/04/29 14:55:44 INFO TaskSetManager: Finished task 0.0 in stage 2.0 (TID 1) in 315 ms on 172.18.0.5 (executor 0) (1/1)
[2025-04-29T14:55:44.367+0000] {spark_submit.py:490} INFO - 25/04/29 14:55:44 INFO TaskSchedulerImpl: Removed TaskSet 2.0, whose tasks have all completed, from pool
[2025-04-29T14:55:44.368+0000] {spark_submit.py:490} INFO - 25/04/29 14:55:44 INFO DAGScheduler: ResultStage 2 (count at NativeMethodAccessorImpl.java:0) finished in 0.330 s
[2025-04-29T14:55:44.370+0000] {spark_submit.py:490} INFO - 25/04/29 14:55:44 INFO DAGScheduler: Job 1 is finished. Cancelling potential speculative or zombie tasks for this job
[2025-04-29T14:55:44.370+0000] {spark_submit.py:490} INFO - 25/04/29 14:55:44 INFO TaskSchedulerImpl: Killing all running tasks in stage 2: Stage finished
[2025-04-29T14:55:44.371+0000] {spark_submit.py:490} INFO - 25/04/29 14:55:44 INFO DAGScheduler: Job 1 finished: count at NativeMethodAccessorImpl.java:0, took 0.343602 s
[2025-04-29T14:55:44.378+0000] {spark_submit.py:490} INFO - INFO:__main__:Таблица raw.masked_transactions загружена, записей: 1000
[2025-04-29T14:55:44.521+0000] {spark_submit.py:490} INFO - 25/04/29 14:55:44 INFO DAGScheduler: Registering RDD 8 (count at NativeMethodAccessorImpl.java:0) as input to shuffle 1
[2025-04-29T14:55:44.522+0000] {spark_submit.py:490} INFO - 25/04/29 14:55:44 INFO DAGScheduler: Got map stage job 2 (count at NativeMethodAccessorImpl.java:0) with 1 output partitions
[2025-04-29T14:55:44.522+0000] {spark_submit.py:490} INFO - 25/04/29 14:55:44 INFO DAGScheduler: Final stage: ShuffleMapStage 3 (count at NativeMethodAccessorImpl.java:0)
[2025-04-29T14:55:44.522+0000] {spark_submit.py:490} INFO - 25/04/29 14:55:44 INFO DAGScheduler: Parents of final stage: List()
[2025-04-29T14:55:44.522+0000] {spark_submit.py:490} INFO - 25/04/29 14:55:44 INFO DAGScheduler: Missing parents: List()
[2025-04-29T14:55:44.522+0000] {spark_submit.py:490} INFO - 25/04/29 14:55:44 INFO DAGScheduler: Submitting ShuffleMapStage 3 (MapPartitionsRDD[8] at count at NativeMethodAccessorImpl.java:0), which has no missing parents
[2025-04-29T14:55:44.525+0000] {spark_submit.py:490} INFO - 25/04/29 14:55:44 INFO MemoryStore: Block broadcast_2 stored as values in memory (estimated size 13.4 KiB, free 434.4 MiB)
[2025-04-29T14:55:44.526+0000] {spark_submit.py:490} INFO - 25/04/29 14:55:44 INFO MemoryStore: Block broadcast_2_piece0 stored as bytes in memory (estimated size 7.0 KiB, free 434.3 MiB)
[2025-04-29T14:55:44.527+0000] {spark_submit.py:490} INFO - 25/04/29 14:55:44 INFO BlockManagerInfo: Added broadcast_2_piece0 in memory on bd05f2cbfffd:43121 (size: 7.0 KiB, free: 434.4 MiB)
[2025-04-29T14:55:44.528+0000] {spark_submit.py:490} INFO - 25/04/29 14:55:44 INFO SparkContext: Created broadcast 2 from broadcast at DAGScheduler.scala:1513
[2025-04-29T14:55:44.528+0000] {spark_submit.py:490} INFO - 25/04/29 14:55:44 INFO DAGScheduler: Submitting 1 missing tasks from ShuffleMapStage 3 (MapPartitionsRDD[8] at count at NativeMethodAccessorImpl.java:0) (first 15 tasks are for partitions Vector(0))
[2025-04-29T14:55:44.528+0000] {spark_submit.py:490} INFO - 25/04/29 14:55:44 INFO TaskSchedulerImpl: Adding task set 3.0 with 1 tasks resource profile 0
[2025-04-29T14:55:44.530+0000] {spark_submit.py:490} INFO - 25/04/29 14:55:44 INFO TaskSetManager: Starting task 0.0 in stage 3.0 (TID 2) (172.18.0.5, executor 0, partition 0, PROCESS_LOCAL, 4292 bytes) taskResourceAssignments Map()
[2025-04-29T14:55:44.544+0000] {spark_submit.py:490} INFO - 25/04/29 14:55:44 INFO BlockManagerInfo: Added broadcast_2_piece0 in memory on 172.18.0.5:45577 (size: 7.0 KiB, free: 366.3 MiB)
[2025-04-29T14:55:44.590+0000] {spark_submit.py:490} INFO - 25/04/29 14:55:44 INFO TaskSetManager: Finished task 0.0 in stage 3.0 (TID 2) in 60 ms on 172.18.0.5 (executor 0) (1/1)
[2025-04-29T14:55:44.590+0000] {spark_submit.py:490} INFO - 25/04/29 14:55:44 INFO TaskSchedulerImpl: Removed TaskSet 3.0, whose tasks have all completed, from pool
[2025-04-29T14:55:44.594+0000] {spark_submit.py:490} INFO - 25/04/29 14:55:44 INFO DAGScheduler: ShuffleMapStage 3 (count at NativeMethodAccessorImpl.java:0) finished in 0.068 s
[2025-04-29T14:55:44.595+0000] {spark_submit.py:490} INFO - 25/04/29 14:55:44 INFO DAGScheduler: looking for newly runnable stages
[2025-04-29T14:55:44.595+0000] {spark_submit.py:490} INFO - 25/04/29 14:55:44 INFO DAGScheduler: running: Set()
[2025-04-29T14:55:44.595+0000] {spark_submit.py:490} INFO - 25/04/29 14:55:44 INFO DAGScheduler: waiting: Set()
[2025-04-29T14:55:44.595+0000] {spark_submit.py:490} INFO - 25/04/29 14:55:44 INFO DAGScheduler: failed: Set()
[2025-04-29T14:55:44.616+0000] {spark_submit.py:490} INFO - 25/04/29 14:55:44 INFO SparkContext: Starting job: count at NativeMethodAccessorImpl.java:0
[2025-04-29T14:55:44.617+0000] {spark_submit.py:490} INFO - 25/04/29 14:55:44 INFO DAGScheduler: Got job 3 (count at NativeMethodAccessorImpl.java:0) with 1 output partitions
[2025-04-29T14:55:44.617+0000] {spark_submit.py:490} INFO - 25/04/29 14:55:44 INFO DAGScheduler: Final stage: ResultStage 5 (count at NativeMethodAccessorImpl.java:0)
[2025-04-29T14:55:44.618+0000] {spark_submit.py:490} INFO - 25/04/29 14:55:44 INFO DAGScheduler: Parents of final stage: List(ShuffleMapStage 4)
[2025-04-29T14:55:44.618+0000] {spark_submit.py:490} INFO - 25/04/29 14:55:44 INFO DAGScheduler: Missing parents: List()
[2025-04-29T14:55:44.618+0000] {spark_submit.py:490} INFO - 25/04/29 14:55:44 INFO DAGScheduler: Submitting ResultStage 5 (MapPartitionsRDD[11] at count at NativeMethodAccessorImpl.java:0), which has no missing parents
[2025-04-29T14:55:44.621+0000] {spark_submit.py:490} INFO - 25/04/29 14:55:44 INFO MemoryStore: Block broadcast_3 stored as values in memory (estimated size 11.1 KiB, free 434.3 MiB)
[2025-04-29T14:55:44.623+0000] {spark_submit.py:490} INFO - 25/04/29 14:55:44 INFO MemoryStore: Block broadcast_3_piece0 stored as bytes in memory (estimated size 5.5 KiB, free 434.3 MiB)
[2025-04-29T14:55:44.624+0000] {spark_submit.py:490} INFO - 25/04/29 14:55:44 INFO BlockManagerInfo: Added broadcast_3_piece0 in memory on bd05f2cbfffd:43121 (size: 5.5 KiB, free: 434.4 MiB)
[2025-04-29T14:55:44.624+0000] {spark_submit.py:490} INFO - 25/04/29 14:55:44 INFO SparkContext: Created broadcast 3 from broadcast at DAGScheduler.scala:1513
[2025-04-29T14:55:44.625+0000] {spark_submit.py:490} INFO - 25/04/29 14:55:44 INFO DAGScheduler: Submitting 1 missing tasks from ResultStage 5 (MapPartitionsRDD[11] at count at NativeMethodAccessorImpl.java:0) (first 15 tasks are for partitions Vector(0))
[2025-04-29T14:55:44.627+0000] {spark_submit.py:490} INFO - 25/04/29 14:55:44 INFO TaskSchedulerImpl: Adding task set 5.0 with 1 tasks resource profile 0
[2025-04-29T14:55:44.628+0000] {spark_submit.py:490} INFO - 25/04/29 14:55:44 INFO TaskSetManager: Starting task 0.0 in stage 5.0 (TID 3) (172.18.0.5, executor 0, partition 0, NODE_LOCAL, 4457 bytes) taskResourceAssignments Map()
[2025-04-29T14:55:44.655+0000] {spark_submit.py:490} INFO - 25/04/29 14:55:44 INFO BlockManagerInfo: Added broadcast_3_piece0 in memory on 172.18.0.5:45577 (size: 5.5 KiB, free: 366.3 MiB)
[2025-04-29T14:55:44.666+0000] {spark_submit.py:490} INFO - 25/04/29 14:55:44 INFO MapOutputTrackerMasterEndpoint: Asked to send map output locations for shuffle 1 to 172.18.0.5:55936
[2025-04-29T14:55:44.678+0000] {spark_submit.py:490} INFO - 25/04/29 14:55:44 INFO TaskSetManager: Finished task 0.0 in stage 5.0 (TID 3) in 51 ms on 172.18.0.5 (executor 0) (1/1)
[2025-04-29T14:55:44.679+0000] {spark_submit.py:490} INFO - 25/04/29 14:55:44 INFO TaskSchedulerImpl: Removed TaskSet 5.0, whose tasks have all completed, from pool
[2025-04-29T14:55:44.680+0000] {spark_submit.py:490} INFO - 25/04/29 14:55:44 INFO DAGScheduler: ResultStage 5 (count at NativeMethodAccessorImpl.java:0) finished in 0.060 s
[2025-04-29T14:55:44.680+0000] {spark_submit.py:490} INFO - 25/04/29 14:55:44 INFO DAGScheduler: Job 3 is finished. Cancelling potential speculative or zombie tasks for this job
[2025-04-29T14:55:44.680+0000] {spark_submit.py:490} INFO - 25/04/29 14:55:44 INFO TaskSchedulerImpl: Killing all running tasks in stage 5: Stage finished
[2025-04-29T14:55:44.681+0000] {spark_submit.py:490} INFO - 25/04/29 14:55:44 INFO DAGScheduler: Job 3 finished: count at NativeMethodAccessorImpl.java:0, took 0.064455 s
[2025-04-29T14:55:44.682+0000] {spark_submit.py:490} INFO - INFO:__main__:Правило large_tx отработано, записей: 371
[2025-04-29T14:55:45.057+0000] {spark_submit.py:490} INFO - 25/04/29 14:55:45 INFO CodeGenerator: Code generated in 21.662336 ms
[2025-04-29T14:55:45.068+0000] {spark_submit.py:490} INFO - 25/04/29 14:55:45 INFO DAGScheduler: Registering RDD 14 (count at NativeMethodAccessorImpl.java:0) as input to shuffle 2
[2025-04-29T14:55:45.068+0000] {spark_submit.py:490} INFO - 25/04/29 14:55:45 INFO DAGScheduler: Got map stage job 4 (count at NativeMethodAccessorImpl.java:0) with 1 output partitions
[2025-04-29T14:55:45.069+0000] {spark_submit.py:490} INFO - 25/04/29 14:55:45 INFO DAGScheduler: Final stage: ShuffleMapStage 6 (count at NativeMethodAccessorImpl.java:0)
[2025-04-29T14:55:45.069+0000] {spark_submit.py:490} INFO - 25/04/29 14:55:45 INFO DAGScheduler: Parents of final stage: List()
[2025-04-29T14:55:45.069+0000] {spark_submit.py:490} INFO - 25/04/29 14:55:45 INFO DAGScheduler: Missing parents: List()
[2025-04-29T14:55:45.073+0000] {spark_submit.py:490} INFO - 25/04/29 14:55:45 INFO DAGScheduler: Submitting ShuffleMapStage 6 (MapPartitionsRDD[14] at count at NativeMethodAccessorImpl.java:0), which has no missing parents
[2025-04-29T14:55:45.102+0000] {spark_submit.py:490} INFO - 25/04/29 14:55:45 INFO MemoryStore: Block broadcast_4 stored as values in memory (estimated size 14.0 KiB, free 434.3 MiB)
[2025-04-29T14:55:45.151+0000] {spark_submit.py:490} INFO - 25/04/29 14:55:45 INFO MemoryStore: Block broadcast_4_piece0 stored as bytes in memory (estimated size 7.3 KiB, free 434.3 MiB)
[2025-04-29T14:55:45.153+0000] {spark_submit.py:490} INFO - 25/04/29 14:55:45 INFO BlockManagerInfo: Added broadcast_4_piece0 in memory on bd05f2cbfffd:43121 (size: 7.3 KiB, free: 434.4 MiB)
[2025-04-29T14:55:45.155+0000] {spark_submit.py:490} INFO - 25/04/29 14:55:45 INFO SparkContext: Created broadcast 4 from broadcast at DAGScheduler.scala:1513
[2025-04-29T14:55:45.157+0000] {spark_submit.py:490} INFO - 25/04/29 14:55:45 INFO DAGScheduler: Submitting 1 missing tasks from ShuffleMapStage 6 (MapPartitionsRDD[14] at count at NativeMethodAccessorImpl.java:0) (first 15 tasks are for partitions Vector(0))
[2025-04-29T14:55:45.161+0000] {spark_submit.py:490} INFO - 25/04/29 14:55:45 INFO TaskSchedulerImpl: Adding task set 6.0 with 1 tasks resource profile 0
[2025-04-29T14:55:45.161+0000] {spark_submit.py:490} INFO - 25/04/29 14:55:45 INFO TaskSetManager: Starting task 0.0 in stage 6.0 (TID 4) (172.18.0.5, executor 0, partition 0, PROCESS_LOCAL, 4292 bytes) taskResourceAssignments Map()
[2025-04-29T14:55:45.207+0000] {spark_submit.py:490} INFO - 25/04/29 14:55:45 INFO BlockManagerInfo: Added broadcast_4_piece0 in memory on 172.18.0.5:45577 (size: 7.3 KiB, free: 366.3 MiB)
[2025-04-29T14:55:45.209+0000] {spark_submit.py:490} INFO - 25/04/29 14:55:45 INFO BlockManagerInfo: Removed broadcast_2_piece0 on bd05f2cbfffd:43121 in memory (size: 7.0 KiB, free: 434.4 MiB)
[2025-04-29T14:55:45.215+0000] {spark_submit.py:490} INFO - 25/04/29 14:55:45 INFO BlockManagerInfo: Removed broadcast_2_piece0 on 172.18.0.5:45577 in memory (size: 7.0 KiB, free: 366.3 MiB)
[2025-04-29T14:55:45.226+0000] {spark_submit.py:490} INFO - 25/04/29 14:55:45 INFO BlockManagerInfo: Removed broadcast_1_piece0 on bd05f2cbfffd:43121 in memory (size: 5.5 KiB, free: 434.4 MiB)
[2025-04-29T14:55:45.232+0000] {spark_submit.py:490} INFO - 25/04/29 14:55:45 INFO BlockManagerInfo: Removed broadcast_1_piece0 on 172.18.0.5:45577 in memory (size: 5.5 KiB, free: 366.3 MiB)
[2025-04-29T14:55:45.240+0000] {spark_submit.py:490} INFO - 25/04/29 14:55:45 INFO BlockManagerInfo: Removed broadcast_0_piece0 on bd05f2cbfffd:43121 in memory (size: 7.0 KiB, free: 434.4 MiB)
[2025-04-29T14:55:45.248+0000] {spark_submit.py:490} INFO - 25/04/29 14:55:45 INFO BlockManagerInfo: Removed broadcast_0_piece0 on 172.18.0.5:45577 in memory (size: 7.0 KiB, free: 366.3 MiB)
[2025-04-29T14:55:45.267+0000] {spark_submit.py:490} INFO - 25/04/29 14:55:45 INFO BlockManagerInfo: Removed broadcast_3_piece0 on bd05f2cbfffd:43121 in memory (size: 5.5 KiB, free: 434.4 MiB)
[2025-04-29T14:55:45.271+0000] {spark_submit.py:490} INFO - 25/04/29 14:55:45 INFO BlockManagerInfo: Removed broadcast_3_piece0 on 172.18.0.5:45577 in memory (size: 5.5 KiB, free: 366.3 MiB)
[2025-04-29T14:55:45.935+0000] {spark_submit.py:490} INFO - 25/04/29 14:55:45 INFO TaskSetManager: Finished task 0.0 in stage 6.0 (TID 4) in 776 ms on 172.18.0.5 (executor 0) (1/1)
[2025-04-29T14:55:45.935+0000] {spark_submit.py:490} INFO - 25/04/29 14:55:45 INFO TaskSchedulerImpl: Removed TaskSet 6.0, whose tasks have all completed, from pool
[2025-04-29T14:55:45.936+0000] {spark_submit.py:490} INFO - 25/04/29 14:55:45 INFO DAGScheduler: ShuffleMapStage 6 (count at NativeMethodAccessorImpl.java:0) finished in 0.863 s
[2025-04-29T14:55:45.936+0000] {spark_submit.py:490} INFO - 25/04/29 14:55:45 INFO DAGScheduler: looking for newly runnable stages
[2025-04-29T14:55:45.936+0000] {spark_submit.py:490} INFO - 25/04/29 14:55:45 INFO DAGScheduler: running: Set()
[2025-04-29T14:55:45.937+0000] {spark_submit.py:490} INFO - 25/04/29 14:55:45 INFO DAGScheduler: waiting: Set()
[2025-04-29T14:55:45.937+0000] {spark_submit.py:490} INFO - 25/04/29 14:55:45 INFO DAGScheduler: failed: Set()
[2025-04-29T14:55:45.953+0000] {spark_submit.py:490} INFO - 25/04/29 14:55:45 INFO ShufflePartitionsUtil: For shuffle(2), advisory target size: 67108864, actual target size 1048576, minimum partition size: 1048576
[2025-04-29T14:55:45.990+0000] {spark_submit.py:490} INFO - 25/04/29 14:55:45 INFO CodeGenerator: Code generated in 11.196502 ms
[2025-04-29T14:55:46.014+0000] {spark_submit.py:490} INFO - 25/04/29 14:55:46 INFO CodeGenerator: Code generated in 15.735902 ms
[2025-04-29T14:55:46.058+0000] {spark_submit.py:490} INFO - 25/04/29 14:55:46 INFO DAGScheduler: Registering RDD 19 (count at NativeMethodAccessorImpl.java:0) as input to shuffle 3
[2025-04-29T14:55:46.058+0000] {spark_submit.py:490} INFO - 25/04/29 14:55:46 INFO DAGScheduler: Got map stage job 5 (count at NativeMethodAccessorImpl.java:0) with 1 output partitions
[2025-04-29T14:55:46.058+0000] {spark_submit.py:490} INFO - 25/04/29 14:55:46 INFO DAGScheduler: Final stage: ShuffleMapStage 8 (count at NativeMethodAccessorImpl.java:0)
[2025-04-29T14:55:46.058+0000] {spark_submit.py:490} INFO - 25/04/29 14:55:46 INFO DAGScheduler: Parents of final stage: List(ShuffleMapStage 7)
[2025-04-29T14:55:46.059+0000] {spark_submit.py:490} INFO - 25/04/29 14:55:46 INFO DAGScheduler: Missing parents: List()
[2025-04-29T14:55:46.059+0000] {spark_submit.py:490} INFO - 25/04/29 14:55:46 INFO DAGScheduler: Submitting ShuffleMapStage 8 (MapPartitionsRDD[19] at count at NativeMethodAccessorImpl.java:0), which has no missing parents
[2025-04-29T14:55:46.067+0000] {spark_submit.py:490} INFO - 25/04/29 14:55:46 INFO MemoryStore: Block broadcast_5 stored as values in memory (estimated size 34.6 KiB, free 434.3 MiB)
[2025-04-29T14:55:46.068+0000] {spark_submit.py:490} INFO - 25/04/29 14:55:46 INFO MemoryStore: Block broadcast_5_piece0 stored as bytes in memory (estimated size 16.6 KiB, free 434.3 MiB)
[2025-04-29T14:55:46.068+0000] {spark_submit.py:490} INFO - 25/04/29 14:55:46 INFO BlockManagerInfo: Added broadcast_5_piece0 in memory on bd05f2cbfffd:43121 (size: 16.6 KiB, free: 434.4 MiB)
[2025-04-29T14:55:46.069+0000] {spark_submit.py:490} INFO - 25/04/29 14:55:46 INFO SparkContext: Created broadcast 5 from broadcast at DAGScheduler.scala:1513
[2025-04-29T14:55:46.069+0000] {spark_submit.py:490} INFO - 25/04/29 14:55:46 INFO DAGScheduler: Submitting 1 missing tasks from ShuffleMapStage 8 (MapPartitionsRDD[19] at count at NativeMethodAccessorImpl.java:0) (first 15 tasks are for partitions Vector(0))
[2025-04-29T14:55:46.070+0000] {spark_submit.py:490} INFO - 25/04/29 14:55:46 INFO TaskSchedulerImpl: Adding task set 8.0 with 1 tasks resource profile 0
[2025-04-29T14:55:46.071+0000] {spark_submit.py:490} INFO - 25/04/29 14:55:46 INFO TaskSetManager: Starting task 0.0 in stage 8.0 (TID 5) (172.18.0.5, executor 0, partition 0, NODE_LOCAL, 4446 bytes) taskResourceAssignments Map()
[2025-04-29T14:55:46.085+0000] {spark_submit.py:490} INFO - 25/04/29 14:55:46 INFO BlockManagerInfo: Added broadcast_5_piece0 in memory on 172.18.0.5:45577 (size: 16.6 KiB, free: 366.3 MiB)
[2025-04-29T14:55:46.211+0000] {spark_submit.py:490} INFO - 25/04/29 14:55:46 INFO MapOutputTrackerMasterEndpoint: Asked to send map output locations for shuffle 2 to 172.18.0.5:55936
[2025-04-29T14:55:46.504+0000] {spark_submit.py:490} INFO - 25/04/29 14:55:46 INFO TaskSetManager: Finished task 0.0 in stage 8.0 (TID 5) in 433 ms on 172.18.0.5 (executor 0) (1/1)
[2025-04-29T14:55:46.505+0000] {spark_submit.py:490} INFO - 25/04/29 14:55:46 INFO TaskSchedulerImpl: Removed TaskSet 8.0, whose tasks have all completed, from pool
[2025-04-29T14:55:46.505+0000] {spark_submit.py:490} INFO - 25/04/29 14:55:46 INFO DAGScheduler: ShuffleMapStage 8 (count at NativeMethodAccessorImpl.java:0) finished in 0.441 s
[2025-04-29T14:55:46.506+0000] {spark_submit.py:490} INFO - 25/04/29 14:55:46 INFO DAGScheduler: looking for newly runnable stages
[2025-04-29T14:55:46.506+0000] {spark_submit.py:490} INFO - 25/04/29 14:55:46 INFO DAGScheduler: running: Set()
[2025-04-29T14:55:46.506+0000] {spark_submit.py:490} INFO - 25/04/29 14:55:46 INFO DAGScheduler: waiting: Set()
[2025-04-29T14:55:46.506+0000] {spark_submit.py:490} INFO - 25/04/29 14:55:46 INFO DAGScheduler: failed: Set()
[2025-04-29T14:55:46.525+0000] {spark_submit.py:490} INFO - 25/04/29 14:55:46 INFO CodeGenerator: Code generated in 10.107891 ms
[2025-04-29T14:55:46.537+0000] {spark_submit.py:490} INFO - 25/04/29 14:55:46 INFO SparkContext: Starting job: count at NativeMethodAccessorImpl.java:0
[2025-04-29T14:55:46.538+0000] {spark_submit.py:490} INFO - 25/04/29 14:55:46 INFO DAGScheduler: Got job 6 (count at NativeMethodAccessorImpl.java:0) with 1 output partitions
[2025-04-29T14:55:46.538+0000] {spark_submit.py:490} INFO - 25/04/29 14:55:46 INFO DAGScheduler: Final stage: ResultStage 11 (count at NativeMethodAccessorImpl.java:0)
[2025-04-29T14:55:46.538+0000] {spark_submit.py:490} INFO - 25/04/29 14:55:46 INFO DAGScheduler: Parents of final stage: List(ShuffleMapStage 10)
[2025-04-29T14:55:46.538+0000] {spark_submit.py:490} INFO - 25/04/29 14:55:46 INFO DAGScheduler: Missing parents: List()
[2025-04-29T14:55:46.538+0000] {spark_submit.py:490} INFO - 25/04/29 14:55:46 INFO DAGScheduler: Submitting ResultStage 11 (MapPartitionsRDD[22] at count at NativeMethodAccessorImpl.java:0), which has no missing parents
[2025-04-29T14:55:46.540+0000] {spark_submit.py:490} INFO - 25/04/29 14:55:46 INFO MemoryStore: Block broadcast_6 stored as values in memory (estimated size 11.1 KiB, free 434.3 MiB)
[2025-04-29T14:55:46.541+0000] {spark_submit.py:490} INFO - 25/04/29 14:55:46 INFO MemoryStore: Block broadcast_6_piece0 stored as bytes in memory (estimated size 5.5 KiB, free 434.3 MiB)
[2025-04-29T14:55:46.542+0000] {spark_submit.py:490} INFO - 25/04/29 14:55:46 INFO BlockManagerInfo: Added broadcast_6_piece0 in memory on bd05f2cbfffd:43121 (size: 5.5 KiB, free: 434.4 MiB)
[2025-04-29T14:55:46.542+0000] {spark_submit.py:490} INFO - 25/04/29 14:55:46 INFO SparkContext: Created broadcast 6 from broadcast at DAGScheduler.scala:1513
[2025-04-29T14:55:46.543+0000] {spark_submit.py:490} INFO - 25/04/29 14:55:46 INFO DAGScheduler: Submitting 1 missing tasks from ResultStage 11 (MapPartitionsRDD[22] at count at NativeMethodAccessorImpl.java:0) (first 15 tasks are for partitions Vector(0))
[2025-04-29T14:55:46.543+0000] {spark_submit.py:490} INFO - 25/04/29 14:55:46 INFO TaskSchedulerImpl: Adding task set 11.0 with 1 tasks resource profile 0
[2025-04-29T14:55:46.544+0000] {spark_submit.py:490} INFO - 25/04/29 14:55:46 INFO TaskSetManager: Starting task 0.0 in stage 11.0 (TID 6) (172.18.0.5, executor 0, partition 0, NODE_LOCAL, 4457 bytes) taskResourceAssignments Map()
[2025-04-29T14:55:46.554+0000] {spark_submit.py:490} INFO - 25/04/29 14:55:46 INFO BlockManagerInfo: Added broadcast_6_piece0 in memory on 172.18.0.5:45577 (size: 5.5 KiB, free: 366.3 MiB)
[2025-04-29T14:55:46.558+0000] {spark_submit.py:490} INFO - 25/04/29 14:55:46 INFO MapOutputTrackerMasterEndpoint: Asked to send map output locations for shuffle 3 to 172.18.0.5:55936
[2025-04-29T14:55:46.574+0000] {spark_submit.py:490} INFO - 25/04/29 14:55:46 INFO TaskSetManager: Finished task 0.0 in stage 11.0 (TID 6) in 30 ms on 172.18.0.5 (executor 0) (1/1)
[2025-04-29T14:55:46.575+0000] {spark_submit.py:490} INFO - 25/04/29 14:55:46 INFO TaskSchedulerImpl: Removed TaskSet 11.0, whose tasks have all completed, from pool
[2025-04-29T14:55:46.575+0000] {spark_submit.py:490} INFO - 25/04/29 14:55:46 INFO DAGScheduler: ResultStage 11 (count at NativeMethodAccessorImpl.java:0) finished in 0.036 s
[2025-04-29T14:55:46.575+0000] {spark_submit.py:490} INFO - 25/04/29 14:55:46 INFO DAGScheduler: Job 6 is finished. Cancelling potential speculative or zombie tasks for this job
[2025-04-29T14:55:46.576+0000] {spark_submit.py:490} INFO - 25/04/29 14:55:46 INFO TaskSchedulerImpl: Killing all running tasks in stage 11: Stage finished
[2025-04-29T14:55:46.576+0000] {spark_submit.py:490} INFO - 25/04/29 14:55:46 INFO DAGScheduler: Job 6 finished: count at NativeMethodAccessorImpl.java:0, took 0.039151 s
[2025-04-29T14:55:46.577+0000] {spark_submit.py:490} INFO - INFO:__main__:Правило freq_tx отработано, записей: 4
[2025-04-29T14:55:46.672+0000] {spark_submit.py:490} INFO - 25/04/29 14:55:46 INFO DAGScheduler: Registering RDD 26 (count at NativeMethodAccessorImpl.java:0) as input to shuffle 4
[2025-04-29T14:55:46.672+0000] {spark_submit.py:490} INFO - 25/04/29 14:55:46 INFO DAGScheduler: Got map stage job 7 (count at NativeMethodAccessorImpl.java:0) with 1 output partitions
[2025-04-29T14:55:46.672+0000] {spark_submit.py:490} INFO - 25/04/29 14:55:46 INFO DAGScheduler: Final stage: ShuffleMapStage 12 (count at NativeMethodAccessorImpl.java:0)
[2025-04-29T14:55:46.672+0000] {spark_submit.py:490} INFO - 25/04/29 14:55:46 INFO DAGScheduler: Parents of final stage: List()
[2025-04-29T14:55:46.672+0000] {spark_submit.py:490} INFO - 25/04/29 14:55:46 INFO DAGScheduler: Missing parents: List()
[2025-04-29T14:55:46.673+0000] {spark_submit.py:490} INFO - 25/04/29 14:55:46 INFO DAGScheduler: Submitting ShuffleMapStage 12 (MapPartitionsRDD[26] at count at NativeMethodAccessorImpl.java:0), which has no missing parents
[2025-04-29T14:55:46.676+0000] {spark_submit.py:490} INFO - 25/04/29 14:55:46 INFO MemoryStore: Block broadcast_7 stored as values in memory (estimated size 14.1 KiB, free 434.3 MiB)
[2025-04-29T14:55:46.684+0000] {spark_submit.py:490} INFO - 25/04/29 14:55:46 INFO MemoryStore: Block broadcast_7_piece0 stored as bytes in memory (estimated size 7.3 KiB, free 434.3 MiB)
[2025-04-29T14:55:46.685+0000] {spark_submit.py:490} INFO - 25/04/29 14:55:46 INFO BlockManagerInfo: Added broadcast_7_piece0 in memory on bd05f2cbfffd:43121 (size: 7.3 KiB, free: 434.4 MiB)
[2025-04-29T14:55:46.686+0000] {spark_submit.py:490} INFO - 25/04/29 14:55:46 INFO SparkContext: Created broadcast 7 from broadcast at DAGScheduler.scala:1513
[2025-04-29T14:55:46.687+0000] {spark_submit.py:490} INFO - 25/04/29 14:55:46 INFO DAGScheduler: Submitting 1 missing tasks from ShuffleMapStage 12 (MapPartitionsRDD[26] at count at NativeMethodAccessorImpl.java:0) (first 15 tasks are for partitions Vector(0))
[2025-04-29T14:55:46.687+0000] {spark_submit.py:490} INFO - 25/04/29 14:55:46 INFO TaskSchedulerImpl: Adding task set 12.0 with 1 tasks resource profile 0
[2025-04-29T14:55:46.689+0000] {spark_submit.py:490} INFO - 25/04/29 14:55:46 INFO TaskSetManager: Starting task 0.0 in stage 12.0 (TID 7) (172.18.0.5, executor 0, partition 0, PROCESS_LOCAL, 4292 bytes) taskResourceAssignments Map()
[2025-04-29T14:55:46.690+0000] {spark_submit.py:490} INFO - 25/04/29 14:55:46 INFO BlockManagerInfo: Removed broadcast_5_piece0 on 172.18.0.5:45577 in memory (size: 16.6 KiB, free: 366.3 MiB)
[2025-04-29T14:55:46.692+0000] {spark_submit.py:490} INFO - 25/04/29 14:55:46 INFO BlockManagerInfo: Removed broadcast_5_piece0 on bd05f2cbfffd:43121 in memory (size: 16.6 KiB, free: 434.4 MiB)
[2025-04-29T14:55:46.699+0000] {spark_submit.py:490} INFO - 25/04/29 14:55:46 INFO BlockManagerInfo: Removed broadcast_6_piece0 on bd05f2cbfffd:43121 in memory (size: 5.5 KiB, free: 434.4 MiB)
[2025-04-29T14:55:46.702+0000] {spark_submit.py:490} INFO - 25/04/29 14:55:46 INFO BlockManagerInfo: Removed broadcast_6_piece0 on 172.18.0.5:45577 in memory (size: 5.5 KiB, free: 366.3 MiB)
[2025-04-29T14:55:46.705+0000] {spark_submit.py:490} INFO - 25/04/29 14:55:46 INFO BlockManagerInfo: Added broadcast_7_piece0 in memory on 172.18.0.5:45577 (size: 7.3 KiB, free: 366.3 MiB)
[2025-04-29T14:55:46.716+0000] {spark_submit.py:490} INFO - 25/04/29 14:55:46 INFO BlockManagerInfo: Removed broadcast_4_piece0 on bd05f2cbfffd:43121 in memory (size: 7.3 KiB, free: 434.4 MiB)
[2025-04-29T14:55:46.716+0000] {spark_submit.py:490} INFO - 25/04/29 14:55:46 INFO BlockManagerInfo: Removed broadcast_4_piece0 on 172.18.0.5:45577 in memory (size: 7.3 KiB, free: 366.3 MiB)
[2025-04-29T14:55:46.779+0000] {spark_submit.py:490} INFO - 25/04/29 14:55:46 INFO TaskSetManager: Finished task 0.0 in stage 12.0 (TID 7) in 91 ms on 172.18.0.5 (executor 0) (1/1)
[2025-04-29T14:55:46.779+0000] {spark_submit.py:490} INFO - 25/04/29 14:55:46 INFO TaskSchedulerImpl: Removed TaskSet 12.0, whose tasks have all completed, from pool
[2025-04-29T14:55:46.780+0000] {spark_submit.py:490} INFO - 25/04/29 14:55:46 INFO DAGScheduler: ShuffleMapStage 12 (count at NativeMethodAccessorImpl.java:0) finished in 0.106 s
[2025-04-29T14:55:46.780+0000] {spark_submit.py:490} INFO - 25/04/29 14:55:46 INFO DAGScheduler: looking for newly runnable stages
[2025-04-29T14:55:46.780+0000] {spark_submit.py:490} INFO - 25/04/29 14:55:46 INFO DAGScheduler: running: Set()
[2025-04-29T14:55:46.780+0000] {spark_submit.py:490} INFO - 25/04/29 14:55:46 INFO DAGScheduler: waiting: Set()
[2025-04-29T14:55:46.780+0000] {spark_submit.py:490} INFO - 25/04/29 14:55:46 INFO DAGScheduler: failed: Set()
[2025-04-29T14:55:46.789+0000] {spark_submit.py:490} INFO - 25/04/29 14:55:46 INFO ShufflePartitionsUtil: For shuffle(4), advisory target size: 67108864, actual target size 1048576, minimum partition size: 1048576
[2025-04-29T14:55:46.804+0000] {spark_submit.py:490} INFO - 25/04/29 14:55:46 INFO CodeGenerator: Code generated in 6.009312 ms
[2025-04-29T14:55:46.810+0000] {spark_submit.py:490} INFO - 25/04/29 14:55:46 INFO CodeGenerator: Code generated in 4.216128 ms
[2025-04-29T14:55:46.818+0000] {spark_submit.py:490} INFO - 25/04/29 14:55:46 INFO CodeGenerator: Code generated in 4.323599 ms
[2025-04-29T14:55:46.827+0000] {spark_submit.py:490} INFO - 25/04/29 14:55:46 INFO CodeGenerator: Code generated in 6.841705 ms
[2025-04-29T14:55:46.842+0000] {spark_submit.py:490} INFO - 25/04/29 14:55:46 INFO DAGScheduler: Registering RDD 35 (count at NativeMethodAccessorImpl.java:0) as input to shuffle 5
[2025-04-29T14:55:46.842+0000] {spark_submit.py:490} INFO - 25/04/29 14:55:46 INFO DAGScheduler: Got map stage job 8 (count at NativeMethodAccessorImpl.java:0) with 2 output partitions
[2025-04-29T14:55:46.842+0000] {spark_submit.py:490} INFO - 25/04/29 14:55:46 INFO DAGScheduler: Final stage: ShuffleMapStage 14 (count at NativeMethodAccessorImpl.java:0)
[2025-04-29T14:55:46.842+0000] {spark_submit.py:490} INFO - 25/04/29 14:55:46 INFO DAGScheduler: Parents of final stage: List(ShuffleMapStage 13)
[2025-04-29T14:55:46.842+0000] {spark_submit.py:490} INFO - 25/04/29 14:55:46 INFO DAGScheduler: Missing parents: List()
[2025-04-29T14:55:46.843+0000] {spark_submit.py:490} INFO - 25/04/29 14:55:46 INFO DAGScheduler: Submitting ShuffleMapStage 14 (MapPartitionsRDD[35] at count at NativeMethodAccessorImpl.java:0), which has no missing parents
[2025-04-29T14:55:46.853+0000] {spark_submit.py:490} INFO - 25/04/29 14:55:46 INFO MemoryStore: Block broadcast_8 stored as values in memory (estimated size 38.6 KiB, free 434.3 MiB)
[2025-04-29T14:55:46.855+0000] {spark_submit.py:490} INFO - 25/04/29 14:55:46 INFO MemoryStore: Block broadcast_8_piece0 stored as bytes in memory (estimated size 17.8 KiB, free 434.3 MiB)
[2025-04-29T14:55:46.855+0000] {spark_submit.py:490} INFO - 25/04/29 14:55:46 INFO BlockManagerInfo: Added broadcast_8_piece0 in memory on bd05f2cbfffd:43121 (size: 17.8 KiB, free: 434.4 MiB)
[2025-04-29T14:55:46.855+0000] {spark_submit.py:490} INFO - 25/04/29 14:55:46 INFO SparkContext: Created broadcast 8 from broadcast at DAGScheduler.scala:1513
[2025-04-29T14:55:46.856+0000] {spark_submit.py:490} INFO - 25/04/29 14:55:46 INFO DAGScheduler: Submitting 2 missing tasks from ShuffleMapStage 14 (MapPartitionsRDD[35] at count at NativeMethodAccessorImpl.java:0) (first 15 tasks are for partitions Vector(0, 1))
[2025-04-29T14:55:46.856+0000] {spark_submit.py:490} INFO - 25/04/29 14:55:46 INFO TaskSchedulerImpl: Adding task set 14.0 with 2 tasks resource profile 0
[2025-04-29T14:55:46.858+0000] {spark_submit.py:490} INFO - 25/04/29 14:55:46 INFO TaskSetManager: Starting task 1.0 in stage 14.0 (TID 8) (172.18.0.5, executor 0, partition 1, NODE_LOCAL, 4555 bytes) taskResourceAssignments Map()
[2025-04-29T14:55:46.870+0000] {spark_submit.py:490} INFO - 25/04/29 14:55:46 INFO BlockManagerInfo: Added broadcast_8_piece0 in memory on 172.18.0.5:45577 (size: 17.8 KiB, free: 366.3 MiB)
[2025-04-29T14:55:46.880+0000] {spark_submit.py:490} INFO - 25/04/29 14:55:46 INFO MapOutputTrackerMasterEndpoint: Asked to send map output locations for shuffle 4 to 172.18.0.5:55936
[2025-04-29T14:55:46.955+0000] {spark_submit.py:490} INFO - 25/04/29 14:55:46 INFO TaskSetManager: Starting task 0.0 in stage 14.0 (TID 9) (172.18.0.5, executor 0, partition 0, PROCESS_LOCAL, 4401 bytes) taskResourceAssignments Map()
[2025-04-29T14:55:46.957+0000] {spark_submit.py:490} INFO - 25/04/29 14:55:46 INFO TaskSetManager: Finished task 1.0 in stage 14.0 (TID 8) in 99 ms on 172.18.0.5 (executor 0) (1/2)
[2025-04-29T14:55:47.018+0000] {spark_submit.py:490} INFO - 25/04/29 14:55:47 INFO TaskSetManager: Finished task 0.0 in stage 14.0 (TID 9) in 63 ms on 172.18.0.5 (executor 0) (2/2)
[2025-04-29T14:55:47.019+0000] {spark_submit.py:490} INFO - 25/04/29 14:55:47 INFO TaskSchedulerImpl: Removed TaskSet 14.0, whose tasks have all completed, from pool
[2025-04-29T14:55:47.020+0000] {spark_submit.py:490} INFO - 25/04/29 14:55:47 INFO DAGScheduler: ShuffleMapStage 14 (count at NativeMethodAccessorImpl.java:0) finished in 0.170 s
[2025-04-29T14:55:47.020+0000] {spark_submit.py:490} INFO - 25/04/29 14:55:47 INFO DAGScheduler: looking for newly runnable stages
[2025-04-29T14:55:47.020+0000] {spark_submit.py:490} INFO - 25/04/29 14:55:47 INFO DAGScheduler: running: Set()
[2025-04-29T14:55:47.020+0000] {spark_submit.py:490} INFO - 25/04/29 14:55:47 INFO DAGScheduler: waiting: Set()
[2025-04-29T14:55:47.021+0000] {spark_submit.py:490} INFO - 25/04/29 14:55:47 INFO DAGScheduler: failed: Set()
[2025-04-29T14:55:47.034+0000] {spark_submit.py:490} INFO - 25/04/29 14:55:47 INFO CodeGenerator: Code generated in 6.592131 ms
[2025-04-29T14:55:47.041+0000] {spark_submit.py:490} INFO - 25/04/29 14:55:47 INFO SparkContext: Starting job: count at NativeMethodAccessorImpl.java:0
[2025-04-29T14:55:47.042+0000] {spark_submit.py:490} INFO - 25/04/29 14:55:47 INFO DAGScheduler: Got job 9 (count at NativeMethodAccessorImpl.java:0) with 1 output partitions
[2025-04-29T14:55:47.042+0000] {spark_submit.py:490} INFO - 25/04/29 14:55:47 INFO DAGScheduler: Final stage: ResultStage 17 (count at NativeMethodAccessorImpl.java:0)
[2025-04-29T14:55:47.042+0000] {spark_submit.py:490} INFO - 25/04/29 14:55:47 INFO DAGScheduler: Parents of final stage: List(ShuffleMapStage 16)
[2025-04-29T14:55:47.042+0000] {spark_submit.py:490} INFO - 25/04/29 14:55:47 INFO DAGScheduler: Missing parents: List()
[2025-04-29T14:55:47.042+0000] {spark_submit.py:490} INFO - 25/04/29 14:55:47 INFO DAGScheduler: Submitting ResultStage 17 (MapPartitionsRDD[38] at count at NativeMethodAccessorImpl.java:0), which has no missing parents
[2025-04-29T14:55:47.045+0000] {spark_submit.py:490} INFO - 25/04/29 14:55:47 INFO MemoryStore: Block broadcast_9 stored as values in memory (estimated size 11.1 KiB, free 434.3 MiB)
[2025-04-29T14:55:47.046+0000] {spark_submit.py:490} INFO - 25/04/29 14:55:47 INFO MemoryStore: Block broadcast_9_piece0 stored as bytes in memory (estimated size 5.5 KiB, free 434.3 MiB)
[2025-04-29T14:55:47.046+0000] {spark_submit.py:490} INFO - 25/04/29 14:55:47 INFO BlockManagerInfo: Added broadcast_9_piece0 in memory on bd05f2cbfffd:43121 (size: 5.5 KiB, free: 434.4 MiB)
[2025-04-29T14:55:47.047+0000] {spark_submit.py:490} INFO - 25/04/29 14:55:47 INFO SparkContext: Created broadcast 9 from broadcast at DAGScheduler.scala:1513
[2025-04-29T14:55:47.047+0000] {spark_submit.py:490} INFO - 25/04/29 14:55:47 INFO DAGScheduler: Submitting 1 missing tasks from ResultStage 17 (MapPartitionsRDD[38] at count at NativeMethodAccessorImpl.java:0) (first 15 tasks are for partitions Vector(0))
[2025-04-29T14:55:47.047+0000] {spark_submit.py:490} INFO - 25/04/29 14:55:47 INFO TaskSchedulerImpl: Adding task set 17.0 with 1 tasks resource profile 0
[2025-04-29T14:55:47.048+0000] {spark_submit.py:490} INFO - 25/04/29 14:55:47 INFO TaskSetManager: Starting task 0.0 in stage 17.0 (TID 10) (172.18.0.5, executor 0, partition 0, NODE_LOCAL, 4457 bytes) taskResourceAssignments Map()
[2025-04-29T14:55:47.071+0000] {spark_submit.py:490} INFO - 25/04/29 14:55:47 INFO BlockManagerInfo: Added broadcast_9_piece0 in memory on 172.18.0.5:45577 (size: 5.5 KiB, free: 366.3 MiB)
[2025-04-29T14:55:47.076+0000] {spark_submit.py:490} INFO - 25/04/29 14:55:47 INFO MapOutputTrackerMasterEndpoint: Asked to send map output locations for shuffle 5 to 172.18.0.5:55936
[2025-04-29T14:55:47.094+0000] {spark_submit.py:490} INFO - 25/04/29 14:55:47 INFO TaskSetManager: Finished task 0.0 in stage 17.0 (TID 10) in 45 ms on 172.18.0.5 (executor 0) (1/1)
[2025-04-29T14:55:47.094+0000] {spark_submit.py:490} INFO - 25/04/29 14:55:47 INFO TaskSchedulerImpl: Removed TaskSet 17.0, whose tasks have all completed, from pool
[2025-04-29T14:55:47.094+0000] {spark_submit.py:490} INFO - 25/04/29 14:55:47 INFO DAGScheduler: ResultStage 17 (count at NativeMethodAccessorImpl.java:0) finished in 0.051 s
[2025-04-29T14:55:47.095+0000] {spark_submit.py:490} INFO - 25/04/29 14:55:47 INFO DAGScheduler: Job 9 is finished. Cancelling potential speculative or zombie tasks for this job
[2025-04-29T14:55:47.095+0000] {spark_submit.py:490} INFO - 25/04/29 14:55:47 INFO TaskSchedulerImpl: Killing all running tasks in stage 17: Stage finished
[2025-04-29T14:55:47.095+0000] {spark_submit.py:490} INFO - 25/04/29 14:55:47 INFO DAGScheduler: Job 9 finished: count at NativeMethodAccessorImpl.java:0, took 0.054251 s
[2025-04-29T14:55:47.097+0000] {spark_submit.py:490} INFO - INFO:__main__:Объединение результатов выполнено, итого записей: 375
[2025-04-29T14:55:47.230+0000] {spark_submit.py:490} INFO - 25/04/29 14:55:47 INFO CodeGenerator: Code generated in 8.933197 ms
[2025-04-29T14:55:47.234+0000] {spark_submit.py:490} INFO - 25/04/29 14:55:47 INFO DAGScheduler: Registering RDD 42 (jdbc at NativeMethodAccessorImpl.java:0) as input to shuffle 6
[2025-04-29T14:55:47.234+0000] {spark_submit.py:490} INFO - 25/04/29 14:55:47 INFO DAGScheduler: Got map stage job 10 (jdbc at NativeMethodAccessorImpl.java:0) with 1 output partitions
[2025-04-29T14:55:47.234+0000] {spark_submit.py:490} INFO - 25/04/29 14:55:47 INFO DAGScheduler: Final stage: ShuffleMapStage 18 (jdbc at NativeMethodAccessorImpl.java:0)
[2025-04-29T14:55:47.234+0000] {spark_submit.py:490} INFO - 25/04/29 14:55:47 INFO DAGScheduler: Parents of final stage: List()
[2025-04-29T14:55:47.234+0000] {spark_submit.py:490} INFO - 25/04/29 14:55:47 INFO DAGScheduler: Missing parents: List()
[2025-04-29T14:55:47.235+0000] {spark_submit.py:490} INFO - 25/04/29 14:55:47 INFO DAGScheduler: Submitting ShuffleMapStage 18 (MapPartitionsRDD[42] at jdbc at NativeMethodAccessorImpl.java:0), which has no missing parents
[2025-04-29T14:55:47.240+0000] {spark_submit.py:490} INFO - 25/04/29 14:55:47 INFO MemoryStore: Block broadcast_10 stored as values in memory (estimated size 16.3 KiB, free 434.3 MiB)
[2025-04-29T14:55:47.249+0000] {spark_submit.py:490} INFO - 25/04/29 14:55:47 INFO MemoryStore: Block broadcast_10_piece0 stored as bytes in memory (estimated size 7.9 KiB, free 434.3 MiB)
[2025-04-29T14:55:47.249+0000] {spark_submit.py:490} INFO - 25/04/29 14:55:47 INFO BlockManagerInfo: Added broadcast_10_piece0 in memory on bd05f2cbfffd:43121 (size: 7.9 KiB, free: 434.4 MiB)
[2025-04-29T14:55:47.249+0000] {spark_submit.py:490} INFO - 25/04/29 14:55:47 INFO SparkContext: Created broadcast 10 from broadcast at DAGScheduler.scala:1513
[2025-04-29T14:55:47.250+0000] {spark_submit.py:490} INFO - 25/04/29 14:55:47 INFO DAGScheduler: Submitting 1 missing tasks from ShuffleMapStage 18 (MapPartitionsRDD[42] at jdbc at NativeMethodAccessorImpl.java:0) (first 15 tasks are for partitions Vector(0))
[2025-04-29T14:55:47.250+0000] {spark_submit.py:490} INFO - 25/04/29 14:55:47 INFO TaskSchedulerImpl: Adding task set 18.0 with 1 tasks resource profile 0
[2025-04-29T14:55:47.252+0000] {spark_submit.py:490} INFO - 25/04/29 14:55:47 INFO BlockManagerInfo: Removed broadcast_9_piece0 on bd05f2cbfffd:43121 in memory (size: 5.5 KiB, free: 434.4 MiB)
[2025-04-29T14:55:47.253+0000] {spark_submit.py:490} INFO - 25/04/29 14:55:47 INFO TaskSetManager: Starting task 0.0 in stage 18.0 (TID 11) (172.18.0.5, executor 0, partition 0, PROCESS_LOCAL, 4292 bytes) taskResourceAssignments Map()
[2025-04-29T14:55:47.254+0000] {spark_submit.py:490} INFO - 25/04/29 14:55:47 INFO BlockManagerInfo: Removed broadcast_9_piece0 on 172.18.0.5:45577 in memory (size: 5.5 KiB, free: 366.3 MiB)
[2025-04-29T14:55:47.274+0000] {spark_submit.py:490} INFO - 25/04/29 14:55:47 INFO BlockManagerInfo: Added broadcast_10_piece0 in memory on 172.18.0.5:45577 (size: 7.9 KiB, free: 366.3 MiB)
[2025-04-29T14:55:47.278+0000] {spark_submit.py:490} INFO - 25/04/29 14:55:47 INFO BlockManagerInfo: Removed broadcast_7_piece0 on 172.18.0.5:45577 in memory (size: 7.3 KiB, free: 366.3 MiB)
[2025-04-29T14:55:47.281+0000] {spark_submit.py:490} INFO - 25/04/29 14:55:47 INFO BlockManagerInfo: Removed broadcast_7_piece0 on bd05f2cbfffd:43121 in memory (size: 7.3 KiB, free: 434.4 MiB)
[2025-04-29T14:55:47.295+0000] {spark_submit.py:490} INFO - 25/04/29 14:55:47 INFO BlockManagerInfo: Removed broadcast_8_piece0 on bd05f2cbfffd:43121 in memory (size: 17.8 KiB, free: 434.4 MiB)
[2025-04-29T14:55:47.296+0000] {spark_submit.py:490} INFO - 25/04/29 14:55:47 INFO BlockManagerInfo: Removed broadcast_8_piece0 on 172.18.0.5:45577 in memory (size: 17.8 KiB, free: 366.3 MiB)
[2025-04-29T14:55:47.367+0000] {spark_submit.py:490} INFO - 25/04/29 14:55:47 INFO TaskSetManager: Finished task 0.0 in stage 18.0 (TID 11) in 115 ms on 172.18.0.5 (executor 0) (1/1)
[2025-04-29T14:55:47.367+0000] {spark_submit.py:490} INFO - 25/04/29 14:55:47 INFO TaskSchedulerImpl: Removed TaskSet 18.0, whose tasks have all completed, from pool
[2025-04-29T14:55:47.368+0000] {spark_submit.py:490} INFO - 25/04/29 14:55:47 INFO DAGScheduler: ShuffleMapStage 18 (jdbc at NativeMethodAccessorImpl.java:0) finished in 0.133 s
[2025-04-29T14:55:47.368+0000] {spark_submit.py:490} INFO - 25/04/29 14:55:47 INFO DAGScheduler: looking for newly runnable stages
[2025-04-29T14:55:47.368+0000] {spark_submit.py:490} INFO - 25/04/29 14:55:47 INFO DAGScheduler: running: Set()
[2025-04-29T14:55:47.368+0000] {spark_submit.py:490} INFO - 25/04/29 14:55:47 INFO DAGScheduler: waiting: Set()
[2025-04-29T14:55:47.368+0000] {spark_submit.py:490} INFO - 25/04/29 14:55:47 INFO DAGScheduler: failed: Set()
[2025-04-29T14:55:47.377+0000] {spark_submit.py:490} INFO - 25/04/29 14:55:47 INFO ShufflePartitionsUtil: For shuffle(6), advisory target size: 67108864, actual target size 1048576, minimum partition size: 1048576
[2025-04-29T14:55:47.395+0000] {spark_submit.py:490} INFO - 25/04/29 14:55:47 INFO CodeGenerator: Code generated in 10.172973 ms
[2025-04-29T14:55:47.415+0000] {spark_submit.py:490} INFO - 25/04/29 14:55:47 INFO CodeGenerator: Code generated in 10.468348 ms
[2025-04-29T14:55:47.465+0000] {spark_submit.py:490} INFO - 25/04/29 14:55:47 INFO SparkContext: Starting job: jdbc at NativeMethodAccessorImpl.java:0
[2025-04-29T14:55:47.466+0000] {spark_submit.py:490} INFO - 25/04/29 14:55:47 INFO DAGScheduler: Got job 11 (jdbc at NativeMethodAccessorImpl.java:0) with 2 output partitions
[2025-04-29T14:55:47.466+0000] {spark_submit.py:490} INFO - 25/04/29 14:55:47 INFO DAGScheduler: Final stage: ResultStage 20 (jdbc at NativeMethodAccessorImpl.java:0)
[2025-04-29T14:55:47.466+0000] {spark_submit.py:490} INFO - 25/04/29 14:55:47 INFO DAGScheduler: Parents of final stage: List(ShuffleMapStage 19)
[2025-04-29T14:55:47.466+0000] {spark_submit.py:490} INFO - 25/04/29 14:55:47 INFO DAGScheduler: Missing parents: List()
[2025-04-29T14:55:47.467+0000] {spark_submit.py:490} INFO - 25/04/29 14:55:47 INFO DAGScheduler: Submitting ResultStage 20 (MapPartitionsRDD[52] at jdbc at NativeMethodAccessorImpl.java:0), which has no missing parents
[2025-04-29T14:55:47.495+0000] {spark_submit.py:490} INFO - 25/04/29 14:55:47 INFO MemoryStore: Block broadcast_11 stored as values in memory (estimated size 58.9 KiB, free 434.3 MiB)
[2025-04-29T14:55:47.496+0000] {spark_submit.py:490} INFO - 25/04/29 14:55:47 INFO MemoryStore: Block broadcast_11_piece0 stored as bytes in memory (estimated size 24.0 KiB, free 434.3 MiB)
[2025-04-29T14:55:47.497+0000] {spark_submit.py:490} INFO - 25/04/29 14:55:47 INFO BlockManagerInfo: Added broadcast_11_piece0 in memory on bd05f2cbfffd:43121 (size: 24.0 KiB, free: 434.4 MiB)
[2025-04-29T14:55:47.497+0000] {spark_submit.py:490} INFO - 25/04/29 14:55:47 INFO SparkContext: Created broadcast 11 from broadcast at DAGScheduler.scala:1513
[2025-04-29T14:55:47.498+0000] {spark_submit.py:490} INFO - 25/04/29 14:55:47 INFO DAGScheduler: Submitting 2 missing tasks from ResultStage 20 (MapPartitionsRDD[52] at jdbc at NativeMethodAccessorImpl.java:0) (first 15 tasks are for partitions Vector(0, 1))
[2025-04-29T14:55:47.498+0000] {spark_submit.py:490} INFO - 25/04/29 14:55:47 INFO TaskSchedulerImpl: Adding task set 20.0 with 2 tasks resource profile 0
[2025-04-29T14:55:47.499+0000] {spark_submit.py:490} INFO - 25/04/29 14:55:47 INFO TaskSetManager: Starting task 1.0 in stage 20.0 (TID 12) (172.18.0.5, executor 0, partition 1, NODE_LOCAL, 4566 bytes) taskResourceAssignments Map()
[2025-04-29T14:55:47.515+0000] {spark_submit.py:490} INFO - 25/04/29 14:55:47 INFO BlockManagerInfo: Added broadcast_11_piece0 in memory on 172.18.0.5:45577 (size: 24.0 KiB, free: 366.3 MiB)
[2025-04-29T14:55:47.697+0000] {spark_submit.py:490} INFO - 25/04/29 14:55:47 INFO MapOutputTrackerMasterEndpoint: Asked to send map output locations for shuffle 6 to 172.18.0.5:55936
[2025-04-29T14:55:49.031+0000] {spark_submit.py:490} INFO - 25/04/29 14:55:49 INFO TaskSetManager: Starting task 0.0 in stage 20.0 (TID 13) (172.18.0.5, executor 0, partition 0, PROCESS_LOCAL, 4412 bytes) taskResourceAssignments Map()
[2025-04-29T14:55:49.034+0000] {spark_submit.py:490} INFO - 25/04/29 14:55:49 INFO TaskSetManager: Finished task 1.0 in stage 20.0 (TID 12) in 1534 ms on 172.18.0.5 (executor 0) (1/2)
[2025-04-29T14:55:49.152+0000] {spark_submit.py:490} INFO - 25/04/29 14:55:49 INFO TaskSetManager: Finished task 0.0 in stage 20.0 (TID 13) in 120 ms on 172.18.0.5 (executor 0) (2/2)
[2025-04-29T14:55:49.152+0000] {spark_submit.py:490} INFO - 25/04/29 14:55:49 INFO TaskSchedulerImpl: Removed TaskSet 20.0, whose tasks have all completed, from pool
[2025-04-29T14:55:49.152+0000] {spark_submit.py:490} INFO - 25/04/29 14:55:49 INFO DAGScheduler: ResultStage 20 (jdbc at NativeMethodAccessorImpl.java:0) finished in 1.682 s
[2025-04-29T14:55:49.152+0000] {spark_submit.py:490} INFO - 25/04/29 14:55:49 INFO DAGScheduler: Job 11 is finished. Cancelling potential speculative or zombie tasks for this job
[2025-04-29T14:55:49.153+0000] {spark_submit.py:490} INFO - 25/04/29 14:55:49 INFO TaskSchedulerImpl: Killing all running tasks in stage 20: Stage finished
[2025-04-29T14:55:49.153+0000] {spark_submit.py:490} INFO - 25/04/29 14:55:49 INFO DAGScheduler: Job 11 finished: jdbc at NativeMethodAccessorImpl.java:0, took 1.687778 s
[2025-04-29T14:55:49.169+0000] {spark_submit.py:490} INFO - INFO:__main__:Запись в mart.suspicious_transactions завершена
[2025-04-29T14:55:49.187+0000] {spark_submit.py:490} INFO - 25/04/29 14:55:49 WARN ClickHouseDriver: ******************************************************************************************
[2025-04-29T14:55:49.188+0000] {spark_submit.py:490} INFO - 25/04/29 14:55:49 WARN ClickHouseDriver: * This driver is DEPRECATED. Please use [com.clickhouse.jdbc.ClickHouseDriver] instead.  *
[2025-04-29T14:55:49.188+0000] {spark_submit.py:490} INFO - 25/04/29 14:55:49 WARN ClickHouseDriver: * Also everything in package [ru.yandex.clickhouse] will be removed starting from 0.4.0. *
[2025-04-29T14:55:49.188+0000] {spark_submit.py:490} INFO - 25/04/29 14:55:49 WARN ClickHouseDriver: ******************************************************************************************
[2025-04-29T14:55:49.434+0000] {spark_submit.py:490} INFO - Traceback (most recent call last):
[2025-04-29T14:55:49.435+0000] {spark_submit.py:490} INFO - File "/opt/airflow/spark/detect_suspicious.py", line 100, in <module>
[2025-04-29T14:55:49.435+0000] {spark_submit.py:490} INFO - .mode("append")
[2025-04-29T14:55:49.435+0000] {spark_submit.py:490} INFO - File "/opt/spark/python/lib/pyspark.zip/pyspark/sql/readwriter.py", line 966, in save
[2025-04-29T14:55:49.436+0000] {spark_submit.py:490} INFO - File "/opt/spark/python/lib/py4j-0.10.9.5-src.zip/py4j/java_gateway.py", line 1322, in __call__
[2025-04-29T14:55:49.436+0000] {spark_submit.py:490} INFO - File "/opt/spark/python/lib/pyspark.zip/pyspark/sql/utils.py", line 190, in deco
[2025-04-29T14:55:49.436+0000] {spark_submit.py:490} INFO - File "/opt/spark/python/lib/py4j-0.10.9.5-src.zip/py4j/protocol.py", line 328, in get_return_value
[2025-04-29T14:55:49.437+0000] {spark_submit.py:490} INFO - py4j.protocol.Py4JJavaError: An error occurred while calling o82.save.
[2025-04-29T14:55:49.437+0000] {spark_submit.py:490} INFO - : ru.yandex.clickhouse.except.ClickHouseException: ClickHouse exception, code: 119, host: clickhouse, port: 8123; Code: 119. DB::Exception: Table engine is not specified in CREATE query. (ENGINE_REQUIRED) (version 22.3.20.29 (official build))
[2025-04-29T14:55:49.437+0000] {spark_submit.py:490} INFO - 
[2025-04-29T14:55:49.438+0000] {spark_submit.py:490} INFO - at ru.yandex.clickhouse.except.ClickHouseExceptionSpecifier.specify(ClickHouseExceptionSpecifier.java:60)
[2025-04-29T14:55:49.438+0000] {spark_submit.py:490} INFO - at ru.yandex.clickhouse.except.ClickHouseExceptionSpecifier.specify(ClickHouseExceptionSpecifier.java:30)
[2025-04-29T14:55:49.438+0000] {spark_submit.py:490} INFO - at ru.yandex.clickhouse.ClickHouseStatementImpl.checkForErrorAndThrow(ClickHouseStatementImpl.java:1083)
[2025-04-29T14:55:49.438+0000] {spark_submit.py:490} INFO - at ru.yandex.clickhouse.ClickHouseStatementImpl.getInputStream(ClickHouseStatementImpl.java:770)
[2025-04-29T14:55:49.438+0000] {spark_submit.py:490} INFO - at ru.yandex.clickhouse.ClickHouseStatementImpl.getLastInputStream(ClickHouseStatementImpl.java:693)
[2025-04-29T14:55:49.438+0000] {spark_submit.py:490} INFO - at ru.yandex.clickhouse.ClickHouseStatementImpl.executeUpdate(ClickHouseStatementImpl.java:435)
[2025-04-29T14:55:49.438+0000] {spark_submit.py:490} INFO - at org.apache.spark.sql.execution.datasources.jdbc.JdbcUtils$.executeStatement(JdbcUtils.scala:1060)
[2025-04-29T14:55:49.438+0000] {spark_submit.py:490} INFO - at org.apache.spark.sql.execution.datasources.jdbc.JdbcUtils$.createTable(JdbcUtils.scala:890)
[2025-04-29T14:55:49.438+0000] {spark_submit.py:490} INFO - at org.apache.spark.sql.execution.datasources.jdbc.JdbcRelationProvider.createRelation(JdbcRelationProvider.scala:81)
[2025-04-29T14:55:49.438+0000] {spark_submit.py:490} INFO - at org.apache.spark.sql.execution.datasources.SaveIntoDataSourceCommand.run(SaveIntoDataSourceCommand.scala:45)
[2025-04-29T14:55:49.438+0000] {spark_submit.py:490} INFO - at org.apache.spark.sql.execution.command.ExecutedCommandExec.sideEffectResult$lzycompute(commands.scala:75)
[2025-04-29T14:55:49.438+0000] {spark_submit.py:490} INFO - at org.apache.spark.sql.execution.command.ExecutedCommandExec.sideEffectResult(commands.scala:73)
[2025-04-29T14:55:49.439+0000] {spark_submit.py:490} INFO - at org.apache.spark.sql.execution.command.ExecutedCommandExec.executeCollect(commands.scala:84)
[2025-04-29T14:55:49.439+0000] {spark_submit.py:490} INFO - at org.apache.spark.sql.execution.QueryExecution$$anonfun$eagerlyExecuteCommands$1.$anonfun$applyOrElse$1(QueryExecution.scala:98)
[2025-04-29T14:55:49.439+0000] {spark_submit.py:490} INFO - at org.apache.spark.sql.execution.SQLExecution$.$anonfun$withNewExecutionId$6(SQLExecution.scala:109)
[2025-04-29T14:55:49.439+0000] {spark_submit.py:490} INFO - at org.apache.spark.sql.execution.SQLExecution$.withSQLConfPropagated(SQLExecution.scala:169)
[2025-04-29T14:55:49.439+0000] {spark_submit.py:490} INFO - at org.apache.spark.sql.execution.SQLExecution$.$anonfun$withNewExecutionId$1(SQLExecution.scala:95)
[2025-04-29T14:55:49.439+0000] {spark_submit.py:490} INFO - at org.apache.spark.sql.SparkSession.withActive(SparkSession.scala:779)
[2025-04-29T14:55:49.439+0000] {spark_submit.py:490} INFO - at org.apache.spark.sql.execution.SQLExecution$.withNewExecutionId(SQLExecution.scala:64)
[2025-04-29T14:55:49.439+0000] {spark_submit.py:490} INFO - at org.apache.spark.sql.execution.QueryExecution$$anonfun$eagerlyExecuteCommands$1.applyOrElse(QueryExecution.scala:98)
[2025-04-29T14:55:49.439+0000] {spark_submit.py:490} INFO - at org.apache.spark.sql.execution.QueryExecution$$anonfun$eagerlyExecuteCommands$1.applyOrElse(QueryExecution.scala:94)
[2025-04-29T14:55:49.439+0000] {spark_submit.py:490} INFO - at org.apache.spark.sql.catalyst.trees.TreeNode.$anonfun$transformDownWithPruning$1(TreeNode.scala:584)
[2025-04-29T14:55:49.439+0000] {spark_submit.py:490} INFO - at org.apache.spark.sql.catalyst.trees.CurrentOrigin$.withOrigin(TreeNode.scala:176)
[2025-04-29T14:55:49.440+0000] {spark_submit.py:490} INFO - at org.apache.spark.sql.catalyst.trees.TreeNode.transformDownWithPruning(TreeNode.scala:584)
[2025-04-29T14:55:49.440+0000] {spark_submit.py:490} INFO - at org.apache.spark.sql.catalyst.plans.logical.LogicalPlan.org$apache$spark$sql$catalyst$plans$logical$AnalysisHelper$$super$transformDownWithPruning(LogicalPlan.scala:30)
[2025-04-29T14:55:49.440+0000] {spark_submit.py:490} INFO - at org.apache.spark.sql.catalyst.plans.logical.AnalysisHelper.transformDownWithPruning(AnalysisHelper.scala:267)
[2025-04-29T14:55:49.440+0000] {spark_submit.py:490} INFO - at org.apache.spark.sql.catalyst.plans.logical.AnalysisHelper.transformDownWithPruning$(AnalysisHelper.scala:263)
[2025-04-29T14:55:49.440+0000] {spark_submit.py:490} INFO - at org.apache.spark.sql.catalyst.plans.logical.LogicalPlan.transformDownWithPruning(LogicalPlan.scala:30)
[2025-04-29T14:55:49.440+0000] {spark_submit.py:490} INFO - at org.apache.spark.sql.catalyst.plans.logical.LogicalPlan.transformDownWithPruning(LogicalPlan.scala:30)
[2025-04-29T14:55:49.440+0000] {spark_submit.py:490} INFO - at org.apache.spark.sql.catalyst.trees.TreeNode.transformDown(TreeNode.scala:560)
[2025-04-29T14:55:49.441+0000] {spark_submit.py:490} INFO - at org.apache.spark.sql.execution.QueryExecution.eagerlyExecuteCommands(QueryExecution.scala:94)
[2025-04-29T14:55:49.441+0000] {spark_submit.py:490} INFO - at org.apache.spark.sql.execution.QueryExecution.commandExecuted$lzycompute(QueryExecution.scala:81)
[2025-04-29T14:55:49.441+0000] {spark_submit.py:490} INFO - at org.apache.spark.sql.execution.QueryExecution.commandExecuted(QueryExecution.scala:79)
[2025-04-29T14:55:49.441+0000] {spark_submit.py:490} INFO - at org.apache.spark.sql.execution.QueryExecution.assertCommandExecuted(QueryExecution.scala:116)
[2025-04-29T14:55:49.441+0000] {spark_submit.py:490} INFO - at org.apache.spark.sql.DataFrameWriter.runCommand(DataFrameWriter.scala:860)
[2025-04-29T14:55:49.441+0000] {spark_submit.py:490} INFO - at org.apache.spark.sql.DataFrameWriter.saveToV1Source(DataFrameWriter.scala:390)
[2025-04-29T14:55:49.441+0000] {spark_submit.py:490} INFO - at org.apache.spark.sql.DataFrameWriter.saveInternal(DataFrameWriter.scala:363)
[2025-04-29T14:55:49.441+0000] {spark_submit.py:490} INFO - at org.apache.spark.sql.DataFrameWriter.save(DataFrameWriter.scala:247)
[2025-04-29T14:55:49.441+0000] {spark_submit.py:490} INFO - at java.base/jdk.internal.reflect.NativeMethodAccessorImpl.invoke0(Native Method)
[2025-04-29T14:55:49.441+0000] {spark_submit.py:490} INFO - at java.base/jdk.internal.reflect.NativeMethodAccessorImpl.invoke(NativeMethodAccessorImpl.java:62)
[2025-04-29T14:55:49.442+0000] {spark_submit.py:490} INFO - at java.base/jdk.internal.reflect.DelegatingMethodAccessorImpl.invoke(DelegatingMethodAccessorImpl.java:43)
[2025-04-29T14:55:49.442+0000] {spark_submit.py:490} INFO - at java.base/java.lang.reflect.Method.invoke(Method.java:566)
[2025-04-29T14:55:49.442+0000] {spark_submit.py:490} INFO - at py4j.reflection.MethodInvoker.invoke(MethodInvoker.java:244)
[2025-04-29T14:55:49.442+0000] {spark_submit.py:490} INFO - at py4j.reflection.ReflectionEngine.invoke(ReflectionEngine.java:357)
[2025-04-29T14:55:49.442+0000] {spark_submit.py:490} INFO - at py4j.Gateway.invoke(Gateway.java:282)
[2025-04-29T14:55:49.442+0000] {spark_submit.py:490} INFO - at py4j.commands.AbstractCommand.invokeMethod(AbstractCommand.java:132)
[2025-04-29T14:55:49.442+0000] {spark_submit.py:490} INFO - at py4j.commands.CallCommand.execute(CallCommand.java:79)
[2025-04-29T14:55:49.442+0000] {spark_submit.py:490} INFO - at py4j.ClientServerConnection.waitForCommands(ClientServerConnection.java:182)
[2025-04-29T14:55:49.442+0000] {spark_submit.py:490} INFO - at py4j.ClientServerConnection.run(ClientServerConnection.java:106)
[2025-04-29T14:55:49.442+0000] {spark_submit.py:490} INFO - at java.base/java.lang.Thread.run(Thread.java:829)
[2025-04-29T14:55:49.442+0000] {spark_submit.py:490} INFO - Caused by: java.lang.Throwable: Code: 119. DB::Exception: Table engine is not specified in CREATE query. (ENGINE_REQUIRED) (version 22.3.20.29 (official build))
[2025-04-29T14:55:49.442+0000] {spark_submit.py:490} INFO - 
[2025-04-29T14:55:49.443+0000] {spark_submit.py:490} INFO - at ru.yandex.clickhouse.except.ClickHouseExceptionSpecifier.specify(ClickHouseExceptionSpecifier.java:55)
[2025-04-29T14:55:49.443+0000] {spark_submit.py:490} INFO - ... 49 more
[2025-04-29T14:55:49.443+0000] {spark_submit.py:490} INFO - 
[2025-04-29T14:55:49.487+0000] {spark_submit.py:490} INFO - 25/04/29 14:55:49 INFO SparkContext: Invoking stop() from shutdown hook
[2025-04-29T14:55:49.497+0000] {spark_submit.py:490} INFO - 25/04/29 14:55:49 INFO SparkUI: Stopped Spark web UI at http://bd05f2cbfffd:4040
[2025-04-29T14:55:49.500+0000] {spark_submit.py:490} INFO - 25/04/29 14:55:49 INFO StandaloneSchedulerBackend: Shutting down all executors
[2025-04-29T14:55:49.500+0000] {spark_submit.py:490} INFO - 25/04/29 14:55:49 INFO CoarseGrainedSchedulerBackend$DriverEndpoint: Asking each executor to shut down
[2025-04-29T14:55:49.519+0000] {spark_submit.py:490} INFO - 25/04/29 14:55:49 INFO MapOutputTrackerMasterEndpoint: MapOutputTrackerMasterEndpoint stopped!
[2025-04-29T14:55:49.548+0000] {spark_submit.py:490} INFO - 25/04/29 14:55:49 INFO MemoryStore: MemoryStore cleared
[2025-04-29T14:55:49.548+0000] {spark_submit.py:490} INFO - 25/04/29 14:55:49 INFO BlockManager: BlockManager stopped
[2025-04-29T14:55:49.552+0000] {spark_submit.py:490} INFO - 25/04/29 14:55:49 INFO BlockManagerMaster: BlockManagerMaster stopped
[2025-04-29T14:55:49.555+0000] {spark_submit.py:490} INFO - 25/04/29 14:55:49 INFO OutputCommitCoordinator$OutputCommitCoordinatorEndpoint: OutputCommitCoordinator stopped!
[2025-04-29T14:55:49.561+0000] {spark_submit.py:490} INFO - 25/04/29 14:55:49 INFO SparkContext: Successfully stopped SparkContext
[2025-04-29T14:55:49.561+0000] {spark_submit.py:490} INFO - 25/04/29 14:55:49 INFO ShutdownHookManager: Shutdown hook called
[2025-04-29T14:55:49.561+0000] {spark_submit.py:490} INFO - 25/04/29 14:55:49 INFO ShutdownHookManager: Deleting directory /tmp/spark-f6a26529-0ec0-4249-b7dd-dc1aca573e73
[2025-04-29T14:55:49.564+0000] {spark_submit.py:490} INFO - 25/04/29 14:55:49 INFO ShutdownHookManager: Deleting directory /tmp/spark-f6a26529-0ec0-4249-b7dd-dc1aca573e73/pyspark-dbe0d5e7-9d4c-40df-bec3-eb6d94f22010
[2025-04-29T14:55:49.567+0000] {spark_submit.py:490} INFO - 25/04/29 14:55:49 INFO ShutdownHookManager: Deleting directory /tmp/spark-31fadab7-3e6a-4062-846d-8c6ab18bcd98
[2025-04-29T14:55:49.634+0000] {taskinstance.py:1824} ERROR - Task failed with exception
Traceback (most recent call last):
  File "/home/airflow/.local/lib/python3.7/site-packages/airflow/providers/apache/spark/operators/spark_submit.py", line 157, in execute
    self._hook.submit(self._application)
  File "/home/airflow/.local/lib/python3.7/site-packages/airflow/providers/apache/spark/hooks/spark_submit.py", line 422, in submit
    f"Cannot execute: {self._mask_cmd(spark_submit_cmd)}. Error code is: {returncode}."
airflow.exceptions.AirflowException: Cannot execute: spark-submit --master spark://spark-master:7077 --packages org.postgresql:postgresql:42.6.0,ru.yandex.clickhouse:clickhouse-jdbc:0.3.2 --executor-cores 1 --executor-memory 1g --driver-memory 1g --name arrow-spark /opt/airflow/spark/detect_suspicious.py --jdbc jdbc:postgresql://postgres:5432/finbest --clickhouse-url jdbc:clickhouse://clickhouse:8123/finbest. Error code is: 1.
[2025-04-29T14:55:49.638+0000] {taskinstance.py:1350} INFO - Marking task as UP_FOR_RETRY. dag_id=transform, task_id=detect_suspicious, execution_date=20250429T145525, start_date=20250429T145534, end_date=20250429T145549
[2025-04-29T14:55:49.650+0000] {standard_task_runner.py:109} ERROR - Failed to execute job 35 for task detect_suspicious (Cannot execute: spark-submit --master spark://spark-master:7077 --packages org.postgresql:postgresql:42.6.0,ru.yandex.clickhouse:clickhouse-jdbc:0.3.2 --executor-cores 1 --executor-memory 1g --driver-memory 1g --name arrow-spark /opt/airflow/spark/detect_suspicious.py --jdbc jdbc:postgresql://postgres:5432/finbest --clickhouse-url jdbc:clickhouse://clickhouse:8123/finbest. Error code is: 1.; 7756)
[2025-04-29T14:55:49.656+0000] {local_task_job_runner.py:225} INFO - Task exited with return code 1
[2025-04-29T14:55:49.672+0000] {taskinstance.py:2653} INFO - 0 downstream tasks scheduled from follow-on schedule check
