[2025-05-07T02:26:07.287+0000] {taskinstance.py:1103} INFO - Dependencies all met for dep_context=non-requeueable deps ti=<TaskInstance: graph_analysis.define_categories manual__2025-05-07T02:26:02.291334+00:00 [queued]>
[2025-05-07T02:26:07.294+0000] {taskinstance.py:1103} INFO - Dependencies all met for dep_context=requeueable deps ti=<TaskInstance: graph_analysis.define_categories manual__2025-05-07T02:26:02.291334+00:00 [queued]>
[2025-05-07T02:26:07.294+0000] {taskinstance.py:1308} INFO - Starting attempt 1 of 2
[2025-05-07T02:26:07.304+0000] {taskinstance.py:1327} INFO - Executing <Task(PostgresOperator): define_categories> on 2025-05-07 02:26:02.291334+00:00
[2025-05-07T02:26:07.309+0000] {standard_task_runner.py:57} INFO - Started process 4505 to run task
[2025-05-07T02:26:07.312+0000] {standard_task_runner.py:84} INFO - Running: ['airflow', 'tasks', 'run', 'graph_analysis', 'define_categories', 'manual__2025-05-07T02:26:02.291334+00:00', '--job-id', '238', '--raw', '--subdir', 'DAGS_FOLDER/graph_analysis.py', '--cfg-path', '/tmp/tmp6yks418m']
[2025-05-07T02:26:07.312+0000] {standard_task_runner.py:85} INFO - Job 238: Subtask define_categories
[2025-05-07T02:26:07.326+0000] {logging_mixin.py:150} WARNING - /home/airflow/.local/lib/python3.8/site-packages/airflow/settings.py:195 DeprecationWarning: The sql_alchemy_conn option in [core] has been moved to the sql_alchemy_conn option in [database] - the old setting has been used, but please update your config.
[2025-05-07T02:26:07.356+0000] {task_command.py:410} INFO - Running <TaskInstance: graph_analysis.define_categories manual__2025-05-07T02:26:02.291334+00:00 [running]> on host 5c5d1775d94e
[2025-05-07T02:26:07.446+0000] {taskinstance.py:1545} INFO - Exporting env vars: AIRFLOW_CTX_DAG_OWNER='finbest' AIRFLOW_CTX_DAG_ID='graph_analysis' AIRFLOW_CTX_TASK_ID='define_categories' AIRFLOW_CTX_EXECUTION_DATE='2025-05-07T02:26:02.291334+00:00' AIRFLOW_CTX_TRY_NUMBER='1' AIRFLOW_CTX_DAG_RUN_ID='manual__2025-05-07T02:26:02.291334+00:00'
[2025-05-07T02:26:07.447+0000] {sql.py:265} INFO - Executing: 
    ALTER TABLE raw.masked_transactions ADD COLUMN IF NOT EXISTS category VARCHAR;
    
    UPDATE raw.masked_transactions
    SET category = 
        CASE 
            WHEN transaction_type = 'p2p' THEN 'p2p'
            WHEN merchant IN ('Amazon', 'Ozon') THEN 'retail'
            WHEN merchant = 'Uber' THEN 'travel'
            ELSE 'other'
        END
    WHERE category IS NULL;
    
[2025-05-07T02:26:07.447+0000] {crypto.py:83} WARNING - empty cryptography key - values will not be stored encrypted.
[2025-05-07T02:26:07.448+0000] {base.py:73} INFO - Using connection ID 'postgres_default' for task execution.
[2025-05-07T02:26:07.507+0000] {base.py:73} INFO - Using connection ID 'postgres_default' for task execution.
[2025-05-07T02:26:07.514+0000] {sql.py:374} INFO - Running statement: 
    ALTER TABLE raw.masked_transactions ADD COLUMN IF NOT EXISTS category VARCHAR;
    
    UPDATE raw.masked_transactions
    SET category = 
        CASE 
            WHEN transaction_type = 'p2p' THEN 'p2p'
            WHEN merchant IN ('Amazon', 'Ozon') THEN 'retail'
            WHEN merchant = 'Uber' THEN 'travel'
            ELSE 'other'
        END
    WHERE category IS NULL;
    , parameters: None
[2025-05-07T02:26:07.517+0000] {sql.py:383} INFO - Rows affected: 0
[2025-05-07T02:26:07.526+0000] {taskinstance.py:1345} INFO - Marking task as SUCCESS. dag_id=graph_analysis, task_id=define_categories, execution_date=20250507T022602, start_date=20250507T022607, end_date=20250507T022607
[2025-05-07T02:26:07.564+0000] {local_task_job_runner.py:225} INFO - Task exited with return code 0
[2025-05-07T02:26:07.587+0000] {taskinstance.py:2653} INFO - 1 downstream tasks scheduled from follow-on schedule check
