[2025-04-29T14:36:00.029+0000] {taskinstance.py:1103} INFO - Dependencies all met for dep_context=non-requeueable deps ti=<TaskInstance: transform.detect_suspicious manual__2025-04-29T14:35:50.663047+00:00 [queued]>
[2025-04-29T14:36:00.035+0000] {taskinstance.py:1103} INFO - Dependencies all met for dep_context=requeueable deps ti=<TaskInstance: transform.detect_suspicious manual__2025-04-29T14:35:50.663047+00:00 [queued]>
[2025-04-29T14:36:00.035+0000] {taskinstance.py:1308} INFO - Starting attempt 1 of 2
[2025-04-29T14:36:00.045+0000] {taskinstance.py:1327} INFO - Executing <Task(SparkSubmitOperator): detect_suspicious> on 2025-04-29 14:35:50.663047+00:00
[2025-04-29T14:36:00.049+0000] {standard_task_runner.py:57} INFO - Started process 5510 to run task
[2025-04-29T14:36:00.051+0000] {standard_task_runner.py:84} INFO - Running: ['airflow', 'tasks', 'run', 'transform', 'detect_suspicious', 'manual__2025-04-29T14:35:50.663047+00:00', '--job-id', '26', '--raw', '--subdir', 'DAGS_FOLDER/transform.py', '--cfg-path', '/tmp/tmp6grypze7']
[2025-04-29T14:36:00.051+0000] {standard_task_runner.py:85} INFO - Job 26: Subtask detect_suspicious
[2025-04-29T14:36:00.086+0000] {task_command.py:410} INFO - Running <TaskInstance: transform.detect_suspicious manual__2025-04-29T14:35:50.663047+00:00 [running]> on host bd05f2cbfffd
[2025-04-29T14:36:00.233+0000] {taskinstance.py:1547} INFO - Exporting env vars: AIRFLOW_CTX_DAG_OWNER='finbest' AIRFLOW_CTX_DAG_ID='transform' AIRFLOW_CTX_TASK_ID='detect_suspicious' AIRFLOW_CTX_EXECUTION_DATE='2025-04-29T14:35:50.663047+00:00' AIRFLOW_CTX_TRY_NUMBER='1' AIRFLOW_CTX_DAG_RUN_ID='manual__2025-04-29T14:35:50.663047+00:00'
[2025-04-29T14:36:00.240+0000] {base.py:73} INFO - Using connection ID 'spark_default' for task execution.
[2025-04-29T14:36:00.241+0000] {spark_submit.py:339} INFO - Spark-Submit cmd: spark-submit --master spark://spark-master:7077 --packages org.postgresql:postgresql:42.6.0,ru.yandex.clickhouse:clickhouse-jdbc:0.3.2 --executor-cores 1 --executor-memory 1g --driver-memory 1g --name arrow-spark /opt/airflow/spark/detect_suspicious.py --jdbc jdbc:postgresql://postgres:5432/finbest --clickhouse-url jdbc:clickhouse://clickhouse:8123/finbest
[2025-04-29T14:36:01.776+0000] {spark_submit.py:490} INFO - :: loading settings :: url = jar:file:/opt/spark/jars/ivy-2.5.0.jar!/org/apache/ivy/core/settings/ivysettings.xml
[2025-04-29T14:36:01.858+0000] {spark_submit.py:490} INFO - Ivy Default Cache set to: /home/airflow/.ivy2/cache
[2025-04-29T14:36:01.859+0000] {spark_submit.py:490} INFO - The jars for the packages stored in: /home/airflow/.ivy2/jars
[2025-04-29T14:36:01.862+0000] {spark_submit.py:490} INFO - org.postgresql#postgresql added as a dependency
[2025-04-29T14:36:01.863+0000] {spark_submit.py:490} INFO - ru.yandex.clickhouse#clickhouse-jdbc added as a dependency
[2025-04-29T14:36:01.863+0000] {spark_submit.py:490} INFO - :: resolving dependencies :: org.apache.spark#spark-submit-parent-a1c7953a-4cb7-484b-b0e6-7e73cd9bb42b;1.0
[2025-04-29T14:36:01.863+0000] {spark_submit.py:490} INFO - confs: [default]
[2025-04-29T14:36:03.096+0000] {spark_submit.py:490} INFO - found org.postgresql#postgresql;42.6.0 in central
[2025-04-29T14:36:03.354+0000] {spark_submit.py:490} INFO - found org.checkerframework#checker-qual;3.31.0 in central
[2025-04-29T14:36:04.085+0000] {spark_submit.py:490} INFO - found ru.yandex.clickhouse#clickhouse-jdbc;0.3.2 in central
[2025-04-29T14:36:04.376+0000] {spark_submit.py:490} INFO - found com.clickhouse#clickhouse-http-client;0.3.2 in central
[2025-04-29T14:36:04.595+0000] {spark_submit.py:490} INFO - found com.clickhouse#clickhouse-client;0.3.2 in central
[2025-04-29T14:36:04.904+0000] {spark_submit.py:490} INFO - found org.lz4#lz4-java;1.8.0 in central
[2025-04-29T14:36:07.552+0000] {spark_submit.py:490} INFO - found com.google.code.gson#gson;2.8.8 in central
[2025-04-29T14:36:10.263+0000] {spark_submit.py:490} INFO - found org.apache.httpcomponents#httpclient;4.5.13 in central
[2025-04-29T14:36:10.787+0000] {spark_submit.py:490} INFO - found org.apache.httpcomponents#httpcore;4.4.13 in central
[2025-04-29T14:36:11.697+0000] {spark_submit.py:490} INFO - found commons-logging#commons-logging;1.2 in central
[2025-04-29T14:36:12.525+0000] {spark_submit.py:490} INFO - found commons-codec#commons-codec;1.11 in central
[2025-04-29T14:36:12.676+0000] {spark_submit.py:490} INFO - found org.apache.httpcomponents#httpmime;4.5.13 in central
[2025-04-29T14:36:12.746+0000] {spark_submit.py:490} INFO - downloading https://repo1.maven.org/maven2/org/postgresql/postgresql/42.6.0/postgresql-42.6.0.jar ...
[2025-04-29T14:36:15.326+0000] {spark_submit.py:490} INFO - [SUCCESSFUL ] org.postgresql#postgresql;42.6.0!postgresql.jar (2638ms)
[2025-04-29T14:36:15.385+0000] {spark_submit.py:490} INFO - downloading https://repo1.maven.org/maven2/ru/yandex/clickhouse/clickhouse-jdbc/0.3.2/clickhouse-jdbc-0.3.2.jar ...
[2025-04-29T14:36:16.430+0000] {spark_submit.py:490} INFO - [SUCCESSFUL ] ru.yandex.clickhouse#clickhouse-jdbc;0.3.2!clickhouse-jdbc.jar (1103ms)
[2025-04-29T14:36:16.487+0000] {spark_submit.py:490} INFO - downloading https://repo1.maven.org/maven2/org/checkerframework/checker-qual/3.31.0/checker-qual-3.31.0.jar ...
[2025-04-29T14:36:16.878+0000] {spark_submit.py:490} INFO - [SUCCESSFUL ] org.checkerframework#checker-qual;3.31.0!checker-qual.jar (447ms)
[2025-04-29T14:36:16.936+0000] {spark_submit.py:490} INFO - downloading https://repo1.maven.org/maven2/com/clickhouse/clickhouse-http-client/0.3.2/clickhouse-http-client-0.3.2.jar ...
[2025-04-29T14:36:17.089+0000] {spark_submit.py:490} INFO - [SUCCESSFUL ] com.clickhouse#clickhouse-http-client;0.3.2!clickhouse-http-client.jar (210ms)
[2025-04-29T14:36:17.151+0000] {spark_submit.py:490} INFO - downloading https://repo1.maven.org/maven2/com/google/code/gson/gson/2.8.8/gson-2.8.8.jar ...
[2025-04-29T14:36:17.543+0000] {spark_submit.py:490} INFO - [SUCCESSFUL ] com.google.code.gson#gson;2.8.8!gson.jar (452ms)
[2025-04-29T14:36:17.626+0000] {spark_submit.py:490} INFO - downloading https://repo1.maven.org/maven2/org/apache/httpcomponents/httpclient/4.5.13/httpclient-4.5.13.jar ...
[2025-04-29T14:36:19.009+0000] {spark_submit.py:490} INFO - [SUCCESSFUL ] org.apache.httpcomponents#httpclient;4.5.13!httpclient.jar (1464ms)
[2025-04-29T14:36:19.068+0000] {spark_submit.py:490} INFO - downloading https://repo1.maven.org/maven2/org/apache/httpcomponents/httpmime/4.5.13/httpmime-4.5.13.jar ...
[2025-04-29T14:36:19.196+0000] {spark_submit.py:490} INFO - [SUCCESSFUL ] org.apache.httpcomponents#httpmime;4.5.13!httpmime.jar (186ms)
[2025-04-29T14:36:19.254+0000] {spark_submit.py:490} INFO - downloading https://repo1.maven.org/maven2/org/lz4/lz4-java/1.8.0/lz4-java-1.8.0.jar ...
[2025-04-29T14:36:20.711+0000] {spark_submit.py:490} INFO - [SUCCESSFUL ] org.lz4#lz4-java;1.8.0!lz4-java.jar (1513ms)
[2025-04-29T14:36:20.768+0000] {spark_submit.py:490} INFO - downloading https://repo1.maven.org/maven2/com/clickhouse/clickhouse-client/0.3.2/clickhouse-client-0.3.2.jar ...
[2025-04-29T14:36:22.184+0000] {spark_submit.py:490} INFO - [SUCCESSFUL ] com.clickhouse#clickhouse-client;0.3.2!clickhouse-client.jar (1472ms)
[2025-04-29T14:36:22.248+0000] {spark_submit.py:490} INFO - downloading https://repo1.maven.org/maven2/org/apache/httpcomponents/httpcore/4.4.13/httpcore-4.4.13.jar ...
[2025-04-29T14:36:23.693+0000] {spark_submit.py:490} INFO - [SUCCESSFUL ] org.apache.httpcomponents#httpcore;4.4.13!httpcore.jar (1508ms)
[2025-04-29T14:36:23.750+0000] {spark_submit.py:490} INFO - downloading https://repo1.maven.org/maven2/commons-logging/commons-logging/1.2/commons-logging-1.2.jar ...
[2025-04-29T14:36:23.959+0000] {spark_submit.py:490} INFO - [SUCCESSFUL ] commons-logging#commons-logging;1.2!commons-logging.jar (265ms)
[2025-04-29T14:36:24.275+0000] {spark_submit.py:490} INFO - downloading https://repo1.maven.org/maven2/commons-codec/commons-codec/1.11/commons-codec-1.11.jar ...
[2025-04-29T14:36:25.326+0000] {spark_submit.py:490} INFO - [SUCCESSFUL ] commons-codec#commons-codec;1.11!commons-codec.jar (1366ms)
[2025-04-29T14:36:25.326+0000] {spark_submit.py:490} INFO - :: resolution report :: resolve 10825ms :: artifacts dl 12638ms
[2025-04-29T14:36:25.326+0000] {spark_submit.py:490} INFO - :: modules in use:
[2025-04-29T14:36:25.326+0000] {spark_submit.py:490} INFO - com.clickhouse#clickhouse-client;0.3.2 from central in [default]
[2025-04-29T14:36:25.326+0000] {spark_submit.py:490} INFO - com.clickhouse#clickhouse-http-client;0.3.2 from central in [default]
[2025-04-29T14:36:25.326+0000] {spark_submit.py:490} INFO - com.google.code.gson#gson;2.8.8 from central in [default]
[2025-04-29T14:36:25.327+0000] {spark_submit.py:490} INFO - commons-codec#commons-codec;1.11 from central in [default]
[2025-04-29T14:36:25.327+0000] {spark_submit.py:490} INFO - commons-logging#commons-logging;1.2 from central in [default]
[2025-04-29T14:36:25.327+0000] {spark_submit.py:490} INFO - org.apache.httpcomponents#httpclient;4.5.13 from central in [default]
[2025-04-29T14:36:25.327+0000] {spark_submit.py:490} INFO - org.apache.httpcomponents#httpcore;4.4.13 from central in [default]
[2025-04-29T14:36:25.327+0000] {spark_submit.py:490} INFO - org.apache.httpcomponents#httpmime;4.5.13 from central in [default]
[2025-04-29T14:36:25.327+0000] {spark_submit.py:490} INFO - org.checkerframework#checker-qual;3.31.0 from central in [default]
[2025-04-29T14:36:25.327+0000] {spark_submit.py:490} INFO - org.lz4#lz4-java;1.8.0 from central in [default]
[2025-04-29T14:36:25.327+0000] {spark_submit.py:490} INFO - org.postgresql#postgresql;42.6.0 from central in [default]
[2025-04-29T14:36:25.327+0000] {spark_submit.py:490} INFO - ru.yandex.clickhouse#clickhouse-jdbc;0.3.2 from central in [default]
[2025-04-29T14:36:25.327+0000] {spark_submit.py:490} INFO - ---------------------------------------------------------------------
[2025-04-29T14:36:25.327+0000] {spark_submit.py:490} INFO - |                  |            modules            ||   artifacts   |
[2025-04-29T14:36:25.327+0000] {spark_submit.py:490} INFO - |       conf       | number| search|dwnlded|evicted|| number|dwnlded|
[2025-04-29T14:36:25.327+0000] {spark_submit.py:490} INFO - ---------------------------------------------------------------------
[2025-04-29T14:36:25.327+0000] {spark_submit.py:490} INFO - |      default     |   12  |   12  |   12  |   0   ||   12  |   12  |
[2025-04-29T14:36:25.327+0000] {spark_submit.py:490} INFO - ---------------------------------------------------------------------
[2025-04-29T14:36:25.332+0000] {spark_submit.py:490} INFO - :: retrieving :: org.apache.spark#spark-submit-parent-a1c7953a-4cb7-484b-b0e6-7e73cd9bb42b
[2025-04-29T14:36:25.332+0000] {spark_submit.py:490} INFO - confs: [default]
[2025-04-29T14:36:25.347+0000] {spark_submit.py:490} INFO - 12 artifacts copied, 0 already retrieved (4598kB/15ms)
[2025-04-29T14:36:25.537+0000] {spark_submit.py:490} INFO - 25/04/29 14:36:25 WARN NativeCodeLoader: Unable to load native-hadoop library for your platform... using builtin-java classes where applicable
[2025-04-29T14:36:26.334+0000] {spark_submit.py:490} INFO - usage: detect_suspicious.py [-h] --jdbc JDBC
[2025-04-29T14:36:26.335+0000] {spark_submit.py:490} INFO - detect_suspicious.py: error: unrecognized arguments: --clickhouse-url jdbc:clickhouse://clickhouse:8123/finbest
[2025-04-29T14:36:26.378+0000] {spark_submit.py:490} INFO - 25/04/29 14:36:26 INFO ShutdownHookManager: Shutdown hook called
[2025-04-29T14:36:26.378+0000] {spark_submit.py:490} INFO - 25/04/29 14:36:26 INFO ShutdownHookManager: Deleting directory /tmp/spark-0709f317-4530-4c43-83df-d8d2c999df7c
[2025-04-29T14:36:26.431+0000] {taskinstance.py:1824} ERROR - Task failed with exception
Traceback (most recent call last):
  File "/home/airflow/.local/lib/python3.7/site-packages/airflow/providers/apache/spark/operators/spark_submit.py", line 157, in execute
    self._hook.submit(self._application)
  File "/home/airflow/.local/lib/python3.7/site-packages/airflow/providers/apache/spark/hooks/spark_submit.py", line 422, in submit
    f"Cannot execute: {self._mask_cmd(spark_submit_cmd)}. Error code is: {returncode}."
airflow.exceptions.AirflowException: Cannot execute: spark-submit --master spark://spark-master:7077 --packages org.postgresql:postgresql:42.6.0,ru.yandex.clickhouse:clickhouse-jdbc:0.3.2 --executor-cores 1 --executor-memory 1g --driver-memory 1g --name arrow-spark /opt/airflow/spark/detect_suspicious.py --jdbc jdbc:postgresql://postgres:5432/finbest --clickhouse-url jdbc:clickhouse://clickhouse:8123/finbest. Error code is: 2.
[2025-04-29T14:36:26.434+0000] {taskinstance.py:1350} INFO - Marking task as UP_FOR_RETRY. dag_id=transform, task_id=detect_suspicious, execution_date=20250429T143550, start_date=20250429T143600, end_date=20250429T143626
[2025-04-29T14:36:26.444+0000] {standard_task_runner.py:109} ERROR - Failed to execute job 26 for task detect_suspicious (Cannot execute: spark-submit --master spark://spark-master:7077 --packages org.postgresql:postgresql:42.6.0,ru.yandex.clickhouse:clickhouse-jdbc:0.3.2 --executor-cores 1 --executor-memory 1g --driver-memory 1g --name arrow-spark /opt/airflow/spark/detect_suspicious.py --jdbc jdbc:postgresql://postgres:5432/finbest --clickhouse-url jdbc:clickhouse://clickhouse:8123/finbest. Error code is: 2.; 5510)
[2025-04-29T14:36:26.485+0000] {local_task_job_runner.py:225} INFO - Task exited with return code 1
[2025-04-29T14:36:26.517+0000] {taskinstance.py:2653} INFO - 0 downstream tasks scheduled from follow-on schedule check
