[2025-04-29T14:37:28.418+0000] {taskinstance.py:1103} INFO - Dependencies all met for dep_context=non-requeueable deps ti=<TaskInstance: transform.detect_suspicious manual__2025-04-29T14:35:50.663047+00:00 [queued]>
[2025-04-29T14:37:28.424+0000] {taskinstance.py:1103} INFO - Dependencies all met for dep_context=requeueable deps ti=<TaskInstance: transform.detect_suspicious manual__2025-04-29T14:35:50.663047+00:00 [queued]>
[2025-04-29T14:37:28.424+0000] {taskinstance.py:1308} INFO - Starting attempt 2 of 2
[2025-04-29T14:37:28.436+0000] {taskinstance.py:1327} INFO - Executing <Task(SparkSubmitOperator): detect_suspicious> on 2025-04-29 14:35:50.663047+00:00
[2025-04-29T14:37:28.440+0000] {standard_task_runner.py:57} INFO - Started process 5653 to run task
[2025-04-29T14:37:28.442+0000] {standard_task_runner.py:84} INFO - Running: ['airflow', 'tasks', 'run', 'transform', 'detect_suspicious', 'manual__2025-04-29T14:35:50.663047+00:00', '--job-id', '27', '--raw', '--subdir', 'DAGS_FOLDER/transform.py', '--cfg-path', '/tmp/tmpwm6wjnsy']
[2025-04-29T14:37:28.443+0000] {standard_task_runner.py:85} INFO - Job 27: Subtask detect_suspicious
[2025-04-29T14:37:28.483+0000] {task_command.py:410} INFO - Running <TaskInstance: transform.detect_suspicious manual__2025-04-29T14:35:50.663047+00:00 [running]> on host bd05f2cbfffd
[2025-04-29T14:37:28.643+0000] {taskinstance.py:1547} INFO - Exporting env vars: AIRFLOW_CTX_DAG_OWNER='finbest' AIRFLOW_CTX_DAG_ID='transform' AIRFLOW_CTX_TASK_ID='detect_suspicious' AIRFLOW_CTX_EXECUTION_DATE='2025-04-29T14:35:50.663047+00:00' AIRFLOW_CTX_TRY_NUMBER='2' AIRFLOW_CTX_DAG_RUN_ID='manual__2025-04-29T14:35:50.663047+00:00'
[2025-04-29T14:37:28.652+0000] {base.py:73} INFO - Using connection ID 'spark_default' for task execution.
[2025-04-29T14:37:28.653+0000] {spark_submit.py:339} INFO - Spark-Submit cmd: spark-submit --master spark://spark-master:7077 --packages org.postgresql:postgresql:42.6.0,ru.yandex.clickhouse:clickhouse-jdbc:0.3.2 --executor-cores 1 --executor-memory 1g --driver-memory 1g --name arrow-spark /opt/airflow/spark/detect_suspicious.py --jdbc jdbc:postgresql://postgres:5432/finbest --clickhouse-url jdbc:clickhouse://clickhouse:8123/finbest
[2025-04-29T14:37:29.966+0000] {spark_submit.py:490} INFO - :: loading settings :: url = jar:file:/opt/spark/jars/ivy-2.5.0.jar!/org/apache/ivy/core/settings/ivysettings.xml
[2025-04-29T14:37:30.037+0000] {spark_submit.py:490} INFO - Ivy Default Cache set to: /home/airflow/.ivy2/cache
[2025-04-29T14:37:30.037+0000] {spark_submit.py:490} INFO - The jars for the packages stored in: /home/airflow/.ivy2/jars
[2025-04-29T14:37:30.041+0000] {spark_submit.py:490} INFO - org.postgresql#postgresql added as a dependency
[2025-04-29T14:37:30.041+0000] {spark_submit.py:490} INFO - ru.yandex.clickhouse#clickhouse-jdbc added as a dependency
[2025-04-29T14:37:30.042+0000] {spark_submit.py:490} INFO - :: resolving dependencies :: org.apache.spark#spark-submit-parent-86ff1ee4-0efc-4ca6-adbb-169a6342e3ef;1.0
[2025-04-29T14:37:30.042+0000] {spark_submit.py:490} INFO - confs: [default]
[2025-04-29T14:37:30.113+0000] {spark_submit.py:490} INFO - found org.postgresql#postgresql;42.6.0 in central
[2025-04-29T14:37:30.131+0000] {spark_submit.py:490} INFO - found org.checkerframework#checker-qual;3.31.0 in central
[2025-04-29T14:37:30.150+0000] {spark_submit.py:490} INFO - found ru.yandex.clickhouse#clickhouse-jdbc;0.3.2 in central
[2025-04-29T14:37:30.171+0000] {spark_submit.py:490} INFO - found com.clickhouse#clickhouse-http-client;0.3.2 in central
[2025-04-29T14:37:30.186+0000] {spark_submit.py:490} INFO - found com.clickhouse#clickhouse-client;0.3.2 in central
[2025-04-29T14:37:30.199+0000] {spark_submit.py:490} INFO - found org.lz4#lz4-java;1.8.0 in central
[2025-04-29T14:37:30.213+0000] {spark_submit.py:490} INFO - found com.google.code.gson#gson;2.8.8 in central
[2025-04-29T14:37:30.227+0000] {spark_submit.py:490} INFO - found org.apache.httpcomponents#httpclient;4.5.13 in central
[2025-04-29T14:37:30.242+0000] {spark_submit.py:490} INFO - found org.apache.httpcomponents#httpcore;4.4.13 in central
[2025-04-29T14:37:30.256+0000] {spark_submit.py:490} INFO - found commons-logging#commons-logging;1.2 in central
[2025-04-29T14:37:30.269+0000] {spark_submit.py:490} INFO - found commons-codec#commons-codec;1.11 in central
[2025-04-29T14:37:30.279+0000] {spark_submit.py:490} INFO - found org.apache.httpcomponents#httpmime;4.5.13 in central
[2025-04-29T14:37:30.300+0000] {spark_submit.py:490} INFO - :: resolution report :: resolve 248ms :: artifacts dl 10ms
[2025-04-29T14:37:30.301+0000] {spark_submit.py:490} INFO - :: modules in use:
[2025-04-29T14:37:30.301+0000] {spark_submit.py:490} INFO - com.clickhouse#clickhouse-client;0.3.2 from central in [default]
[2025-04-29T14:37:30.301+0000] {spark_submit.py:490} INFO - com.clickhouse#clickhouse-http-client;0.3.2 from central in [default]
[2025-04-29T14:37:30.301+0000] {spark_submit.py:490} INFO - com.google.code.gson#gson;2.8.8 from central in [default]
[2025-04-29T14:37:30.301+0000] {spark_submit.py:490} INFO - commons-codec#commons-codec;1.11 from central in [default]
[2025-04-29T14:37:30.302+0000] {spark_submit.py:490} INFO - commons-logging#commons-logging;1.2 from central in [default]
[2025-04-29T14:37:30.302+0000] {spark_submit.py:490} INFO - org.apache.httpcomponents#httpclient;4.5.13 from central in [default]
[2025-04-29T14:37:30.302+0000] {spark_submit.py:490} INFO - org.apache.httpcomponents#httpcore;4.4.13 from central in [default]
[2025-04-29T14:37:30.302+0000] {spark_submit.py:490} INFO - org.apache.httpcomponents#httpmime;4.5.13 from central in [default]
[2025-04-29T14:37:30.302+0000] {spark_submit.py:490} INFO - org.checkerframework#checker-qual;3.31.0 from central in [default]
[2025-04-29T14:37:30.302+0000] {spark_submit.py:490} INFO - org.lz4#lz4-java;1.8.0 from central in [default]
[2025-04-29T14:37:30.302+0000] {spark_submit.py:490} INFO - org.postgresql#postgresql;42.6.0 from central in [default]
[2025-04-29T14:37:30.302+0000] {spark_submit.py:490} INFO - ru.yandex.clickhouse#clickhouse-jdbc;0.3.2 from central in [default]
[2025-04-29T14:37:30.302+0000] {spark_submit.py:490} INFO - ---------------------------------------------------------------------
[2025-04-29T14:37:30.302+0000] {spark_submit.py:490} INFO - |                  |            modules            ||   artifacts   |
[2025-04-29T14:37:30.302+0000] {spark_submit.py:490} INFO - |       conf       | number| search|dwnlded|evicted|| number|dwnlded|
[2025-04-29T14:37:30.303+0000] {spark_submit.py:490} INFO - ---------------------------------------------------------------------
[2025-04-29T14:37:30.303+0000] {spark_submit.py:490} INFO - |      default     |   12  |   0   |   0   |   0   ||   12  |   0   |
[2025-04-29T14:37:30.303+0000] {spark_submit.py:490} INFO - ---------------------------------------------------------------------
[2025-04-29T14:37:30.306+0000] {spark_submit.py:490} INFO - :: retrieving :: org.apache.spark#spark-submit-parent-86ff1ee4-0efc-4ca6-adbb-169a6342e3ef
[2025-04-29T14:37:30.307+0000] {spark_submit.py:490} INFO - confs: [default]
[2025-04-29T14:37:30.316+0000] {spark_submit.py:490} INFO - 0 artifacts copied, 12 already retrieved (0kB/8ms)
[2025-04-29T14:37:30.493+0000] {spark_submit.py:490} INFO - 25/04/29 14:37:30 WARN NativeCodeLoader: Unable to load native-hadoop library for your platform... using builtin-java classes where applicable
[2025-04-29T14:37:31.226+0000] {spark_submit.py:490} INFO - usage: detect_suspicious.py [-h] --jdbc JDBC
[2025-04-29T14:37:31.226+0000] {spark_submit.py:490} INFO - detect_suspicious.py: error: unrecognized arguments: --clickhouse-url jdbc:clickhouse://clickhouse:8123/finbest
[2025-04-29T14:37:31.260+0000] {spark_submit.py:490} INFO - 25/04/29 14:37:31 INFO ShutdownHookManager: Shutdown hook called
[2025-04-29T14:37:31.261+0000] {spark_submit.py:490} INFO - 25/04/29 14:37:31 INFO ShutdownHookManager: Deleting directory /tmp/spark-b48a9799-0176-4b1e-9dd3-14715b9f393b
[2025-04-29T14:37:31.301+0000] {taskinstance.py:1824} ERROR - Task failed with exception
Traceback (most recent call last):
  File "/home/airflow/.local/lib/python3.7/site-packages/airflow/providers/apache/spark/operators/spark_submit.py", line 157, in execute
    self._hook.submit(self._application)
  File "/home/airflow/.local/lib/python3.7/site-packages/airflow/providers/apache/spark/hooks/spark_submit.py", line 422, in submit
    f"Cannot execute: {self._mask_cmd(spark_submit_cmd)}. Error code is: {returncode}."
airflow.exceptions.AirflowException: Cannot execute: spark-submit --master spark://spark-master:7077 --packages org.postgresql:postgresql:42.6.0,ru.yandex.clickhouse:clickhouse-jdbc:0.3.2 --executor-cores 1 --executor-memory 1g --driver-memory 1g --name arrow-spark /opt/airflow/spark/detect_suspicious.py --jdbc jdbc:postgresql://postgres:5432/finbest --clickhouse-url jdbc:clickhouse://clickhouse:8123/finbest. Error code is: 2.
[2025-04-29T14:37:31.304+0000] {taskinstance.py:1350} INFO - Marking task as FAILED. dag_id=transform, task_id=detect_suspicious, execution_date=20250429T143550, start_date=20250429T143728, end_date=20250429T143731
[2025-04-29T14:37:31.314+0000] {standard_task_runner.py:109} ERROR - Failed to execute job 27 for task detect_suspicious (Cannot execute: spark-submit --master spark://spark-master:7077 --packages org.postgresql:postgresql:42.6.0,ru.yandex.clickhouse:clickhouse-jdbc:0.3.2 --executor-cores 1 --executor-memory 1g --driver-memory 1g --name arrow-spark /opt/airflow/spark/detect_suspicious.py --jdbc jdbc:postgresql://postgres:5432/finbest --clickhouse-url jdbc:clickhouse://clickhouse:8123/finbest. Error code is: 2.; 5653)
[2025-04-29T14:37:31.343+0000] {local_task_job_runner.py:225} INFO - Task exited with return code 1
[2025-04-29T14:37:31.359+0000] {taskinstance.py:2653} INFO - 0 downstream tasks scheduled from follow-on schedule check
