[2025-04-27T16:42:35.056+0000] {taskinstance.py:1103} INFO - Dependencies all met for dep_context=non-requeueable deps ti=<TaskInstance: transform.detect_suspicious manual__2025-04-27T16:42:26.666945+00:00 [queued]>
[2025-04-27T16:42:35.062+0000] {taskinstance.py:1103} INFO - Dependencies all met for dep_context=requeueable deps ti=<TaskInstance: transform.detect_suspicious manual__2025-04-27T16:42:26.666945+00:00 [queued]>
[2025-04-27T16:42:35.062+0000] {taskinstance.py:1308} INFO - Starting attempt 1 of 2
[2025-04-27T16:42:35.073+0000] {taskinstance.py:1327} INFO - Executing <Task(SparkSubmitOperator): detect_suspicious> on 2025-04-27 16:42:26.666945+00:00
[2025-04-27T16:42:35.077+0000] {standard_task_runner.py:57} INFO - Started process 215 to run task
[2025-04-27T16:42:35.079+0000] {standard_task_runner.py:84} INFO - Running: ['airflow', 'tasks', 'run', 'transform', 'detect_suspicious', 'manual__2025-04-27T16:42:26.666945+00:00', '--job-id', '9', '--raw', '--subdir', 'DAGS_FOLDER/transform.py', '--cfg-path', '/tmp/tmp38r7g1fn']
[2025-04-27T16:42:35.080+0000] {standard_task_runner.py:85} INFO - Job 9: Subtask detect_suspicious
[2025-04-27T16:42:35.117+0000] {task_command.py:410} INFO - Running <TaskInstance: transform.detect_suspicious manual__2025-04-27T16:42:26.666945+00:00 [running]> on host 3df9164c4a1b
[2025-04-27T16:42:35.253+0000] {taskinstance.py:1547} INFO - Exporting env vars: AIRFLOW_CTX_DAG_OWNER='finbest' AIRFLOW_CTX_DAG_ID='transform' AIRFLOW_CTX_TASK_ID='detect_suspicious' AIRFLOW_CTX_EXECUTION_DATE='2025-04-27T16:42:26.666945+00:00' AIRFLOW_CTX_TRY_NUMBER='1' AIRFLOW_CTX_DAG_RUN_ID='manual__2025-04-27T16:42:26.666945+00:00'
[2025-04-27T16:42:35.261+0000] {base.py:73} INFO - Using connection ID 'spark_default' for task execution.
[2025-04-27T16:42:35.262+0000] {spark_submit.py:339} INFO - Spark-Submit cmd: spark-submit --master spark://spark-master:7077 --packages org.postgresql:postgresql:42.6.0, --executor-cores 1 --executor-memory 1g --driver-memory 1g --name arrow-spark /opt/airflow/spark/detect_suspicious.py --jdbc jdbc:postgresql://postgres:5432/finbest
[2025-04-27T16:42:36.722+0000] {spark_submit.py:490} INFO - :: loading settings :: url = jar:file:/opt/spark/jars/ivy-2.5.0.jar!/org/apache/ivy/core/settings/ivysettings.xml
[2025-04-27T16:42:36.814+0000] {spark_submit.py:490} INFO - Ivy Default Cache set to: /home/airflow/.ivy2/cache
[2025-04-27T16:42:36.814+0000] {spark_submit.py:490} INFO - The jars for the packages stored in: /home/airflow/.ivy2/jars
[2025-04-27T16:42:36.818+0000] {spark_submit.py:490} INFO - org.postgresql#postgresql added as a dependency
[2025-04-27T16:42:36.819+0000] {spark_submit.py:490} INFO - :: resolving dependencies :: org.apache.spark#spark-submit-parent-079fe501-a67e-433d-8dd6-ec3f58fb6836;1.0
[2025-04-27T16:42:36.819+0000] {spark_submit.py:490} INFO - confs: [default]
[2025-04-27T16:42:38.045+0000] {spark_submit.py:490} INFO - found org.postgresql#postgresql;42.6.0 in central
[2025-04-27T16:42:38.318+0000] {spark_submit.py:490} INFO - found org.checkerframework#checker-qual;3.31.0 in central
[2025-04-27T16:42:38.505+0000] {spark_submit.py:490} INFO - downloading https://repo1.maven.org/maven2/org/postgresql/postgresql/42.6.0/postgresql-42.6.0.jar ...
[2025-04-27T16:42:39.480+0000] {spark_submit.py:490} INFO - [SUCCESSFUL ] org.postgresql#postgresql;42.6.0!postgresql.jar (1154ms)
[2025-04-27T16:42:39.559+0000] {spark_submit.py:490} INFO - downloading https://repo1.maven.org/maven2/org/checkerframework/checker-qual/3.31.0/checker-qual-3.31.0.jar ...
[2025-04-27T16:42:40.220+0000] {spark_submit.py:490} INFO - [SUCCESSFUL ] org.checkerframework#checker-qual;3.31.0!checker-qual.jar (737ms)
[2025-04-27T16:42:40.221+0000] {spark_submit.py:490} INFO - :: resolution report :: resolve 1506ms :: artifacts dl 1896ms
[2025-04-27T16:42:40.221+0000] {spark_submit.py:490} INFO - :: modules in use:
[2025-04-27T16:42:40.221+0000] {spark_submit.py:490} INFO - org.checkerframework#checker-qual;3.31.0 from central in [default]
[2025-04-27T16:42:40.221+0000] {spark_submit.py:490} INFO - org.postgresql#postgresql;42.6.0 from central in [default]
[2025-04-27T16:42:40.221+0000] {spark_submit.py:490} INFO - ---------------------------------------------------------------------
[2025-04-27T16:42:40.221+0000] {spark_submit.py:490} INFO - |                  |            modules            ||   artifacts   |
[2025-04-27T16:42:40.221+0000] {spark_submit.py:490} INFO - |       conf       | number| search|dwnlded|evicted|| number|dwnlded|
[2025-04-27T16:42:40.222+0000] {spark_submit.py:490} INFO - ---------------------------------------------------------------------
[2025-04-27T16:42:40.222+0000] {spark_submit.py:490} INFO - |      default     |   2   |   2   |   2   |   0   ||   2   |   2   |
[2025-04-27T16:42:40.222+0000] {spark_submit.py:490} INFO - ---------------------------------------------------------------------
[2025-04-27T16:42:40.225+0000] {spark_submit.py:490} INFO - :: retrieving :: org.apache.spark#spark-submit-parent-079fe501-a67e-433d-8dd6-ec3f58fb6836
[2025-04-27T16:42:40.225+0000] {spark_submit.py:490} INFO - confs: [default]
[2025-04-27T16:42:40.230+0000] {spark_submit.py:490} INFO - 2 artifacts copied, 0 already retrieved (1274kB/5ms)
[2025-04-27T16:42:40.443+0000] {spark_submit.py:490} INFO - 25/04/27 16:42:40 WARN NativeCodeLoader: Unable to load native-hadoop library for your platform... using builtin-java classes where applicable
[2025-04-27T16:42:41.278+0000] {spark_submit.py:490} INFO - 25/04/27 16:42:41 INFO SparkContext: Running Spark version 3.3.0
[2025-04-27T16:42:41.293+0000] {spark_submit.py:490} INFO - 25/04/27 16:42:41 INFO ResourceUtils: ==============================================================
[2025-04-27T16:42:41.293+0000] {spark_submit.py:490} INFO - 25/04/27 16:42:41 INFO ResourceUtils: No custom resources configured for spark.driver.
[2025-04-27T16:42:41.293+0000] {spark_submit.py:490} INFO - 25/04/27 16:42:41 INFO ResourceUtils: ==============================================================
[2025-04-27T16:42:41.294+0000] {spark_submit.py:490} INFO - 25/04/27 16:42:41 INFO SparkContext: Submitted application: FinBestDetect
[2025-04-27T16:42:41.323+0000] {spark_submit.py:490} INFO - 25/04/27 16:42:41 INFO ResourceProfile: Default ResourceProfile created, executor resources: Map(cores -> name: cores, amount: 1, script: , vendor: , memory -> name: memory, amount: 1024, script: , vendor: , offHeap -> name: offHeap, amount: 0, script: , vendor: ), task resources: Map(cpus -> name: cpus, amount: 1.0)
[2025-04-27T16:42:41.331+0000] {spark_submit.py:490} INFO - 25/04/27 16:42:41 INFO ResourceProfile: Limiting resource is cpus at 1 tasks per executor
[2025-04-27T16:42:41.333+0000] {spark_submit.py:490} INFO - 25/04/27 16:42:41 INFO ResourceProfileManager: Added ResourceProfile id: 0
[2025-04-27T16:42:41.375+0000] {spark_submit.py:490} INFO - 25/04/27 16:42:41 INFO SecurityManager: Changing view acls to: airflow
[2025-04-27T16:42:41.375+0000] {spark_submit.py:490} INFO - 25/04/27 16:42:41 INFO SecurityManager: Changing modify acls to: airflow
[2025-04-27T16:42:41.375+0000] {spark_submit.py:490} INFO - 25/04/27 16:42:41 INFO SecurityManager: Changing view acls groups to:
[2025-04-27T16:42:41.376+0000] {spark_submit.py:490} INFO - 25/04/27 16:42:41 INFO SecurityManager: Changing modify acls groups to:
[2025-04-27T16:42:41.376+0000] {spark_submit.py:490} INFO - 25/04/27 16:42:41 INFO SecurityManager: SecurityManager: authentication disabled; ui acls disabled; users  with view permissions: Set(airflow); groups with view permissions: Set(); users  with modify permissions: Set(airflow); groups with modify permissions: Set()
[2025-04-27T16:42:41.557+0000] {spark_submit.py:490} INFO - 25/04/27 16:42:41 INFO Utils: Successfully started service 'sparkDriver' on port 39351.
[2025-04-27T16:42:41.579+0000] {spark_submit.py:490} INFO - 25/04/27 16:42:41 INFO SparkEnv: Registering MapOutputTracker
[2025-04-27T16:42:41.606+0000] {spark_submit.py:490} INFO - 25/04/27 16:42:41 INFO SparkEnv: Registering BlockManagerMaster
[2025-04-27T16:42:41.622+0000] {spark_submit.py:490} INFO - 25/04/27 16:42:41 INFO BlockManagerMasterEndpoint: Using org.apache.spark.storage.DefaultTopologyMapper for getting topology information
[2025-04-27T16:42:41.623+0000] {spark_submit.py:490} INFO - 25/04/27 16:42:41 INFO BlockManagerMasterEndpoint: BlockManagerMasterEndpoint up
[2025-04-27T16:42:41.626+0000] {spark_submit.py:490} INFO - 25/04/27 16:42:41 INFO SparkEnv: Registering BlockManagerMasterHeartbeat
[2025-04-27T16:42:41.702+0000] {spark_submit.py:490} INFO - 25/04/27 16:42:41 INFO DiskBlockManager: Created local directory at /tmp/blockmgr-350653da-45fe-4ae9-9fd6-42423c2e38c8
[2025-04-27T16:42:41.720+0000] {spark_submit.py:490} INFO - 25/04/27 16:42:41 INFO MemoryStore: MemoryStore started with capacity 434.4 MiB
[2025-04-27T16:42:41.731+0000] {spark_submit.py:490} INFO - 25/04/27 16:42:41 INFO SparkEnv: Registering OutputCommitCoordinator
[2025-04-27T16:42:41.886+0000] {spark_submit.py:490} INFO - 25/04/27 16:42:41 INFO Utils: Successfully started service 'SparkUI' on port 4040.
[2025-04-27T16:42:41.911+0000] {spark_submit.py:490} INFO - 25/04/27 16:42:41 INFO SparkContext: Added JAR file:///home/airflow/.ivy2/jars/org.postgresql_postgresql-42.6.0.jar at spark://3df9164c4a1b:39351/jars/org.postgresql_postgresql-42.6.0.jar with timestamp 1745772161272
[2025-04-27T16:42:41.912+0000] {spark_submit.py:490} INFO - 25/04/27 16:42:41 INFO SparkContext: Added JAR file:///home/airflow/.ivy2/jars/org.checkerframework_checker-qual-3.31.0.jar at spark://3df9164c4a1b:39351/jars/org.checkerframework_checker-qual-3.31.0.jar with timestamp 1745772161272
[2025-04-27T16:42:41.913+0000] {spark_submit.py:490} INFO - 25/04/27 16:42:41 INFO SparkContext: Added file file:///home/airflow/.ivy2/jars/org.postgresql_postgresql-42.6.0.jar at spark://3df9164c4a1b:39351/files/org.postgresql_postgresql-42.6.0.jar with timestamp 1745772161272
[2025-04-27T16:42:41.914+0000] {spark_submit.py:490} INFO - 25/04/27 16:42:41 INFO Utils: Copying /home/airflow/.ivy2/jars/org.postgresql_postgresql-42.6.0.jar to /tmp/spark-1e34e939-222e-4ee2-b0bb-aa386196caa1/userFiles-790039c4-a443-4fa4-9242-798cb3ea507f/org.postgresql_postgresql-42.6.0.jar
[2025-04-27T16:42:41.923+0000] {spark_submit.py:490} INFO - 25/04/27 16:42:41 INFO SparkContext: Added file file:///home/airflow/.ivy2/jars/org.checkerframework_checker-qual-3.31.0.jar at spark://3df9164c4a1b:39351/files/org.checkerframework_checker-qual-3.31.0.jar with timestamp 1745772161272
[2025-04-27T16:42:41.923+0000] {spark_submit.py:490} INFO - 25/04/27 16:42:41 INFO Utils: Copying /home/airflow/.ivy2/jars/org.checkerframework_checker-qual-3.31.0.jar to /tmp/spark-1e34e939-222e-4ee2-b0bb-aa386196caa1/userFiles-790039c4-a443-4fa4-9242-798cb3ea507f/org.checkerframework_checker-qual-3.31.0.jar
[2025-04-27T16:42:41.987+0000] {spark_submit.py:490} INFO - 25/04/27 16:42:41 INFO StandaloneAppClient$ClientEndpoint: Connecting to master spark://spark-master:7077...
[2025-04-27T16:42:42.022+0000] {spark_submit.py:490} INFO - 25/04/27 16:42:42 INFO TransportClientFactory: Successfully created connection to spark-master/172.18.0.3:7077 after 20 ms (0 ms spent in bootstraps)
[2025-04-27T16:42:42.267+0000] {spark_submit.py:490} INFO - 25/04/27 16:42:42 INFO StandaloneSchedulerBackend: Connected to Spark cluster with app ID app-20250427164242-0000
[2025-04-27T16:42:42.273+0000] {spark_submit.py:490} INFO - 25/04/27 16:42:42 INFO Utils: Successfully started service 'org.apache.spark.network.netty.NettyBlockTransferService' on port 41669.
[2025-04-27T16:42:42.273+0000] {spark_submit.py:490} INFO - 25/04/27 16:42:42 INFO NettyBlockTransferService: Server created on 3df9164c4a1b:41669
[2025-04-27T16:42:42.274+0000] {spark_submit.py:490} INFO - 25/04/27 16:42:42 INFO BlockManager: Using org.apache.spark.storage.RandomBlockReplicationPolicy for block replication policy
[2025-04-27T16:42:42.280+0000] {spark_submit.py:490} INFO - 25/04/27 16:42:42 INFO BlockManagerMaster: Registering BlockManager BlockManagerId(driver, 3df9164c4a1b, 41669, None)
[2025-04-27T16:42:42.283+0000] {spark_submit.py:490} INFO - 25/04/27 16:42:42 INFO BlockManagerMasterEndpoint: Registering block manager 3df9164c4a1b:41669 with 434.4 MiB RAM, BlockManagerId(driver, 3df9164c4a1b, 41669, None)
[2025-04-27T16:42:42.284+0000] {spark_submit.py:490} INFO - 25/04/27 16:42:42 INFO BlockManagerMaster: Registered BlockManager BlockManagerId(driver, 3df9164c4a1b, 41669, None)
[2025-04-27T16:42:42.285+0000] {spark_submit.py:490} INFO - 25/04/27 16:42:42 INFO BlockManager: Initialized BlockManager: BlockManagerId(driver, 3df9164c4a1b, 41669, None)
[2025-04-27T16:42:42.331+0000] {spark_submit.py:490} INFO - 25/04/27 16:42:42 INFO StandaloneAppClient$ClientEndpoint: Executor added: app-20250427164242-0000/0 on worker-20250427163950-172.18.0.5-43901 (172.18.0.5:43901) with 1 core(s)
[2025-04-27T16:42:42.332+0000] {spark_submit.py:490} INFO - 25/04/27 16:42:42 INFO StandaloneSchedulerBackend: Granted executor ID app-20250427164242-0000/0 on hostPort 172.18.0.5:43901 with 1 core(s), 1024.0 MiB RAM
[2025-04-27T16:42:42.461+0000] {spark_submit.py:490} INFO - 25/04/27 16:42:42 INFO StandaloneSchedulerBackend: SchedulerBackend is ready for scheduling beginning after reached minRegisteredResourcesRatio: 0.0
[2025-04-27T16:42:42.613+0000] {spark_submit.py:490} INFO - INFO:__main__:SparkSession создан
[2025-04-27T16:42:42.619+0000] {spark_submit.py:490} INFO - 25/04/27 16:42:42 INFO SharedState: Setting hive.metastore.warehouse.dir ('null') to the value of spark.sql.warehouse.dir.
[2025-04-27T16:42:42.621+0000] {spark_submit.py:490} INFO - 25/04/27 16:42:42 INFO SharedState: Warehouse path is 'file:/opt/airflow/spark-warehouse'.
[2025-04-27T16:42:42.752+0000] {spark_submit.py:490} INFO - 25/04/27 16:42:42 INFO StandaloneAppClient$ClientEndpoint: Executor updated: app-20250427164242-0000/0 is now RUNNING
[2025-04-27T16:42:46.023+0000] {spark_submit.py:490} INFO - 25/04/27 16:42:46 INFO CoarseGrainedSchedulerBackend$DriverEndpoint: Registered executor NettyRpcEndpointRef(spark-client://Executor) (172.18.0.5:47044) with ID 0,  ResourceProfileId 0
[2025-04-27T16:42:46.097+0000] {spark_submit.py:490} INFO - 25/04/27 16:42:46 INFO BlockManagerMasterEndpoint: Registering block manager 172.18.0.5:46443 with 366.3 MiB RAM, BlockManagerId(0, 172.18.0.5, 46443, None)
[2025-04-27T16:42:46.604+0000] {spark_submit.py:490} INFO - 25/04/27 16:42:46 INFO CodeGenerator: Code generated in 99.63868 ms
[2025-04-27T16:42:46.666+0000] {spark_submit.py:490} INFO - 25/04/27 16:42:46 INFO DAGScheduler: Registering RDD 2 (count at NativeMethodAccessorImpl.java:0) as input to shuffle 0
[2025-04-27T16:42:46.669+0000] {spark_submit.py:490} INFO - 25/04/27 16:42:46 INFO DAGScheduler: Got map stage job 0 (count at NativeMethodAccessorImpl.java:0) with 1 output partitions
[2025-04-27T16:42:46.670+0000] {spark_submit.py:490} INFO - 25/04/27 16:42:46 INFO DAGScheduler: Final stage: ShuffleMapStage 0 (count at NativeMethodAccessorImpl.java:0)
[2025-04-27T16:42:46.670+0000] {spark_submit.py:490} INFO - 25/04/27 16:42:46 INFO DAGScheduler: Parents of final stage: List()
[2025-04-27T16:42:46.671+0000] {spark_submit.py:490} INFO - 25/04/27 16:42:46 INFO DAGScheduler: Missing parents: List()
[2025-04-27T16:42:46.673+0000] {spark_submit.py:490} INFO - 25/04/27 16:42:46 INFO DAGScheduler: Submitting ShuffleMapStage 0 (MapPartitionsRDD[2] at count at NativeMethodAccessorImpl.java:0), which has no missing parents
[2025-04-27T16:42:46.771+0000] {spark_submit.py:490} INFO - 25/04/27 16:42:46 INFO MemoryStore: Block broadcast_0 stored as values in memory (estimated size 13.3 KiB, free 434.4 MiB)
[2025-04-27T16:42:46.797+0000] {spark_submit.py:490} INFO - 25/04/27 16:42:46 INFO MemoryStore: Block broadcast_0_piece0 stored as bytes in memory (estimated size 7.0 KiB, free 434.4 MiB)
[2025-04-27T16:42:46.799+0000] {spark_submit.py:490} INFO - 25/04/27 16:42:46 INFO BlockManagerInfo: Added broadcast_0_piece0 in memory on 3df9164c4a1b:41669 (size: 7.0 KiB, free: 434.4 MiB)
[2025-04-27T16:42:46.802+0000] {spark_submit.py:490} INFO - 25/04/27 16:42:46 INFO SparkContext: Created broadcast 0 from broadcast at DAGScheduler.scala:1513
[2025-04-27T16:42:46.814+0000] {spark_submit.py:490} INFO - 25/04/27 16:42:46 INFO DAGScheduler: Submitting 1 missing tasks from ShuffleMapStage 0 (MapPartitionsRDD[2] at count at NativeMethodAccessorImpl.java:0) (first 15 tasks are for partitions Vector(0))
[2025-04-27T16:42:46.814+0000] {spark_submit.py:490} INFO - 25/04/27 16:42:46 INFO TaskSchedulerImpl: Adding task set 0.0 with 1 tasks resource profile 0
[2025-04-27T16:42:46.838+0000] {spark_submit.py:490} INFO - 25/04/27 16:42:46 INFO TaskSetManager: Starting task 0.0 in stage 0.0 (TID 0) (172.18.0.5, executor 0, partition 0, PROCESS_LOCAL, 4292 bytes) taskResourceAssignments Map()
[2025-04-27T16:42:47.034+0000] {spark_submit.py:490} INFO - 25/04/27 16:42:47 INFO BlockManagerInfo: Added broadcast_0_piece0 in memory on 172.18.0.5:46443 (size: 7.0 KiB, free: 366.3 MiB)
[2025-04-27T16:42:47.926+0000] {spark_submit.py:490} INFO - 25/04/27 16:42:47 INFO TaskSetManager: Finished task 0.0 in stage 0.0 (TID 0) in 1095 ms on 172.18.0.5 (executor 0) (1/1)
[2025-04-27T16:42:47.929+0000] {spark_submit.py:490} INFO - 25/04/27 16:42:47 INFO TaskSchedulerImpl: Removed TaskSet 0.0, whose tasks have all completed, from pool
[2025-04-27T16:42:47.935+0000] {spark_submit.py:490} INFO - 25/04/27 16:42:47 INFO DAGScheduler: ShuffleMapStage 0 (count at NativeMethodAccessorImpl.java:0) finished in 1.251 s
[2025-04-27T16:42:47.935+0000] {spark_submit.py:490} INFO - 25/04/27 16:42:47 INFO DAGScheduler: looking for newly runnable stages
[2025-04-27T16:42:47.936+0000] {spark_submit.py:490} INFO - 25/04/27 16:42:47 INFO DAGScheduler: running: Set()
[2025-04-27T16:42:47.936+0000] {spark_submit.py:490} INFO - 25/04/27 16:42:47 INFO DAGScheduler: waiting: Set()
[2025-04-27T16:42:47.936+0000] {spark_submit.py:490} INFO - 25/04/27 16:42:47 INFO DAGScheduler: failed: Set()
[2025-04-27T16:42:47.965+0000] {spark_submit.py:490} INFO - 25/04/27 16:42:47 INFO CodeGenerator: Code generated in 7.978706 ms
[2025-04-27T16:42:47.994+0000] {spark_submit.py:490} INFO - 25/04/27 16:42:47 INFO SparkContext: Starting job: count at NativeMethodAccessorImpl.java:0
[2025-04-27T16:42:47.996+0000] {spark_submit.py:490} INFO - 25/04/27 16:42:47 INFO DAGScheduler: Got job 1 (count at NativeMethodAccessorImpl.java:0) with 1 output partitions
[2025-04-27T16:42:47.996+0000] {spark_submit.py:490} INFO - 25/04/27 16:42:47 INFO DAGScheduler: Final stage: ResultStage 2 (count at NativeMethodAccessorImpl.java:0)
[2025-04-27T16:42:47.996+0000] {spark_submit.py:490} INFO - 25/04/27 16:42:47 INFO DAGScheduler: Parents of final stage: List(ShuffleMapStage 1)
[2025-04-27T16:42:47.997+0000] {spark_submit.py:490} INFO - 25/04/27 16:42:47 INFO DAGScheduler: Missing parents: List()
[2025-04-27T16:42:47.998+0000] {spark_submit.py:490} INFO - 25/04/27 16:42:47 INFO DAGScheduler: Submitting ResultStage 2 (MapPartitionsRDD[5] at count at NativeMethodAccessorImpl.java:0), which has no missing parents
[2025-04-27T16:42:48.007+0000] {spark_submit.py:490} INFO - 25/04/27 16:42:48 INFO MemoryStore: Block broadcast_1 stored as values in memory (estimated size 11.1 KiB, free 434.4 MiB)
[2025-04-27T16:42:48.010+0000] {spark_submit.py:490} INFO - 25/04/27 16:42:48 INFO MemoryStore: Block broadcast_1_piece0 stored as bytes in memory (estimated size 5.5 KiB, free 434.4 MiB)
[2025-04-27T16:42:48.011+0000] {spark_submit.py:490} INFO - 25/04/27 16:42:48 INFO BlockManagerInfo: Added broadcast_1_piece0 in memory on 3df9164c4a1b:41669 (size: 5.5 KiB, free: 434.4 MiB)
[2025-04-27T16:42:48.011+0000] {spark_submit.py:490} INFO - 25/04/27 16:42:48 INFO SparkContext: Created broadcast 1 from broadcast at DAGScheduler.scala:1513
[2025-04-27T16:42:48.013+0000] {spark_submit.py:490} INFO - 25/04/27 16:42:48 INFO DAGScheduler: Submitting 1 missing tasks from ResultStage 2 (MapPartitionsRDD[5] at count at NativeMethodAccessorImpl.java:0) (first 15 tasks are for partitions Vector(0))
[2025-04-27T16:42:48.014+0000] {spark_submit.py:490} INFO - 25/04/27 16:42:48 INFO TaskSchedulerImpl: Adding task set 2.0 with 1 tasks resource profile 0
[2025-04-27T16:42:48.019+0000] {spark_submit.py:490} INFO - 25/04/27 16:42:48 INFO TaskSetManager: Starting task 0.0 in stage 2.0 (TID 1) (172.18.0.5, executor 0, partition 0, NODE_LOCAL, 4457 bytes) taskResourceAssignments Map()
[2025-04-27T16:42:48.039+0000] {spark_submit.py:490} INFO - 25/04/27 16:42:48 INFO BlockManagerInfo: Added broadcast_1_piece0 in memory on 172.18.0.5:46443 (size: 5.5 KiB, free: 366.3 MiB)
[2025-04-27T16:42:48.143+0000] {spark_submit.py:490} INFO - 25/04/27 16:42:48 INFO MapOutputTrackerMasterEndpoint: Asked to send map output locations for shuffle 0 to 172.18.0.5:47044
[2025-04-27T16:42:48.328+0000] {spark_submit.py:490} INFO - 25/04/27 16:42:48 INFO TaskSetManager: Finished task 0.0 in stage 2.0 (TID 1) in 310 ms on 172.18.0.5 (executor 0) (1/1)
[2025-04-27T16:42:48.328+0000] {spark_submit.py:490} INFO - 25/04/27 16:42:48 INFO TaskSchedulerImpl: Removed TaskSet 2.0, whose tasks have all completed, from pool
[2025-04-27T16:42:48.328+0000] {spark_submit.py:490} INFO - 25/04/27 16:42:48 INFO DAGScheduler: ResultStage 2 (count at NativeMethodAccessorImpl.java:0) finished in 0.325 s
[2025-04-27T16:42:48.329+0000] {spark_submit.py:490} INFO - 25/04/27 16:42:48 INFO DAGScheduler: Job 1 is finished. Cancelling potential speculative or zombie tasks for this job
[2025-04-27T16:42:48.330+0000] {spark_submit.py:490} INFO - 25/04/27 16:42:48 INFO TaskSchedulerImpl: Killing all running tasks in stage 2: Stage finished
[2025-04-27T16:42:48.331+0000] {spark_submit.py:490} INFO - 25/04/27 16:42:48 INFO DAGScheduler: Job 1 finished: count at NativeMethodAccessorImpl.java:0, took 0.336829 s
[2025-04-27T16:42:48.337+0000] {spark_submit.py:490} INFO - INFO:__main__:Таблица raw.masked_transactions загружена, записей: 1000
[2025-04-27T16:42:48.469+0000] {spark_submit.py:490} INFO - 25/04/27 16:42:48 INFO DAGScheduler: Registering RDD 8 (count at NativeMethodAccessorImpl.java:0) as input to shuffle 1
[2025-04-27T16:42:48.469+0000] {spark_submit.py:490} INFO - 25/04/27 16:42:48 INFO DAGScheduler: Got map stage job 2 (count at NativeMethodAccessorImpl.java:0) with 1 output partitions
[2025-04-27T16:42:48.469+0000] {spark_submit.py:490} INFO - 25/04/27 16:42:48 INFO DAGScheduler: Final stage: ShuffleMapStage 3 (count at NativeMethodAccessorImpl.java:0)
[2025-04-27T16:42:48.470+0000] {spark_submit.py:490} INFO - 25/04/27 16:42:48 INFO DAGScheduler: Parents of final stage: List()
[2025-04-27T16:42:48.470+0000] {spark_submit.py:490} INFO - 25/04/27 16:42:48 INFO DAGScheduler: Missing parents: List()
[2025-04-27T16:42:48.470+0000] {spark_submit.py:490} INFO - 25/04/27 16:42:48 INFO DAGScheduler: Submitting ShuffleMapStage 3 (MapPartitionsRDD[8] at count at NativeMethodAccessorImpl.java:0), which has no missing parents
[2025-04-27T16:42:48.473+0000] {spark_submit.py:490} INFO - 25/04/27 16:42:48 INFO MemoryStore: Block broadcast_2 stored as values in memory (estimated size 13.4 KiB, free 434.4 MiB)
[2025-04-27T16:42:48.476+0000] {spark_submit.py:490} INFO - 25/04/27 16:42:48 INFO MemoryStore: Block broadcast_2_piece0 stored as bytes in memory (estimated size 7.0 KiB, free 434.3 MiB)
[2025-04-27T16:42:48.477+0000] {spark_submit.py:490} INFO - 25/04/27 16:42:48 INFO BlockManagerInfo: Added broadcast_2_piece0 in memory on 3df9164c4a1b:41669 (size: 7.0 KiB, free: 434.4 MiB)
[2025-04-27T16:42:48.477+0000] {spark_submit.py:490} INFO - 25/04/27 16:42:48 INFO SparkContext: Created broadcast 2 from broadcast at DAGScheduler.scala:1513
[2025-04-27T16:42:48.478+0000] {spark_submit.py:490} INFO - 25/04/27 16:42:48 INFO DAGScheduler: Submitting 1 missing tasks from ShuffleMapStage 3 (MapPartitionsRDD[8] at count at NativeMethodAccessorImpl.java:0) (first 15 tasks are for partitions Vector(0))
[2025-04-27T16:42:48.478+0000] {spark_submit.py:490} INFO - 25/04/27 16:42:48 INFO TaskSchedulerImpl: Adding task set 3.0 with 1 tasks resource profile 0
[2025-04-27T16:42:48.479+0000] {spark_submit.py:490} INFO - 25/04/27 16:42:48 INFO TaskSetManager: Starting task 0.0 in stage 3.0 (TID 2) (172.18.0.5, executor 0, partition 0, PROCESS_LOCAL, 4292 bytes) taskResourceAssignments Map()
[2025-04-27T16:42:48.492+0000] {spark_submit.py:490} INFO - 25/04/27 16:42:48 INFO BlockManagerInfo: Added broadcast_2_piece0 in memory on 172.18.0.5:46443 (size: 7.0 KiB, free: 366.3 MiB)
[2025-04-27T16:42:48.533+0000] {spark_submit.py:490} INFO - 25/04/27 16:42:48 INFO TaskSetManager: Finished task 0.0 in stage 3.0 (TID 2) in 54 ms on 172.18.0.5 (executor 0) (1/1)
[2025-04-27T16:42:48.533+0000] {spark_submit.py:490} INFO - 25/04/27 16:42:48 INFO TaskSchedulerImpl: Removed TaskSet 3.0, whose tasks have all completed, from pool
[2025-04-27T16:42:48.534+0000] {spark_submit.py:490} INFO - 25/04/27 16:42:48 INFO DAGScheduler: ShuffleMapStage 3 (count at NativeMethodAccessorImpl.java:0) finished in 0.063 s
[2025-04-27T16:42:48.534+0000] {spark_submit.py:490} INFO - 25/04/27 16:42:48 INFO DAGScheduler: looking for newly runnable stages
[2025-04-27T16:42:48.534+0000] {spark_submit.py:490} INFO - 25/04/27 16:42:48 INFO DAGScheduler: running: Set()
[2025-04-27T16:42:48.534+0000] {spark_submit.py:490} INFO - 25/04/27 16:42:48 INFO DAGScheduler: waiting: Set()
[2025-04-27T16:42:48.534+0000] {spark_submit.py:490} INFO - 25/04/27 16:42:48 INFO DAGScheduler: failed: Set()
[2025-04-27T16:42:48.575+0000] {spark_submit.py:490} INFO - 25/04/27 16:42:48 INFO SparkContext: Starting job: count at NativeMethodAccessorImpl.java:0
[2025-04-27T16:42:48.578+0000] {spark_submit.py:490} INFO - 25/04/27 16:42:48 INFO DAGScheduler: Got job 3 (count at NativeMethodAccessorImpl.java:0) with 1 output partitions
[2025-04-27T16:42:48.578+0000] {spark_submit.py:490} INFO - 25/04/27 16:42:48 INFO DAGScheduler: Final stage: ResultStage 5 (count at NativeMethodAccessorImpl.java:0)
[2025-04-27T16:42:48.579+0000] {spark_submit.py:490} INFO - 25/04/27 16:42:48 INFO DAGScheduler: Parents of final stage: List(ShuffleMapStage 4)
[2025-04-27T16:42:48.579+0000] {spark_submit.py:490} INFO - 25/04/27 16:42:48 INFO DAGScheduler: Missing parents: List()
[2025-04-27T16:42:48.580+0000] {spark_submit.py:490} INFO - 25/04/27 16:42:48 INFO DAGScheduler: Submitting ResultStage 5 (MapPartitionsRDD[11] at count at NativeMethodAccessorImpl.java:0), which has no missing parents
[2025-04-27T16:42:48.586+0000] {spark_submit.py:490} INFO - 25/04/27 16:42:48 INFO MemoryStore: Block broadcast_3 stored as values in memory (estimated size 11.1 KiB, free 434.3 MiB)
[2025-04-27T16:42:48.586+0000] {spark_submit.py:490} INFO - 25/04/27 16:42:48 INFO MemoryStore: Block broadcast_3_piece0 stored as bytes in memory (estimated size 5.5 KiB, free 434.3 MiB)
[2025-04-27T16:42:48.588+0000] {spark_submit.py:490} INFO - 25/04/27 16:42:48 INFO BlockManagerInfo: Added broadcast_3_piece0 in memory on 3df9164c4a1b:41669 (size: 5.5 KiB, free: 434.4 MiB)
[2025-04-27T16:42:48.593+0000] {spark_submit.py:490} INFO - 25/04/27 16:42:48 INFO SparkContext: Created broadcast 3 from broadcast at DAGScheduler.scala:1513
[2025-04-27T16:42:48.593+0000] {spark_submit.py:490} INFO - 25/04/27 16:42:48 INFO DAGScheduler: Submitting 1 missing tasks from ResultStage 5 (MapPartitionsRDD[11] at count at NativeMethodAccessorImpl.java:0) (first 15 tasks are for partitions Vector(0))
[2025-04-27T16:42:48.594+0000] {spark_submit.py:490} INFO - 25/04/27 16:42:48 INFO TaskSchedulerImpl: Adding task set 5.0 with 1 tasks resource profile 0
[2025-04-27T16:42:48.594+0000] {spark_submit.py:490} INFO - 25/04/27 16:42:48 INFO TaskSetManager: Starting task 0.0 in stage 5.0 (TID 3) (172.18.0.5, executor 0, partition 0, NODE_LOCAL, 4457 bytes) taskResourceAssignments Map()
[2025-04-27T16:42:48.608+0000] {spark_submit.py:490} INFO - 25/04/27 16:42:48 INFO BlockManagerInfo: Removed broadcast_1_piece0 on 3df9164c4a1b:41669 in memory (size: 5.5 KiB, free: 434.4 MiB)
[2025-04-27T16:42:48.623+0000] {spark_submit.py:490} INFO - 25/04/27 16:42:48 INFO BlockManagerInfo: Added broadcast_3_piece0 in memory on 172.18.0.5:46443 (size: 5.5 KiB, free: 366.3 MiB)
[2025-04-27T16:42:48.624+0000] {spark_submit.py:490} INFO - 25/04/27 16:42:48 INFO BlockManagerInfo: Removed broadcast_1_piece0 on 172.18.0.5:46443 in memory (size: 5.5 KiB, free: 366.3 MiB)
[2025-04-27T16:42:48.633+0000] {spark_submit.py:490} INFO - 25/04/27 16:42:48 INFO MapOutputTrackerMasterEndpoint: Asked to send map output locations for shuffle 1 to 172.18.0.5:47044
[2025-04-27T16:42:48.635+0000] {spark_submit.py:490} INFO - 25/04/27 16:42:48 INFO BlockManagerInfo: Removed broadcast_2_piece0 on 3df9164c4a1b:41669 in memory (size: 7.0 KiB, free: 434.4 MiB)
[2025-04-27T16:42:48.639+0000] {spark_submit.py:490} INFO - 25/04/27 16:42:48 INFO BlockManagerInfo: Removed broadcast_2_piece0 on 172.18.0.5:46443 in memory (size: 7.0 KiB, free: 366.3 MiB)
[2025-04-27T16:42:48.646+0000] {spark_submit.py:490} INFO - 25/04/27 16:42:48 INFO BlockManagerInfo: Removed broadcast_0_piece0 on 3df9164c4a1b:41669 in memory (size: 7.0 KiB, free: 434.4 MiB)
[2025-04-27T16:42:48.646+0000] {spark_submit.py:490} INFO - 25/04/27 16:42:48 INFO TaskSetManager: Finished task 0.0 in stage 5.0 (TID 3) in 54 ms on 172.18.0.5 (executor 0) (1/1)
[2025-04-27T16:42:48.647+0000] {spark_submit.py:490} INFO - 25/04/27 16:42:48 INFO TaskSchedulerImpl: Removed TaskSet 5.0, whose tasks have all completed, from pool
[2025-04-27T16:42:48.647+0000] {spark_submit.py:490} INFO - 25/04/27 16:42:48 INFO DAGScheduler: ResultStage 5 (count at NativeMethodAccessorImpl.java:0) finished in 0.066 s
[2025-04-27T16:42:48.648+0000] {spark_submit.py:490} INFO - 25/04/27 16:42:48 INFO DAGScheduler: Job 3 is finished. Cancelling potential speculative or zombie tasks for this job
[2025-04-27T16:42:48.648+0000] {spark_submit.py:490} INFO - 25/04/27 16:42:48 INFO TaskSchedulerImpl: Killing all running tasks in stage 5: Stage finished
[2025-04-27T16:42:48.649+0000] {spark_submit.py:490} INFO - 25/04/27 16:42:48 INFO DAGScheduler: Job 3 finished: count at NativeMethodAccessorImpl.java:0, took 0.072459 s
[2025-04-27T16:42:48.650+0000] {spark_submit.py:490} INFO - 25/04/27 16:42:48 INFO BlockManagerInfo: Removed broadcast_0_piece0 on 172.18.0.5:46443 in memory (size: 7.0 KiB, free: 366.3 MiB)
[2025-04-27T16:42:48.651+0000] {spark_submit.py:490} INFO - INFO:__main__:Правило large_tx отработано, записей: 329
[2025-04-27T16:42:48.853+0000] {spark_submit.py:490} INFO - 25/04/27 16:42:48 INFO CodeGenerator: Code generated in 12.446374 ms
[2025-04-27T16:42:48.857+0000] {spark_submit.py:490} INFO - 25/04/27 16:42:48 INFO DAGScheduler: Registering RDD 14 (count at NativeMethodAccessorImpl.java:0) as input to shuffle 2
[2025-04-27T16:42:48.858+0000] {spark_submit.py:490} INFO - 25/04/27 16:42:48 INFO DAGScheduler: Got map stage job 4 (count at NativeMethodAccessorImpl.java:0) with 1 output partitions
[2025-04-27T16:42:48.858+0000] {spark_submit.py:490} INFO - 25/04/27 16:42:48 INFO DAGScheduler: Final stage: ShuffleMapStage 6 (count at NativeMethodAccessorImpl.java:0)
[2025-04-27T16:42:48.858+0000] {spark_submit.py:490} INFO - 25/04/27 16:42:48 INFO DAGScheduler: Parents of final stage: List()
[2025-04-27T16:42:48.858+0000] {spark_submit.py:490} INFO - 25/04/27 16:42:48 INFO DAGScheduler: Missing parents: List()
[2025-04-27T16:42:48.858+0000] {spark_submit.py:490} INFO - 25/04/27 16:42:48 INFO DAGScheduler: Submitting ShuffleMapStage 6 (MapPartitionsRDD[14] at count at NativeMethodAccessorImpl.java:0), which has no missing parents
[2025-04-27T16:42:48.865+0000] {spark_submit.py:490} INFO - 25/04/27 16:42:48 INFO MemoryStore: Block broadcast_4 stored as values in memory (estimated size 14.0 KiB, free 434.4 MiB)
[2025-04-27T16:42:48.866+0000] {spark_submit.py:490} INFO - 25/04/27 16:42:48 INFO MemoryStore: Block broadcast_4_piece0 stored as bytes in memory (estimated size 7.3 KiB, free 434.4 MiB)
[2025-04-27T16:42:48.867+0000] {spark_submit.py:490} INFO - 25/04/27 16:42:48 INFO BlockManagerInfo: Added broadcast_4_piece0 in memory on 3df9164c4a1b:41669 (size: 7.3 KiB, free: 434.4 MiB)
[2025-04-27T16:42:48.868+0000] {spark_submit.py:490} INFO - 25/04/27 16:42:48 INFO SparkContext: Created broadcast 4 from broadcast at DAGScheduler.scala:1513
[2025-04-27T16:42:48.868+0000] {spark_submit.py:490} INFO - 25/04/27 16:42:48 INFO DAGScheduler: Submitting 1 missing tasks from ShuffleMapStage 6 (MapPartitionsRDD[14] at count at NativeMethodAccessorImpl.java:0) (first 15 tasks are for partitions Vector(0))
[2025-04-27T16:42:48.869+0000] {spark_submit.py:490} INFO - 25/04/27 16:42:48 INFO TaskSchedulerImpl: Adding task set 6.0 with 1 tasks resource profile 0
[2025-04-27T16:42:48.870+0000] {spark_submit.py:490} INFO - 25/04/27 16:42:48 INFO TaskSetManager: Starting task 0.0 in stage 6.0 (TID 4) (172.18.0.5, executor 0, partition 0, PROCESS_LOCAL, 4292 bytes) taskResourceAssignments Map()
[2025-04-27T16:42:48.884+0000] {spark_submit.py:490} INFO - 25/04/27 16:42:48 INFO BlockManagerInfo: Added broadcast_4_piece0 in memory on 172.18.0.5:46443 (size: 7.3 KiB, free: 366.3 MiB)
[2025-04-27T16:42:49.533+0000] {spark_submit.py:490} INFO - 25/04/27 16:42:49 INFO TaskSetManager: Finished task 0.0 in stage 6.0 (TID 4) in 663 ms on 172.18.0.5 (executor 0) (1/1)
[2025-04-27T16:42:49.534+0000] {spark_submit.py:490} INFO - 25/04/27 16:42:49 INFO TaskSchedulerImpl: Removed TaskSet 6.0, whose tasks have all completed, from pool
[2025-04-27T16:42:49.534+0000] {spark_submit.py:490} INFO - 25/04/27 16:42:49 INFO DAGScheduler: ShuffleMapStage 6 (count at NativeMethodAccessorImpl.java:0) finished in 0.675 s
[2025-04-27T16:42:49.534+0000] {spark_submit.py:490} INFO - 25/04/27 16:42:49 INFO DAGScheduler: looking for newly runnable stages
[2025-04-27T16:42:49.535+0000] {spark_submit.py:490} INFO - 25/04/27 16:42:49 INFO DAGScheduler: running: Set()
[2025-04-27T16:42:49.535+0000] {spark_submit.py:490} INFO - 25/04/27 16:42:49 INFO DAGScheduler: waiting: Set()
[2025-04-27T16:42:49.535+0000] {spark_submit.py:490} INFO - 25/04/27 16:42:49 INFO DAGScheduler: failed: Set()
[2025-04-27T16:42:49.551+0000] {spark_submit.py:490} INFO - 25/04/27 16:42:49 INFO ShufflePartitionsUtil: For shuffle(2), advisory target size: 67108864, actual target size 1048576, minimum partition size: 1048576
[2025-04-27T16:42:49.594+0000] {spark_submit.py:490} INFO - 25/04/27 16:42:49 INFO CodeGenerator: Code generated in 13.133213 ms
[2025-04-27T16:42:49.627+0000] {spark_submit.py:490} INFO - 25/04/27 16:42:49 INFO CodeGenerator: Code generated in 22.04779 ms
[2025-04-27T16:42:49.698+0000] {spark_submit.py:490} INFO - 25/04/27 16:42:49 INFO DAGScheduler: Registering RDD 19 (count at NativeMethodAccessorImpl.java:0) as input to shuffle 3
[2025-04-27T16:42:49.699+0000] {spark_submit.py:490} INFO - 25/04/27 16:42:49 INFO DAGScheduler: Got map stage job 5 (count at NativeMethodAccessorImpl.java:0) with 1 output partitions
[2025-04-27T16:42:49.699+0000] {spark_submit.py:490} INFO - 25/04/27 16:42:49 INFO DAGScheduler: Final stage: ShuffleMapStage 8 (count at NativeMethodAccessorImpl.java:0)
[2025-04-27T16:42:49.699+0000] {spark_submit.py:490} INFO - 25/04/27 16:42:49 INFO DAGScheduler: Parents of final stage: List(ShuffleMapStage 7)
[2025-04-27T16:42:49.699+0000] {spark_submit.py:490} INFO - 25/04/27 16:42:49 INFO DAGScheduler: Missing parents: List()
[2025-04-27T16:42:49.700+0000] {spark_submit.py:490} INFO - 25/04/27 16:42:49 INFO DAGScheduler: Submitting ShuffleMapStage 8 (MapPartitionsRDD[19] at count at NativeMethodAccessorImpl.java:0), which has no missing parents
[2025-04-27T16:42:49.714+0000] {spark_submit.py:490} INFO - 25/04/27 16:42:49 INFO MemoryStore: Block broadcast_5 stored as values in memory (estimated size 34.6 KiB, free 434.3 MiB)
[2025-04-27T16:42:49.716+0000] {spark_submit.py:490} INFO - 25/04/27 16:42:49 INFO MemoryStore: Block broadcast_5_piece0 stored as bytes in memory (estimated size 16.6 KiB, free 434.3 MiB)
[2025-04-27T16:42:49.717+0000] {spark_submit.py:490} INFO - 25/04/27 16:42:49 INFO BlockManagerInfo: Added broadcast_5_piece0 in memory on 3df9164c4a1b:41669 (size: 16.6 KiB, free: 434.4 MiB)
[2025-04-27T16:42:49.717+0000] {spark_submit.py:490} INFO - 25/04/27 16:42:49 INFO SparkContext: Created broadcast 5 from broadcast at DAGScheduler.scala:1513
[2025-04-27T16:42:49.718+0000] {spark_submit.py:490} INFO - 25/04/27 16:42:49 INFO DAGScheduler: Submitting 1 missing tasks from ShuffleMapStage 8 (MapPartitionsRDD[19] at count at NativeMethodAccessorImpl.java:0) (first 15 tasks are for partitions Vector(0))
[2025-04-27T16:42:49.719+0000] {spark_submit.py:490} INFO - 25/04/27 16:42:49 INFO TaskSchedulerImpl: Adding task set 8.0 with 1 tasks resource profile 0
[2025-04-27T16:42:49.720+0000] {spark_submit.py:490} INFO - 25/04/27 16:42:49 INFO TaskSetManager: Starting task 0.0 in stage 8.0 (TID 5) (172.18.0.5, executor 0, partition 0, NODE_LOCAL, 4446 bytes) taskResourceAssignments Map()
[2025-04-27T16:42:49.741+0000] {spark_submit.py:490} INFO - 25/04/27 16:42:49 INFO BlockManagerInfo: Added broadcast_5_piece0 in memory on 172.18.0.5:46443 (size: 16.6 KiB, free: 366.3 MiB)
[2025-04-27T16:42:49.897+0000] {spark_submit.py:490} INFO - 25/04/27 16:42:49 INFO MapOutputTrackerMasterEndpoint: Asked to send map output locations for shuffle 2 to 172.18.0.5:47044
[2025-04-27T16:42:50.217+0000] {spark_submit.py:490} INFO - 25/04/27 16:42:50 INFO TaskSetManager: Finished task 0.0 in stage 8.0 (TID 5) in 497 ms on 172.18.0.5 (executor 0) (1/1)
[2025-04-27T16:42:50.218+0000] {spark_submit.py:490} INFO - 25/04/27 16:42:50 INFO TaskSchedulerImpl: Removed TaskSet 8.0, whose tasks have all completed, from pool
[2025-04-27T16:42:50.219+0000] {spark_submit.py:490} INFO - 25/04/27 16:42:50 INFO DAGScheduler: ShuffleMapStage 8 (count at NativeMethodAccessorImpl.java:0) finished in 0.511 s
[2025-04-27T16:42:50.219+0000] {spark_submit.py:490} INFO - 25/04/27 16:42:50 INFO DAGScheduler: looking for newly runnable stages
[2025-04-27T16:42:50.219+0000] {spark_submit.py:490} INFO - 25/04/27 16:42:50 INFO DAGScheduler: running: Set()
[2025-04-27T16:42:50.219+0000] {spark_submit.py:490} INFO - 25/04/27 16:42:50 INFO DAGScheduler: waiting: Set()
[2025-04-27T16:42:50.219+0000] {spark_submit.py:490} INFO - 25/04/27 16:42:50 INFO DAGScheduler: failed: Set()
[2025-04-27T16:42:50.238+0000] {spark_submit.py:490} INFO - 25/04/27 16:42:50 INFO CodeGenerator: Code generated in 9.029586 ms
[2025-04-27T16:42:50.250+0000] {spark_submit.py:490} INFO - 25/04/27 16:42:50 INFO SparkContext: Starting job: count at NativeMethodAccessorImpl.java:0
[2025-04-27T16:42:50.251+0000] {spark_submit.py:490} INFO - 25/04/27 16:42:50 INFO DAGScheduler: Got job 6 (count at NativeMethodAccessorImpl.java:0) with 1 output partitions
[2025-04-27T16:42:50.251+0000] {spark_submit.py:490} INFO - 25/04/27 16:42:50 INFO DAGScheduler: Final stage: ResultStage 11 (count at NativeMethodAccessorImpl.java:0)
[2025-04-27T16:42:50.252+0000] {spark_submit.py:490} INFO - 25/04/27 16:42:50 INFO DAGScheduler: Parents of final stage: List(ShuffleMapStage 10)
[2025-04-27T16:42:50.252+0000] {spark_submit.py:490} INFO - 25/04/27 16:42:50 INFO DAGScheduler: Missing parents: List()
[2025-04-27T16:42:50.252+0000] {spark_submit.py:490} INFO - 25/04/27 16:42:50 INFO DAGScheduler: Submitting ResultStage 11 (MapPartitionsRDD[22] at count at NativeMethodAccessorImpl.java:0), which has no missing parents
[2025-04-27T16:42:50.255+0000] {spark_submit.py:490} INFO - 25/04/27 16:42:50 INFO MemoryStore: Block broadcast_6 stored as values in memory (estimated size 11.1 KiB, free 434.3 MiB)
[2025-04-27T16:42:50.264+0000] {spark_submit.py:490} INFO - 25/04/27 16:42:50 INFO MemoryStore: Block broadcast_6_piece0 stored as bytes in memory (estimated size 5.5 KiB, free 434.3 MiB)
[2025-04-27T16:42:50.265+0000] {spark_submit.py:490} INFO - 25/04/27 16:42:50 INFO BlockManagerInfo: Added broadcast_6_piece0 in memory on 3df9164c4a1b:41669 (size: 5.5 KiB, free: 434.4 MiB)
[2025-04-27T16:42:50.266+0000] {spark_submit.py:490} INFO - 25/04/27 16:42:50 INFO SparkContext: Created broadcast 6 from broadcast at DAGScheduler.scala:1513
[2025-04-27T16:42:50.268+0000] {spark_submit.py:490} INFO - 25/04/27 16:42:50 INFO BlockManagerInfo: Removed broadcast_4_piece0 on 3df9164c4a1b:41669 in memory (size: 7.3 KiB, free: 434.4 MiB)
[2025-04-27T16:42:50.268+0000] {spark_submit.py:490} INFO - 25/04/27 16:42:50 INFO DAGScheduler: Submitting 1 missing tasks from ResultStage 11 (MapPartitionsRDD[22] at count at NativeMethodAccessorImpl.java:0) (first 15 tasks are for partitions Vector(0))
[2025-04-27T16:42:50.268+0000] {spark_submit.py:490} INFO - 25/04/27 16:42:50 INFO TaskSchedulerImpl: Adding task set 11.0 with 1 tasks resource profile 0
[2025-04-27T16:42:50.271+0000] {spark_submit.py:490} INFO - 25/04/27 16:42:50 INFO TaskSetManager: Starting task 0.0 in stage 11.0 (TID 6) (172.18.0.5, executor 0, partition 0, NODE_LOCAL, 4457 bytes) taskResourceAssignments Map()
[2025-04-27T16:42:50.274+0000] {spark_submit.py:490} INFO - 25/04/27 16:42:50 INFO BlockManagerInfo: Removed broadcast_4_piece0 on 172.18.0.5:46443 in memory (size: 7.3 KiB, free: 366.3 MiB)
[2025-04-27T16:42:50.284+0000] {spark_submit.py:490} INFO - 25/04/27 16:42:50 INFO BlockManagerInfo: Removed broadcast_5_piece0 on 3df9164c4a1b:41669 in memory (size: 16.6 KiB, free: 434.4 MiB)
[2025-04-27T16:42:50.286+0000] {spark_submit.py:490} INFO - 25/04/27 16:42:50 INFO BlockManagerInfo: Removed broadcast_5_piece0 on 172.18.0.5:46443 in memory (size: 16.6 KiB, free: 366.3 MiB)
[2025-04-27T16:42:50.304+0000] {spark_submit.py:490} INFO - 25/04/27 16:42:50 INFO BlockManagerInfo: Added broadcast_6_piece0 in memory on 172.18.0.5:46443 (size: 5.5 KiB, free: 366.3 MiB)
[2025-04-27T16:42:50.305+0000] {spark_submit.py:490} INFO - 25/04/27 16:42:50 INFO BlockManagerInfo: Removed broadcast_3_piece0 on 3df9164c4a1b:41669 in memory (size: 5.5 KiB, free: 434.4 MiB)
[2025-04-27T16:42:50.311+0000] {spark_submit.py:490} INFO - 25/04/27 16:42:50 INFO BlockManagerInfo: Removed broadcast_3_piece0 on 172.18.0.5:46443 in memory (size: 5.5 KiB, free: 366.3 MiB)
[2025-04-27T16:42:50.315+0000] {spark_submit.py:490} INFO - 25/04/27 16:42:50 INFO MapOutputTrackerMasterEndpoint: Asked to send map output locations for shuffle 3 to 172.18.0.5:47044
[2025-04-27T16:42:50.335+0000] {spark_submit.py:490} INFO - 25/04/27 16:42:50 INFO TaskSetManager: Finished task 0.0 in stage 11.0 (TID 6) in 65 ms on 172.18.0.5 (executor 0) (1/1)
[2025-04-27T16:42:50.336+0000] {spark_submit.py:490} INFO - 25/04/27 16:42:50 INFO TaskSchedulerImpl: Removed TaskSet 11.0, whose tasks have all completed, from pool
[2025-04-27T16:42:50.336+0000] {spark_submit.py:490} INFO - 25/04/27 16:42:50 INFO DAGScheduler: ResultStage 11 (count at NativeMethodAccessorImpl.java:0) finished in 0.082 s
[2025-04-27T16:42:50.336+0000] {spark_submit.py:490} INFO - 25/04/27 16:42:50 INFO DAGScheduler: Job 6 is finished. Cancelling potential speculative or zombie tasks for this job
[2025-04-27T16:42:50.337+0000] {spark_submit.py:490} INFO - 25/04/27 16:42:50 INFO TaskSchedulerImpl: Killing all running tasks in stage 11: Stage finished
[2025-04-27T16:42:50.337+0000] {spark_submit.py:490} INFO - 25/04/27 16:42:50 INFO DAGScheduler: Job 6 finished: count at NativeMethodAccessorImpl.java:0, took 0.086129 s
[2025-04-27T16:42:50.338+0000] {spark_submit.py:490} INFO - INFO:__main__:Правило freq_tx отработано, записей: 4
[2025-04-27T16:42:50.441+0000] {spark_submit.py:490} INFO - 25/04/27 16:42:50 INFO DAGScheduler: Registering RDD 26 (count at NativeMethodAccessorImpl.java:0) as input to shuffle 4
[2025-04-27T16:42:50.441+0000] {spark_submit.py:490} INFO - 25/04/27 16:42:50 INFO DAGScheduler: Got map stage job 7 (count at NativeMethodAccessorImpl.java:0) with 1 output partitions
[2025-04-27T16:42:50.442+0000] {spark_submit.py:490} INFO - 25/04/27 16:42:50 INFO DAGScheduler: Final stage: ShuffleMapStage 12 (count at NativeMethodAccessorImpl.java:0)
[2025-04-27T16:42:50.442+0000] {spark_submit.py:490} INFO - 25/04/27 16:42:50 INFO DAGScheduler: Parents of final stage: List()
[2025-04-27T16:42:50.442+0000] {spark_submit.py:490} INFO - 25/04/27 16:42:50 INFO DAGScheduler: Missing parents: List()
[2025-04-27T16:42:50.442+0000] {spark_submit.py:490} INFO - 25/04/27 16:42:50 INFO DAGScheduler: Submitting ShuffleMapStage 12 (MapPartitionsRDD[26] at count at NativeMethodAccessorImpl.java:0), which has no missing parents
[2025-04-27T16:42:50.445+0000] {spark_submit.py:490} INFO - 25/04/27 16:42:50 INFO MemoryStore: Block broadcast_7 stored as values in memory (estimated size 14.1 KiB, free 434.4 MiB)
[2025-04-27T16:42:50.446+0000] {spark_submit.py:490} INFO - 25/04/27 16:42:50 INFO MemoryStore: Block broadcast_7_piece0 stored as bytes in memory (estimated size 7.3 KiB, free 434.4 MiB)
[2025-04-27T16:42:50.447+0000] {spark_submit.py:490} INFO - 25/04/27 16:42:50 INFO BlockManagerInfo: Added broadcast_7_piece0 in memory on 3df9164c4a1b:41669 (size: 7.3 KiB, free: 434.4 MiB)
[2025-04-27T16:42:50.447+0000] {spark_submit.py:490} INFO - 25/04/27 16:42:50 INFO SparkContext: Created broadcast 7 from broadcast at DAGScheduler.scala:1513
[2025-04-27T16:42:50.448+0000] {spark_submit.py:490} INFO - 25/04/27 16:42:50 INFO DAGScheduler: Submitting 1 missing tasks from ShuffleMapStage 12 (MapPartitionsRDD[26] at count at NativeMethodAccessorImpl.java:0) (first 15 tasks are for partitions Vector(0))
[2025-04-27T16:42:50.448+0000] {spark_submit.py:490} INFO - 25/04/27 16:42:50 INFO TaskSchedulerImpl: Adding task set 12.0 with 1 tasks resource profile 0
[2025-04-27T16:42:50.449+0000] {spark_submit.py:490} INFO - 25/04/27 16:42:50 INFO TaskSetManager: Starting task 0.0 in stage 12.0 (TID 7) (172.18.0.5, executor 0, partition 0, PROCESS_LOCAL, 4292 bytes) taskResourceAssignments Map()
[2025-04-27T16:42:50.459+0000] {spark_submit.py:490} INFO - 25/04/27 16:42:50 INFO BlockManagerInfo: Added broadcast_7_piece0 in memory on 172.18.0.5:46443 (size: 7.3 KiB, free: 366.3 MiB)
[2025-04-27T16:42:50.535+0000] {spark_submit.py:490} INFO - 25/04/27 16:42:50 INFO TaskSetManager: Finished task 0.0 in stage 12.0 (TID 7) in 87 ms on 172.18.0.5 (executor 0) (1/1)
[2025-04-27T16:42:50.536+0000] {spark_submit.py:490} INFO - 25/04/27 16:42:50 INFO TaskSchedulerImpl: Removed TaskSet 12.0, whose tasks have all completed, from pool
[2025-04-27T16:42:50.538+0000] {spark_submit.py:490} INFO - 25/04/27 16:42:50 INFO DAGScheduler: ShuffleMapStage 12 (count at NativeMethodAccessorImpl.java:0) finished in 0.093 s
[2025-04-27T16:42:50.538+0000] {spark_submit.py:490} INFO - 25/04/27 16:42:50 INFO DAGScheduler: looking for newly runnable stages
[2025-04-27T16:42:50.538+0000] {spark_submit.py:490} INFO - 25/04/27 16:42:50 INFO DAGScheduler: running: Set()
[2025-04-27T16:42:50.538+0000] {spark_submit.py:490} INFO - 25/04/27 16:42:50 INFO DAGScheduler: waiting: Set()
[2025-04-27T16:42:50.538+0000] {spark_submit.py:490} INFO - 25/04/27 16:42:50 INFO DAGScheduler: failed: Set()
[2025-04-27T16:42:50.552+0000] {spark_submit.py:490} INFO - 25/04/27 16:42:50 INFO ShufflePartitionsUtil: For shuffle(4), advisory target size: 67108864, actual target size 1048576, minimum partition size: 1048576
[2025-04-27T16:42:50.577+0000] {spark_submit.py:490} INFO - 25/04/27 16:42:50 INFO CodeGenerator: Code generated in 10.290551 ms
[2025-04-27T16:42:50.587+0000] {spark_submit.py:490} INFO - 25/04/27 16:42:50 INFO CodeGenerator: Code generated in 7.126851 ms
[2025-04-27T16:42:50.600+0000] {spark_submit.py:490} INFO - 25/04/27 16:42:50 INFO CodeGenerator: Code generated in 6.381112 ms
[2025-04-27T16:42:50.614+0000] {spark_submit.py:490} INFO - 25/04/27 16:42:50 INFO CodeGenerator: Code generated in 11.704088 ms
[2025-04-27T16:42:50.639+0000] {spark_submit.py:490} INFO - 25/04/27 16:42:50 INFO DAGScheduler: Registering RDD 35 (count at NativeMethodAccessorImpl.java:0) as input to shuffle 5
[2025-04-27T16:42:50.640+0000] {spark_submit.py:490} INFO - 25/04/27 16:42:50 INFO DAGScheduler: Got map stage job 8 (count at NativeMethodAccessorImpl.java:0) with 2 output partitions
[2025-04-27T16:42:50.640+0000] {spark_submit.py:490} INFO - 25/04/27 16:42:50 INFO DAGScheduler: Final stage: ShuffleMapStage 14 (count at NativeMethodAccessorImpl.java:0)
[2025-04-27T16:42:50.640+0000] {spark_submit.py:490} INFO - 25/04/27 16:42:50 INFO DAGScheduler: Parents of final stage: List(ShuffleMapStage 13)
[2025-04-27T16:42:50.640+0000] {spark_submit.py:490} INFO - 25/04/27 16:42:50 INFO DAGScheduler: Missing parents: List()
[2025-04-27T16:42:50.641+0000] {spark_submit.py:490} INFO - 25/04/27 16:42:50 INFO DAGScheduler: Submitting ShuffleMapStage 14 (MapPartitionsRDD[35] at count at NativeMethodAccessorImpl.java:0), which has no missing parents
[2025-04-27T16:42:50.648+0000] {spark_submit.py:490} INFO - 25/04/27 16:42:50 INFO MemoryStore: Block broadcast_8 stored as values in memory (estimated size 38.6 KiB, free 434.3 MiB)
[2025-04-27T16:42:50.649+0000] {spark_submit.py:490} INFO - 25/04/27 16:42:50 INFO MemoryStore: Block broadcast_8_piece0 stored as bytes in memory (estimated size 17.8 KiB, free 434.3 MiB)
[2025-04-27T16:42:50.650+0000] {spark_submit.py:490} INFO - 25/04/27 16:42:50 INFO BlockManagerInfo: Added broadcast_8_piece0 in memory on 3df9164c4a1b:41669 (size: 17.8 KiB, free: 434.4 MiB)
[2025-04-27T16:42:50.650+0000] {spark_submit.py:490} INFO - 25/04/27 16:42:50 INFO SparkContext: Created broadcast 8 from broadcast at DAGScheduler.scala:1513
[2025-04-27T16:42:50.651+0000] {spark_submit.py:490} INFO - 25/04/27 16:42:50 INFO DAGScheduler: Submitting 2 missing tasks from ShuffleMapStage 14 (MapPartitionsRDD[35] at count at NativeMethodAccessorImpl.java:0) (first 15 tasks are for partitions Vector(0, 1))
[2025-04-27T16:42:50.651+0000] {spark_submit.py:490} INFO - 25/04/27 16:42:50 INFO TaskSchedulerImpl: Adding task set 14.0 with 2 tasks resource profile 0
[2025-04-27T16:42:50.653+0000] {spark_submit.py:490} INFO - 25/04/27 16:42:50 INFO TaskSetManager: Starting task 1.0 in stage 14.0 (TID 8) (172.18.0.5, executor 0, partition 1, NODE_LOCAL, 4555 bytes) taskResourceAssignments Map()
[2025-04-27T16:42:50.669+0000] {spark_submit.py:490} INFO - 25/04/27 16:42:50 INFO BlockManagerInfo: Added broadcast_8_piece0 in memory on 172.18.0.5:46443 (size: 17.8 KiB, free: 366.3 MiB)
[2025-04-27T16:42:50.684+0000] {spark_submit.py:490} INFO - 25/04/27 16:42:50 INFO MapOutputTrackerMasterEndpoint: Asked to send map output locations for shuffle 4 to 172.18.0.5:47044
[2025-04-27T16:42:50.700+0000] {spark_submit.py:490} INFO - 25/04/27 16:42:50 INFO BlockManagerInfo: Removed broadcast_7_piece0 on 3df9164c4a1b:41669 in memory (size: 7.3 KiB, free: 434.4 MiB)
[2025-04-27T16:42:50.707+0000] {spark_submit.py:490} INFO - 25/04/27 16:42:50 INFO BlockManagerInfo: Removed broadcast_7_piece0 on 172.18.0.5:46443 in memory (size: 7.3 KiB, free: 366.3 MiB)
[2025-04-27T16:42:50.721+0000] {spark_submit.py:490} INFO - 25/04/27 16:42:50 INFO BlockManagerInfo: Removed broadcast_6_piece0 on 3df9164c4a1b:41669 in memory (size: 5.5 KiB, free: 434.4 MiB)
[2025-04-27T16:42:50.726+0000] {spark_submit.py:490} INFO - 25/04/27 16:42:50 INFO BlockManagerInfo: Removed broadcast_6_piece0 on 172.18.0.5:46443 in memory (size: 5.5 KiB, free: 366.3 MiB)
[2025-04-27T16:42:50.801+0000] {spark_submit.py:490} INFO - 25/04/27 16:42:50 INFO TaskSetManager: Starting task 0.0 in stage 14.0 (TID 9) (172.18.0.5, executor 0, partition 0, PROCESS_LOCAL, 4401 bytes) taskResourceAssignments Map()
[2025-04-27T16:42:50.802+0000] {spark_submit.py:490} INFO - 25/04/27 16:42:50 INFO TaskSetManager: Finished task 1.0 in stage 14.0 (TID 8) in 150 ms on 172.18.0.5 (executor 0) (1/2)
[2025-04-27T16:42:50.854+0000] {spark_submit.py:490} INFO - 25/04/27 16:42:50 INFO TaskSetManager: Finished task 0.0 in stage 14.0 (TID 9) in 53 ms on 172.18.0.5 (executor 0) (2/2)
[2025-04-27T16:42:50.854+0000] {spark_submit.py:490} INFO - 25/04/27 16:42:50 INFO TaskSchedulerImpl: Removed TaskSet 14.0, whose tasks have all completed, from pool
[2025-04-27T16:42:50.855+0000] {spark_submit.py:490} INFO - 25/04/27 16:42:50 INFO DAGScheduler: ShuffleMapStage 14 (count at NativeMethodAccessorImpl.java:0) finished in 0.211 s
[2025-04-27T16:42:50.855+0000] {spark_submit.py:490} INFO - 25/04/27 16:42:50 INFO DAGScheduler: looking for newly runnable stages
[2025-04-27T16:42:50.855+0000] {spark_submit.py:490} INFO - 25/04/27 16:42:50 INFO DAGScheduler: running: Set()
[2025-04-27T16:42:50.856+0000] {spark_submit.py:490} INFO - 25/04/27 16:42:50 INFO DAGScheduler: waiting: Set()
[2025-04-27T16:42:50.856+0000] {spark_submit.py:490} INFO - 25/04/27 16:42:50 INFO DAGScheduler: failed: Set()
[2025-04-27T16:42:50.870+0000] {spark_submit.py:490} INFO - 25/04/27 16:42:50 INFO CodeGenerator: Code generated in 5.875042 ms
[2025-04-27T16:42:50.878+0000] {spark_submit.py:490} INFO - 25/04/27 16:42:50 INFO SparkContext: Starting job: count at NativeMethodAccessorImpl.java:0
[2025-04-27T16:42:50.879+0000] {spark_submit.py:490} INFO - 25/04/27 16:42:50 INFO DAGScheduler: Got job 9 (count at NativeMethodAccessorImpl.java:0) with 1 output partitions
[2025-04-27T16:42:50.880+0000] {spark_submit.py:490} INFO - 25/04/27 16:42:50 INFO DAGScheduler: Final stage: ResultStage 17 (count at NativeMethodAccessorImpl.java:0)
[2025-04-27T16:42:50.880+0000] {spark_submit.py:490} INFO - 25/04/27 16:42:50 INFO DAGScheduler: Parents of final stage: List(ShuffleMapStage 16)
[2025-04-27T16:42:50.880+0000] {spark_submit.py:490} INFO - 25/04/27 16:42:50 INFO DAGScheduler: Missing parents: List()
[2025-04-27T16:42:50.880+0000] {spark_submit.py:490} INFO - 25/04/27 16:42:50 INFO DAGScheduler: Submitting ResultStage 17 (MapPartitionsRDD[38] at count at NativeMethodAccessorImpl.java:0), which has no missing parents
[2025-04-27T16:42:50.883+0000] {spark_submit.py:490} INFO - 25/04/27 16:42:50 INFO MemoryStore: Block broadcast_9 stored as values in memory (estimated size 11.1 KiB, free 434.3 MiB)
[2025-04-27T16:42:50.884+0000] {spark_submit.py:490} INFO - 25/04/27 16:42:50 INFO MemoryStore: Block broadcast_9_piece0 stored as bytes in memory (estimated size 5.5 KiB, free 434.3 MiB)
[2025-04-27T16:42:50.885+0000] {spark_submit.py:490} INFO - 25/04/27 16:42:50 INFO BlockManagerInfo: Added broadcast_9_piece0 in memory on 3df9164c4a1b:41669 (size: 5.5 KiB, free: 434.4 MiB)
[2025-04-27T16:42:50.885+0000] {spark_submit.py:490} INFO - 25/04/27 16:42:50 INFO SparkContext: Created broadcast 9 from broadcast at DAGScheduler.scala:1513
[2025-04-27T16:42:50.886+0000] {spark_submit.py:490} INFO - 25/04/27 16:42:50 INFO DAGScheduler: Submitting 1 missing tasks from ResultStage 17 (MapPartitionsRDD[38] at count at NativeMethodAccessorImpl.java:0) (first 15 tasks are for partitions Vector(0))
[2025-04-27T16:42:50.886+0000] {spark_submit.py:490} INFO - 25/04/27 16:42:50 INFO TaskSchedulerImpl: Adding task set 17.0 with 1 tasks resource profile 0
[2025-04-27T16:42:50.887+0000] {spark_submit.py:490} INFO - 25/04/27 16:42:50 INFO TaskSetManager: Starting task 0.0 in stage 17.0 (TID 10) (172.18.0.5, executor 0, partition 0, NODE_LOCAL, 4457 bytes) taskResourceAssignments Map()
[2025-04-27T16:42:50.896+0000] {spark_submit.py:490} INFO - 25/04/27 16:42:50 INFO BlockManagerInfo: Added broadcast_9_piece0 in memory on 172.18.0.5:46443 (size: 5.5 KiB, free: 366.3 MiB)
[2025-04-27T16:42:50.900+0000] {spark_submit.py:490} INFO - 25/04/27 16:42:50 INFO MapOutputTrackerMasterEndpoint: Asked to send map output locations for shuffle 5 to 172.18.0.5:47044
[2025-04-27T16:42:50.916+0000] {spark_submit.py:490} INFO - 25/04/27 16:42:50 INFO TaskSetManager: Finished task 0.0 in stage 17.0 (TID 10) in 28 ms on 172.18.0.5 (executor 0) (1/1)
[2025-04-27T16:42:50.916+0000] {spark_submit.py:490} INFO - 25/04/27 16:42:50 INFO TaskSchedulerImpl: Removed TaskSet 17.0, whose tasks have all completed, from pool
[2025-04-27T16:42:50.916+0000] {spark_submit.py:490} INFO - 25/04/27 16:42:50 INFO DAGScheduler: ResultStage 17 (count at NativeMethodAccessorImpl.java:0) finished in 0.035 s
[2025-04-27T16:42:50.917+0000] {spark_submit.py:490} INFO - 25/04/27 16:42:50 INFO DAGScheduler: Job 9 is finished. Cancelling potential speculative or zombie tasks for this job
[2025-04-27T16:42:50.917+0000] {spark_submit.py:490} INFO - 25/04/27 16:42:50 INFO TaskSchedulerImpl: Killing all running tasks in stage 17: Stage finished
[2025-04-27T16:42:50.917+0000] {spark_submit.py:490} INFO - 25/04/27 16:42:50 INFO DAGScheduler: Job 9 finished: count at NativeMethodAccessorImpl.java:0, took 0.038933 s
[2025-04-27T16:42:50.918+0000] {spark_submit.py:490} INFO - INFO:__main__:Объединение результатов выполнено, итого записей: 333
[2025-04-27T16:42:51.067+0000] {spark_submit.py:490} INFO - 25/04/27 16:42:51 INFO CodeGenerator: Code generated in 8.884512 ms
[2025-04-27T16:42:51.073+0000] {spark_submit.py:490} INFO - 25/04/27 16:42:51 INFO DAGScheduler: Registering RDD 42 (jdbc at NativeMethodAccessorImpl.java:0) as input to shuffle 6
[2025-04-27T16:42:51.073+0000] {spark_submit.py:490} INFO - 25/04/27 16:42:51 INFO DAGScheduler: Got map stage job 10 (jdbc at NativeMethodAccessorImpl.java:0) with 1 output partitions
[2025-04-27T16:42:51.073+0000] {spark_submit.py:490} INFO - 25/04/27 16:42:51 INFO DAGScheduler: Final stage: ShuffleMapStage 18 (jdbc at NativeMethodAccessorImpl.java:0)
[2025-04-27T16:42:51.074+0000] {spark_submit.py:490} INFO - 25/04/27 16:42:51 INFO DAGScheduler: Parents of final stage: List()
[2025-04-27T16:42:51.074+0000] {spark_submit.py:490} INFO - 25/04/27 16:42:51 INFO DAGScheduler: Missing parents: List()
[2025-04-27T16:42:51.075+0000] {spark_submit.py:490} INFO - 25/04/27 16:42:51 INFO DAGScheduler: Submitting ShuffleMapStage 18 (MapPartitionsRDD[42] at jdbc at NativeMethodAccessorImpl.java:0), which has no missing parents
[2025-04-27T16:42:51.081+0000] {spark_submit.py:490} INFO - 25/04/27 16:42:51 INFO MemoryStore: Block broadcast_10 stored as values in memory (estimated size 16.3 KiB, free 434.3 MiB)
[2025-04-27T16:42:51.083+0000] {spark_submit.py:490} INFO - 25/04/27 16:42:51 INFO MemoryStore: Block broadcast_10_piece0 stored as bytes in memory (estimated size 7.9 KiB, free 434.3 MiB)
[2025-04-27T16:42:51.083+0000] {spark_submit.py:490} INFO - 25/04/27 16:42:51 INFO BlockManagerInfo: Added broadcast_10_piece0 in memory on 3df9164c4a1b:41669 (size: 7.9 KiB, free: 434.4 MiB)
[2025-04-27T16:42:51.084+0000] {spark_submit.py:490} INFO - 25/04/27 16:42:51 INFO SparkContext: Created broadcast 10 from broadcast at DAGScheduler.scala:1513
[2025-04-27T16:42:51.084+0000] {spark_submit.py:490} INFO - 25/04/27 16:42:51 INFO DAGScheduler: Submitting 1 missing tasks from ShuffleMapStage 18 (MapPartitionsRDD[42] at jdbc at NativeMethodAccessorImpl.java:0) (first 15 tasks are for partitions Vector(0))
[2025-04-27T16:42:51.085+0000] {spark_submit.py:490} INFO - 25/04/27 16:42:51 INFO TaskSchedulerImpl: Adding task set 18.0 with 1 tasks resource profile 0
[2025-04-27T16:42:51.087+0000] {spark_submit.py:490} INFO - 25/04/27 16:42:51 INFO TaskSetManager: Starting task 0.0 in stage 18.0 (TID 11) (172.18.0.5, executor 0, partition 0, PROCESS_LOCAL, 4292 bytes) taskResourceAssignments Map()
[2025-04-27T16:42:51.106+0000] {spark_submit.py:490} INFO - 25/04/27 16:42:51 INFO BlockManagerInfo: Added broadcast_10_piece0 in memory on 172.18.0.5:46443 (size: 7.9 KiB, free: 366.3 MiB)
[2025-04-27T16:42:51.201+0000] {spark_submit.py:490} INFO - 25/04/27 16:42:51 INFO TaskSetManager: Finished task 0.0 in stage 18.0 (TID 11) in 115 ms on 172.18.0.5 (executor 0) (1/1)
[2025-04-27T16:42:51.202+0000] {spark_submit.py:490} INFO - 25/04/27 16:42:51 INFO TaskSchedulerImpl: Removed TaskSet 18.0, whose tasks have all completed, from pool
[2025-04-27T16:42:51.202+0000] {spark_submit.py:490} INFO - 25/04/27 16:42:51 INFO DAGScheduler: ShuffleMapStage 18 (jdbc at NativeMethodAccessorImpl.java:0) finished in 0.127 s
[2025-04-27T16:42:51.202+0000] {spark_submit.py:490} INFO - 25/04/27 16:42:51 INFO DAGScheduler: looking for newly runnable stages
[2025-04-27T16:42:51.202+0000] {spark_submit.py:490} INFO - 25/04/27 16:42:51 INFO DAGScheduler: running: Set()
[2025-04-27T16:42:51.203+0000] {spark_submit.py:490} INFO - 25/04/27 16:42:51 INFO DAGScheduler: waiting: Set()
[2025-04-27T16:42:51.203+0000] {spark_submit.py:490} INFO - 25/04/27 16:42:51 INFO DAGScheduler: failed: Set()
[2025-04-27T16:42:51.211+0000] {spark_submit.py:490} INFO - 25/04/27 16:42:51 INFO ShufflePartitionsUtil: For shuffle(6), advisory target size: 67108864, actual target size 1048576, minimum partition size: 1048576
[2025-04-27T16:42:51.231+0000] {spark_submit.py:490} INFO - 25/04/27 16:42:51 INFO CodeGenerator: Code generated in 12.772661 ms
[2025-04-27T16:42:51.252+0000] {spark_submit.py:490} INFO - 25/04/27 16:42:51 INFO CodeGenerator: Code generated in 10.40378 ms
[2025-04-27T16:42:51.304+0000] {spark_submit.py:490} INFO - 25/04/27 16:42:51 INFO SparkContext: Starting job: jdbc at NativeMethodAccessorImpl.java:0
[2025-04-27T16:42:51.306+0000] {spark_submit.py:490} INFO - 25/04/27 16:42:51 INFO DAGScheduler: Got job 11 (jdbc at NativeMethodAccessorImpl.java:0) with 2 output partitions
[2025-04-27T16:42:51.307+0000] {spark_submit.py:490} INFO - 25/04/27 16:42:51 INFO DAGScheduler: Final stage: ResultStage 20 (jdbc at NativeMethodAccessorImpl.java:0)
[2025-04-27T16:42:51.307+0000] {spark_submit.py:490} INFO - 25/04/27 16:42:51 INFO DAGScheduler: Parents of final stage: List(ShuffleMapStage 19)
[2025-04-27T16:42:51.307+0000] {spark_submit.py:490} INFO - 25/04/27 16:42:51 INFO DAGScheduler: Missing parents: List()
[2025-04-27T16:42:51.308+0000] {spark_submit.py:490} INFO - 25/04/27 16:42:51 INFO DAGScheduler: Submitting ResultStage 20 (MapPartitionsRDD[52] at jdbc at NativeMethodAccessorImpl.java:0), which has no missing parents
[2025-04-27T16:42:51.334+0000] {spark_submit.py:490} INFO - 25/04/27 16:42:51 INFO MemoryStore: Block broadcast_11 stored as values in memory (estimated size 54.6 KiB, free 434.3 MiB)
[2025-04-27T16:42:51.346+0000] {spark_submit.py:490} INFO - 25/04/27 16:42:51 INFO MemoryStore: Block broadcast_11_piece0 stored as bytes in memory (estimated size 23.4 KiB, free 434.2 MiB)
[2025-04-27T16:42:51.347+0000] {spark_submit.py:490} INFO - 25/04/27 16:42:51 INFO BlockManagerInfo: Added broadcast_11_piece0 in memory on 3df9164c4a1b:41669 (size: 23.4 KiB, free: 434.3 MiB)
[2025-04-27T16:42:51.349+0000] {spark_submit.py:490} INFO - 25/04/27 16:42:51 INFO SparkContext: Created broadcast 11 from broadcast at DAGScheduler.scala:1513
[2025-04-27T16:42:51.350+0000] {spark_submit.py:490} INFO - 25/04/27 16:42:51 INFO BlockManagerInfo: Removed broadcast_9_piece0 on 3df9164c4a1b:41669 in memory (size: 5.5 KiB, free: 434.4 MiB)
[2025-04-27T16:42:51.350+0000] {spark_submit.py:490} INFO - 25/04/27 16:42:51 INFO DAGScheduler: Submitting 2 missing tasks from ResultStage 20 (MapPartitionsRDD[52] at jdbc at NativeMethodAccessorImpl.java:0) (first 15 tasks are for partitions Vector(0, 1))
[2025-04-27T16:42:51.351+0000] {spark_submit.py:490} INFO - 25/04/27 16:42:51 INFO TaskSchedulerImpl: Adding task set 20.0 with 2 tasks resource profile 0
[2025-04-27T16:42:51.353+0000] {spark_submit.py:490} INFO - 25/04/27 16:42:51 INFO TaskSetManager: Starting task 1.0 in stage 20.0 (TID 12) (172.18.0.5, executor 0, partition 1, NODE_LOCAL, 4566 bytes) taskResourceAssignments Map()
[2025-04-27T16:42:51.361+0000] {spark_submit.py:490} INFO - 25/04/27 16:42:51 INFO BlockManagerInfo: Removed broadcast_9_piece0 on 172.18.0.5:46443 in memory (size: 5.5 KiB, free: 366.3 MiB)
[2025-04-27T16:42:51.371+0000] {spark_submit.py:490} INFO - 25/04/27 16:42:51 INFO BlockManagerInfo: Added broadcast_11_piece0 in memory on 172.18.0.5:46443 (size: 23.4 KiB, free: 366.3 MiB)
[2025-04-27T16:42:51.375+0000] {spark_submit.py:490} INFO - 25/04/27 16:42:51 INFO BlockManagerInfo: Removed broadcast_8_piece0 on 3df9164c4a1b:41669 in memory (size: 17.8 KiB, free: 434.4 MiB)
[2025-04-27T16:42:51.381+0000] {spark_submit.py:490} INFO - 25/04/27 16:42:51 INFO BlockManagerInfo: Removed broadcast_8_piece0 on 172.18.0.5:46443 in memory (size: 17.8 KiB, free: 366.3 MiB)
[2025-04-27T16:42:51.443+0000] {spark_submit.py:490} INFO - 25/04/27 16:42:51 INFO BlockManagerInfo: Removed broadcast_10_piece0 on 3df9164c4a1b:41669 in memory (size: 7.9 KiB, free: 434.4 MiB)
[2025-04-27T16:42:51.455+0000] {spark_submit.py:490} INFO - 25/04/27 16:42:51 INFO BlockManagerInfo: Removed broadcast_10_piece0 on 172.18.0.5:46443 in memory (size: 7.9 KiB, free: 366.3 MiB)
[2025-04-27T16:42:51.647+0000] {spark_submit.py:490} INFO - 25/04/27 16:42:51 INFO MapOutputTrackerMasterEndpoint: Asked to send map output locations for shuffle 6 to 172.18.0.5:47044
[2025-04-27T16:42:52.680+0000] {spark_submit.py:490} INFO - 25/04/27 16:42:52 INFO TaskSetManager: Starting task 0.0 in stage 20.0 (TID 13) (172.18.0.5, executor 0, partition 0, PROCESS_LOCAL, 4412 bytes) taskResourceAssignments Map()
[2025-04-27T16:42:52.682+0000] {spark_submit.py:490} INFO - 25/04/27 16:42:52 INFO TaskSetManager: Finished task 1.0 in stage 20.0 (TID 12) in 1331 ms on 172.18.0.5 (executor 0) (1/2)
[2025-04-27T16:42:52.770+0000] {spark_submit.py:490} INFO - 25/04/27 16:42:52 INFO TaskSetManager: Finished task 0.0 in stage 20.0 (TID 13) in 90 ms on 172.18.0.5 (executor 0) (2/2)
[2025-04-27T16:42:52.771+0000] {spark_submit.py:490} INFO - 25/04/27 16:42:52 INFO TaskSchedulerImpl: Removed TaskSet 20.0, whose tasks have all completed, from pool
[2025-04-27T16:42:52.771+0000] {spark_submit.py:490} INFO - 25/04/27 16:42:52 INFO DAGScheduler: ResultStage 20 (jdbc at NativeMethodAccessorImpl.java:0) finished in 1.459 s
[2025-04-27T16:42:52.771+0000] {spark_submit.py:490} INFO - 25/04/27 16:42:52 INFO DAGScheduler: Job 11 is finished. Cancelling potential speculative or zombie tasks for this job
[2025-04-27T16:42:52.771+0000] {spark_submit.py:490} INFO - 25/04/27 16:42:52 INFO TaskSchedulerImpl: Killing all running tasks in stage 20: Stage finished
[2025-04-27T16:42:52.771+0000] {spark_submit.py:490} INFO - 25/04/27 16:42:52 INFO DAGScheduler: Job 11 finished: jdbc at NativeMethodAccessorImpl.java:0, took 1.467708 s
[2025-04-27T16:42:52.786+0000] {spark_submit.py:490} INFO - INFO:__main__:Запись в mart.suspicious_transactions завершена
[2025-04-27T16:42:52.794+0000] {spark_submit.py:490} INFO - 25/04/27 16:42:52 INFO SparkUI: Stopped Spark web UI at http://3df9164c4a1b:4040
[2025-04-27T16:42:52.796+0000] {spark_submit.py:490} INFO - 25/04/27 16:42:52 INFO StandaloneSchedulerBackend: Shutting down all executors
[2025-04-27T16:42:52.798+0000] {spark_submit.py:490} INFO - 25/04/27 16:42:52 INFO CoarseGrainedSchedulerBackend$DriverEndpoint: Asking each executor to shut down
[2025-04-27T16:42:52.816+0000] {spark_submit.py:490} INFO - 25/04/27 16:42:52 INFO MapOutputTrackerMasterEndpoint: MapOutputTrackerMasterEndpoint stopped!
[2025-04-27T16:42:52.834+0000] {spark_submit.py:490} INFO - 25/04/27 16:42:52 INFO MemoryStore: MemoryStore cleared
[2025-04-27T16:42:52.839+0000] {spark_submit.py:490} INFO - 25/04/27 16:42:52 INFO BlockManager: BlockManager stopped
[2025-04-27T16:42:52.843+0000] {spark_submit.py:490} INFO - 25/04/27 16:42:52 INFO BlockManagerMaster: BlockManagerMaster stopped
[2025-04-27T16:42:52.846+0000] {spark_submit.py:490} INFO - 25/04/27 16:42:52 INFO OutputCommitCoordinator$OutputCommitCoordinatorEndpoint: OutputCommitCoordinator stopped!
[2025-04-27T16:42:52.858+0000] {spark_submit.py:490} INFO - 25/04/27 16:42:52 INFO SparkContext: Successfully stopped SparkContext
[2025-04-27T16:42:53.000+0000] {spark_submit.py:490} INFO - INFO:__main__:SparkSession остановлен
[2025-04-27T16:42:53.040+0000] {spark_submit.py:490} INFO - 25/04/27 16:42:53 INFO ShutdownHookManager: Shutdown hook called
[2025-04-27T16:42:53.040+0000] {spark_submit.py:490} INFO - 25/04/27 16:42:53 INFO ShutdownHookManager: Deleting directory /tmp/spark-1e34e939-222e-4ee2-b0bb-aa386196caa1/pyspark-cbc7ebdc-9d88-4d4e-a653-5b4f1772e81f
[2025-04-27T16:42:53.043+0000] {spark_submit.py:490} INFO - 25/04/27 16:42:53 INFO ShutdownHookManager: Deleting directory /tmp/spark-1e34e939-222e-4ee2-b0bb-aa386196caa1
[2025-04-27T16:42:53.045+0000] {spark_submit.py:490} INFO - 25/04/27 16:42:53 INFO ShutdownHookManager: Deleting directory /tmp/spark-80f00c04-d5c3-4003-bce1-61b641b91764
[2025-04-27T16:42:53.115+0000] {taskinstance.py:1350} INFO - Marking task as SUCCESS. dag_id=transform, task_id=detect_suspicious, execution_date=20250427T164226, start_date=20250427T164235, end_date=20250427T164253
[2025-04-27T16:42:53.142+0000] {local_task_job_runner.py:225} INFO - Task exited with return code 0
[2025-04-27T16:42:53.159+0000] {taskinstance.py:2653} INFO - 0 downstream tasks scheduled from follow-on schedule check
