[2025-04-27T08:27:30.353+0000] {taskinstance.py:1103} INFO - Dependencies all met for dep_context=non-requeueable deps ti=<TaskInstance: transform.detect_suspicious manual__2025-04-27T08:27:21.086745+00:00 [queued]>
[2025-04-27T08:27:30.358+0000] {taskinstance.py:1103} INFO - Dependencies all met for dep_context=requeueable deps ti=<TaskInstance: transform.detect_suspicious manual__2025-04-27T08:27:21.086745+00:00 [queued]>
[2025-04-27T08:27:30.358+0000] {taskinstance.py:1308} INFO - Starting attempt 1 of 2
[2025-04-27T08:27:30.368+0000] {taskinstance.py:1327} INFO - Executing <Task(SparkSubmitOperator): detect_suspicious> on 2025-04-27 08:27:21.086745+00:00
[2025-04-27T08:27:30.372+0000] {standard_task_runner.py:57} INFO - Started process 632 to run task
[2025-04-27T08:27:30.374+0000] {standard_task_runner.py:84} INFO - Running: ['airflow', 'tasks', 'run', 'transform', 'detect_suspicious', 'manual__2025-04-27T08:27:21.086745+00:00', '--job-id', '30', '--raw', '--subdir', 'DAGS_FOLDER/transform.py', '--cfg-path', '/tmp/tmp8pn383ul']
[2025-04-27T08:27:30.374+0000] {standard_task_runner.py:85} INFO - Job 30: Subtask detect_suspicious
[2025-04-27T08:27:30.412+0000] {task_command.py:410} INFO - Running <TaskInstance: transform.detect_suspicious manual__2025-04-27T08:27:21.086745+00:00 [running]> on host c82426b22b9f
[2025-04-27T08:27:30.549+0000] {taskinstance.py:1547} INFO - Exporting env vars: AIRFLOW_CTX_DAG_OWNER='finbest' AIRFLOW_CTX_DAG_ID='transform' AIRFLOW_CTX_TASK_ID='detect_suspicious' AIRFLOW_CTX_EXECUTION_DATE='2025-04-27T08:27:21.086745+00:00' AIRFLOW_CTX_TRY_NUMBER='1' AIRFLOW_CTX_DAG_RUN_ID='manual__2025-04-27T08:27:21.086745+00:00'
[2025-04-27T08:27:30.557+0000] {base.py:73} INFO - Using connection ID 'spark_default' for task execution.
[2025-04-27T08:27:30.558+0000] {spark_submit.py:339} INFO - Spark-Submit cmd: spark-submit --master spark://spark-master:7077 --packages org.postgresql:postgresql:42.6.0,ru.yandex.clickhouse:clickhouse-jdbc:0.3.2 --executor-cores 1 --executor-memory 2g --driver-memory 1g --name arrow-spark /opt/airflow/spark/detect_suspicious.py --jdbc jdbc:postgresql://postgres:5432/finbest --clickhouse-url jdbc:clickhouse://clickhouse:8123/finbest
[2025-04-27T08:27:31.947+0000] {spark_submit.py:490} INFO - :: loading settings :: url = jar:file:/opt/spark/jars/ivy-2.5.0.jar!/org/apache/ivy/core/settings/ivysettings.xml
[2025-04-27T08:27:32.028+0000] {spark_submit.py:490} INFO - Ivy Default Cache set to: /home/airflow/.ivy2/cache
[2025-04-27T08:27:32.028+0000] {spark_submit.py:490} INFO - The jars for the packages stored in: /home/airflow/.ivy2/jars
[2025-04-27T08:27:32.032+0000] {spark_submit.py:490} INFO - org.postgresql#postgresql added as a dependency
[2025-04-27T08:27:32.032+0000] {spark_submit.py:490} INFO - ru.yandex.clickhouse#clickhouse-jdbc added as a dependency
[2025-04-27T08:27:32.033+0000] {spark_submit.py:490} INFO - :: resolving dependencies :: org.apache.spark#spark-submit-parent-f28ba002-f0c9-4d82-8158-fa5dbb515bfb;1.0
[2025-04-27T08:27:32.033+0000] {spark_submit.py:490} INFO - confs: [default]
[2025-04-27T08:27:32.104+0000] {spark_submit.py:490} INFO - found org.postgresql#postgresql;42.6.0 in central
[2025-04-27T08:27:32.119+0000] {spark_submit.py:490} INFO - found org.checkerframework#checker-qual;3.31.0 in central
[2025-04-27T08:27:32.133+0000] {spark_submit.py:490} INFO - found ru.yandex.clickhouse#clickhouse-jdbc;0.3.2 in central
[2025-04-27T08:27:32.149+0000] {spark_submit.py:490} INFO - found com.clickhouse#clickhouse-http-client;0.3.2 in central
[2025-04-27T08:27:32.163+0000] {spark_submit.py:490} INFO - found com.clickhouse#clickhouse-client;0.3.2 in central
[2025-04-27T08:27:32.176+0000] {spark_submit.py:490} INFO - found org.lz4#lz4-java;1.8.0 in central
[2025-04-27T08:27:32.189+0000] {spark_submit.py:490} INFO - found com.google.code.gson#gson;2.8.8 in central
[2025-04-27T08:27:32.203+0000] {spark_submit.py:490} INFO - found org.apache.httpcomponents#httpclient;4.5.13 in central
[2025-04-27T08:27:32.217+0000] {spark_submit.py:490} INFO - found org.apache.httpcomponents#httpcore;4.4.13 in central
[2025-04-27T08:27:32.230+0000] {spark_submit.py:490} INFO - found commons-logging#commons-logging;1.2 in central
[2025-04-27T08:27:32.243+0000] {spark_submit.py:490} INFO - found commons-codec#commons-codec;1.11 in central
[2025-04-27T08:27:32.254+0000] {spark_submit.py:490} INFO - found org.apache.httpcomponents#httpmime;4.5.13 in central
[2025-04-27T08:27:32.273+0000] {spark_submit.py:490} INFO - :: resolution report :: resolve 231ms :: artifacts dl 9ms
[2025-04-27T08:27:32.274+0000] {spark_submit.py:490} INFO - :: modules in use:
[2025-04-27T08:27:32.274+0000] {spark_submit.py:490} INFO - com.clickhouse#clickhouse-client;0.3.2 from central in [default]
[2025-04-27T08:27:32.274+0000] {spark_submit.py:490} INFO - com.clickhouse#clickhouse-http-client;0.3.2 from central in [default]
[2025-04-27T08:27:32.274+0000] {spark_submit.py:490} INFO - com.google.code.gson#gson;2.8.8 from central in [default]
[2025-04-27T08:27:32.274+0000] {spark_submit.py:490} INFO - commons-codec#commons-codec;1.11 from central in [default]
[2025-04-27T08:27:32.274+0000] {spark_submit.py:490} INFO - commons-logging#commons-logging;1.2 from central in [default]
[2025-04-27T08:27:32.274+0000] {spark_submit.py:490} INFO - org.apache.httpcomponents#httpclient;4.5.13 from central in [default]
[2025-04-27T08:27:32.274+0000] {spark_submit.py:490} INFO - org.apache.httpcomponents#httpcore;4.4.13 from central in [default]
[2025-04-27T08:27:32.274+0000] {spark_submit.py:490} INFO - org.apache.httpcomponents#httpmime;4.5.13 from central in [default]
[2025-04-27T08:27:32.275+0000] {spark_submit.py:490} INFO - org.checkerframework#checker-qual;3.31.0 from central in [default]
[2025-04-27T08:27:32.275+0000] {spark_submit.py:490} INFO - org.lz4#lz4-java;1.8.0 from central in [default]
[2025-04-27T08:27:32.275+0000] {spark_submit.py:490} INFO - org.postgresql#postgresql;42.6.0 from central in [default]
[2025-04-27T08:27:32.275+0000] {spark_submit.py:490} INFO - ru.yandex.clickhouse#clickhouse-jdbc;0.3.2 from central in [default]
[2025-04-27T08:27:32.275+0000] {spark_submit.py:490} INFO - ---------------------------------------------------------------------
[2025-04-27T08:27:32.275+0000] {spark_submit.py:490} INFO - |                  |            modules            ||   artifacts   |
[2025-04-27T08:27:32.275+0000] {spark_submit.py:490} INFO - |       conf       | number| search|dwnlded|evicted|| number|dwnlded|
[2025-04-27T08:27:32.275+0000] {spark_submit.py:490} INFO - ---------------------------------------------------------------------
[2025-04-27T08:27:32.275+0000] {spark_submit.py:490} INFO - |      default     |   12  |   0   |   0   |   0   ||   12  |   0   |
[2025-04-27T08:27:32.275+0000] {spark_submit.py:490} INFO - ---------------------------------------------------------------------
[2025-04-27T08:27:32.280+0000] {spark_submit.py:490} INFO - :: retrieving :: org.apache.spark#spark-submit-parent-f28ba002-f0c9-4d82-8158-fa5dbb515bfb
[2025-04-27T08:27:32.281+0000] {spark_submit.py:490} INFO - confs: [default]
[2025-04-27T08:27:32.289+0000] {spark_submit.py:490} INFO - 0 artifacts copied, 12 already retrieved (0kB/8ms)
[2025-04-27T08:27:32.462+0000] {spark_submit.py:490} INFO - 25/04/27 08:27:32 WARN NativeCodeLoader: Unable to load native-hadoop library for your platform... using builtin-java classes where applicable
[2025-04-27T08:27:33.238+0000] {spark_submit.py:490} INFO - 25/04/27 08:27:33 INFO SparkContext: Running Spark version 3.3.0
[2025-04-27T08:27:33.254+0000] {spark_submit.py:490} INFO - 25/04/27 08:27:33 INFO ResourceUtils: ==============================================================
[2025-04-27T08:27:33.254+0000] {spark_submit.py:490} INFO - 25/04/27 08:27:33 INFO ResourceUtils: No custom resources configured for spark.driver.
[2025-04-27T08:27:33.254+0000] {spark_submit.py:490} INFO - 25/04/27 08:27:33 INFO ResourceUtils: ==============================================================
[2025-04-27T08:27:33.254+0000] {spark_submit.py:490} INFO - 25/04/27 08:27:33 INFO SparkContext: Submitted application: FinBestDetect
[2025-04-27T08:27:33.272+0000] {spark_submit.py:490} INFO - 25/04/27 08:27:33 INFO ResourceProfile: Default ResourceProfile created, executor resources: Map(cores -> name: cores, amount: 1, script: , vendor: , memory -> name: memory, amount: 2048, script: , vendor: , offHeap -> name: offHeap, amount: 0, script: , vendor: ), task resources: Map(cpus -> name: cpus, amount: 1.0)
[2025-04-27T08:27:33.282+0000] {spark_submit.py:490} INFO - 25/04/27 08:27:33 INFO ResourceProfile: Limiting resource is cpus at 1 tasks per executor
[2025-04-27T08:27:33.283+0000] {spark_submit.py:490} INFO - 25/04/27 08:27:33 INFO ResourceProfileManager: Added ResourceProfile id: 0
[2025-04-27T08:27:33.332+0000] {spark_submit.py:490} INFO - 25/04/27 08:27:33 INFO SecurityManager: Changing view acls to: airflow
[2025-04-27T08:27:33.332+0000] {spark_submit.py:490} INFO - 25/04/27 08:27:33 INFO SecurityManager: Changing modify acls to: airflow
[2025-04-27T08:27:33.332+0000] {spark_submit.py:490} INFO - 25/04/27 08:27:33 INFO SecurityManager: Changing view acls groups to:
[2025-04-27T08:27:33.333+0000] {spark_submit.py:490} INFO - 25/04/27 08:27:33 INFO SecurityManager: Changing modify acls groups to:
[2025-04-27T08:27:33.333+0000] {spark_submit.py:490} INFO - 25/04/27 08:27:33 INFO SecurityManager: SecurityManager: authentication disabled; ui acls disabled; users  with view permissions: Set(airflow); groups with view permissions: Set(); users  with modify permissions: Set(airflow); groups with modify permissions: Set()
[2025-04-27T08:27:33.582+0000] {spark_submit.py:490} INFO - 25/04/27 08:27:33 INFO Utils: Successfully started service 'sparkDriver' on port 41983.
[2025-04-27T08:27:33.637+0000] {spark_submit.py:490} INFO - 25/04/27 08:27:33 INFO SparkEnv: Registering MapOutputTracker
[2025-04-27T08:27:33.669+0000] {spark_submit.py:490} INFO - 25/04/27 08:27:33 INFO SparkEnv: Registering BlockManagerMaster
[2025-04-27T08:27:33.685+0000] {spark_submit.py:490} INFO - 25/04/27 08:27:33 INFO BlockManagerMasterEndpoint: Using org.apache.spark.storage.DefaultTopologyMapper for getting topology information
[2025-04-27T08:27:33.686+0000] {spark_submit.py:490} INFO - 25/04/27 08:27:33 INFO BlockManagerMasterEndpoint: BlockManagerMasterEndpoint up
[2025-04-27T08:27:33.690+0000] {spark_submit.py:490} INFO - 25/04/27 08:27:33 INFO SparkEnv: Registering BlockManagerMasterHeartbeat
[2025-04-27T08:27:33.709+0000] {spark_submit.py:490} INFO - 25/04/27 08:27:33 INFO DiskBlockManager: Created local directory at /tmp/blockmgr-38ca4da6-4655-42cc-9ccf-94dd851e07c7
[2025-04-27T08:27:33.724+0000] {spark_submit.py:490} INFO - 25/04/27 08:27:33 INFO MemoryStore: MemoryStore started with capacity 434.4 MiB
[2025-04-27T08:27:33.738+0000] {spark_submit.py:490} INFO - 25/04/27 08:27:33 INFO SparkEnv: Registering OutputCommitCoordinator
[2025-04-27T08:27:33.908+0000] {spark_submit.py:490} INFO - 25/04/27 08:27:33 INFO Utils: Successfully started service 'SparkUI' on port 4040.
[2025-04-27T08:27:33.944+0000] {spark_submit.py:490} INFO - 25/04/27 08:27:33 INFO SparkContext: Added JAR file:///home/airflow/.ivy2/jars/org.postgresql_postgresql-42.6.0.jar at spark://c82426b22b9f:41983/jars/org.postgresql_postgresql-42.6.0.jar with timestamp 1745742453232
[2025-04-27T08:27:33.944+0000] {spark_submit.py:490} INFO - 25/04/27 08:27:33 INFO SparkContext: Added JAR file:///home/airflow/.ivy2/jars/ru.yandex.clickhouse_clickhouse-jdbc-0.3.2.jar at spark://c82426b22b9f:41983/jars/ru.yandex.clickhouse_clickhouse-jdbc-0.3.2.jar with timestamp 1745742453232
[2025-04-27T08:27:33.944+0000] {spark_submit.py:490} INFO - 25/04/27 08:27:33 INFO SparkContext: Added JAR file:///home/airflow/.ivy2/jars/org.checkerframework_checker-qual-3.31.0.jar at spark://c82426b22b9f:41983/jars/org.checkerframework_checker-qual-3.31.0.jar with timestamp 1745742453232
[2025-04-27T08:27:33.944+0000] {spark_submit.py:490} INFO - 25/04/27 08:27:33 INFO SparkContext: Added JAR file:///home/airflow/.ivy2/jars/com.clickhouse_clickhouse-http-client-0.3.2.jar at spark://c82426b22b9f:41983/jars/com.clickhouse_clickhouse-http-client-0.3.2.jar with timestamp 1745742453232
[2025-04-27T08:27:33.944+0000] {spark_submit.py:490} INFO - 25/04/27 08:27:33 INFO SparkContext: Added JAR file:///home/airflow/.ivy2/jars/com.google.code.gson_gson-2.8.8.jar at spark://c82426b22b9f:41983/jars/com.google.code.gson_gson-2.8.8.jar with timestamp 1745742453232
[2025-04-27T08:27:33.944+0000] {spark_submit.py:490} INFO - 25/04/27 08:27:33 INFO SparkContext: Added JAR file:///home/airflow/.ivy2/jars/org.apache.httpcomponents_httpclient-4.5.13.jar at spark://c82426b22b9f:41983/jars/org.apache.httpcomponents_httpclient-4.5.13.jar with timestamp 1745742453232
[2025-04-27T08:27:33.945+0000] {spark_submit.py:490} INFO - 25/04/27 08:27:33 INFO SparkContext: Added JAR file:///home/airflow/.ivy2/jars/org.apache.httpcomponents_httpmime-4.5.13.jar at spark://c82426b22b9f:41983/jars/org.apache.httpcomponents_httpmime-4.5.13.jar with timestamp 1745742453232
[2025-04-27T08:27:33.945+0000] {spark_submit.py:490} INFO - 25/04/27 08:27:33 INFO SparkContext: Added JAR file:///home/airflow/.ivy2/jars/org.lz4_lz4-java-1.8.0.jar at spark://c82426b22b9f:41983/jars/org.lz4_lz4-java-1.8.0.jar with timestamp 1745742453232
[2025-04-27T08:27:33.945+0000] {spark_submit.py:490} INFO - 25/04/27 08:27:33 INFO SparkContext: Added JAR file:///home/airflow/.ivy2/jars/com.clickhouse_clickhouse-client-0.3.2.jar at spark://c82426b22b9f:41983/jars/com.clickhouse_clickhouse-client-0.3.2.jar with timestamp 1745742453232
[2025-04-27T08:27:33.945+0000] {spark_submit.py:490} INFO - 25/04/27 08:27:33 INFO SparkContext: Added JAR file:///home/airflow/.ivy2/jars/org.apache.httpcomponents_httpcore-4.4.13.jar at spark://c82426b22b9f:41983/jars/org.apache.httpcomponents_httpcore-4.4.13.jar with timestamp 1745742453232
[2025-04-27T08:27:33.945+0000] {spark_submit.py:490} INFO - 25/04/27 08:27:33 INFO SparkContext: Added JAR file:///home/airflow/.ivy2/jars/commons-logging_commons-logging-1.2.jar at spark://c82426b22b9f:41983/jars/commons-logging_commons-logging-1.2.jar with timestamp 1745742453232
[2025-04-27T08:27:33.945+0000] {spark_submit.py:490} INFO - 25/04/27 08:27:33 INFO SparkContext: Added JAR file:///home/airflow/.ivy2/jars/commons-codec_commons-codec-1.11.jar at spark://c82426b22b9f:41983/jars/commons-codec_commons-codec-1.11.jar with timestamp 1745742453232
[2025-04-27T08:27:33.948+0000] {spark_submit.py:490} INFO - 25/04/27 08:27:33 INFO SparkContext: Added file file:///home/airflow/.ivy2/jars/org.postgresql_postgresql-42.6.0.jar at spark://c82426b22b9f:41983/files/org.postgresql_postgresql-42.6.0.jar with timestamp 1745742453232
[2025-04-27T08:27:33.950+0000] {spark_submit.py:490} INFO - 25/04/27 08:27:33 INFO Utils: Copying /home/airflow/.ivy2/jars/org.postgresql_postgresql-42.6.0.jar to /tmp/spark-b6d05efb-7579-4a96-bf3c-9c50d45d86df/userFiles-74381c71-6a43-4e6d-b2a2-88f244db2de3/org.postgresql_postgresql-42.6.0.jar
[2025-04-27T08:27:33.962+0000] {spark_submit.py:490} INFO - 25/04/27 08:27:33 INFO SparkContext: Added file file:///home/airflow/.ivy2/jars/ru.yandex.clickhouse_clickhouse-jdbc-0.3.2.jar at spark://c82426b22b9f:41983/files/ru.yandex.clickhouse_clickhouse-jdbc-0.3.2.jar with timestamp 1745742453232
[2025-04-27T08:27:33.962+0000] {spark_submit.py:490} INFO - 25/04/27 08:27:33 INFO Utils: Copying /home/airflow/.ivy2/jars/ru.yandex.clickhouse_clickhouse-jdbc-0.3.2.jar to /tmp/spark-b6d05efb-7579-4a96-bf3c-9c50d45d86df/userFiles-74381c71-6a43-4e6d-b2a2-88f244db2de3/ru.yandex.clickhouse_clickhouse-jdbc-0.3.2.jar
[2025-04-27T08:27:33.966+0000] {spark_submit.py:490} INFO - 25/04/27 08:27:33 INFO SparkContext: Added file file:///home/airflow/.ivy2/jars/org.checkerframework_checker-qual-3.31.0.jar at spark://c82426b22b9f:41983/files/org.checkerframework_checker-qual-3.31.0.jar with timestamp 1745742453232
[2025-04-27T08:27:33.966+0000] {spark_submit.py:490} INFO - 25/04/27 08:27:33 INFO Utils: Copying /home/airflow/.ivy2/jars/org.checkerframework_checker-qual-3.31.0.jar to /tmp/spark-b6d05efb-7579-4a96-bf3c-9c50d45d86df/userFiles-74381c71-6a43-4e6d-b2a2-88f244db2de3/org.checkerframework_checker-qual-3.31.0.jar
[2025-04-27T08:27:33.969+0000] {spark_submit.py:490} INFO - 25/04/27 08:27:33 INFO SparkContext: Added file file:///home/airflow/.ivy2/jars/com.clickhouse_clickhouse-http-client-0.3.2.jar at spark://c82426b22b9f:41983/files/com.clickhouse_clickhouse-http-client-0.3.2.jar with timestamp 1745742453232
[2025-04-27T08:27:33.970+0000] {spark_submit.py:490} INFO - 25/04/27 08:27:33 INFO Utils: Copying /home/airflow/.ivy2/jars/com.clickhouse_clickhouse-http-client-0.3.2.jar to /tmp/spark-b6d05efb-7579-4a96-bf3c-9c50d45d86df/userFiles-74381c71-6a43-4e6d-b2a2-88f244db2de3/com.clickhouse_clickhouse-http-client-0.3.2.jar
[2025-04-27T08:27:33.973+0000] {spark_submit.py:490} INFO - 25/04/27 08:27:33 INFO SparkContext: Added file file:///home/airflow/.ivy2/jars/com.google.code.gson_gson-2.8.8.jar at spark://c82426b22b9f:41983/files/com.google.code.gson_gson-2.8.8.jar with timestamp 1745742453232
[2025-04-27T08:27:33.974+0000] {spark_submit.py:490} INFO - 25/04/27 08:27:33 INFO Utils: Copying /home/airflow/.ivy2/jars/com.google.code.gson_gson-2.8.8.jar to /tmp/spark-b6d05efb-7579-4a96-bf3c-9c50d45d86df/userFiles-74381c71-6a43-4e6d-b2a2-88f244db2de3/com.google.code.gson_gson-2.8.8.jar
[2025-04-27T08:27:33.977+0000] {spark_submit.py:490} INFO - 25/04/27 08:27:33 INFO SparkContext: Added file file:///home/airflow/.ivy2/jars/org.apache.httpcomponents_httpclient-4.5.13.jar at spark://c82426b22b9f:41983/files/org.apache.httpcomponents_httpclient-4.5.13.jar with timestamp 1745742453232
[2025-04-27T08:27:33.977+0000] {spark_submit.py:490} INFO - 25/04/27 08:27:33 INFO Utils: Copying /home/airflow/.ivy2/jars/org.apache.httpcomponents_httpclient-4.5.13.jar to /tmp/spark-b6d05efb-7579-4a96-bf3c-9c50d45d86df/userFiles-74381c71-6a43-4e6d-b2a2-88f244db2de3/org.apache.httpcomponents_httpclient-4.5.13.jar
[2025-04-27T08:27:33.981+0000] {spark_submit.py:490} INFO - 25/04/27 08:27:33 INFO SparkContext: Added file file:///home/airflow/.ivy2/jars/org.apache.httpcomponents_httpmime-4.5.13.jar at spark://c82426b22b9f:41983/files/org.apache.httpcomponents_httpmime-4.5.13.jar with timestamp 1745742453232
[2025-04-27T08:27:33.981+0000] {spark_submit.py:490} INFO - 25/04/27 08:27:33 INFO Utils: Copying /home/airflow/.ivy2/jars/org.apache.httpcomponents_httpmime-4.5.13.jar to /tmp/spark-b6d05efb-7579-4a96-bf3c-9c50d45d86df/userFiles-74381c71-6a43-4e6d-b2a2-88f244db2de3/org.apache.httpcomponents_httpmime-4.5.13.jar
[2025-04-27T08:27:33.984+0000] {spark_submit.py:490} INFO - 25/04/27 08:27:33 INFO SparkContext: Added file file:///home/airflow/.ivy2/jars/org.lz4_lz4-java-1.8.0.jar at spark://c82426b22b9f:41983/files/org.lz4_lz4-java-1.8.0.jar with timestamp 1745742453232
[2025-04-27T08:27:33.984+0000] {spark_submit.py:490} INFO - 25/04/27 08:27:33 INFO Utils: Copying /home/airflow/.ivy2/jars/org.lz4_lz4-java-1.8.0.jar to /tmp/spark-b6d05efb-7579-4a96-bf3c-9c50d45d86df/userFiles-74381c71-6a43-4e6d-b2a2-88f244db2de3/org.lz4_lz4-java-1.8.0.jar
[2025-04-27T08:27:33.987+0000] {spark_submit.py:490} INFO - 25/04/27 08:27:33 INFO SparkContext: Added file file:///home/airflow/.ivy2/jars/com.clickhouse_clickhouse-client-0.3.2.jar at spark://c82426b22b9f:41983/files/com.clickhouse_clickhouse-client-0.3.2.jar with timestamp 1745742453232
[2025-04-27T08:27:33.987+0000] {spark_submit.py:490} INFO - 25/04/27 08:27:33 INFO Utils: Copying /home/airflow/.ivy2/jars/com.clickhouse_clickhouse-client-0.3.2.jar to /tmp/spark-b6d05efb-7579-4a96-bf3c-9c50d45d86df/userFiles-74381c71-6a43-4e6d-b2a2-88f244db2de3/com.clickhouse_clickhouse-client-0.3.2.jar
[2025-04-27T08:27:33.992+0000] {spark_submit.py:490} INFO - 25/04/27 08:27:33 INFO SparkContext: Added file file:///home/airflow/.ivy2/jars/org.apache.httpcomponents_httpcore-4.4.13.jar at spark://c82426b22b9f:41983/files/org.apache.httpcomponents_httpcore-4.4.13.jar with timestamp 1745742453232
[2025-04-27T08:27:33.992+0000] {spark_submit.py:490} INFO - 25/04/27 08:27:33 INFO Utils: Copying /home/airflow/.ivy2/jars/org.apache.httpcomponents_httpcore-4.4.13.jar to /tmp/spark-b6d05efb-7579-4a96-bf3c-9c50d45d86df/userFiles-74381c71-6a43-4e6d-b2a2-88f244db2de3/org.apache.httpcomponents_httpcore-4.4.13.jar
[2025-04-27T08:27:33.995+0000] {spark_submit.py:490} INFO - 25/04/27 08:27:33 INFO SparkContext: Added file file:///home/airflow/.ivy2/jars/commons-logging_commons-logging-1.2.jar at spark://c82426b22b9f:41983/files/commons-logging_commons-logging-1.2.jar with timestamp 1745742453232
[2025-04-27T08:27:33.996+0000] {spark_submit.py:490} INFO - 25/04/27 08:27:33 INFO Utils: Copying /home/airflow/.ivy2/jars/commons-logging_commons-logging-1.2.jar to /tmp/spark-b6d05efb-7579-4a96-bf3c-9c50d45d86df/userFiles-74381c71-6a43-4e6d-b2a2-88f244db2de3/commons-logging_commons-logging-1.2.jar
[2025-04-27T08:27:33.998+0000] {spark_submit.py:490} INFO - 25/04/27 08:27:33 INFO SparkContext: Added file file:///home/airflow/.ivy2/jars/commons-codec_commons-codec-1.11.jar at spark://c82426b22b9f:41983/files/commons-codec_commons-codec-1.11.jar with timestamp 1745742453232
[2025-04-27T08:27:33.998+0000] {spark_submit.py:490} INFO - 25/04/27 08:27:33 INFO Utils: Copying /home/airflow/.ivy2/jars/commons-codec_commons-codec-1.11.jar to /tmp/spark-b6d05efb-7579-4a96-bf3c-9c50d45d86df/userFiles-74381c71-6a43-4e6d-b2a2-88f244db2de3/commons-codec_commons-codec-1.11.jar
[2025-04-27T08:27:34.086+0000] {spark_submit.py:490} INFO - 25/04/27 08:27:34 INFO StandaloneAppClient$ClientEndpoint: Connecting to master spark://spark-master:7077...
[2025-04-27T08:27:34.121+0000] {spark_submit.py:490} INFO - 25/04/27 08:27:34 INFO TransportClientFactory: Successfully created connection to spark-master/172.18.0.2:7077 after 20 ms (0 ms spent in bootstraps)
[2025-04-27T08:27:34.189+0000] {spark_submit.py:490} INFO - 25/04/27 08:27:34 INFO StandaloneSchedulerBackend: Connected to Spark cluster with app ID app-20250427082734-0011
[2025-04-27T08:27:34.194+0000] {spark_submit.py:490} INFO - 25/04/27 08:27:34 INFO Utils: Successfully started service 'org.apache.spark.network.netty.NettyBlockTransferService' on port 38113.
[2025-04-27T08:27:34.194+0000] {spark_submit.py:490} INFO - 25/04/27 08:27:34 INFO NettyBlockTransferService: Server created on c82426b22b9f:38113
[2025-04-27T08:27:34.196+0000] {spark_submit.py:490} INFO - 25/04/27 08:27:34 INFO BlockManager: Using org.apache.spark.storage.RandomBlockReplicationPolicy for block replication policy
[2025-04-27T08:27:34.201+0000] {spark_submit.py:490} INFO - 25/04/27 08:27:34 INFO BlockManagerMaster: Registering BlockManager BlockManagerId(driver, c82426b22b9f, 38113, None)
[2025-04-27T08:27:34.203+0000] {spark_submit.py:490} INFO - 25/04/27 08:27:34 INFO BlockManagerMasterEndpoint: Registering block manager c82426b22b9f:38113 with 434.4 MiB RAM, BlockManagerId(driver, c82426b22b9f, 38113, None)
[2025-04-27T08:27:34.205+0000] {spark_submit.py:490} INFO - 25/04/27 08:27:34 INFO BlockManagerMaster: Registered BlockManager BlockManagerId(driver, c82426b22b9f, 38113, None)
[2025-04-27T08:27:34.207+0000] {spark_submit.py:490} INFO - 25/04/27 08:27:34 INFO BlockManager: Initialized BlockManager: BlockManagerId(driver, c82426b22b9f, 38113, None)
[2025-04-27T08:27:34.353+0000] {spark_submit.py:490} INFO - 25/04/27 08:27:34 INFO StandaloneSchedulerBackend: SchedulerBackend is ready for scheduling beginning after reached minRegisteredResourcesRatio: 0.0
[2025-04-27T08:27:34.505+0000] {spark_submit.py:490} INFO - 25/04/27 08:27:34 INFO SharedState: Setting hive.metastore.warehouse.dir ('null') to the value of spark.sql.warehouse.dir.
[2025-04-27T08:27:34.508+0000] {spark_submit.py:490} INFO - 25/04/27 08:27:34 INFO SharedState: Warehouse path is 'file:/opt/airflow/spark-warehouse'.
[2025-04-27T08:27:37.707+0000] {spark_submit.py:490} INFO - 25/04/27 08:27:37 INFO CodeGenerator: Code generated in 91.837096 ms
[2025-04-27T08:27:37.771+0000] {spark_submit.py:490} INFO - 25/04/27 08:27:37 INFO DAGScheduler: Registering RDD 3 (jdbc at NativeMethodAccessorImpl.java:0) as input to shuffle 0
[2025-04-27T08:27:37.776+0000] {spark_submit.py:490} INFO - 25/04/27 08:27:37 INFO DAGScheduler: Got map stage job 0 (jdbc at NativeMethodAccessorImpl.java:0) with 1 output partitions
[2025-04-27T08:27:37.776+0000] {spark_submit.py:490} INFO - 25/04/27 08:27:37 INFO DAGScheduler: Final stage: ShuffleMapStage 0 (jdbc at NativeMethodAccessorImpl.java:0)
[2025-04-27T08:27:37.777+0000] {spark_submit.py:490} INFO - 25/04/27 08:27:37 INFO DAGScheduler: Parents of final stage: List()
[2025-04-27T08:27:37.777+0000] {spark_submit.py:490} INFO - 25/04/27 08:27:37 INFO DAGScheduler: Missing parents: List()
[2025-04-27T08:27:37.780+0000] {spark_submit.py:490} INFO - 25/04/27 08:27:37 INFO DAGScheduler: Submitting ShuffleMapStage 0 (MapPartitionsRDD[3] at jdbc at NativeMethodAccessorImpl.java:0), which has no missing parents
[2025-04-27T08:27:37.906+0000] {spark_submit.py:490} INFO - 25/04/27 08:27:37 INFO MemoryStore: Block broadcast_0 stored as values in memory (estimated size 16.3 KiB, free 434.4 MiB)
[2025-04-27T08:27:37.943+0000] {spark_submit.py:490} INFO - 25/04/27 08:27:37 INFO MemoryStore: Block broadcast_0_piece0 stored as bytes in memory (estimated size 7.9 KiB, free 434.4 MiB)
[2025-04-27T08:27:37.946+0000] {spark_submit.py:490} INFO - 25/04/27 08:27:37 INFO BlockManagerInfo: Added broadcast_0_piece0 in memory on c82426b22b9f:38113 (size: 7.9 KiB, free: 434.4 MiB)
[2025-04-27T08:27:37.951+0000] {spark_submit.py:490} INFO - 25/04/27 08:27:37 INFO SparkContext: Created broadcast 0 from broadcast at DAGScheduler.scala:1513
[2025-04-27T08:27:37.964+0000] {spark_submit.py:490} INFO - 25/04/27 08:27:37 INFO DAGScheduler: Submitting 1 missing tasks from ShuffleMapStage 0 (MapPartitionsRDD[3] at jdbc at NativeMethodAccessorImpl.java:0) (first 15 tasks are for partitions Vector(0))
[2025-04-27T08:27:37.966+0000] {spark_submit.py:490} INFO - 25/04/27 08:27:37 INFO TaskSchedulerImpl: Adding task set 0.0 with 1 tasks resource profile 0
[2025-04-27T08:27:52.988+0000] {spark_submit.py:490} INFO - 25/04/27 08:27:52 WARN TaskSchedulerImpl: Initial job has not accepted any resources; check your cluster UI to ensure that workers are registered and have sufficient resources
[2025-04-27T08:28:08.010+0000] {spark_submit.py:490} INFO - 25/04/27 08:28:07 WARN TaskSchedulerImpl: Initial job has not accepted any resources; check your cluster UI to ensure that workers are registered and have sufficient resources
[2025-04-27T08:28:22.988+0000] {spark_submit.py:490} INFO - 25/04/27 08:28:22 WARN TaskSchedulerImpl: Initial job has not accepted any resources; check your cluster UI to ensure that workers are registered and have sufficient resources
[2025-04-27T08:28:37.987+0000] {spark_submit.py:490} INFO - 25/04/27 08:28:37 WARN TaskSchedulerImpl: Initial job has not accepted any resources; check your cluster UI to ensure that workers are registered and have sufficient resources
[2025-04-27T08:28:52.991+0000] {spark_submit.py:490} INFO - 25/04/27 08:28:52 WARN TaskSchedulerImpl: Initial job has not accepted any resources; check your cluster UI to ensure that workers are registered and have sufficient resources
[2025-04-27T08:28:56.447+0000] {local_task_job_runner.py:292} WARNING - State of this instance has been externally set to failed. Terminating instance.
[2025-04-27T08:28:56.451+0000] {process_utils.py:135} INFO - Sending Signals.SIGTERM to group 632. PIDs of all processes in the group: [633, 679, 632]
[2025-04-27T08:28:56.451+0000] {process_utils.py:86} INFO - Sending the signal Signals.SIGTERM to group 632
[2025-04-27T08:28:56.453+0000] {taskinstance.py:1517} ERROR - Received SIGTERM. Terminating subprocesses.
[2025-04-27T08:28:56.453+0000] {spark_submit.py:615} INFO - Sending kill signal to spark-submit
[2025-04-27T08:28:56.504+0000] {process_utils.py:79} INFO - Process psutil.Process(pid=633, status='terminated', started='08:27:30') (633) terminated with exit code None
[2025-04-27T08:28:56.504+0000] {process_utils.py:79} INFO - Process psutil.Process(pid=679, status='terminated', started='08:27:32') (679) terminated with exit code None
[2025-04-27T08:28:56.504+0000] {process_utils.py:79} INFO - Process psutil.Process(pid=632, status='terminated', exitcode=0, started='08:27:30') (632) terminated with exit code 0
