[2025-04-27T11:09:59.266+0000] {taskinstance.py:1103} INFO - Dependencies all met for dep_context=non-requeueable deps ti=<TaskInstance: transform.detect_suspicious manual__2025-04-27T11:09:48.374618+00:00 [queued]>
[2025-04-27T11:09:59.273+0000] {taskinstance.py:1103} INFO - Dependencies all met for dep_context=requeueable deps ti=<TaskInstance: transform.detect_suspicious manual__2025-04-27T11:09:48.374618+00:00 [queued]>
[2025-04-27T11:09:59.274+0000] {taskinstance.py:1308} INFO - Starting attempt 1 of 2
[2025-04-27T11:09:59.286+0000] {taskinstance.py:1327} INFO - Executing <Task(SparkSubmitOperator): detect_suspicious> on 2025-04-27 11:09:48.374618+00:00
[2025-04-27T11:09:59.290+0000] {standard_task_runner.py:57} INFO - Started process 6869 to run task
[2025-04-27T11:09:59.292+0000] {standard_task_runner.py:84} INFO - Running: ['airflow', 'tasks', 'run', 'transform', 'detect_suspicious', 'manual__2025-04-27T11:09:48.374618+00:00', '--job-id', '35', '--raw', '--subdir', 'DAGS_FOLDER/transform.py', '--cfg-path', '/tmp/tmpdtlxeags']
[2025-04-27T11:09:59.293+0000] {standard_task_runner.py:85} INFO - Job 35: Subtask detect_suspicious
[2025-04-27T11:09:59.336+0000] {task_command.py:410} INFO - Running <TaskInstance: transform.detect_suspicious manual__2025-04-27T11:09:48.374618+00:00 [running]> on host c82426b22b9f
[2025-04-27T11:09:59.492+0000] {taskinstance.py:1547} INFO - Exporting env vars: AIRFLOW_CTX_DAG_OWNER='finbest' AIRFLOW_CTX_DAG_ID='transform' AIRFLOW_CTX_TASK_ID='detect_suspicious' AIRFLOW_CTX_EXECUTION_DATE='2025-04-27T11:09:48.374618+00:00' AIRFLOW_CTX_TRY_NUMBER='1' AIRFLOW_CTX_DAG_RUN_ID='manual__2025-04-27T11:09:48.374618+00:00'
[2025-04-27T11:09:59.500+0000] {base.py:73} INFO - Using connection ID 'spark_default' for task execution.
[2025-04-27T11:09:59.501+0000] {spark_submit.py:339} INFO - Spark-Submit cmd: spark-submit --master spark://spark-master:7077 --packages org.postgresql:postgresql:42.6.0,ru.yandex.clickhouse:clickhouse-jdbc:0.3.2 --executor-cores 1 --executor-memory 1g --driver-memory 1g --name arrow-spark /opt/airflow/spark/detect_suspicious.py --jdbc jdbc:postgresql://postgres:5432/finbest --clickhouse-url jdbc:clickhouse://clickhouse:8123/finbest
[2025-04-27T11:10:01.243+0000] {spark_submit.py:490} INFO - :: loading settings :: url = jar:file:/opt/spark/jars/ivy-2.5.0.jar!/org/apache/ivy/core/settings/ivysettings.xml
[2025-04-27T11:10:01.341+0000] {spark_submit.py:490} INFO - Ivy Default Cache set to: /home/airflow/.ivy2/cache
[2025-04-27T11:10:01.341+0000] {spark_submit.py:490} INFO - The jars for the packages stored in: /home/airflow/.ivy2/jars
[2025-04-27T11:10:01.345+0000] {spark_submit.py:490} INFO - org.postgresql#postgresql added as a dependency
[2025-04-27T11:10:01.346+0000] {spark_submit.py:490} INFO - ru.yandex.clickhouse#clickhouse-jdbc added as a dependency
[2025-04-27T11:10:01.346+0000] {spark_submit.py:490} INFO - :: resolving dependencies :: org.apache.spark#spark-submit-parent-78c8cadf-8efa-4911-9373-c74830cb1fce;1.0
[2025-04-27T11:10:01.346+0000] {spark_submit.py:490} INFO - confs: [default]
[2025-04-27T11:10:01.430+0000] {spark_submit.py:490} INFO - found org.postgresql#postgresql;42.6.0 in central
[2025-04-27T11:10:01.445+0000] {spark_submit.py:490} INFO - found org.checkerframework#checker-qual;3.31.0 in central
[2025-04-27T11:10:01.459+0000] {spark_submit.py:490} INFO - found ru.yandex.clickhouse#clickhouse-jdbc;0.3.2 in central
[2025-04-27T11:10:01.477+0000] {spark_submit.py:490} INFO - found com.clickhouse#clickhouse-http-client;0.3.2 in central
[2025-04-27T11:10:01.498+0000] {spark_submit.py:490} INFO - found com.clickhouse#clickhouse-client;0.3.2 in central
[2025-04-27T11:10:01.515+0000] {spark_submit.py:490} INFO - found org.lz4#lz4-java;1.8.0 in central
[2025-04-27T11:10:01.530+0000] {spark_submit.py:490} INFO - found com.google.code.gson#gson;2.8.8 in central
[2025-04-27T11:10:01.548+0000] {spark_submit.py:490} INFO - found org.apache.httpcomponents#httpclient;4.5.13 in central
[2025-04-27T11:10:01.561+0000] {spark_submit.py:490} INFO - found org.apache.httpcomponents#httpcore;4.4.13 in central
[2025-04-27T11:10:01.575+0000] {spark_submit.py:490} INFO - found commons-logging#commons-logging;1.2 in central
[2025-04-27T11:10:01.588+0000] {spark_submit.py:490} INFO - found commons-codec#commons-codec;1.11 in central
[2025-04-27T11:10:01.602+0000] {spark_submit.py:490} INFO - found org.apache.httpcomponents#httpmime;4.5.13 in central
[2025-04-27T11:10:01.624+0000] {spark_submit.py:490} INFO - :: resolution report :: resolve 268ms :: artifacts dl 10ms
[2025-04-27T11:10:01.625+0000] {spark_submit.py:490} INFO - :: modules in use:
[2025-04-27T11:10:01.625+0000] {spark_submit.py:490} INFO - com.clickhouse#clickhouse-client;0.3.2 from central in [default]
[2025-04-27T11:10:01.625+0000] {spark_submit.py:490} INFO - com.clickhouse#clickhouse-http-client;0.3.2 from central in [default]
[2025-04-27T11:10:01.625+0000] {spark_submit.py:490} INFO - com.google.code.gson#gson;2.8.8 from central in [default]
[2025-04-27T11:10:01.626+0000] {spark_submit.py:490} INFO - commons-codec#commons-codec;1.11 from central in [default]
[2025-04-27T11:10:01.626+0000] {spark_submit.py:490} INFO - commons-logging#commons-logging;1.2 from central in [default]
[2025-04-27T11:10:01.626+0000] {spark_submit.py:490} INFO - org.apache.httpcomponents#httpclient;4.5.13 from central in [default]
[2025-04-27T11:10:01.626+0000] {spark_submit.py:490} INFO - org.apache.httpcomponents#httpcore;4.4.13 from central in [default]
[2025-04-27T11:10:01.626+0000] {spark_submit.py:490} INFO - org.apache.httpcomponents#httpmime;4.5.13 from central in [default]
[2025-04-27T11:10:01.626+0000] {spark_submit.py:490} INFO - org.checkerframework#checker-qual;3.31.0 from central in [default]
[2025-04-27T11:10:01.626+0000] {spark_submit.py:490} INFO - org.lz4#lz4-java;1.8.0 from central in [default]
[2025-04-27T11:10:01.626+0000] {spark_submit.py:490} INFO - org.postgresql#postgresql;42.6.0 from central in [default]
[2025-04-27T11:10:01.626+0000] {spark_submit.py:490} INFO - ru.yandex.clickhouse#clickhouse-jdbc;0.3.2 from central in [default]
[2025-04-27T11:10:01.626+0000] {spark_submit.py:490} INFO - ---------------------------------------------------------------------
[2025-04-27T11:10:01.626+0000] {spark_submit.py:490} INFO - |                  |            modules            ||   artifacts   |
[2025-04-27T11:10:01.626+0000] {spark_submit.py:490} INFO - |       conf       | number| search|dwnlded|evicted|| number|dwnlded|
[2025-04-27T11:10:01.626+0000] {spark_submit.py:490} INFO - ---------------------------------------------------------------------
[2025-04-27T11:10:01.627+0000] {spark_submit.py:490} INFO - |      default     |   12  |   0   |   0   |   0   ||   12  |   0   |
[2025-04-27T11:10:01.627+0000] {spark_submit.py:490} INFO - ---------------------------------------------------------------------
[2025-04-27T11:10:01.632+0000] {spark_submit.py:490} INFO - :: retrieving :: org.apache.spark#spark-submit-parent-78c8cadf-8efa-4911-9373-c74830cb1fce
[2025-04-27T11:10:01.632+0000] {spark_submit.py:490} INFO - confs: [default]
[2025-04-27T11:10:01.640+0000] {spark_submit.py:490} INFO - 0 artifacts copied, 12 already retrieved (0kB/8ms)
[2025-04-27T11:10:01.861+0000] {spark_submit.py:490} INFO - 25/04/27 11:10:01 WARN NativeCodeLoader: Unable to load native-hadoop library for your platform... using builtin-java classes where applicable
[2025-04-27T11:10:02.792+0000] {spark_submit.py:490} INFO - 25/04/27 11:10:02 INFO SparkContext: Running Spark version 3.3.0
[2025-04-27T11:10:02.816+0000] {spark_submit.py:490} INFO - 25/04/27 11:10:02 INFO ResourceUtils: ==============================================================
[2025-04-27T11:10:02.817+0000] {spark_submit.py:490} INFO - 25/04/27 11:10:02 INFO ResourceUtils: No custom resources configured for spark.driver.
[2025-04-27T11:10:02.817+0000] {spark_submit.py:490} INFO - 25/04/27 11:10:02 INFO ResourceUtils: ==============================================================
[2025-04-27T11:10:02.817+0000] {spark_submit.py:490} INFO - 25/04/27 11:10:02 INFO SparkContext: Submitted application: FinBestDetect
[2025-04-27T11:10:02.840+0000] {spark_submit.py:490} INFO - 25/04/27 11:10:02 INFO ResourceProfile: Default ResourceProfile created, executor resources: Map(cores -> name: cores, amount: 1, script: , vendor: , memory -> name: memory, amount: 1024, script: , vendor: , offHeap -> name: offHeap, amount: 0, script: , vendor: ), task resources: Map(cpus -> name: cpus, amount: 1.0)
[2025-04-27T11:10:02.851+0000] {spark_submit.py:490} INFO - 25/04/27 11:10:02 INFO ResourceProfile: Limiting resource is cpus at 1 tasks per executor
[2025-04-27T11:10:02.852+0000] {spark_submit.py:490} INFO - 25/04/27 11:10:02 INFO ResourceProfileManager: Added ResourceProfile id: 0
[2025-04-27T11:10:02.907+0000] {spark_submit.py:490} INFO - 25/04/27 11:10:02 INFO SecurityManager: Changing view acls to: airflow
[2025-04-27T11:10:02.907+0000] {spark_submit.py:490} INFO - 25/04/27 11:10:02 INFO SecurityManager: Changing modify acls to: airflow
[2025-04-27T11:10:02.908+0000] {spark_submit.py:490} INFO - 25/04/27 11:10:02 INFO SecurityManager: Changing view acls groups to:
[2025-04-27T11:10:02.908+0000] {spark_submit.py:490} INFO - 25/04/27 11:10:02 INFO SecurityManager: Changing modify acls groups to:
[2025-04-27T11:10:02.908+0000] {spark_submit.py:490} INFO - 25/04/27 11:10:02 INFO SecurityManager: SecurityManager: authentication disabled; ui acls disabled; users  with view permissions: Set(airflow); groups with view permissions: Set(); users  with modify permissions: Set(airflow); groups with modify permissions: Set()
[2025-04-27T11:10:03.158+0000] {spark_submit.py:490} INFO - 25/04/27 11:10:03 INFO Utils: Successfully started service 'sparkDriver' on port 46873.
[2025-04-27T11:10:03.226+0000] {spark_submit.py:490} INFO - 25/04/27 11:10:03 INFO SparkEnv: Registering MapOutputTracker
[2025-04-27T11:10:03.294+0000] {spark_submit.py:490} INFO - 25/04/27 11:10:03 INFO SparkEnv: Registering BlockManagerMaster
[2025-04-27T11:10:03.319+0000] {spark_submit.py:490} INFO - 25/04/27 11:10:03 INFO BlockManagerMasterEndpoint: Using org.apache.spark.storage.DefaultTopologyMapper for getting topology information
[2025-04-27T11:10:03.319+0000] {spark_submit.py:490} INFO - 25/04/27 11:10:03 INFO BlockManagerMasterEndpoint: BlockManagerMasterEndpoint up
[2025-04-27T11:10:03.324+0000] {spark_submit.py:490} INFO - 25/04/27 11:10:03 INFO SparkEnv: Registering BlockManagerMasterHeartbeat
[2025-04-27T11:10:03.354+0000] {spark_submit.py:490} INFO - 25/04/27 11:10:03 INFO DiskBlockManager: Created local directory at /tmp/blockmgr-d6559f8f-9c2b-4167-9e67-2ad9f43cdcb3
[2025-04-27T11:10:03.372+0000] {spark_submit.py:490} INFO - 25/04/27 11:10:03 INFO MemoryStore: MemoryStore started with capacity 434.4 MiB
[2025-04-27T11:10:03.390+0000] {spark_submit.py:490} INFO - 25/04/27 11:10:03 INFO SparkEnv: Registering OutputCommitCoordinator
[2025-04-27T11:10:03.623+0000] {spark_submit.py:490} INFO - 25/04/27 11:10:03 INFO Utils: Successfully started service 'SparkUI' on port 4040.
[2025-04-27T11:10:03.660+0000] {spark_submit.py:490} INFO - 25/04/27 11:10:03 INFO SparkContext: Added JAR file:///home/airflow/.ivy2/jars/org.postgresql_postgresql-42.6.0.jar at spark://c82426b22b9f:46873/jars/org.postgresql_postgresql-42.6.0.jar with timestamp 1745752202782
[2025-04-27T11:10:03.660+0000] {spark_submit.py:490} INFO - 25/04/27 11:10:03 INFO SparkContext: Added JAR file:///home/airflow/.ivy2/jars/ru.yandex.clickhouse_clickhouse-jdbc-0.3.2.jar at spark://c82426b22b9f:46873/jars/ru.yandex.clickhouse_clickhouse-jdbc-0.3.2.jar with timestamp 1745752202782
[2025-04-27T11:10:03.660+0000] {spark_submit.py:490} INFO - 25/04/27 11:10:03 INFO SparkContext: Added JAR file:///home/airflow/.ivy2/jars/org.checkerframework_checker-qual-3.31.0.jar at spark://c82426b22b9f:46873/jars/org.checkerframework_checker-qual-3.31.0.jar with timestamp 1745752202782
[2025-04-27T11:10:03.661+0000] {spark_submit.py:490} INFO - 25/04/27 11:10:03 INFO SparkContext: Added JAR file:///home/airflow/.ivy2/jars/com.clickhouse_clickhouse-http-client-0.3.2.jar at spark://c82426b22b9f:46873/jars/com.clickhouse_clickhouse-http-client-0.3.2.jar with timestamp 1745752202782
[2025-04-27T11:10:03.661+0000] {spark_submit.py:490} INFO - 25/04/27 11:10:03 INFO SparkContext: Added JAR file:///home/airflow/.ivy2/jars/com.google.code.gson_gson-2.8.8.jar at spark://c82426b22b9f:46873/jars/com.google.code.gson_gson-2.8.8.jar with timestamp 1745752202782
[2025-04-27T11:10:03.661+0000] {spark_submit.py:490} INFO - 25/04/27 11:10:03 INFO SparkContext: Added JAR file:///home/airflow/.ivy2/jars/org.apache.httpcomponents_httpclient-4.5.13.jar at spark://c82426b22b9f:46873/jars/org.apache.httpcomponents_httpclient-4.5.13.jar with timestamp 1745752202782
[2025-04-27T11:10:03.661+0000] {spark_submit.py:490} INFO - 25/04/27 11:10:03 INFO SparkContext: Added JAR file:///home/airflow/.ivy2/jars/org.apache.httpcomponents_httpmime-4.5.13.jar at spark://c82426b22b9f:46873/jars/org.apache.httpcomponents_httpmime-4.5.13.jar with timestamp 1745752202782
[2025-04-27T11:10:03.661+0000] {spark_submit.py:490} INFO - 25/04/27 11:10:03 INFO SparkContext: Added JAR file:///home/airflow/.ivy2/jars/org.lz4_lz4-java-1.8.0.jar at spark://c82426b22b9f:46873/jars/org.lz4_lz4-java-1.8.0.jar with timestamp 1745752202782
[2025-04-27T11:10:03.661+0000] {spark_submit.py:490} INFO - 25/04/27 11:10:03 INFO SparkContext: Added JAR file:///home/airflow/.ivy2/jars/com.clickhouse_clickhouse-client-0.3.2.jar at spark://c82426b22b9f:46873/jars/com.clickhouse_clickhouse-client-0.3.2.jar with timestamp 1745752202782
[2025-04-27T11:10:03.661+0000] {spark_submit.py:490} INFO - 25/04/27 11:10:03 INFO SparkContext: Added JAR file:///home/airflow/.ivy2/jars/org.apache.httpcomponents_httpcore-4.4.13.jar at spark://c82426b22b9f:46873/jars/org.apache.httpcomponents_httpcore-4.4.13.jar with timestamp 1745752202782
[2025-04-27T11:10:03.662+0000] {spark_submit.py:490} INFO - 25/04/27 11:10:03 INFO SparkContext: Added JAR file:///home/airflow/.ivy2/jars/commons-logging_commons-logging-1.2.jar at spark://c82426b22b9f:46873/jars/commons-logging_commons-logging-1.2.jar with timestamp 1745752202782
[2025-04-27T11:10:03.662+0000] {spark_submit.py:490} INFO - 25/04/27 11:10:03 INFO SparkContext: Added JAR file:///home/airflow/.ivy2/jars/commons-codec_commons-codec-1.11.jar at spark://c82426b22b9f:46873/jars/commons-codec_commons-codec-1.11.jar with timestamp 1745752202782
[2025-04-27T11:10:03.664+0000] {spark_submit.py:490} INFO - 25/04/27 11:10:03 INFO SparkContext: Added file file:///home/airflow/.ivy2/jars/org.postgresql_postgresql-42.6.0.jar at spark://c82426b22b9f:46873/files/org.postgresql_postgresql-42.6.0.jar with timestamp 1745752202782
[2025-04-27T11:10:03.666+0000] {spark_submit.py:490} INFO - 25/04/27 11:10:03 INFO Utils: Copying /home/airflow/.ivy2/jars/org.postgresql_postgresql-42.6.0.jar to /tmp/spark-1dae9775-4f8d-4985-9d26-e874c7009824/userFiles-cce62b1b-18ec-44aa-a247-c02d1089d6ca/org.postgresql_postgresql-42.6.0.jar
[2025-04-27T11:10:03.699+0000] {spark_submit.py:490} INFO - 25/04/27 11:10:03 INFO SparkContext: Added file file:///home/airflow/.ivy2/jars/ru.yandex.clickhouse_clickhouse-jdbc-0.3.2.jar at spark://c82426b22b9f:46873/files/ru.yandex.clickhouse_clickhouse-jdbc-0.3.2.jar with timestamp 1745752202782
[2025-04-27T11:10:03.699+0000] {spark_submit.py:490} INFO - 25/04/27 11:10:03 INFO Utils: Copying /home/airflow/.ivy2/jars/ru.yandex.clickhouse_clickhouse-jdbc-0.3.2.jar to /tmp/spark-1dae9775-4f8d-4985-9d26-e874c7009824/userFiles-cce62b1b-18ec-44aa-a247-c02d1089d6ca/ru.yandex.clickhouse_clickhouse-jdbc-0.3.2.jar
[2025-04-27T11:10:03.705+0000] {spark_submit.py:490} INFO - 25/04/27 11:10:03 INFO SparkContext: Added file file:///home/airflow/.ivy2/jars/org.checkerframework_checker-qual-3.31.0.jar at spark://c82426b22b9f:46873/files/org.checkerframework_checker-qual-3.31.0.jar with timestamp 1745752202782
[2025-04-27T11:10:03.705+0000] {spark_submit.py:490} INFO - 25/04/27 11:10:03 INFO Utils: Copying /home/airflow/.ivy2/jars/org.checkerframework_checker-qual-3.31.0.jar to /tmp/spark-1dae9775-4f8d-4985-9d26-e874c7009824/userFiles-cce62b1b-18ec-44aa-a247-c02d1089d6ca/org.checkerframework_checker-qual-3.31.0.jar
[2025-04-27T11:10:03.710+0000] {spark_submit.py:490} INFO - 25/04/27 11:10:03 INFO SparkContext: Added file file:///home/airflow/.ivy2/jars/com.clickhouse_clickhouse-http-client-0.3.2.jar at spark://c82426b22b9f:46873/files/com.clickhouse_clickhouse-http-client-0.3.2.jar with timestamp 1745752202782
[2025-04-27T11:10:03.710+0000] {spark_submit.py:490} INFO - 25/04/27 11:10:03 INFO Utils: Copying /home/airflow/.ivy2/jars/com.clickhouse_clickhouse-http-client-0.3.2.jar to /tmp/spark-1dae9775-4f8d-4985-9d26-e874c7009824/userFiles-cce62b1b-18ec-44aa-a247-c02d1089d6ca/com.clickhouse_clickhouse-http-client-0.3.2.jar
[2025-04-27T11:10:03.715+0000] {spark_submit.py:490} INFO - 25/04/27 11:10:03 INFO SparkContext: Added file file:///home/airflow/.ivy2/jars/com.google.code.gson_gson-2.8.8.jar at spark://c82426b22b9f:46873/files/com.google.code.gson_gson-2.8.8.jar with timestamp 1745752202782
[2025-04-27T11:10:03.715+0000] {spark_submit.py:490} INFO - 25/04/27 11:10:03 INFO Utils: Copying /home/airflow/.ivy2/jars/com.google.code.gson_gson-2.8.8.jar to /tmp/spark-1dae9775-4f8d-4985-9d26-e874c7009824/userFiles-cce62b1b-18ec-44aa-a247-c02d1089d6ca/com.google.code.gson_gson-2.8.8.jar
[2025-04-27T11:10:03.719+0000] {spark_submit.py:490} INFO - 25/04/27 11:10:03 INFO SparkContext: Added file file:///home/airflow/.ivy2/jars/org.apache.httpcomponents_httpclient-4.5.13.jar at spark://c82426b22b9f:46873/files/org.apache.httpcomponents_httpclient-4.5.13.jar with timestamp 1745752202782
[2025-04-27T11:10:03.719+0000] {spark_submit.py:490} INFO - 25/04/27 11:10:03 INFO Utils: Copying /home/airflow/.ivy2/jars/org.apache.httpcomponents_httpclient-4.5.13.jar to /tmp/spark-1dae9775-4f8d-4985-9d26-e874c7009824/userFiles-cce62b1b-18ec-44aa-a247-c02d1089d6ca/org.apache.httpcomponents_httpclient-4.5.13.jar
[2025-04-27T11:10:03.726+0000] {spark_submit.py:490} INFO - 25/04/27 11:10:03 INFO SparkContext: Added file file:///home/airflow/.ivy2/jars/org.apache.httpcomponents_httpmime-4.5.13.jar at spark://c82426b22b9f:46873/files/org.apache.httpcomponents_httpmime-4.5.13.jar with timestamp 1745752202782
[2025-04-27T11:10:03.726+0000] {spark_submit.py:490} INFO - 25/04/27 11:10:03 INFO Utils: Copying /home/airflow/.ivy2/jars/org.apache.httpcomponents_httpmime-4.5.13.jar to /tmp/spark-1dae9775-4f8d-4985-9d26-e874c7009824/userFiles-cce62b1b-18ec-44aa-a247-c02d1089d6ca/org.apache.httpcomponents_httpmime-4.5.13.jar
[2025-04-27T11:10:03.732+0000] {spark_submit.py:490} INFO - 25/04/27 11:10:03 INFO SparkContext: Added file file:///home/airflow/.ivy2/jars/org.lz4_lz4-java-1.8.0.jar at spark://c82426b22b9f:46873/files/org.lz4_lz4-java-1.8.0.jar with timestamp 1745752202782
[2025-04-27T11:10:03.732+0000] {spark_submit.py:490} INFO - 25/04/27 11:10:03 INFO Utils: Copying /home/airflow/.ivy2/jars/org.lz4_lz4-java-1.8.0.jar to /tmp/spark-1dae9775-4f8d-4985-9d26-e874c7009824/userFiles-cce62b1b-18ec-44aa-a247-c02d1089d6ca/org.lz4_lz4-java-1.8.0.jar
[2025-04-27T11:10:03.738+0000] {spark_submit.py:490} INFO - 25/04/27 11:10:03 INFO SparkContext: Added file file:///home/airflow/.ivy2/jars/com.clickhouse_clickhouse-client-0.3.2.jar at spark://c82426b22b9f:46873/files/com.clickhouse_clickhouse-client-0.3.2.jar with timestamp 1745752202782
[2025-04-27T11:10:03.738+0000] {spark_submit.py:490} INFO - 25/04/27 11:10:03 INFO Utils: Copying /home/airflow/.ivy2/jars/com.clickhouse_clickhouse-client-0.3.2.jar to /tmp/spark-1dae9775-4f8d-4985-9d26-e874c7009824/userFiles-cce62b1b-18ec-44aa-a247-c02d1089d6ca/com.clickhouse_clickhouse-client-0.3.2.jar
[2025-04-27T11:10:03.744+0000] {spark_submit.py:490} INFO - 25/04/27 11:10:03 INFO SparkContext: Added file file:///home/airflow/.ivy2/jars/org.apache.httpcomponents_httpcore-4.4.13.jar at spark://c82426b22b9f:46873/files/org.apache.httpcomponents_httpcore-4.4.13.jar with timestamp 1745752202782
[2025-04-27T11:10:03.744+0000] {spark_submit.py:490} INFO - 25/04/27 11:10:03 INFO Utils: Copying /home/airflow/.ivy2/jars/org.apache.httpcomponents_httpcore-4.4.13.jar to /tmp/spark-1dae9775-4f8d-4985-9d26-e874c7009824/userFiles-cce62b1b-18ec-44aa-a247-c02d1089d6ca/org.apache.httpcomponents_httpcore-4.4.13.jar
[2025-04-27T11:10:03.751+0000] {spark_submit.py:490} INFO - 25/04/27 11:10:03 INFO SparkContext: Added file file:///home/airflow/.ivy2/jars/commons-logging_commons-logging-1.2.jar at spark://c82426b22b9f:46873/files/commons-logging_commons-logging-1.2.jar with timestamp 1745752202782
[2025-04-27T11:10:03.752+0000] {spark_submit.py:490} INFO - 25/04/27 11:10:03 INFO Utils: Copying /home/airflow/.ivy2/jars/commons-logging_commons-logging-1.2.jar to /tmp/spark-1dae9775-4f8d-4985-9d26-e874c7009824/userFiles-cce62b1b-18ec-44aa-a247-c02d1089d6ca/commons-logging_commons-logging-1.2.jar
[2025-04-27T11:10:03.756+0000] {spark_submit.py:490} INFO - 25/04/27 11:10:03 INFO SparkContext: Added file file:///home/airflow/.ivy2/jars/commons-codec_commons-codec-1.11.jar at spark://c82426b22b9f:46873/files/commons-codec_commons-codec-1.11.jar with timestamp 1745752202782
[2025-04-27T11:10:03.756+0000] {spark_submit.py:490} INFO - 25/04/27 11:10:03 INFO Utils: Copying /home/airflow/.ivy2/jars/commons-codec_commons-codec-1.11.jar to /tmp/spark-1dae9775-4f8d-4985-9d26-e874c7009824/userFiles-cce62b1b-18ec-44aa-a247-c02d1089d6ca/commons-codec_commons-codec-1.11.jar
[2025-04-27T11:10:03.871+0000] {spark_submit.py:490} INFO - 25/04/27 11:10:03 INFO StandaloneAppClient$ClientEndpoint: Connecting to master spark://spark-master:7077...
[2025-04-27T11:10:03.915+0000] {spark_submit.py:490} INFO - 25/04/27 11:10:03 INFO TransportClientFactory: Successfully created connection to spark-master/172.18.0.2:7077 after 25 ms (0 ms spent in bootstraps)
[2025-04-27T11:10:04.003+0000] {spark_submit.py:490} INFO - 25/04/27 11:10:04 INFO StandaloneSchedulerBackend: Connected to Spark cluster with app ID app-20250427111003-0014
[2025-04-27T11:10:04.005+0000] {spark_submit.py:490} INFO - 25/04/27 11:10:04 INFO StandaloneAppClient$ClientEndpoint: Executor added: app-20250427111003-0014/0 on worker-20250427052743-172.18.0.5-34199 (172.18.0.5:34199) with 1 core(s)
[2025-04-27T11:10:04.007+0000] {spark_submit.py:490} INFO - 25/04/27 11:10:04 INFO StandaloneSchedulerBackend: Granted executor ID app-20250427111003-0014/0 on hostPort 172.18.0.5:34199 with 1 core(s), 1024.0 MiB RAM
[2025-04-27T11:10:04.011+0000] {spark_submit.py:490} INFO - 25/04/27 11:10:04 INFO Utils: Successfully started service 'org.apache.spark.network.netty.NettyBlockTransferService' on port 37901.
[2025-04-27T11:10:04.011+0000] {spark_submit.py:490} INFO - 25/04/27 11:10:04 INFO NettyBlockTransferService: Server created on c82426b22b9f:37901
[2025-04-27T11:10:04.014+0000] {spark_submit.py:490} INFO - 25/04/27 11:10:04 INFO BlockManager: Using org.apache.spark.storage.RandomBlockReplicationPolicy for block replication policy
[2025-04-27T11:10:04.024+0000] {spark_submit.py:490} INFO - 25/04/27 11:10:04 INFO BlockManagerMaster: Registering BlockManager BlockManagerId(driver, c82426b22b9f, 37901, None)
[2025-04-27T11:10:04.029+0000] {spark_submit.py:490} INFO - 25/04/27 11:10:04 INFO BlockManagerMasterEndpoint: Registering block manager c82426b22b9f:37901 with 434.4 MiB RAM, BlockManagerId(driver, c82426b22b9f, 37901, None)
[2025-04-27T11:10:04.032+0000] {spark_submit.py:490} INFO - 25/04/27 11:10:04 INFO BlockManagerMaster: Registered BlockManager BlockManagerId(driver, c82426b22b9f, 37901, None)
[2025-04-27T11:10:04.034+0000] {spark_submit.py:490} INFO - 25/04/27 11:10:04 INFO BlockManager: Initialized BlockManager: BlockManagerId(driver, c82426b22b9f, 37901, None)
[2025-04-27T11:10:04.059+0000] {spark_submit.py:490} INFO - 25/04/27 11:10:04 INFO StandaloneAppClient$ClientEndpoint: Executor updated: app-20250427111003-0014/0 is now RUNNING
[2025-04-27T11:10:04.351+0000] {spark_submit.py:490} INFO - 25/04/27 11:10:04 INFO StandaloneSchedulerBackend: SchedulerBackend is ready for scheduling beginning after reached minRegisteredResourcesRatio: 0.0
[2025-04-27T11:10:04.586+0000] {spark_submit.py:490} INFO - 25/04/27 11:10:04 INFO SharedState: Setting hive.metastore.warehouse.dir ('null') to the value of spark.sql.warehouse.dir.
[2025-04-27T11:10:04.588+0000] {spark_submit.py:490} INFO - 25/04/27 11:10:04 INFO SharedState: Warehouse path is 'file:/opt/airflow/spark-warehouse'.
[2025-04-27T11:10:26.918+0000] {spark_submit.py:490} INFO - 25/04/27 11:10:26 INFO CoarseGrainedSchedulerBackend$DriverEndpoint: Registered executor NettyRpcEndpointRef(spark-client://Executor) (172.18.0.5:39464) with ID 0,  ResourceProfileId 0
[2025-04-27T11:10:27.370+0000] {spark_submit.py:490} INFO - 25/04/27 11:10:27 INFO BlockManagerMasterEndpoint: Registering block manager 172.18.0.5:45273 with 366.3 MiB RAM, BlockManagerId(0, 172.18.0.5, 45273, None)
[2025-04-27T11:12:37.891+0000] {spark_submit.py:490} INFO - 25/04/27 11:12:37 INFO AsyncEventQueue: Process of event SparkListenerExecutorMetricsUpdate(driver,WrappedArray(),Map((-1,-1) -> org.apache.spark.executor.ExecutorMetrics@66ab4fb)) by listener AppStatusListener took 35.380188013s.
[2025-04-27T11:13:54.824+0000] {spark_submit.py:490} INFO - 25/04/27 11:13:54 INFO CodeGenerator: Code generated in 45334.479901 ms
[2025-04-27T11:13:55.279+0000] {spark_submit.py:490} INFO - 25/04/27 11:13:55 INFO DAGScheduler: Registering RDD 3 (jdbc at NativeMethodAccessorImpl.java:0) as input to shuffle 0
[2025-04-27T11:13:55.985+0000] {spark_submit.py:490} INFO - 25/04/27 11:13:55 INFO DAGScheduler: Got map stage job 0 (jdbc at NativeMethodAccessorImpl.java:0) with 1 output partitions
[2025-04-27T11:13:55.989+0000] {spark_submit.py:490} INFO - 25/04/27 11:13:55 INFO DAGScheduler: Final stage: ShuffleMapStage 0 (jdbc at NativeMethodAccessorImpl.java:0)
[2025-04-27T11:13:55.989+0000] {spark_submit.py:490} INFO - 25/04/27 11:13:55 INFO DAGScheduler: Parents of final stage: List()
[2025-04-27T11:13:55.989+0000] {spark_submit.py:490} INFO - 25/04/27 11:13:55 INFO DAGScheduler: Missing parents: List()
[2025-04-27T11:13:55.989+0000] {spark_submit.py:490} INFO - 25/04/27 11:13:55 INFO DAGScheduler: Submitting ShuffleMapStage 0 (MapPartitionsRDD[3] at jdbc at NativeMethodAccessorImpl.java:0), which has no missing parents
[2025-04-27T11:13:56.659+0000] {spark_submit.py:490} INFO - 25/04/27 11:13:56 INFO MemoryStore: Block broadcast_0 stored as values in memory (estimated size 16.3 KiB, free 434.4 MiB)
[2025-04-27T11:14:01.563+0000] {spark_submit.py:490} INFO - 25/04/27 11:14:01 INFO MemoryStore: Block broadcast_0_piece0 stored as bytes in memory (estimated size 7.9 KiB, free 434.4 MiB)
[2025-04-27T11:14:01.589+0000] {spark_submit.py:490} INFO - 25/04/27 11:14:01 INFO BlockManagerInfo: Added broadcast_0_piece0 in memory on c82426b22b9f:37901 (size: 7.9 KiB, free: 434.4 MiB)
[2025-04-27T11:14:01.602+0000] {spark_submit.py:490} INFO - 25/04/27 11:14:01 INFO SparkContext: Created broadcast 0 from broadcast at DAGScheduler.scala:1513
[2025-04-27T11:14:01.651+0000] {spark_submit.py:490} INFO - 25/04/27 11:14:01 INFO DAGScheduler: Submitting 1 missing tasks from ShuffleMapStage 0 (MapPartitionsRDD[3] at jdbc at NativeMethodAccessorImpl.java:0) (first 15 tasks are for partitions Vector(0))
[2025-04-27T11:14:01.656+0000] {spark_submit.py:490} INFO - 25/04/27 11:14:01 INFO TaskSchedulerImpl: Adding task set 0.0 with 1 tasks resource profile 0
[2025-04-27T11:14:02.648+0000] {spark_submit.py:490} INFO - 25/04/27 11:14:02 INFO TaskSetManager: Starting task 0.0 in stage 0.0 (TID 0) (172.18.0.5, executor 0, partition 0, PROCESS_LOCAL, 4292 bytes) taskResourceAssignments Map()
[2025-04-27T11:14:05.393+0000] {spark_submit.py:490} INFO - 25/04/27 11:14:05 INFO BlockManagerInfo: Added broadcast_0_piece0 in memory on 172.18.0.5:45273 (size: 7.9 KiB, free: 366.3 MiB)
[2025-04-27T11:14:13.531+0000] {spark_submit.py:490} INFO - 25/04/27 11:14:11 INFO AsyncEventQueue: Process of event SparkListenerExecutorMetricsUpdate(0,WrappedArray((0,0,0,Vector())),Map((0,0) -> org.apache.spark.executor.ExecutorMetrics@71f8a664)) by listener AppStatusListener took 4.358968975s.
[2025-04-27T11:14:14.843+0000] {spark_submit.py:490} INFO - 25/04/27 11:14:14 INFO AsyncEventQueue: Process of event SparkListenerExecutorMetricsUpdate(0,WrappedArray((0,0,0,Vector())),Map((0,0) -> org.apache.spark.executor.ExecutorMetrics@71f8a664)) by listener SQLAppStatusListener took 1.310320869s.
