[2025-04-27T11:53:53.968+0000] {taskinstance.py:1103} INFO - Dependencies all met for dep_context=non-requeueable deps ti=<TaskInstance: transform.detect_suspicious manual__2025-04-27T11:09:48.374618+00:00 [queued]>
[2025-04-27T11:53:53.975+0000] {taskinstance.py:1103} INFO - Dependencies all met for dep_context=requeueable deps ti=<TaskInstance: transform.detect_suspicious manual__2025-04-27T11:09:48.374618+00:00 [queued]>
[2025-04-27T11:53:53.975+0000] {taskinstance.py:1308} INFO - Starting attempt 3 of 4
[2025-04-27T11:53:53.985+0000] {taskinstance.py:1327} INFO - Executing <Task(SparkSubmitOperator): detect_suspicious> on 2025-04-27 11:09:48.374618+00:00
[2025-04-27T11:53:53.990+0000] {standard_task_runner.py:57} INFO - Started process 133 to run task
[2025-04-27T11:53:53.993+0000] {standard_task_runner.py:84} INFO - Running: ['airflow', 'tasks', 'run', 'transform', 'detect_suspicious', 'manual__2025-04-27T11:09:48.374618+00:00', '--job-id', '69', '--raw', '--subdir', 'DAGS_FOLDER/transform.py', '--cfg-path', '/tmp/tmpi4b42s45']
[2025-04-27T11:53:53.994+0000] {standard_task_runner.py:85} INFO - Job 69: Subtask detect_suspicious
[2025-04-27T11:53:54.034+0000] {task_command.py:410} INFO - Running <TaskInstance: transform.detect_suspicious manual__2025-04-27T11:09:48.374618+00:00 [running]> on host 6780dda4d52a
[2025-04-27T11:53:54.186+0000] {taskinstance.py:1547} INFO - Exporting env vars: AIRFLOW_CTX_DAG_OWNER='finbest' AIRFLOW_CTX_DAG_ID='transform' AIRFLOW_CTX_TASK_ID='detect_suspicious' AIRFLOW_CTX_EXECUTION_DATE='2025-04-27T11:09:48.374618+00:00' AIRFLOW_CTX_TRY_NUMBER='3' AIRFLOW_CTX_DAG_RUN_ID='manual__2025-04-27T11:09:48.374618+00:00'
[2025-04-27T11:53:54.195+0000] {base.py:73} INFO - Using connection ID 'spark_default' for task execution.
[2025-04-27T11:53:54.196+0000] {spark_submit.py:339} INFO - Spark-Submit cmd: spark-submit --master spark://spark-master:7077 --packages org.postgresql:postgresql:42.6.0,ru.yandex.clickhouse:clickhouse-jdbc:0.3.2 --executor-cores 1 --executor-memory 1g --driver-memory 1g --name arrow-spark /opt/airflow/spark/detect_suspicious.py --jdbc jdbc:postgresql://postgres:5432/finbest --clickhouse-url jdbc:clickhouse://clickhouse:8123/finbest
[2025-04-27T11:53:55.557+0000] {spark_submit.py:490} INFO - :: loading settings :: url = jar:file:/opt/spark/jars/ivy-2.5.0.jar!/org/apache/ivy/core/settings/ivysettings.xml
[2025-04-27T11:53:55.640+0000] {spark_submit.py:490} INFO - Ivy Default Cache set to: /home/airflow/.ivy2/cache
[2025-04-27T11:53:55.640+0000] {spark_submit.py:490} INFO - The jars for the packages stored in: /home/airflow/.ivy2/jars
[2025-04-27T11:53:55.647+0000] {spark_submit.py:490} INFO - org.postgresql#postgresql added as a dependency
[2025-04-27T11:53:55.647+0000] {spark_submit.py:490} INFO - ru.yandex.clickhouse#clickhouse-jdbc added as a dependency
[2025-04-27T11:53:55.648+0000] {spark_submit.py:490} INFO - :: resolving dependencies :: org.apache.spark#spark-submit-parent-7cf4a01c-7656-44f1-8e88-9baddd2f2465;1.0
[2025-04-27T11:53:55.648+0000] {spark_submit.py:490} INFO - confs: [default]
[2025-04-27T11:53:55.732+0000] {spark_submit.py:490} INFO - found org.postgresql#postgresql;42.6.0 in central
[2025-04-27T11:53:55.748+0000] {spark_submit.py:490} INFO - found org.checkerframework#checker-qual;3.31.0 in central
[2025-04-27T11:53:55.765+0000] {spark_submit.py:490} INFO - found ru.yandex.clickhouse#clickhouse-jdbc;0.3.2 in central
[2025-04-27T11:53:55.785+0000] {spark_submit.py:490} INFO - found com.clickhouse#clickhouse-http-client;0.3.2 in central
[2025-04-27T11:53:55.808+0000] {spark_submit.py:490} INFO - found com.clickhouse#clickhouse-client;0.3.2 in central
[2025-04-27T11:53:55.828+0000] {spark_submit.py:490} INFO - found org.lz4#lz4-java;1.8.0 in central
[2025-04-27T11:53:55.845+0000] {spark_submit.py:490} INFO - found com.google.code.gson#gson;2.8.8 in central
[2025-04-27T11:54:00.205+0000] {spark_submit.py:490} INFO - found org.apache.httpcomponents#httpclient;4.5.13 in central
[2025-04-27T11:54:02.566+0000] {spark_submit.py:490} INFO - found org.apache.httpcomponents#httpcore;4.4.13 in central
[2025-04-27T11:54:04.097+0000] {local_task_job_runner.py:292} WARNING - State of this instance has been externally set to failed. Terminating instance.
[2025-04-27T11:54:04.099+0000] {process_utils.py:135} INFO - Sending Signals.SIGTERM to group 133. PIDs of all processes in the group: [134, 133]
[2025-04-27T11:54:04.099+0000] {process_utils.py:86} INFO - Sending the signal Signals.SIGTERM to group 133
[2025-04-27T11:54:04.100+0000] {taskinstance.py:1517} ERROR - Received SIGTERM. Terminating subprocesses.
[2025-04-27T11:54:04.100+0000] {spark_submit.py:615} INFO - Sending kill signal to spark-submit
[2025-04-27T11:54:04.151+0000] {process_utils.py:79} INFO - Process psutil.Process(pid=133, status='terminated', exitcode=0, started='11:53:53') (133) terminated with exit code 0
[2025-04-27T11:54:04.152+0000] {process_utils.py:79} INFO - Process psutil.Process(pid=134, status='terminated', started='11:53:54') (134) terminated with exit code None
