[2025-04-23T22:35:18.865+0000] {taskinstance.py:1103} INFO - Dependencies all met for dep_context=non-requeueable deps ti=<TaskInstance: transform.dbt_run manual__2025-04-23T22:35:15.602809+00:00 [queued]>
[2025-04-23T22:35:18.871+0000] {taskinstance.py:1103} INFO - Dependencies all met for dep_context=requeueable deps ti=<TaskInstance: transform.dbt_run manual__2025-04-23T22:35:15.602809+00:00 [queued]>
[2025-04-23T22:35:18.871+0000] {taskinstance.py:1308} INFO - Starting attempt 1 of 2
[2025-04-23T22:35:18.880+0000] {taskinstance.py:1327} INFO - Executing <Task(PythonOperator): dbt_run> on 2025-04-23 22:35:15.602809+00:00
[2025-04-23T22:35:18.883+0000] {standard_task_runner.py:57} INFO - Started process 92 to run task
[2025-04-23T22:35:18.885+0000] {standard_task_runner.py:84} INFO - Running: ['airflow', 'tasks', 'run', 'transform', 'dbt_run', 'manual__2025-04-23T22:35:15.602809+00:00', '--job-id', '22', '--raw', '--subdir', 'DAGS_FOLDER/transform.py', '--cfg-path', '/tmp/tmp9m965jd9']
[2025-04-23T22:35:18.886+0000] {standard_task_runner.py:85} INFO - Job 22: Subtask dbt_run
[2025-04-23T22:35:18.924+0000] {task_command.py:410} INFO - Running <TaskInstance: transform.dbt_run manual__2025-04-23T22:35:15.602809+00:00 [running]> on host bd6bcd964408
[2025-04-23T22:35:19.073+0000] {taskinstance.py:1547} INFO - Exporting env vars: AIRFLOW_CTX_DAG_OWNER='finbest' AIRFLOW_CTX_DAG_ID='transform' AIRFLOW_CTX_TASK_ID='dbt_run' AIRFLOW_CTX_EXECUTION_DATE='2025-04-23T22:35:15.602809+00:00' AIRFLOW_CTX_TRY_NUMBER='1' AIRFLOW_CTX_DAG_RUN_ID='manual__2025-04-23T22:35:15.602809+00:00'
[2025-04-23T22:35:19.074+0000] {logging_mixin.py:150} INFO - Проверка существования dbt: True
[2025-04-23T22:35:19.074+0000] {logging_mixin.py:150} INFO - Содержимое каталога /dbt_project:
[2025-04-23T22:35:19.074+0000] {logging_mixin.py:150} INFO - Директория: /dbt_project
[2025-04-23T22:35:19.074+0000] {logging_mixin.py:150} INFO -   Поддиректории: ['logs', 'dbt_packages', 'models', 'target']
[2025-04-23T22:35:19.074+0000] {logging_mixin.py:150} INFO -   Файлы: ['dbt_project.yml', 'profiles.yml', '.user.yml']
[2025-04-23T22:35:19.075+0000] {logging_mixin.py:150} INFO - Директория: /dbt_project/logs
[2025-04-23T22:35:19.075+0000] {logging_mixin.py:150} INFO -   Поддиректории: []
[2025-04-23T22:35:19.075+0000] {logging_mixin.py:150} INFO -   Файлы: ['dbt.log']
[2025-04-23T22:35:19.075+0000] {logging_mixin.py:150} INFO - Директория: /dbt_project/dbt_packages
[2025-04-23T22:35:19.075+0000] {logging_mixin.py:150} INFO -   Поддиректории: []
[2025-04-23T22:35:19.075+0000] {logging_mixin.py:150} INFO -   Файлы: []
[2025-04-23T22:35:19.075+0000] {logging_mixin.py:150} INFO - Директория: /dbt_project/models
[2025-04-23T22:35:19.075+0000] {logging_mixin.py:150} INFO -   Поддиректории: ['mart', 'staging', 'intermediate']
[2025-04-23T22:35:19.076+0000] {logging_mixin.py:150} INFO -   Файлы: []
[2025-04-23T22:35:19.076+0000] {logging_mixin.py:150} INFO - Директория: /dbt_project/models/mart
[2025-04-23T22:35:19.076+0000] {logging_mixin.py:150} INFO -   Поддиректории: []
[2025-04-23T22:35:19.076+0000] {logging_mixin.py:150} INFO -   Файлы: ['fact_client_balance.sql']
[2025-04-23T22:35:19.076+0000] {logging_mixin.py:150} INFO - Директория: /dbt_project/models/staging
[2025-04-23T22:35:19.076+0000] {logging_mixin.py:150} INFO -   Поддиректории: []
[2025-04-23T22:35:19.076+0000] {logging_mixin.py:150} INFO -   Файлы: ['stg_clients.sql', 'stg_transactions.sql', 'stg_rates.sql']
[2025-04-23T22:35:19.076+0000] {logging_mixin.py:150} INFO - Директория: /dbt_project/models/intermediate
[2025-04-23T22:35:19.076+0000] {logging_mixin.py:150} INFO -   Поддиректории: []
[2025-04-23T22:35:19.077+0000] {logging_mixin.py:150} INFO -   Файлы: ['int_daily_transactions.sql']
[2025-04-23T22:35:19.077+0000] {logging_mixin.py:150} INFO - Директория: /dbt_project/target
[2025-04-23T22:35:19.077+0000] {logging_mixin.py:150} INFO -   Поддиректории: ['compiled', 'run']
[2025-04-23T22:35:19.077+0000] {logging_mixin.py:150} INFO -   Файлы: ['run_results.json', 'partial_parse.msgpack', 'manifest.json', 'graph.gpickle']
[2025-04-23T22:35:19.077+0000] {logging_mixin.py:150} INFO - Директория: /dbt_project/target/compiled
[2025-04-23T22:35:19.077+0000] {logging_mixin.py:150} INFO -   Поддиректории: ['finbest']
[2025-04-23T22:35:19.077+0000] {logging_mixin.py:150} INFO -   Файлы: []
[2025-04-23T22:35:19.077+0000] {logging_mixin.py:150} INFO - Директория: /dbt_project/target/compiled/finbest
[2025-04-23T22:35:19.077+0000] {logging_mixin.py:150} INFO -   Поддиректории: ['models']
[2025-04-23T22:35:19.078+0000] {logging_mixin.py:150} INFO -   Файлы: []
[2025-04-23T22:35:19.078+0000] {logging_mixin.py:150} INFO - Директория: /dbt_project/target/compiled/finbest/models
[2025-04-23T22:35:19.078+0000] {logging_mixin.py:150} INFO -   Поддиректории: ['mart', 'staging', 'intermediate']
[2025-04-23T22:35:19.078+0000] {logging_mixin.py:150} INFO -   Файлы: []
[2025-04-23T22:35:19.078+0000] {logging_mixin.py:150} INFO - Директория: /dbt_project/target/compiled/finbest/models/mart
[2025-04-23T22:35:19.078+0000] {logging_mixin.py:150} INFO -   Поддиректории: []
[2025-04-23T22:35:19.078+0000] {logging_mixin.py:150} INFO -   Файлы: ['fact_client_balance.sql']
[2025-04-23T22:35:19.078+0000] {logging_mixin.py:150} INFO - Директория: /dbt_project/target/compiled/finbest/models/staging
[2025-04-23T22:35:19.078+0000] {logging_mixin.py:150} INFO -   Поддиректории: []
[2025-04-23T22:35:19.078+0000] {logging_mixin.py:150} INFO -   Файлы: ['stg_clients.sql', 'stg_transactions.sql', 'stg_rates.sql']
[2025-04-23T22:35:19.079+0000] {logging_mixin.py:150} INFO - Директория: /dbt_project/target/compiled/finbest/models/intermediate
[2025-04-23T22:35:19.079+0000] {logging_mixin.py:150} INFO -   Поддиректории: []
[2025-04-23T22:35:19.079+0000] {logging_mixin.py:150} INFO -   Файлы: ['int_daily_transactions.sql']
[2025-04-23T22:35:19.079+0000] {logging_mixin.py:150} INFO - Директория: /dbt_project/target/run
[2025-04-23T22:35:19.079+0000] {logging_mixin.py:150} INFO -   Поддиректории: ['finbest']
[2025-04-23T22:35:19.079+0000] {logging_mixin.py:150} INFO -   Файлы: []
[2025-04-23T22:35:19.079+0000] {logging_mixin.py:150} INFO - Директория: /dbt_project/target/run/finbest
[2025-04-23T22:35:19.079+0000] {logging_mixin.py:150} INFO -   Поддиректории: ['models']
[2025-04-23T22:35:19.079+0000] {logging_mixin.py:150} INFO -   Файлы: []
[2025-04-23T22:35:19.080+0000] {logging_mixin.py:150} INFO - Директория: /dbt_project/target/run/finbest/models
[2025-04-23T22:35:19.080+0000] {logging_mixin.py:150} INFO -   Поддиректории: ['mart', 'staging', 'intermediate']
[2025-04-23T22:35:19.080+0000] {logging_mixin.py:150} INFO -   Файлы: []
[2025-04-23T22:35:19.080+0000] {logging_mixin.py:150} INFO - Директория: /dbt_project/target/run/finbest/models/mart
[2025-04-23T22:35:19.080+0000] {logging_mixin.py:150} INFO -   Поддиректории: []
[2025-04-23T22:35:19.080+0000] {logging_mixin.py:150} INFO -   Файлы: ['fact_client_balance.sql']
[2025-04-23T22:35:19.080+0000] {logging_mixin.py:150} INFO - Директория: /dbt_project/target/run/finbest/models/staging
[2025-04-23T22:35:19.080+0000] {logging_mixin.py:150} INFO -   Поддиректории: []
[2025-04-23T22:35:19.081+0000] {logging_mixin.py:150} INFO -   Файлы: ['stg_clients.sql', 'stg_transactions.sql', 'stg_rates.sql']
[2025-04-23T22:35:19.081+0000] {logging_mixin.py:150} INFO - Директория: /dbt_project/target/run/finbest/models/intermediate
[2025-04-23T22:35:19.081+0000] {logging_mixin.py:150} INFO -   Поддиректории: []
[2025-04-23T22:35:19.081+0000] {logging_mixin.py:150} INFO -   Файлы: ['int_daily_transactions.sql']
[2025-04-23T22:35:23.570+0000] {logging_mixin.py:150} INFO - STDOUT:
[2025-04-23T22:35:23.572+0000] {logging_mixin.py:150} INFO - 22:35:21  Sending event: {'category': 'dbt', 'action': 'invocation', 'label': 'start', 'context': [<snowplow_tracker.self_describing_json.SelfDescribingJson object at 0x7eb73201b2d0>, <snowplow_tracker.self_describing_json.SelfDescribingJson object at 0x7eb73201b1d0>, <snowplow_tracker.self_describing_json.SelfDescribingJson object at 0x7eb73201b990>]}
22:35:21  Running with dbt=1.5.11
22:35:21  running dbt with arguments {'printer_width': '80', 'indirect_selection': 'eager', 'write_json': 'True', 'log_cache_events': 'False', 'partial_parse': 'True', 'cache_selected_only': 'False', 'warn_error': 'None', 'fail_fast': 'False', 'version_check': 'True', 'log_path': '/dbt_project/logs', 'profiles_dir': '/dbt_project', 'debug': 'True', 'use_colors': 'True', 'use_experimental_parser': 'False', 'no_print': 'None', 'quiet': 'False', 'log_format': 'default', 'introspect': 'True', 'warn_error_options': 'WarnErrorOptions(include=[], exclude=[])', 'static_parser': 'True', 'target_path': 'None', 'send_anonymous_usage_stats': 'True'}
22:35:21  Sending event: {'category': 'dbt', 'action': 'project_id', 'label': 'd390f89c-c61c-4168-aa6f-275632359fca', 'context': [<snowplow_tracker.self_describing_json.SelfDescribingJson object at 0x7eb72f8c0590>]}
22:35:21  Sending event: {'category': 'dbt', 'action': 'adapter_info', 'label': 'd390f89c-c61c-4168-aa6f-275632359fca', 'context': [<snowplow_tracker.self_describing_json.SelfDescribingJson object at 0x7eb72f77ef10>]}
22:35:21  Registered adapter: postgres=1.5.11
22:35:21  checksum: 007b492a958e08141e13011e4198bea48e7f359a98b57e51b7a963fca8fc83af, vars: {}, profile: , target: , version: 1.5.11
22:35:21  Partial parsing enabled: 0 files deleted, 0 files added, 0 files changed.
22:35:21  Partial parsing enabled, no changes found, skipping parsing
22:35:21  Sending event: {'category': 'dbt', 'action': 'load_project', 'label': 'd390f89c-c61c-4168-aa6f-275632359fca', 'context': [<snowplow_tracker.self_describing_json.SelfDescribingJson object at 0x7eb7301ba990>]}
22:35:21  Sending event: {'category': 'dbt', 'action': 'resource_counts', 'label': 'd390f89c-c61c-4168-aa6f-275632359fca', 'context': [<snowplow_tracker.self_describing_json.SelfDescribingJson object at 0x7eb72f4da3d0>]}
22:35:21  Found 5 models, 0 tests, 0 snapshots, 0 analyses, 310 macros, 0 operations, 0 seed files, 0 sources, 0 exposures, 0 metrics, 0 groups
22:35:21  Sending event: {'category': 'dbt', 'action': 'runnable_timing', 'label': 'd390f89c-c61c-4168-aa6f-275632359fca', 'context': [<snowplow_tracker.self_describing_json.SelfDescribingJson object at 0x7eb72f4dac10>]}
22:35:21  
22:35:21  Acquiring new postgres connection 'master'
22:35:21  Acquiring new postgres connection 'list_finbest'
22:35:21  Using postgres connection "list_finbest"
22:35:21  On list_finbest: /* {"app": "dbt", "dbt_version": "1.5.11", "profile_name": "finbest", "target_name": "dev", "connection_name": "list_finbest"} */

    select distinct nspname from pg_namespace
  
22:35:21  Opening a new connection, currently in state init
22:35:21  SQL status: SELECT 7 in 0.0 seconds
22:35:21  On list_finbest: Close
22:35:21  Re-using an available connection from the pool (formerly list_finbest, now list_finbest_mart)
22:35:21  Using postgres connection "list_finbest_mart"
22:35:21  On list_finbest_mart: BEGIN
22:35:21  Opening a new connection, currently in state closed
22:35:21  SQL status: BEGIN in 0.0 seconds
22:35:21  Using postgres connection "list_finbest_mart"
22:35:21  On list_finbest_mart: /* {"app": "dbt", "dbt_version": "1.5.11", "profile_name": "finbest", "target_name": "dev", "connection_name": "list_finbest_mart"} */
select
      'finbest' as database,
      tablename as name,
      schemaname as schema,
      'table' as type
    from pg_tables
    where schemaname ilike 'mart'
    union all
    select
      'finbest' as database,
      viewname as name,
      schemaname as schema,
      'view' as type
    from pg_views
    where schemaname ilike 'mart'
  
22:35:21  SQL status: SELECT 7 in 0.0 seconds
22:35:21  On list_finbest_mart: ROLLBACK
22:35:21  On list_finbest_mart: Close
22:35:21  Using postgres connection "master"
22:35:21  On master: BEGIN
22:35:21  Opening a new connection, currently in state init
22:35:21  SQL status: BEGIN in 0.0 seconds
22:35:21  Using postgres connection "master"
22:35:21  On master: /* {"app": "dbt", "dbt_version": "1.5.11", "profile_name": "finbest", "target_name": "dev", "connection_name": "master"} */
with relation as (
        select
            pg_rewrite.ev_class as class,
            pg_rewrite.oid as id
        from pg_rewrite
    ),
    class as (
        select
            oid as id,
            relname as name,
            relnamespace as schema,
            relkind as kind
        from pg_class
    ),
    dependency as (
        select distinct
            pg_depend.objid as id,
            pg_depend.refobjid as ref
        from pg_depend
    ),
    schema as (
        select
            pg_namespace.oid as id,
            pg_namespace.nspname as name
        from pg_namespace
        where nspname != 'information_schema' and nspname not like 'pg\_%'
    ),
    referenced as (
        select
            relation.id AS id,
            referenced_class.name ,
            referenced_class.schema ,
            referenced_class.kind
        from relation
        join class as referenced_class on relation.class=referenced_class.id
        where referenced_class.kind in ('r', 'v')
    ),
    relationships as (
        select
            referenced.name as referenced_name,
            referenced.schema as referenced_schema_id,
            dependent_class.name as dependent_name,
            dependent_class.schema as dependent_schema_id,
            referenced.kind as kind
        from referenced
        join dependency on referenced.id=dependency.id
        join class as dependent_class on dependency.ref=dependent_class.id
        where
            (referenced.name != dependent_class.name or
             referenced.schema != dependent_class.schema)
    )

    select
        referenced_schema.name as referenced_schema,
        relationships.referenced_name as referenced_name,
        dependent_schema.name as dependent_schema,
        relationships.dependent_name as dependent_name
    from relationships
    join schema as dependent_schema on relationships.dependent_schema_id=dependent_schema.id
    join schema as referenced_schema on relationships.referenced_schema_id=referenced_schema.id
    group by referenced_schema, referenced_name, dependent_schema, dependent_name
    order by referenced_schema, referenced_name, dependent_schema, dependent_name;
22:35:21  SQL status: SELECT 0 in 0.0 seconds
22:35:21  Sending event: {'category': 'dbt', 'action': 'runnable_timing', 'label': 'd390f89c-c61c-4168-aa6f-275632359fca', 'context': [<snowplow_tracker.self_describing_json.SelfDescribingJson object at 0x7eb72f4e3990>]}
22:35:21  On master: ROLLBACK
22:35:21  Using postgres connection "master"
22:35:21  On master: BEGIN
22:35:21  SQL status: BEGIN in 0.0 seconds
22:35:21  On master: COMMIT
22:35:21  Using postgres connection "master"
22:35:21  On master: COMMIT
22:35:21  SQL status: COMMIT in 0.0 seconds
22:35:21  On master: Close
22:35:21  Concurrency: 4 threads (target='dev')
22:35:21  
22:35:21  Began running node model.finbest.stg_clients
22:35:21  Began running node model.finbest.stg_rates
22:35:21  Began running node model.finbest.stg_transactions
22:35:21  1 of 5 START sql table model mart.stg_clients .................................. [RUN]
22:35:21  2 of 5 START sql table model mart.stg_rates .................................... [RUN]
22:35:21  3 of 5 START sql table model mart.stg_transactions ............................. [RUN]
22:35:21  Re-using an available connection from the pool (formerly list_finbest_mart, now model.finbest.stg_clients)
22:35:21  Acquiring new postgres connection 'model.finbest.stg_rates'
22:35:21  Acquiring new postgres connection 'model.finbest.stg_transactions'
22:35:21  Began compiling node model.finbest.stg_clients
22:35:21  Began compiling node model.finbest.stg_rates
22:35:21  Began compiling node model.finbest.stg_transactions
22:35:21  Writing injected SQL for node "model.finbest.stg_clients"
22:35:21  Writing injected SQL for node "model.finbest.stg_rates"
22:35:21  Writing injected SQL for node "model.finbest.stg_transactions"
22:35:21  Timing info for model.finbest.stg_rates (compile): 22:35:21.625427 => 22:35:21.629942
22:35:21  Began executing node model.finbest.stg_rates
22:35:21  Timing info for model.finbest.stg_clients (compile): 22:35:21.619002 => 22:35:21.636099
22:35:21  Timing info for model.finbest.stg_transactions (compile): 22:35:21.627914 => 22:35:21.636765
22:35:21  Began executing node model.finbest.stg_clients
22:35:21  Began executing node model.finbest.stg_transactions
22:35:21  Writing runtime sql for node "model.finbest.stg_clients"
22:35:21  Writing runtime sql for node "model.finbest.stg_rates"
22:35:21  Writing runtime sql for node "model.finbest.stg_transactions"
22:35:21  Using postgres connection "model.finbest.stg_clients"
22:35:21  Using postgres connection "model.finbest.stg_rates"
22:35:21  On model.finbest.stg_clients: BEGIN
22:35:21  Using postgres connection "model.finbest.stg_transactions"
22:35:21  On model.finbest.stg_rates: BEGIN
22:35:21  Opening a new connection, currently in state closed
22:35:21  On model.finbest.stg_transactions: BEGIN
22:35:21  Opening a new connection, currently in state init
22:35:21  Opening a new connection, currently in state init
22:35:21  SQL status: BEGIN in 0.0 seconds
22:35:21  SQL status: BEGIN in 0.0 seconds
22:35:21  Using postgres connection "model.finbest.stg_clients"
22:35:21  SQL status: BEGIN in 0.0 seconds
22:35:21  Using postgres connection "model.finbest.stg_rates"
22:35:21  On model.finbest.stg_clients: /* {"app": "dbt", "dbt_version": "1.5.11", "profile_name": "finbest", "target_name": "dev", "node_id": "model.finbest.stg_clients"} */

  
    

  create  table "finbest"."mart"."stg_clients__dbt_tmp"
  
  
    as
  
  (
    select * from raw.masked_clients
  );
  
22:35:21  Using postgres connection "model.finbest.stg_transactions"
22:35:21  On model.finbest.stg_rates: /* {"app": "dbt", "dbt_version": "1.5.11", "profile_name": "finbest", "target_name": "dev", "node_id": "model.finbest.stg_rates"} */

  
    

  create  table "finbest"."mart"."stg_rates__dbt_tmp"
  
  
    as
  
  (
    select * from staging.currency_rates
  );
  
22:35:21  On model.finbest.stg_transactions: /* {"app": "dbt", "dbt_version": "1.5.11", "profile_name": "finbest", "target_name": "dev", "node_id": "model.finbest.stg_transactions"} */

  
    

  create  table "finbest"."mart"."stg_transactions__dbt_tmp"
  
  
    as
  
  (
    select * from raw.masked_transactions
  );
  
22:35:21  SQL status: SELECT 200 in 0.0 seconds
22:35:21  SQL status: SELECT 4 in 0.0 seconds
22:35:21  SQL status: SELECT 1000 in 0.0 seconds
22:35:21  Using postgres connection "model.finbest.stg_clients"
22:35:21  Using postgres connection "model.finbest.stg_rates"
22:35:21  Using postgres connection "model.finbest.stg_transactions"
22:35:21  On model.finbest.stg_clients: /* {"app": "dbt", "dbt_version": "1.5.11", "profile_name": "finbest", "target_name": "dev", "node_id": "model.finbest.stg_clients"} */
alter table "finbest"."mart"."stg_clients" rename to "stg_clients__dbt_backup"
22:35:21  On model.finbest.stg_rates: /* {"app": "dbt", "dbt_version": "1.5.11", "profile_name": "finbest", "target_name": "dev", "node_id": "model.finbest.stg_rates"} */
alter table "finbest"."mart"."stg_rates" rename to "stg_rates__dbt_backup"
22:35:21  On model.finbest.stg_transactions: /* {"app": "dbt", "dbt_version": "1.5.11", "profile_name": "finbest", "target_name": "dev", "node_id": "model.finbest.stg_transactions"} */
alter table "finbest"."mart"."stg_transactions" rename to "stg_transactions__dbt_backup"
22:35:21  SQL status: ALTER TABLE in 0.0 seconds
22:35:21  SQL status: ALTER TABLE in 0.0 seconds
22:35:21  SQL status: ALTER TABLE in 0.0 seconds
22:35:21  Using postgres connection "model.finbest.stg_clients"
22:35:21  Using postgres connection "model.finbest.stg_transactions"
22:35:21  Using postgres connection "model.finbest.stg_rates"
22:35:21  On model.finbest.stg_clients: /* {"app": "dbt", "dbt_version": "1.5.11", "profile_name": "finbest", "target_name": "dev", "node_id": "model.finbest.stg_clients"} */
alter table "finbest"."mart"."stg_clients__dbt_tmp" rename to "stg_clients"
22:35:21  On model.finbest.stg_transactions: /* {"app": "dbt", "dbt_version": "1.5.11", "profile_name": "finbest", "target_name": "dev", "node_id": "model.finbest.stg_transactions"} */
alter table "finbest"."mart"."stg_transactions__dbt_tmp" rename to "stg_transactions"
22:35:21  On model.finbest.stg_rates: /* {"app": "dbt", "dbt_version": "1.5.11", "profile_name": "finbest", "target_name": "dev", "node_id": "model.finbest.stg_rates"} */
alter table "finbest"."mart"."stg_rates__dbt_tmp" rename to "stg_rates"
22:35:21  SQL status: ALTER TABLE in 0.0 seconds
22:35:21  SQL status: ALTER TABLE in 0.0 seconds
22:35:21  SQL status: ALTER TABLE in 0.0 seconds
22:35:21  On model.finbest.stg_clients: COMMIT
22:35:21  On model.finbest.stg_transactions: COMMIT
22:35:21  On model.finbest.stg_rates: COMMIT
22:35:21  Using postgres connection "model.finbest.stg_clients"
22:35:21  Using postgres connection "model.finbest.stg_transactions"
22:35:21  Using postgres connection "model.finbest.stg_rates"
22:35:21  On model.finbest.stg_clients: COMMIT
22:35:21  On model.finbest.stg_transactions: COMMIT
22:35:21  On model.finbest.stg_rates: COMMIT
22:35:21  SQL status: COMMIT in 0.0 seconds
22:35:21  SQL status: COMMIT in 0.0 seconds
22:35:21  SQL status: COMMIT in 0.0 seconds
22:35:21  Using postgres connection "model.finbest.stg_clients"
22:35:21  Using postgres connection "model.finbest.stg_rates"
22:35:21  Using postgres connection "model.finbest.stg_transactions"
22:35:21  On model.finbest.stg_clients: /* {"app": "dbt", "dbt_version": "1.5.11", "profile_name": "finbest", "target_name": "dev", "node_id": "model.finbest.stg_clients"} */
drop table if exists "finbest"."mart"."stg_clients__dbt_backup" cascade
22:35:21  On model.finbest.stg_rates: /* {"app": "dbt", "dbt_version": "1.5.11", "profile_name": "finbest", "target_name": "dev", "node_id": "model.finbest.stg_rates"} */
drop table if exists "finbest"."mart"."stg_rates__dbt_backup" cascade
22:35:21  On model.finbest.stg_transactions: /* {"app": "dbt", "dbt_version": "1.5.11", "profile_name": "finbest", "target_name": "dev", "node_id": "model.finbest.stg_transactions"} */
drop table if exists "finbest"."mart"."stg_transactions__dbt_backup" cascade
22:35:21  SQL status: DROP TABLE in 0.0 seconds
22:35:21  SQL status: DROP TABLE in 0.0 seconds
22:35:21  SQL status: DROP TABLE in 0.0 seconds
22:35:21  Timing info for model.finbest.stg_rates (execute): 22:35:21.631013 => 22:35:21.826892
22:35:21  Timing info for model.finbest.stg_transactions (execute): 22:35:21.674972 => 22:35:21.829461
22:35:21  Timing info for model.finbest.stg_clients (execute): 22:35:21.659679 => 22:35:21.830972
22:35:21  On model.finbest.stg_rates: Close
22:35:21  On model.finbest.stg_transactions: Close
22:35:21  On model.finbest.stg_clients: Close
22:35:21  Sending event: {'category': 'dbt', 'action': 'run_model', 'label': 'd390f89c-c61c-4168-aa6f-275632359fca', 'context': [<snowplow_tracker.self_describing_json.SelfDescribingJson object at 0x7eb72d157bd0>]}
22:35:21  Sending event: {'category': 'dbt', 'action': 'run_model', 'label': 'd390f89c-c61c-4168-aa6f-275632359fca', 'context': [<snowplow_tracker.self_describing_json.SelfDescribingJson object at 0x7eb72d19b890>]}
22:35:21  Sending event: {'category': 'dbt', 'action': 'run_model', 'label': 'd390f89c-c61c-4168-aa6f-275632359fca', 'context': [<snowplow_tracker.self_describing_json.SelfDescribingJson object at 0x7eb72d186cd0>]}
22:35:21  2 of 5 OK created sql table model mart.stg_rates ............................... [SELECT 4 in 0.22s]
22:35:21  3 of 5 OK created sql table model mart.stg_transactions ........................ [SELECT 1000 in 0.22s]
22:35:21  1 of 5 OK created sql table model mart.stg_clients ............................. [SELECT 200 in 0.22s]
22:35:21  Finished running node model.finbest.stg_rates
22:35:21  Finished running node model.finbest.stg_transactions
22:35:21  Finished running node model.finbest.stg_clients
22:35:21  Began running node model.finbest.int_daily_transactions
22:35:21  4 of 5 START sql table model mart.int_daily_transactions ....................... [RUN]
22:35:21  Acquiring new postgres connection 'model.finbest.int_daily_transactions'
22:35:21  Began compiling node model.finbest.int_daily_transactions
22:35:21  Writing injected SQL for node "model.finbest.int_daily_transactions"
22:35:21  Timing info for model.finbest.int_daily_transactions (compile): 22:35:21.843201 => 22:35:21.846270
22:35:21  Began executing node model.finbest.int_daily_transactions
22:35:21  Writing runtime sql for node "model.finbest.int_daily_transactions"
22:35:21  Using postgres connection "model.finbest.int_daily_transactions"
22:35:21  On model.finbest.int_daily_transactions: BEGIN
22:35:21  Opening a new connection, currently in state init
22:35:21  SQL status: BEGIN in 0.0 seconds
22:35:21  Using postgres connection "model.finbest.int_daily_transactions"
22:35:21  On model.finbest.int_daily_transactions: /* {"app": "dbt", "dbt_version": "1.5.11", "profile_name": "finbest", "target_name": "dev", "node_id": "model.finbest.int_daily_transactions"} */

  
    

  create  table "finbest"."mart"."int_daily_transactions__dbt_tmp"
  
  
    as
  
  (
    with t as (
  select date(datetime) as dt, client_id, currency,
         sum(case when transaction_type='deposit' then amount end) as inflow,
         sum(case when transaction_type='withdrawal' then amount end) as outflow,
         count(*) as tx_cnt
  from "finbest"."mart"."stg_transactions"
  group by 1,2,3)
select *, inflow-outflow as net_flow from t
  );
  
22:35:21  SQL status: SELECT 493 in 0.0 seconds
22:35:21  Using postgres connection "model.finbest.int_daily_transactions"
22:35:21  On model.finbest.int_daily_transactions: /* {"app": "dbt", "dbt_version": "1.5.11", "profile_name": "finbest", "target_name": "dev", "node_id": "model.finbest.int_daily_transactions"} */
alter table "finbest"."mart"."int_daily_transactions" rename to "int_daily_transactions__dbt_backup"
22:35:21  SQL status: ALTER TABLE in 0.0 seconds
22:35:21  Using postgres connection "model.finbest.int_daily_transactions"
22:35:21  On model.finbest.int_daily_transactions: /* {"app": "dbt", "dbt_version": "1.5.11", "profile_name": "finbest", "target_name": "dev", "node_id": "model.finbest.int_daily_transactions"} */
alter table "finbest"."mart"."int_daily_transactions__dbt_tmp" rename to "int_daily_transactions"
22:35:21  SQL status: ALTER TABLE in 0.0 seconds
22:35:21  On model.finbest.int_daily_transactions: COMMIT
22:35:21  Using postgres connection "model.finbest.int_daily_transactions"
22:35:21  On model.finbest.int_daily_transactions: COMMIT
22:35:21  SQL status: COMMIT in 0.0 seconds
22:35:21  Using postgres connection "model.finbest.int_daily_transactions"
22:35:21  On model.finbest.int_daily_transactions: /* {"app": "dbt", "dbt_version": "1.5.11", "profile_name": "finbest", "target_name": "dev", "node_id": "model.finbest.int_daily_transactions"} */
drop table if exists "finbest"."mart"."int_daily_transactions__dbt_backup" cascade
22:35:21  SQL status: DROP TABLE in 0.0 seconds
22:35:21  Timing info for model.finbest.int_daily_transactions (execute): 22:35:21.847225 => 22:35:21.919145
22:35:21  On model.finbest.int_daily_transactions: Close
22:35:21  Sending event: {'category': 'dbt', 'action': 'run_model', 'label': 'd390f89c-c61c-4168-aa6f-275632359fca', 'context': [<snowplow_tracker.self_describing_json.SelfDescribingJson object at 0x7eb72da5c850>]}
22:35:21  4 of 5 OK created sql table model mart.int_daily_transactions .................. [SELECT 493 in 0.08s]
22:35:21  Finished running node model.finbest.int_daily_transactions
22:35:21  Began running node model.finbest.fact_client_balance
22:35:21  5 of 5 START sql table model mart.fact_client_balance .......................... [RUN]
22:35:21  Re-using an available connection from the pool (formerly model.finbest.stg_transactions, now model.finbest.fact_client_balance)
22:35:21  Began compiling node model.finbest.fact_client_balance
22:35:21  Writing injected SQL for node "model.finbest.fact_client_balance"
22:35:21  Timing info for model.finbest.fact_client_balance (compile): 22:35:21.924544 => 22:35:21.927475
22:35:21  Began executing node model.finbest.fact_client_balance
22:35:21  Writing runtime sql for node "model.finbest.fact_client_balance"
22:35:21  Using postgres connection "model.finbest.fact_client_balance"
22:35:21  On model.finbest.fact_client_balance: BEGIN
22:35:21  Opening a new connection, currently in state closed
22:35:21  SQL status: BEGIN in 0.0 seconds
22:35:21  Using postgres connection "model.finbest.fact_client_balance"
22:35:21  On model.finbest.fact_client_balance: /* {"app": "dbt", "dbt_version": "1.5.11", "profile_name": "finbest", "target_name": "dev", "node_id": "model.finbest.fact_client_balance"} */

  
    

  create  table "finbest"."mart"."fact_client_balance__dbt_tmp"
  
  
    as
  
  (
    select dt as date, client_id, currency,
       sum(net_flow) over (partition by client_id,currency
                           order by dt
                           rows between unbounded preceding and 1 preceding) as opening_balance,
       sum(net_flow) over (partition by client_id,currency
                           order by dt) as closing_balance,
       inflow,outflow,tx_cnt as transaction_count
from "finbest"."mart"."int_daily_transactions"
  );
  
22:35:21  SQL status: SELECT 493 in 0.0 seconds
22:35:21  Using postgres connection "model.finbest.fact_client_balance"
22:35:21  On model.finbest.fact_client_balance: /* {"app": "dbt", "dbt_version": "1.5.11", "profile_name": "finbest", "target_name": "dev", "node_id": "model.finbest.fact_client_balance"} */
alter table "finbest"."mart"."fact_client_balance" rename to "fact_client_balance__dbt_backup"
22:35:21  SQL status: ALTER TABLE in 0.0 seconds
22:35:21  Using postgres connection "model.finbest.fact_client_balance"
22:35:21  On model.finbest.fact_client_balance: /* {"app": "dbt", "dbt_version": "1.5.11", "profile_name": "finbest", "target_name": "dev", "node_id": "model.finbest.fact_client_balance"} */
alter table "finbest"."mart"."fact_client_balance__dbt_tmp" rename to "fact_client_balance"
22:35:21  SQL status: ALTER TABLE in 0.0 seconds
22:35:21  On model.finbest.fact_client_balance: COMMIT
22:35:21  Using postgres connection "model.finbest.fact_client_balance"
22:35:21  On model.finbest.fact_client_balance: COMMIT
22:35:21  SQL status: COMMIT in 0.0 seconds
22:35:21  Using postgres connection "model.finbest.fact_client_balance"
22:35:21  On model.finbest.fact_client_balance: /* {"app": "dbt", "dbt_version": "1.5.11", "profile_name": "finbest", "target_name": "dev", "node_id": "model.finbest.fact_client_balance"} */
drop table if exists "finbest"."mart"."fact_client_balance__dbt_backup" cascade
22:35:21  SQL status: DROP TABLE in 0.0 seconds
22:35:21  Timing info for model.finbest.fact_client_balance (execute): 22:35:21.928346 => 22:35:21.962950
22:35:21  On model.finbest.fact_client_balance: Close
22:35:21  Sending event: {'category': 'dbt', 'action': 'run_model', 'label': 'd390f89c-c61c-4168-aa6f-275632359fca', 'context': [<snowplow_tracker.self_describing_json.SelfDescribingJson object at 0x7eb72d16fd90>]}
22:35:21  5 of 5 OK created sql table model mart.fact_client_balance ..................... [SELECT 493 in 0.04s]
22:35:21  Finished running node model.finbest.fact_client_balance
22:35:22  Using postgres connection "master"
22:35:22  On master: BEGIN
22:35:22  Opening a new connection, currently in state closed
22:35:22  SQL status: BEGIN in 0.0 seconds
22:35:22  On master: COMMIT
22:35:22  Using postgres connection "master"
22:35:22  On master: COMMIT
22:35:22  SQL status: COMMIT in 0.0 seconds
22:35:22  On master: Close
22:35:22  Connection 'master' was properly closed.
22:35:22  Connection 'model.finbest.stg_clients' was properly closed.
22:35:22  Connection 'model.finbest.stg_rates' was properly closed.
22:35:22  Connection 'model.finbest.fact_client_balance' was properly closed.
22:35:22  Connection 'model.finbest.int_daily_transactions' was properly closed.
22:35:22  
22:35:22  Finished running 5 table models in 0 hours 0 minutes and 0.51 seconds (0.51s).
22:35:22  Command end result
22:35:22  
22:35:22  Completed successfully
22:35:22  
22:35:22  Done. PASS=5 WARN=0 ERROR=0 SKIP=0 TOTAL=5
22:35:22  Command `dbt run` succeeded at 22:35:22.041893 after 0.68 seconds
22:35:22  Sending event: {'category': 'dbt', 'action': 'invocation', 'label': 'end', 'context': [<snowplow_tracker.self_describing_json.SelfDescribingJson object at 0x7eb72ef2a710>, <snowplow_tracker.self_describing_json.SelfDescribingJson object at 0x7eb73201b910>, <snowplow_tracker.self_describing_json.SelfDescribingJson object at 0x7eb73201b690>]}
22:35:22  Flushing usage events
[2025-04-23T22:35:23.572+0000] {logging_mixin.py:150} INFO - STDERR:
[2025-04-23T22:35:23.573+0000] {python.py:183} INFO - Done. Returned value was: 0
[2025-04-23T22:35:23.598+0000] {taskinstance.py:1350} INFO - Marking task as SUCCESS. dag_id=transform, task_id=dbt_run, execution_date=20250423T223515, start_date=20250423T223518, end_date=20250423T223523
[2025-04-23T22:35:23.631+0000] {local_task_job_runner.py:225} INFO - Task exited with return code 0
[2025-04-23T22:35:23.715+0000] {taskinstance.py:2653} INFO - 1 downstream tasks scheduled from follow-on schedule check
