[2025-05-04T19:57:00.718+0000] {taskinstance.py:1103} INFO - Dependencies all met for dep_context=non-requeueable deps ti=<TaskInstance: extract_load.load_rates manual__2025-05-04T19:56:52.374366+00:00 [queued]>
[2025-05-04T19:57:00.734+0000] {taskinstance.py:1103} INFO - Dependencies all met for dep_context=requeueable deps ti=<TaskInstance: extract_load.load_rates manual__2025-05-04T19:56:52.374366+00:00 [queued]>
[2025-05-04T19:57:00.734+0000] {taskinstance.py:1308} INFO - Starting attempt 1 of 2
[2025-05-04T19:57:00.753+0000] {taskinstance.py:1327} INFO - Executing <Task(PythonOperator): load_rates> on 2025-05-04 19:56:52.374366+00:00
[2025-05-04T19:57:00.764+0000] {standard_task_runner.py:57} INFO - Started process 5004 to run task
[2025-05-04T19:57:00.769+0000] {standard_task_runner.py:84} INFO - Running: ['airflow', 'tasks', 'run', 'extract_load', 'load_rates', 'manual__2025-05-04T19:56:52.374366+00:00', '--job-id', '140', '--raw', '--subdir', 'DAGS_FOLDER/extract_load.py', '--cfg-path', '/tmp/tmpdqukndeb']
[2025-05-04T19:57:00.770+0000] {standard_task_runner.py:85} INFO - Job 140: Subtask load_rates
[2025-05-04T19:57:00.785+0000] {logging_mixin.py:150} WARNING - /home/airflow/.local/lib/python3.7/site-packages/airflow/settings.py:195 DeprecationWarning: The sql_alchemy_conn option in [core] has been moved to the sql_alchemy_conn option in [database] - the old setting has been used, but please update your config.
[2025-05-04T19:57:00.816+0000] {task_command.py:410} INFO - Running <TaskInstance: extract_load.load_rates manual__2025-05-04T19:56:52.374366+00:00 [running]> on host 773728ee9afd
[2025-05-04T19:57:00.970+0000] {taskinstance.py:1547} INFO - Exporting env vars: AIRFLOW_CTX_DAG_OWNER='finbest' AIRFLOW_CTX_DAG_ID='extract_load' AIRFLOW_CTX_TASK_ID='load_rates' AIRFLOW_CTX_EXECUTION_DATE='2025-05-04T19:56:52.374366+00:00' AIRFLOW_CTX_TRY_NUMBER='1' AIRFLOW_CTX_DAG_RUN_ID='manual__2025-05-04T19:56:52.374366+00:00'
[2025-05-04T19:57:00.974+0000] {crypto.py:83} WARNING - empty cryptography key - values will not be stored encrypted.
[2025-05-04T19:57:00.975+0000] {base.py:73} INFO - Using connection ID 'postgres_default' for task execution.
[2025-05-04T19:57:00.984+0000] {sql.py:375} INFO - Running statement: DELETE FROM staging.currency_rates WHERE date='2025-05-04', parameters: None
[2025-05-04T19:57:00.985+0000] {sql.py:384} INFO - Rows affected: 4
[2025-05-04T19:57:00.986+0000] {base.py:73} INFO - Using connection ID 'postgres_default' for task execution.
[2025-05-04T19:57:01.003+0000] {logging_mixin.py:150} INFO - Курсы валют загружены на дату 2025-05-04
[2025-05-04T19:57:01.003+0000] {python.py:183} INFO - Done. Returned value was: None
[2025-05-04T19:57:01.017+0000] {taskinstance.py:1350} INFO - Marking task as SUCCESS. dag_id=extract_load, task_id=load_rates, execution_date=20250504T195652, start_date=20250504T195700, end_date=20250504T195701
[2025-05-04T19:57:01.061+0000] {local_task_job_runner.py:225} INFO - Task exited with return code 0
[2025-05-04T19:57:01.086+0000] {taskinstance.py:2653} INFO - 0 downstream tasks scheduled from follow-on schedule check
