[2025-05-08T19:24:38.221+0000] {taskinstance.py:1103} INFO - Dependencies all met for dep_context=non-requeueable deps ti=<TaskInstance: graph_analysis.build_graph manual__2025-05-08T19:24:29.812788+00:00 [queued]>
[2025-05-08T19:24:38.227+0000] {taskinstance.py:1103} INFO - Dependencies all met for dep_context=requeueable deps ti=<TaskInstance: graph_analysis.build_graph manual__2025-05-08T19:24:29.812788+00:00 [queued]>
[2025-05-08T19:24:38.227+0000] {taskinstance.py:1308} INFO - Starting attempt 1 of 1
[2025-05-08T19:24:38.235+0000] {taskinstance.py:1327} INFO - Executing <Task(SparkSubmitOperator): build_graph> on 2025-05-08 19:24:29.812788+00:00
[2025-05-08T19:24:38.239+0000] {standard_task_runner.py:57} INFO - Started process 12309 to run task
[2025-05-08T19:24:38.241+0000] {standard_task_runner.py:84} INFO - Running: ['airflow', 'tasks', 'run', 'graph_analysis', 'build_graph', 'manual__2025-05-08T19:24:29.812788+00:00', '--job-id', '350', '--raw', '--subdir', 'DAGS_FOLDER/graph_analysis.py', '--cfg-path', '/tmp/tmp6z1t6v0r']
[2025-05-08T19:24:38.242+0000] {standard_task_runner.py:85} INFO - Job 350: Subtask build_graph
[2025-05-08T19:24:38.254+0000] {logging_mixin.py:150} WARNING - /home/airflow/.local/lib/python3.8/site-packages/airflow/settings.py:195 DeprecationWarning: The sql_alchemy_conn option in [core] has been moved to the sql_alchemy_conn option in [database] - the old setting has been used, but please update your config.
[2025-05-08T19:24:38.281+0000] {task_command.py:410} INFO - Running <TaskInstance: graph_analysis.build_graph manual__2025-05-08T19:24:29.812788+00:00 [running]> on host f2a432e4376a
[2025-05-08T19:24:38.346+0000] {taskinstance.py:1545} INFO - Exporting env vars: AIRFLOW_CTX_DAG_OWNER='finbest' AIRFLOW_CTX_DAG_ID='graph_analysis' AIRFLOW_CTX_TASK_ID='build_graph' AIRFLOW_CTX_EXECUTION_DATE='2025-05-08T19:24:29.812788+00:00' AIRFLOW_CTX_TRY_NUMBER='1' AIRFLOW_CTX_DAG_RUN_ID='manual__2025-05-08T19:24:29.812788+00:00'
[2025-05-08T19:24:38.354+0000] {base.py:73} INFO - Using connection ID 'spark_default' for task execution.
[2025-05-08T19:24:38.355+0000] {spark_submit.py:401} INFO - Spark-Submit cmd: spark-submit --master spark://spark-master:7077 --conf spark.driver.maxResultSize=512m --conf spark.sql.shuffle.partitions=10 --packages org.postgresql:postgresql:42.6.0,graphframes:graphframes:0.8.2-spark3.2-s_2.12 --executor-cores 1 --executor-memory 1g --driver-memory 1g --name arrow-spark --verbose /opt/airflow/spark/build_graph.py --jdbc jdbc:postgresql://postgres:5432/finbest --user finbest --password ******
[2025-05-08T19:24:38.372+0000] {spark_submit.py:571} INFO - /opt/spark/bin/load-spark-env.sh: line 68: ps: command not found
[2025-05-08T19:24:40.203+0000] {spark_submit.py:571} INFO - Using properties file: null
[2025-05-08T19:24:40.282+0000] {spark_submit.py:571} INFO - WARNING: An illegal reflective access operation has occurred
[2025-05-08T19:24:40.282+0000] {spark_submit.py:571} INFO - WARNING: Illegal reflective access by org.apache.spark.unsafe.Platform (file:/opt/spark/jars/spark-unsafe_2.12-3.2.4.jar) to constructor java.nio.DirectByteBuffer(long,int)
[2025-05-08T19:24:40.282+0000] {spark_submit.py:571} INFO - WARNING: Please consider reporting this to the maintainers of org.apache.spark.unsafe.Platform
[2025-05-08T19:24:40.282+0000] {spark_submit.py:571} INFO - WARNING: Use --illegal-access=warn to enable warnings of further illegal reflective access operations
[2025-05-08T19:24:40.282+0000] {spark_submit.py:571} INFO - WARNING: All illegal access operations will be denied in a future release
[2025-05-08T19:24:40.316+0000] {spark_submit.py:571} INFO - Parsed arguments:
[2025-05-08T19:24:40.316+0000] {spark_submit.py:571} INFO - master                  spark://spark-master:7077
[2025-05-08T19:24:40.316+0000] {spark_submit.py:571} INFO - deployMode              null
[2025-05-08T19:24:40.316+0000] {spark_submit.py:571} INFO - executorMemory          1g
[2025-05-08T19:24:40.316+0000] {spark_submit.py:571} INFO - executorCores           1
[2025-05-08T19:24:40.316+0000] {spark_submit.py:571} INFO - totalExecutorCores      null
[2025-05-08T19:24:40.316+0000] {spark_submit.py:571} INFO - propertiesFile          null
[2025-05-08T19:24:40.316+0000] {spark_submit.py:571} INFO - driverMemory            1g
[2025-05-08T19:24:40.316+0000] {spark_submit.py:571} INFO - driverCores             null
[2025-05-08T19:24:40.316+0000] {spark_submit.py:571} INFO - driverExtraClassPath    null
[2025-05-08T19:24:40.316+0000] {spark_submit.py:571} INFO - driverExtraLibraryPath  null
[2025-05-08T19:24:40.316+0000] {spark_submit.py:571} INFO - driverExtraJavaOptions  null
[2025-05-08T19:24:40.316+0000] {spark_submit.py:571} INFO - supervise               false
[2025-05-08T19:24:40.316+0000] {spark_submit.py:571} INFO - queue                   null
[2025-05-08T19:24:40.317+0000] {spark_submit.py:571} INFO - numExecutors            null
[2025-05-08T19:24:40.317+0000] {spark_submit.py:571} INFO - files                   null
[2025-05-08T19:24:40.317+0000] {spark_submit.py:571} INFO - pyFiles                 null
[2025-05-08T19:24:40.317+0000] {spark_submit.py:571} INFO - archives                null
[2025-05-08T19:24:40.317+0000] {spark_submit.py:571} INFO - mainClass               null
[2025-05-08T19:24:40.317+0000] {spark_submit.py:571} INFO - primaryResource         file:/opt/airflow/spark/build_graph.py
[2025-05-08T19:24:40.317+0000] {spark_submit.py:571} INFO - name                    arrow-spark
[2025-05-08T19:24:40.317+0000] {spark_submit.py:571} INFO - childArgs               [--jdbc jdbc:postgresql://postgres:5432/finbest --user finbest --password ***]
[2025-05-08T19:24:40.317+0000] {spark_submit.py:571} INFO - jars                    null
[2025-05-08T19:24:40.317+0000] {spark_submit.py:571} INFO - packages                org.postgresql:postgresql:42.6.0,graphframes:graphframes:0.8.2-spark3.2-s_2.12
[2025-05-08T19:24:40.317+0000] {spark_submit.py:571} INFO - packagesExclusions      null
[2025-05-08T19:24:40.317+0000] {spark_submit.py:571} INFO - repositories            null
[2025-05-08T19:24:40.317+0000] {spark_submit.py:571} INFO - verbose                 true
[2025-05-08T19:24:40.317+0000] {spark_submit.py:571} INFO - 
[2025-05-08T19:24:40.317+0000] {spark_submit.py:571} INFO - Spark properties used, including those specified through
[2025-05-08T19:24:40.317+0000] {spark_submit.py:571} INFO - --conf and those from the properties file null:
[2025-05-08T19:24:40.318+0000] {spark_submit.py:571} INFO - (spark.driver.memory,1g)
[2025-05-08T19:24:40.318+0000] {spark_submit.py:571} INFO - (spark.driver.maxResultSize,512m)
[2025-05-08T19:24:40.318+0000] {spark_submit.py:571} INFO - (spark.sql.shuffle.partitions,10)
[2025-05-08T19:24:40.318+0000] {spark_submit.py:571} INFO - 
[2025-05-08T19:24:40.318+0000] {spark_submit.py:571} INFO - 
[2025-05-08T19:24:40.422+0000] {spark_submit.py:571} INFO - :: loading settings :: url = jar:file:/opt/spark/jars/ivy-2.5.1.jar!/org/apache/ivy/core/settings/ivysettings.xml
[2025-05-08T19:24:40.499+0000] {spark_submit.py:571} INFO - Ivy Default Cache set to: /home/airflow/.ivy2/cache
[2025-05-08T19:24:40.500+0000] {spark_submit.py:571} INFO - The jars for the packages stored in: /home/airflow/.ivy2/jars
[2025-05-08T19:24:40.503+0000] {spark_submit.py:571} INFO - org.postgresql#postgresql added as a dependency
[2025-05-08T19:24:40.503+0000] {spark_submit.py:571} INFO - graphframes#graphframes added as a dependency
[2025-05-08T19:24:40.503+0000] {spark_submit.py:571} INFO - :: resolving dependencies :: org.apache.spark#spark-submit-parent-34ce3421-69a5-4a97-b51c-c7eed242a306;1.0
[2025-05-08T19:24:40.503+0000] {spark_submit.py:571} INFO - confs: [default]
[2025-05-08T19:24:40.599+0000] {spark_submit.py:571} INFO - found org.postgresql#postgresql;42.6.0 in central
[2025-05-08T19:24:40.617+0000] {spark_submit.py:571} INFO - found org.checkerframework#checker-qual;3.31.0 in central
[2025-05-08T19:24:40.635+0000] {spark_submit.py:571} INFO - found graphframes#graphframes;0.8.2-spark3.2-s_2.12 in spark-packages
[2025-05-08T19:24:40.654+0000] {spark_submit.py:571} INFO - found org.slf4j#slf4j-api;1.7.16 in central
[2025-05-08T19:24:40.674+0000] {spark_submit.py:571} INFO - :: resolution report :: resolve 164ms :: artifacts dl 6ms
[2025-05-08T19:24:40.674+0000] {spark_submit.py:571} INFO - :: modules in use:
[2025-05-08T19:24:40.674+0000] {spark_submit.py:571} INFO - graphframes#graphframes;0.8.2-spark3.2-s_2.12 from spark-packages in [default]
[2025-05-08T19:24:40.675+0000] {spark_submit.py:571} INFO - org.checkerframework#checker-qual;3.31.0 from central in [default]
[2025-05-08T19:24:40.675+0000] {spark_submit.py:571} INFO - org.postgresql#postgresql;42.6.0 from central in [default]
[2025-05-08T19:24:40.675+0000] {spark_submit.py:571} INFO - org.slf4j#slf4j-api;1.7.16 from central in [default]
[2025-05-08T19:24:40.675+0000] {spark_submit.py:571} INFO - ---------------------------------------------------------------------
[2025-05-08T19:24:40.675+0000] {spark_submit.py:571} INFO - |                  |            modules            ||   artifacts   |
[2025-05-08T19:24:40.675+0000] {spark_submit.py:571} INFO - |       conf       | number| search|dwnlded|evicted|| number|dwnlded|
[2025-05-08T19:24:40.675+0000] {spark_submit.py:571} INFO - ---------------------------------------------------------------------
[2025-05-08T19:24:40.675+0000] {spark_submit.py:571} INFO - |      default     |   4   |   0   |   0   |   0   ||   4   |   0   |
[2025-05-08T19:24:40.675+0000] {spark_submit.py:571} INFO - ---------------------------------------------------------------------
[2025-05-08T19:24:40.681+0000] {spark_submit.py:571} INFO - :: retrieving :: org.apache.spark#spark-submit-parent-34ce3421-69a5-4a97-b51c-c7eed242a306
[2025-05-08T19:24:40.681+0000] {spark_submit.py:571} INFO - confs: [default]
[2025-05-08T19:24:40.688+0000] {spark_submit.py:571} INFO - 0 artifacts copied, 4 already retrieved (0kB/7ms)
[2025-05-08T19:24:40.897+0000] {spark_submit.py:571} INFO - 25/05/08 19:24:40 WARN NativeCodeLoader: Unable to load native-hadoop library for your platform... using builtin-java classes where applicable
[2025-05-08T19:24:41.074+0000] {spark_submit.py:571} INFO - Main class:
[2025-05-08T19:24:41.074+0000] {spark_submit.py:571} INFO - org.apache.spark.deploy.PythonRunner
[2025-05-08T19:24:41.075+0000] {spark_submit.py:571} INFO - Arguments:
[2025-05-08T19:24:41.075+0000] {spark_submit.py:571} INFO - file:/opt/airflow/spark/build_graph.py
[2025-05-08T19:24:41.075+0000] {spark_submit.py:571} INFO - file:///home/airflow/.ivy2/jars/org.postgresql_postgresql-42.6.0.jar,file:///home/airflow/.ivy2/jars/graphframes_graphframes-0.8.2-spark3.2-s_2.12.jar,file:///home/airflow/.ivy2/jars/org.checkerframework_checker-qual-3.31.0.jar,file:///home/airflow/.ivy2/jars/org.slf4j_slf4j-api-1.7.16.jar
[2025-05-08T19:24:41.075+0000] {spark_submit.py:571} INFO - --jdbc
[2025-05-08T19:24:41.075+0000] {spark_submit.py:571} INFO - jdbc:postgresql://postgres:5432/finbest
[2025-05-08T19:24:41.075+0000] {spark_submit.py:571} INFO - --user
[2025-05-08T19:24:41.075+0000] {spark_submit.py:571} INFO - finbest
[2025-05-08T19:24:41.075+0000] {spark_submit.py:571} INFO - --password
[2025-05-08T19:24:41.075+0000] {spark_submit.py:571} INFO - ***
[2025-05-08T19:24:41.077+0000] {spark_submit.py:571} INFO - Spark config:
[2025-05-08T19:24:41.077+0000] {spark_submit.py:571} INFO - (spark.driver.maxResultSize,512m)
[2025-05-08T19:24:41.077+0000] {spark_submit.py:571} INFO - (spark.jars,file:///home/airflow/.ivy2/jars/org.postgresql_postgresql-42.6.0.jar,file:///home/airflow/.ivy2/jars/graphframes_graphframes-0.8.2-spark3.2-s_2.12.jar,file:///home/airflow/.ivy2/jars/org.checkerframework_checker-qual-3.31.0.jar,file:///home/airflow/.ivy2/jars/org.slf4j_slf4j-api-1.7.16.jar)
[2025-05-08T19:24:41.077+0000] {spark_submit.py:571} INFO - (spark.app.name,arrow-spark)
[2025-05-08T19:24:41.077+0000] {spark_submit.py:571} INFO - (spark.driver.memory,1g)
[2025-05-08T19:24:41.077+0000] {spark_submit.py:571} INFO - (spark.submit.pyFiles,/home/airflow/.ivy2/jars/org.postgresql_postgresql-42.6.0.jar,/home/airflow/.ivy2/jars/graphframes_graphframes-0.8.2-spark3.2-s_2.12.jar,/home/airflow/.ivy2/jars/org.checkerframework_checker-qual-3.31.0.jar,/home/airflow/.ivy2/jars/org.slf4j_slf4j-api-1.7.16.jar)
[2025-05-08T19:24:41.077+0000] {spark_submit.py:571} INFO - (spark.files,file:///home/airflow/.ivy2/jars/org.postgresql_postgresql-42.6.0.jar,file:///home/airflow/.ivy2/jars/graphframes_graphframes-0.8.2-spark3.2-s_2.12.jar,file:///home/airflow/.ivy2/jars/org.checkerframework_checker-qual-3.31.0.jar,file:///home/airflow/.ivy2/jars/org.slf4j_slf4j-api-1.7.16.jar)
[2025-05-08T19:24:41.078+0000] {spark_submit.py:571} INFO - (spark.submit.deployMode,client)
[2025-05-08T19:24:41.078+0000] {spark_submit.py:571} INFO - (spark.master,spark://spark-master:7077)
[2025-05-08T19:24:41.078+0000] {spark_submit.py:571} INFO - (spark.executor.memory,1g)
[2025-05-08T19:24:41.078+0000] {spark_submit.py:571} INFO - (spark.executor.cores,1)
[2025-05-08T19:24:41.078+0000] {spark_submit.py:571} INFO - (spark.repl.local.jars,file:///home/airflow/.ivy2/jars/org.postgresql_postgresql-42.6.0.jar,file:///home/airflow/.ivy2/jars/graphframes_graphframes-0.8.2-spark3.2-s_2.12.jar,file:///home/airflow/.ivy2/jars/org.checkerframework_checker-qual-3.31.0.jar,file:///home/airflow/.ivy2/jars/org.slf4j_slf4j-api-1.7.16.jar)
[2025-05-08T19:24:41.078+0000] {spark_submit.py:571} INFO - (spark.sql.shuffle.partitions,10)
[2025-05-08T19:24:41.078+0000] {spark_submit.py:571} INFO - Classpath elements:
[2025-05-08T19:24:41.078+0000] {spark_submit.py:571} INFO - file:///home/airflow/.ivy2/jars/org.postgresql_postgresql-42.6.0.jar
[2025-05-08T19:24:41.078+0000] {spark_submit.py:571} INFO - file:///home/airflow/.ivy2/jars/graphframes_graphframes-0.8.2-spark3.2-s_2.12.jar
[2025-05-08T19:24:41.078+0000] {spark_submit.py:571} INFO - file:///home/airflow/.ivy2/jars/org.checkerframework_checker-qual-3.31.0.jar
[2025-05-08T19:24:41.078+0000] {spark_submit.py:571} INFO - file:///home/airflow/.ivy2/jars/org.slf4j_slf4j-api-1.7.16.jar
[2025-05-08T19:24:41.078+0000] {spark_submit.py:571} INFO - 
[2025-05-08T19:24:41.078+0000] {spark_submit.py:571} INFO - 
[2025-05-08T19:24:42.424+0000] {spark_submit.py:571} INFO - Using Spark's default log4j profile: org/apache/spark/log4j-defaults.properties
[2025-05-08T19:24:42.431+0000] {spark_submit.py:571} INFO - 25/05/08 19:24:42 INFO SparkContext: Running Spark version 3.2.4
[2025-05-08T19:24:42.447+0000] {spark_submit.py:571} INFO - 25/05/08 19:24:42 INFO ResourceUtils: ==============================================================
[2025-05-08T19:24:42.447+0000] {spark_submit.py:571} INFO - 25/05/08 19:24:42 INFO ResourceUtils: No custom resources configured for spark.driver.
[2025-05-08T19:24:42.447+0000] {spark_submit.py:571} INFO - 25/05/08 19:24:42 INFO ResourceUtils: ==============================================================
[2025-05-08T19:24:42.447+0000] {spark_submit.py:571} INFO - 25/05/08 19:24:42 INFO SparkContext: Submitted application: FinBestGraphAnalysis
[2025-05-08T19:24:42.468+0000] {spark_submit.py:571} INFO - 25/05/08 19:24:42 INFO ResourceProfile: Default ResourceProfile created, executor resources: Map(cores -> name: cores, amount: 1, script: , vendor: , memory -> name: memory, amount: 1024, script: , vendor: , offHeap -> name: offHeap, amount: 0, script: , vendor: ), task resources: Map(cpus -> name: cpus, amount: 1.0)
[2025-05-08T19:24:42.478+0000] {spark_submit.py:571} INFO - 25/05/08 19:24:42 INFO ResourceProfile: Limiting resource is cpus at 1 tasks per executor
[2025-05-08T19:24:42.480+0000] {spark_submit.py:571} INFO - 25/05/08 19:24:42 INFO ResourceProfileManager: Added ResourceProfile id: 0
[2025-05-08T19:24:42.540+0000] {spark_submit.py:571} INFO - 25/05/08 19:24:42 INFO SecurityManager: Changing view acls to: airflow
[2025-05-08T19:24:42.540+0000] {spark_submit.py:571} INFO - 25/05/08 19:24:42 INFO SecurityManager: Changing modify acls to: airflow
[2025-05-08T19:24:42.541+0000] {spark_submit.py:571} INFO - 25/05/08 19:24:42 INFO SecurityManager: Changing view acls groups to:
[2025-05-08T19:24:42.541+0000] {spark_submit.py:571} INFO - 25/05/08 19:24:42 INFO SecurityManager: Changing modify acls groups to:
[2025-05-08T19:24:42.541+0000] {spark_submit.py:571} INFO - 25/05/08 19:24:42 INFO SecurityManager: SecurityManager: authentication disabled; ui acls disabled; users  with view permissions: Set(airflow); groups with view permissions: Set(); users  with modify permissions: Set(airflow); groups with modify permissions: Set()
[2025-05-08T19:24:42.782+0000] {spark_submit.py:571} INFO - 25/05/08 19:24:42 INFO Utils: Successfully started service 'sparkDriver' on port 41343.
[2025-05-08T19:24:42.810+0000] {spark_submit.py:571} INFO - 25/05/08 19:24:42 INFO SparkEnv: Registering MapOutputTracker
[2025-05-08T19:24:42.841+0000] {spark_submit.py:571} INFO - 25/05/08 19:24:42 INFO SparkEnv: Registering BlockManagerMaster
[2025-05-08T19:24:42.858+0000] {spark_submit.py:571} INFO - 25/05/08 19:24:42 INFO BlockManagerMasterEndpoint: Using org.apache.spark.storage.DefaultTopologyMapper for getting topology information
[2025-05-08T19:24:42.858+0000] {spark_submit.py:571} INFO - 25/05/08 19:24:42 INFO BlockManagerMasterEndpoint: BlockManagerMasterEndpoint up
[2025-05-08T19:24:42.862+0000] {spark_submit.py:571} INFO - 25/05/08 19:24:42 INFO SparkEnv: Registering BlockManagerMasterHeartbeat
[2025-05-08T19:24:42.888+0000] {spark_submit.py:571} INFO - 25/05/08 19:24:42 INFO DiskBlockManager: Created local directory at /tmp/blockmgr-815303d1-5e30-47d8-a09c-cffeb0ffb419
[2025-05-08T19:24:42.907+0000] {spark_submit.py:571} INFO - 25/05/08 19:24:42 INFO MemoryStore: MemoryStore started with capacity 434.4 MiB
[2025-05-08T19:24:42.921+0000] {spark_submit.py:571} INFO - 25/05/08 19:24:42 INFO SparkEnv: Registering OutputCommitCoordinator
[2025-05-08T19:24:43.091+0000] {spark_submit.py:571} INFO - 25/05/08 19:24:43 INFO Utils: Successfully started service 'SparkUI' on port 4040.
[2025-05-08T19:24:43.132+0000] {spark_submit.py:571} INFO - 25/05/08 19:24:43 INFO SparkUI: Bound SparkUI to 0.0.0.0, and started at http://f2a432e4376a:4040
[2025-05-08T19:24:43.141+0000] {spark_submit.py:571} INFO - 25/05/08 19:24:43 INFO SparkContext: Added JAR file:///home/airflow/.ivy2/jars/org.postgresql_postgresql-42.6.0.jar at spark://f2a432e4376a:41343/jars/org.postgresql_postgresql-42.6.0.jar with timestamp 1746732282423
[2025-05-08T19:24:43.141+0000] {spark_submit.py:571} INFO - 25/05/08 19:24:43 INFO SparkContext: Added JAR file:///home/airflow/.ivy2/jars/graphframes_graphframes-0.8.2-spark3.2-s_2.12.jar at spark://f2a432e4376a:41343/jars/graphframes_graphframes-0.8.2-spark3.2-s_2.12.jar with timestamp 1746732282423
[2025-05-08T19:24:43.141+0000] {spark_submit.py:571} INFO - 25/05/08 19:24:43 INFO SparkContext: Added JAR file:///home/airflow/.ivy2/jars/org.checkerframework_checker-qual-3.31.0.jar at spark://f2a432e4376a:41343/jars/org.checkerframework_checker-qual-3.31.0.jar with timestamp 1746732282423
[2025-05-08T19:24:43.141+0000] {spark_submit.py:571} INFO - 25/05/08 19:24:43 INFO SparkContext: Added JAR file:///home/airflow/.ivy2/jars/org.slf4j_slf4j-api-1.7.16.jar at spark://f2a432e4376a:41343/jars/org.slf4j_slf4j-api-1.7.16.jar with timestamp 1746732282423
[2025-05-08T19:24:43.143+0000] {spark_submit.py:571} INFO - 25/05/08 19:24:43 INFO SparkContext: Added file file:///home/airflow/.ivy2/jars/org.postgresql_postgresql-42.6.0.jar at spark://f2a432e4376a:41343/files/org.postgresql_postgresql-42.6.0.jar with timestamp 1746732282423
[2025-05-08T19:24:43.143+0000] {spark_submit.py:571} INFO - 25/05/08 19:24:43 INFO Utils: Copying /home/airflow/.ivy2/jars/org.postgresql_postgresql-42.6.0.jar to /tmp/spark-a8d12dac-d13c-4f73-a3ad-a4727d9e463c/userFiles-8dbdeb2b-d69d-44b7-a606-a3ab18b7b17a/org.postgresql_postgresql-42.6.0.jar
[2025-05-08T19:24:43.154+0000] {spark_submit.py:571} INFO - 25/05/08 19:24:43 INFO SparkContext: Added file file:///home/airflow/.ivy2/jars/graphframes_graphframes-0.8.2-spark3.2-s_2.12.jar at spark://f2a432e4376a:41343/files/graphframes_graphframes-0.8.2-spark3.2-s_2.12.jar with timestamp 1746732282423
[2025-05-08T19:24:43.154+0000] {spark_submit.py:571} INFO - 25/05/08 19:24:43 INFO Utils: Copying /home/airflow/.ivy2/jars/graphframes_graphframes-0.8.2-spark3.2-s_2.12.jar to /tmp/spark-a8d12dac-d13c-4f73-a3ad-a4727d9e463c/userFiles-8dbdeb2b-d69d-44b7-a606-a3ab18b7b17a/graphframes_graphframes-0.8.2-spark3.2-s_2.12.jar
[2025-05-08T19:24:43.157+0000] {spark_submit.py:571} INFO - 25/05/08 19:24:43 INFO SparkContext: Added file file:///home/airflow/.ivy2/jars/org.checkerframework_checker-qual-3.31.0.jar at spark://f2a432e4376a:41343/files/org.checkerframework_checker-qual-3.31.0.jar with timestamp 1746732282423
[2025-05-08T19:24:43.157+0000] {spark_submit.py:571} INFO - 25/05/08 19:24:43 INFO Utils: Copying /home/airflow/.ivy2/jars/org.checkerframework_checker-qual-3.31.0.jar to /tmp/spark-a8d12dac-d13c-4f73-a3ad-a4727d9e463c/userFiles-8dbdeb2b-d69d-44b7-a606-a3ab18b7b17a/org.checkerframework_checker-qual-3.31.0.jar
[2025-05-08T19:24:43.160+0000] {spark_submit.py:571} INFO - 25/05/08 19:24:43 INFO SparkContext: Added file file:///home/airflow/.ivy2/jars/org.slf4j_slf4j-api-1.7.16.jar at spark://f2a432e4376a:41343/files/org.slf4j_slf4j-api-1.7.16.jar with timestamp 1746732282423
[2025-05-08T19:24:43.161+0000] {spark_submit.py:571} INFO - 25/05/08 19:24:43 INFO Utils: Copying /home/airflow/.ivy2/jars/org.slf4j_slf4j-api-1.7.16.jar to /tmp/spark-a8d12dac-d13c-4f73-a3ad-a4727d9e463c/userFiles-8dbdeb2b-d69d-44b7-a606-a3ab18b7b17a/org.slf4j_slf4j-api-1.7.16.jar
[2025-05-08T19:24:43.304+0000] {spark_submit.py:571} INFO - 25/05/08 19:24:43 INFO StandaloneAppClient$ClientEndpoint: Connecting to master spark://spark-master:7077...
[2025-05-08T19:24:43.339+0000] {spark_submit.py:571} INFO - 25/05/08 19:24:43 INFO TransportClientFactory: Successfully created connection to spark-master/172.20.0.3:7077 after 22 ms (0 ms spent in bootstraps)
[2025-05-08T19:24:43.863+0000] {spark_submit.py:571} INFO - 25/05/08 19:24:43 INFO StandaloneSchedulerBackend: Connected to Spark cluster with app ID app-20250508192443-0003
[2025-05-08T19:24:43.869+0000] {spark_submit.py:571} INFO - 25/05/08 19:24:43 INFO Utils: Successfully started service 'org.apache.spark.network.netty.NettyBlockTransferService' on port 44355.
[2025-05-08T19:24:43.869+0000] {spark_submit.py:571} INFO - 25/05/08 19:24:43 INFO NettyBlockTransferService: Server created on f2a432e4376a:44355
[2025-05-08T19:24:43.871+0000] {spark_submit.py:571} INFO - 25/05/08 19:24:43 INFO BlockManager: Using org.apache.spark.storage.RandomBlockReplicationPolicy for block replication policy
[2025-05-08T19:24:43.875+0000] {spark_submit.py:571} INFO - 25/05/08 19:24:43 INFO BlockManagerMaster: Registering BlockManager BlockManagerId(driver, f2a432e4376a, 44355, None)
[2025-05-08T19:24:43.878+0000] {spark_submit.py:571} INFO - 25/05/08 19:24:43 INFO BlockManagerMasterEndpoint: Registering block manager f2a432e4376a:44355 with 434.4 MiB RAM, BlockManagerId(driver, f2a432e4376a, 44355, None)
[2025-05-08T19:24:43.880+0000] {spark_submit.py:571} INFO - 25/05/08 19:24:43 INFO BlockManagerMaster: Registered BlockManager BlockManagerId(driver, f2a432e4376a, 44355, None)
[2025-05-08T19:24:43.882+0000] {spark_submit.py:571} INFO - 25/05/08 19:24:43 INFO BlockManager: Initialized BlockManager: BlockManagerId(driver, f2a432e4376a, 44355, None)
[2025-05-08T19:24:43.909+0000] {spark_submit.py:571} INFO - 25/05/08 19:24:43 INFO StandaloneAppClient$ClientEndpoint: Executor added: app-20250508192443-0003/0 on worker-20250508061515-172.20.0.5-45383 (172.20.0.5:45383) with 1 core(s)
[2025-05-08T19:24:43.910+0000] {spark_submit.py:571} INFO - 25/05/08 19:24:43 INFO StandaloneSchedulerBackend: Granted executor ID app-20250508192443-0003/0 on hostPort 172.20.0.5:45383 with 1 core(s), 1024.0 MiB RAM
[2025-05-08T19:24:44.029+0000] {spark_submit.py:571} INFO - 25/05/08 19:24:44 INFO StandaloneSchedulerBackend: SchedulerBackend is ready for scheduling beginning after reached minRegisteredResourcesRatio: 0.0
[2025-05-08T19:24:44.181+0000] {spark_submit.py:571} INFO - 25/05/08 19:24:44 INFO SharedState: Setting hive.metastore.warehouse.dir ('null') to the value of spark.sql.warehouse.dir.
[2025-05-08T19:24:44.184+0000] {spark_submit.py:571} INFO - 25/05/08 19:24:44 INFO SharedState: Warehouse path is 'file:/opt/airflow/spark-warehouse'.
[2025-05-08T19:24:44.417+0000] {spark_submit.py:571} INFO - 25/05/08 19:24:44 INFO StandaloneAppClient$ClientEndpoint: Executor updated: app-20250508192443-0003/0 is now RUNNING
[2025-05-08T19:24:44.928+0000] {spark_submit.py:571} INFO - 2025-05-08 19:24:44,928 [INFO] SparkSession создана
[2025-05-08T19:24:44.929+0000] {spark_submit.py:571} INFO - 2025-05-08 19:24:44,928 [INFO] Загружаем клиентов и транзакции
[2025-05-08T19:24:47.421+0000] {spark_submit.py:571} INFO - 25/05/08 19:24:47 INFO CoarseGrainedSchedulerBackend$DriverEndpoint: Registered executor NettyRpcEndpointRef(spark-client://Executor) (172.20.0.5:47888) with ID 0,  ResourceProfileId 0
[2025-05-08T19:24:47.585+0000] {spark_submit.py:571} INFO - 25/05/08 19:24:47 INFO BlockManagerMasterEndpoint: Registering block manager 172.20.0.5:39479 with 434.4 MiB RAM, BlockManagerId(0, 172.20.0.5, 39479, None)
[2025-05-08T19:24:48.071+0000] {spark_submit.py:571} INFO - 25/05/08 19:24:48 INFO CodeGenerator: Code generated in 101.052652 ms
[2025-05-08T19:24:48.114+0000] {spark_submit.py:571} INFO - 25/05/08 19:24:48 INFO DAGScheduler: Registering RDD 2 (count at NativeMethodAccessorImpl.java:0) as input to shuffle 0
[2025-05-08T19:24:48.118+0000] {spark_submit.py:571} INFO - 25/05/08 19:24:48 INFO DAGScheduler: Got map stage job 0 (count at NativeMethodAccessorImpl.java:0) with 1 output partitions
[2025-05-08T19:24:48.119+0000] {spark_submit.py:571} INFO - 25/05/08 19:24:48 INFO DAGScheduler: Final stage: ShuffleMapStage 0 (count at NativeMethodAccessorImpl.java:0)
[2025-05-08T19:24:48.119+0000] {spark_submit.py:571} INFO - 25/05/08 19:24:48 INFO DAGScheduler: Parents of final stage: List()
[2025-05-08T19:24:48.119+0000] {spark_submit.py:571} INFO - 25/05/08 19:24:48 INFO DAGScheduler: Missing parents: List()
[2025-05-08T19:24:48.122+0000] {spark_submit.py:571} INFO - 25/05/08 19:24:48 INFO DAGScheduler: Submitting ShuffleMapStage 0 (MapPartitionsRDD[2] at count at NativeMethodAccessorImpl.java:0), which has no missing parents
[2025-05-08T19:24:48.228+0000] {spark_submit.py:571} INFO - 25/05/08 19:24:48 INFO MemoryStore: Block broadcast_0 stored as values in memory (estimated size 12.9 KiB, free 434.4 MiB)
[2025-05-08T19:24:48.260+0000] {spark_submit.py:571} INFO - 25/05/08 19:24:48 INFO MemoryStore: Block broadcast_0_piece0 stored as bytes in memory (estimated size 6.8 KiB, free 434.4 MiB)
[2025-05-08T19:24:48.263+0000] {spark_submit.py:571} INFO - 25/05/08 19:24:48 INFO BlockManagerInfo: Added broadcast_0_piece0 in memory on f2a432e4376a:44355 (size: 6.8 KiB, free: 434.4 MiB)
[2025-05-08T19:24:48.268+0000] {spark_submit.py:571} INFO - 25/05/08 19:24:48 INFO SparkContext: Created broadcast 0 from broadcast at DAGScheduler.scala:1474
[2025-05-08T19:24:48.280+0000] {spark_submit.py:571} INFO - 25/05/08 19:24:48 INFO DAGScheduler: Submitting 1 missing tasks from ShuffleMapStage 0 (MapPartitionsRDD[2] at count at NativeMethodAccessorImpl.java:0) (first 15 tasks are for partitions Vector(0))
[2025-05-08T19:24:48.281+0000] {spark_submit.py:571} INFO - 25/05/08 19:24:48 INFO TaskSchedulerImpl: Adding task set 0.0 with 1 tasks resource profile 0
[2025-05-08T19:24:48.309+0000] {spark_submit.py:571} INFO - 25/05/08 19:24:48 INFO TaskSetManager: Starting task 0.0 in stage 0.0 (TID 0) (172.20.0.5, executor 0, partition 0, PROCESS_LOCAL, 4292 bytes) taskResourceAssignments Map()
[2025-05-08T19:24:48.497+0000] {spark_submit.py:571} INFO - 25/05/08 19:24:48 INFO BlockManagerInfo: Added broadcast_0_piece0 in memory on 172.20.0.5:39479 (size: 6.8 KiB, free: 434.4 MiB)
[2025-05-08T19:24:49.346+0000] {spark_submit.py:571} INFO - 25/05/08 19:24:49 INFO TaskSetManager: Finished task 0.0 in stage 0.0 (TID 0) in 1045 ms on 172.20.0.5 (executor 0) (1/1)
[2025-05-08T19:24:49.348+0000] {spark_submit.py:571} INFO - 25/05/08 19:24:49 INFO TaskSchedulerImpl: Removed TaskSet 0.0, whose tasks have all completed, from pool
[2025-05-08T19:24:49.354+0000] {spark_submit.py:571} INFO - 25/05/08 19:24:49 INFO DAGScheduler: ShuffleMapStage 0 (count at NativeMethodAccessorImpl.java:0) finished in 1.225 s
[2025-05-08T19:24:49.354+0000] {spark_submit.py:571} INFO - 25/05/08 19:24:49 INFO DAGScheduler: looking for newly runnable stages
[2025-05-08T19:24:49.354+0000] {spark_submit.py:571} INFO - 25/05/08 19:24:49 INFO DAGScheduler: running: Set()
[2025-05-08T19:24:49.355+0000] {spark_submit.py:571} INFO - 25/05/08 19:24:49 INFO DAGScheduler: waiting: Set()
[2025-05-08T19:24:49.355+0000] {spark_submit.py:571} INFO - 25/05/08 19:24:49 INFO DAGScheduler: failed: Set()
[2025-05-08T19:24:49.388+0000] {spark_submit.py:571} INFO - 25/05/08 19:24:49 INFO CodeGenerator: Code generated in 10.557597 ms
[2025-05-08T19:24:49.414+0000] {spark_submit.py:571} INFO - 25/05/08 19:24:49 INFO SparkContext: Starting job: count at NativeMethodAccessorImpl.java:0
[2025-05-08T19:24:49.417+0000] {spark_submit.py:571} INFO - 25/05/08 19:24:49 INFO DAGScheduler: Got job 1 (count at NativeMethodAccessorImpl.java:0) with 1 output partitions
[2025-05-08T19:24:49.417+0000] {spark_submit.py:571} INFO - 25/05/08 19:24:49 INFO DAGScheduler: Final stage: ResultStage 2 (count at NativeMethodAccessorImpl.java:0)
[2025-05-08T19:24:49.417+0000] {spark_submit.py:571} INFO - 25/05/08 19:24:49 INFO DAGScheduler: Parents of final stage: List(ShuffleMapStage 1)
[2025-05-08T19:24:49.418+0000] {spark_submit.py:571} INFO - 25/05/08 19:24:49 INFO DAGScheduler: Missing parents: List()
[2025-05-08T19:24:49.419+0000] {spark_submit.py:571} INFO - 25/05/08 19:24:49 INFO DAGScheduler: Submitting ResultStage 2 (MapPartitionsRDD[5] at count at NativeMethodAccessorImpl.java:0), which has no missing parents
[2025-05-08T19:24:49.426+0000] {spark_submit.py:571} INFO - 25/05/08 19:24:49 INFO MemoryStore: Block broadcast_1 stored as values in memory (estimated size 11.0 KiB, free 434.4 MiB)
[2025-05-08T19:24:49.428+0000] {spark_submit.py:571} INFO - 25/05/08 19:24:49 INFO MemoryStore: Block broadcast_1_piece0 stored as bytes in memory (estimated size 5.5 KiB, free 434.4 MiB)
[2025-05-08T19:24:49.428+0000] {spark_submit.py:571} INFO - 25/05/08 19:24:49 INFO BlockManagerInfo: Added broadcast_1_piece0 in memory on f2a432e4376a:44355 (size: 5.5 KiB, free: 434.4 MiB)
[2025-05-08T19:24:49.429+0000] {spark_submit.py:571} INFO - 25/05/08 19:24:49 INFO SparkContext: Created broadcast 1 from broadcast at DAGScheduler.scala:1474
[2025-05-08T19:24:49.430+0000] {spark_submit.py:571} INFO - 25/05/08 19:24:49 INFO DAGScheduler: Submitting 1 missing tasks from ResultStage 2 (MapPartitionsRDD[5] at count at NativeMethodAccessorImpl.java:0) (first 15 tasks are for partitions Vector(0))
[2025-05-08T19:24:49.430+0000] {spark_submit.py:571} INFO - 25/05/08 19:24:49 INFO TaskSchedulerImpl: Adding task set 2.0 with 1 tasks resource profile 0
[2025-05-08T19:24:49.436+0000] {spark_submit.py:571} INFO - 25/05/08 19:24:49 INFO TaskSetManager: Starting task 0.0 in stage 2.0 (TID 1) (172.20.0.5, executor 0, partition 0, NODE_LOCAL, 4457 bytes) taskResourceAssignments Map()
[2025-05-08T19:24:49.455+0000] {spark_submit.py:571} INFO - 25/05/08 19:24:49 INFO BlockManagerInfo: Added broadcast_1_piece0 in memory on 172.20.0.5:39479 (size: 5.5 KiB, free: 434.4 MiB)
[2025-05-08T19:24:49.523+0000] {spark_submit.py:571} INFO - 25/05/08 19:24:49 INFO MapOutputTrackerMasterEndpoint: Asked to send map output locations for shuffle 0 to 172.20.0.5:47888
[2025-05-08T19:24:49.556+0000] {spark_submit.py:571} INFO - 25/05/08 19:24:49 INFO BlockManagerInfo: Removed broadcast_0_piece0 on f2a432e4376a:44355 in memory (size: 6.8 KiB, free: 434.4 MiB)
[2025-05-08T19:24:49.582+0000] {spark_submit.py:571} INFO - 25/05/08 19:24:49 INFO BlockManagerInfo: Removed broadcast_0_piece0 on 172.20.0.5:39479 in memory (size: 6.8 KiB, free: 434.4 MiB)
[2025-05-08T19:24:49.644+0000] {spark_submit.py:571} INFO - 25/05/08 19:24:49 INFO TaskSetManager: Finished task 0.0 in stage 2.0 (TID 1) in 210 ms on 172.20.0.5 (executor 0) (1/1)
[2025-05-08T19:24:49.644+0000] {spark_submit.py:571} INFO - 25/05/08 19:24:49 INFO TaskSchedulerImpl: Removed TaskSet 2.0, whose tasks have all completed, from pool
[2025-05-08T19:24:49.645+0000] {spark_submit.py:571} INFO - 25/05/08 19:24:49 INFO DAGScheduler: ResultStage 2 (count at NativeMethodAccessorImpl.java:0) finished in 0.221 s
[2025-05-08T19:24:49.646+0000] {spark_submit.py:571} INFO - 25/05/08 19:24:49 INFO DAGScheduler: Job 1 is finished. Cancelling potential speculative or zombie tasks for this job
[2025-05-08T19:24:49.646+0000] {spark_submit.py:571} INFO - 25/05/08 19:24:49 INFO TaskSchedulerImpl: Killing all running tasks in stage 2: Stage finished
[2025-05-08T19:24:49.648+0000] {spark_submit.py:571} INFO - 25/05/08 19:24:49 INFO DAGScheduler: Job 1 finished: count at NativeMethodAccessorImpl.java:0, took 0.233418 s
[2025-05-08T19:24:49.683+0000] {spark_submit.py:571} INFO - 25/05/08 19:24:49 INFO DAGScheduler: Registering RDD 8 (count at NativeMethodAccessorImpl.java:0) as input to shuffle 1
[2025-05-08T19:24:49.683+0000] {spark_submit.py:571} INFO - 25/05/08 19:24:49 INFO DAGScheduler: Got map stage job 2 (count at NativeMethodAccessorImpl.java:0) with 1 output partitions
[2025-05-08T19:24:49.683+0000] {spark_submit.py:571} INFO - 25/05/08 19:24:49 INFO DAGScheduler: Final stage: ShuffleMapStage 3 (count at NativeMethodAccessorImpl.java:0)
[2025-05-08T19:24:49.683+0000] {spark_submit.py:571} INFO - 25/05/08 19:24:49 INFO DAGScheduler: Parents of final stage: List()
[2025-05-08T19:24:49.684+0000] {spark_submit.py:571} INFO - 25/05/08 19:24:49 INFO DAGScheduler: Missing parents: List()
[2025-05-08T19:24:49.684+0000] {spark_submit.py:571} INFO - 25/05/08 19:24:49 INFO DAGScheduler: Submitting ShuffleMapStage 3 (MapPartitionsRDD[8] at count at NativeMethodAccessorImpl.java:0), which has no missing parents
[2025-05-08T19:24:49.688+0000] {spark_submit.py:571} INFO - 25/05/08 19:24:49 INFO MemoryStore: Block broadcast_2 stored as values in memory (estimated size 12.9 KiB, free 434.4 MiB)
[2025-05-08T19:24:49.689+0000] {spark_submit.py:571} INFO - 25/05/08 19:24:49 INFO MemoryStore: Block broadcast_2_piece0 stored as bytes in memory (estimated size 6.8 KiB, free 434.4 MiB)
[2025-05-08T19:24:49.690+0000] {spark_submit.py:571} INFO - 25/05/08 19:24:49 INFO BlockManagerInfo: Added broadcast_2_piece0 in memory on f2a432e4376a:44355 (size: 6.8 KiB, free: 434.4 MiB)
[2025-05-08T19:24:49.691+0000] {spark_submit.py:571} INFO - 25/05/08 19:24:49 INFO SparkContext: Created broadcast 2 from broadcast at DAGScheduler.scala:1474
[2025-05-08T19:24:49.691+0000] {spark_submit.py:571} INFO - 25/05/08 19:24:49 INFO DAGScheduler: Submitting 1 missing tasks from ShuffleMapStage 3 (MapPartitionsRDD[8] at count at NativeMethodAccessorImpl.java:0) (first 15 tasks are for partitions Vector(0))
[2025-05-08T19:24:49.692+0000] {spark_submit.py:571} INFO - 25/05/08 19:24:49 INFO TaskSchedulerImpl: Adding task set 3.0 with 1 tasks resource profile 0
[2025-05-08T19:24:49.693+0000] {spark_submit.py:571} INFO - 25/05/08 19:24:49 INFO TaskSetManager: Starting task 0.0 in stage 3.0 (TID 2) (172.20.0.5, executor 0, partition 0, PROCESS_LOCAL, 4292 bytes) taskResourceAssignments Map()
[2025-05-08T19:24:49.707+0000] {spark_submit.py:571} INFO - 25/05/08 19:24:49 INFO BlockManagerInfo: Added broadcast_2_piece0 in memory on 172.20.0.5:39479 (size: 6.8 KiB, free: 434.4 MiB)
[2025-05-08T19:24:49.745+0000] {spark_submit.py:571} INFO - 25/05/08 19:24:49 INFO TaskSetManager: Finished task 0.0 in stage 3.0 (TID 2) in 53 ms on 172.20.0.5 (executor 0) (1/1)
[2025-05-08T19:24:49.746+0000] {spark_submit.py:571} INFO - 25/05/08 19:24:49 INFO TaskSchedulerImpl: Removed TaskSet 3.0, whose tasks have all completed, from pool
[2025-05-08T19:24:49.747+0000] {spark_submit.py:571} INFO - 25/05/08 19:24:49 INFO DAGScheduler: ShuffleMapStage 3 (count at NativeMethodAccessorImpl.java:0) finished in 0.061 s
[2025-05-08T19:24:49.750+0000] {spark_submit.py:571} INFO - 25/05/08 19:24:49 INFO DAGScheduler: looking for newly runnable stages
[2025-05-08T19:24:49.750+0000] {spark_submit.py:571} INFO - 25/05/08 19:24:49 INFO DAGScheduler: running: Set()
[2025-05-08T19:24:49.750+0000] {spark_submit.py:571} INFO - 25/05/08 19:24:49 INFO DAGScheduler: waiting: Set()
[2025-05-08T19:24:49.750+0000] {spark_submit.py:571} INFO - 25/05/08 19:24:49 INFO DAGScheduler: failed: Set()
[2025-05-08T19:24:49.774+0000] {spark_submit.py:571} INFO - 25/05/08 19:24:49 INFO SparkContext: Starting job: count at NativeMethodAccessorImpl.java:0
[2025-05-08T19:24:49.775+0000] {spark_submit.py:571} INFO - 25/05/08 19:24:49 INFO DAGScheduler: Got job 3 (count at NativeMethodAccessorImpl.java:0) with 1 output partitions
[2025-05-08T19:24:49.775+0000] {spark_submit.py:571} INFO - 25/05/08 19:24:49 INFO DAGScheduler: Final stage: ResultStage 5 (count at NativeMethodAccessorImpl.java:0)
[2025-05-08T19:24:49.775+0000] {spark_submit.py:571} INFO - 25/05/08 19:24:49 INFO DAGScheduler: Parents of final stage: List(ShuffleMapStage 4)
[2025-05-08T19:24:49.776+0000] {spark_submit.py:571} INFO - 25/05/08 19:24:49 INFO DAGScheduler: Missing parents: List()
[2025-05-08T19:24:49.776+0000] {spark_submit.py:571} INFO - 25/05/08 19:24:49 INFO DAGScheduler: Submitting ResultStage 5 (MapPartitionsRDD[11] at count at NativeMethodAccessorImpl.java:0), which has no missing parents
[2025-05-08T19:24:49.778+0000] {spark_submit.py:571} INFO - 25/05/08 19:24:49 INFO MemoryStore: Block broadcast_3 stored as values in memory (estimated size 11.0 KiB, free 434.4 MiB)
[2025-05-08T19:24:49.793+0000] {spark_submit.py:571} INFO - 25/05/08 19:24:49 INFO MemoryStore: Block broadcast_3_piece0 stored as bytes in memory (estimated size 5.5 KiB, free 434.3 MiB)
[2025-05-08T19:24:49.795+0000] {spark_submit.py:571} INFO - 25/05/08 19:24:49 INFO BlockManagerInfo: Added broadcast_3_piece0 in memory on f2a432e4376a:44355 (size: 5.5 KiB, free: 434.4 MiB)
[2025-05-08T19:24:49.798+0000] {spark_submit.py:571} INFO - 25/05/08 19:24:49 INFO SparkContext: Created broadcast 3 from broadcast at DAGScheduler.scala:1474
[2025-05-08T19:24:49.798+0000] {spark_submit.py:571} INFO - 25/05/08 19:24:49 INFO DAGScheduler: Submitting 1 missing tasks from ResultStage 5 (MapPartitionsRDD[11] at count at NativeMethodAccessorImpl.java:0) (first 15 tasks are for partitions Vector(0))
[2025-05-08T19:24:49.798+0000] {spark_submit.py:571} INFO - 25/05/08 19:24:49 INFO TaskSchedulerImpl: Adding task set 5.0 with 1 tasks resource profile 0
[2025-05-08T19:24:49.800+0000] {spark_submit.py:571} INFO - 25/05/08 19:24:49 INFO TaskSetManager: Starting task 0.0 in stage 5.0 (TID 3) (172.20.0.5, executor 0, partition 0, NODE_LOCAL, 4457 bytes) taskResourceAssignments Map()
[2025-05-08T19:24:49.800+0000] {spark_submit.py:571} INFO - 25/05/08 19:24:49 INFO BlockManagerInfo: Removed broadcast_2_piece0 on f2a432e4376a:44355 in memory (size: 6.8 KiB, free: 434.4 MiB)
[2025-05-08T19:24:49.804+0000] {spark_submit.py:571} INFO - 25/05/08 19:24:49 INFO BlockManagerInfo: Removed broadcast_2_piece0 on 172.20.0.5:39479 in memory (size: 6.8 KiB, free: 434.4 MiB)
[2025-05-08T19:24:49.818+0000] {spark_submit.py:571} INFO - 25/05/08 19:24:49 INFO BlockManagerInfo: Removed broadcast_1_piece0 on f2a432e4376a:44355 in memory (size: 5.5 KiB, free: 434.4 MiB)
[2025-05-08T19:24:49.823+0000] {spark_submit.py:571} INFO - 25/05/08 19:24:49 INFO BlockManagerInfo: Removed broadcast_1_piece0 on 172.20.0.5:39479 in memory (size: 5.5 KiB, free: 434.4 MiB)
[2025-05-08T19:24:49.827+0000] {spark_submit.py:571} INFO - 25/05/08 19:24:49 INFO BlockManagerInfo: Added broadcast_3_piece0 in memory on 172.20.0.5:39479 (size: 5.5 KiB, free: 434.4 MiB)
[2025-05-08T19:24:49.842+0000] {spark_submit.py:571} INFO - 25/05/08 19:24:49 INFO MapOutputTrackerMasterEndpoint: Asked to send map output locations for shuffle 1 to 172.20.0.5:47888
[2025-05-08T19:24:49.855+0000] {spark_submit.py:571} INFO - 25/05/08 19:24:49 INFO TaskSetManager: Finished task 0.0 in stage 5.0 (TID 3) in 55 ms on 172.20.0.5 (executor 0) (1/1)
[2025-05-08T19:24:49.855+0000] {spark_submit.py:571} INFO - 25/05/08 19:24:49 INFO TaskSchedulerImpl: Removed TaskSet 5.0, whose tasks have all completed, from pool
[2025-05-08T19:24:49.856+0000] {spark_submit.py:571} INFO - 25/05/08 19:24:49 INFO DAGScheduler: ResultStage 5 (count at NativeMethodAccessorImpl.java:0) finished in 0.078 s
[2025-05-08T19:24:49.856+0000] {spark_submit.py:571} INFO - 25/05/08 19:24:49 INFO DAGScheduler: Job 3 is finished. Cancelling potential speculative or zombie tasks for this job
[2025-05-08T19:24:49.857+0000] {spark_submit.py:571} INFO - 25/05/08 19:24:49 INFO TaskSchedulerImpl: Killing all running tasks in stage 5: Stage finished
[2025-05-08T19:24:49.857+0000] {spark_submit.py:571} INFO - 25/05/08 19:24:49 INFO DAGScheduler: Job 3 finished: count at NativeMethodAccessorImpl.java:0, took 0.082098 s
[2025-05-08T19:24:49.858+0000] {spark_submit.py:571} INFO - 2025-05-08 19:24:49,857 [INFO] Загружено 4652 транзакций и 1200 клиентов
[2025-05-08T19:24:49.993+0000] {spark_submit.py:571} INFO - 2025-05-08 19:24:49,992 [INFO] Создаем P2P ребра
[2025-05-08T19:24:50.028+0000] {spark_submit.py:571} INFO - 2025-05-08 19:24:50,028 [INFO] Создаем ребра по общим атрибутам
[2025-05-08T19:24:50.399+0000] {spark_submit.py:571} INFO - 25/05/08 19:24:50 INFO BlockManagerInfo: Removed broadcast_3_piece0 on f2a432e4376a:44355 in memory (size: 5.5 KiB, free: 434.4 MiB)
[2025-05-08T19:24:50.406+0000] {spark_submit.py:571} INFO - 25/05/08 19:24:50 INFO BlockManagerInfo: Removed broadcast_3_piece0 on 172.20.0.5:39479 in memory (size: 5.5 KiB, free: 434.4 MiB)
[2025-05-08T19:24:50.644+0000] {spark_submit.py:571} INFO - 2025-05-08 19:24:50,644 [INFO] Объединяем все ребра
[2025-05-08T19:24:50.772+0000] {spark_submit.py:571} INFO - 2025-05-08 19:24:50,772 [INFO] Создаем вершины графа
[2025-05-08T19:24:50.860+0000] {spark_submit.py:571} INFO - 2025-05-08 19:24:50,859 [INFO] Создаем финальный граф
[2025-05-08T19:24:50.904+0000] {spark_submit.py:571} INFO - 2025-05-08 19:24:50,904 [INFO] Вычисляем метрики графа
[2025-05-08T19:24:50.962+0000] {spark_submit.py:571} INFO - 2025-05-08 19:24:50,961 [ERROR] Ошибка при обработке транзакционного графа: name 'AM' is not defined
[2025-05-08T19:24:50.962+0000] {spark_submit.py:571} INFO - Traceback (most recent call last):
[2025-05-08T19:24:50.962+0000] {spark_submit.py:571} INFO - File "/opt/airflow/spark/build_graph.py", line 184, in main
[2025-05-08T19:24:50.962+0000] {spark_submit.py:571} INFO - F.sum(AM.edge["weight"]).alias("w_degree"),
[2025-05-08T19:24:50.962+0000] {spark_submit.py:571} INFO - NameError: name 'AM' is not defined
[2025-05-08T19:24:50.970+0000] {spark_submit.py:571} INFO - 25/05/08 19:24:50 INFO SparkUI: Stopped Spark web UI at http://f2a432e4376a:4040
[2025-05-08T19:24:50.973+0000] {spark_submit.py:571} INFO - 25/05/08 19:24:50 INFO StandaloneSchedulerBackend: Shutting down all executors
[2025-05-08T19:24:50.973+0000] {spark_submit.py:571} INFO - 25/05/08 19:24:50 INFO CoarseGrainedSchedulerBackend$DriverEndpoint: Asking each executor to shut down
[2025-05-08T19:24:50.994+0000] {spark_submit.py:571} INFO - 25/05/08 19:24:50 INFO MapOutputTrackerMasterEndpoint: MapOutputTrackerMasterEndpoint stopped!
[2025-05-08T19:24:51.031+0000] {spark_submit.py:571} INFO - 25/05/08 19:24:51 INFO MemoryStore: MemoryStore cleared
[2025-05-08T19:24:51.032+0000] {spark_submit.py:571} INFO - 25/05/08 19:24:51 INFO BlockManager: BlockManager stopped
[2025-05-08T19:24:51.037+0000] {spark_submit.py:571} INFO - 25/05/08 19:24:51 INFO BlockManagerMaster: BlockManagerMaster stopped
[2025-05-08T19:24:51.038+0000] {spark_submit.py:571} INFO - 25/05/08 19:24:51 INFO OutputCommitCoordinator$OutputCommitCoordinatorEndpoint: OutputCommitCoordinator stopped!
[2025-05-08T19:24:51.045+0000] {spark_submit.py:571} INFO - 25/05/08 19:24:51 INFO SparkContext: Successfully stopped SparkContext
[2025-05-08T19:24:51.056+0000] {spark_submit.py:571} INFO - 2025-05-08 19:24:51,056 [INFO] SparkSession остановлена
[2025-05-08T19:24:51.056+0000] {spark_submit.py:571} INFO - Traceback (most recent call last):
[2025-05-08T19:24:51.056+0000] {spark_submit.py:571} INFO - File "/opt/airflow/spark/build_graph.py", line 311, in <module>
[2025-05-08T19:24:51.056+0000] {spark_submit.py:571} INFO - main()
[2025-05-08T19:24:51.056+0000] {spark_submit.py:571} INFO - File "/opt/airflow/spark/build_graph.py", line 184, in main
[2025-05-08T19:24:51.056+0000] {spark_submit.py:571} INFO - F.sum(AM.edge["weight"]).alias("w_degree"),
[2025-05-08T19:24:51.056+0000] {spark_submit.py:571} INFO - NameError: name 'AM' is not defined
[2025-05-08T19:24:51.152+0000] {spark_submit.py:571} INFO - 25/05/08 19:24:51 INFO ShutdownHookManager: Shutdown hook called
[2025-05-08T19:24:51.153+0000] {spark_submit.py:571} INFO - 25/05/08 19:24:51 INFO ShutdownHookManager: Deleting directory /tmp/spark-69df016c-7409-4503-9d3e-ba7396c53f30
[2025-05-08T19:24:51.155+0000] {spark_submit.py:571} INFO - 25/05/08 19:24:51 INFO ShutdownHookManager: Deleting directory /tmp/spark-a8d12dac-d13c-4f73-a3ad-a4727d9e463c
[2025-05-08T19:24:51.157+0000] {spark_submit.py:571} INFO - 25/05/08 19:24:51 INFO ShutdownHookManager: Deleting directory /tmp/spark-a8d12dac-d13c-4f73-a3ad-a4727d9e463c/pyspark-091401d0-94f3-442e-bdc4-104875e958e2
[2025-05-08T19:24:51.222+0000] {taskinstance.py:1824} ERROR - Task failed with exception
Traceback (most recent call last):
  File "/home/airflow/.local/lib/python3.8/site-packages/airflow/providers/apache/spark/operators/spark_submit.py", line 174, in execute
    self._hook.submit(self.application)
  File "/home/airflow/.local/lib/python3.8/site-packages/airflow/providers/apache/spark/hooks/spark_submit.py", line 502, in submit
    raise AirflowException(
airflow.exceptions.AirflowException: Cannot execute: spark-submit --master spark://spark-master:7077 --conf spark.driver.maxResultSize=512m --conf spark.sql.shuffle.partitions=10 --packages org.postgresql:postgresql:42.6.0,graphframes:graphframes:0.8.2-spark3.2-s_2.12 --executor-cores 1 --executor-memory 1g --driver-memory 1g --name arrow-spark --verbose /opt/airflow/spark/build_graph.py --jdbc jdbc:postgresql://postgres:5432/finbest --user finbest --password ******. Error code is: 1.
[2025-05-08T19:24:51.224+0000] {taskinstance.py:1345} INFO - Marking task as FAILED. dag_id=graph_analysis, task_id=build_graph, execution_date=20250508T192429, start_date=20250508T192438, end_date=20250508T192451
[2025-05-08T19:24:51.235+0000] {standard_task_runner.py:104} ERROR - Failed to execute job 350 for task build_graph (Cannot execute: spark-submit --master spark://spark-master:7077 --conf spark.driver.maxResultSize=512m --conf spark.sql.shuffle.partitions=10 --packages org.postgresql:postgresql:42.6.0,graphframes:graphframes:0.8.2-spark3.2-s_2.12 --executor-cores 1 --executor-memory 1g --driver-memory 1g --name arrow-spark --verbose /opt/airflow/spark/build_graph.py --jdbc jdbc:postgresql://postgres:5432/finbest --user finbest --password ******. Error code is: 1.; 12309)
[2025-05-08T19:24:51.260+0000] {local_task_job_runner.py:225} INFO - Task exited with return code 1
[2025-05-08T19:24:51.281+0000] {taskinstance.py:2653} INFO - 0 downstream tasks scheduled from follow-on schedule check
