[2025-04-30T13:45:34.442+0000] {taskinstance.py:1103} INFO - Dependencies all met for dep_context=non-requeueable deps ti=<TaskInstance: extract_load.load_clients manual__2025-04-30T13:45:28.813114+00:00 [queued]>
[2025-04-30T13:45:34.448+0000] {taskinstance.py:1103} INFO - Dependencies all met for dep_context=requeueable deps ti=<TaskInstance: extract_load.load_clients manual__2025-04-30T13:45:28.813114+00:00 [queued]>
[2025-04-30T13:45:34.449+0000] {taskinstance.py:1308} INFO - Starting attempt 1 of 2
[2025-04-30T13:45:34.460+0000] {taskinstance.py:1327} INFO - Executing <Task(PythonOperator): load_clients> on 2025-04-30 13:45:28.813114+00:00
[2025-04-30T13:45:34.465+0000] {standard_task_runner.py:57} INFO - Started process 391 to run task
[2025-04-30T13:45:34.467+0000] {standard_task_runner.py:84} INFO - Running: ['airflow', 'tasks', 'run', 'extract_load', 'load_clients', 'manual__2025-04-30T13:45:28.813114+00:00', '--job-id', '52', '--raw', '--subdir', 'DAGS_FOLDER/extract_load.py', '--cfg-path', '/tmp/tmphc_crdkd']
[2025-04-30T13:45:34.468+0000] {standard_task_runner.py:85} INFO - Job 52: Subtask load_clients
[2025-04-30T13:45:34.480+0000] {logging_mixin.py:150} WARNING - /home/airflow/.local/lib/python3.7/site-packages/airflow/settings.py:195 DeprecationWarning: The sql_alchemy_conn option in [core] has been moved to the sql_alchemy_conn option in [database] - the old setting has been used, but please update your config.
[2025-04-30T13:45:34.506+0000] {task_command.py:410} INFO - Running <TaskInstance: extract_load.load_clients manual__2025-04-30T13:45:28.813114+00:00 [running]> on host ea0800df7ab4
[2025-04-30T13:45:34.582+0000] {taskinstance.py:1547} INFO - Exporting env vars: AIRFLOW_CTX_DAG_OWNER='finbest' AIRFLOW_CTX_DAG_ID='extract_load' AIRFLOW_CTX_TASK_ID='load_clients' AIRFLOW_CTX_EXECUTION_DATE='2025-04-30T13:45:28.813114+00:00' AIRFLOW_CTX_TRY_NUMBER='1' AIRFLOW_CTX_DAG_RUN_ID='manual__2025-04-30T13:45:28.813114+00:00'
[2025-04-30T13:45:34.594+0000] {base.py:73} INFO - Using connection ID 'postgres_default' for task execution.
[2025-04-30T13:45:34.598+0000] {taskinstance.py:1824} ERROR - Task failed with exception
Traceback (most recent call last):
  File "/home/airflow/.local/lib/python3.7/site-packages/airflow/operators/python.py", line 181, in execute
    return_value = self.execute_callable()
  File "/home/airflow/.local/lib/python3.7/site-packages/airflow/operators/python.py", line 198, in execute_callable
    return self.python_callable(*self.op_args, **self.op_kwargs)
  File "/opt/airflow/dags/extract_load.py", line 51, in gen_clients
    hook.run("TRUNCATE TABLE staging.clients")
  File "/home/airflow/.local/lib/python3.7/site-packages/airflow/providers/common/sql/hooks/sql.py", line 342, in run
    with closing(self.get_conn()) as conn:
  File "/home/airflow/.local/lib/python3.7/site-packages/airflow/providers/postgres/hooks/postgres.py", line 145, in get_conn
    self.conn = psycopg2.connect(**conn_args)
  File "/home/airflow/.local/lib/python3.7/site-packages/psycopg2/__init__.py", line 122, in connect
    conn = _connect(dsn, connection_factory=connection_factory, **kwasync)
psycopg2.OperationalError: connection to server at "postgres" (172.18.0.2), port 5432 failed: FATAL:  password authentication failed for user "postgres"

[2025-04-30T13:45:34.607+0000] {taskinstance.py:1350} INFO - Marking task as UP_FOR_RETRY. dag_id=extract_load, task_id=load_clients, execution_date=20250430T134528, start_date=20250430T134534, end_date=20250430T134534
[2025-04-30T13:45:34.617+0000] {standard_task_runner.py:109} ERROR - Failed to execute job 52 for task load_clients (connection to server at "postgres" (172.18.0.2), port 5432 failed: FATAL:  password authentication failed for user "postgres"
; 391)
[2025-04-30T13:45:34.638+0000] {local_task_job_runner.py:225} INFO - Task exited with return code 1
[2025-04-30T13:45:34.658+0000] {taskinstance.py:2653} INFO - 0 downstream tasks scheduled from follow-on schedule check
