[2025-04-27T08:03:50.703+0000] {taskinstance.py:1103} INFO - Dependencies all met for dep_context=non-requeueable deps ti=<TaskInstance: transform.detect_suspicious manual__2025-04-27T08:02:19.798678+00:00 [queued]>
[2025-04-27T08:03:50.709+0000] {taskinstance.py:1103} INFO - Dependencies all met for dep_context=requeueable deps ti=<TaskInstance: transform.detect_suspicious manual__2025-04-27T08:02:19.798678+00:00 [queued]>
[2025-04-27T08:03:50.709+0000] {taskinstance.py:1308} INFO - Starting attempt 2 of 2
[2025-04-27T08:03:50.719+0000] {taskinstance.py:1327} INFO - Executing <Task(SparkSubmitOperator): detect_suspicious> on 2025-04-27 08:02:19.798678+00:00
[2025-04-27T08:03:50.722+0000] {standard_task_runner.py:57} INFO - Started process 6800 to run task
[2025-04-27T08:03:50.724+0000] {standard_task_runner.py:84} INFO - Running: ['airflow', 'tasks', 'run', 'transform', 'detect_suspicious', 'manual__2025-04-27T08:02:19.798678+00:00', '--job-id', '17', '--raw', '--subdir', 'DAGS_FOLDER/transform.py', '--cfg-path', '/tmp/tmp8134a3tf']
[2025-04-27T08:03:50.725+0000] {standard_task_runner.py:85} INFO - Job 17: Subtask detect_suspicious
[2025-04-27T08:03:50.763+0000] {task_command.py:410} INFO - Running <TaskInstance: transform.detect_suspicious manual__2025-04-27T08:02:19.798678+00:00 [running]> on host c82426b22b9f
[2025-04-27T08:03:50.904+0000] {taskinstance.py:1547} INFO - Exporting env vars: AIRFLOW_CTX_DAG_OWNER='finbest' AIRFLOW_CTX_DAG_ID='transform' AIRFLOW_CTX_TASK_ID='detect_suspicious' AIRFLOW_CTX_EXECUTION_DATE='2025-04-27T08:02:19.798678+00:00' AIRFLOW_CTX_TRY_NUMBER='2' AIRFLOW_CTX_DAG_RUN_ID='manual__2025-04-27T08:02:19.798678+00:00'
[2025-04-27T08:03:50.912+0000] {base.py:73} INFO - Using connection ID 'spark_default' for task execution.
[2025-04-27T08:03:50.913+0000] {spark_submit.py:339} INFO - Spark-Submit cmd: spark-submit --master spark://spark-master:7077 --packages org.postgresql:postgresql:42.6.0,ru.yandex.clickhouse:clickhouse-jdbc:0.3.2 --executor-cores 2 --executor-memory 2g --driver-memory 1g --name arrow-spark /opt/airflow/spark/detect_suspicious.py --jdbc jdbc:postgresql://postgres:5432/finbest --clickhouse-url jdbc:clickhouse://clickhouse:8123/finbest
[2025-04-27T08:03:52.299+0000] {spark_submit.py:490} INFO - :: loading settings :: url = jar:file:/opt/spark/jars/ivy-2.5.0.jar!/org/apache/ivy/core/settings/ivysettings.xml
[2025-04-27T08:03:52.397+0000] {spark_submit.py:490} INFO - Ivy Default Cache set to: /home/airflow/.ivy2/cache
[2025-04-27T08:03:52.397+0000] {spark_submit.py:490} INFO - The jars for the packages stored in: /home/airflow/.ivy2/jars
[2025-04-27T08:03:52.401+0000] {spark_submit.py:490} INFO - org.postgresql#postgresql added as a dependency
[2025-04-27T08:03:52.401+0000] {spark_submit.py:490} INFO - ru.yandex.clickhouse#clickhouse-jdbc added as a dependency
[2025-04-27T08:03:52.402+0000] {spark_submit.py:490} INFO - :: resolving dependencies :: org.apache.spark#spark-submit-parent-d419fb96-6914-4361-8da6-fee267defcaf;1.0
[2025-04-27T08:03:52.402+0000] {spark_submit.py:490} INFO - confs: [default]
[2025-04-27T08:03:52.484+0000] {spark_submit.py:490} INFO - found org.postgresql#postgresql;42.6.0 in central
[2025-04-27T08:03:52.504+0000] {spark_submit.py:490} INFO - found org.checkerframework#checker-qual;3.31.0 in central
[2025-04-27T08:03:52.521+0000] {spark_submit.py:490} INFO - found ru.yandex.clickhouse#clickhouse-jdbc;0.3.2 in central
[2025-04-27T08:03:52.543+0000] {spark_submit.py:490} INFO - found com.clickhouse#clickhouse-http-client;0.3.2 in central
[2025-04-27T08:03:52.566+0000] {spark_submit.py:490} INFO - found com.clickhouse#clickhouse-client;0.3.2 in central
[2025-04-27T08:03:52.581+0000] {spark_submit.py:490} INFO - found org.lz4#lz4-java;1.8.0 in central
[2025-04-27T08:03:52.596+0000] {spark_submit.py:490} INFO - found com.google.code.gson#gson;2.8.8 in central
[2025-04-27T08:03:52.610+0000] {spark_submit.py:490} INFO - found org.apache.httpcomponents#httpclient;4.5.13 in central
[2025-04-27T08:03:52.625+0000] {spark_submit.py:490} INFO - found org.apache.httpcomponents#httpcore;4.4.13 in central
[2025-04-27T08:03:52.639+0000] {spark_submit.py:490} INFO - found commons-logging#commons-logging;1.2 in central
[2025-04-27T08:03:52.653+0000] {spark_submit.py:490} INFO - found commons-codec#commons-codec;1.11 in central
[2025-04-27T08:03:52.668+0000] {spark_submit.py:490} INFO - found org.apache.httpcomponents#httpmime;4.5.13 in central
[2025-04-27T08:03:52.695+0000] {spark_submit.py:490} INFO - :: resolution report :: resolve 280ms :: artifacts dl 12ms
[2025-04-27T08:03:52.695+0000] {spark_submit.py:490} INFO - :: modules in use:
[2025-04-27T08:03:52.695+0000] {spark_submit.py:490} INFO - com.clickhouse#clickhouse-client;0.3.2 from central in [default]
[2025-04-27T08:03:52.695+0000] {spark_submit.py:490} INFO - com.clickhouse#clickhouse-http-client;0.3.2 from central in [default]
[2025-04-27T08:03:52.695+0000] {spark_submit.py:490} INFO - com.google.code.gson#gson;2.8.8 from central in [default]
[2025-04-27T08:03:52.695+0000] {spark_submit.py:490} INFO - commons-codec#commons-codec;1.11 from central in [default]
[2025-04-27T08:03:52.695+0000] {spark_submit.py:490} INFO - commons-logging#commons-logging;1.2 from central in [default]
[2025-04-27T08:03:52.695+0000] {spark_submit.py:490} INFO - org.apache.httpcomponents#httpclient;4.5.13 from central in [default]
[2025-04-27T08:03:52.695+0000] {spark_submit.py:490} INFO - org.apache.httpcomponents#httpcore;4.4.13 from central in [default]
[2025-04-27T08:03:52.695+0000] {spark_submit.py:490} INFO - org.apache.httpcomponents#httpmime;4.5.13 from central in [default]
[2025-04-27T08:03:52.696+0000] {spark_submit.py:490} INFO - org.checkerframework#checker-qual;3.31.0 from central in [default]
[2025-04-27T08:03:52.696+0000] {spark_submit.py:490} INFO - org.lz4#lz4-java;1.8.0 from central in [default]
[2025-04-27T08:03:52.696+0000] {spark_submit.py:490} INFO - org.postgresql#postgresql;42.6.0 from central in [default]
[2025-04-27T08:03:52.696+0000] {spark_submit.py:490} INFO - ru.yandex.clickhouse#clickhouse-jdbc;0.3.2 from central in [default]
[2025-04-27T08:03:52.696+0000] {spark_submit.py:490} INFO - ---------------------------------------------------------------------
[2025-04-27T08:03:52.696+0000] {spark_submit.py:490} INFO - |                  |            modules            ||   artifacts   |
[2025-04-27T08:03:52.696+0000] {spark_submit.py:490} INFO - |       conf       | number| search|dwnlded|evicted|| number|dwnlded|
[2025-04-27T08:03:52.696+0000] {spark_submit.py:490} INFO - ---------------------------------------------------------------------
[2025-04-27T08:03:52.696+0000] {spark_submit.py:490} INFO - |      default     |   12  |   0   |   0   |   0   ||   12  |   0   |
[2025-04-27T08:03:52.696+0000] {spark_submit.py:490} INFO - ---------------------------------------------------------------------
[2025-04-27T08:03:52.701+0000] {spark_submit.py:490} INFO - :: retrieving :: org.apache.spark#spark-submit-parent-d419fb96-6914-4361-8da6-fee267defcaf
[2025-04-27T08:03:52.702+0000] {spark_submit.py:490} INFO - confs: [default]
[2025-04-27T08:03:52.709+0000] {spark_submit.py:490} INFO - 0 artifacts copied, 12 already retrieved (0kB/7ms)
[2025-04-27T08:03:52.884+0000] {spark_submit.py:490} INFO - 25/04/27 08:03:52 WARN NativeCodeLoader: Unable to load native-hadoop library for your platform... using builtin-java classes where applicable
[2025-04-27T08:03:53.634+0000] {spark_submit.py:490} INFO - 25/04/27 08:03:53 INFO SparkContext: Running Spark version 3.3.0
[2025-04-27T08:03:53.650+0000] {spark_submit.py:490} INFO - 25/04/27 08:03:53 INFO ResourceUtils: ==============================================================
[2025-04-27T08:03:53.651+0000] {spark_submit.py:490} INFO - 25/04/27 08:03:53 INFO ResourceUtils: No custom resources configured for spark.driver.
[2025-04-27T08:03:53.651+0000] {spark_submit.py:490} INFO - 25/04/27 08:03:53 INFO ResourceUtils: ==============================================================
[2025-04-27T08:03:53.651+0000] {spark_submit.py:490} INFO - 25/04/27 08:03:53 INFO SparkContext: Submitted application: FinBestDetect
[2025-04-27T08:03:53.669+0000] {spark_submit.py:490} INFO - 25/04/27 08:03:53 INFO ResourceProfile: Default ResourceProfile created, executor resources: Map(cores -> name: cores, amount: 2, script: , vendor: , memory -> name: memory, amount: 2048, script: , vendor: , offHeap -> name: offHeap, amount: 0, script: , vendor: ), task resources: Map(cpus -> name: cpus, amount: 1.0)
[2025-04-27T08:03:53.679+0000] {spark_submit.py:490} INFO - 25/04/27 08:03:53 INFO ResourceProfile: Limiting resource is cpus at 2 tasks per executor
[2025-04-27T08:03:53.680+0000] {spark_submit.py:490} INFO - 25/04/27 08:03:53 INFO ResourceProfileManager: Added ResourceProfile id: 0
[2025-04-27T08:03:53.730+0000] {spark_submit.py:490} INFO - 25/04/27 08:03:53 INFO SecurityManager: Changing view acls to: airflow
[2025-04-27T08:03:53.731+0000] {spark_submit.py:490} INFO - 25/04/27 08:03:53 INFO SecurityManager: Changing modify acls to: airflow
[2025-04-27T08:03:53.731+0000] {spark_submit.py:490} INFO - 25/04/27 08:03:53 INFO SecurityManager: Changing view acls groups to:
[2025-04-27T08:03:53.731+0000] {spark_submit.py:490} INFO - 25/04/27 08:03:53 INFO SecurityManager: Changing modify acls groups to:
[2025-04-27T08:03:53.732+0000] {spark_submit.py:490} INFO - 25/04/27 08:03:53 INFO SecurityManager: SecurityManager: authentication disabled; ui acls disabled; users  with view permissions: Set(airflow); groups with view permissions: Set(); users  with modify permissions: Set(airflow); groups with modify permissions: Set()
[2025-04-27T08:03:53.946+0000] {spark_submit.py:490} INFO - 25/04/27 08:03:53 INFO Utils: Successfully started service 'sparkDriver' on port 40229.
[2025-04-27T08:03:53.968+0000] {spark_submit.py:490} INFO - 25/04/27 08:03:53 INFO SparkEnv: Registering MapOutputTracker
[2025-04-27T08:03:53.994+0000] {spark_submit.py:490} INFO - 25/04/27 08:03:53 INFO SparkEnv: Registering BlockManagerMaster
[2025-04-27T08:03:54.009+0000] {spark_submit.py:490} INFO - 25/04/27 08:03:54 INFO BlockManagerMasterEndpoint: Using org.apache.spark.storage.DefaultTopologyMapper for getting topology information
[2025-04-27T08:03:54.009+0000] {spark_submit.py:490} INFO - 25/04/27 08:03:54 INFO BlockManagerMasterEndpoint: BlockManagerMasterEndpoint up
[2025-04-27T08:03:54.012+0000] {spark_submit.py:490} INFO - 25/04/27 08:03:54 INFO SparkEnv: Registering BlockManagerMasterHeartbeat
[2025-04-27T08:03:54.032+0000] {spark_submit.py:490} INFO - 25/04/27 08:03:54 INFO DiskBlockManager: Created local directory at /tmp/blockmgr-43f12c45-05c9-4a38-aa61-53920e23b970
[2025-04-27T08:03:54.045+0000] {spark_submit.py:490} INFO - 25/04/27 08:03:54 INFO MemoryStore: MemoryStore started with capacity 434.4 MiB
[2025-04-27T08:03:54.058+0000] {spark_submit.py:490} INFO - 25/04/27 08:03:54 INFO SparkEnv: Registering OutputCommitCoordinator
[2025-04-27T08:03:54.213+0000] {spark_submit.py:490} INFO - 25/04/27 08:03:54 INFO Utils: Successfully started service 'SparkUI' on port 4040.
[2025-04-27T08:03:54.242+0000] {spark_submit.py:490} INFO - 25/04/27 08:03:54 INFO SparkContext: Added JAR file:///home/airflow/.ivy2/jars/org.postgresql_postgresql-42.6.0.jar at spark://c82426b22b9f:40229/jars/org.postgresql_postgresql-42.6.0.jar with timestamp 1745741033627
[2025-04-27T08:03:54.242+0000] {spark_submit.py:490} INFO - 25/04/27 08:03:54 INFO SparkContext: Added JAR file:///home/airflow/.ivy2/jars/ru.yandex.clickhouse_clickhouse-jdbc-0.3.2.jar at spark://c82426b22b9f:40229/jars/ru.yandex.clickhouse_clickhouse-jdbc-0.3.2.jar with timestamp 1745741033627
[2025-04-27T08:03:54.242+0000] {spark_submit.py:490} INFO - 25/04/27 08:03:54 INFO SparkContext: Added JAR file:///home/airflow/.ivy2/jars/org.checkerframework_checker-qual-3.31.0.jar at spark://c82426b22b9f:40229/jars/org.checkerframework_checker-qual-3.31.0.jar with timestamp 1745741033627
[2025-04-27T08:03:54.243+0000] {spark_submit.py:490} INFO - 25/04/27 08:03:54 INFO SparkContext: Added JAR file:///home/airflow/.ivy2/jars/com.clickhouse_clickhouse-http-client-0.3.2.jar at spark://c82426b22b9f:40229/jars/com.clickhouse_clickhouse-http-client-0.3.2.jar with timestamp 1745741033627
[2025-04-27T08:03:54.243+0000] {spark_submit.py:490} INFO - 25/04/27 08:03:54 INFO SparkContext: Added JAR file:///home/airflow/.ivy2/jars/com.google.code.gson_gson-2.8.8.jar at spark://c82426b22b9f:40229/jars/com.google.code.gson_gson-2.8.8.jar with timestamp 1745741033627
[2025-04-27T08:03:54.243+0000] {spark_submit.py:490} INFO - 25/04/27 08:03:54 INFO SparkContext: Added JAR file:///home/airflow/.ivy2/jars/org.apache.httpcomponents_httpclient-4.5.13.jar at spark://c82426b22b9f:40229/jars/org.apache.httpcomponents_httpclient-4.5.13.jar with timestamp 1745741033627
[2025-04-27T08:03:54.243+0000] {spark_submit.py:490} INFO - 25/04/27 08:03:54 INFO SparkContext: Added JAR file:///home/airflow/.ivy2/jars/org.apache.httpcomponents_httpmime-4.5.13.jar at spark://c82426b22b9f:40229/jars/org.apache.httpcomponents_httpmime-4.5.13.jar with timestamp 1745741033627
[2025-04-27T08:03:54.243+0000] {spark_submit.py:490} INFO - 25/04/27 08:03:54 INFO SparkContext: Added JAR file:///home/airflow/.ivy2/jars/org.lz4_lz4-java-1.8.0.jar at spark://c82426b22b9f:40229/jars/org.lz4_lz4-java-1.8.0.jar with timestamp 1745741033627
[2025-04-27T08:03:54.243+0000] {spark_submit.py:490} INFO - 25/04/27 08:03:54 INFO SparkContext: Added JAR file:///home/airflow/.ivy2/jars/com.clickhouse_clickhouse-client-0.3.2.jar at spark://c82426b22b9f:40229/jars/com.clickhouse_clickhouse-client-0.3.2.jar with timestamp 1745741033627
[2025-04-27T08:03:54.243+0000] {spark_submit.py:490} INFO - 25/04/27 08:03:54 INFO SparkContext: Added JAR file:///home/airflow/.ivy2/jars/org.apache.httpcomponents_httpcore-4.4.13.jar at spark://c82426b22b9f:40229/jars/org.apache.httpcomponents_httpcore-4.4.13.jar with timestamp 1745741033627
[2025-04-27T08:03:54.243+0000] {spark_submit.py:490} INFO - 25/04/27 08:03:54 INFO SparkContext: Added JAR file:///home/airflow/.ivy2/jars/commons-logging_commons-logging-1.2.jar at spark://c82426b22b9f:40229/jars/commons-logging_commons-logging-1.2.jar with timestamp 1745741033627
[2025-04-27T08:03:54.244+0000] {spark_submit.py:490} INFO - 25/04/27 08:03:54 INFO SparkContext: Added JAR file:///home/airflow/.ivy2/jars/commons-codec_commons-codec-1.11.jar at spark://c82426b22b9f:40229/jars/commons-codec_commons-codec-1.11.jar with timestamp 1745741033627
[2025-04-27T08:03:54.245+0000] {spark_submit.py:490} INFO - 25/04/27 08:03:54 INFO SparkContext: Added file file:///home/airflow/.ivy2/jars/org.postgresql_postgresql-42.6.0.jar at spark://c82426b22b9f:40229/files/org.postgresql_postgresql-42.6.0.jar with timestamp 1745741033627
[2025-04-27T08:03:54.246+0000] {spark_submit.py:490} INFO - 25/04/27 08:03:54 INFO Utils: Copying /home/airflow/.ivy2/jars/org.postgresql_postgresql-42.6.0.jar to /tmp/spark-496e0959-a7ae-41f5-b35b-6577d67314a1/userFiles-d42f707b-abab-4526-85f5-5948d2a7c464/org.postgresql_postgresql-42.6.0.jar
[2025-04-27T08:03:54.256+0000] {spark_submit.py:490} INFO - 25/04/27 08:03:54 INFO SparkContext: Added file file:///home/airflow/.ivy2/jars/ru.yandex.clickhouse_clickhouse-jdbc-0.3.2.jar at spark://c82426b22b9f:40229/files/ru.yandex.clickhouse_clickhouse-jdbc-0.3.2.jar with timestamp 1745741033627
[2025-04-27T08:03:54.256+0000] {spark_submit.py:490} INFO - 25/04/27 08:03:54 INFO Utils: Copying /home/airflow/.ivy2/jars/ru.yandex.clickhouse_clickhouse-jdbc-0.3.2.jar to /tmp/spark-496e0959-a7ae-41f5-b35b-6577d67314a1/userFiles-d42f707b-abab-4526-85f5-5948d2a7c464/ru.yandex.clickhouse_clickhouse-jdbc-0.3.2.jar
[2025-04-27T08:03:54.260+0000] {spark_submit.py:490} INFO - 25/04/27 08:03:54 INFO SparkContext: Added file file:///home/airflow/.ivy2/jars/org.checkerframework_checker-qual-3.31.0.jar at spark://c82426b22b9f:40229/files/org.checkerframework_checker-qual-3.31.0.jar with timestamp 1745741033627
[2025-04-27T08:03:54.260+0000] {spark_submit.py:490} INFO - 25/04/27 08:03:54 INFO Utils: Copying /home/airflow/.ivy2/jars/org.checkerframework_checker-qual-3.31.0.jar to /tmp/spark-496e0959-a7ae-41f5-b35b-6577d67314a1/userFiles-d42f707b-abab-4526-85f5-5948d2a7c464/org.checkerframework_checker-qual-3.31.0.jar
[2025-04-27T08:03:54.263+0000] {spark_submit.py:490} INFO - 25/04/27 08:03:54 INFO SparkContext: Added file file:///home/airflow/.ivy2/jars/com.clickhouse_clickhouse-http-client-0.3.2.jar at spark://c82426b22b9f:40229/files/com.clickhouse_clickhouse-http-client-0.3.2.jar with timestamp 1745741033627
[2025-04-27T08:03:54.264+0000] {spark_submit.py:490} INFO - 25/04/27 08:03:54 INFO Utils: Copying /home/airflow/.ivy2/jars/com.clickhouse_clickhouse-http-client-0.3.2.jar to /tmp/spark-496e0959-a7ae-41f5-b35b-6577d67314a1/userFiles-d42f707b-abab-4526-85f5-5948d2a7c464/com.clickhouse_clickhouse-http-client-0.3.2.jar
[2025-04-27T08:03:54.266+0000] {spark_submit.py:490} INFO - 25/04/27 08:03:54 INFO SparkContext: Added file file:///home/airflow/.ivy2/jars/com.google.code.gson_gson-2.8.8.jar at spark://c82426b22b9f:40229/files/com.google.code.gson_gson-2.8.8.jar with timestamp 1745741033627
[2025-04-27T08:03:54.267+0000] {spark_submit.py:490} INFO - 25/04/27 08:03:54 INFO Utils: Copying /home/airflow/.ivy2/jars/com.google.code.gson_gson-2.8.8.jar to /tmp/spark-496e0959-a7ae-41f5-b35b-6577d67314a1/userFiles-d42f707b-abab-4526-85f5-5948d2a7c464/com.google.code.gson_gson-2.8.8.jar
[2025-04-27T08:03:54.270+0000] {spark_submit.py:490} INFO - 25/04/27 08:03:54 INFO SparkContext: Added file file:///home/airflow/.ivy2/jars/org.apache.httpcomponents_httpclient-4.5.13.jar at spark://c82426b22b9f:40229/files/org.apache.httpcomponents_httpclient-4.5.13.jar with timestamp 1745741033627
[2025-04-27T08:03:54.270+0000] {spark_submit.py:490} INFO - 25/04/27 08:03:54 INFO Utils: Copying /home/airflow/.ivy2/jars/org.apache.httpcomponents_httpclient-4.5.13.jar to /tmp/spark-496e0959-a7ae-41f5-b35b-6577d67314a1/userFiles-d42f707b-abab-4526-85f5-5948d2a7c464/org.apache.httpcomponents_httpclient-4.5.13.jar
[2025-04-27T08:03:54.273+0000] {spark_submit.py:490} INFO - 25/04/27 08:03:54 INFO SparkContext: Added file file:///home/airflow/.ivy2/jars/org.apache.httpcomponents_httpmime-4.5.13.jar at spark://c82426b22b9f:40229/files/org.apache.httpcomponents_httpmime-4.5.13.jar with timestamp 1745741033627
[2025-04-27T08:03:54.274+0000] {spark_submit.py:490} INFO - 25/04/27 08:03:54 INFO Utils: Copying /home/airflow/.ivy2/jars/org.apache.httpcomponents_httpmime-4.5.13.jar to /tmp/spark-496e0959-a7ae-41f5-b35b-6577d67314a1/userFiles-d42f707b-abab-4526-85f5-5948d2a7c464/org.apache.httpcomponents_httpmime-4.5.13.jar
[2025-04-27T08:03:54.277+0000] {spark_submit.py:490} INFO - 25/04/27 08:03:54 INFO SparkContext: Added file file:///home/airflow/.ivy2/jars/org.lz4_lz4-java-1.8.0.jar at spark://c82426b22b9f:40229/files/org.lz4_lz4-java-1.8.0.jar with timestamp 1745741033627
[2025-04-27T08:03:54.277+0000] {spark_submit.py:490} INFO - 25/04/27 08:03:54 INFO Utils: Copying /home/airflow/.ivy2/jars/org.lz4_lz4-java-1.8.0.jar to /tmp/spark-496e0959-a7ae-41f5-b35b-6577d67314a1/userFiles-d42f707b-abab-4526-85f5-5948d2a7c464/org.lz4_lz4-java-1.8.0.jar
[2025-04-27T08:03:54.280+0000] {spark_submit.py:490} INFO - 25/04/27 08:03:54 INFO SparkContext: Added file file:///home/airflow/.ivy2/jars/com.clickhouse_clickhouse-client-0.3.2.jar at spark://c82426b22b9f:40229/files/com.clickhouse_clickhouse-client-0.3.2.jar with timestamp 1745741033627
[2025-04-27T08:03:54.280+0000] {spark_submit.py:490} INFO - 25/04/27 08:03:54 INFO Utils: Copying /home/airflow/.ivy2/jars/com.clickhouse_clickhouse-client-0.3.2.jar to /tmp/spark-496e0959-a7ae-41f5-b35b-6577d67314a1/userFiles-d42f707b-abab-4526-85f5-5948d2a7c464/com.clickhouse_clickhouse-client-0.3.2.jar
[2025-04-27T08:03:54.284+0000] {spark_submit.py:490} INFO - 25/04/27 08:03:54 INFO SparkContext: Added file file:///home/airflow/.ivy2/jars/org.apache.httpcomponents_httpcore-4.4.13.jar at spark://c82426b22b9f:40229/files/org.apache.httpcomponents_httpcore-4.4.13.jar with timestamp 1745741033627
[2025-04-27T08:03:54.284+0000] {spark_submit.py:490} INFO - 25/04/27 08:03:54 INFO Utils: Copying /home/airflow/.ivy2/jars/org.apache.httpcomponents_httpcore-4.4.13.jar to /tmp/spark-496e0959-a7ae-41f5-b35b-6577d67314a1/userFiles-d42f707b-abab-4526-85f5-5948d2a7c464/org.apache.httpcomponents_httpcore-4.4.13.jar
[2025-04-27T08:03:54.288+0000] {spark_submit.py:490} INFO - 25/04/27 08:03:54 INFO SparkContext: Added file file:///home/airflow/.ivy2/jars/commons-logging_commons-logging-1.2.jar at spark://c82426b22b9f:40229/files/commons-logging_commons-logging-1.2.jar with timestamp 1745741033627
[2025-04-27T08:03:54.288+0000] {spark_submit.py:490} INFO - 25/04/27 08:03:54 INFO Utils: Copying /home/airflow/.ivy2/jars/commons-logging_commons-logging-1.2.jar to /tmp/spark-496e0959-a7ae-41f5-b35b-6577d67314a1/userFiles-d42f707b-abab-4526-85f5-5948d2a7c464/commons-logging_commons-logging-1.2.jar
[2025-04-27T08:03:54.290+0000] {spark_submit.py:490} INFO - 25/04/27 08:03:54 INFO SparkContext: Added file file:///home/airflow/.ivy2/jars/commons-codec_commons-codec-1.11.jar at spark://c82426b22b9f:40229/files/commons-codec_commons-codec-1.11.jar with timestamp 1745741033627
[2025-04-27T08:03:54.291+0000] {spark_submit.py:490} INFO - 25/04/27 08:03:54 INFO Utils: Copying /home/airflow/.ivy2/jars/commons-codec_commons-codec-1.11.jar to /tmp/spark-496e0959-a7ae-41f5-b35b-6577d67314a1/userFiles-d42f707b-abab-4526-85f5-5948d2a7c464/commons-codec_commons-codec-1.11.jar
[2025-04-27T08:03:54.361+0000] {spark_submit.py:490} INFO - 25/04/27 08:03:54 INFO StandaloneAppClient$ClientEndpoint: Connecting to master spark://spark-master:7077...
[2025-04-27T08:03:54.409+0000] {spark_submit.py:490} INFO - 25/04/27 08:03:54 INFO TransportClientFactory: Successfully created connection to spark-master/172.18.0.2:7077 after 25 ms (0 ms spent in bootstraps)
[2025-04-27T08:03:54.480+0000] {spark_submit.py:490} INFO - 25/04/27 08:03:54 INFO StandaloneSchedulerBackend: Connected to Spark cluster with app ID app-20250427080354-0005
[2025-04-27T08:03:54.485+0000] {spark_submit.py:490} INFO - 25/04/27 08:03:54 INFO Utils: Successfully started service 'org.apache.spark.network.netty.NettyBlockTransferService' on port 42597.
[2025-04-27T08:03:54.486+0000] {spark_submit.py:490} INFO - 25/04/27 08:03:54 INFO NettyBlockTransferService: Server created on c82426b22b9f:42597
[2025-04-27T08:03:54.487+0000] {spark_submit.py:490} INFO - 25/04/27 08:03:54 INFO BlockManager: Using org.apache.spark.storage.RandomBlockReplicationPolicy for block replication policy
[2025-04-27T08:03:54.492+0000] {spark_submit.py:490} INFO - 25/04/27 08:03:54 INFO BlockManagerMaster: Registering BlockManager BlockManagerId(driver, c82426b22b9f, 42597, None)
[2025-04-27T08:03:54.495+0000] {spark_submit.py:490} INFO - 25/04/27 08:03:54 INFO BlockManagerMasterEndpoint: Registering block manager c82426b22b9f:42597 with 434.4 MiB RAM, BlockManagerId(driver, c82426b22b9f, 42597, None)
[2025-04-27T08:03:54.497+0000] {spark_submit.py:490} INFO - 25/04/27 08:03:54 INFO BlockManagerMaster: Registered BlockManager BlockManagerId(driver, c82426b22b9f, 42597, None)
[2025-04-27T08:03:54.498+0000] {spark_submit.py:490} INFO - 25/04/27 08:03:54 INFO BlockManager: Initialized BlockManager: BlockManagerId(driver, c82426b22b9f, 42597, None)
[2025-04-27T08:03:54.629+0000] {spark_submit.py:490} INFO - 25/04/27 08:03:54 INFO StandaloneSchedulerBackend: SchedulerBackend is ready for scheduling beginning after reached minRegisteredResourcesRatio: 0.0
[2025-04-27T08:03:54.777+0000] {spark_submit.py:490} INFO - 25/04/27 08:03:54 INFO SharedState: Setting hive.metastore.warehouse.dir ('null') to the value of spark.sql.warehouse.dir.
[2025-04-27T08:03:54.778+0000] {spark_submit.py:490} INFO - 25/04/27 08:03:54 INFO SharedState: Warehouse path is 'file:/opt/airflow/spark-warehouse'.
[2025-04-27T08:03:56.781+0000] {spark_submit.py:490} INFO - Traceback (most recent call last):
[2025-04-27T08:03:56.782+0000] {spark_submit.py:490} INFO - File "/opt/airflow/spark/detect_suspicious.py", line 29, in <module>
[2025-04-27T08:03:56.782+0000] {spark_submit.py:490} INFO - freq = df.withColumn("cnt",F.count("transaction_id").over(w)) \
[2025-04-27T08:03:56.782+0000] {spark_submit.py:490} INFO - File "/opt/spark/python/lib/pyspark.zip/pyspark/sql/dataframe.py", line 3036, in withColumn
[2025-04-27T08:03:56.782+0000] {spark_submit.py:490} INFO - File "/opt/spark/python/lib/py4j-0.10.9.5-src.zip/py4j/java_gateway.py", line 1322, in __call__
[2025-04-27T08:03:56.782+0000] {spark_submit.py:490} INFO - File "/opt/spark/python/lib/pyspark.zip/pyspark/sql/utils.py", line 196, in deco
[2025-04-27T08:03:56.786+0000] {spark_submit.py:490} INFO - pyspark.sql.utils.AnalysisException: cannot resolve '(PARTITION BY client_id ORDER BY datetime ASC NULLS FIRST RANGE BETWEEN -86400L FOLLOWING AND CURRENT ROW)' due to data type mismatch: The data type 'timestamp' used in the order specification does not match the data type 'bigint' which is used in the range frame.;
[2025-04-27T08:03:56.786+0000] {spark_submit.py:490} INFO - 'Project [transaction_id#0, client_id#1, datetime#2, amount#3, currency#4, merchant#5, transaction_type#6, ip_network#7, count(transaction_id#0) windowspecdefinition(client_id#1, datetime#2 ASC NULLS FIRST, specifiedwindowframe(RangeFrame, -86400, currentrow$())) AS cnt#38]
[2025-04-27T08:03:56.786+0000] {spark_submit.py:490} INFO - +- Relation [transaction_id#0,client_id#1,datetime#2,amount#3,currency#4,merchant#5,transaction_type#6,ip_network#7] JDBCRelation(raw.masked_transactions) [numPartitions=1]
[2025-04-27T08:03:56.786+0000] {spark_submit.py:490} INFO - 
[2025-04-27T08:03:56.833+0000] {spark_submit.py:490} INFO - 25/04/27 08:03:56 INFO SparkContext: Invoking stop() from shutdown hook
[2025-04-27T08:03:56.843+0000] {spark_submit.py:490} INFO - 25/04/27 08:03:56 INFO SparkUI: Stopped Spark web UI at http://c82426b22b9f:4040
[2025-04-27T08:03:56.845+0000] {spark_submit.py:490} INFO - 25/04/27 08:03:56 INFO StandaloneSchedulerBackend: Shutting down all executors
[2025-04-27T08:03:56.850+0000] {spark_submit.py:490} INFO - 25/04/27 08:03:56 INFO CoarseGrainedSchedulerBackend$DriverEndpoint: Asking each executor to shut down
[2025-04-27T08:03:56.864+0000] {spark_submit.py:490} INFO - 25/04/27 08:03:56 INFO MapOutputTrackerMasterEndpoint: MapOutputTrackerMasterEndpoint stopped!
[2025-04-27T08:03:56.876+0000] {spark_submit.py:490} INFO - 25/04/27 08:03:56 INFO MemoryStore: MemoryStore cleared
[2025-04-27T08:03:56.877+0000] {spark_submit.py:490} INFO - 25/04/27 08:03:56 INFO BlockManager: BlockManager stopped
[2025-04-27T08:03:56.885+0000] {spark_submit.py:490} INFO - 25/04/27 08:03:56 INFO BlockManagerMaster: BlockManagerMaster stopped
[2025-04-27T08:03:56.887+0000] {spark_submit.py:490} INFO - 25/04/27 08:03:56 INFO OutputCommitCoordinator$OutputCommitCoordinatorEndpoint: OutputCommitCoordinator stopped!
[2025-04-27T08:03:56.893+0000] {spark_submit.py:490} INFO - 25/04/27 08:03:56 INFO SparkContext: Successfully stopped SparkContext
[2025-04-27T08:03:56.893+0000] {spark_submit.py:490} INFO - 25/04/27 08:03:56 INFO ShutdownHookManager: Shutdown hook called
[2025-04-27T08:03:56.894+0000] {spark_submit.py:490} INFO - 25/04/27 08:03:56 INFO ShutdownHookManager: Deleting directory /tmp/spark-496e0959-a7ae-41f5-b35b-6577d67314a1/pyspark-a78034ed-0a6b-4dbd-a2c5-4be3f45ea4ef
[2025-04-27T08:03:56.896+0000] {spark_submit.py:490} INFO - 25/04/27 08:03:56 INFO ShutdownHookManager: Deleting directory /tmp/spark-2826896b-8186-4926-8651-b73e21bf89e6
[2025-04-27T08:03:56.898+0000] {spark_submit.py:490} INFO - 25/04/27 08:03:56 INFO ShutdownHookManager: Deleting directory /tmp/spark-496e0959-a7ae-41f5-b35b-6577d67314a1
[2025-04-27T08:03:56.946+0000] {taskinstance.py:1824} ERROR - Task failed with exception
Traceback (most recent call last):
  File "/home/airflow/.local/lib/python3.7/site-packages/airflow/providers/apache/spark/operators/spark_submit.py", line 157, in execute
    self._hook.submit(self._application)
  File "/home/airflow/.local/lib/python3.7/site-packages/airflow/providers/apache/spark/hooks/spark_submit.py", line 422, in submit
    f"Cannot execute: {self._mask_cmd(spark_submit_cmd)}. Error code is: {returncode}."
airflow.exceptions.AirflowException: Cannot execute: spark-submit --master spark://spark-master:7077 --packages org.postgresql:postgresql:42.6.0,ru.yandex.clickhouse:clickhouse-jdbc:0.3.2 --executor-cores 2 --executor-memory 2g --driver-memory 1g --name arrow-spark /opt/airflow/spark/detect_suspicious.py --jdbc jdbc:postgresql://postgres:5432/finbest --clickhouse-url jdbc:clickhouse://clickhouse:8123/finbest. Error code is: 1.
[2025-04-27T08:03:56.949+0000] {taskinstance.py:1350} INFO - Marking task as FAILED. dag_id=transform, task_id=detect_suspicious, execution_date=20250427T080219, start_date=20250427T080350, end_date=20250427T080356
[2025-04-27T08:03:56.959+0000] {standard_task_runner.py:109} ERROR - Failed to execute job 17 for task detect_suspicious (Cannot execute: spark-submit --master spark://spark-master:7077 --packages org.postgresql:postgresql:42.6.0,ru.yandex.clickhouse:clickhouse-jdbc:0.3.2 --executor-cores 2 --executor-memory 2g --driver-memory 1g --name arrow-spark /opt/airflow/spark/detect_suspicious.py --jdbc jdbc:postgresql://postgres:5432/finbest --clickhouse-url jdbc:clickhouse://clickhouse:8123/finbest. Error code is: 1.; 6800)
[2025-04-27T08:03:56.990+0000] {local_task_job_runner.py:225} INFO - Task exited with return code 1
[2025-04-27T08:03:57.083+0000] {taskinstance.py:2653} INFO - 0 downstream tasks scheduled from follow-on schedule check
