[2025-04-27T08:02:29.438+0000] {taskinstance.py:1103} INFO - Dependencies all met for dep_context=non-requeueable deps ti=<TaskInstance: transform.detect_suspicious manual__2025-04-27T08:02:19.798678+00:00 [queued]>
[2025-04-27T08:02:29.444+0000] {taskinstance.py:1103} INFO - Dependencies all met for dep_context=requeueable deps ti=<TaskInstance: transform.detect_suspicious manual__2025-04-27T08:02:19.798678+00:00 [queued]>
[2025-04-27T08:02:29.444+0000] {taskinstance.py:1308} INFO - Starting attempt 1 of 2
[2025-04-27T08:02:29.456+0000] {taskinstance.py:1327} INFO - Executing <Task(SparkSubmitOperator): detect_suspicious> on 2025-04-27 08:02:19.798678+00:00
[2025-04-27T08:02:29.460+0000] {standard_task_runner.py:57} INFO - Started process 6556 to run task
[2025-04-27T08:02:29.462+0000] {standard_task_runner.py:84} INFO - Running: ['airflow', 'tasks', 'run', 'transform', 'detect_suspicious', 'manual__2025-04-27T08:02:19.798678+00:00', '--job-id', '16', '--raw', '--subdir', 'DAGS_FOLDER/transform.py', '--cfg-path', '/tmp/tmp6ofden4i']
[2025-04-27T08:02:29.463+0000] {standard_task_runner.py:85} INFO - Job 16: Subtask detect_suspicious
[2025-04-27T08:02:29.505+0000] {task_command.py:410} INFO - Running <TaskInstance: transform.detect_suspicious manual__2025-04-27T08:02:19.798678+00:00 [running]> on host c82426b22b9f
[2025-04-27T08:02:29.650+0000] {taskinstance.py:1547} INFO - Exporting env vars: AIRFLOW_CTX_DAG_OWNER='finbest' AIRFLOW_CTX_DAG_ID='transform' AIRFLOW_CTX_TASK_ID='detect_suspicious' AIRFLOW_CTX_EXECUTION_DATE='2025-04-27T08:02:19.798678+00:00' AIRFLOW_CTX_TRY_NUMBER='1' AIRFLOW_CTX_DAG_RUN_ID='manual__2025-04-27T08:02:19.798678+00:00'
[2025-04-27T08:02:29.658+0000] {base.py:73} INFO - Using connection ID 'spark_default' for task execution.
[2025-04-27T08:02:29.659+0000] {spark_submit.py:339} INFO - Spark-Submit cmd: spark-submit --master spark://spark-master:7077 --packages org.postgresql:postgresql:42.6.0,ru.yandex.clickhouse:clickhouse-jdbc:0.3.2 --executor-cores 2 --executor-memory 2g --driver-memory 1g --name arrow-spark /opt/airflow/spark/detect_suspicious.py --jdbc jdbc:postgresql://postgres:5432/finbest --clickhouse-url jdbc:clickhouse://clickhouse:8123/finbest
[2025-04-27T08:02:31.203+0000] {spark_submit.py:490} INFO - :: loading settings :: url = jar:file:/opt/spark/jars/ivy-2.5.0.jar!/org/apache/ivy/core/settings/ivysettings.xml
[2025-04-27T08:02:31.298+0000] {spark_submit.py:490} INFO - Ivy Default Cache set to: /home/airflow/.ivy2/cache
[2025-04-27T08:02:31.299+0000] {spark_submit.py:490} INFO - The jars for the packages stored in: /home/airflow/.ivy2/jars
[2025-04-27T08:02:31.302+0000] {spark_submit.py:490} INFO - org.postgresql#postgresql added as a dependency
[2025-04-27T08:02:31.302+0000] {spark_submit.py:490} INFO - ru.yandex.clickhouse#clickhouse-jdbc added as a dependency
[2025-04-27T08:02:31.303+0000] {spark_submit.py:490} INFO - :: resolving dependencies :: org.apache.spark#spark-submit-parent-b46602b3-7178-420e-8532-ddb74925847b;1.0
[2025-04-27T08:02:31.303+0000] {spark_submit.py:490} INFO - confs: [default]
[2025-04-27T08:02:32.545+0000] {spark_submit.py:490} INFO - found org.postgresql#postgresql;42.6.0 in central
[2025-04-27T08:02:32.816+0000] {spark_submit.py:490} INFO - found org.checkerframework#checker-qual;3.31.0 in central
[2025-04-27T08:02:33.119+0000] {spark_submit.py:490} INFO - found ru.yandex.clickhouse#clickhouse-jdbc;0.3.2 in central
[2025-04-27T08:02:33.530+0000] {spark_submit.py:490} INFO - found com.clickhouse#clickhouse-http-client;0.3.2 in central
[2025-04-27T08:02:33.831+0000] {spark_submit.py:490} INFO - found com.clickhouse#clickhouse-client;0.3.2 in central
[2025-04-27T08:02:34.137+0000] {spark_submit.py:490} INFO - found org.lz4#lz4-java;1.8.0 in central
[2025-04-27T08:02:36.189+0000] {spark_submit.py:490} INFO - found com.google.code.gson#gson;2.8.8 in central
[2025-04-27T08:02:37.595+0000] {spark_submit.py:490} INFO - found org.apache.httpcomponents#httpclient;4.5.13 in central
[2025-04-27T08:02:38.060+0000] {spark_submit.py:490} INFO - found org.apache.httpcomponents#httpcore;4.4.13 in central
[2025-04-27T08:02:38.728+0000] {spark_submit.py:490} INFO - found commons-logging#commons-logging;1.2 in central
[2025-04-27T08:02:39.557+0000] {spark_submit.py:490} INFO - found commons-codec#commons-codec;1.11 in central
[2025-04-27T08:02:39.714+0000] {spark_submit.py:490} INFO - found org.apache.httpcomponents#httpmime;4.5.13 in central
[2025-04-27T08:02:39.782+0000] {spark_submit.py:490} INFO - downloading https://repo1.maven.org/maven2/org/postgresql/postgresql/42.6.0/postgresql-42.6.0.jar ...
[2025-04-27T08:02:40.038+0000] {spark_submit.py:490} INFO - [SUCCESSFUL ] org.postgresql#postgresql;42.6.0!postgresql.jar (316ms)
[2025-04-27T08:02:40.096+0000] {spark_submit.py:490} INFO - downloading https://repo1.maven.org/maven2/ru/yandex/clickhouse/clickhouse-jdbc/0.3.2/clickhouse-jdbc-0.3.2.jar ...
[2025-04-27T08:02:40.360+0000] {spark_submit.py:490} INFO - [SUCCESSFUL ] ru.yandex.clickhouse#clickhouse-jdbc;0.3.2!clickhouse-jdbc.jar (321ms)
[2025-04-27T08:02:40.419+0000] {spark_submit.py:490} INFO - downloading https://repo1.maven.org/maven2/org/checkerframework/checker-qual/3.31.0/checker-qual-3.31.0.jar ...
[2025-04-27T08:02:40.502+0000] {spark_submit.py:490} INFO - [SUCCESSFUL ] org.checkerframework#checker-qual;3.31.0!checker-qual.jar (141ms)
[2025-04-27T08:02:40.563+0000] {spark_submit.py:490} INFO - downloading https://repo1.maven.org/maven2/com/clickhouse/clickhouse-http-client/0.3.2/clickhouse-http-client-0.3.2.jar ...
[2025-04-27T08:02:40.632+0000] {spark_submit.py:490} INFO - [SUCCESSFUL ] com.clickhouse#clickhouse-http-client;0.3.2!clickhouse-http-client.jar (128ms)
[2025-04-27T08:02:40.694+0000] {spark_submit.py:490} INFO - downloading https://repo1.maven.org/maven2/com/google/code/gson/gson/2.8.8/gson-2.8.8.jar ...
[2025-04-27T08:02:40.778+0000] {spark_submit.py:490} INFO - [SUCCESSFUL ] com.google.code.gson#gson;2.8.8!gson.jar (145ms)
[2025-04-27T08:02:40.837+0000] {spark_submit.py:490} INFO - downloading https://repo1.maven.org/maven2/org/apache/httpcomponents/httpclient/4.5.13/httpclient-4.5.13.jar ...
[2025-04-27T08:02:43.103+0000] {spark_submit.py:490} INFO - [SUCCESSFUL ] org.apache.httpcomponents#httpclient;4.5.13!httpclient.jar (2324ms)
[2025-04-27T08:02:43.164+0000] {spark_submit.py:490} INFO - downloading https://repo1.maven.org/maven2/org/apache/httpcomponents/httpmime/4.5.13/httpmime-4.5.13.jar ...
[2025-04-27T08:02:43.246+0000] {spark_submit.py:490} INFO - [SUCCESSFUL ] org.apache.httpcomponents#httpmime;4.5.13!httpmime.jar (141ms)
[2025-04-27T08:02:43.306+0000] {spark_submit.py:490} INFO - downloading https://repo1.maven.org/maven2/org/lz4/lz4-java/1.8.0/lz4-java-1.8.0.jar ...
[2025-04-27T08:02:43.538+0000] {spark_submit.py:490} INFO - [SUCCESSFUL ] org.lz4#lz4-java;1.8.0!lz4-java.jar (292ms)
[2025-04-27T08:02:43.602+0000] {spark_submit.py:490} INFO - downloading https://repo1.maven.org/maven2/com/clickhouse/clickhouse-client/0.3.2/clickhouse-client-0.3.2.jar ...
[2025-04-27T08:02:43.711+0000] {spark_submit.py:490} INFO - [SUCCESSFUL ] com.clickhouse#clickhouse-client;0.3.2!clickhouse-client.jar (172ms)
[2025-04-27T08:02:43.773+0000] {spark_submit.py:490} INFO - downloading https://repo1.maven.org/maven2/org/apache/httpcomponents/httpcore/4.4.13/httpcore-4.4.13.jar ...
[2025-04-27T08:02:43.863+0000] {spark_submit.py:490} INFO - [SUCCESSFUL ] org.apache.httpcomponents#httpcore;4.4.13!httpcore.jar (151ms)
[2025-04-27T08:02:43.922+0000] {spark_submit.py:490} INFO - downloading https://repo1.maven.org/maven2/commons-logging/commons-logging/1.2/commons-logging-1.2.jar ...
[2025-04-27T08:02:43.986+0000] {spark_submit.py:490} INFO - [SUCCESSFUL ] commons-logging#commons-logging;1.2!commons-logging.jar (123ms)
[2025-04-27T08:02:44.044+0000] {spark_submit.py:490} INFO - downloading https://repo1.maven.org/maven2/commons-codec/commons-codec/1.11/commons-codec-1.11.jar ...
[2025-04-27T08:02:44.151+0000] {spark_submit.py:490} INFO - [SUCCESSFUL ] commons-codec#commons-codec;1.11!commons-codec.jar (165ms)
[2025-04-27T08:02:44.152+0000] {spark_submit.py:490} INFO - :: resolution report :: resolve 8418ms :: artifacts dl 4431ms
[2025-04-27T08:02:44.152+0000] {spark_submit.py:490} INFO - :: modules in use:
[2025-04-27T08:02:44.152+0000] {spark_submit.py:490} INFO - com.clickhouse#clickhouse-client;0.3.2 from central in [default]
[2025-04-27T08:02:44.152+0000] {spark_submit.py:490} INFO - com.clickhouse#clickhouse-http-client;0.3.2 from central in [default]
[2025-04-27T08:02:44.152+0000] {spark_submit.py:490} INFO - com.google.code.gson#gson;2.8.8 from central in [default]
[2025-04-27T08:02:44.152+0000] {spark_submit.py:490} INFO - commons-codec#commons-codec;1.11 from central in [default]
[2025-04-27T08:02:44.152+0000] {spark_submit.py:490} INFO - commons-logging#commons-logging;1.2 from central in [default]
[2025-04-27T08:02:44.152+0000] {spark_submit.py:490} INFO - org.apache.httpcomponents#httpclient;4.5.13 from central in [default]
[2025-04-27T08:02:44.152+0000] {spark_submit.py:490} INFO - org.apache.httpcomponents#httpcore;4.4.13 from central in [default]
[2025-04-27T08:02:44.152+0000] {spark_submit.py:490} INFO - org.apache.httpcomponents#httpmime;4.5.13 from central in [default]
[2025-04-27T08:02:44.152+0000] {spark_submit.py:490} INFO - org.checkerframework#checker-qual;3.31.0 from central in [default]
[2025-04-27T08:02:44.152+0000] {spark_submit.py:490} INFO - org.lz4#lz4-java;1.8.0 from central in [default]
[2025-04-27T08:02:44.152+0000] {spark_submit.py:490} INFO - org.postgresql#postgresql;42.6.0 from central in [default]
[2025-04-27T08:02:44.152+0000] {spark_submit.py:490} INFO - ru.yandex.clickhouse#clickhouse-jdbc;0.3.2 from central in [default]
[2025-04-27T08:02:44.152+0000] {spark_submit.py:490} INFO - ---------------------------------------------------------------------
[2025-04-27T08:02:44.153+0000] {spark_submit.py:490} INFO - |                  |            modules            ||   artifacts   |
[2025-04-27T08:02:44.153+0000] {spark_submit.py:490} INFO - |       conf       | number| search|dwnlded|evicted|| number|dwnlded|
[2025-04-27T08:02:44.153+0000] {spark_submit.py:490} INFO - ---------------------------------------------------------------------
[2025-04-27T08:02:44.153+0000] {spark_submit.py:490} INFO - |      default     |   12  |   12  |   12  |   0   ||   12  |   12  |
[2025-04-27T08:02:44.153+0000] {spark_submit.py:490} INFO - ---------------------------------------------------------------------
[2025-04-27T08:02:44.157+0000] {spark_submit.py:490} INFO - :: retrieving :: org.apache.spark#spark-submit-parent-b46602b3-7178-420e-8532-ddb74925847b
[2025-04-27T08:02:44.157+0000] {spark_submit.py:490} INFO - confs: [default]
[2025-04-27T08:02:44.166+0000] {spark_submit.py:490} INFO - 12 artifacts copied, 0 already retrieved (4598kB/9ms)
[2025-04-27T08:02:44.327+0000] {spark_submit.py:490} INFO - 25/04/27 08:02:44 WARN NativeCodeLoader: Unable to load native-hadoop library for your platform... using builtin-java classes where applicable
[2025-04-27T08:02:45.117+0000] {spark_submit.py:490} INFO - 25/04/27 08:02:45 INFO SparkContext: Running Spark version 3.3.0
[2025-04-27T08:02:45.137+0000] {spark_submit.py:490} INFO - 25/04/27 08:02:45 INFO ResourceUtils: ==============================================================
[2025-04-27T08:02:45.137+0000] {spark_submit.py:490} INFO - 25/04/27 08:02:45 INFO ResourceUtils: No custom resources configured for spark.driver.
[2025-04-27T08:02:45.137+0000] {spark_submit.py:490} INFO - 25/04/27 08:02:45 INFO ResourceUtils: ==============================================================
[2025-04-27T08:02:45.138+0000] {spark_submit.py:490} INFO - 25/04/27 08:02:45 INFO SparkContext: Submitted application: FinBestDetect
[2025-04-27T08:02:45.160+0000] {spark_submit.py:490} INFO - 25/04/27 08:02:45 INFO ResourceProfile: Default ResourceProfile created, executor resources: Map(cores -> name: cores, amount: 2, script: , vendor: , memory -> name: memory, amount: 2048, script: , vendor: , offHeap -> name: offHeap, amount: 0, script: , vendor: ), task resources: Map(cpus -> name: cpus, amount: 1.0)
[2025-04-27T08:02:45.169+0000] {spark_submit.py:490} INFO - 25/04/27 08:02:45 INFO ResourceProfile: Limiting resource is cpus at 2 tasks per executor
[2025-04-27T08:02:45.171+0000] {spark_submit.py:490} INFO - 25/04/27 08:02:45 INFO ResourceProfileManager: Added ResourceProfile id: 0
[2025-04-27T08:02:45.224+0000] {spark_submit.py:490} INFO - 25/04/27 08:02:45 INFO SecurityManager: Changing view acls to: airflow
[2025-04-27T08:02:45.224+0000] {spark_submit.py:490} INFO - 25/04/27 08:02:45 INFO SecurityManager: Changing modify acls to: airflow
[2025-04-27T08:02:45.224+0000] {spark_submit.py:490} INFO - 25/04/27 08:02:45 INFO SecurityManager: Changing view acls groups to:
[2025-04-27T08:02:45.224+0000] {spark_submit.py:490} INFO - 25/04/27 08:02:45 INFO SecurityManager: Changing modify acls groups to:
[2025-04-27T08:02:45.225+0000] {spark_submit.py:490} INFO - 25/04/27 08:02:45 INFO SecurityManager: SecurityManager: authentication disabled; ui acls disabled; users  with view permissions: Set(airflow); groups with view permissions: Set(); users  with modify permissions: Set(airflow); groups with modify permissions: Set()
[2025-04-27T08:02:45.449+0000] {spark_submit.py:490} INFO - 25/04/27 08:02:45 INFO Utils: Successfully started service 'sparkDriver' on port 40199.
[2025-04-27T08:02:45.479+0000] {spark_submit.py:490} INFO - 25/04/27 08:02:45 INFO SparkEnv: Registering MapOutputTracker
[2025-04-27T08:02:45.510+0000] {spark_submit.py:490} INFO - 25/04/27 08:02:45 INFO SparkEnv: Registering BlockManagerMaster
[2025-04-27T08:02:45.533+0000] {spark_submit.py:490} INFO - 25/04/27 08:02:45 INFO BlockManagerMasterEndpoint: Using org.apache.spark.storage.DefaultTopologyMapper for getting topology information
[2025-04-27T08:02:45.534+0000] {spark_submit.py:490} INFO - 25/04/27 08:02:45 INFO BlockManagerMasterEndpoint: BlockManagerMasterEndpoint up
[2025-04-27T08:02:45.537+0000] {spark_submit.py:490} INFO - 25/04/27 08:02:45 INFO SparkEnv: Registering BlockManagerMasterHeartbeat
[2025-04-27T08:02:45.566+0000] {spark_submit.py:490} INFO - 25/04/27 08:02:45 INFO DiskBlockManager: Created local directory at /tmp/blockmgr-dc43872f-2651-4055-ba1f-cb4025b502e9
[2025-04-27T08:02:45.585+0000] {spark_submit.py:490} INFO - 25/04/27 08:02:45 INFO MemoryStore: MemoryStore started with capacity 434.4 MiB
[2025-04-27T08:02:45.602+0000] {spark_submit.py:490} INFO - 25/04/27 08:02:45 INFO SparkEnv: Registering OutputCommitCoordinator
[2025-04-27T08:02:45.795+0000] {spark_submit.py:490} INFO - 25/04/27 08:02:45 INFO Utils: Successfully started service 'SparkUI' on port 4040.
[2025-04-27T08:02:45.827+0000] {spark_submit.py:490} INFO - 25/04/27 08:02:45 INFO SparkContext: Added JAR file:///home/airflow/.ivy2/jars/org.postgresql_postgresql-42.6.0.jar at spark://c82426b22b9f:40199/jars/org.postgresql_postgresql-42.6.0.jar with timestamp 1745740965110
[2025-04-27T08:02:45.827+0000] {spark_submit.py:490} INFO - 25/04/27 08:02:45 INFO SparkContext: Added JAR file:///home/airflow/.ivy2/jars/ru.yandex.clickhouse_clickhouse-jdbc-0.3.2.jar at spark://c82426b22b9f:40199/jars/ru.yandex.clickhouse_clickhouse-jdbc-0.3.2.jar with timestamp 1745740965110
[2025-04-27T08:02:45.827+0000] {spark_submit.py:490} INFO - 25/04/27 08:02:45 INFO SparkContext: Added JAR file:///home/airflow/.ivy2/jars/org.checkerframework_checker-qual-3.31.0.jar at spark://c82426b22b9f:40199/jars/org.checkerframework_checker-qual-3.31.0.jar with timestamp 1745740965110
[2025-04-27T08:02:45.827+0000] {spark_submit.py:490} INFO - 25/04/27 08:02:45 INFO SparkContext: Added JAR file:///home/airflow/.ivy2/jars/com.clickhouse_clickhouse-http-client-0.3.2.jar at spark://c82426b22b9f:40199/jars/com.clickhouse_clickhouse-http-client-0.3.2.jar with timestamp 1745740965110
[2025-04-27T08:02:45.827+0000] {spark_submit.py:490} INFO - 25/04/27 08:02:45 INFO SparkContext: Added JAR file:///home/airflow/.ivy2/jars/com.google.code.gson_gson-2.8.8.jar at spark://c82426b22b9f:40199/jars/com.google.code.gson_gson-2.8.8.jar with timestamp 1745740965110
[2025-04-27T08:02:45.827+0000] {spark_submit.py:490} INFO - 25/04/27 08:02:45 INFO SparkContext: Added JAR file:///home/airflow/.ivy2/jars/org.apache.httpcomponents_httpclient-4.5.13.jar at spark://c82426b22b9f:40199/jars/org.apache.httpcomponents_httpclient-4.5.13.jar with timestamp 1745740965110
[2025-04-27T08:02:45.827+0000] {spark_submit.py:490} INFO - 25/04/27 08:02:45 INFO SparkContext: Added JAR file:///home/airflow/.ivy2/jars/org.apache.httpcomponents_httpmime-4.5.13.jar at spark://c82426b22b9f:40199/jars/org.apache.httpcomponents_httpmime-4.5.13.jar with timestamp 1745740965110
[2025-04-27T08:02:45.827+0000] {spark_submit.py:490} INFO - 25/04/27 08:02:45 INFO SparkContext: Added JAR file:///home/airflow/.ivy2/jars/org.lz4_lz4-java-1.8.0.jar at spark://c82426b22b9f:40199/jars/org.lz4_lz4-java-1.8.0.jar with timestamp 1745740965110
[2025-04-27T08:02:45.828+0000] {spark_submit.py:490} INFO - 25/04/27 08:02:45 INFO SparkContext: Added JAR file:///home/airflow/.ivy2/jars/com.clickhouse_clickhouse-client-0.3.2.jar at spark://c82426b22b9f:40199/jars/com.clickhouse_clickhouse-client-0.3.2.jar with timestamp 1745740965110
[2025-04-27T08:02:45.828+0000] {spark_submit.py:490} INFO - 25/04/27 08:02:45 INFO SparkContext: Added JAR file:///home/airflow/.ivy2/jars/org.apache.httpcomponents_httpcore-4.4.13.jar at spark://c82426b22b9f:40199/jars/org.apache.httpcomponents_httpcore-4.4.13.jar with timestamp 1745740965110
[2025-04-27T08:02:45.828+0000] {spark_submit.py:490} INFO - 25/04/27 08:02:45 INFO SparkContext: Added JAR file:///home/airflow/.ivy2/jars/commons-logging_commons-logging-1.2.jar at spark://c82426b22b9f:40199/jars/commons-logging_commons-logging-1.2.jar with timestamp 1745740965110
[2025-04-27T08:02:45.828+0000] {spark_submit.py:490} INFO - 25/04/27 08:02:45 INFO SparkContext: Added JAR file:///home/airflow/.ivy2/jars/commons-codec_commons-codec-1.11.jar at spark://c82426b22b9f:40199/jars/commons-codec_commons-codec-1.11.jar with timestamp 1745740965110
[2025-04-27T08:02:45.829+0000] {spark_submit.py:490} INFO - 25/04/27 08:02:45 INFO SparkContext: Added file file:///home/airflow/.ivy2/jars/org.postgresql_postgresql-42.6.0.jar at spark://c82426b22b9f:40199/files/org.postgresql_postgresql-42.6.0.jar with timestamp 1745740965110
[2025-04-27T08:02:45.830+0000] {spark_submit.py:490} INFO - 25/04/27 08:02:45 INFO Utils: Copying /home/airflow/.ivy2/jars/org.postgresql_postgresql-42.6.0.jar to /tmp/spark-ef910e00-5dab-48dc-a855-7d596755a31a/userFiles-969a2c0e-60ce-4fb1-ad07-7601db2c459b/org.postgresql_postgresql-42.6.0.jar
[2025-04-27T08:02:45.844+0000] {spark_submit.py:490} INFO - 25/04/27 08:02:45 INFO SparkContext: Added file file:///home/airflow/.ivy2/jars/ru.yandex.clickhouse_clickhouse-jdbc-0.3.2.jar at spark://c82426b22b9f:40199/files/ru.yandex.clickhouse_clickhouse-jdbc-0.3.2.jar with timestamp 1745740965110
[2025-04-27T08:02:45.844+0000] {spark_submit.py:490} INFO - 25/04/27 08:02:45 INFO Utils: Copying /home/airflow/.ivy2/jars/ru.yandex.clickhouse_clickhouse-jdbc-0.3.2.jar to /tmp/spark-ef910e00-5dab-48dc-a855-7d596755a31a/userFiles-969a2c0e-60ce-4fb1-ad07-7601db2c459b/ru.yandex.clickhouse_clickhouse-jdbc-0.3.2.jar
[2025-04-27T08:02:45.847+0000] {spark_submit.py:490} INFO - 25/04/27 08:02:45 INFO SparkContext: Added file file:///home/airflow/.ivy2/jars/org.checkerframework_checker-qual-3.31.0.jar at spark://c82426b22b9f:40199/files/org.checkerframework_checker-qual-3.31.0.jar with timestamp 1745740965110
[2025-04-27T08:02:45.848+0000] {spark_submit.py:490} INFO - 25/04/27 08:02:45 INFO Utils: Copying /home/airflow/.ivy2/jars/org.checkerframework_checker-qual-3.31.0.jar to /tmp/spark-ef910e00-5dab-48dc-a855-7d596755a31a/userFiles-969a2c0e-60ce-4fb1-ad07-7601db2c459b/org.checkerframework_checker-qual-3.31.0.jar
[2025-04-27T08:02:45.851+0000] {spark_submit.py:490} INFO - 25/04/27 08:02:45 INFO SparkContext: Added file file:///home/airflow/.ivy2/jars/com.clickhouse_clickhouse-http-client-0.3.2.jar at spark://c82426b22b9f:40199/files/com.clickhouse_clickhouse-http-client-0.3.2.jar with timestamp 1745740965110
[2025-04-27T08:02:45.851+0000] {spark_submit.py:490} INFO - 25/04/27 08:02:45 INFO Utils: Copying /home/airflow/.ivy2/jars/com.clickhouse_clickhouse-http-client-0.3.2.jar to /tmp/spark-ef910e00-5dab-48dc-a855-7d596755a31a/userFiles-969a2c0e-60ce-4fb1-ad07-7601db2c459b/com.clickhouse_clickhouse-http-client-0.3.2.jar
[2025-04-27T08:02:45.854+0000] {spark_submit.py:490} INFO - 25/04/27 08:02:45 INFO SparkContext: Added file file:///home/airflow/.ivy2/jars/com.google.code.gson_gson-2.8.8.jar at spark://c82426b22b9f:40199/files/com.google.code.gson_gson-2.8.8.jar with timestamp 1745740965110
[2025-04-27T08:02:45.854+0000] {spark_submit.py:490} INFO - 25/04/27 08:02:45 INFO Utils: Copying /home/airflow/.ivy2/jars/com.google.code.gson_gson-2.8.8.jar to /tmp/spark-ef910e00-5dab-48dc-a855-7d596755a31a/userFiles-969a2c0e-60ce-4fb1-ad07-7601db2c459b/com.google.code.gson_gson-2.8.8.jar
[2025-04-27T08:02:45.858+0000] {spark_submit.py:490} INFO - 25/04/27 08:02:45 INFO SparkContext: Added file file:///home/airflow/.ivy2/jars/org.apache.httpcomponents_httpclient-4.5.13.jar at spark://c82426b22b9f:40199/files/org.apache.httpcomponents_httpclient-4.5.13.jar with timestamp 1745740965110
[2025-04-27T08:02:45.858+0000] {spark_submit.py:490} INFO - 25/04/27 08:02:45 INFO Utils: Copying /home/airflow/.ivy2/jars/org.apache.httpcomponents_httpclient-4.5.13.jar to /tmp/spark-ef910e00-5dab-48dc-a855-7d596755a31a/userFiles-969a2c0e-60ce-4fb1-ad07-7601db2c459b/org.apache.httpcomponents_httpclient-4.5.13.jar
[2025-04-27T08:02:45.862+0000] {spark_submit.py:490} INFO - 25/04/27 08:02:45 INFO SparkContext: Added file file:///home/airflow/.ivy2/jars/org.apache.httpcomponents_httpmime-4.5.13.jar at spark://c82426b22b9f:40199/files/org.apache.httpcomponents_httpmime-4.5.13.jar with timestamp 1745740965110
[2025-04-27T08:02:45.862+0000] {spark_submit.py:490} INFO - 25/04/27 08:02:45 INFO Utils: Copying /home/airflow/.ivy2/jars/org.apache.httpcomponents_httpmime-4.5.13.jar to /tmp/spark-ef910e00-5dab-48dc-a855-7d596755a31a/userFiles-969a2c0e-60ce-4fb1-ad07-7601db2c459b/org.apache.httpcomponents_httpmime-4.5.13.jar
[2025-04-27T08:02:45.866+0000] {spark_submit.py:490} INFO - 25/04/27 08:02:45 INFO SparkContext: Added file file:///home/airflow/.ivy2/jars/org.lz4_lz4-java-1.8.0.jar at spark://c82426b22b9f:40199/files/org.lz4_lz4-java-1.8.0.jar with timestamp 1745740965110
[2025-04-27T08:02:45.866+0000] {spark_submit.py:490} INFO - 25/04/27 08:02:45 INFO Utils: Copying /home/airflow/.ivy2/jars/org.lz4_lz4-java-1.8.0.jar to /tmp/spark-ef910e00-5dab-48dc-a855-7d596755a31a/userFiles-969a2c0e-60ce-4fb1-ad07-7601db2c459b/org.lz4_lz4-java-1.8.0.jar
[2025-04-27T08:02:45.869+0000] {spark_submit.py:490} INFO - 25/04/27 08:02:45 INFO SparkContext: Added file file:///home/airflow/.ivy2/jars/com.clickhouse_clickhouse-client-0.3.2.jar at spark://c82426b22b9f:40199/files/com.clickhouse_clickhouse-client-0.3.2.jar with timestamp 1745740965110
[2025-04-27T08:02:45.870+0000] {spark_submit.py:490} INFO - 25/04/27 08:02:45 INFO Utils: Copying /home/airflow/.ivy2/jars/com.clickhouse_clickhouse-client-0.3.2.jar to /tmp/spark-ef910e00-5dab-48dc-a855-7d596755a31a/userFiles-969a2c0e-60ce-4fb1-ad07-7601db2c459b/com.clickhouse_clickhouse-client-0.3.2.jar
[2025-04-27T08:02:45.873+0000] {spark_submit.py:490} INFO - 25/04/27 08:02:45 INFO SparkContext: Added file file:///home/airflow/.ivy2/jars/org.apache.httpcomponents_httpcore-4.4.13.jar at spark://c82426b22b9f:40199/files/org.apache.httpcomponents_httpcore-4.4.13.jar with timestamp 1745740965110
[2025-04-27T08:02:45.873+0000] {spark_submit.py:490} INFO - 25/04/27 08:02:45 INFO Utils: Copying /home/airflow/.ivy2/jars/org.apache.httpcomponents_httpcore-4.4.13.jar to /tmp/spark-ef910e00-5dab-48dc-a855-7d596755a31a/userFiles-969a2c0e-60ce-4fb1-ad07-7601db2c459b/org.apache.httpcomponents_httpcore-4.4.13.jar
[2025-04-27T08:02:45.877+0000] {spark_submit.py:490} INFO - 25/04/27 08:02:45 INFO SparkContext: Added file file:///home/airflow/.ivy2/jars/commons-logging_commons-logging-1.2.jar at spark://c82426b22b9f:40199/files/commons-logging_commons-logging-1.2.jar with timestamp 1745740965110
[2025-04-27T08:02:45.877+0000] {spark_submit.py:490} INFO - 25/04/27 08:02:45 INFO Utils: Copying /home/airflow/.ivy2/jars/commons-logging_commons-logging-1.2.jar to /tmp/spark-ef910e00-5dab-48dc-a855-7d596755a31a/userFiles-969a2c0e-60ce-4fb1-ad07-7601db2c459b/commons-logging_commons-logging-1.2.jar
[2025-04-27T08:02:45.879+0000] {spark_submit.py:490} INFO - 25/04/27 08:02:45 INFO SparkContext: Added file file:///home/airflow/.ivy2/jars/commons-codec_commons-codec-1.11.jar at spark://c82426b22b9f:40199/files/commons-codec_commons-codec-1.11.jar with timestamp 1745740965110
[2025-04-27T08:02:45.879+0000] {spark_submit.py:490} INFO - 25/04/27 08:02:45 INFO Utils: Copying /home/airflow/.ivy2/jars/commons-codec_commons-codec-1.11.jar to /tmp/spark-ef910e00-5dab-48dc-a855-7d596755a31a/userFiles-969a2c0e-60ce-4fb1-ad07-7601db2c459b/commons-codec_commons-codec-1.11.jar
[2025-04-27T08:02:45.950+0000] {spark_submit.py:490} INFO - 25/04/27 08:02:45 INFO StandaloneAppClient$ClientEndpoint: Connecting to master spark://spark-master:7077...
[2025-04-27T08:02:45.987+0000] {spark_submit.py:490} INFO - 25/04/27 08:02:45 INFO TransportClientFactory: Successfully created connection to spark-master/172.18.0.2:7077 after 22 ms (0 ms spent in bootstraps)
[2025-04-27T08:02:46.061+0000] {spark_submit.py:490} INFO - 25/04/27 08:02:46 INFO StandaloneSchedulerBackend: Connected to Spark cluster with app ID app-20250427080246-0004
[2025-04-27T08:02:46.066+0000] {spark_submit.py:490} INFO - 25/04/27 08:02:46 INFO Utils: Successfully started service 'org.apache.spark.network.netty.NettyBlockTransferService' on port 33561.
[2025-04-27T08:02:46.067+0000] {spark_submit.py:490} INFO - 25/04/27 08:02:46 INFO NettyBlockTransferService: Server created on c82426b22b9f:33561
[2025-04-27T08:02:46.069+0000] {spark_submit.py:490} INFO - 25/04/27 08:02:46 INFO BlockManager: Using org.apache.spark.storage.RandomBlockReplicationPolicy for block replication policy
[2025-04-27T08:02:46.075+0000] {spark_submit.py:490} INFO - 25/04/27 08:02:46 INFO BlockManagerMaster: Registering BlockManager BlockManagerId(driver, c82426b22b9f, 33561, None)
[2025-04-27T08:02:46.078+0000] {spark_submit.py:490} INFO - 25/04/27 08:02:46 INFO BlockManagerMasterEndpoint: Registering block manager c82426b22b9f:33561 with 434.4 MiB RAM, BlockManagerId(driver, c82426b22b9f, 33561, None)
[2025-04-27T08:02:46.080+0000] {spark_submit.py:490} INFO - 25/04/27 08:02:46 INFO BlockManagerMaster: Registered BlockManager BlockManagerId(driver, c82426b22b9f, 33561, None)
[2025-04-27T08:02:46.082+0000] {spark_submit.py:490} INFO - 25/04/27 08:02:46 INFO BlockManager: Initialized BlockManager: BlockManagerId(driver, c82426b22b9f, 33561, None)
[2025-04-27T08:02:46.242+0000] {spark_submit.py:490} INFO - 25/04/27 08:02:46 INFO StandaloneSchedulerBackend: SchedulerBackend is ready for scheduling beginning after reached minRegisteredResourcesRatio: 0.0
[2025-04-27T08:02:46.439+0000] {spark_submit.py:490} INFO - 25/04/27 08:02:46 INFO SharedState: Setting hive.metastore.warehouse.dir ('null') to the value of spark.sql.warehouse.dir.
[2025-04-27T08:02:46.442+0000] {spark_submit.py:490} INFO - 25/04/27 08:02:46 INFO SharedState: Warehouse path is 'file:/opt/airflow/spark-warehouse'.
[2025-04-27T08:02:48.582+0000] {spark_submit.py:490} INFO - Traceback (most recent call last):
[2025-04-27T08:02:48.582+0000] {spark_submit.py:490} INFO - File "/opt/airflow/spark/detect_suspicious.py", line 29, in <module>
[2025-04-27T08:02:48.582+0000] {spark_submit.py:490} INFO - freq = df.withColumn("cnt",F.count("transaction_id").over(w)) \
[2025-04-27T08:02:48.582+0000] {spark_submit.py:490} INFO - File "/opt/spark/python/lib/pyspark.zip/pyspark/sql/dataframe.py", line 3036, in withColumn
[2025-04-27T08:02:48.582+0000] {spark_submit.py:490} INFO - File "/opt/spark/python/lib/py4j-0.10.9.5-src.zip/py4j/java_gateway.py", line 1322, in __call__
[2025-04-27T08:02:48.583+0000] {spark_submit.py:490} INFO - File "/opt/spark/python/lib/pyspark.zip/pyspark/sql/utils.py", line 196, in deco
[2025-04-27T08:02:48.586+0000] {spark_submit.py:490} INFO - pyspark.sql.utils.AnalysisException: cannot resolve '(PARTITION BY client_id ORDER BY datetime ASC NULLS FIRST RANGE BETWEEN -86400L FOLLOWING AND CURRENT ROW)' due to data type mismatch: The data type 'timestamp' used in the order specification does not match the data type 'bigint' which is used in the range frame.;
[2025-04-27T08:02:48.586+0000] {spark_submit.py:490} INFO - 'Project [transaction_id#0, client_id#1, datetime#2, amount#3, currency#4, merchant#5, transaction_type#6, ip_network#7, count(transaction_id#0) windowspecdefinition(client_id#1, datetime#2 ASC NULLS FIRST, specifiedwindowframe(RangeFrame, -86400, currentrow$())) AS cnt#38]
[2025-04-27T08:02:48.586+0000] {spark_submit.py:490} INFO - +- Relation [transaction_id#0,client_id#1,datetime#2,amount#3,currency#4,merchant#5,transaction_type#6,ip_network#7] JDBCRelation(raw.masked_transactions) [numPartitions=1]
[2025-04-27T08:02:48.586+0000] {spark_submit.py:490} INFO - 
[2025-04-27T08:02:48.610+0000] {spark_submit.py:490} INFO - 25/04/27 08:02:48 INFO SparkContext: Invoking stop() from shutdown hook
[2025-04-27T08:02:48.617+0000] {spark_submit.py:490} INFO - 25/04/27 08:02:48 INFO SparkUI: Stopped Spark web UI at http://c82426b22b9f:4040
[2025-04-27T08:02:48.620+0000] {spark_submit.py:490} INFO - 25/04/27 08:02:48 INFO StandaloneSchedulerBackend: Shutting down all executors
[2025-04-27T08:02:48.624+0000] {spark_submit.py:490} INFO - 25/04/27 08:02:48 INFO CoarseGrainedSchedulerBackend$DriverEndpoint: Asking each executor to shut down
[2025-04-27T08:02:48.636+0000] {spark_submit.py:490} INFO - 25/04/27 08:02:48 INFO MapOutputTrackerMasterEndpoint: MapOutputTrackerMasterEndpoint stopped!
[2025-04-27T08:02:48.647+0000] {spark_submit.py:490} INFO - 25/04/27 08:02:48 INFO MemoryStore: MemoryStore cleared
[2025-04-27T08:02:48.647+0000] {spark_submit.py:490} INFO - 25/04/27 08:02:48 INFO BlockManager: BlockManager stopped
[2025-04-27T08:02:48.655+0000] {spark_submit.py:490} INFO - 25/04/27 08:02:48 INFO BlockManagerMaster: BlockManagerMaster stopped
[2025-04-27T08:02:48.657+0000] {spark_submit.py:490} INFO - 25/04/27 08:02:48 INFO OutputCommitCoordinator$OutputCommitCoordinatorEndpoint: OutputCommitCoordinator stopped!
[2025-04-27T08:02:48.662+0000] {spark_submit.py:490} INFO - 25/04/27 08:02:48 INFO SparkContext: Successfully stopped SparkContext
[2025-04-27T08:02:48.663+0000] {spark_submit.py:490} INFO - 25/04/27 08:02:48 INFO ShutdownHookManager: Shutdown hook called
[2025-04-27T08:02:48.663+0000] {spark_submit.py:490} INFO - 25/04/27 08:02:48 INFO ShutdownHookManager: Deleting directory /tmp/spark-7ca22f06-64b5-4781-a36e-b5f6efedc8a2
[2025-04-27T08:02:48.666+0000] {spark_submit.py:490} INFO - 25/04/27 08:02:48 INFO ShutdownHookManager: Deleting directory /tmp/spark-ef910e00-5dab-48dc-a855-7d596755a31a/pyspark-42ccebc8-76c7-4aeb-858b-3bf082dba707
[2025-04-27T08:02:48.669+0000] {spark_submit.py:490} INFO - 25/04/27 08:02:48 INFO ShutdownHookManager: Deleting directory /tmp/spark-ef910e00-5dab-48dc-a855-7d596755a31a
[2025-04-27T08:02:48.731+0000] {taskinstance.py:1824} ERROR - Task failed with exception
Traceback (most recent call last):
  File "/home/airflow/.local/lib/python3.7/site-packages/airflow/providers/apache/spark/operators/spark_submit.py", line 157, in execute
    self._hook.submit(self._application)
  File "/home/airflow/.local/lib/python3.7/site-packages/airflow/providers/apache/spark/hooks/spark_submit.py", line 422, in submit
    f"Cannot execute: {self._mask_cmd(spark_submit_cmd)}. Error code is: {returncode}."
airflow.exceptions.AirflowException: Cannot execute: spark-submit --master spark://spark-master:7077 --packages org.postgresql:postgresql:42.6.0,ru.yandex.clickhouse:clickhouse-jdbc:0.3.2 --executor-cores 2 --executor-memory 2g --driver-memory 1g --name arrow-spark /opt/airflow/spark/detect_suspicious.py --jdbc jdbc:postgresql://postgres:5432/finbest --clickhouse-url jdbc:clickhouse://clickhouse:8123/finbest. Error code is: 1.
[2025-04-27T08:02:48.736+0000] {taskinstance.py:1350} INFO - Marking task as UP_FOR_RETRY. dag_id=transform, task_id=detect_suspicious, execution_date=20250427T080219, start_date=20250427T080229, end_date=20250427T080248
[2025-04-27T08:02:48.746+0000] {standard_task_runner.py:109} ERROR - Failed to execute job 16 for task detect_suspicious (Cannot execute: spark-submit --master spark://spark-master:7077 --packages org.postgresql:postgresql:42.6.0,ru.yandex.clickhouse:clickhouse-jdbc:0.3.2 --executor-cores 2 --executor-memory 2g --driver-memory 1g --name arrow-spark /opt/airflow/spark/detect_suspicious.py --jdbc jdbc:postgresql://postgres:5432/finbest --clickhouse-url jdbc:clickhouse://clickhouse:8123/finbest. Error code is: 1.; 6556)
[2025-04-27T08:02:48.758+0000] {local_task_job_runner.py:225} INFO - Task exited with return code 1
[2025-04-27T08:02:48.845+0000] {taskinstance.py:2653} INFO - 0 downstream tasks scheduled from follow-on schedule check
