[2025-04-29T12:20:34.024+0000] {taskinstance.py:1103} INFO - Dependencies all met for dep_context=non-requeueable deps ti=<TaskInstance: superset_sync.dataset manual__2025-04-29T12:20:31.472628+00:00 [queued]>
[2025-04-29T12:20:34.029+0000] {taskinstance.py:1103} INFO - Dependencies all met for dep_context=requeueable deps ti=<TaskInstance: superset_sync.dataset manual__2025-04-29T12:20:31.472628+00:00 [queued]>
[2025-04-29T12:20:34.030+0000] {taskinstance.py:1308} INFO - Starting attempt 1 of 1
[2025-04-29T12:20:34.040+0000] {taskinstance.py:1327} INFO - Executing <Task(PythonOperator): dataset> on 2025-04-29 12:20:31.472628+00:00
[2025-04-29T12:20:34.043+0000] {standard_task_runner.py:57} INFO - Started process 97 to run task
[2025-04-29T12:20:34.045+0000] {standard_task_runner.py:84} INFO - Running: ['airflow', 'tasks', 'run', 'superset_sync', 'dataset', 'manual__2025-04-29T12:20:31.472628+00:00', '--job-id', '16', '--raw', '--subdir', 'DAGS_FOLDER/superset_sync.py', '--cfg-path', '/tmp/tmpgewcjanb']
[2025-04-29T12:20:34.046+0000] {standard_task_runner.py:85} INFO - Job 16: Subtask dataset
[2025-04-29T12:20:34.085+0000] {task_command.py:410} INFO - Running <TaskInstance: superset_sync.dataset manual__2025-04-29T12:20:31.472628+00:00 [running]> on host bd05f2cbfffd
[2025-04-29T12:20:34.221+0000] {taskinstance.py:1547} INFO - Exporting env vars: AIRFLOW_CTX_DAG_OWNER='airflow' AIRFLOW_CTX_DAG_ID='superset_sync' AIRFLOW_CTX_TASK_ID='dataset' AIRFLOW_CTX_EXECUTION_DATE='2025-04-29T12:20:31.472628+00:00' AIRFLOW_CTX_TRY_NUMBER='1' AIRFLOW_CTX_DAG_RUN_ID='manual__2025-04-29T12:20:31.472628+00:00'
[2025-04-29T12:20:34.747+0000] {taskinstance.py:1824} ERROR - Task failed with exception
Traceback (most recent call last):
  File "/home/airflow/.local/lib/python3.7/site-packages/airflow/operators/python.py", line 181, in execute
    return_value = self.execute_callable()
  File "/home/airflow/.local/lib/python3.7/site-packages/airflow/operators/python.py", line 198, in execute_callable
    return self.python_callable(*self.op_args, **self.op_kwargs)
  File "/opt/airflow/dags/superset_sync.py", line 68, in ensure_dataset
    resp.raise_for_status()
  File "/home/airflow/.local/lib/python3.7/site-packages/requests/models.py", line 1021, in raise_for_status
    raise HTTPError(http_error_msg, response=self)
requests.exceptions.HTTPError: 400 Client Error: BAD REQUEST for url: http://superset:8088/api/v1/dataset/
[2025-04-29T12:20:34.756+0000] {taskinstance.py:1350} INFO - Marking task as FAILED. dag_id=superset_sync, task_id=dataset, execution_date=20250429T122031, start_date=20250429T122034, end_date=20250429T122034
[2025-04-29T12:20:34.766+0000] {standard_task_runner.py:109} ERROR - Failed to execute job 16 for task dataset (400 Client Error: BAD REQUEST for url: http://superset:8088/api/v1/dataset/; 97)
[2025-04-29T12:20:34.778+0000] {local_task_job_runner.py:225} INFO - Task exited with return code 1
[2025-04-29T12:20:34.801+0000] {taskinstance.py:2653} INFO - 0 downstream tasks scheduled from follow-on schedule check
