[2025-04-29T15:00:32.037+0000] {taskinstance.py:1103} INFO - Dependencies all met for dep_context=non-requeueable deps ti=<TaskInstance: transform.detect_suspicious manual__2025-04-29T15:00:22.242039+00:00 [queued]>
[2025-04-29T15:00:32.044+0000] {taskinstance.py:1103} INFO - Dependencies all met for dep_context=requeueable deps ti=<TaskInstance: transform.detect_suspicious manual__2025-04-29T15:00:22.242039+00:00 [queued]>
[2025-04-29T15:00:32.044+0000] {taskinstance.py:1308} INFO - Starting attempt 1 of 2
[2025-04-29T15:00:32.054+0000] {taskinstance.py:1327} INFO - Executing <Task(SparkSubmitOperator): detect_suspicious> on 2025-04-29 15:00:22.242039+00:00
[2025-04-29T15:00:32.057+0000] {standard_task_runner.py:57} INFO - Started process 9295 to run task
[2025-04-29T15:00:32.059+0000] {standard_task_runner.py:84} INFO - Running: ['airflow', 'tasks', 'run', 'transform', 'detect_suspicious', 'manual__2025-04-29T15:00:22.242039+00:00', '--job-id', '41', '--raw', '--subdir', 'DAGS_FOLDER/transform.py', '--cfg-path', '/tmp/tmpie0f75bu']
[2025-04-29T15:00:32.060+0000] {standard_task_runner.py:85} INFO - Job 41: Subtask detect_suspicious
[2025-04-29T15:00:32.096+0000] {task_command.py:410} INFO - Running <TaskInstance: transform.detect_suspicious manual__2025-04-29T15:00:22.242039+00:00 [running]> on host bd05f2cbfffd
[2025-04-29T15:00:32.286+0000] {taskinstance.py:1547} INFO - Exporting env vars: AIRFLOW_CTX_DAG_OWNER='finbest' AIRFLOW_CTX_DAG_ID='transform' AIRFLOW_CTX_TASK_ID='detect_suspicious' AIRFLOW_CTX_EXECUTION_DATE='2025-04-29T15:00:22.242039+00:00' AIRFLOW_CTX_TRY_NUMBER='1' AIRFLOW_CTX_DAG_RUN_ID='manual__2025-04-29T15:00:22.242039+00:00'
[2025-04-29T15:00:32.295+0000] {base.py:73} INFO - Using connection ID 'spark_default' for task execution.
[2025-04-29T15:00:32.296+0000] {spark_submit.py:339} INFO - Spark-Submit cmd: spark-submit --master spark://spark-master:7077 --packages org.postgresql:postgresql:42.6.0,ru.yandex.clickhouse:clickhouse-jdbc:0.3.2 --executor-cores 1 --executor-memory 1g --driver-memory 1g --name arrow-spark /opt/airflow/spark/detect_suspicious.py --jdbc jdbc:postgresql://postgres:5432/finbest --clickhouse-url jdbc:clickhouse://clickhouse:8123/finbest
[2025-04-29T15:00:33.604+0000] {spark_submit.py:490} INFO - :: loading settings :: url = jar:file:/opt/spark/jars/ivy-2.5.0.jar!/org/apache/ivy/core/settings/ivysettings.xml
[2025-04-29T15:00:33.691+0000] {spark_submit.py:490} INFO - Ivy Default Cache set to: /home/airflow/.ivy2/cache
[2025-04-29T15:00:33.692+0000] {spark_submit.py:490} INFO - The jars for the packages stored in: /home/airflow/.ivy2/jars
[2025-04-29T15:00:33.696+0000] {spark_submit.py:490} INFO - org.postgresql#postgresql added as a dependency
[2025-04-29T15:00:33.696+0000] {spark_submit.py:490} INFO - ru.yandex.clickhouse#clickhouse-jdbc added as a dependency
[2025-04-29T15:00:33.697+0000] {spark_submit.py:490} INFO - :: resolving dependencies :: org.apache.spark#spark-submit-parent-a0aadad0-7083-4a4e-9ef6-87c5109812e4;1.0
[2025-04-29T15:00:33.697+0000] {spark_submit.py:490} INFO - confs: [default]
[2025-04-29T15:00:33.781+0000] {spark_submit.py:490} INFO - found org.postgresql#postgresql;42.6.0 in central
[2025-04-29T15:00:33.797+0000] {spark_submit.py:490} INFO - found org.checkerframework#checker-qual;3.31.0 in central
[2025-04-29T15:00:33.813+0000] {spark_submit.py:490} INFO - found ru.yandex.clickhouse#clickhouse-jdbc;0.3.2 in central
[2025-04-29T15:00:33.835+0000] {spark_submit.py:490} INFO - found com.clickhouse#clickhouse-http-client;0.3.2 in central
[2025-04-29T15:00:33.857+0000] {spark_submit.py:490} INFO - found com.clickhouse#clickhouse-client;0.3.2 in central
[2025-04-29T15:00:33.875+0000] {spark_submit.py:490} INFO - found org.lz4#lz4-java;1.8.0 in central
[2025-04-29T15:00:33.896+0000] {spark_submit.py:490} INFO - found com.google.code.gson#gson;2.8.8 in central
[2025-04-29T15:00:33.915+0000] {spark_submit.py:490} INFO - found org.apache.httpcomponents#httpclient;4.5.13 in central
[2025-04-29T15:00:33.931+0000] {spark_submit.py:490} INFO - found org.apache.httpcomponents#httpcore;4.4.13 in central
[2025-04-29T15:00:33.944+0000] {spark_submit.py:490} INFO - found commons-logging#commons-logging;1.2 in central
[2025-04-29T15:00:33.956+0000] {spark_submit.py:490} INFO - found commons-codec#commons-codec;1.11 in central
[2025-04-29T15:00:33.967+0000] {spark_submit.py:490} INFO - found org.apache.httpcomponents#httpmime;4.5.13 in central
[2025-04-29T15:00:33.985+0000] {spark_submit.py:490} INFO - :: resolution report :: resolve 280ms :: artifacts dl 7ms
[2025-04-29T15:00:33.985+0000] {spark_submit.py:490} INFO - :: modules in use:
[2025-04-29T15:00:33.985+0000] {spark_submit.py:490} INFO - com.clickhouse#clickhouse-client;0.3.2 from central in [default]
[2025-04-29T15:00:33.985+0000] {spark_submit.py:490} INFO - com.clickhouse#clickhouse-http-client;0.3.2 from central in [default]
[2025-04-29T15:00:33.986+0000] {spark_submit.py:490} INFO - com.google.code.gson#gson;2.8.8 from central in [default]
[2025-04-29T15:00:33.986+0000] {spark_submit.py:490} INFO - commons-codec#commons-codec;1.11 from central in [default]
[2025-04-29T15:00:33.986+0000] {spark_submit.py:490} INFO - commons-logging#commons-logging;1.2 from central in [default]
[2025-04-29T15:00:33.986+0000] {spark_submit.py:490} INFO - org.apache.httpcomponents#httpclient;4.5.13 from central in [default]
[2025-04-29T15:00:33.986+0000] {spark_submit.py:490} INFO - org.apache.httpcomponents#httpcore;4.4.13 from central in [default]
[2025-04-29T15:00:33.986+0000] {spark_submit.py:490} INFO - org.apache.httpcomponents#httpmime;4.5.13 from central in [default]
[2025-04-29T15:00:33.986+0000] {spark_submit.py:490} INFO - org.checkerframework#checker-qual;3.31.0 from central in [default]
[2025-04-29T15:00:33.986+0000] {spark_submit.py:490} INFO - org.lz4#lz4-java;1.8.0 from central in [default]
[2025-04-29T15:00:33.986+0000] {spark_submit.py:490} INFO - org.postgresql#postgresql;42.6.0 from central in [default]
[2025-04-29T15:00:33.986+0000] {spark_submit.py:490} INFO - ru.yandex.clickhouse#clickhouse-jdbc;0.3.2 from central in [default]
[2025-04-29T15:00:33.986+0000] {spark_submit.py:490} INFO - ---------------------------------------------------------------------
[2025-04-29T15:00:33.987+0000] {spark_submit.py:490} INFO - |                  |            modules            ||   artifacts   |
[2025-04-29T15:00:33.987+0000] {spark_submit.py:490} INFO - |       conf       | number| search|dwnlded|evicted|| number|dwnlded|
[2025-04-29T15:00:33.987+0000] {spark_submit.py:490} INFO - ---------------------------------------------------------------------
[2025-04-29T15:00:33.987+0000] {spark_submit.py:490} INFO - |      default     |   12  |   0   |   0   |   0   ||   12  |   0   |
[2025-04-29T15:00:33.987+0000] {spark_submit.py:490} INFO - ---------------------------------------------------------------------
[2025-04-29T15:00:33.990+0000] {spark_submit.py:490} INFO - :: retrieving :: org.apache.spark#spark-submit-parent-a0aadad0-7083-4a4e-9ef6-87c5109812e4
[2025-04-29T15:00:33.990+0000] {spark_submit.py:490} INFO - confs: [default]
[2025-04-29T15:00:33.996+0000] {spark_submit.py:490} INFO - 0 artifacts copied, 12 already retrieved (0kB/7ms)
[2025-04-29T15:00:34.206+0000] {spark_submit.py:490} INFO - 25/04/29 15:00:34 WARN NativeCodeLoader: Unable to load native-hadoop library for your platform... using builtin-java classes where applicable
[2025-04-29T15:00:35.067+0000] {spark_submit.py:490} INFO - 25/04/29 15:00:35 INFO SparkContext: Running Spark version 3.3.0
[2025-04-29T15:00:35.086+0000] {spark_submit.py:490} INFO - 25/04/29 15:00:35 INFO ResourceUtils: ==============================================================
[2025-04-29T15:00:35.087+0000] {spark_submit.py:490} INFO - 25/04/29 15:00:35 INFO ResourceUtils: No custom resources configured for spark.driver.
[2025-04-29T15:00:35.087+0000] {spark_submit.py:490} INFO - 25/04/29 15:00:35 INFO ResourceUtils: ==============================================================
[2025-04-29T15:00:35.087+0000] {spark_submit.py:490} INFO - 25/04/29 15:00:35 INFO SparkContext: Submitted application: FinBestDetect
[2025-04-29T15:00:35.106+0000] {spark_submit.py:490} INFO - 25/04/29 15:00:35 INFO ResourceProfile: Default ResourceProfile created, executor resources: Map(cores -> name: cores, amount: 1, script: , vendor: , memory -> name: memory, amount: 1024, script: , vendor: , offHeap -> name: offHeap, amount: 0, script: , vendor: ), task resources: Map(cpus -> name: cpus, amount: 1.0)
[2025-04-29T15:00:35.115+0000] {spark_submit.py:490} INFO - 25/04/29 15:00:35 INFO ResourceProfile: Limiting resource is cpus at 1 tasks per executor
[2025-04-29T15:00:35.119+0000] {spark_submit.py:490} INFO - 25/04/29 15:00:35 INFO ResourceProfileManager: Added ResourceProfile id: 0
[2025-04-29T15:00:35.174+0000] {spark_submit.py:490} INFO - 25/04/29 15:00:35 INFO SecurityManager: Changing view acls to: airflow
[2025-04-29T15:00:35.174+0000] {spark_submit.py:490} INFO - 25/04/29 15:00:35 INFO SecurityManager: Changing modify acls to: airflow
[2025-04-29T15:00:35.175+0000] {spark_submit.py:490} INFO - 25/04/29 15:00:35 INFO SecurityManager: Changing view acls groups to:
[2025-04-29T15:00:35.175+0000] {spark_submit.py:490} INFO - 25/04/29 15:00:35 INFO SecurityManager: Changing modify acls groups to:
[2025-04-29T15:00:35.175+0000] {spark_submit.py:490} INFO - 25/04/29 15:00:35 INFO SecurityManager: SecurityManager: authentication disabled; ui acls disabled; users  with view permissions: Set(airflow); groups with view permissions: Set(); users  with modify permissions: Set(airflow); groups with modify permissions: Set()
[2025-04-29T15:00:35.436+0000] {spark_submit.py:490} INFO - 25/04/29 15:00:35 INFO Utils: Successfully started service 'sparkDriver' on port 41219.
[2025-04-29T15:00:35.462+0000] {spark_submit.py:490} INFO - 25/04/29 15:00:35 INFO SparkEnv: Registering MapOutputTracker
[2025-04-29T15:00:35.493+0000] {spark_submit.py:490} INFO - 25/04/29 15:00:35 INFO SparkEnv: Registering BlockManagerMaster
[2025-04-29T15:00:35.511+0000] {spark_submit.py:490} INFO - 25/04/29 15:00:35 INFO BlockManagerMasterEndpoint: Using org.apache.spark.storage.DefaultTopologyMapper for getting topology information
[2025-04-29T15:00:35.512+0000] {spark_submit.py:490} INFO - 25/04/29 15:00:35 INFO BlockManagerMasterEndpoint: BlockManagerMasterEndpoint up
[2025-04-29T15:00:35.515+0000] {spark_submit.py:490} INFO - 25/04/29 15:00:35 INFO SparkEnv: Registering BlockManagerMasterHeartbeat
[2025-04-29T15:00:35.536+0000] {spark_submit.py:490} INFO - 25/04/29 15:00:35 INFO DiskBlockManager: Created local directory at /tmp/blockmgr-2e105f5b-77ea-43f9-ad2c-4ae8ed7162ce
[2025-04-29T15:00:35.551+0000] {spark_submit.py:490} INFO - 25/04/29 15:00:35 INFO MemoryStore: MemoryStore started with capacity 434.4 MiB
[2025-04-29T15:00:35.568+0000] {spark_submit.py:490} INFO - 25/04/29 15:00:35 INFO SparkEnv: Registering OutputCommitCoordinator
[2025-04-29T15:00:35.748+0000] {spark_submit.py:490} INFO - 25/04/29 15:00:35 INFO Utils: Successfully started service 'SparkUI' on port 4040.
[2025-04-29T15:00:35.780+0000] {spark_submit.py:490} INFO - 25/04/29 15:00:35 INFO SparkContext: Added JAR file:///home/airflow/.ivy2/jars/org.postgresql_postgresql-42.6.0.jar at spark://bd05f2cbfffd:41219/jars/org.postgresql_postgresql-42.6.0.jar with timestamp 1745938835062
[2025-04-29T15:00:35.780+0000] {spark_submit.py:490} INFO - 25/04/29 15:00:35 INFO SparkContext: Added JAR file:///home/airflow/.ivy2/jars/ru.yandex.clickhouse_clickhouse-jdbc-0.3.2.jar at spark://bd05f2cbfffd:41219/jars/ru.yandex.clickhouse_clickhouse-jdbc-0.3.2.jar with timestamp 1745938835062
[2025-04-29T15:00:35.780+0000] {spark_submit.py:490} INFO - 25/04/29 15:00:35 INFO SparkContext: Added JAR file:///home/airflow/.ivy2/jars/org.checkerframework_checker-qual-3.31.0.jar at spark://bd05f2cbfffd:41219/jars/org.checkerframework_checker-qual-3.31.0.jar with timestamp 1745938835062
[2025-04-29T15:00:35.780+0000] {spark_submit.py:490} INFO - 25/04/29 15:00:35 INFO SparkContext: Added JAR file:///home/airflow/.ivy2/jars/com.clickhouse_clickhouse-http-client-0.3.2.jar at spark://bd05f2cbfffd:41219/jars/com.clickhouse_clickhouse-http-client-0.3.2.jar with timestamp 1745938835062
[2025-04-29T15:00:35.781+0000] {spark_submit.py:490} INFO - 25/04/29 15:00:35 INFO SparkContext: Added JAR file:///home/airflow/.ivy2/jars/com.google.code.gson_gson-2.8.8.jar at spark://bd05f2cbfffd:41219/jars/com.google.code.gson_gson-2.8.8.jar with timestamp 1745938835062
[2025-04-29T15:00:35.781+0000] {spark_submit.py:490} INFO - 25/04/29 15:00:35 INFO SparkContext: Added JAR file:///home/airflow/.ivy2/jars/org.apache.httpcomponents_httpclient-4.5.13.jar at spark://bd05f2cbfffd:41219/jars/org.apache.httpcomponents_httpclient-4.5.13.jar with timestamp 1745938835062
[2025-04-29T15:00:35.781+0000] {spark_submit.py:490} INFO - 25/04/29 15:00:35 INFO SparkContext: Added JAR file:///home/airflow/.ivy2/jars/org.apache.httpcomponents_httpmime-4.5.13.jar at spark://bd05f2cbfffd:41219/jars/org.apache.httpcomponents_httpmime-4.5.13.jar with timestamp 1745938835062
[2025-04-29T15:00:35.781+0000] {spark_submit.py:490} INFO - 25/04/29 15:00:35 INFO SparkContext: Added JAR file:///home/airflow/.ivy2/jars/org.lz4_lz4-java-1.8.0.jar at spark://bd05f2cbfffd:41219/jars/org.lz4_lz4-java-1.8.0.jar with timestamp 1745938835062
[2025-04-29T15:00:35.781+0000] {spark_submit.py:490} INFO - 25/04/29 15:00:35 INFO SparkContext: Added JAR file:///home/airflow/.ivy2/jars/com.clickhouse_clickhouse-client-0.3.2.jar at spark://bd05f2cbfffd:41219/jars/com.clickhouse_clickhouse-client-0.3.2.jar with timestamp 1745938835062
[2025-04-29T15:00:35.781+0000] {spark_submit.py:490} INFO - 25/04/29 15:00:35 INFO SparkContext: Added JAR file:///home/airflow/.ivy2/jars/org.apache.httpcomponents_httpcore-4.4.13.jar at spark://bd05f2cbfffd:41219/jars/org.apache.httpcomponents_httpcore-4.4.13.jar with timestamp 1745938835062
[2025-04-29T15:00:35.781+0000] {spark_submit.py:490} INFO - 25/04/29 15:00:35 INFO SparkContext: Added JAR file:///home/airflow/.ivy2/jars/commons-logging_commons-logging-1.2.jar at spark://bd05f2cbfffd:41219/jars/commons-logging_commons-logging-1.2.jar with timestamp 1745938835062
[2025-04-29T15:00:35.782+0000] {spark_submit.py:490} INFO - 25/04/29 15:00:35 INFO SparkContext: Added JAR file:///home/airflow/.ivy2/jars/commons-codec_commons-codec-1.11.jar at spark://bd05f2cbfffd:41219/jars/commons-codec_commons-codec-1.11.jar with timestamp 1745938835062
[2025-04-29T15:00:35.784+0000] {spark_submit.py:490} INFO - 25/04/29 15:00:35 INFO SparkContext: Added file file:///home/airflow/.ivy2/jars/org.postgresql_postgresql-42.6.0.jar at spark://bd05f2cbfffd:41219/files/org.postgresql_postgresql-42.6.0.jar with timestamp 1745938835062
[2025-04-29T15:00:35.785+0000] {spark_submit.py:490} INFO - 25/04/29 15:00:35 INFO Utils: Copying /home/airflow/.ivy2/jars/org.postgresql_postgresql-42.6.0.jar to /tmp/spark-e6fb28a2-502b-466f-9706-3f5f313fa835/userFiles-81528ea1-2b56-48ef-bd8b-248f4b42d0ba/org.postgresql_postgresql-42.6.0.jar
[2025-04-29T15:00:35.793+0000] {spark_submit.py:490} INFO - 25/04/29 15:00:35 INFO SparkContext: Added file file:///home/airflow/.ivy2/jars/ru.yandex.clickhouse_clickhouse-jdbc-0.3.2.jar at spark://bd05f2cbfffd:41219/files/ru.yandex.clickhouse_clickhouse-jdbc-0.3.2.jar with timestamp 1745938835062
[2025-04-29T15:00:35.794+0000] {spark_submit.py:490} INFO - 25/04/29 15:00:35 INFO Utils: Copying /home/airflow/.ivy2/jars/ru.yandex.clickhouse_clickhouse-jdbc-0.3.2.jar to /tmp/spark-e6fb28a2-502b-466f-9706-3f5f313fa835/userFiles-81528ea1-2b56-48ef-bd8b-248f4b42d0ba/ru.yandex.clickhouse_clickhouse-jdbc-0.3.2.jar
[2025-04-29T15:00:35.797+0000] {spark_submit.py:490} INFO - 25/04/29 15:00:35 INFO SparkContext: Added file file:///home/airflow/.ivy2/jars/org.checkerframework_checker-qual-3.31.0.jar at spark://bd05f2cbfffd:41219/files/org.checkerframework_checker-qual-3.31.0.jar with timestamp 1745938835062
[2025-04-29T15:00:35.797+0000] {spark_submit.py:490} INFO - 25/04/29 15:00:35 INFO Utils: Copying /home/airflow/.ivy2/jars/org.checkerframework_checker-qual-3.31.0.jar to /tmp/spark-e6fb28a2-502b-466f-9706-3f5f313fa835/userFiles-81528ea1-2b56-48ef-bd8b-248f4b42d0ba/org.checkerframework_checker-qual-3.31.0.jar
[2025-04-29T15:00:35.800+0000] {spark_submit.py:490} INFO - 25/04/29 15:00:35 INFO SparkContext: Added file file:///home/airflow/.ivy2/jars/com.clickhouse_clickhouse-http-client-0.3.2.jar at spark://bd05f2cbfffd:41219/files/com.clickhouse_clickhouse-http-client-0.3.2.jar with timestamp 1745938835062
[2025-04-29T15:00:35.800+0000] {spark_submit.py:490} INFO - 25/04/29 15:00:35 INFO Utils: Copying /home/airflow/.ivy2/jars/com.clickhouse_clickhouse-http-client-0.3.2.jar to /tmp/spark-e6fb28a2-502b-466f-9706-3f5f313fa835/userFiles-81528ea1-2b56-48ef-bd8b-248f4b42d0ba/com.clickhouse_clickhouse-http-client-0.3.2.jar
[2025-04-29T15:00:35.804+0000] {spark_submit.py:490} INFO - 25/04/29 15:00:35 INFO SparkContext: Added file file:///home/airflow/.ivy2/jars/com.google.code.gson_gson-2.8.8.jar at spark://bd05f2cbfffd:41219/files/com.google.code.gson_gson-2.8.8.jar with timestamp 1745938835062
[2025-04-29T15:00:35.804+0000] {spark_submit.py:490} INFO - 25/04/29 15:00:35 INFO Utils: Copying /home/airflow/.ivy2/jars/com.google.code.gson_gson-2.8.8.jar to /tmp/spark-e6fb28a2-502b-466f-9706-3f5f313fa835/userFiles-81528ea1-2b56-48ef-bd8b-248f4b42d0ba/com.google.code.gson_gson-2.8.8.jar
[2025-04-29T15:00:35.807+0000] {spark_submit.py:490} INFO - 25/04/29 15:00:35 INFO SparkContext: Added file file:///home/airflow/.ivy2/jars/org.apache.httpcomponents_httpclient-4.5.13.jar at spark://bd05f2cbfffd:41219/files/org.apache.httpcomponents_httpclient-4.5.13.jar with timestamp 1745938835062
[2025-04-29T15:00:35.807+0000] {spark_submit.py:490} INFO - 25/04/29 15:00:35 INFO Utils: Copying /home/airflow/.ivy2/jars/org.apache.httpcomponents_httpclient-4.5.13.jar to /tmp/spark-e6fb28a2-502b-466f-9706-3f5f313fa835/userFiles-81528ea1-2b56-48ef-bd8b-248f4b42d0ba/org.apache.httpcomponents_httpclient-4.5.13.jar
[2025-04-29T15:00:35.811+0000] {spark_submit.py:490} INFO - 25/04/29 15:00:35 INFO SparkContext: Added file file:///home/airflow/.ivy2/jars/org.apache.httpcomponents_httpmime-4.5.13.jar at spark://bd05f2cbfffd:41219/files/org.apache.httpcomponents_httpmime-4.5.13.jar with timestamp 1745938835062
[2025-04-29T15:00:35.811+0000] {spark_submit.py:490} INFO - 25/04/29 15:00:35 INFO Utils: Copying /home/airflow/.ivy2/jars/org.apache.httpcomponents_httpmime-4.5.13.jar to /tmp/spark-e6fb28a2-502b-466f-9706-3f5f313fa835/userFiles-81528ea1-2b56-48ef-bd8b-248f4b42d0ba/org.apache.httpcomponents_httpmime-4.5.13.jar
[2025-04-29T15:00:35.814+0000] {spark_submit.py:490} INFO - 25/04/29 15:00:35 INFO SparkContext: Added file file:///home/airflow/.ivy2/jars/org.lz4_lz4-java-1.8.0.jar at spark://bd05f2cbfffd:41219/files/org.lz4_lz4-java-1.8.0.jar with timestamp 1745938835062
[2025-04-29T15:00:35.814+0000] {spark_submit.py:490} INFO - 25/04/29 15:00:35 INFO Utils: Copying /home/airflow/.ivy2/jars/org.lz4_lz4-java-1.8.0.jar to /tmp/spark-e6fb28a2-502b-466f-9706-3f5f313fa835/userFiles-81528ea1-2b56-48ef-bd8b-248f4b42d0ba/org.lz4_lz4-java-1.8.0.jar
[2025-04-29T15:00:35.818+0000] {spark_submit.py:490} INFO - 25/04/29 15:00:35 INFO SparkContext: Added file file:///home/airflow/.ivy2/jars/com.clickhouse_clickhouse-client-0.3.2.jar at spark://bd05f2cbfffd:41219/files/com.clickhouse_clickhouse-client-0.3.2.jar with timestamp 1745938835062
[2025-04-29T15:00:35.818+0000] {spark_submit.py:490} INFO - 25/04/29 15:00:35 INFO Utils: Copying /home/airflow/.ivy2/jars/com.clickhouse_clickhouse-client-0.3.2.jar to /tmp/spark-e6fb28a2-502b-466f-9706-3f5f313fa835/userFiles-81528ea1-2b56-48ef-bd8b-248f4b42d0ba/com.clickhouse_clickhouse-client-0.3.2.jar
[2025-04-29T15:00:35.822+0000] {spark_submit.py:490} INFO - 25/04/29 15:00:35 INFO SparkContext: Added file file:///home/airflow/.ivy2/jars/org.apache.httpcomponents_httpcore-4.4.13.jar at spark://bd05f2cbfffd:41219/files/org.apache.httpcomponents_httpcore-4.4.13.jar with timestamp 1745938835062
[2025-04-29T15:00:35.822+0000] {spark_submit.py:490} INFO - 25/04/29 15:00:35 INFO Utils: Copying /home/airflow/.ivy2/jars/org.apache.httpcomponents_httpcore-4.4.13.jar to /tmp/spark-e6fb28a2-502b-466f-9706-3f5f313fa835/userFiles-81528ea1-2b56-48ef-bd8b-248f4b42d0ba/org.apache.httpcomponents_httpcore-4.4.13.jar
[2025-04-29T15:00:35.826+0000] {spark_submit.py:490} INFO - 25/04/29 15:00:35 INFO SparkContext: Added file file:///home/airflow/.ivy2/jars/commons-logging_commons-logging-1.2.jar at spark://bd05f2cbfffd:41219/files/commons-logging_commons-logging-1.2.jar with timestamp 1745938835062
[2025-04-29T15:00:35.826+0000] {spark_submit.py:490} INFO - 25/04/29 15:00:35 INFO Utils: Copying /home/airflow/.ivy2/jars/commons-logging_commons-logging-1.2.jar to /tmp/spark-e6fb28a2-502b-466f-9706-3f5f313fa835/userFiles-81528ea1-2b56-48ef-bd8b-248f4b42d0ba/commons-logging_commons-logging-1.2.jar
[2025-04-29T15:00:35.829+0000] {spark_submit.py:490} INFO - 25/04/29 15:00:35 INFO SparkContext: Added file file:///home/airflow/.ivy2/jars/commons-codec_commons-codec-1.11.jar at spark://bd05f2cbfffd:41219/files/commons-codec_commons-codec-1.11.jar with timestamp 1745938835062
[2025-04-29T15:00:35.830+0000] {spark_submit.py:490} INFO - 25/04/29 15:00:35 INFO Utils: Copying /home/airflow/.ivy2/jars/commons-codec_commons-codec-1.11.jar to /tmp/spark-e6fb28a2-502b-466f-9706-3f5f313fa835/userFiles-81528ea1-2b56-48ef-bd8b-248f4b42d0ba/commons-codec_commons-codec-1.11.jar
[2025-04-29T15:00:35.923+0000] {spark_submit.py:490} INFO - 25/04/29 15:00:35 INFO StandaloneAppClient$ClientEndpoint: Connecting to master spark://spark-master:7077...
[2025-04-29T15:00:35.962+0000] {spark_submit.py:490} INFO - 25/04/29 15:00:35 INFO TransportClientFactory: Successfully created connection to spark-master/172.18.0.3:7077 after 24 ms (0 ms spent in bootstraps)
[2025-04-29T15:00:36.034+0000] {spark_submit.py:490} INFO - 25/04/29 15:00:36 INFO StandaloneSchedulerBackend: Connected to Spark cluster with app ID app-20250429150036-0008
[2025-04-29T15:00:36.035+0000] {spark_submit.py:490} INFO - 25/04/29 15:00:36 INFO StandaloneAppClient$ClientEndpoint: Executor added: app-20250429150036-0008/0 on worker-20250429121840-172.18.0.5-45227 (172.18.0.5:45227) with 1 core(s)
[2025-04-29T15:00:36.038+0000] {spark_submit.py:490} INFO - 25/04/29 15:00:36 INFO StandaloneSchedulerBackend: Granted executor ID app-20250429150036-0008/0 on hostPort 172.18.0.5:45227 with 1 core(s), 1024.0 MiB RAM
[2025-04-29T15:00:36.040+0000] {spark_submit.py:490} INFO - 25/04/29 15:00:36 INFO Utils: Successfully started service 'org.apache.spark.network.netty.NettyBlockTransferService' on port 45377.
[2025-04-29T15:00:36.041+0000] {spark_submit.py:490} INFO - 25/04/29 15:00:36 INFO NettyBlockTransferService: Server created on bd05f2cbfffd:45377
[2025-04-29T15:00:36.043+0000] {spark_submit.py:490} INFO - 25/04/29 15:00:36 INFO BlockManager: Using org.apache.spark.storage.RandomBlockReplicationPolicy for block replication policy
[2025-04-29T15:00:36.049+0000] {spark_submit.py:490} INFO - 25/04/29 15:00:36 INFO BlockManagerMaster: Registering BlockManager BlockManagerId(driver, bd05f2cbfffd, 45377, None)
[2025-04-29T15:00:36.053+0000] {spark_submit.py:490} INFO - 25/04/29 15:00:36 INFO BlockManagerMasterEndpoint: Registering block manager bd05f2cbfffd:45377 with 434.4 MiB RAM, BlockManagerId(driver, bd05f2cbfffd, 45377, None)
[2025-04-29T15:00:36.056+0000] {spark_submit.py:490} INFO - 25/04/29 15:00:36 INFO BlockManagerMaster: Registered BlockManager BlockManagerId(driver, bd05f2cbfffd, 45377, None)
[2025-04-29T15:00:36.058+0000] {spark_submit.py:490} INFO - 25/04/29 15:00:36 INFO BlockManager: Initialized BlockManager: BlockManagerId(driver, bd05f2cbfffd, 45377, None)
[2025-04-29T15:00:36.067+0000] {spark_submit.py:490} INFO - 25/04/29 15:00:36 INFO StandaloneAppClient$ClientEndpoint: Executor updated: app-20250429150036-0008/0 is now RUNNING
[2025-04-29T15:00:36.236+0000] {spark_submit.py:490} INFO - 25/04/29 15:00:36 INFO StandaloneSchedulerBackend: SchedulerBackend is ready for scheduling beginning after reached minRegisteredResourcesRatio: 0.0
[2025-04-29T15:00:36.416+0000] {spark_submit.py:490} INFO - INFO:__main__:SparkSession создан
[2025-04-29T15:00:36.425+0000] {spark_submit.py:490} INFO - 25/04/29 15:00:36 INFO SharedState: Setting hive.metastore.warehouse.dir ('null') to the value of spark.sql.warehouse.dir.
[2025-04-29T15:00:36.427+0000] {spark_submit.py:490} INFO - 25/04/29 15:00:36 INFO SharedState: Warehouse path is 'file:/opt/airflow/spark-warehouse'.
[2025-04-29T15:00:38.477+0000] {spark_submit.py:490} INFO - 25/04/29 15:00:38 INFO CoarseGrainedSchedulerBackend$DriverEndpoint: Registered executor NettyRpcEndpointRef(spark-client://Executor) (172.18.0.5:60196) with ID 0,  ResourceProfileId 0
[2025-04-29T15:00:38.572+0000] {spark_submit.py:490} INFO - 25/04/29 15:00:38 INFO BlockManagerMasterEndpoint: Registering block manager 172.18.0.5:43699 with 366.3 MiB RAM, BlockManagerId(0, 172.18.0.5, 43699, None)
[2025-04-29T15:00:39.661+0000] {spark_submit.py:490} INFO - 25/04/29 15:00:39 INFO CodeGenerator: Code generated in 101.150977 ms
[2025-04-29T15:00:39.734+0000] {spark_submit.py:490} INFO - 25/04/29 15:00:39 INFO DAGScheduler: Registering RDD 2 (count at NativeMethodAccessorImpl.java:0) as input to shuffle 0
[2025-04-29T15:00:39.739+0000] {spark_submit.py:490} INFO - 25/04/29 15:00:39 INFO DAGScheduler: Got map stage job 0 (count at NativeMethodAccessorImpl.java:0) with 1 output partitions
[2025-04-29T15:00:39.739+0000] {spark_submit.py:490} INFO - 25/04/29 15:00:39 INFO DAGScheduler: Final stage: ShuffleMapStage 0 (count at NativeMethodAccessorImpl.java:0)
[2025-04-29T15:00:39.740+0000] {spark_submit.py:490} INFO - 25/04/29 15:00:39 INFO DAGScheduler: Parents of final stage: List()
[2025-04-29T15:00:39.742+0000] {spark_submit.py:490} INFO - 25/04/29 15:00:39 INFO DAGScheduler: Missing parents: List()
[2025-04-29T15:00:39.745+0000] {spark_submit.py:490} INFO - 25/04/29 15:00:39 INFO DAGScheduler: Submitting ShuffleMapStage 0 (MapPartitionsRDD[2] at count at NativeMethodAccessorImpl.java:0), which has no missing parents
[2025-04-29T15:00:39.851+0000] {spark_submit.py:490} INFO - 25/04/29 15:00:39 INFO MemoryStore: Block broadcast_0 stored as values in memory (estimated size 13.3 KiB, free 434.4 MiB)
[2025-04-29T15:00:39.879+0000] {spark_submit.py:490} INFO - 25/04/29 15:00:39 INFO MemoryStore: Block broadcast_0_piece0 stored as bytes in memory (estimated size 7.0 KiB, free 434.4 MiB)
[2025-04-29T15:00:39.882+0000] {spark_submit.py:490} INFO - 25/04/29 15:00:39 INFO BlockManagerInfo: Added broadcast_0_piece0 in memory on bd05f2cbfffd:45377 (size: 7.0 KiB, free: 434.4 MiB)
[2025-04-29T15:00:39.885+0000] {spark_submit.py:490} INFO - 25/04/29 15:00:39 INFO SparkContext: Created broadcast 0 from broadcast at DAGScheduler.scala:1513
[2025-04-29T15:00:39.900+0000] {spark_submit.py:490} INFO - 25/04/29 15:00:39 INFO DAGScheduler: Submitting 1 missing tasks from ShuffleMapStage 0 (MapPartitionsRDD[2] at count at NativeMethodAccessorImpl.java:0) (first 15 tasks are for partitions Vector(0))
[2025-04-29T15:00:39.901+0000] {spark_submit.py:490} INFO - 25/04/29 15:00:39 INFO TaskSchedulerImpl: Adding task set 0.0 with 1 tasks resource profile 0
[2025-04-29T15:00:39.927+0000] {spark_submit.py:490} INFO - 25/04/29 15:00:39 INFO TaskSetManager: Starting task 0.0 in stage 0.0 (TID 0) (172.18.0.5, executor 0, partition 0, PROCESS_LOCAL, 4292 bytes) taskResourceAssignments Map()
[2025-04-29T15:00:40.105+0000] {spark_submit.py:490} INFO - 25/04/29 15:00:40 INFO BlockManagerInfo: Added broadcast_0_piece0 in memory on 172.18.0.5:43699 (size: 7.0 KiB, free: 366.3 MiB)
[2025-04-29T15:00:40.965+0000] {spark_submit.py:490} INFO - 25/04/29 15:00:40 INFO TaskSetManager: Finished task 0.0 in stage 0.0 (TID 0) in 1044 ms on 172.18.0.5 (executor 0) (1/1)
[2025-04-29T15:00:40.967+0000] {spark_submit.py:490} INFO - 25/04/29 15:00:40 INFO TaskSchedulerImpl: Removed TaskSet 0.0, whose tasks have all completed, from pool
[2025-04-29T15:00:40.973+0000] {spark_submit.py:490} INFO - 25/04/29 15:00:40 INFO DAGScheduler: ShuffleMapStage 0 (count at NativeMethodAccessorImpl.java:0) finished in 1.218 s
[2025-04-29T15:00:40.973+0000] {spark_submit.py:490} INFO - 25/04/29 15:00:40 INFO DAGScheduler: looking for newly runnable stages
[2025-04-29T15:00:40.973+0000] {spark_submit.py:490} INFO - 25/04/29 15:00:40 INFO DAGScheduler: running: Set()
[2025-04-29T15:00:40.973+0000] {spark_submit.py:490} INFO - 25/04/29 15:00:40 INFO DAGScheduler: waiting: Set()
[2025-04-29T15:00:40.974+0000] {spark_submit.py:490} INFO - 25/04/29 15:00:40 INFO DAGScheduler: failed: Set()
[2025-04-29T15:00:41.003+0000] {spark_submit.py:490} INFO - 25/04/29 15:00:41 INFO CodeGenerator: Code generated in 8.400629 ms
[2025-04-29T15:00:41.029+0000] {spark_submit.py:490} INFO - 25/04/29 15:00:41 INFO SparkContext: Starting job: count at NativeMethodAccessorImpl.java:0
[2025-04-29T15:00:41.033+0000] {spark_submit.py:490} INFO - 25/04/29 15:00:41 INFO DAGScheduler: Got job 1 (count at NativeMethodAccessorImpl.java:0) with 1 output partitions
[2025-04-29T15:00:41.033+0000] {spark_submit.py:490} INFO - 25/04/29 15:00:41 INFO DAGScheduler: Final stage: ResultStage 2 (count at NativeMethodAccessorImpl.java:0)
[2025-04-29T15:00:41.034+0000] {spark_submit.py:490} INFO - 25/04/29 15:00:41 INFO DAGScheduler: Parents of final stage: List(ShuffleMapStage 1)
[2025-04-29T15:00:41.034+0000] {spark_submit.py:490} INFO - 25/04/29 15:00:41 INFO DAGScheduler: Missing parents: List()
[2025-04-29T15:00:41.036+0000] {spark_submit.py:490} INFO - 25/04/29 15:00:41 INFO DAGScheduler: Submitting ResultStage 2 (MapPartitionsRDD[5] at count at NativeMethodAccessorImpl.java:0), which has no missing parents
[2025-04-29T15:00:41.046+0000] {spark_submit.py:490} INFO - 25/04/29 15:00:41 INFO MemoryStore: Block broadcast_1 stored as values in memory (estimated size 11.1 KiB, free 434.4 MiB)
[2025-04-29T15:00:41.049+0000] {spark_submit.py:490} INFO - 25/04/29 15:00:41 INFO MemoryStore: Block broadcast_1_piece0 stored as bytes in memory (estimated size 5.5 KiB, free 434.4 MiB)
[2025-04-29T15:00:41.050+0000] {spark_submit.py:490} INFO - 25/04/29 15:00:41 INFO BlockManagerInfo: Added broadcast_1_piece0 in memory on bd05f2cbfffd:45377 (size: 5.5 KiB, free: 434.4 MiB)
[2025-04-29T15:00:41.050+0000] {spark_submit.py:490} INFO - 25/04/29 15:00:41 INFO SparkContext: Created broadcast 1 from broadcast at DAGScheduler.scala:1513
[2025-04-29T15:00:41.052+0000] {spark_submit.py:490} INFO - 25/04/29 15:00:41 INFO DAGScheduler: Submitting 1 missing tasks from ResultStage 2 (MapPartitionsRDD[5] at count at NativeMethodAccessorImpl.java:0) (first 15 tasks are for partitions Vector(0))
[2025-04-29T15:00:41.052+0000] {spark_submit.py:490} INFO - 25/04/29 15:00:41 INFO TaskSchedulerImpl: Adding task set 2.0 with 1 tasks resource profile 0
[2025-04-29T15:00:41.057+0000] {spark_submit.py:490} INFO - 25/04/29 15:00:41 INFO TaskSetManager: Starting task 0.0 in stage 2.0 (TID 1) (172.18.0.5, executor 0, partition 0, NODE_LOCAL, 4457 bytes) taskResourceAssignments Map()
[2025-04-29T15:00:41.074+0000] {spark_submit.py:490} INFO - 25/04/29 15:00:41 INFO BlockManagerInfo: Added broadcast_1_piece0 in memory on 172.18.0.5:43699 (size: 5.5 KiB, free: 366.3 MiB)
[2025-04-29T15:00:41.155+0000] {spark_submit.py:490} INFO - 25/04/29 15:00:41 INFO MapOutputTrackerMasterEndpoint: Asked to send map output locations for shuffle 0 to 172.18.0.5:60196
[2025-04-29T15:00:41.318+0000] {spark_submit.py:490} INFO - 25/04/29 15:00:41 INFO TaskSetManager: Finished task 0.0 in stage 2.0 (TID 1) in 262 ms on 172.18.0.5 (executor 0) (1/1)
[2025-04-29T15:00:41.318+0000] {spark_submit.py:490} INFO - 25/04/29 15:00:41 INFO TaskSchedulerImpl: Removed TaskSet 2.0, whose tasks have all completed, from pool
[2025-04-29T15:00:41.319+0000] {spark_submit.py:490} INFO - 25/04/29 15:00:41 INFO DAGScheduler: ResultStage 2 (count at NativeMethodAccessorImpl.java:0) finished in 0.275 s
[2025-04-29T15:00:41.320+0000] {spark_submit.py:490} INFO - 25/04/29 15:00:41 INFO DAGScheduler: Job 1 is finished. Cancelling potential speculative or zombie tasks for this job
[2025-04-29T15:00:41.321+0000] {spark_submit.py:490} INFO - 25/04/29 15:00:41 INFO TaskSchedulerImpl: Killing all running tasks in stage 2: Stage finished
[2025-04-29T15:00:41.322+0000] {spark_submit.py:490} INFO - 25/04/29 15:00:41 INFO DAGScheduler: Job 1 finished: count at NativeMethodAccessorImpl.java:0, took 0.292225 s
[2025-04-29T15:00:41.329+0000] {spark_submit.py:490} INFO - INFO:__main__:Таблица raw.masked_transactions загружена, записей: 1000
[2025-04-29T15:00:41.461+0000] {spark_submit.py:490} INFO - 25/04/29 15:00:41 INFO DAGScheduler: Registering RDD 8 (count at NativeMethodAccessorImpl.java:0) as input to shuffle 1
[2025-04-29T15:00:41.461+0000] {spark_submit.py:490} INFO - 25/04/29 15:00:41 INFO DAGScheduler: Got map stage job 2 (count at NativeMethodAccessorImpl.java:0) with 1 output partitions
[2025-04-29T15:00:41.461+0000] {spark_submit.py:490} INFO - 25/04/29 15:00:41 INFO DAGScheduler: Final stage: ShuffleMapStage 3 (count at NativeMethodAccessorImpl.java:0)
[2025-04-29T15:00:41.461+0000] {spark_submit.py:490} INFO - 25/04/29 15:00:41 INFO DAGScheduler: Parents of final stage: List()
[2025-04-29T15:00:41.461+0000] {spark_submit.py:490} INFO - 25/04/29 15:00:41 INFO DAGScheduler: Missing parents: List()
[2025-04-29T15:00:41.462+0000] {spark_submit.py:490} INFO - 25/04/29 15:00:41 INFO DAGScheduler: Submitting ShuffleMapStage 3 (MapPartitionsRDD[8] at count at NativeMethodAccessorImpl.java:0), which has no missing parents
[2025-04-29T15:00:41.466+0000] {spark_submit.py:490} INFO - 25/04/29 15:00:41 INFO MemoryStore: Block broadcast_2 stored as values in memory (estimated size 13.4 KiB, free 434.4 MiB)
[2025-04-29T15:00:41.467+0000] {spark_submit.py:490} INFO - 25/04/29 15:00:41 INFO MemoryStore: Block broadcast_2_piece0 stored as bytes in memory (estimated size 7.0 KiB, free 434.3 MiB)
[2025-04-29T15:00:41.468+0000] {spark_submit.py:490} INFO - 25/04/29 15:00:41 INFO BlockManagerInfo: Added broadcast_2_piece0 in memory on bd05f2cbfffd:45377 (size: 7.0 KiB, free: 434.4 MiB)
[2025-04-29T15:00:41.468+0000] {spark_submit.py:490} INFO - 25/04/29 15:00:41 INFO SparkContext: Created broadcast 2 from broadcast at DAGScheduler.scala:1513
[2025-04-29T15:00:41.469+0000] {spark_submit.py:490} INFO - 25/04/29 15:00:41 INFO DAGScheduler: Submitting 1 missing tasks from ShuffleMapStage 3 (MapPartitionsRDD[8] at count at NativeMethodAccessorImpl.java:0) (first 15 tasks are for partitions Vector(0))
[2025-04-29T15:00:41.469+0000] {spark_submit.py:490} INFO - 25/04/29 15:00:41 INFO TaskSchedulerImpl: Adding task set 3.0 with 1 tasks resource profile 0
[2025-04-29T15:00:41.471+0000] {spark_submit.py:490} INFO - 25/04/29 15:00:41 INFO TaskSetManager: Starting task 0.0 in stage 3.0 (TID 2) (172.18.0.5, executor 0, partition 0, PROCESS_LOCAL, 4292 bytes) taskResourceAssignments Map()
[2025-04-29T15:00:41.483+0000] {spark_submit.py:490} INFO - 25/04/29 15:00:41 INFO BlockManagerInfo: Added broadcast_2_piece0 in memory on 172.18.0.5:43699 (size: 7.0 KiB, free: 366.3 MiB)
[2025-04-29T15:00:41.525+0000] {spark_submit.py:490} INFO - 25/04/29 15:00:41 INFO TaskSetManager: Finished task 0.0 in stage 3.0 (TID 2) in 55 ms on 172.18.0.5 (executor 0) (1/1)
[2025-04-29T15:00:41.526+0000] {spark_submit.py:490} INFO - 25/04/29 15:00:41 INFO TaskSchedulerImpl: Removed TaskSet 3.0, whose tasks have all completed, from pool
[2025-04-29T15:00:41.527+0000] {spark_submit.py:490} INFO - 25/04/29 15:00:41 INFO DAGScheduler: ShuffleMapStage 3 (count at NativeMethodAccessorImpl.java:0) finished in 0.063 s
[2025-04-29T15:00:41.527+0000] {spark_submit.py:490} INFO - 25/04/29 15:00:41 INFO DAGScheduler: looking for newly runnable stages
[2025-04-29T15:00:41.527+0000] {spark_submit.py:490} INFO - 25/04/29 15:00:41 INFO DAGScheduler: running: Set()
[2025-04-29T15:00:41.527+0000] {spark_submit.py:490} INFO - 25/04/29 15:00:41 INFO DAGScheduler: waiting: Set()
[2025-04-29T15:00:41.527+0000] {spark_submit.py:490} INFO - 25/04/29 15:00:41 INFO DAGScheduler: failed: Set()
[2025-04-29T15:00:41.547+0000] {spark_submit.py:490} INFO - 25/04/29 15:00:41 INFO SparkContext: Starting job: count at NativeMethodAccessorImpl.java:0
[2025-04-29T15:00:41.548+0000] {spark_submit.py:490} INFO - 25/04/29 15:00:41 INFO DAGScheduler: Got job 3 (count at NativeMethodAccessorImpl.java:0) with 1 output partitions
[2025-04-29T15:00:41.548+0000] {spark_submit.py:490} INFO - 25/04/29 15:00:41 INFO DAGScheduler: Final stage: ResultStage 5 (count at NativeMethodAccessorImpl.java:0)
[2025-04-29T15:00:41.548+0000] {spark_submit.py:490} INFO - 25/04/29 15:00:41 INFO DAGScheduler: Parents of final stage: List(ShuffleMapStage 4)
[2025-04-29T15:00:41.549+0000] {spark_submit.py:490} INFO - 25/04/29 15:00:41 INFO DAGScheduler: Missing parents: List()
[2025-04-29T15:00:41.549+0000] {spark_submit.py:490} INFO - 25/04/29 15:00:41 INFO DAGScheduler: Submitting ResultStage 5 (MapPartitionsRDD[11] at count at NativeMethodAccessorImpl.java:0), which has no missing parents
[2025-04-29T15:00:41.552+0000] {spark_submit.py:490} INFO - 25/04/29 15:00:41 INFO MemoryStore: Block broadcast_3 stored as values in memory (estimated size 11.1 KiB, free 434.3 MiB)
[2025-04-29T15:00:41.554+0000] {spark_submit.py:490} INFO - 25/04/29 15:00:41 INFO MemoryStore: Block broadcast_3_piece0 stored as bytes in memory (estimated size 5.5 KiB, free 434.3 MiB)
[2025-04-29T15:00:41.554+0000] {spark_submit.py:490} INFO - 25/04/29 15:00:41 INFO BlockManagerInfo: Added broadcast_3_piece0 in memory on bd05f2cbfffd:45377 (size: 5.5 KiB, free: 434.4 MiB)
[2025-04-29T15:00:41.555+0000] {spark_submit.py:490} INFO - 25/04/29 15:00:41 INFO SparkContext: Created broadcast 3 from broadcast at DAGScheduler.scala:1513
[2025-04-29T15:00:41.556+0000] {spark_submit.py:490} INFO - 25/04/29 15:00:41 INFO DAGScheduler: Submitting 1 missing tasks from ResultStage 5 (MapPartitionsRDD[11] at count at NativeMethodAccessorImpl.java:0) (first 15 tasks are for partitions Vector(0))
[2025-04-29T15:00:41.556+0000] {spark_submit.py:490} INFO - 25/04/29 15:00:41 INFO TaskSchedulerImpl: Adding task set 5.0 with 1 tasks resource profile 0
[2025-04-29T15:00:41.558+0000] {spark_submit.py:490} INFO - 25/04/29 15:00:41 INFO TaskSetManager: Starting task 0.0 in stage 5.0 (TID 3) (172.18.0.5, executor 0, partition 0, NODE_LOCAL, 4457 bytes) taskResourceAssignments Map()
[2025-04-29T15:00:41.574+0000] {spark_submit.py:490} INFO - 25/04/29 15:00:41 INFO BlockManagerInfo: Added broadcast_3_piece0 in memory on 172.18.0.5:43699 (size: 5.5 KiB, free: 366.3 MiB)
[2025-04-29T15:00:41.582+0000] {spark_submit.py:490} INFO - 25/04/29 15:00:41 INFO MapOutputTrackerMasterEndpoint: Asked to send map output locations for shuffle 1 to 172.18.0.5:60196
[2025-04-29T15:00:41.593+0000] {spark_submit.py:490} INFO - 25/04/29 15:00:41 INFO TaskSetManager: Finished task 0.0 in stage 5.0 (TID 3) in 35 ms on 172.18.0.5 (executor 0) (1/1)
[2025-04-29T15:00:41.593+0000] {spark_submit.py:490} INFO - 25/04/29 15:00:41 INFO TaskSchedulerImpl: Removed TaskSet 5.0, whose tasks have all completed, from pool
[2025-04-29T15:00:41.594+0000] {spark_submit.py:490} INFO - 25/04/29 15:00:41 INFO DAGScheduler: ResultStage 5 (count at NativeMethodAccessorImpl.java:0) finished in 0.043 s
[2025-04-29T15:00:41.594+0000] {spark_submit.py:490} INFO - 25/04/29 15:00:41 INFO DAGScheduler: Job 3 is finished. Cancelling potential speculative or zombie tasks for this job
[2025-04-29T15:00:41.594+0000] {spark_submit.py:490} INFO - 25/04/29 15:00:41 INFO TaskSchedulerImpl: Killing all running tasks in stage 5: Stage finished
[2025-04-29T15:00:41.594+0000] {spark_submit.py:490} INFO - 25/04/29 15:00:41 INFO DAGScheduler: Job 3 finished: count at NativeMethodAccessorImpl.java:0, took 0.047336 s
[2025-04-29T15:00:41.596+0000] {spark_submit.py:490} INFO - INFO:__main__:Правило large_tx отработано, записей: 371
[2025-04-29T15:00:41.686+0000] {spark_submit.py:490} INFO - 25/04/29 15:00:41 INFO BlockManagerInfo: Removed broadcast_2_piece0 on bd05f2cbfffd:45377 in memory (size: 7.0 KiB, free: 434.4 MiB)
[2025-04-29T15:00:41.699+0000] {spark_submit.py:490} INFO - 25/04/29 15:00:41 INFO BlockManagerInfo: Removed broadcast_2_piece0 on 172.18.0.5:43699 in memory (size: 7.0 KiB, free: 366.3 MiB)
[2025-04-29T15:00:41.708+0000] {spark_submit.py:490} INFO - 25/04/29 15:00:41 INFO BlockManagerInfo: Removed broadcast_0_piece0 on bd05f2cbfffd:45377 in memory (size: 7.0 KiB, free: 434.4 MiB)
[2025-04-29T15:00:41.711+0000] {spark_submit.py:490} INFO - 25/04/29 15:00:41 INFO BlockManagerInfo: Removed broadcast_0_piece0 on 172.18.0.5:43699 in memory (size: 7.0 KiB, free: 366.3 MiB)
[2025-04-29T15:00:41.718+0000] {spark_submit.py:490} INFO - 25/04/29 15:00:41 INFO BlockManagerInfo: Removed broadcast_3_piece0 on bd05f2cbfffd:45377 in memory (size: 5.5 KiB, free: 434.4 MiB)
[2025-04-29T15:00:41.723+0000] {spark_submit.py:490} INFO - 25/04/29 15:00:41 INFO BlockManagerInfo: Removed broadcast_3_piece0 on 172.18.0.5:43699 in memory (size: 5.5 KiB, free: 366.3 MiB)
[2025-04-29T15:00:41.732+0000] {spark_submit.py:490} INFO - 25/04/29 15:00:41 INFO BlockManagerInfo: Removed broadcast_1_piece0 on bd05f2cbfffd:45377 in memory (size: 5.5 KiB, free: 434.4 MiB)
[2025-04-29T15:00:41.737+0000] {spark_submit.py:490} INFO - 25/04/29 15:00:41 INFO BlockManagerInfo: Removed broadcast_1_piece0 on 172.18.0.5:43699 in memory (size: 5.5 KiB, free: 366.3 MiB)
[2025-04-29T15:00:41.838+0000] {spark_submit.py:490} INFO - 25/04/29 15:00:41 INFO CodeGenerator: Code generated in 13.748602 ms
[2025-04-29T15:00:41.842+0000] {spark_submit.py:490} INFO - 25/04/29 15:00:41 INFO DAGScheduler: Registering RDD 14 (count at NativeMethodAccessorImpl.java:0) as input to shuffle 2
[2025-04-29T15:00:41.842+0000] {spark_submit.py:490} INFO - 25/04/29 15:00:41 INFO DAGScheduler: Got map stage job 4 (count at NativeMethodAccessorImpl.java:0) with 1 output partitions
[2025-04-29T15:00:41.842+0000] {spark_submit.py:490} INFO - 25/04/29 15:00:41 INFO DAGScheduler: Final stage: ShuffleMapStage 6 (count at NativeMethodAccessorImpl.java:0)
[2025-04-29T15:00:41.843+0000] {spark_submit.py:490} INFO - 25/04/29 15:00:41 INFO DAGScheduler: Parents of final stage: List()
[2025-04-29T15:00:41.843+0000] {spark_submit.py:490} INFO - 25/04/29 15:00:41 INFO DAGScheduler: Missing parents: List()
[2025-04-29T15:00:41.843+0000] {spark_submit.py:490} INFO - 25/04/29 15:00:41 INFO DAGScheduler: Submitting ShuffleMapStage 6 (MapPartitionsRDD[14] at count at NativeMethodAccessorImpl.java:0), which has no missing parents
[2025-04-29T15:00:41.848+0000] {spark_submit.py:490} INFO - 25/04/29 15:00:41 INFO MemoryStore: Block broadcast_4 stored as values in memory (estimated size 14.0 KiB, free 434.4 MiB)
[2025-04-29T15:00:41.850+0000] {spark_submit.py:490} INFO - 25/04/29 15:00:41 INFO MemoryStore: Block broadcast_4_piece0 stored as bytes in memory (estimated size 7.3 KiB, free 434.4 MiB)
[2025-04-29T15:00:41.851+0000] {spark_submit.py:490} INFO - 25/04/29 15:00:41 INFO BlockManagerInfo: Added broadcast_4_piece0 in memory on bd05f2cbfffd:45377 (size: 7.3 KiB, free: 434.4 MiB)
[2025-04-29T15:00:41.851+0000] {spark_submit.py:490} INFO - 25/04/29 15:00:41 INFO SparkContext: Created broadcast 4 from broadcast at DAGScheduler.scala:1513
[2025-04-29T15:00:41.852+0000] {spark_submit.py:490} INFO - 25/04/29 15:00:41 INFO DAGScheduler: Submitting 1 missing tasks from ShuffleMapStage 6 (MapPartitionsRDD[14] at count at NativeMethodAccessorImpl.java:0) (first 15 tasks are for partitions Vector(0))
[2025-04-29T15:00:41.852+0000] {spark_submit.py:490} INFO - 25/04/29 15:00:41 INFO TaskSchedulerImpl: Adding task set 6.0 with 1 tasks resource profile 0
[2025-04-29T15:00:41.853+0000] {spark_submit.py:490} INFO - 25/04/29 15:00:41 INFO TaskSetManager: Starting task 0.0 in stage 6.0 (TID 4) (172.18.0.5, executor 0, partition 0, PROCESS_LOCAL, 4292 bytes) taskResourceAssignments Map()
[2025-04-29T15:00:41.865+0000] {spark_submit.py:490} INFO - 25/04/29 15:00:41 INFO BlockManagerInfo: Added broadcast_4_piece0 in memory on 172.18.0.5:43699 (size: 7.3 KiB, free: 366.3 MiB)
[2025-04-29T15:00:42.278+0000] {spark_submit.py:490} INFO - 25/04/29 15:00:42 INFO TaskSetManager: Finished task 0.0 in stage 6.0 (TID 4) in 425 ms on 172.18.0.5 (executor 0) (1/1)
[2025-04-29T15:00:42.279+0000] {spark_submit.py:490} INFO - 25/04/29 15:00:42 INFO TaskSchedulerImpl: Removed TaskSet 6.0, whose tasks have all completed, from pool
[2025-04-29T15:00:42.279+0000] {spark_submit.py:490} INFO - 25/04/29 15:00:42 INFO DAGScheduler: ShuffleMapStage 6 (count at NativeMethodAccessorImpl.java:0) finished in 0.435 s
[2025-04-29T15:00:42.279+0000] {spark_submit.py:490} INFO - 25/04/29 15:00:42 INFO DAGScheduler: looking for newly runnable stages
[2025-04-29T15:00:42.279+0000] {spark_submit.py:490} INFO - 25/04/29 15:00:42 INFO DAGScheduler: running: Set()
[2025-04-29T15:00:42.279+0000] {spark_submit.py:490} INFO - 25/04/29 15:00:42 INFO DAGScheduler: waiting: Set()
[2025-04-29T15:00:42.279+0000] {spark_submit.py:490} INFO - 25/04/29 15:00:42 INFO DAGScheduler: failed: Set()
[2025-04-29T15:00:42.291+0000] {spark_submit.py:490} INFO - 25/04/29 15:00:42 INFO ShufflePartitionsUtil: For shuffle(2), advisory target size: 67108864, actual target size 1048576, minimum partition size: 1048576
[2025-04-29T15:00:42.324+0000] {spark_submit.py:490} INFO - 25/04/29 15:00:42 INFO CodeGenerator: Code generated in 13.526436 ms
[2025-04-29T15:00:42.346+0000] {spark_submit.py:490} INFO - 25/04/29 15:00:42 INFO CodeGenerator: Code generated in 14.567443 ms
[2025-04-29T15:00:42.400+0000] {spark_submit.py:490} INFO - 25/04/29 15:00:42 INFO DAGScheduler: Registering RDD 19 (count at NativeMethodAccessorImpl.java:0) as input to shuffle 3
[2025-04-29T15:00:42.400+0000] {spark_submit.py:490} INFO - 25/04/29 15:00:42 INFO DAGScheduler: Got map stage job 5 (count at NativeMethodAccessorImpl.java:0) with 1 output partitions
[2025-04-29T15:00:42.400+0000] {spark_submit.py:490} INFO - 25/04/29 15:00:42 INFO DAGScheduler: Final stage: ShuffleMapStage 8 (count at NativeMethodAccessorImpl.java:0)
[2025-04-29T15:00:42.400+0000] {spark_submit.py:490} INFO - 25/04/29 15:00:42 INFO DAGScheduler: Parents of final stage: List(ShuffleMapStage 7)
[2025-04-29T15:00:42.400+0000] {spark_submit.py:490} INFO - 25/04/29 15:00:42 INFO DAGScheduler: Missing parents: List()
[2025-04-29T15:00:42.401+0000] {spark_submit.py:490} INFO - 25/04/29 15:00:42 INFO DAGScheduler: Submitting ShuffleMapStage 8 (MapPartitionsRDD[19] at count at NativeMethodAccessorImpl.java:0), which has no missing parents
[2025-04-29T15:00:42.411+0000] {spark_submit.py:490} INFO - 25/04/29 15:00:42 INFO MemoryStore: Block broadcast_5 stored as values in memory (estimated size 34.6 KiB, free 434.3 MiB)
[2025-04-29T15:00:42.413+0000] {spark_submit.py:490} INFO - 25/04/29 15:00:42 INFO MemoryStore: Block broadcast_5_piece0 stored as bytes in memory (estimated size 16.6 KiB, free 434.3 MiB)
[2025-04-29T15:00:42.413+0000] {spark_submit.py:490} INFO - 25/04/29 15:00:42 INFO BlockManagerInfo: Added broadcast_5_piece0 in memory on bd05f2cbfffd:45377 (size: 16.6 KiB, free: 434.4 MiB)
[2025-04-29T15:00:42.414+0000] {spark_submit.py:490} INFO - 25/04/29 15:00:42 INFO SparkContext: Created broadcast 5 from broadcast at DAGScheduler.scala:1513
[2025-04-29T15:00:42.414+0000] {spark_submit.py:490} INFO - 25/04/29 15:00:42 INFO DAGScheduler: Submitting 1 missing tasks from ShuffleMapStage 8 (MapPartitionsRDD[19] at count at NativeMethodAccessorImpl.java:0) (first 15 tasks are for partitions Vector(0))
[2025-04-29T15:00:42.415+0000] {spark_submit.py:490} INFO - 25/04/29 15:00:42 INFO TaskSchedulerImpl: Adding task set 8.0 with 1 tasks resource profile 0
[2025-04-29T15:00:42.416+0000] {spark_submit.py:490} INFO - 25/04/29 15:00:42 INFO TaskSetManager: Starting task 0.0 in stage 8.0 (TID 5) (172.18.0.5, executor 0, partition 0, NODE_LOCAL, 4446 bytes) taskResourceAssignments Map()
[2025-04-29T15:00:42.430+0000] {spark_submit.py:490} INFO - 25/04/29 15:00:42 INFO BlockManagerInfo: Added broadcast_5_piece0 in memory on 172.18.0.5:43699 (size: 16.6 KiB, free: 366.3 MiB)
[2025-04-29T15:00:42.539+0000] {spark_submit.py:490} INFO - 25/04/29 15:00:42 INFO MapOutputTrackerMasterEndpoint: Asked to send map output locations for shuffle 2 to 172.18.0.5:60196
[2025-04-29T15:00:42.811+0000] {spark_submit.py:490} INFO - 25/04/29 15:00:42 INFO TaskSetManager: Finished task 0.0 in stage 8.0 (TID 5) in 395 ms on 172.18.0.5 (executor 0) (1/1)
[2025-04-29T15:00:42.811+0000] {spark_submit.py:490} INFO - 25/04/29 15:00:42 INFO TaskSchedulerImpl: Removed TaskSet 8.0, whose tasks have all completed, from pool
[2025-04-29T15:00:42.812+0000] {spark_submit.py:490} INFO - 25/04/29 15:00:42 INFO DAGScheduler: ShuffleMapStage 8 (count at NativeMethodAccessorImpl.java:0) finished in 0.405 s
[2025-04-29T15:00:42.812+0000] {spark_submit.py:490} INFO - 25/04/29 15:00:42 INFO DAGScheduler: looking for newly runnable stages
[2025-04-29T15:00:42.813+0000] {spark_submit.py:490} INFO - 25/04/29 15:00:42 INFO DAGScheduler: running: Set()
[2025-04-29T15:00:42.813+0000] {spark_submit.py:490} INFO - 25/04/29 15:00:42 INFO DAGScheduler: waiting: Set()
[2025-04-29T15:00:42.813+0000] {spark_submit.py:490} INFO - 25/04/29 15:00:42 INFO DAGScheduler: failed: Set()
[2025-04-29T15:00:42.829+0000] {spark_submit.py:490} INFO - 25/04/29 15:00:42 INFO CodeGenerator: Code generated in 7.463804 ms
[2025-04-29T15:00:42.841+0000] {spark_submit.py:490} INFO - 25/04/29 15:00:42 INFO SparkContext: Starting job: count at NativeMethodAccessorImpl.java:0
[2025-04-29T15:00:42.841+0000] {spark_submit.py:490} INFO - 25/04/29 15:00:42 INFO DAGScheduler: Got job 6 (count at NativeMethodAccessorImpl.java:0) with 1 output partitions
[2025-04-29T15:00:42.842+0000] {spark_submit.py:490} INFO - 25/04/29 15:00:42 INFO DAGScheduler: Final stage: ResultStage 11 (count at NativeMethodAccessorImpl.java:0)
[2025-04-29T15:00:42.842+0000] {spark_submit.py:490} INFO - 25/04/29 15:00:42 INFO DAGScheduler: Parents of final stage: List(ShuffleMapStage 10)
[2025-04-29T15:00:42.842+0000] {spark_submit.py:490} INFO - 25/04/29 15:00:42 INFO DAGScheduler: Missing parents: List()
[2025-04-29T15:00:42.842+0000] {spark_submit.py:490} INFO - 25/04/29 15:00:42 INFO DAGScheduler: Submitting ResultStage 11 (MapPartitionsRDD[22] at count at NativeMethodAccessorImpl.java:0), which has no missing parents
[2025-04-29T15:00:42.844+0000] {spark_submit.py:490} INFO - 25/04/29 15:00:42 INFO MemoryStore: Block broadcast_6 stored as values in memory (estimated size 11.1 KiB, free 434.3 MiB)
[2025-04-29T15:00:42.845+0000] {spark_submit.py:490} INFO - 25/04/29 15:00:42 INFO MemoryStore: Block broadcast_6_piece0 stored as bytes in memory (estimated size 5.5 KiB, free 434.3 MiB)
[2025-04-29T15:00:42.846+0000] {spark_submit.py:490} INFO - 25/04/29 15:00:42 INFO BlockManagerInfo: Added broadcast_6_piece0 in memory on bd05f2cbfffd:45377 (size: 5.5 KiB, free: 434.4 MiB)
[2025-04-29T15:00:42.846+0000] {spark_submit.py:490} INFO - 25/04/29 15:00:42 INFO SparkContext: Created broadcast 6 from broadcast at DAGScheduler.scala:1513
[2025-04-29T15:00:42.847+0000] {spark_submit.py:490} INFO - 25/04/29 15:00:42 INFO DAGScheduler: Submitting 1 missing tasks from ResultStage 11 (MapPartitionsRDD[22] at count at NativeMethodAccessorImpl.java:0) (first 15 tasks are for partitions Vector(0))
[2025-04-29T15:00:42.847+0000] {spark_submit.py:490} INFO - 25/04/29 15:00:42 INFO TaskSchedulerImpl: Adding task set 11.0 with 1 tasks resource profile 0
[2025-04-29T15:00:42.848+0000] {spark_submit.py:490} INFO - 25/04/29 15:00:42 INFO TaskSetManager: Starting task 0.0 in stage 11.0 (TID 6) (172.18.0.5, executor 0, partition 0, NODE_LOCAL, 4457 bytes) taskResourceAssignments Map()
[2025-04-29T15:00:42.860+0000] {spark_submit.py:490} INFO - 25/04/29 15:00:42 INFO BlockManagerInfo: Added broadcast_6_piece0 in memory on 172.18.0.5:43699 (size: 5.5 KiB, free: 366.3 MiB)
[2025-04-29T15:00:42.866+0000] {spark_submit.py:490} INFO - 25/04/29 15:00:42 INFO MapOutputTrackerMasterEndpoint: Asked to send map output locations for shuffle 3 to 172.18.0.5:60196
[2025-04-29T15:00:42.882+0000] {spark_submit.py:490} INFO - 25/04/29 15:00:42 INFO TaskSetManager: Finished task 0.0 in stage 11.0 (TID 6) in 34 ms on 172.18.0.5 (executor 0) (1/1)
[2025-04-29T15:00:42.882+0000] {spark_submit.py:490} INFO - 25/04/29 15:00:42 INFO TaskSchedulerImpl: Removed TaskSet 11.0, whose tasks have all completed, from pool
[2025-04-29T15:00:42.883+0000] {spark_submit.py:490} INFO - 25/04/29 15:00:42 INFO DAGScheduler: ResultStage 11 (count at NativeMethodAccessorImpl.java:0) finished in 0.039 s
[2025-04-29T15:00:42.883+0000] {spark_submit.py:490} INFO - 25/04/29 15:00:42 INFO DAGScheduler: Job 6 is finished. Cancelling potential speculative or zombie tasks for this job
[2025-04-29T15:00:42.883+0000] {spark_submit.py:490} INFO - 25/04/29 15:00:42 INFO TaskSchedulerImpl: Killing all running tasks in stage 11: Stage finished
[2025-04-29T15:00:42.883+0000] {spark_submit.py:490} INFO - 25/04/29 15:00:42 INFO DAGScheduler: Job 6 finished: count at NativeMethodAccessorImpl.java:0, took 0.042811 s
[2025-04-29T15:00:42.885+0000] {spark_submit.py:490} INFO - INFO:__main__:Правило freq_tx отработано, записей: 4
[2025-04-29T15:00:42.985+0000] {spark_submit.py:490} INFO - 25/04/29 15:00:42 INFO DAGScheduler: Registering RDD 26 (count at NativeMethodAccessorImpl.java:0) as input to shuffle 4
[2025-04-29T15:00:42.985+0000] {spark_submit.py:490} INFO - 25/04/29 15:00:42 INFO DAGScheduler: Got map stage job 7 (count at NativeMethodAccessorImpl.java:0) with 1 output partitions
[2025-04-29T15:00:42.985+0000] {spark_submit.py:490} INFO - 25/04/29 15:00:42 INFO DAGScheduler: Final stage: ShuffleMapStage 12 (count at NativeMethodAccessorImpl.java:0)
[2025-04-29T15:00:42.985+0000] {spark_submit.py:490} INFO - 25/04/29 15:00:42 INFO DAGScheduler: Parents of final stage: List()
[2025-04-29T15:00:42.985+0000] {spark_submit.py:490} INFO - 25/04/29 15:00:42 INFO DAGScheduler: Missing parents: List()
[2025-04-29T15:00:42.986+0000] {spark_submit.py:490} INFO - 25/04/29 15:00:42 INFO DAGScheduler: Submitting ShuffleMapStage 12 (MapPartitionsRDD[26] at count at NativeMethodAccessorImpl.java:0), which has no missing parents
[2025-04-29T15:00:42.989+0000] {spark_submit.py:490} INFO - 25/04/29 15:00:42 INFO MemoryStore: Block broadcast_7 stored as values in memory (estimated size 14.1 KiB, free 434.3 MiB)
[2025-04-29T15:00:42.990+0000] {spark_submit.py:490} INFO - 25/04/29 15:00:42 INFO MemoryStore: Block broadcast_7_piece0 stored as bytes in memory (estimated size 7.3 KiB, free 434.3 MiB)
[2025-04-29T15:00:42.991+0000] {spark_submit.py:490} INFO - 25/04/29 15:00:42 INFO BlockManagerInfo: Added broadcast_7_piece0 in memory on bd05f2cbfffd:45377 (size: 7.3 KiB, free: 434.4 MiB)
[2025-04-29T15:00:42.991+0000] {spark_submit.py:490} INFO - 25/04/29 15:00:42 INFO SparkContext: Created broadcast 7 from broadcast at DAGScheduler.scala:1513
[2025-04-29T15:00:42.992+0000] {spark_submit.py:490} INFO - 25/04/29 15:00:42 INFO DAGScheduler: Submitting 1 missing tasks from ShuffleMapStage 12 (MapPartitionsRDD[26] at count at NativeMethodAccessorImpl.java:0) (first 15 tasks are for partitions Vector(0))
[2025-04-29T15:00:42.992+0000] {spark_submit.py:490} INFO - 25/04/29 15:00:42 INFO TaskSchedulerImpl: Adding task set 12.0 with 1 tasks resource profile 0
[2025-04-29T15:00:42.993+0000] {spark_submit.py:490} INFO - 25/04/29 15:00:42 INFO TaskSetManager: Starting task 0.0 in stage 12.0 (TID 7) (172.18.0.5, executor 0, partition 0, PROCESS_LOCAL, 4292 bytes) taskResourceAssignments Map()
[2025-04-29T15:00:43.006+0000] {spark_submit.py:490} INFO - 25/04/29 15:00:43 INFO BlockManagerInfo: Added broadcast_7_piece0 in memory on 172.18.0.5:43699 (size: 7.3 KiB, free: 366.3 MiB)
[2025-04-29T15:00:43.077+0000] {spark_submit.py:490} INFO - 25/04/29 15:00:43 INFO TaskSetManager: Finished task 0.0 in stage 12.0 (TID 7) in 84 ms on 172.18.0.5 (executor 0) (1/1)
[2025-04-29T15:00:43.078+0000] {spark_submit.py:490} INFO - 25/04/29 15:00:43 INFO TaskSchedulerImpl: Removed TaskSet 12.0, whose tasks have all completed, from pool
[2025-04-29T15:00:43.079+0000] {spark_submit.py:490} INFO - 25/04/29 15:00:43 INFO DAGScheduler: ShuffleMapStage 12 (count at NativeMethodAccessorImpl.java:0) finished in 0.092 s
[2025-04-29T15:00:43.079+0000] {spark_submit.py:490} INFO - 25/04/29 15:00:43 INFO DAGScheduler: looking for newly runnable stages
[2025-04-29T15:00:43.079+0000] {spark_submit.py:490} INFO - 25/04/29 15:00:43 INFO DAGScheduler: running: Set()
[2025-04-29T15:00:43.079+0000] {spark_submit.py:490} INFO - 25/04/29 15:00:43 INFO DAGScheduler: waiting: Set()
[2025-04-29T15:00:43.079+0000] {spark_submit.py:490} INFO - 25/04/29 15:00:43 INFO DAGScheduler: failed: Set()
[2025-04-29T15:00:43.090+0000] {spark_submit.py:490} INFO - 25/04/29 15:00:43 INFO ShufflePartitionsUtil: For shuffle(4), advisory target size: 67108864, actual target size 1048576, minimum partition size: 1048576
[2025-04-29T15:00:43.110+0000] {spark_submit.py:490} INFO - 25/04/29 15:00:43 INFO CodeGenerator: Code generated in 9.34492 ms
[2025-04-29T15:00:43.118+0000] {spark_submit.py:490} INFO - 25/04/29 15:00:43 INFO CodeGenerator: Code generated in 6.108538 ms
[2025-04-29T15:00:43.130+0000] {spark_submit.py:490} INFO - 25/04/29 15:00:43 INFO CodeGenerator: Code generated in 6.121348 ms
[2025-04-29T15:00:43.142+0000] {spark_submit.py:490} INFO - 25/04/29 15:00:43 INFO CodeGenerator: Code generated in 9.870006 ms
[2025-04-29T15:00:43.160+0000] {spark_submit.py:490} INFO - 25/04/29 15:00:43 INFO DAGScheduler: Registering RDD 35 (count at NativeMethodAccessorImpl.java:0) as input to shuffle 5
[2025-04-29T15:00:43.160+0000] {spark_submit.py:490} INFO - 25/04/29 15:00:43 INFO DAGScheduler: Got map stage job 8 (count at NativeMethodAccessorImpl.java:0) with 2 output partitions
[2025-04-29T15:00:43.160+0000] {spark_submit.py:490} INFO - 25/04/29 15:00:43 INFO DAGScheduler: Final stage: ShuffleMapStage 14 (count at NativeMethodAccessorImpl.java:0)
[2025-04-29T15:00:43.160+0000] {spark_submit.py:490} INFO - 25/04/29 15:00:43 INFO DAGScheduler: Parents of final stage: List(ShuffleMapStage 13)
[2025-04-29T15:00:43.161+0000] {spark_submit.py:490} INFO - 25/04/29 15:00:43 INFO DAGScheduler: Missing parents: List()
[2025-04-29T15:00:43.161+0000] {spark_submit.py:490} INFO - 25/04/29 15:00:43 INFO DAGScheduler: Submitting ShuffleMapStage 14 (MapPartitionsRDD[35] at count at NativeMethodAccessorImpl.java:0), which has no missing parents
[2025-04-29T15:00:43.171+0000] {spark_submit.py:490} INFO - 25/04/29 15:00:43 INFO MemoryStore: Block broadcast_8 stored as values in memory (estimated size 38.6 KiB, free 434.3 MiB)
[2025-04-29T15:00:43.182+0000] {spark_submit.py:490} INFO - 25/04/29 15:00:43 INFO MemoryStore: Block broadcast_8_piece0 stored as bytes in memory (estimated size 17.8 KiB, free 434.2 MiB)
[2025-04-29T15:00:43.184+0000] {spark_submit.py:490} INFO - 25/04/29 15:00:43 INFO BlockManagerInfo: Added broadcast_8_piece0 in memory on bd05f2cbfffd:45377 (size: 17.8 KiB, free: 434.3 MiB)
[2025-04-29T15:00:43.185+0000] {spark_submit.py:490} INFO - 25/04/29 15:00:43 INFO SparkContext: Created broadcast 8 from broadcast at DAGScheduler.scala:1513
[2025-04-29T15:00:43.185+0000] {spark_submit.py:490} INFO - 25/04/29 15:00:43 INFO DAGScheduler: Submitting 2 missing tasks from ShuffleMapStage 14 (MapPartitionsRDD[35] at count at NativeMethodAccessorImpl.java:0) (first 15 tasks are for partitions Vector(0, 1))
[2025-04-29T15:00:43.185+0000] {spark_submit.py:490} INFO - 25/04/29 15:00:43 INFO TaskSchedulerImpl: Adding task set 14.0 with 2 tasks resource profile 0
[2025-04-29T15:00:43.195+0000] {spark_submit.py:490} INFO - 25/04/29 15:00:43 INFO BlockManagerInfo: Removed broadcast_7_piece0 on bd05f2cbfffd:45377 in memory (size: 7.3 KiB, free: 434.4 MiB)
[2025-04-29T15:00:43.195+0000] {spark_submit.py:490} INFO - 25/04/29 15:00:43 INFO TaskSetManager: Starting task 1.0 in stage 14.0 (TID 8) (172.18.0.5, executor 0, partition 1, NODE_LOCAL, 4555 bytes) taskResourceAssignments Map()
[2025-04-29T15:00:43.196+0000] {spark_submit.py:490} INFO - 25/04/29 15:00:43 INFO BlockManagerInfo: Removed broadcast_7_piece0 on 172.18.0.5:43699 in memory (size: 7.3 KiB, free: 366.3 MiB)
[2025-04-29T15:00:43.208+0000] {spark_submit.py:490} INFO - 25/04/29 15:00:43 INFO BlockManagerInfo: Removed broadcast_4_piece0 on bd05f2cbfffd:45377 in memory (size: 7.3 KiB, free: 434.4 MiB)
[2025-04-29T15:00:43.219+0000] {spark_submit.py:490} INFO - 25/04/29 15:00:43 INFO BlockManagerInfo: Removed broadcast_4_piece0 on 172.18.0.5:43699 in memory (size: 7.3 KiB, free: 366.3 MiB)
[2025-04-29T15:00:43.223+0000] {spark_submit.py:490} INFO - 25/04/29 15:00:43 INFO BlockManagerInfo: Added broadcast_8_piece0 in memory on 172.18.0.5:43699 (size: 17.8 KiB, free: 366.3 MiB)
[2025-04-29T15:00:43.226+0000] {spark_submit.py:490} INFO - 25/04/29 15:00:43 INFO BlockManagerInfo: Removed broadcast_6_piece0 on bd05f2cbfffd:45377 in memory (size: 5.5 KiB, free: 434.4 MiB)
[2025-04-29T15:00:43.230+0000] {spark_submit.py:490} INFO - 25/04/29 15:00:43 INFO BlockManagerInfo: Removed broadcast_6_piece0 on 172.18.0.5:43699 in memory (size: 5.5 KiB, free: 366.3 MiB)
[2025-04-29T15:00:43.236+0000] {spark_submit.py:490} INFO - 25/04/29 15:00:43 INFO BlockManagerInfo: Removed broadcast_5_piece0 on bd05f2cbfffd:45377 in memory (size: 16.6 KiB, free: 434.4 MiB)
[2025-04-29T15:00:43.240+0000] {spark_submit.py:490} INFO - 25/04/29 15:00:43 INFO BlockManagerInfo: Removed broadcast_5_piece0 on 172.18.0.5:43699 in memory (size: 16.6 KiB, free: 366.3 MiB)
[2025-04-29T15:00:43.242+0000] {spark_submit.py:490} INFO - 25/04/29 15:00:43 INFO MapOutputTrackerMasterEndpoint: Asked to send map output locations for shuffle 4 to 172.18.0.5:60196
[2025-04-29T15:00:43.332+0000] {spark_submit.py:490} INFO - 25/04/29 15:00:43 INFO TaskSetManager: Starting task 0.0 in stage 14.0 (TID 9) (172.18.0.5, executor 0, partition 0, PROCESS_LOCAL, 4401 bytes) taskResourceAssignments Map()
[2025-04-29T15:00:43.333+0000] {spark_submit.py:490} INFO - 25/04/29 15:00:43 INFO TaskSetManager: Finished task 1.0 in stage 14.0 (TID 8) in 140 ms on 172.18.0.5 (executor 0) (1/2)
[2025-04-29T15:00:43.392+0000] {spark_submit.py:490} INFO - 25/04/29 15:00:43 INFO TaskSetManager: Finished task 0.0 in stage 14.0 (TID 9) in 63 ms on 172.18.0.5 (executor 0) (2/2)
[2025-04-29T15:00:43.393+0000] {spark_submit.py:490} INFO - 25/04/29 15:00:43 INFO TaskSchedulerImpl: Removed TaskSet 14.0, whose tasks have all completed, from pool
[2025-04-29T15:00:43.393+0000] {spark_submit.py:490} INFO - 25/04/29 15:00:43 INFO DAGScheduler: ShuffleMapStage 14 (count at NativeMethodAccessorImpl.java:0) finished in 0.227 s
[2025-04-29T15:00:43.394+0000] {spark_submit.py:490} INFO - 25/04/29 15:00:43 INFO DAGScheduler: looking for newly runnable stages
[2025-04-29T15:00:43.394+0000] {spark_submit.py:490} INFO - 25/04/29 15:00:43 INFO DAGScheduler: running: Set()
[2025-04-29T15:00:43.394+0000] {spark_submit.py:490} INFO - 25/04/29 15:00:43 INFO DAGScheduler: waiting: Set()
[2025-04-29T15:00:43.395+0000] {spark_submit.py:490} INFO - 25/04/29 15:00:43 INFO DAGScheduler: failed: Set()
[2025-04-29T15:00:43.415+0000] {spark_submit.py:490} INFO - 25/04/29 15:00:43 INFO CodeGenerator: Code generated in 7.865288 ms
[2025-04-29T15:00:43.425+0000] {spark_submit.py:490} INFO - 25/04/29 15:00:43 INFO SparkContext: Starting job: count at NativeMethodAccessorImpl.java:0
[2025-04-29T15:00:43.427+0000] {spark_submit.py:490} INFO - 25/04/29 15:00:43 INFO DAGScheduler: Got job 9 (count at NativeMethodAccessorImpl.java:0) with 1 output partitions
[2025-04-29T15:00:43.427+0000] {spark_submit.py:490} INFO - 25/04/29 15:00:43 INFO DAGScheduler: Final stage: ResultStage 17 (count at NativeMethodAccessorImpl.java:0)
[2025-04-29T15:00:43.427+0000] {spark_submit.py:490} INFO - 25/04/29 15:00:43 INFO DAGScheduler: Parents of final stage: List(ShuffleMapStage 16)
[2025-04-29T15:00:43.427+0000] {spark_submit.py:490} INFO - 25/04/29 15:00:43 INFO DAGScheduler: Missing parents: List()
[2025-04-29T15:00:43.428+0000] {spark_submit.py:490} INFO - 25/04/29 15:00:43 INFO DAGScheduler: Submitting ResultStage 17 (MapPartitionsRDD[38] at count at NativeMethodAccessorImpl.java:0), which has no missing parents
[2025-04-29T15:00:43.430+0000] {spark_submit.py:490} INFO - 25/04/29 15:00:43 INFO MemoryStore: Block broadcast_9 stored as values in memory (estimated size 11.1 KiB, free 434.3 MiB)
[2025-04-29T15:00:43.431+0000] {spark_submit.py:490} INFO - 25/04/29 15:00:43 INFO MemoryStore: Block broadcast_9_piece0 stored as bytes in memory (estimated size 5.5 KiB, free 434.3 MiB)
[2025-04-29T15:00:43.432+0000] {spark_submit.py:490} INFO - 25/04/29 15:00:43 INFO BlockManagerInfo: Added broadcast_9_piece0 in memory on bd05f2cbfffd:45377 (size: 5.5 KiB, free: 434.4 MiB)
[2025-04-29T15:00:43.433+0000] {spark_submit.py:490} INFO - 25/04/29 15:00:43 INFO SparkContext: Created broadcast 9 from broadcast at DAGScheduler.scala:1513
[2025-04-29T15:00:43.433+0000] {spark_submit.py:490} INFO - 25/04/29 15:00:43 INFO DAGScheduler: Submitting 1 missing tasks from ResultStage 17 (MapPartitionsRDD[38] at count at NativeMethodAccessorImpl.java:0) (first 15 tasks are for partitions Vector(0))
[2025-04-29T15:00:43.433+0000] {spark_submit.py:490} INFO - 25/04/29 15:00:43 INFO TaskSchedulerImpl: Adding task set 17.0 with 1 tasks resource profile 0
[2025-04-29T15:00:43.436+0000] {spark_submit.py:490} INFO - 25/04/29 15:00:43 INFO TaskSetManager: Starting task 0.0 in stage 17.0 (TID 10) (172.18.0.5, executor 0, partition 0, NODE_LOCAL, 4457 bytes) taskResourceAssignments Map()
[2025-04-29T15:00:43.447+0000] {spark_submit.py:490} INFO - 25/04/29 15:00:43 INFO BlockManagerInfo: Added broadcast_9_piece0 in memory on 172.18.0.5:43699 (size: 5.5 KiB, free: 366.3 MiB)
[2025-04-29T15:00:43.452+0000] {spark_submit.py:490} INFO - 25/04/29 15:00:43 INFO MapOutputTrackerMasterEndpoint: Asked to send map output locations for shuffle 5 to 172.18.0.5:60196
[2025-04-29T15:00:43.468+0000] {spark_submit.py:490} INFO - 25/04/29 15:00:43 INFO TaskSetManager: Finished task 0.0 in stage 17.0 (TID 10) in 33 ms on 172.18.0.5 (executor 0) (1/1)
[2025-04-29T15:00:43.468+0000] {spark_submit.py:490} INFO - 25/04/29 15:00:43 INFO TaskSchedulerImpl: Removed TaskSet 17.0, whose tasks have all completed, from pool
[2025-04-29T15:00:43.470+0000] {spark_submit.py:490} INFO - 25/04/29 15:00:43 INFO DAGScheduler: ResultStage 17 (count at NativeMethodAccessorImpl.java:0) finished in 0.041 s
[2025-04-29T15:00:43.471+0000] {spark_submit.py:490} INFO - 25/04/29 15:00:43 INFO DAGScheduler: Job 9 is finished. Cancelling potential speculative or zombie tasks for this job
[2025-04-29T15:00:43.471+0000] {spark_submit.py:490} INFO - 25/04/29 15:00:43 INFO TaskSchedulerImpl: Killing all running tasks in stage 17: Stage finished
[2025-04-29T15:00:43.471+0000] {spark_submit.py:490} INFO - 25/04/29 15:00:43 INFO DAGScheduler: Job 9 finished: count at NativeMethodAccessorImpl.java:0, took 0.044914 s
[2025-04-29T15:00:43.472+0000] {spark_submit.py:490} INFO - INFO:__main__:Объединение результатов выполнено, итого записей: 375
[2025-04-29T15:00:43.606+0000] {spark_submit.py:490} INFO - 25/04/29 15:00:43 INFO CodeGenerator: Code generated in 8.689449 ms
[2025-04-29T15:00:43.609+0000] {spark_submit.py:490} INFO - 25/04/29 15:00:43 INFO DAGScheduler: Registering RDD 42 (jdbc at NativeMethodAccessorImpl.java:0) as input to shuffle 6
[2025-04-29T15:00:43.609+0000] {spark_submit.py:490} INFO - 25/04/29 15:00:43 INFO DAGScheduler: Got map stage job 10 (jdbc at NativeMethodAccessorImpl.java:0) with 1 output partitions
[2025-04-29T15:00:43.609+0000] {spark_submit.py:490} INFO - 25/04/29 15:00:43 INFO DAGScheduler: Final stage: ShuffleMapStage 18 (jdbc at NativeMethodAccessorImpl.java:0)
[2025-04-29T15:00:43.609+0000] {spark_submit.py:490} INFO - 25/04/29 15:00:43 INFO DAGScheduler: Parents of final stage: List()
[2025-04-29T15:00:43.609+0000] {spark_submit.py:490} INFO - 25/04/29 15:00:43 INFO DAGScheduler: Missing parents: List()
[2025-04-29T15:00:43.610+0000] {spark_submit.py:490} INFO - 25/04/29 15:00:43 INFO DAGScheduler: Submitting ShuffleMapStage 18 (MapPartitionsRDD[42] at jdbc at NativeMethodAccessorImpl.java:0), which has no missing parents
[2025-04-29T15:00:43.615+0000] {spark_submit.py:490} INFO - 25/04/29 15:00:43 INFO MemoryStore: Block broadcast_10 stored as values in memory (estimated size 16.3 KiB, free 434.3 MiB)
[2025-04-29T15:00:43.617+0000] {spark_submit.py:490} INFO - 25/04/29 15:00:43 INFO MemoryStore: Block broadcast_10_piece0 stored as bytes in memory (estimated size 7.9 KiB, free 434.3 MiB)
[2025-04-29T15:00:43.618+0000] {spark_submit.py:490} INFO - 25/04/29 15:00:43 INFO BlockManagerInfo: Added broadcast_10_piece0 in memory on bd05f2cbfffd:45377 (size: 7.9 KiB, free: 434.4 MiB)
[2025-04-29T15:00:43.618+0000] {spark_submit.py:490} INFO - 25/04/29 15:00:43 INFO SparkContext: Created broadcast 10 from broadcast at DAGScheduler.scala:1513
[2025-04-29T15:00:43.619+0000] {spark_submit.py:490} INFO - 25/04/29 15:00:43 INFO DAGScheduler: Submitting 1 missing tasks from ShuffleMapStage 18 (MapPartitionsRDD[42] at jdbc at NativeMethodAccessorImpl.java:0) (first 15 tasks are for partitions Vector(0))
[2025-04-29T15:00:43.619+0000] {spark_submit.py:490} INFO - 25/04/29 15:00:43 INFO TaskSchedulerImpl: Adding task set 18.0 with 1 tasks resource profile 0
[2025-04-29T15:00:43.620+0000] {spark_submit.py:490} INFO - 25/04/29 15:00:43 INFO TaskSetManager: Starting task 0.0 in stage 18.0 (TID 11) (172.18.0.5, executor 0, partition 0, PROCESS_LOCAL, 4292 bytes) taskResourceAssignments Map()
[2025-04-29T15:00:43.632+0000] {spark_submit.py:490} INFO - 25/04/29 15:00:43 INFO BlockManagerInfo: Added broadcast_10_piece0 in memory on 172.18.0.5:43699 (size: 7.9 KiB, free: 366.3 MiB)
[2025-04-29T15:00:43.709+0000] {spark_submit.py:490} INFO - 25/04/29 15:00:43 INFO TaskSetManager: Finished task 0.0 in stage 18.0 (TID 11) in 89 ms on 172.18.0.5 (executor 0) (1/1)
[2025-04-29T15:00:43.710+0000] {spark_submit.py:490} INFO - 25/04/29 15:00:43 INFO TaskSchedulerImpl: Removed TaskSet 18.0, whose tasks have all completed, from pool
[2025-04-29T15:00:43.710+0000] {spark_submit.py:490} INFO - 25/04/29 15:00:43 INFO DAGScheduler: ShuffleMapStage 18 (jdbc at NativeMethodAccessorImpl.java:0) finished in 0.100 s
[2025-04-29T15:00:43.710+0000] {spark_submit.py:490} INFO - 25/04/29 15:00:43 INFO DAGScheduler: looking for newly runnable stages
[2025-04-29T15:00:43.710+0000] {spark_submit.py:490} INFO - 25/04/29 15:00:43 INFO DAGScheduler: running: Set()
[2025-04-29T15:00:43.710+0000] {spark_submit.py:490} INFO - 25/04/29 15:00:43 INFO DAGScheduler: waiting: Set()
[2025-04-29T15:00:43.710+0000] {spark_submit.py:490} INFO - 25/04/29 15:00:43 INFO DAGScheduler: failed: Set()
[2025-04-29T15:00:43.720+0000] {spark_submit.py:490} INFO - 25/04/29 15:00:43 INFO ShufflePartitionsUtil: For shuffle(6), advisory target size: 67108864, actual target size 1048576, minimum partition size: 1048576
[2025-04-29T15:00:43.738+0000] {spark_submit.py:490} INFO - 25/04/29 15:00:43 INFO CodeGenerator: Code generated in 9.925264 ms
[2025-04-29T15:00:43.758+0000] {spark_submit.py:490} INFO - 25/04/29 15:00:43 INFO CodeGenerator: Code generated in 10.788311 ms
[2025-04-29T15:00:43.810+0000] {spark_submit.py:490} INFO - 25/04/29 15:00:43 INFO SparkContext: Starting job: jdbc at NativeMethodAccessorImpl.java:0
[2025-04-29T15:00:43.811+0000] {spark_submit.py:490} INFO - 25/04/29 15:00:43 INFO DAGScheduler: Got job 11 (jdbc at NativeMethodAccessorImpl.java:0) with 2 output partitions
[2025-04-29T15:00:43.811+0000] {spark_submit.py:490} INFO - 25/04/29 15:00:43 INFO DAGScheduler: Final stage: ResultStage 20 (jdbc at NativeMethodAccessorImpl.java:0)
[2025-04-29T15:00:43.812+0000] {spark_submit.py:490} INFO - 25/04/29 15:00:43 INFO DAGScheduler: Parents of final stage: List(ShuffleMapStage 19)
[2025-04-29T15:00:43.812+0000] {spark_submit.py:490} INFO - 25/04/29 15:00:43 INFO DAGScheduler: Missing parents: List()
[2025-04-29T15:00:43.813+0000] {spark_submit.py:490} INFO - 25/04/29 15:00:43 INFO DAGScheduler: Submitting ResultStage 20 (MapPartitionsRDD[52] at jdbc at NativeMethodAccessorImpl.java:0), which has no missing parents
[2025-04-29T15:00:43.838+0000] {spark_submit.py:490} INFO - 25/04/29 15:00:43 INFO MemoryStore: Block broadcast_11 stored as values in memory (estimated size 58.9 KiB, free 434.2 MiB)
[2025-04-29T15:00:43.847+0000] {spark_submit.py:490} INFO - 25/04/29 15:00:43 INFO MemoryStore: Block broadcast_11_piece0 stored as bytes in memory (estimated size 23.9 KiB, free 434.2 MiB)
[2025-04-29T15:00:43.848+0000] {spark_submit.py:490} INFO - 25/04/29 15:00:43 INFO BlockManagerInfo: Added broadcast_11_piece0 in memory on bd05f2cbfffd:45377 (size: 23.9 KiB, free: 434.3 MiB)
[2025-04-29T15:00:43.850+0000] {spark_submit.py:490} INFO - 25/04/29 15:00:43 INFO SparkContext: Created broadcast 11 from broadcast at DAGScheduler.scala:1513
[2025-04-29T15:00:43.851+0000] {spark_submit.py:490} INFO - 25/04/29 15:00:43 INFO DAGScheduler: Submitting 2 missing tasks from ResultStage 20 (MapPartitionsRDD[52] at jdbc at NativeMethodAccessorImpl.java:0) (first 15 tasks are for partitions Vector(0, 1))
[2025-04-29T15:00:43.851+0000] {spark_submit.py:490} INFO - 25/04/29 15:00:43 INFO TaskSchedulerImpl: Adding task set 20.0 with 2 tasks resource profile 0
[2025-04-29T15:00:43.853+0000] {spark_submit.py:490} INFO - 25/04/29 15:00:43 INFO TaskSetManager: Starting task 1.0 in stage 20.0 (TID 12) (172.18.0.5, executor 0, partition 1, NODE_LOCAL, 4566 bytes) taskResourceAssignments Map()
[2025-04-29T15:00:43.854+0000] {spark_submit.py:490} INFO - 25/04/29 15:00:43 INFO BlockManagerInfo: Removed broadcast_8_piece0 on bd05f2cbfffd:45377 in memory (size: 17.8 KiB, free: 434.4 MiB)
[2025-04-29T15:00:43.855+0000] {spark_submit.py:490} INFO - 25/04/29 15:00:43 INFO BlockManagerInfo: Removed broadcast_8_piece0 on 172.18.0.5:43699 in memory (size: 17.8 KiB, free: 366.3 MiB)
[2025-04-29T15:00:43.872+0000] {spark_submit.py:490} INFO - 25/04/29 15:00:43 INFO BlockManagerInfo: Removed broadcast_9_piece0 on 172.18.0.5:43699 in memory (size: 5.5 KiB, free: 366.3 MiB)
[2025-04-29T15:00:43.873+0000] {spark_submit.py:490} INFO - 25/04/29 15:00:43 INFO BlockManagerInfo: Removed broadcast_9_piece0 on bd05f2cbfffd:45377 in memory (size: 5.5 KiB, free: 434.4 MiB)
[2025-04-29T15:00:43.873+0000] {spark_submit.py:490} INFO - 25/04/29 15:00:43 INFO BlockManagerInfo: Added broadcast_11_piece0 in memory on 172.18.0.5:43699 (size: 23.9 KiB, free: 366.3 MiB)
[2025-04-29T15:00:43.902+0000] {spark_submit.py:490} INFO - 25/04/29 15:00:43 INFO BlockManagerInfo: Removed broadcast_10_piece0 on bd05f2cbfffd:45377 in memory (size: 7.9 KiB, free: 434.4 MiB)
[2025-04-29T15:00:43.902+0000] {spark_submit.py:490} INFO - 25/04/29 15:00:43 INFO BlockManagerInfo: Removed broadcast_10_piece0 on 172.18.0.5:43699 in memory (size: 7.9 KiB, free: 366.3 MiB)
[2025-04-29T15:00:44.046+0000] {spark_submit.py:490} INFO - 25/04/29 15:00:44 INFO MapOutputTrackerMasterEndpoint: Asked to send map output locations for shuffle 6 to 172.18.0.5:60196
[2025-04-29T15:00:44.995+0000] {spark_submit.py:490} INFO - 25/04/29 15:00:44 INFO TaskSetManager: Starting task 0.0 in stage 20.0 (TID 13) (172.18.0.5, executor 0, partition 0, PROCESS_LOCAL, 4412 bytes) taskResourceAssignments Map()
[2025-04-29T15:00:44.998+0000] {spark_submit.py:490} INFO - 25/04/29 15:00:44 INFO TaskSetManager: Finished task 1.0 in stage 20.0 (TID 12) in 1145 ms on 172.18.0.5 (executor 0) (1/2)
[2025-04-29T15:00:45.076+0000] {spark_submit.py:490} INFO - 25/04/29 15:00:45 INFO TaskSetManager: Finished task 0.0 in stage 20.0 (TID 13) in 81 ms on 172.18.0.5 (executor 0) (2/2)
[2025-04-29T15:00:45.077+0000] {spark_submit.py:490} INFO - 25/04/29 15:00:45 INFO TaskSchedulerImpl: Removed TaskSet 20.0, whose tasks have all completed, from pool
[2025-04-29T15:00:45.077+0000] {spark_submit.py:490} INFO - 25/04/29 15:00:45 INFO DAGScheduler: ResultStage 20 (jdbc at NativeMethodAccessorImpl.java:0) finished in 1.259 s
[2025-04-29T15:00:45.077+0000] {spark_submit.py:490} INFO - 25/04/29 15:00:45 INFO DAGScheduler: Job 11 is finished. Cancelling potential speculative or zombie tasks for this job
[2025-04-29T15:00:45.077+0000] {spark_submit.py:490} INFO - 25/04/29 15:00:45 INFO TaskSchedulerImpl: Killing all running tasks in stage 20: Stage finished
[2025-04-29T15:00:45.077+0000] {spark_submit.py:490} INFO - 25/04/29 15:00:45 INFO DAGScheduler: Job 11 finished: jdbc at NativeMethodAccessorImpl.java:0, took 1.267502 s
[2025-04-29T15:00:45.092+0000] {spark_submit.py:490} INFO - INFO:__main__:Запись в mart.suspicious_transactions завершена
[2025-04-29T15:00:45.110+0000] {spark_submit.py:490} INFO - 25/04/29 15:00:45 WARN ClickHouseDriver: ******************************************************************************************
[2025-04-29T15:00:45.110+0000] {spark_submit.py:490} INFO - 25/04/29 15:00:45 WARN ClickHouseDriver: * This driver is DEPRECATED. Please use [com.clickhouse.jdbc.ClickHouseDriver] instead.  *
[2025-04-29T15:00:45.110+0000] {spark_submit.py:490} INFO - 25/04/29 15:00:45 WARN ClickHouseDriver: * Also everything in package [ru.yandex.clickhouse] will be removed starting from 0.4.0. *
[2025-04-29T15:00:45.111+0000] {spark_submit.py:490} INFO - 25/04/29 15:00:45 WARN ClickHouseDriver: ******************************************************************************************
[2025-04-29T15:00:45.309+0000] {spark_submit.py:490} INFO - Traceback (most recent call last):
[2025-04-29T15:00:45.309+0000] {spark_submit.py:490} INFO - File "/opt/airflow/spark/detect_suspicious.py", line 100, in <module>
[2025-04-29T15:00:45.309+0000] {spark_submit.py:490} INFO - .mode("append")
[2025-04-29T15:00:45.309+0000] {spark_submit.py:490} INFO - File "/opt/spark/python/lib/pyspark.zip/pyspark/sql/readwriter.py", line 966, in save
[2025-04-29T15:00:45.311+0000] {spark_submit.py:490} INFO - File "/opt/spark/python/lib/py4j-0.10.9.5-src.zip/py4j/java_gateway.py", line 1322, in __call__
[2025-04-29T15:00:45.311+0000] {spark_submit.py:490} INFO - File "/opt/spark/python/lib/pyspark.zip/pyspark/sql/utils.py", line 190, in deco
[2025-04-29T15:00:45.311+0000] {spark_submit.py:490} INFO - File "/opt/spark/python/lib/py4j-0.10.9.5-src.zip/py4j/protocol.py", line 328, in get_return_value
[2025-04-29T15:00:45.313+0000] {spark_submit.py:490} INFO - py4j.protocol.Py4JJavaError: An error occurred while calling o82.save.
[2025-04-29T15:00:45.313+0000] {spark_submit.py:490} INFO - : ru.yandex.clickhouse.except.ClickHouseException: ClickHouse exception, code: 119, host: clickhouse, port: 8123; Code: 119. DB::Exception: Table engine is not specified in CREATE query. (ENGINE_REQUIRED) (version 22.3.20.29 (official build))
[2025-04-29T15:00:45.313+0000] {spark_submit.py:490} INFO - 
[2025-04-29T15:00:45.313+0000] {spark_submit.py:490} INFO - at ru.yandex.clickhouse.except.ClickHouseExceptionSpecifier.specify(ClickHouseExceptionSpecifier.java:60)
[2025-04-29T15:00:45.313+0000] {spark_submit.py:490} INFO - at ru.yandex.clickhouse.except.ClickHouseExceptionSpecifier.specify(ClickHouseExceptionSpecifier.java:30)
[2025-04-29T15:00:45.313+0000] {spark_submit.py:490} INFO - at ru.yandex.clickhouse.ClickHouseStatementImpl.checkForErrorAndThrow(ClickHouseStatementImpl.java:1083)
[2025-04-29T15:00:45.313+0000] {spark_submit.py:490} INFO - at ru.yandex.clickhouse.ClickHouseStatementImpl.getInputStream(ClickHouseStatementImpl.java:770)
[2025-04-29T15:00:45.313+0000] {spark_submit.py:490} INFO - at ru.yandex.clickhouse.ClickHouseStatementImpl.getLastInputStream(ClickHouseStatementImpl.java:693)
[2025-04-29T15:00:45.314+0000] {spark_submit.py:490} INFO - at ru.yandex.clickhouse.ClickHouseStatementImpl.executeUpdate(ClickHouseStatementImpl.java:435)
[2025-04-29T15:00:45.314+0000] {spark_submit.py:490} INFO - at org.apache.spark.sql.execution.datasources.jdbc.JdbcUtils$.executeStatement(JdbcUtils.scala:1060)
[2025-04-29T15:00:45.314+0000] {spark_submit.py:490} INFO - at org.apache.spark.sql.execution.datasources.jdbc.JdbcUtils$.createTable(JdbcUtils.scala:890)
[2025-04-29T15:00:45.314+0000] {spark_submit.py:490} INFO - at org.apache.spark.sql.execution.datasources.jdbc.JdbcRelationProvider.createRelation(JdbcRelationProvider.scala:81)
[2025-04-29T15:00:45.314+0000] {spark_submit.py:490} INFO - at org.apache.spark.sql.execution.datasources.SaveIntoDataSourceCommand.run(SaveIntoDataSourceCommand.scala:45)
[2025-04-29T15:00:45.314+0000] {spark_submit.py:490} INFO - at org.apache.spark.sql.execution.command.ExecutedCommandExec.sideEffectResult$lzycompute(commands.scala:75)
[2025-04-29T15:00:45.314+0000] {spark_submit.py:490} INFO - at org.apache.spark.sql.execution.command.ExecutedCommandExec.sideEffectResult(commands.scala:73)
[2025-04-29T15:00:45.314+0000] {spark_submit.py:490} INFO - at org.apache.spark.sql.execution.command.ExecutedCommandExec.executeCollect(commands.scala:84)
[2025-04-29T15:00:45.314+0000] {spark_submit.py:490} INFO - at org.apache.spark.sql.execution.QueryExecution$$anonfun$eagerlyExecuteCommands$1.$anonfun$applyOrElse$1(QueryExecution.scala:98)
[2025-04-29T15:00:45.314+0000] {spark_submit.py:490} INFO - at org.apache.spark.sql.execution.SQLExecution$.$anonfun$withNewExecutionId$6(SQLExecution.scala:109)
[2025-04-29T15:00:45.314+0000] {spark_submit.py:490} INFO - at org.apache.spark.sql.execution.SQLExecution$.withSQLConfPropagated(SQLExecution.scala:169)
[2025-04-29T15:00:45.315+0000] {spark_submit.py:490} INFO - at org.apache.spark.sql.execution.SQLExecution$.$anonfun$withNewExecutionId$1(SQLExecution.scala:95)
[2025-04-29T15:00:45.315+0000] {spark_submit.py:490} INFO - at org.apache.spark.sql.SparkSession.withActive(SparkSession.scala:779)
[2025-04-29T15:00:45.315+0000] {spark_submit.py:490} INFO - at org.apache.spark.sql.execution.SQLExecution$.withNewExecutionId(SQLExecution.scala:64)
[2025-04-29T15:00:45.315+0000] {spark_submit.py:490} INFO - at org.apache.spark.sql.execution.QueryExecution$$anonfun$eagerlyExecuteCommands$1.applyOrElse(QueryExecution.scala:98)
[2025-04-29T15:00:45.315+0000] {spark_submit.py:490} INFO - at org.apache.spark.sql.execution.QueryExecution$$anonfun$eagerlyExecuteCommands$1.applyOrElse(QueryExecution.scala:94)
[2025-04-29T15:00:45.315+0000] {spark_submit.py:490} INFO - at org.apache.spark.sql.catalyst.trees.TreeNode.$anonfun$transformDownWithPruning$1(TreeNode.scala:584)
[2025-04-29T15:00:45.315+0000] {spark_submit.py:490} INFO - at org.apache.spark.sql.catalyst.trees.CurrentOrigin$.withOrigin(TreeNode.scala:176)
[2025-04-29T15:00:45.315+0000] {spark_submit.py:490} INFO - at org.apache.spark.sql.catalyst.trees.TreeNode.transformDownWithPruning(TreeNode.scala:584)
[2025-04-29T15:00:45.315+0000] {spark_submit.py:490} INFO - at org.apache.spark.sql.catalyst.plans.logical.LogicalPlan.org$apache$spark$sql$catalyst$plans$logical$AnalysisHelper$$super$transformDownWithPruning(LogicalPlan.scala:30)
[2025-04-29T15:00:45.315+0000] {spark_submit.py:490} INFO - at org.apache.spark.sql.catalyst.plans.logical.AnalysisHelper.transformDownWithPruning(AnalysisHelper.scala:267)
[2025-04-29T15:00:45.316+0000] {spark_submit.py:490} INFO - at org.apache.spark.sql.catalyst.plans.logical.AnalysisHelper.transformDownWithPruning$(AnalysisHelper.scala:263)
[2025-04-29T15:00:45.316+0000] {spark_submit.py:490} INFO - at org.apache.spark.sql.catalyst.plans.logical.LogicalPlan.transformDownWithPruning(LogicalPlan.scala:30)
[2025-04-29T15:00:45.316+0000] {spark_submit.py:490} INFO - at org.apache.spark.sql.catalyst.plans.logical.LogicalPlan.transformDownWithPruning(LogicalPlan.scala:30)
[2025-04-29T15:00:45.316+0000] {spark_submit.py:490} INFO - at org.apache.spark.sql.catalyst.trees.TreeNode.transformDown(TreeNode.scala:560)
[2025-04-29T15:00:45.316+0000] {spark_submit.py:490} INFO - at org.apache.spark.sql.execution.QueryExecution.eagerlyExecuteCommands(QueryExecution.scala:94)
[2025-04-29T15:00:45.316+0000] {spark_submit.py:490} INFO - at org.apache.spark.sql.execution.QueryExecution.commandExecuted$lzycompute(QueryExecution.scala:81)
[2025-04-29T15:00:45.316+0000] {spark_submit.py:490} INFO - at org.apache.spark.sql.execution.QueryExecution.commandExecuted(QueryExecution.scala:79)
[2025-04-29T15:00:45.316+0000] {spark_submit.py:490} INFO - at org.apache.spark.sql.execution.QueryExecution.assertCommandExecuted(QueryExecution.scala:116)
[2025-04-29T15:00:45.316+0000] {spark_submit.py:490} INFO - at org.apache.spark.sql.DataFrameWriter.runCommand(DataFrameWriter.scala:860)
[2025-04-29T15:00:45.316+0000] {spark_submit.py:490} INFO - at org.apache.spark.sql.DataFrameWriter.saveToV1Source(DataFrameWriter.scala:390)
[2025-04-29T15:00:45.316+0000] {spark_submit.py:490} INFO - at org.apache.spark.sql.DataFrameWriter.saveInternal(DataFrameWriter.scala:363)
[2025-04-29T15:00:45.316+0000] {spark_submit.py:490} INFO - at org.apache.spark.sql.DataFrameWriter.save(DataFrameWriter.scala:247)
[2025-04-29T15:00:45.316+0000] {spark_submit.py:490} INFO - at java.base/jdk.internal.reflect.NativeMethodAccessorImpl.invoke0(Native Method)
[2025-04-29T15:00:45.317+0000] {spark_submit.py:490} INFO - at java.base/jdk.internal.reflect.NativeMethodAccessorImpl.invoke(NativeMethodAccessorImpl.java:62)
[2025-04-29T15:00:45.317+0000] {spark_submit.py:490} INFO - at java.base/jdk.internal.reflect.DelegatingMethodAccessorImpl.invoke(DelegatingMethodAccessorImpl.java:43)
[2025-04-29T15:00:45.317+0000] {spark_submit.py:490} INFO - at java.base/java.lang.reflect.Method.invoke(Method.java:566)
[2025-04-29T15:00:45.317+0000] {spark_submit.py:490} INFO - at py4j.reflection.MethodInvoker.invoke(MethodInvoker.java:244)
[2025-04-29T15:00:45.317+0000] {spark_submit.py:490} INFO - at py4j.reflection.ReflectionEngine.invoke(ReflectionEngine.java:357)
[2025-04-29T15:00:45.317+0000] {spark_submit.py:490} INFO - at py4j.Gateway.invoke(Gateway.java:282)
[2025-04-29T15:00:45.317+0000] {spark_submit.py:490} INFO - at py4j.commands.AbstractCommand.invokeMethod(AbstractCommand.java:132)
[2025-04-29T15:00:45.317+0000] {spark_submit.py:490} INFO - at py4j.commands.CallCommand.execute(CallCommand.java:79)
[2025-04-29T15:00:45.317+0000] {spark_submit.py:490} INFO - at py4j.ClientServerConnection.waitForCommands(ClientServerConnection.java:182)
[2025-04-29T15:00:45.317+0000] {spark_submit.py:490} INFO - at py4j.ClientServerConnection.run(ClientServerConnection.java:106)
[2025-04-29T15:00:45.317+0000] {spark_submit.py:490} INFO - at java.base/java.lang.Thread.run(Thread.java:829)
[2025-04-29T15:00:45.317+0000] {spark_submit.py:490} INFO - Caused by: java.lang.Throwable: Code: 119. DB::Exception: Table engine is not specified in CREATE query. (ENGINE_REQUIRED) (version 22.3.20.29 (official build))
[2025-04-29T15:00:45.317+0000] {spark_submit.py:490} INFO - 
[2025-04-29T15:00:45.318+0000] {spark_submit.py:490} INFO - at ru.yandex.clickhouse.except.ClickHouseExceptionSpecifier.specify(ClickHouseExceptionSpecifier.java:55)
[2025-04-29T15:00:45.318+0000] {spark_submit.py:490} INFO - ... 49 more
[2025-04-29T15:00:45.318+0000] {spark_submit.py:490} INFO - 
[2025-04-29T15:00:45.353+0000] {spark_submit.py:490} INFO - 25/04/29 15:00:45 INFO SparkContext: Invoking stop() from shutdown hook
[2025-04-29T15:00:45.360+0000] {spark_submit.py:490} INFO - 25/04/29 15:00:45 INFO SparkUI: Stopped Spark web UI at http://bd05f2cbfffd:4040
[2025-04-29T15:00:45.364+0000] {spark_submit.py:490} INFO - 25/04/29 15:00:45 INFO StandaloneSchedulerBackend: Shutting down all executors
[2025-04-29T15:00:45.366+0000] {spark_submit.py:490} INFO - 25/04/29 15:00:45 INFO CoarseGrainedSchedulerBackend$DriverEndpoint: Asking each executor to shut down
[2025-04-29T15:00:45.386+0000] {spark_submit.py:490} INFO - 25/04/29 15:00:45 INFO MapOutputTrackerMasterEndpoint: MapOutputTrackerMasterEndpoint stopped!
[2025-04-29T15:00:45.410+0000] {spark_submit.py:490} INFO - 25/04/29 15:00:45 INFO MemoryStore: MemoryStore cleared
[2025-04-29T15:00:45.410+0000] {spark_submit.py:490} INFO - 25/04/29 15:00:45 INFO BlockManager: BlockManager stopped
[2025-04-29T15:00:45.419+0000] {spark_submit.py:490} INFO - 25/04/29 15:00:45 INFO BlockManagerMaster: BlockManagerMaster stopped
[2025-04-29T15:00:45.424+0000] {spark_submit.py:490} INFO - 25/04/29 15:00:45 INFO OutputCommitCoordinator$OutputCommitCoordinatorEndpoint: OutputCommitCoordinator stopped!
[2025-04-29T15:00:45.435+0000] {spark_submit.py:490} INFO - 25/04/29 15:00:45 INFO SparkContext: Successfully stopped SparkContext
[2025-04-29T15:00:45.436+0000] {spark_submit.py:490} INFO - 25/04/29 15:00:45 INFO ShutdownHookManager: Shutdown hook called
[2025-04-29T15:00:45.436+0000] {spark_submit.py:490} INFO - 25/04/29 15:00:45 INFO ShutdownHookManager: Deleting directory /tmp/spark-34e02e5d-875a-4383-8267-695eaf5a1d04
[2025-04-29T15:00:45.440+0000] {spark_submit.py:490} INFO - 25/04/29 15:00:45 INFO ShutdownHookManager: Deleting directory /tmp/spark-e6fb28a2-502b-466f-9706-3f5f313fa835/pyspark-cfe1c17a-1118-4f5b-919a-3c039a02d85d
[2025-04-29T15:00:45.443+0000] {spark_submit.py:490} INFO - 25/04/29 15:00:45 INFO ShutdownHookManager: Deleting directory /tmp/spark-e6fb28a2-502b-466f-9706-3f5f313fa835
[2025-04-29T15:00:45.513+0000] {taskinstance.py:1824} ERROR - Task failed with exception
Traceback (most recent call last):
  File "/home/airflow/.local/lib/python3.7/site-packages/airflow/providers/apache/spark/operators/spark_submit.py", line 157, in execute
    self._hook.submit(self._application)
  File "/home/airflow/.local/lib/python3.7/site-packages/airflow/providers/apache/spark/hooks/spark_submit.py", line 422, in submit
    f"Cannot execute: {self._mask_cmd(spark_submit_cmd)}. Error code is: {returncode}."
airflow.exceptions.AirflowException: Cannot execute: spark-submit --master spark://spark-master:7077 --packages org.postgresql:postgresql:42.6.0,ru.yandex.clickhouse:clickhouse-jdbc:0.3.2 --executor-cores 1 --executor-memory 1g --driver-memory 1g --name arrow-spark /opt/airflow/spark/detect_suspicious.py --jdbc jdbc:postgresql://postgres:5432/finbest --clickhouse-url jdbc:clickhouse://clickhouse:8123/finbest. Error code is: 1.
[2025-04-29T15:00:45.517+0000] {taskinstance.py:1350} INFO - Marking task as UP_FOR_RETRY. dag_id=transform, task_id=detect_suspicious, execution_date=20250429T150022, start_date=20250429T150032, end_date=20250429T150045
[2025-04-29T15:00:45.526+0000] {standard_task_runner.py:109} ERROR - Failed to execute job 41 for task detect_suspicious (Cannot execute: spark-submit --master spark://spark-master:7077 --packages org.postgresql:postgresql:42.6.0,ru.yandex.clickhouse:clickhouse-jdbc:0.3.2 --executor-cores 1 --executor-memory 1g --driver-memory 1g --name arrow-spark /opt/airflow/spark/detect_suspicious.py --jdbc jdbc:postgresql://postgres:5432/finbest --clickhouse-url jdbc:clickhouse://clickhouse:8123/finbest. Error code is: 1.; 9295)
[2025-04-29T15:00:45.549+0000] {local_task_job_runner.py:225} INFO - Task exited with return code 1
[2025-04-29T15:00:45.566+0000] {taskinstance.py:2653} INFO - 0 downstream tasks scheduled from follow-on schedule check
