[2025-05-04T19:18:17.132+0000] {taskinstance.py:1103} INFO - Dependencies all met for dep_context=non-requeueable deps ti=<TaskInstance: extract_load.load_rates manual__2025-05-04T19:18:07.791598+00:00 [queued]>
[2025-05-04T19:18:17.138+0000] {taskinstance.py:1103} INFO - Dependencies all met for dep_context=requeueable deps ti=<TaskInstance: extract_load.load_rates manual__2025-05-04T19:18:07.791598+00:00 [queued]>
[2025-05-04T19:18:17.138+0000] {taskinstance.py:1308} INFO - Starting attempt 1 of 2
[2025-05-04T19:18:17.151+0000] {taskinstance.py:1327} INFO - Executing <Task(PythonOperator): load_rates> on 2025-05-04 19:18:07.791598+00:00
[2025-05-04T19:18:17.155+0000] {standard_task_runner.py:57} INFO - Started process 3174 to run task
[2025-05-04T19:18:17.157+0000] {standard_task_runner.py:84} INFO - Running: ['airflow', 'tasks', 'run', 'extract_load', 'load_rates', 'manual__2025-05-04T19:18:07.791598+00:00', '--job-id', '119', '--raw', '--subdir', 'DAGS_FOLDER/extract_load.py', '--cfg-path', '/tmp/tmp9pqus36n']
[2025-05-04T19:18:17.158+0000] {standard_task_runner.py:85} INFO - Job 119: Subtask load_rates
[2025-05-04T19:18:17.171+0000] {logging_mixin.py:150} WARNING - /home/airflow/.local/lib/python3.7/site-packages/airflow/settings.py:195 DeprecationWarning: The sql_alchemy_conn option in [core] has been moved to the sql_alchemy_conn option in [database] - the old setting has been used, but please update your config.
[2025-05-04T19:18:17.203+0000] {task_command.py:410} INFO - Running <TaskInstance: extract_load.load_rates manual__2025-05-04T19:18:07.791598+00:00 [running]> on host 773728ee9afd
[2025-05-04T19:18:17.280+0000] {taskinstance.py:1547} INFO - Exporting env vars: AIRFLOW_CTX_DAG_OWNER='finbest' AIRFLOW_CTX_DAG_ID='extract_load' AIRFLOW_CTX_TASK_ID='load_rates' AIRFLOW_CTX_EXECUTION_DATE='2025-05-04T19:18:07.791598+00:00' AIRFLOW_CTX_TRY_NUMBER='1' AIRFLOW_CTX_DAG_RUN_ID='manual__2025-05-04T19:18:07.791598+00:00'
[2025-05-04T19:18:17.284+0000] {crypto.py:83} WARNING - empty cryptography key - values will not be stored encrypted.
[2025-05-04T19:18:17.285+0000] {base.py:73} INFO - Using connection ID 'postgres_default' for task execution.
[2025-05-04T19:18:17.289+0000] {sql.py:375} INFO - Running statement: DELETE FROM staging.currency_rates WHERE date='2025-05-04', parameters: None
[2025-05-04T19:18:17.291+0000] {sql.py:384} INFO - Rows affected: 4
[2025-05-04T19:18:17.292+0000] {base.py:73} INFO - Using connection ID 'postgres_default' for task execution.
[2025-05-04T19:18:17.304+0000] {logging_mixin.py:150} INFO - Курсы валют загружены на дату 2025-05-04
[2025-05-04T19:18:17.304+0000] {python.py:183} INFO - Done. Returned value was: None
[2025-05-04T19:18:17.313+0000] {taskinstance.py:1350} INFO - Marking task as SUCCESS. dag_id=extract_load, task_id=load_rates, execution_date=20250504T191807, start_date=20250504T191817, end_date=20250504T191817
[2025-05-04T19:18:17.329+0000] {local_task_job_runner.py:225} INFO - Task exited with return code 0
[2025-05-04T19:18:17.345+0000] {taskinstance.py:2653} INFO - 0 downstream tasks scheduled from follow-on schedule check
