[2025-05-07T02:26:09.878+0000] {taskinstance.py:1103} INFO - Dependencies all met for dep_context=non-requeueable deps ti=<TaskInstance: graph_analysis.build_graph manual__2025-05-07T02:26:02.291334+00:00 [queued]>
[2025-05-07T02:26:09.883+0000] {taskinstance.py:1103} INFO - Dependencies all met for dep_context=requeueable deps ti=<TaskInstance: graph_analysis.build_graph manual__2025-05-07T02:26:02.291334+00:00 [queued]>
[2025-05-07T02:26:09.883+0000] {taskinstance.py:1308} INFO - Starting attempt 1 of 2
[2025-05-07T02:26:09.893+0000] {taskinstance.py:1327} INFO - Executing <Task(SparkSubmitOperator): build_graph> on 2025-05-07 02:26:02.291334+00:00
[2025-05-07T02:26:09.897+0000] {standard_task_runner.py:57} INFO - Started process 4515 to run task
[2025-05-07T02:26:09.899+0000] {standard_task_runner.py:84} INFO - Running: ['airflow', 'tasks', 'run', 'graph_analysis', 'build_graph', 'manual__2025-05-07T02:26:02.291334+00:00', '--job-id', '239', '--raw', '--subdir', 'DAGS_FOLDER/graph_analysis.py', '--cfg-path', '/tmp/tmp_gqgdf7i']
[2025-05-07T02:26:09.899+0000] {standard_task_runner.py:85} INFO - Job 239: Subtask build_graph
[2025-05-07T02:26:09.912+0000] {logging_mixin.py:150} WARNING - /home/airflow/.local/lib/python3.8/site-packages/airflow/settings.py:195 DeprecationWarning: The sql_alchemy_conn option in [core] has been moved to the sql_alchemy_conn option in [database] - the old setting has been used, but please update your config.
[2025-05-07T02:26:09.939+0000] {task_command.py:410} INFO - Running <TaskInstance: graph_analysis.build_graph manual__2025-05-07T02:26:02.291334+00:00 [running]> on host 5c5d1775d94e
[2025-05-07T02:26:10.006+0000] {taskinstance.py:1545} INFO - Exporting env vars: AIRFLOW_CTX_DAG_OWNER='finbest' AIRFLOW_CTX_DAG_ID='graph_analysis' AIRFLOW_CTX_TASK_ID='build_graph' AIRFLOW_CTX_EXECUTION_DATE='2025-05-07T02:26:02.291334+00:00' AIRFLOW_CTX_TRY_NUMBER='1' AIRFLOW_CTX_DAG_RUN_ID='manual__2025-05-07T02:26:02.291334+00:00'
[2025-05-07T02:26:10.014+0000] {base.py:73} INFO - Using connection ID 'spark_default' for task execution.
[2025-05-07T02:26:10.015+0000] {spark_submit.py:401} INFO - Spark-Submit cmd: spark-submit --master spark://spark-master:7077 --conf spark.driver.maxResultSize=512m --conf spark.sql.shuffle.partitions=10 --packages org.postgresql:postgresql:42.6.0,graphframes:graphframes:0.8.2-spark3.2-s_2.12 --executor-cores 1 --executor-memory 1g --driver-memory 1g --name arrow-spark --verbose /opt/airflow/spark/build_graph.py --jdbc jdbc:postgresql://postgres:5432/finbest --user finbest --password ******
[2025-05-07T02:26:10.032+0000] {spark_submit.py:571} INFO - /opt/spark/bin/load-spark-env.sh: line 68: ps: command not found
[2025-05-07T02:26:11.024+0000] {spark_submit.py:571} INFO - Using properties file: null
[2025-05-07T02:26:11.090+0000] {spark_submit.py:571} INFO - WARNING: An illegal reflective access operation has occurred
[2025-05-07T02:26:11.090+0000] {spark_submit.py:571} INFO - WARNING: Illegal reflective access by org.apache.spark.unsafe.Platform (file:/opt/spark/jars/spark-unsafe_2.12-3.2.4.jar) to constructor java.nio.DirectByteBuffer(long,int)
[2025-05-07T02:26:11.091+0000] {spark_submit.py:571} INFO - WARNING: Please consider reporting this to the maintainers of org.apache.spark.unsafe.Platform
[2025-05-07T02:26:11.091+0000] {spark_submit.py:571} INFO - WARNING: Use --illegal-access=warn to enable warnings of further illegal reflective access operations
[2025-05-07T02:26:11.091+0000] {spark_submit.py:571} INFO - WARNING: All illegal access operations will be denied in a future release
[2025-05-07T02:26:11.124+0000] {spark_submit.py:571} INFO - Parsed arguments:
[2025-05-07T02:26:11.124+0000] {spark_submit.py:571} INFO - master                  spark://spark-master:7077
[2025-05-07T02:26:11.124+0000] {spark_submit.py:571} INFO - deployMode              null
[2025-05-07T02:26:11.124+0000] {spark_submit.py:571} INFO - executorMemory          1g
[2025-05-07T02:26:11.125+0000] {spark_submit.py:571} INFO - executorCores           1
[2025-05-07T02:26:11.125+0000] {spark_submit.py:571} INFO - totalExecutorCores      null
[2025-05-07T02:26:11.125+0000] {spark_submit.py:571} INFO - propertiesFile          null
[2025-05-07T02:26:11.125+0000] {spark_submit.py:571} INFO - driverMemory            1g
[2025-05-07T02:26:11.125+0000] {spark_submit.py:571} INFO - driverCores             null
[2025-05-07T02:26:11.125+0000] {spark_submit.py:571} INFO - driverExtraClassPath    null
[2025-05-07T02:26:11.125+0000] {spark_submit.py:571} INFO - driverExtraLibraryPath  null
[2025-05-07T02:26:11.125+0000] {spark_submit.py:571} INFO - driverExtraJavaOptions  null
[2025-05-07T02:26:11.125+0000] {spark_submit.py:571} INFO - supervise               false
[2025-05-07T02:26:11.125+0000] {spark_submit.py:571} INFO - queue                   null
[2025-05-07T02:26:11.125+0000] {spark_submit.py:571} INFO - numExecutors            null
[2025-05-07T02:26:11.126+0000] {spark_submit.py:571} INFO - files                   null
[2025-05-07T02:26:11.126+0000] {spark_submit.py:571} INFO - pyFiles                 null
[2025-05-07T02:26:11.126+0000] {spark_submit.py:571} INFO - archives                null
[2025-05-07T02:26:11.126+0000] {spark_submit.py:571} INFO - mainClass               null
[2025-05-07T02:26:11.126+0000] {spark_submit.py:571} INFO - primaryResource         file:/opt/airflow/spark/build_graph.py
[2025-05-07T02:26:11.126+0000] {spark_submit.py:571} INFO - name                    arrow-spark
[2025-05-07T02:26:11.126+0000] {spark_submit.py:571} INFO - childArgs               [--jdbc jdbc:postgresql://postgres:5432/finbest --user finbest --password ***]
[2025-05-07T02:26:11.126+0000] {spark_submit.py:571} INFO - jars                    null
[2025-05-07T02:26:11.126+0000] {spark_submit.py:571} INFO - packages                org.postgresql:postgresql:42.6.0,graphframes:graphframes:0.8.2-spark3.2-s_2.12
[2025-05-07T02:26:11.126+0000] {spark_submit.py:571} INFO - packagesExclusions      null
[2025-05-07T02:26:11.127+0000] {spark_submit.py:571} INFO - repositories            null
[2025-05-07T02:26:11.127+0000] {spark_submit.py:571} INFO - verbose                 true
[2025-05-07T02:26:11.127+0000] {spark_submit.py:571} INFO - 
[2025-05-07T02:26:11.127+0000] {spark_submit.py:571} INFO - Spark properties used, including those specified through
[2025-05-07T02:26:11.127+0000] {spark_submit.py:571} INFO - --conf and those from the properties file null:
[2025-05-07T02:26:11.127+0000] {spark_submit.py:571} INFO - (spark.driver.memory,1g)
[2025-05-07T02:26:11.127+0000] {spark_submit.py:571} INFO - (spark.driver.maxResultSize,512m)
[2025-05-07T02:26:11.127+0000] {spark_submit.py:571} INFO - (spark.sql.shuffle.partitions,10)
[2025-05-07T02:26:11.127+0000] {spark_submit.py:571} INFO - 
[2025-05-07T02:26:11.127+0000] {spark_submit.py:571} INFO - 
[2025-05-07T02:26:11.225+0000] {spark_submit.py:571} INFO - :: loading settings :: url = jar:file:/opt/spark/jars/ivy-2.5.1.jar!/org/apache/ivy/core/settings/ivysettings.xml
[2025-05-07T02:26:11.296+0000] {spark_submit.py:571} INFO - Ivy Default Cache set to: /home/airflow/.ivy2/cache
[2025-05-07T02:26:11.296+0000] {spark_submit.py:571} INFO - The jars for the packages stored in: /home/airflow/.ivy2/jars
[2025-05-07T02:26:11.299+0000] {spark_submit.py:571} INFO - org.postgresql#postgresql added as a dependency
[2025-05-07T02:26:11.300+0000] {spark_submit.py:571} INFO - graphframes#graphframes added as a dependency
[2025-05-07T02:26:11.300+0000] {spark_submit.py:571} INFO - :: resolving dependencies :: org.apache.spark#spark-submit-parent-e7434dbf-3d45-41db-8ad6-704e76497ed7;1.0
[2025-05-07T02:26:11.300+0000] {spark_submit.py:571} INFO - confs: [default]
[2025-05-07T02:26:13.815+0000] {spark_submit.py:571} INFO - found org.postgresql#postgresql;42.6.0 in central
[2025-05-07T02:26:14.619+0000] {spark_submit.py:571} INFO - found org.checkerframework#checker-qual;3.31.0 in central
[2025-05-07T02:26:17.998+0000] {spark_submit.py:571} INFO - found graphframes#graphframes;0.8.2-spark3.2-s_2.12 in spark-packages
[2025-05-07T02:26:19.843+0000] {spark_submit.py:571} INFO - found org.slf4j#slf4j-api;1.7.16 in central
[2025-05-07T02:26:19.854+0000] {spark_submit.py:571} INFO - downloading https://repo1.maven.org/maven2/org/postgresql/postgresql/42.6.0/postgresql-42.6.0.jar ...
[2025-05-07T02:26:21.033+0000] {spark_submit.py:571} INFO - [SUCCESSFUL ] org.postgresql#postgresql;42.6.0!postgresql.jar (1179ms)
[2025-05-07T02:26:21.034+0000] {spark_submit.py:571} INFO - downloading https://repos.spark-packages.org/graphframes/graphframes/0.8.2-spark3.2-s_2.12/graphframes-0.8.2-spark3.2-s_2.12.jar ...
[2025-05-07T02:26:21.236+0000] {spark_submit.py:571} INFO - [SUCCESSFUL ] graphframes#graphframes;0.8.2-spark3.2-s_2.12!graphframes.jar (202ms)
[2025-05-07T02:26:21.239+0000] {spark_submit.py:571} INFO - downloading https://repo1.maven.org/maven2/org/checkerframework/checker-qual/3.31.0/checker-qual-3.31.0.jar ...
[2025-05-07T02:26:21.409+0000] {spark_submit.py:571} INFO - [SUCCESSFUL ] org.checkerframework#checker-qual;3.31.0!checker-qual.jar (171ms)
[2025-05-07T02:26:21.413+0000] {spark_submit.py:571} INFO - downloading https://repo1.maven.org/maven2/org/slf4j/slf4j-api/1.7.16/slf4j-api-1.7.16.jar ...
[2025-05-07T02:26:21.514+0000] {spark_submit.py:571} INFO - [SUCCESSFUL ] org.slf4j#slf4j-api;1.7.16!slf4j-api.jar (102ms)
[2025-05-07T02:26:21.515+0000] {spark_submit.py:571} INFO - :: resolution report :: resolve 8553ms :: artifacts dl 1662ms
[2025-05-07T02:26:21.515+0000] {spark_submit.py:571} INFO - :: modules in use:
[2025-05-07T02:26:21.516+0000] {spark_submit.py:571} INFO - graphframes#graphframes;0.8.2-spark3.2-s_2.12 from spark-packages in [default]
[2025-05-07T02:26:21.516+0000] {spark_submit.py:571} INFO - org.checkerframework#checker-qual;3.31.0 from central in [default]
[2025-05-07T02:26:21.516+0000] {spark_submit.py:571} INFO - org.postgresql#postgresql;42.6.0 from central in [default]
[2025-05-07T02:26:21.516+0000] {spark_submit.py:571} INFO - org.slf4j#slf4j-api;1.7.16 from central in [default]
[2025-05-07T02:26:21.516+0000] {spark_submit.py:571} INFO - ---------------------------------------------------------------------
[2025-05-07T02:26:21.516+0000] {spark_submit.py:571} INFO - |                  |            modules            ||   artifacts   |
[2025-05-07T02:26:21.516+0000] {spark_submit.py:571} INFO - |       conf       | number| search|dwnlded|evicted|| number|dwnlded|
[2025-05-07T02:26:21.516+0000] {spark_submit.py:571} INFO - ---------------------------------------------------------------------
[2025-05-07T02:26:21.517+0000] {spark_submit.py:571} INFO - |      default     |   4   |   4   |   4   |   0   ||   4   |   4   |
[2025-05-07T02:26:21.517+0000] {spark_submit.py:571} INFO - ---------------------------------------------------------------------
[2025-05-07T02:26:21.520+0000] {spark_submit.py:571} INFO - :: retrieving :: org.apache.spark#spark-submit-parent-e7434dbf-3d45-41db-8ad6-704e76497ed7
[2025-05-07T02:26:21.521+0000] {spark_submit.py:571} INFO - confs: [default]
[2025-05-07T02:26:21.529+0000] {spark_submit.py:571} INFO - 4 artifacts copied, 0 already retrieved (1556kB/9ms)
[2025-05-07T02:26:21.712+0000] {spark_submit.py:571} INFO - 25/05/07 02:26:21 WARN NativeCodeLoader: Unable to load native-hadoop library for your platform... using builtin-java classes where applicable
[2025-05-07T02:26:21.896+0000] {spark_submit.py:571} INFO - Main class:
[2025-05-07T02:26:21.897+0000] {spark_submit.py:571} INFO - org.apache.spark.deploy.PythonRunner
[2025-05-07T02:26:21.897+0000] {spark_submit.py:571} INFO - Arguments:
[2025-05-07T02:26:21.897+0000] {spark_submit.py:571} INFO - file:/opt/airflow/spark/build_graph.py
[2025-05-07T02:26:21.897+0000] {spark_submit.py:571} INFO - file:///home/airflow/.ivy2/jars/org.postgresql_postgresql-42.6.0.jar,file:///home/airflow/.ivy2/jars/graphframes_graphframes-0.8.2-spark3.2-s_2.12.jar,file:///home/airflow/.ivy2/jars/org.checkerframework_checker-qual-3.31.0.jar,file:///home/airflow/.ivy2/jars/org.slf4j_slf4j-api-1.7.16.jar
[2025-05-07T02:26:21.897+0000] {spark_submit.py:571} INFO - --jdbc
[2025-05-07T02:26:21.897+0000] {spark_submit.py:571} INFO - jdbc:postgresql://postgres:5432/finbest
[2025-05-07T02:26:21.897+0000] {spark_submit.py:571} INFO - --user
[2025-05-07T02:26:21.897+0000] {spark_submit.py:571} INFO - finbest
[2025-05-07T02:26:21.897+0000] {spark_submit.py:571} INFO - --password
[2025-05-07T02:26:21.898+0000] {spark_submit.py:571} INFO - ***
[2025-05-07T02:26:21.898+0000] {spark_submit.py:571} INFO - Spark config:
[2025-05-07T02:26:21.899+0000] {spark_submit.py:571} INFO - (spark.driver.maxResultSize,512m)
[2025-05-07T02:26:21.899+0000] {spark_submit.py:571} INFO - (spark.jars,file:///home/airflow/.ivy2/jars/org.postgresql_postgresql-42.6.0.jar,file:///home/airflow/.ivy2/jars/graphframes_graphframes-0.8.2-spark3.2-s_2.12.jar,file:///home/airflow/.ivy2/jars/org.checkerframework_checker-qual-3.31.0.jar,file:///home/airflow/.ivy2/jars/org.slf4j_slf4j-api-1.7.16.jar)
[2025-05-07T02:26:21.899+0000] {spark_submit.py:571} INFO - (spark.app.name,arrow-spark)
[2025-05-07T02:26:21.899+0000] {spark_submit.py:571} INFO - (spark.driver.memory,1g)
[2025-05-07T02:26:21.899+0000] {spark_submit.py:571} INFO - (spark.submit.pyFiles,/home/airflow/.ivy2/jars/org.postgresql_postgresql-42.6.0.jar,/home/airflow/.ivy2/jars/graphframes_graphframes-0.8.2-spark3.2-s_2.12.jar,/home/airflow/.ivy2/jars/org.checkerframework_checker-qual-3.31.0.jar,/home/airflow/.ivy2/jars/org.slf4j_slf4j-api-1.7.16.jar)
[2025-05-07T02:26:21.899+0000] {spark_submit.py:571} INFO - (spark.files,file:///home/airflow/.ivy2/jars/org.postgresql_postgresql-42.6.0.jar,file:///home/airflow/.ivy2/jars/graphframes_graphframes-0.8.2-spark3.2-s_2.12.jar,file:///home/airflow/.ivy2/jars/org.checkerframework_checker-qual-3.31.0.jar,file:///home/airflow/.ivy2/jars/org.slf4j_slf4j-api-1.7.16.jar)
[2025-05-07T02:26:21.899+0000] {spark_submit.py:571} INFO - (spark.submit.deployMode,client)
[2025-05-07T02:26:21.899+0000] {spark_submit.py:571} INFO - (spark.master,spark://spark-master:7077)
[2025-05-07T02:26:21.899+0000] {spark_submit.py:571} INFO - (spark.executor.memory,1g)
[2025-05-07T02:26:21.899+0000] {spark_submit.py:571} INFO - (spark.executor.cores,1)
[2025-05-07T02:26:21.899+0000] {spark_submit.py:571} INFO - (spark.repl.local.jars,file:///home/airflow/.ivy2/jars/org.postgresql_postgresql-42.6.0.jar,file:///home/airflow/.ivy2/jars/graphframes_graphframes-0.8.2-spark3.2-s_2.12.jar,file:///home/airflow/.ivy2/jars/org.checkerframework_checker-qual-3.31.0.jar,file:///home/airflow/.ivy2/jars/org.slf4j_slf4j-api-1.7.16.jar)
[2025-05-07T02:26:21.900+0000] {spark_submit.py:571} INFO - (spark.sql.shuffle.partitions,10)
[2025-05-07T02:26:21.900+0000] {spark_submit.py:571} INFO - Classpath elements:
[2025-05-07T02:26:21.900+0000] {spark_submit.py:571} INFO - file:///home/airflow/.ivy2/jars/org.postgresql_postgresql-42.6.0.jar
[2025-05-07T02:26:21.900+0000] {spark_submit.py:571} INFO - file:///home/airflow/.ivy2/jars/graphframes_graphframes-0.8.2-spark3.2-s_2.12.jar
[2025-05-07T02:26:21.900+0000] {spark_submit.py:571} INFO - file:///home/airflow/.ivy2/jars/org.checkerframework_checker-qual-3.31.0.jar
[2025-05-07T02:26:21.900+0000] {spark_submit.py:571} INFO - file:///home/airflow/.ivy2/jars/org.slf4j_slf4j-api-1.7.16.jar
[2025-05-07T02:26:21.900+0000] {spark_submit.py:571} INFO - 
[2025-05-07T02:26:21.900+0000] {spark_submit.py:571} INFO - 
[2025-05-07T02:26:23.082+0000] {spark_submit.py:571} INFO - Using Spark's default log4j profile: org/apache/spark/log4j-defaults.properties
[2025-05-07T02:26:23.088+0000] {spark_submit.py:571} INFO - 25/05/07 02:26:23 INFO SparkContext: Running Spark version 3.2.4
[2025-05-07T02:26:23.104+0000] {spark_submit.py:571} INFO - 25/05/07 02:26:23 INFO ResourceUtils: ==============================================================
[2025-05-07T02:26:23.104+0000] {spark_submit.py:571} INFO - 25/05/07 02:26:23 INFO ResourceUtils: No custom resources configured for spark.driver.
[2025-05-07T02:26:23.104+0000] {spark_submit.py:571} INFO - 25/05/07 02:26:23 INFO ResourceUtils: ==============================================================
[2025-05-07T02:26:23.104+0000] {spark_submit.py:571} INFO - 25/05/07 02:26:23 INFO SparkContext: Submitted application: FinBestGraphAnalysis
[2025-05-07T02:26:23.122+0000] {spark_submit.py:571} INFO - 25/05/07 02:26:23 INFO ResourceProfile: Default ResourceProfile created, executor resources: Map(cores -> name: cores, amount: 1, script: , vendor: , memory -> name: memory, amount: 1024, script: , vendor: , offHeap -> name: offHeap, amount: 0, script: , vendor: ), task resources: Map(cpus -> name: cpus, amount: 1.0)
[2025-05-07T02:26:23.132+0000] {spark_submit.py:571} INFO - 25/05/07 02:26:23 INFO ResourceProfile: Limiting resource is cpus at 1 tasks per executor
[2025-05-07T02:26:23.133+0000] {spark_submit.py:571} INFO - 25/05/07 02:26:23 INFO ResourceProfileManager: Added ResourceProfile id: 0
[2025-05-07T02:26:23.180+0000] {spark_submit.py:571} INFO - 25/05/07 02:26:23 INFO SecurityManager: Changing view acls to: airflow
[2025-05-07T02:26:23.180+0000] {spark_submit.py:571} INFO - 25/05/07 02:26:23 INFO SecurityManager: Changing modify acls to: airflow
[2025-05-07T02:26:23.180+0000] {spark_submit.py:571} INFO - 25/05/07 02:26:23 INFO SecurityManager: Changing view acls groups to:
[2025-05-07T02:26:23.181+0000] {spark_submit.py:571} INFO - 25/05/07 02:26:23 INFO SecurityManager: Changing modify acls groups to:
[2025-05-07T02:26:23.181+0000] {spark_submit.py:571} INFO - 25/05/07 02:26:23 INFO SecurityManager: SecurityManager: authentication disabled; ui acls disabled; users  with view permissions: Set(airflow); groups with view permissions: Set(); users  with modify permissions: Set(airflow); groups with modify permissions: Set()
[2025-05-07T02:26:23.440+0000] {spark_submit.py:571} INFO - 25/05/07 02:26:23 INFO Utils: Successfully started service 'sparkDriver' on port 44379.
[2025-05-07T02:26:23.465+0000] {spark_submit.py:571} INFO - 25/05/07 02:26:23 INFO SparkEnv: Registering MapOutputTracker
[2025-05-07T02:26:23.491+0000] {spark_submit.py:571} INFO - 25/05/07 02:26:23 INFO SparkEnv: Registering BlockManagerMaster
[2025-05-07T02:26:23.507+0000] {spark_submit.py:571} INFO - 25/05/07 02:26:23 INFO BlockManagerMasterEndpoint: Using org.apache.spark.storage.DefaultTopologyMapper for getting topology information
[2025-05-07T02:26:23.508+0000] {spark_submit.py:571} INFO - 25/05/07 02:26:23 INFO BlockManagerMasterEndpoint: BlockManagerMasterEndpoint up
[2025-05-07T02:26:23.513+0000] {spark_submit.py:571} INFO - 25/05/07 02:26:23 INFO SparkEnv: Registering BlockManagerMasterHeartbeat
[2025-05-07T02:26:23.533+0000] {spark_submit.py:571} INFO - 25/05/07 02:26:23 INFO DiskBlockManager: Created local directory at /tmp/blockmgr-70e542f2-3b44-4f38-b898-1d629909b6b5
[2025-05-07T02:26:23.549+0000] {spark_submit.py:571} INFO - 25/05/07 02:26:23 INFO MemoryStore: MemoryStore started with capacity 434.4 MiB
[2025-05-07T02:26:23.561+0000] {spark_submit.py:571} INFO - 25/05/07 02:26:23 INFO SparkEnv: Registering OutputCommitCoordinator
[2025-05-07T02:26:23.721+0000] {spark_submit.py:571} INFO - 25/05/07 02:26:23 INFO Utils: Successfully started service 'SparkUI' on port 4040.
[2025-05-07T02:26:23.768+0000] {spark_submit.py:571} INFO - 25/05/07 02:26:23 INFO SparkUI: Bound SparkUI to 0.0.0.0, and started at http://5c5d1775d94e:4040
[2025-05-07T02:26:23.779+0000] {spark_submit.py:571} INFO - 25/05/07 02:26:23 INFO SparkContext: Added JAR file:///home/airflow/.ivy2/jars/org.postgresql_postgresql-42.6.0.jar at spark://5c5d1775d94e:44379/jars/org.postgresql_postgresql-42.6.0.jar with timestamp 1746584783080
[2025-05-07T02:26:23.779+0000] {spark_submit.py:571} INFO - 25/05/07 02:26:23 INFO SparkContext: Added JAR file:///home/airflow/.ivy2/jars/graphframes_graphframes-0.8.2-spark3.2-s_2.12.jar at spark://5c5d1775d94e:44379/jars/graphframes_graphframes-0.8.2-spark3.2-s_2.12.jar with timestamp 1746584783080
[2025-05-07T02:26:23.779+0000] {spark_submit.py:571} INFO - 25/05/07 02:26:23 INFO SparkContext: Added JAR file:///home/airflow/.ivy2/jars/org.checkerframework_checker-qual-3.31.0.jar at spark://5c5d1775d94e:44379/jars/org.checkerframework_checker-qual-3.31.0.jar with timestamp 1746584783080
[2025-05-07T02:26:23.780+0000] {spark_submit.py:571} INFO - 25/05/07 02:26:23 INFO SparkContext: Added JAR file:///home/airflow/.ivy2/jars/org.slf4j_slf4j-api-1.7.16.jar at spark://5c5d1775d94e:44379/jars/org.slf4j_slf4j-api-1.7.16.jar with timestamp 1746584783080
[2025-05-07T02:26:23.781+0000] {spark_submit.py:571} INFO - 25/05/07 02:26:23 INFO SparkContext: Added file file:///home/airflow/.ivy2/jars/org.postgresql_postgresql-42.6.0.jar at spark://5c5d1775d94e:44379/files/org.postgresql_postgresql-42.6.0.jar with timestamp 1746584783080
[2025-05-07T02:26:23.782+0000] {spark_submit.py:571} INFO - 25/05/07 02:26:23 INFO Utils: Copying /home/airflow/.ivy2/jars/org.postgresql_postgresql-42.6.0.jar to /tmp/spark-6ecf554b-449b-4e3b-be40-8ac5e32636e7/userFiles-39b46db0-76c5-45e9-a551-c04383e011a9/org.postgresql_postgresql-42.6.0.jar
[2025-05-07T02:26:23.794+0000] {spark_submit.py:571} INFO - 25/05/07 02:26:23 INFO SparkContext: Added file file:///home/airflow/.ivy2/jars/graphframes_graphframes-0.8.2-spark3.2-s_2.12.jar at spark://5c5d1775d94e:44379/files/graphframes_graphframes-0.8.2-spark3.2-s_2.12.jar with timestamp 1746584783080
[2025-05-07T02:26:23.794+0000] {spark_submit.py:571} INFO - 25/05/07 02:26:23 INFO Utils: Copying /home/airflow/.ivy2/jars/graphframes_graphframes-0.8.2-spark3.2-s_2.12.jar to /tmp/spark-6ecf554b-449b-4e3b-be40-8ac5e32636e7/userFiles-39b46db0-76c5-45e9-a551-c04383e011a9/graphframes_graphframes-0.8.2-spark3.2-s_2.12.jar
[2025-05-07T02:26:23.798+0000] {spark_submit.py:571} INFO - 25/05/07 02:26:23 INFO SparkContext: Added file file:///home/airflow/.ivy2/jars/org.checkerframework_checker-qual-3.31.0.jar at spark://5c5d1775d94e:44379/files/org.checkerframework_checker-qual-3.31.0.jar with timestamp 1746584783080
[2025-05-07T02:26:23.798+0000] {spark_submit.py:571} INFO - 25/05/07 02:26:23 INFO Utils: Copying /home/airflow/.ivy2/jars/org.checkerframework_checker-qual-3.31.0.jar to /tmp/spark-6ecf554b-449b-4e3b-be40-8ac5e32636e7/userFiles-39b46db0-76c5-45e9-a551-c04383e011a9/org.checkerframework_checker-qual-3.31.0.jar
[2025-05-07T02:26:23.801+0000] {spark_submit.py:571} INFO - 25/05/07 02:26:23 INFO SparkContext: Added file file:///home/airflow/.ivy2/jars/org.slf4j_slf4j-api-1.7.16.jar at spark://5c5d1775d94e:44379/files/org.slf4j_slf4j-api-1.7.16.jar with timestamp 1746584783080
[2025-05-07T02:26:23.801+0000] {spark_submit.py:571} INFO - 25/05/07 02:26:23 INFO Utils: Copying /home/airflow/.ivy2/jars/org.slf4j_slf4j-api-1.7.16.jar to /tmp/spark-6ecf554b-449b-4e3b-be40-8ac5e32636e7/userFiles-39b46db0-76c5-45e9-a551-c04383e011a9/org.slf4j_slf4j-api-1.7.16.jar
[2025-05-07T02:26:23.966+0000] {spark_submit.py:571} INFO - 25/05/07 02:26:23 INFO StandaloneAppClient$ClientEndpoint: Connecting to master spark://spark-master:7077...
[2025-05-07T02:26:24.008+0000] {spark_submit.py:571} INFO - 25/05/07 02:26:24 INFO TransportClientFactory: Successfully created connection to spark-master/172.20.0.3:7077 after 24 ms (0 ms spent in bootstraps)
[2025-05-07T02:26:24.536+0000] {spark_submit.py:571} INFO - 25/05/07 02:26:24 INFO StandaloneSchedulerBackend: Connected to Spark cluster with app ID app-20250507022624-0000
[2025-05-07T02:26:24.543+0000] {spark_submit.py:571} INFO - 25/05/07 02:26:24 INFO Utils: Successfully started service 'org.apache.spark.network.netty.NettyBlockTransferService' on port 42943.
[2025-05-07T02:26:24.544+0000] {spark_submit.py:571} INFO - 25/05/07 02:26:24 INFO NettyBlockTransferService: Server created on 5c5d1775d94e:42943
[2025-05-07T02:26:24.546+0000] {spark_submit.py:571} INFO - 25/05/07 02:26:24 INFO BlockManager: Using org.apache.spark.storage.RandomBlockReplicationPolicy for block replication policy
[2025-05-07T02:26:24.551+0000] {spark_submit.py:571} INFO - 25/05/07 02:26:24 INFO BlockManagerMaster: Registering BlockManager BlockManagerId(driver, 5c5d1775d94e, 42943, None)
[2025-05-07T02:26:24.554+0000] {spark_submit.py:571} INFO - 25/05/07 02:26:24 INFO BlockManagerMasterEndpoint: Registering block manager 5c5d1775d94e:42943 with 434.4 MiB RAM, BlockManagerId(driver, 5c5d1775d94e, 42943, None)
[2025-05-07T02:26:24.556+0000] {spark_submit.py:571} INFO - 25/05/07 02:26:24 INFO BlockManagerMaster: Registered BlockManager BlockManagerId(driver, 5c5d1775d94e, 42943, None)
[2025-05-07T02:26:24.557+0000] {spark_submit.py:571} INFO - 25/05/07 02:26:24 INFO BlockManager: Initialized BlockManager: BlockManagerId(driver, 5c5d1775d94e, 42943, None)
[2025-05-07T02:26:24.635+0000] {spark_submit.py:571} INFO - 25/05/07 02:26:24 INFO StandaloneAppClient$ClientEndpoint: Executor added: app-20250507022624-0000/0 on worker-20250506210741-172.20.0.5-46203 (172.20.0.5:46203) with 1 core(s)
[2025-05-07T02:26:24.637+0000] {spark_submit.py:571} INFO - 25/05/07 02:26:24 INFO StandaloneSchedulerBackend: Granted executor ID app-20250507022624-0000/0 on hostPort 172.20.0.5:46203 with 1 core(s), 1024.0 MiB RAM
[2025-05-07T02:26:24.715+0000] {spark_submit.py:571} INFO - 25/05/07 02:26:24 INFO StandaloneSchedulerBackend: SchedulerBackend is ready for scheduling beginning after reached minRegisteredResourcesRatio: 0.0
[2025-05-07T02:26:24.884+0000] {spark_submit.py:571} INFO - 25/05/07 02:26:24 INFO SharedState: Setting hive.metastore.warehouse.dir ('null') to the value of spark.sql.warehouse.dir.
[2025-05-07T02:26:24.885+0000] {spark_submit.py:571} INFO - 25/05/07 02:26:24 INFO SharedState: Warehouse path is 'file:/opt/airflow/spark-warehouse'.
[2025-05-07T02:26:25.534+0000] {spark_submit.py:571} INFO - 2025-05-07 02:26:25,533 [INFO] SparkSession создана
[2025-05-07T02:26:25.534+0000] {spark_submit.py:571} INFO - 2025-05-07 02:26:25,534 [INFO] Загружаем клиентов и транзакции
[2025-05-07T02:26:25.622+0000] {spark_submit.py:571} INFO - 25/05/07 02:26:25 INFO StandaloneAppClient$ClientEndpoint: Executor updated: app-20250507022624-0000/0 is now RUNNING
[2025-05-07T02:26:28.663+0000] {spark_submit.py:571} INFO - 25/05/07 02:26:28 INFO CodeGenerator: Code generated in 179.802911 ms
[2025-05-07T02:26:28.707+0000] {spark_submit.py:571} INFO - 25/05/07 02:26:28 INFO CoarseGrainedSchedulerBackend$DriverEndpoint: Registered executor NettyRpcEndpointRef(spark-client://Executor) (172.20.0.5:51614) with ID 0,  ResourceProfileId 0
[2025-05-07T02:26:28.745+0000] {spark_submit.py:571} INFO - 25/05/07 02:26:28 INFO DAGScheduler: Registering RDD 2 (count at NativeMethodAccessorImpl.java:0) as input to shuffle 0
[2025-05-07T02:26:28.750+0000] {spark_submit.py:571} INFO - 25/05/07 02:26:28 INFO DAGScheduler: Got map stage job 0 (count at NativeMethodAccessorImpl.java:0) with 1 output partitions
[2025-05-07T02:26:28.750+0000] {spark_submit.py:571} INFO - 25/05/07 02:26:28 INFO DAGScheduler: Final stage: ShuffleMapStage 0 (count at NativeMethodAccessorImpl.java:0)
[2025-05-07T02:26:28.751+0000] {spark_submit.py:571} INFO - 25/05/07 02:26:28 INFO DAGScheduler: Parents of final stage: List()
[2025-05-07T02:26:28.751+0000] {spark_submit.py:571} INFO - 25/05/07 02:26:28 INFO DAGScheduler: Missing parents: List()
[2025-05-07T02:26:28.754+0000] {spark_submit.py:571} INFO - 25/05/07 02:26:28 INFO DAGScheduler: Submitting ShuffleMapStage 0 (MapPartitionsRDD[2] at count at NativeMethodAccessorImpl.java:0), which has no missing parents
[2025-05-07T02:26:28.900+0000] {spark_submit.py:571} INFO - 25/05/07 02:26:28 INFO BlockManagerMasterEndpoint: Registering block manager 172.20.0.5:38229 with 434.4 MiB RAM, BlockManagerId(0, 172.20.0.5, 38229, None)
[2025-05-07T02:26:28.918+0000] {spark_submit.py:571} INFO - 25/05/07 02:26:28 INFO MemoryStore: Block broadcast_0 stored as values in memory (estimated size 12.9 KiB, free 434.4 MiB)
[2025-05-07T02:26:28.966+0000] {spark_submit.py:571} INFO - 25/05/07 02:26:28 INFO MemoryStore: Block broadcast_0_piece0 stored as bytes in memory (estimated size 6.8 KiB, free 434.4 MiB)
[2025-05-07T02:26:28.970+0000] {spark_submit.py:571} INFO - 25/05/07 02:26:28 INFO BlockManagerInfo: Added broadcast_0_piece0 in memory on 5c5d1775d94e:42943 (size: 6.8 KiB, free: 434.4 MiB)
[2025-05-07T02:26:28.980+0000] {spark_submit.py:571} INFO - 25/05/07 02:26:28 INFO SparkContext: Created broadcast 0 from broadcast at DAGScheduler.scala:1474
[2025-05-07T02:26:28.998+0000] {spark_submit.py:571} INFO - 25/05/07 02:26:28 INFO DAGScheduler: Submitting 1 missing tasks from ShuffleMapStage 0 (MapPartitionsRDD[2] at count at NativeMethodAccessorImpl.java:0) (first 15 tasks are for partitions Vector(0))
[2025-05-07T02:26:28.999+0000] {spark_submit.py:571} INFO - 25/05/07 02:26:28 INFO TaskSchedulerImpl: Adding task set 0.0 with 1 tasks resource profile 0
[2025-05-07T02:26:29.096+0000] {spark_submit.py:571} INFO - 25/05/07 02:26:29 INFO TaskSetManager: Starting task 0.0 in stage 0.0 (TID 0) (172.20.0.5, executor 0, partition 0, PROCESS_LOCAL, 4292 bytes) taskResourceAssignments Map()
[2025-05-07T02:26:29.284+0000] {spark_submit.py:571} INFO - 25/05/07 02:26:29 INFO BlockManagerInfo: Added broadcast_0_piece0 in memory on 172.20.0.5:38229 (size: 6.8 KiB, free: 434.4 MiB)
[2025-05-07T02:26:30.202+0000] {spark_submit.py:571} INFO - 25/05/07 02:26:30 INFO TaskSetManager: Finished task 0.0 in stage 0.0 (TID 0) in 1113 ms on 172.20.0.5 (executor 0) (1/1)
[2025-05-07T02:26:30.203+0000] {spark_submit.py:571} INFO - 25/05/07 02:26:30 INFO TaskSchedulerImpl: Removed TaskSet 0.0, whose tasks have all completed, from pool
[2025-05-07T02:26:30.209+0000] {spark_submit.py:571} INFO - 25/05/07 02:26:30 INFO DAGScheduler: ShuffleMapStage 0 (count at NativeMethodAccessorImpl.java:0) finished in 1.442 s
[2025-05-07T02:26:30.210+0000] {spark_submit.py:571} INFO - 25/05/07 02:26:30 INFO DAGScheduler: looking for newly runnable stages
[2025-05-07T02:26:30.210+0000] {spark_submit.py:571} INFO - 25/05/07 02:26:30 INFO DAGScheduler: running: Set()
[2025-05-07T02:26:30.211+0000] {spark_submit.py:571} INFO - 25/05/07 02:26:30 INFO DAGScheduler: waiting: Set()
[2025-05-07T02:26:30.211+0000] {spark_submit.py:571} INFO - 25/05/07 02:26:30 INFO DAGScheduler: failed: Set()
[2025-05-07T02:26:30.249+0000] {spark_submit.py:571} INFO - 25/05/07 02:26:30 INFO CodeGenerator: Code generated in 13.293167 ms
[2025-05-07T02:26:30.280+0000] {spark_submit.py:571} INFO - 25/05/07 02:26:30 INFO SparkContext: Starting job: count at NativeMethodAccessorImpl.java:0
[2025-05-07T02:26:30.283+0000] {spark_submit.py:571} INFO - 25/05/07 02:26:30 INFO DAGScheduler: Got job 1 (count at NativeMethodAccessorImpl.java:0) with 1 output partitions
[2025-05-07T02:26:30.283+0000] {spark_submit.py:571} INFO - 25/05/07 02:26:30 INFO DAGScheduler: Final stage: ResultStage 2 (count at NativeMethodAccessorImpl.java:0)
[2025-05-07T02:26:30.284+0000] {spark_submit.py:571} INFO - 25/05/07 02:26:30 INFO DAGScheduler: Parents of final stage: List(ShuffleMapStage 1)
[2025-05-07T02:26:30.284+0000] {spark_submit.py:571} INFO - 25/05/07 02:26:30 INFO DAGScheduler: Missing parents: List()
[2025-05-07T02:26:30.286+0000] {spark_submit.py:571} INFO - 25/05/07 02:26:30 INFO DAGScheduler: Submitting ResultStage 2 (MapPartitionsRDD[5] at count at NativeMethodAccessorImpl.java:0), which has no missing parents
[2025-05-07T02:26:30.294+0000] {spark_submit.py:571} INFO - 25/05/07 02:26:30 INFO MemoryStore: Block broadcast_1 stored as values in memory (estimated size 11.0 KiB, free 434.4 MiB)
[2025-05-07T02:26:30.297+0000] {spark_submit.py:571} INFO - 25/05/07 02:26:30 INFO MemoryStore: Block broadcast_1_piece0 stored as bytes in memory (estimated size 5.5 KiB, free 434.4 MiB)
[2025-05-07T02:26:30.297+0000] {spark_submit.py:571} INFO - 25/05/07 02:26:30 INFO BlockManagerInfo: Added broadcast_1_piece0 in memory on 5c5d1775d94e:42943 (size: 5.5 KiB, free: 434.4 MiB)
[2025-05-07T02:26:30.298+0000] {spark_submit.py:571} INFO - 25/05/07 02:26:30 INFO SparkContext: Created broadcast 1 from broadcast at DAGScheduler.scala:1474
[2025-05-07T02:26:30.299+0000] {spark_submit.py:571} INFO - 25/05/07 02:26:30 INFO DAGScheduler: Submitting 1 missing tasks from ResultStage 2 (MapPartitionsRDD[5] at count at NativeMethodAccessorImpl.java:0) (first 15 tasks are for partitions Vector(0))
[2025-05-07T02:26:30.299+0000] {spark_submit.py:571} INFO - 25/05/07 02:26:30 INFO TaskSchedulerImpl: Adding task set 2.0 with 1 tasks resource profile 0
[2025-05-07T02:26:30.304+0000] {spark_submit.py:571} INFO - 25/05/07 02:26:30 INFO TaskSetManager: Starting task 0.0 in stage 2.0 (TID 1) (172.20.0.5, executor 0, partition 0, NODE_LOCAL, 4457 bytes) taskResourceAssignments Map()
[2025-05-07T02:26:30.325+0000] {spark_submit.py:571} INFO - 25/05/07 02:26:30 INFO BlockManagerInfo: Added broadcast_1_piece0 in memory on 172.20.0.5:38229 (size: 5.5 KiB, free: 434.4 MiB)
[2025-05-07T02:26:30.386+0000] {spark_submit.py:571} INFO - 25/05/07 02:26:30 INFO MapOutputTrackerMasterEndpoint: Asked to send map output locations for shuffle 0 to 172.20.0.5:51614
[2025-05-07T02:26:30.416+0000] {spark_submit.py:571} INFO - 25/05/07 02:26:30 INFO BlockManagerInfo: Removed broadcast_0_piece0 on 5c5d1775d94e:42943 in memory (size: 6.8 KiB, free: 434.4 MiB)
[2025-05-07T02:26:30.435+0000] {spark_submit.py:571} INFO - 25/05/07 02:26:30 INFO BlockManagerInfo: Removed broadcast_0_piece0 on 172.20.0.5:38229 in memory (size: 6.8 KiB, free: 434.4 MiB)
[2025-05-07T02:26:30.483+0000] {spark_submit.py:571} INFO - 25/05/07 02:26:30 INFO TaskSetManager: Finished task 0.0 in stage 2.0 (TID 1) in 181 ms on 172.20.0.5 (executor 0) (1/1)
[2025-05-07T02:26:30.483+0000] {spark_submit.py:571} INFO - 25/05/07 02:26:30 INFO TaskSchedulerImpl: Removed TaskSet 2.0, whose tasks have all completed, from pool
[2025-05-07T02:26:30.484+0000] {spark_submit.py:571} INFO - 25/05/07 02:26:30 INFO DAGScheduler: ResultStage 2 (count at NativeMethodAccessorImpl.java:0) finished in 0.192 s
[2025-05-07T02:26:30.485+0000] {spark_submit.py:571} INFO - 25/05/07 02:26:30 INFO DAGScheduler: Job 1 is finished. Cancelling potential speculative or zombie tasks for this job
[2025-05-07T02:26:30.485+0000] {spark_submit.py:571} INFO - 25/05/07 02:26:30 INFO TaskSchedulerImpl: Killing all running tasks in stage 2: Stage finished
[2025-05-07T02:26:30.487+0000] {spark_submit.py:571} INFO - 25/05/07 02:26:30 INFO DAGScheduler: Job 1 finished: count at NativeMethodAccessorImpl.java:0, took 0.206709 s
[2025-05-07T02:26:30.527+0000] {spark_submit.py:571} INFO - 25/05/07 02:26:30 INFO DAGScheduler: Registering RDD 8 (count at NativeMethodAccessorImpl.java:0) as input to shuffle 1
[2025-05-07T02:26:30.527+0000] {spark_submit.py:571} INFO - 25/05/07 02:26:30 INFO DAGScheduler: Got map stage job 2 (count at NativeMethodAccessorImpl.java:0) with 1 output partitions
[2025-05-07T02:26:30.527+0000] {spark_submit.py:571} INFO - 25/05/07 02:26:30 INFO DAGScheduler: Final stage: ShuffleMapStage 3 (count at NativeMethodAccessorImpl.java:0)
[2025-05-07T02:26:30.527+0000] {spark_submit.py:571} INFO - 25/05/07 02:26:30 INFO DAGScheduler: Parents of final stage: List()
[2025-05-07T02:26:30.527+0000] {spark_submit.py:571} INFO - 25/05/07 02:26:30 INFO DAGScheduler: Missing parents: List()
[2025-05-07T02:26:30.528+0000] {spark_submit.py:571} INFO - 25/05/07 02:26:30 INFO DAGScheduler: Submitting ShuffleMapStage 3 (MapPartitionsRDD[8] at count at NativeMethodAccessorImpl.java:0), which has no missing parents
[2025-05-07T02:26:30.531+0000] {spark_submit.py:571} INFO - 25/05/07 02:26:30 INFO MemoryStore: Block broadcast_2 stored as values in memory (estimated size 12.9 KiB, free 434.4 MiB)
[2025-05-07T02:26:30.533+0000] {spark_submit.py:571} INFO - 25/05/07 02:26:30 INFO MemoryStore: Block broadcast_2_piece0 stored as bytes in memory (estimated size 6.8 KiB, free 434.4 MiB)
[2025-05-07T02:26:30.534+0000] {spark_submit.py:571} INFO - 25/05/07 02:26:30 INFO BlockManagerInfo: Added broadcast_2_piece0 in memory on 5c5d1775d94e:42943 (size: 6.8 KiB, free: 434.4 MiB)
[2025-05-07T02:26:30.535+0000] {spark_submit.py:571} INFO - 25/05/07 02:26:30 INFO SparkContext: Created broadcast 2 from broadcast at DAGScheduler.scala:1474
[2025-05-07T02:26:30.535+0000] {spark_submit.py:571} INFO - 25/05/07 02:26:30 INFO DAGScheduler: Submitting 1 missing tasks from ShuffleMapStage 3 (MapPartitionsRDD[8] at count at NativeMethodAccessorImpl.java:0) (first 15 tasks are for partitions Vector(0))
[2025-05-07T02:26:30.535+0000] {spark_submit.py:571} INFO - 25/05/07 02:26:30 INFO TaskSchedulerImpl: Adding task set 3.0 with 1 tasks resource profile 0
[2025-05-07T02:26:30.536+0000] {spark_submit.py:571} INFO - 25/05/07 02:26:30 INFO TaskSetManager: Starting task 0.0 in stage 3.0 (TID 2) (172.20.0.5, executor 0, partition 0, PROCESS_LOCAL, 4292 bytes) taskResourceAssignments Map()
[2025-05-07T02:26:30.550+0000] {spark_submit.py:571} INFO - 25/05/07 02:26:30 INFO BlockManagerInfo: Added broadcast_2_piece0 in memory on 172.20.0.5:38229 (size: 6.8 KiB, free: 434.4 MiB)
[2025-05-07T02:26:30.589+0000] {spark_submit.py:571} INFO - 25/05/07 02:26:30 INFO TaskSetManager: Finished task 0.0 in stage 3.0 (TID 2) in 53 ms on 172.20.0.5 (executor 0) (1/1)
[2025-05-07T02:26:30.590+0000] {spark_submit.py:571} INFO - 25/05/07 02:26:30 INFO TaskSchedulerImpl: Removed TaskSet 3.0, whose tasks have all completed, from pool
[2025-05-07T02:26:30.591+0000] {spark_submit.py:571} INFO - 25/05/07 02:26:30 INFO DAGScheduler: ShuffleMapStage 3 (count at NativeMethodAccessorImpl.java:0) finished in 0.061 s
[2025-05-07T02:26:30.592+0000] {spark_submit.py:571} INFO - 25/05/07 02:26:30 INFO DAGScheduler: looking for newly runnable stages
[2025-05-07T02:26:30.592+0000] {spark_submit.py:571} INFO - 25/05/07 02:26:30 INFO DAGScheduler: running: Set()
[2025-05-07T02:26:30.593+0000] {spark_submit.py:571} INFO - 25/05/07 02:26:30 INFO DAGScheduler: waiting: Set()
[2025-05-07T02:26:30.593+0000] {spark_submit.py:571} INFO - 25/05/07 02:26:30 INFO DAGScheduler: failed: Set()
[2025-05-07T02:26:30.623+0000] {spark_submit.py:571} INFO - 25/05/07 02:26:30 INFO SparkContext: Starting job: count at NativeMethodAccessorImpl.java:0
[2025-05-07T02:26:30.625+0000] {spark_submit.py:571} INFO - 25/05/07 02:26:30 INFO DAGScheduler: Got job 3 (count at NativeMethodAccessorImpl.java:0) with 1 output partitions
[2025-05-07T02:26:30.626+0000] {spark_submit.py:571} INFO - 25/05/07 02:26:30 INFO DAGScheduler: Final stage: ResultStage 5 (count at NativeMethodAccessorImpl.java:0)
[2025-05-07T02:26:30.627+0000] {spark_submit.py:571} INFO - 25/05/07 02:26:30 INFO DAGScheduler: Parents of final stage: List(ShuffleMapStage 4)
[2025-05-07T02:26:30.628+0000] {spark_submit.py:571} INFO - 25/05/07 02:26:30 INFO DAGScheduler: Missing parents: List()
[2025-05-07T02:26:30.628+0000] {spark_submit.py:571} INFO - 25/05/07 02:26:30 INFO DAGScheduler: Submitting ResultStage 5 (MapPartitionsRDD[11] at count at NativeMethodAccessorImpl.java:0), which has no missing parents
[2025-05-07T02:26:30.635+0000] {spark_submit.py:571} INFO - 25/05/07 02:26:30 INFO MemoryStore: Block broadcast_3 stored as values in memory (estimated size 11.0 KiB, free 434.4 MiB)
[2025-05-07T02:26:30.646+0000] {spark_submit.py:571} INFO - 25/05/07 02:26:30 INFO MemoryStore: Block broadcast_3_piece0 stored as bytes in memory (estimated size 5.5 KiB, free 434.3 MiB)
[2025-05-07T02:26:30.649+0000] {spark_submit.py:571} INFO - 25/05/07 02:26:30 INFO BlockManagerInfo: Added broadcast_3_piece0 in memory on 5c5d1775d94e:42943 (size: 5.5 KiB, free: 434.4 MiB)
[2025-05-07T02:26:30.651+0000] {spark_submit.py:571} INFO - 25/05/07 02:26:30 INFO SparkContext: Created broadcast 3 from broadcast at DAGScheduler.scala:1474
[2025-05-07T02:26:30.652+0000] {spark_submit.py:571} INFO - 25/05/07 02:26:30 INFO DAGScheduler: Submitting 1 missing tasks from ResultStage 5 (MapPartitionsRDD[11] at count at NativeMethodAccessorImpl.java:0) (first 15 tasks are for partitions Vector(0))
[2025-05-07T02:26:30.654+0000] {spark_submit.py:571} INFO - 25/05/07 02:26:30 INFO TaskSchedulerImpl: Adding task set 5.0 with 1 tasks resource profile 0
[2025-05-07T02:26:30.656+0000] {spark_submit.py:571} INFO - 25/05/07 02:26:30 INFO TaskSetManager: Starting task 0.0 in stage 5.0 (TID 3) (172.20.0.5, executor 0, partition 0, NODE_LOCAL, 4457 bytes) taskResourceAssignments Map()
[2025-05-07T02:26:30.661+0000] {spark_submit.py:571} INFO - 25/05/07 02:26:30 INFO BlockManagerInfo: Removed broadcast_2_piece0 on 5c5d1775d94e:42943 in memory (size: 6.8 KiB, free: 434.4 MiB)
[2025-05-07T02:26:30.664+0000] {spark_submit.py:571} INFO - 25/05/07 02:26:30 INFO BlockManagerInfo: Removed broadcast_2_piece0 on 172.20.0.5:38229 in memory (size: 6.8 KiB, free: 434.4 MiB)
[2025-05-07T02:26:30.684+0000] {spark_submit.py:571} INFO - 25/05/07 02:26:30 INFO BlockManagerInfo: Added broadcast_3_piece0 in memory on 172.20.0.5:38229 (size: 5.5 KiB, free: 434.4 MiB)
[2025-05-07T02:26:30.689+0000] {spark_submit.py:571} INFO - 25/05/07 02:26:30 INFO BlockManagerInfo: Removed broadcast_1_piece0 on 5c5d1775d94e:42943 in memory (size: 5.5 KiB, free: 434.4 MiB)
[2025-05-07T02:26:30.699+0000] {spark_submit.py:571} INFO - 25/05/07 02:26:30 INFO BlockManagerInfo: Removed broadcast_1_piece0 on 172.20.0.5:38229 in memory (size: 5.5 KiB, free: 434.4 MiB)
[2025-05-07T02:26:30.700+0000] {spark_submit.py:571} INFO - 25/05/07 02:26:30 INFO MapOutputTrackerMasterEndpoint: Asked to send map output locations for shuffle 1 to 172.20.0.5:51614
[2025-05-07T02:26:30.716+0000] {spark_submit.py:571} INFO - 25/05/07 02:26:30 INFO TaskSetManager: Finished task 0.0 in stage 5.0 (TID 3) in 61 ms on 172.20.0.5 (executor 0) (1/1)
[2025-05-07T02:26:30.717+0000] {spark_submit.py:571} INFO - 25/05/07 02:26:30 INFO TaskSchedulerImpl: Removed TaskSet 5.0, whose tasks have all completed, from pool
[2025-05-07T02:26:30.717+0000] {spark_submit.py:571} INFO - 25/05/07 02:26:30 INFO DAGScheduler: ResultStage 5 (count at NativeMethodAccessorImpl.java:0) finished in 0.088 s
[2025-05-07T02:26:30.717+0000] {spark_submit.py:571} INFO - 25/05/07 02:26:30 INFO DAGScheduler: Job 3 is finished. Cancelling potential speculative or zombie tasks for this job
[2025-05-07T02:26:30.718+0000] {spark_submit.py:571} INFO - 25/05/07 02:26:30 INFO TaskSchedulerImpl: Killing all running tasks in stage 5: Stage finished
[2025-05-07T02:26:30.718+0000] {spark_submit.py:571} INFO - 25/05/07 02:26:30 INFO DAGScheduler: Job 3 finished: count at NativeMethodAccessorImpl.java:0, took 0.093823 s
[2025-05-07T02:26:30.720+0000] {spark_submit.py:571} INFO - 2025-05-07 02:26:30,719 [INFO] Загружено 4652 транзакций и 1200 клиентов
[2025-05-07T02:26:30.892+0000] {spark_submit.py:571} INFO - 2025-05-07 02:26:30,892 [INFO] Создаем вершины двудольного графа
[2025-05-07T02:26:31.335+0000] {spark_submit.py:571} INFO - 25/05/07 02:26:31 INFO BlockManagerInfo: Removed broadcast_3_piece0 on 5c5d1775d94e:42943 in memory (size: 5.5 KiB, free: 434.4 MiB)
[2025-05-07T02:26:31.339+0000] {spark_submit.py:571} INFO - 25/05/07 02:26:31 INFO BlockManagerInfo: Removed broadcast_3_piece0 on 172.20.0.5:38229 in memory (size: 5.5 KiB, free: 434.4 MiB)
[2025-05-07T02:26:31.744+0000] {spark_submit.py:571} INFO - 2025-05-07 02:26:31,689 [ERROR] Ошибка при обработке транзакционного графа: Union can only be performed on tables with the same number of columns, but the first table has 4 columns and the 6th table has 5 columns;
[2025-05-07T02:26:31.745+0000] {spark_submit.py:571} INFO - 'Union false, false
[2025-05-07T02:26:31.745+0000] {spark_submit.py:571} INFO - :- Project [src#142, dst#143, relationship#156, 1.0 AS weight#160]
[2025-05-07T02:26:31.745+0000] {spark_submit.py:571} INFO - :  +- Project [src#142, dst#143, share_m AS relationship#156]
[2025-05-07T02:26:31.745+0000] {spark_submit.py:571} INFO - :     +- Project [src#142, dst#143]
[2025-05-07T02:26:31.745+0000] {spark_submit.py:571} INFO - :        +- Filter isnotnull(merchant#114)
[2025-05-07T02:26:31.745+0000] {spark_submit.py:571} INFO - :           +- Project [client_id#15 AS src#142, concat(m:, merchant#114) AS dst#143, merchant#114]
[2025-05-07T02:26:31.746+0000] {spark_submit.py:571} INFO - :              +- Project [transaction_id#14, client_id#15, datetime#16, amount#17, currency#18, coalesce(merchant#19, cast(no_merchant as string)) AS merchant#114, transaction_type#20, category#21, country_code#22, region#23, coalesce(device_type#24, cast(unknown as string)) AS device_type#115, session_id#25, channel#26, transaction_purpose#27, ip_network#28, recipient_id_hash#29, dt_30#79]
[2025-05-07T02:26:31.746+0000] {spark_submit.py:571} INFO - :                 +- Project [transaction_id#14, client_id#15, datetime#16, amount#17, currency#18, merchant#19, transaction_type#20, category#21, country_code#22, region#23, device_type#24, session_id#25, channel#26, transaction_purpose#27, ip_network#28, recipient_id_hash#29, cast(date_trunc(minute, datetime#16, Some(Etc/UTC)) as timestamp) AS dt_30#79]
[2025-05-07T02:26:31.746+0000] {spark_submit.py:571} INFO - :                    +- Relation [transaction_id#14,client_id#15,datetime#16,amount#17,currency#18,merchant#19,transaction_type#20,category#21,country_code#22,region#23,device_type#24,session_id#25,channel#26,transaction_purpose#27,ip_network#28,recipient_id_hash#29] JDBCRelation(raw.masked_transactions) [numPartitions=1]
[2025-05-07T02:26:31.746+0000] {spark_submit.py:571} INFO - :- Project [src#165, dst#166, relationship#179, 0.5 AS weight#183]
[2025-05-07T02:26:31.746+0000] {spark_submit.py:571} INFO - :  +- Project [src#165, dst#166, share_sess AS relationship#179]
[2025-05-07T02:26:31.746+0000] {spark_submit.py:571} INFO - :     +- Project [src#165, dst#166]
[2025-05-07T02:26:31.746+0000] {spark_submit.py:571} INFO - :        +- Filter isnotnull(session_id#392)
[2025-05-07T02:26:31.747+0000] {spark_submit.py:571} INFO - :           +- Project [client_id#382 AS src#165, concat(sess:, session_id#392) AS dst#166, session_id#392]
[2025-05-07T02:26:31.747+0000] {spark_submit.py:571} INFO - :              +- Project [transaction_id#381, client_id#382, datetime#383, amount#384, currency#385, coalesce(merchant#386, cast(no_merchant as string)) AS merchant#114, transaction_type#387, category#388, country_code#389, region#390, coalesce(device_type#391, cast(unknown as string)) AS device_type#115, session_id#392, channel#393, transaction_purpose#394, ip_network#395, recipient_id_hash#396, dt_30#79]
[2025-05-07T02:26:31.747+0000] {spark_submit.py:571} INFO - :                 +- Project [transaction_id#381, client_id#382, datetime#383, amount#384, currency#385, merchant#386, transaction_type#387, category#388, country_code#389, region#390, device_type#391, session_id#392, channel#393, transaction_purpose#394, ip_network#395, recipient_id_hash#396, cast(date_trunc(minute, datetime#383, Some(Etc/UTC)) as timestamp) AS dt_30#79]
[2025-05-07T02:26:31.747+0000] {spark_submit.py:571} INFO - :                    +- Relation [transaction_id#381,client_id#382,datetime#383,amount#384,currency#385,merchant#386,transaction_type#387,category#388,country_code#389,region#390,device_type#391,session_id#392,channel#393,transaction_purpose#394,ip_network#395,recipient_id_hash#396] JDBCRelation(raw.masked_transactions) [numPartitions=1]
[2025-05-07T02:26:31.747+0000] {spark_submit.py:571} INFO - :- Project [src#188, dst#189, relationship#202, 0.7 AS weight#206]
[2025-05-07T02:26:31.747+0000] {spark_submit.py:571} INFO - :  +- Project [src#188, dst#189, share_ip AS relationship#202]
[2025-05-07T02:26:31.747+0000] {spark_submit.py:571} INFO - :     +- Project [src#188, dst#189]
[2025-05-07T02:26:31.748+0000] {spark_submit.py:571} INFO - :        +- Filter isnotnull(ip_network#415)
[2025-05-07T02:26:31.748+0000] {spark_submit.py:571} INFO - :           +- Project [client_id#402 AS src#188, concat(ip:, ip_network#415) AS dst#189, ip_network#415]
[2025-05-07T02:26:31.748+0000] {spark_submit.py:571} INFO - :              +- Project [transaction_id#401, client_id#402, datetime#403, amount#404, currency#405, coalesce(merchant#406, cast(no_merchant as string)) AS merchant#114, transaction_type#407, category#408, country_code#409, region#410, coalesce(device_type#411, cast(unknown as string)) AS device_type#115, session_id#412, channel#413, transaction_purpose#414, ip_network#415, recipient_id_hash#416, dt_30#79]
[2025-05-07T02:26:31.748+0000] {spark_submit.py:571} INFO - :                 +- Project [transaction_id#401, client_id#402, datetime#403, amount#404, currency#405, merchant#406, transaction_type#407, category#408, country_code#409, region#410, device_type#411, session_id#412, channel#413, transaction_purpose#414, ip_network#415, recipient_id_hash#416, cast(date_trunc(minute, datetime#403, Some(Etc/UTC)) as timestamp) AS dt_30#79]
[2025-05-07T02:26:31.748+0000] {spark_submit.py:571} INFO - :                    +- Relation [transaction_id#401,client_id#402,datetime#403,amount#404,currency#405,merchant#406,transaction_type#407,category#408,country_code#409,region#410,device_type#411,session_id#412,channel#413,transaction_purpose#414,ip_network#415,recipient_id_hash#416] JDBCRelation(raw.masked_transactions) [numPartitions=1]
[2025-05-07T02:26:31.748+0000] {spark_submit.py:571} INFO - :- Project [src#211, dst#212, relationship#225, 0.3 AS weight#229]
[2025-05-07T02:26:31.748+0000] {spark_submit.py:571} INFO - :  +- Project [src#211, dst#212, share_dev AS relationship#225]
[2025-05-07T02:26:31.748+0000] {spark_submit.py:571} INFO - :     +- Project [src#211, dst#212]
[2025-05-07T02:26:31.749+0000] {spark_submit.py:571} INFO - :        +- Filter isnotnull(device_type#115)
[2025-05-07T02:26:31.749+0000] {spark_submit.py:571} INFO - :           +- Project [client_id#422 AS src#211, concat(dev:, device_type#115) AS dst#212, device_type#115]
[2025-05-07T02:26:31.749+0000] {spark_submit.py:571} INFO - :              +- Project [transaction_id#421, client_id#422, datetime#423, amount#424, currency#425, coalesce(merchant#426, cast(no_merchant as string)) AS merchant#114, transaction_type#427, category#428, country_code#429, region#430, coalesce(device_type#431, cast(unknown as string)) AS device_type#115, session_id#432, channel#433, transaction_purpose#434, ip_network#435, recipient_id_hash#436, dt_30#79]
[2025-05-07T02:26:31.749+0000] {spark_submit.py:571} INFO - :                 +- Project [transaction_id#421, client_id#422, datetime#423, amount#424, currency#425, merchant#426, transaction_type#427, category#428, country_code#429, region#430, device_type#431, session_id#432, channel#433, transaction_purpose#434, ip_network#435, recipient_id_hash#436, cast(date_trunc(minute, datetime#423, Some(Etc/UTC)) as timestamp) AS dt_30#79]
[2025-05-07T02:26:31.749+0000] {spark_submit.py:571} INFO - :                    +- Relation [transaction_id#421,client_id#422,datetime#423,amount#424,currency#425,merchant#426,transaction_type#427,category#428,country_code#429,region#430,device_type#431,session_id#432,channel#433,transaction_purpose#434,ip_network#435,recipient_id_hash#436] JDBCRelation(raw.masked_transactions) [numPartitions=1]
[2025-05-07T02:26:31.749+0000] {spark_submit.py:571} INFO - :- Project [src#234, dst#235, relationship#248, 0.2 AS weight#252]
[2025-05-07T02:26:31.749+0000] {spark_submit.py:571} INFO - :  +- Project [src#234, dst#235, share_reg AS relationship#248]
[2025-05-07T02:26:31.750+0000] {spark_submit.py:571} INFO - :     +- Project [src#234, dst#235]
[2025-05-07T02:26:31.750+0000] {spark_submit.py:571} INFO - :        +- Filter isnotnull(region#450)
[2025-05-07T02:26:31.750+0000] {spark_submit.py:571} INFO - :           +- Project [client_id#442 AS src#234, concat(reg:, region#450) AS dst#235, region#450]
[2025-05-07T02:26:31.750+0000] {spark_submit.py:571} INFO - :              +- Project [transaction_id#441, client_id#442, datetime#443, amount#444, currency#445, coalesce(merchant#446, cast(no_merchant as string)) AS merchant#114, transaction_type#447, category#448, country_code#449, region#450, coalesce(device_type#451, cast(unknown as string)) AS device_type#115, session_id#452, channel#453, transaction_purpose#454, ip_network#455, recipient_id_hash#456, dt_30#79]
[2025-05-07T02:26:31.750+0000] {spark_submit.py:571} INFO - :                 +- Project [transaction_id#441, client_id#442, datetime#443, amount#444, currency#445, merchant#446, transaction_type#447, category#448, country_code#449, region#450, device_type#451, session_id#452, channel#453, transaction_purpose#454, ip_network#455, recipient_id_hash#456, cast(date_trunc(minute, datetime#443, Some(Etc/UTC)) as timestamp) AS dt_30#79]
[2025-05-07T02:26:31.750+0000] {spark_submit.py:571} INFO - :                    +- Relation [transaction_id#441,client_id#442,datetime#443,amount#444,currency#445,merchant#446,transaction_type#447,category#448,country_code#449,region#450,device_type#451,session_id#452,channel#453,transaction_purpose#454,ip_network#455,recipient_id_hash#456] JDBCRelation(raw.masked_transactions) [numPartitions=1]
[2025-05-07T02:26:31.750+0000] {spark_submit.py:571} INFO - +- Project [src#257, dst#258, transaction_type#467, relationship#272, CASE WHEN (transaction_type#467 = withdrawal) THEN 0.8 ELSE 0.6 END AS weight#277]
[2025-05-07T02:26:31.751+0000] {spark_submit.py:571} INFO - +- Project [src#257, dst#258, transaction_type#467, (cast(transaction_type#467 as double) + cast(_atm as double)) AS relationship#272]
[2025-05-07T02:26:31.751+0000] {spark_submit.py:571} INFO - +- Project [client_id#462 AS src#257, concat(atm:, region#470, :, cast(dt_30#79 as string)) AS dst#258, transaction_type#467]
[2025-05-07T02:26:31.751+0000] {spark_submit.py:571} INFO - +- Filter transaction_type#467 IN (withdrawal,deposit)
[2025-05-07T02:26:31.751+0000] {spark_submit.py:571} INFO - +- Project [transaction_id#461, client_id#462, datetime#463, amount#464, currency#465, coalesce(merchant#466, cast(no_merchant as string)) AS merchant#114, transaction_type#467, category#468, country_code#469, region#470, coalesce(device_type#471, cast(unknown as string)) AS device_type#115, session_id#472, channel#473, transaction_purpose#474, ip_network#475, recipient_id_hash#476, dt_30#79]
[2025-05-07T02:26:31.751+0000] {spark_submit.py:571} INFO - +- Project [transaction_id#461, client_id#462, datetime#463, amount#464, currency#465, merchant#466, transaction_type#467, category#468, country_code#469, region#470, device_type#471, session_id#472, channel#473, transaction_purpose#474, ip_network#475, recipient_id_hash#476, cast(date_trunc(minute, datetime#463, Some(Etc/UTC)) as timestamp) AS dt_30#79]
[2025-05-07T02:26:31.751+0000] {spark_submit.py:571} INFO - +- Relation [transaction_id#461,client_id#462,datetime#463,amount#464,currency#465,merchant#466,transaction_type#467,category#468,country_code#469,region#470,device_type#471,session_id#472,channel#473,transaction_purpose#474,ip_network#475,recipient_id_hash#476] JDBCRelation(raw.masked_transactions) [numPartitions=1]
[2025-05-07T02:26:31.751+0000] {spark_submit.py:571} INFO - Traceback (most recent call last):
[2025-05-07T02:26:31.752+0000] {spark_submit.py:571} INFO - File "/opt/airflow/spark/build_graph.py", line 118, in main
[2025-05-07T02:26:31.752+0000] {spark_submit.py:571} INFO - bipartite_edges = bipartite_edges.union(he)
[2025-05-07T02:26:31.752+0000] {spark_submit.py:571} INFO - File "/opt/spark/python/lib/pyspark.zip/pyspark/sql/dataframe.py", line 1844, in union
[2025-05-07T02:26:31.752+0000] {spark_submit.py:571} INFO - return DataFrame(self._jdf.union(other._jdf), self.sql_ctx)
[2025-05-07T02:26:31.752+0000] {spark_submit.py:571} INFO - File "/opt/spark/python/lib/py4j-0.10.9.5-src.zip/py4j/java_gateway.py", line 1321, in __call__
[2025-05-07T02:26:31.752+0000] {spark_submit.py:571} INFO - return_value = get_return_value(
[2025-05-07T02:26:31.752+0000] {spark_submit.py:571} INFO - File "/opt/spark/python/lib/pyspark.zip/pyspark/sql/utils.py", line 117, in deco
[2025-05-07T02:26:31.753+0000] {spark_submit.py:571} INFO - raise converted from None
[2025-05-07T02:26:31.753+0000] {spark_submit.py:571} INFO - pyspark.sql.utils.AnalysisException: Union can only be performed on tables with the same number of columns, but the first table has 4 columns and the 6th table has 5 columns;
[2025-05-07T02:26:31.753+0000] {spark_submit.py:571} INFO - 'Union false, false
[2025-05-07T02:26:31.753+0000] {spark_submit.py:571} INFO - :- Project [src#142, dst#143, relationship#156, 1.0 AS weight#160]
[2025-05-07T02:26:31.754+0000] {spark_submit.py:571} INFO - :  +- Project [src#142, dst#143, share_m AS relationship#156]
[2025-05-07T02:26:31.754+0000] {spark_submit.py:571} INFO - :     +- Project [src#142, dst#143]
[2025-05-07T02:26:31.754+0000] {spark_submit.py:571} INFO - :        +- Filter isnotnull(merchant#114)
[2025-05-07T02:26:31.754+0000] {spark_submit.py:571} INFO - :           +- Project [client_id#15 AS src#142, concat(m:, merchant#114) AS dst#143, merchant#114]
[2025-05-07T02:26:31.754+0000] {spark_submit.py:571} INFO - :              +- Project [transaction_id#14, client_id#15, datetime#16, amount#17, currency#18, coalesce(merchant#19, cast(no_merchant as string)) AS merchant#114, transaction_type#20, category#21, country_code#22, region#23, coalesce(device_type#24, cast(unknown as string)) AS device_type#115, session_id#25, channel#26, transaction_purpose#27, ip_network#28, recipient_id_hash#29, dt_30#79]
[2025-05-07T02:26:31.755+0000] {spark_submit.py:571} INFO - :                 +- Project [transaction_id#14, client_id#15, datetime#16, amount#17, currency#18, merchant#19, transaction_type#20, category#21, country_code#22, region#23, device_type#24, session_id#25, channel#26, transaction_purpose#27, ip_network#28, recipient_id_hash#29, cast(date_trunc(minute, datetime#16, Some(Etc/UTC)) as timestamp) AS dt_30#79]
[2025-05-07T02:26:31.755+0000] {spark_submit.py:571} INFO - :                    +- Relation [transaction_id#14,client_id#15,datetime#16,amount#17,currency#18,merchant#19,transaction_type#20,category#21,country_code#22,region#23,device_type#24,session_id#25,channel#26,transaction_purpose#27,ip_network#28,recipient_id_hash#29] JDBCRelation(raw.masked_transactions) [numPartitions=1]
[2025-05-07T02:26:31.755+0000] {spark_submit.py:571} INFO - :- Project [src#165, dst#166, relationship#179, 0.5 AS weight#183]
[2025-05-07T02:26:31.755+0000] {spark_submit.py:571} INFO - :  +- Project [src#165, dst#166, share_sess AS relationship#179]
[2025-05-07T02:26:31.756+0000] {spark_submit.py:571} INFO - :     +- Project [src#165, dst#166]
[2025-05-07T02:26:31.756+0000] {spark_submit.py:571} INFO - :        +- Filter isnotnull(session_id#392)
[2025-05-07T02:26:31.756+0000] {spark_submit.py:571} INFO - :           +- Project [client_id#382 AS src#165, concat(sess:, session_id#392) AS dst#166, session_id#392]
[2025-05-07T02:26:31.756+0000] {spark_submit.py:571} INFO - :              +- Project [transaction_id#381, client_id#382, datetime#383, amount#384, currency#385, coalesce(merchant#386, cast(no_merchant as string)) AS merchant#114, transaction_type#387, category#388, country_code#389, region#390, coalesce(device_type#391, cast(unknown as string)) AS device_type#115, session_id#392, channel#393, transaction_purpose#394, ip_network#395, recipient_id_hash#396, dt_30#79]
[2025-05-07T02:26:31.756+0000] {spark_submit.py:571} INFO - :                 +- Project [transaction_id#381, client_id#382, datetime#383, amount#384, currency#385, merchant#386, transaction_type#387, category#388, country_code#389, region#390, device_type#391, session_id#392, channel#393, transaction_purpose#394, ip_network#395, recipient_id_hash#396, cast(date_trunc(minute, datetime#383, Some(Etc/UTC)) as timestamp) AS dt_30#79]
[2025-05-07T02:26:31.756+0000] {spark_submit.py:571} INFO - :                    +- Relation [transaction_id#381,client_id#382,datetime#383,amount#384,currency#385,merchant#386,transaction_type#387,category#388,country_code#389,region#390,device_type#391,session_id#392,channel#393,transaction_purpose#394,ip_network#395,recipient_id_hash#396] JDBCRelation(raw.masked_transactions) [numPartitions=1]
[2025-05-07T02:26:31.757+0000] {spark_submit.py:571} INFO - :- Project [src#188, dst#189, relationship#202, 0.7 AS weight#206]
[2025-05-07T02:26:31.757+0000] {spark_submit.py:571} INFO - :  +- Project [src#188, dst#189, share_ip AS relationship#202]
[2025-05-07T02:26:31.757+0000] {spark_submit.py:571} INFO - :     +- Project [src#188, dst#189]
[2025-05-07T02:26:31.757+0000] {spark_submit.py:571} INFO - :        +- Filter isnotnull(ip_network#415)
[2025-05-07T02:26:31.757+0000] {spark_submit.py:571} INFO - :           +- Project [client_id#402 AS src#188, concat(ip:, ip_network#415) AS dst#189, ip_network#415]
[2025-05-07T02:26:31.757+0000] {spark_submit.py:571} INFO - :              +- Project [transaction_id#401, client_id#402, datetime#403, amount#404, currency#405, coalesce(merchant#406, cast(no_merchant as string)) AS merchant#114, transaction_type#407, category#408, country_code#409, region#410, coalesce(device_type#411, cast(unknown as string)) AS device_type#115, session_id#412, channel#413, transaction_purpose#414, ip_network#415, recipient_id_hash#416, dt_30#79]
[2025-05-07T02:26:31.758+0000] {spark_submit.py:571} INFO - :                 +- Project [transaction_id#401, client_id#402, datetime#403, amount#404, currency#405, merchant#406, transaction_type#407, category#408, country_code#409, region#410, device_type#411, session_id#412, channel#413, transaction_purpose#414, ip_network#415, recipient_id_hash#416, cast(date_trunc(minute, datetime#403, Some(Etc/UTC)) as timestamp) AS dt_30#79]
[2025-05-07T02:26:31.758+0000] {spark_submit.py:571} INFO - :                    +- Relation [transaction_id#401,client_id#402,datetime#403,amount#404,currency#405,merchant#406,transaction_type#407,category#408,country_code#409,region#410,device_type#411,session_id#412,channel#413,transaction_purpose#414,ip_network#415,recipient_id_hash#416] JDBCRelation(raw.masked_transactions) [numPartitions=1]
[2025-05-07T02:26:31.758+0000] {spark_submit.py:571} INFO - :- Project [src#211, dst#212, relationship#225, 0.3 AS weight#229]
[2025-05-07T02:26:31.758+0000] {spark_submit.py:571} INFO - :  +- Project [src#211, dst#212, share_dev AS relationship#225]
[2025-05-07T02:26:31.759+0000] {spark_submit.py:571} INFO - :     +- Project [src#211, dst#212]
[2025-05-07T02:26:31.759+0000] {spark_submit.py:571} INFO - :        +- Filter isnotnull(device_type#115)
[2025-05-07T02:26:31.759+0000] {spark_submit.py:571} INFO - :           +- Project [client_id#422 AS src#211, concat(dev:, device_type#115) AS dst#212, device_type#115]
[2025-05-07T02:26:31.759+0000] {spark_submit.py:571} INFO - :              +- Project [transaction_id#421, client_id#422, datetime#423, amount#424, currency#425, coalesce(merchant#426, cast(no_merchant as string)) AS merchant#114, transaction_type#427, category#428, country_code#429, region#430, coalesce(device_type#431, cast(unknown as string)) AS device_type#115, session_id#432, channel#433, transaction_purpose#434, ip_network#435, recipient_id_hash#436, dt_30#79]
[2025-05-07T02:26:31.759+0000] {spark_submit.py:571} INFO - :                 +- Project [transaction_id#421, client_id#422, datetime#423, amount#424, currency#425, merchant#426, transaction_type#427, category#428, country_code#429, region#430, device_type#431, session_id#432, channel#433, transaction_purpose#434, ip_network#435, recipient_id_hash#436, cast(date_trunc(minute, datetime#423, Some(Etc/UTC)) as timestamp) AS dt_30#79]
[2025-05-07T02:26:31.759+0000] {spark_submit.py:571} INFO - :                    +- Relation [transaction_id#421,client_id#422,datetime#423,amount#424,currency#425,merchant#426,transaction_type#427,category#428,country_code#429,region#430,device_type#431,session_id#432,channel#433,transaction_purpose#434,ip_network#435,recipient_id_hash#436] JDBCRelation(raw.masked_transactions) [numPartitions=1]
[2025-05-07T02:26:31.759+0000] {spark_submit.py:571} INFO - :- Project [src#234, dst#235, relationship#248, 0.2 AS weight#252]
[2025-05-07T02:26:31.759+0000] {spark_submit.py:571} INFO - :  +- Project [src#234, dst#235, share_reg AS relationship#248]
[2025-05-07T02:26:31.760+0000] {spark_submit.py:571} INFO - :     +- Project [src#234, dst#235]
[2025-05-07T02:26:31.760+0000] {spark_submit.py:571} INFO - :        +- Filter isnotnull(region#450)
[2025-05-07T02:26:31.760+0000] {spark_submit.py:571} INFO - :           +- Project [client_id#442 AS src#234, concat(reg:, region#450) AS dst#235, region#450]
[2025-05-07T02:26:31.760+0000] {spark_submit.py:571} INFO - :              +- Project [transaction_id#441, client_id#442, datetime#443, amount#444, currency#445, coalesce(merchant#446, cast(no_merchant as string)) AS merchant#114, transaction_type#447, category#448, country_code#449, region#450, coalesce(device_type#451, cast(unknown as string)) AS device_type#115, session_id#452, channel#453, transaction_purpose#454, ip_network#455, recipient_id_hash#456, dt_30#79]
[2025-05-07T02:26:31.760+0000] {spark_submit.py:571} INFO - :                 +- Project [transaction_id#441, client_id#442, datetime#443, amount#444, currency#445, merchant#446, transaction_type#447, category#448, country_code#449, region#450, device_type#451, session_id#452, channel#453, transaction_purpose#454, ip_network#455, recipient_id_hash#456, cast(date_trunc(minute, datetime#443, Some(Etc/UTC)) as timestamp) AS dt_30#79]
[2025-05-07T02:26:31.761+0000] {spark_submit.py:571} INFO - :                    +- Relation [transaction_id#441,client_id#442,datetime#443,amount#444,currency#445,merchant#446,transaction_type#447,category#448,country_code#449,region#450,device_type#451,session_id#452,channel#453,transaction_purpose#454,ip_network#455,recipient_id_hash#456] JDBCRelation(raw.masked_transactions) [numPartitions=1]
[2025-05-07T02:26:31.761+0000] {spark_submit.py:571} INFO - +- Project [src#257, dst#258, transaction_type#467, relationship#272, CASE WHEN (transaction_type#467 = withdrawal) THEN 0.8 ELSE 0.6 END AS weight#277]
[2025-05-07T02:26:31.761+0000] {spark_submit.py:571} INFO - +- Project [src#257, dst#258, transaction_type#467, (cast(transaction_type#467 as double) + cast(_atm as double)) AS relationship#272]
[2025-05-07T02:26:31.761+0000] {spark_submit.py:571} INFO - +- Project [client_id#462 AS src#257, concat(atm:, region#470, :, cast(dt_30#79 as string)) AS dst#258, transaction_type#467]
[2025-05-07T02:26:31.761+0000] {spark_submit.py:571} INFO - +- Filter transaction_type#467 IN (withdrawal,deposit)
[2025-05-07T02:26:31.761+0000] {spark_submit.py:571} INFO - +- Project [transaction_id#461, client_id#462, datetime#463, amount#464, currency#465, coalesce(merchant#466, cast(no_merchant as string)) AS merchant#114, transaction_type#467, category#468, country_code#469, region#470, coalesce(device_type#471, cast(unknown as string)) AS device_type#115, session_id#472, channel#473, transaction_purpose#474, ip_network#475, recipient_id_hash#476, dt_30#79]
[2025-05-07T02:26:31.761+0000] {spark_submit.py:571} INFO - +- Project [transaction_id#461, client_id#462, datetime#463, amount#464, currency#465, merchant#466, transaction_type#467, category#468, country_code#469, region#470, device_type#471, session_id#472, channel#473, transaction_purpose#474, ip_network#475, recipient_id_hash#476, cast(date_trunc(minute, datetime#463, Some(Etc/UTC)) as timestamp) AS dt_30#79]
[2025-05-07T02:26:31.762+0000] {spark_submit.py:571} INFO - +- Relation [transaction_id#461,client_id#462,datetime#463,amount#464,currency#465,merchant#466,transaction_type#467,category#468,country_code#469,region#470,device_type#471,session_id#472,channel#473,transaction_purpose#474,ip_network#475,recipient_id_hash#476] JDBCRelation(raw.masked_transactions) [numPartitions=1]
[2025-05-07T02:26:31.762+0000] {spark_submit.py:571} INFO - 
[2025-05-07T02:26:31.762+0000] {spark_submit.py:571} INFO - 25/05/07 02:26:31 INFO SparkUI: Stopped Spark web UI at http://5c5d1775d94e:4040
[2025-05-07T02:26:31.765+0000] {spark_submit.py:571} INFO - 25/05/07 02:26:31 INFO StandaloneSchedulerBackend: Shutting down all executors
[2025-05-07T02:26:31.766+0000] {spark_submit.py:571} INFO - 25/05/07 02:26:31 INFO CoarseGrainedSchedulerBackend$DriverEndpoint: Asking each executor to shut down
[2025-05-07T02:26:31.788+0000] {spark_submit.py:571} INFO - 25/05/07 02:26:31 INFO MapOutputTrackerMasterEndpoint: MapOutputTrackerMasterEndpoint stopped!
[2025-05-07T02:26:31.807+0000] {spark_submit.py:571} INFO - 25/05/07 02:26:31 INFO MemoryStore: MemoryStore cleared
[2025-05-07T02:26:31.808+0000] {spark_submit.py:571} INFO - 25/05/07 02:26:31 INFO BlockManager: BlockManager stopped
[2025-05-07T02:26:31.810+0000] {spark_submit.py:571} INFO - 25/05/07 02:26:31 INFO BlockManagerMaster: BlockManagerMaster stopped
[2025-05-07T02:26:31.812+0000] {spark_submit.py:571} INFO - 25/05/07 02:26:31 INFO OutputCommitCoordinator$OutputCommitCoordinatorEndpoint: OutputCommitCoordinator stopped!
[2025-05-07T02:26:31.818+0000] {spark_submit.py:571} INFO - 25/05/07 02:26:31 INFO SparkContext: Successfully stopped SparkContext
[2025-05-07T02:26:32.247+0000] {spark_submit.py:571} INFO - 2025-05-07 02:26:32,247 [INFO] SparkSession остановлена
[2025-05-07T02:26:32.248+0000] {spark_submit.py:571} INFO - Traceback (most recent call last):
[2025-05-07T02:26:32.248+0000] {spark_submit.py:571} INFO - File "/opt/airflow/spark/build_graph.py", line 215, in <module>
[2025-05-07T02:26:32.248+0000] {spark_submit.py:571} INFO - main()
[2025-05-07T02:26:32.248+0000] {spark_submit.py:571} INFO - File "/opt/airflow/spark/build_graph.py", line 118, in main
[2025-05-07T02:26:32.248+0000] {spark_submit.py:571} INFO - bipartite_edges = bipartite_edges.union(he)
[2025-05-07T02:26:32.249+0000] {spark_submit.py:571} INFO - File "/opt/spark/python/lib/pyspark.zip/pyspark/sql/dataframe.py", line 1844, in union
[2025-05-07T02:26:32.251+0000] {spark_submit.py:571} INFO - File "/opt/spark/python/lib/py4j-0.10.9.5-src.zip/py4j/java_gateway.py", line 1321, in __call__
[2025-05-07T02:26:32.252+0000] {spark_submit.py:571} INFO - File "/opt/spark/python/lib/pyspark.zip/pyspark/sql/utils.py", line 117, in deco
[2025-05-07T02:26:32.256+0000] {spark_submit.py:571} INFO - pyspark.sql.utils.AnalysisException: Union can only be performed on tables with the same number of columns, but the first table has 4 columns and the 6th table has 5 columns;
[2025-05-07T02:26:32.256+0000] {spark_submit.py:571} INFO - 'Union false, false
[2025-05-07T02:26:32.256+0000] {spark_submit.py:571} INFO - :- Project [src#142, dst#143, relationship#156, 1.0 AS weight#160]
[2025-05-07T02:26:32.256+0000] {spark_submit.py:571} INFO - :  +- Project [src#142, dst#143, share_m AS relationship#156]
[2025-05-07T02:26:32.256+0000] {spark_submit.py:571} INFO - :     +- Project [src#142, dst#143]
[2025-05-07T02:26:32.257+0000] {spark_submit.py:571} INFO - :        +- Filter isnotnull(merchant#114)
[2025-05-07T02:26:32.257+0000] {spark_submit.py:571} INFO - :           +- Project [client_id#15 AS src#142, concat(m:, merchant#114) AS dst#143, merchant#114]
[2025-05-07T02:26:32.257+0000] {spark_submit.py:571} INFO - :              +- Project [transaction_id#14, client_id#15, datetime#16, amount#17, currency#18, coalesce(merchant#19, cast(no_merchant as string)) AS merchant#114, transaction_type#20, category#21, country_code#22, region#23, coalesce(device_type#24, cast(unknown as string)) AS device_type#115, session_id#25, channel#26, transaction_purpose#27, ip_network#28, recipient_id_hash#29, dt_30#79]
[2025-05-07T02:26:32.257+0000] {spark_submit.py:571} INFO - :                 +- Project [transaction_id#14, client_id#15, datetime#16, amount#17, currency#18, merchant#19, transaction_type#20, category#21, country_code#22, region#23, device_type#24, session_id#25, channel#26, transaction_purpose#27, ip_network#28, recipient_id_hash#29, cast(date_trunc(minute, datetime#16, Some(Etc/UTC)) as timestamp) AS dt_30#79]
[2025-05-07T02:26:32.257+0000] {spark_submit.py:571} INFO - :                    +- Relation [transaction_id#14,client_id#15,datetime#16,amount#17,currency#18,merchant#19,transaction_type#20,category#21,country_code#22,region#23,device_type#24,session_id#25,channel#26,transaction_purpose#27,ip_network#28,recipient_id_hash#29] JDBCRelation(raw.masked_transactions) [numPartitions=1]
[2025-05-07T02:26:32.257+0000] {spark_submit.py:571} INFO - :- Project [src#165, dst#166, relationship#179, 0.5 AS weight#183]
[2025-05-07T02:26:32.257+0000] {spark_submit.py:571} INFO - :  +- Project [src#165, dst#166, share_sess AS relationship#179]
[2025-05-07T02:26:32.257+0000] {spark_submit.py:571} INFO - :     +- Project [src#165, dst#166]
[2025-05-07T02:26:32.258+0000] {spark_submit.py:571} INFO - :        +- Filter isnotnull(session_id#392)
[2025-05-07T02:26:32.258+0000] {spark_submit.py:571} INFO - :           +- Project [client_id#382 AS src#165, concat(sess:, session_id#392) AS dst#166, session_id#392]
[2025-05-07T02:26:32.258+0000] {spark_submit.py:571} INFO - :              +- Project [transaction_id#381, client_id#382, datetime#383, amount#384, currency#385, coalesce(merchant#386, cast(no_merchant as string)) AS merchant#114, transaction_type#387, category#388, country_code#389, region#390, coalesce(device_type#391, cast(unknown as string)) AS device_type#115, session_id#392, channel#393, transaction_purpose#394, ip_network#395, recipient_id_hash#396, dt_30#79]
[2025-05-07T02:26:32.258+0000] {spark_submit.py:571} INFO - :                 +- Project [transaction_id#381, client_id#382, datetime#383, amount#384, currency#385, merchant#386, transaction_type#387, category#388, country_code#389, region#390, device_type#391, session_id#392, channel#393, transaction_purpose#394, ip_network#395, recipient_id_hash#396, cast(date_trunc(minute, datetime#383, Some(Etc/UTC)) as timestamp) AS dt_30#79]
[2025-05-07T02:26:32.258+0000] {spark_submit.py:571} INFO - :                    +- Relation [transaction_id#381,client_id#382,datetime#383,amount#384,currency#385,merchant#386,transaction_type#387,category#388,country_code#389,region#390,device_type#391,session_id#392,channel#393,transaction_purpose#394,ip_network#395,recipient_id_hash#396] JDBCRelation(raw.masked_transactions) [numPartitions=1]
[2025-05-07T02:26:32.258+0000] {spark_submit.py:571} INFO - :- Project [src#188, dst#189, relationship#202, 0.7 AS weight#206]
[2025-05-07T02:26:32.258+0000] {spark_submit.py:571} INFO - :  +- Project [src#188, dst#189, share_ip AS relationship#202]
[2025-05-07T02:26:32.259+0000] {spark_submit.py:571} INFO - :     +- Project [src#188, dst#189]
[2025-05-07T02:26:32.259+0000] {spark_submit.py:571} INFO - :        +- Filter isnotnull(ip_network#415)
[2025-05-07T02:26:32.259+0000] {spark_submit.py:571} INFO - :           +- Project [client_id#402 AS src#188, concat(ip:, ip_network#415) AS dst#189, ip_network#415]
[2025-05-07T02:26:32.259+0000] {spark_submit.py:571} INFO - :              +- Project [transaction_id#401, client_id#402, datetime#403, amount#404, currency#405, coalesce(merchant#406, cast(no_merchant as string)) AS merchant#114, transaction_type#407, category#408, country_code#409, region#410, coalesce(device_type#411, cast(unknown as string)) AS device_type#115, session_id#412, channel#413, transaction_purpose#414, ip_network#415, recipient_id_hash#416, dt_30#79]
[2025-05-07T02:26:32.259+0000] {spark_submit.py:571} INFO - :                 +- Project [transaction_id#401, client_id#402, datetime#403, amount#404, currency#405, merchant#406, transaction_type#407, category#408, country_code#409, region#410, device_type#411, session_id#412, channel#413, transaction_purpose#414, ip_network#415, recipient_id_hash#416, cast(date_trunc(minute, datetime#403, Some(Etc/UTC)) as timestamp) AS dt_30#79]
[2025-05-07T02:26:32.259+0000] {spark_submit.py:571} INFO - :                    +- Relation [transaction_id#401,client_id#402,datetime#403,amount#404,currency#405,merchant#406,transaction_type#407,category#408,country_code#409,region#410,device_type#411,session_id#412,channel#413,transaction_purpose#414,ip_network#415,recipient_id_hash#416] JDBCRelation(raw.masked_transactions) [numPartitions=1]
[2025-05-07T02:26:32.259+0000] {spark_submit.py:571} INFO - :- Project [src#211, dst#212, relationship#225, 0.3 AS weight#229]
[2025-05-07T02:26:32.259+0000] {spark_submit.py:571} INFO - :  +- Project [src#211, dst#212, share_dev AS relationship#225]
[2025-05-07T02:26:32.260+0000] {spark_submit.py:571} INFO - :     +- Project [src#211, dst#212]
[2025-05-07T02:26:32.260+0000] {spark_submit.py:571} INFO - :        +- Filter isnotnull(device_type#115)
[2025-05-07T02:26:32.260+0000] {spark_submit.py:571} INFO - :           +- Project [client_id#422 AS src#211, concat(dev:, device_type#115) AS dst#212, device_type#115]
[2025-05-07T02:26:32.260+0000] {spark_submit.py:571} INFO - :              +- Project [transaction_id#421, client_id#422, datetime#423, amount#424, currency#425, coalesce(merchant#426, cast(no_merchant as string)) AS merchant#114, transaction_type#427, category#428, country_code#429, region#430, coalesce(device_type#431, cast(unknown as string)) AS device_type#115, session_id#432, channel#433, transaction_purpose#434, ip_network#435, recipient_id_hash#436, dt_30#79]
[2025-05-07T02:26:32.260+0000] {spark_submit.py:571} INFO - :                 +- Project [transaction_id#421, client_id#422, datetime#423, amount#424, currency#425, merchant#426, transaction_type#427, category#428, country_code#429, region#430, device_type#431, session_id#432, channel#433, transaction_purpose#434, ip_network#435, recipient_id_hash#436, cast(date_trunc(minute, datetime#423, Some(Etc/UTC)) as timestamp) AS dt_30#79]
[2025-05-07T02:26:32.260+0000] {spark_submit.py:571} INFO - :                    +- Relation [transaction_id#421,client_id#422,datetime#423,amount#424,currency#425,merchant#426,transaction_type#427,category#428,country_code#429,region#430,device_type#431,session_id#432,channel#433,transaction_purpose#434,ip_network#435,recipient_id_hash#436] JDBCRelation(raw.masked_transactions) [numPartitions=1]
[2025-05-07T02:26:32.260+0000] {spark_submit.py:571} INFO - :- Project [src#234, dst#235, relationship#248, 0.2 AS weight#252]
[2025-05-07T02:26:32.261+0000] {spark_submit.py:571} INFO - :  +- Project [src#234, dst#235, share_reg AS relationship#248]
[2025-05-07T02:26:32.261+0000] {spark_submit.py:571} INFO - :     +- Project [src#234, dst#235]
[2025-05-07T02:26:32.261+0000] {spark_submit.py:571} INFO - :        +- Filter isnotnull(region#450)
[2025-05-07T02:26:32.261+0000] {spark_submit.py:571} INFO - :           +- Project [client_id#442 AS src#234, concat(reg:, region#450) AS dst#235, region#450]
[2025-05-07T02:26:32.261+0000] {spark_submit.py:571} INFO - :              +- Project [transaction_id#441, client_id#442, datetime#443, amount#444, currency#445, coalesce(merchant#446, cast(no_merchant as string)) AS merchant#114, transaction_type#447, category#448, country_code#449, region#450, coalesce(device_type#451, cast(unknown as string)) AS device_type#115, session_id#452, channel#453, transaction_purpose#454, ip_network#455, recipient_id_hash#456, dt_30#79]
[2025-05-07T02:26:32.261+0000] {spark_submit.py:571} INFO - :                 +- Project [transaction_id#441, client_id#442, datetime#443, amount#444, currency#445, merchant#446, transaction_type#447, category#448, country_code#449, region#450, device_type#451, session_id#452, channel#453, transaction_purpose#454, ip_network#455, recipient_id_hash#456, cast(date_trunc(minute, datetime#443, Some(Etc/UTC)) as timestamp) AS dt_30#79]
[2025-05-07T02:26:32.261+0000] {spark_submit.py:571} INFO - :                    +- Relation [transaction_id#441,client_id#442,datetime#443,amount#444,currency#445,merchant#446,transaction_type#447,category#448,country_code#449,region#450,device_type#451,session_id#452,channel#453,transaction_purpose#454,ip_network#455,recipient_id_hash#456] JDBCRelation(raw.masked_transactions) [numPartitions=1]
[2025-05-07T02:26:32.262+0000] {spark_submit.py:571} INFO - +- Project [src#257, dst#258, transaction_type#467, relationship#272, CASE WHEN (transaction_type#467 = withdrawal) THEN 0.8 ELSE 0.6 END AS weight#277]
[2025-05-07T02:26:32.262+0000] {spark_submit.py:571} INFO - +- Project [src#257, dst#258, transaction_type#467, (cast(transaction_type#467 as double) + cast(_atm as double)) AS relationship#272]
[2025-05-07T02:26:32.262+0000] {spark_submit.py:571} INFO - +- Project [client_id#462 AS src#257, concat(atm:, region#470, :, cast(dt_30#79 as string)) AS dst#258, transaction_type#467]
[2025-05-07T02:26:32.262+0000] {spark_submit.py:571} INFO - +- Filter transaction_type#467 IN (withdrawal,deposit)
[2025-05-07T02:26:32.262+0000] {spark_submit.py:571} INFO - +- Project [transaction_id#461, client_id#462, datetime#463, amount#464, currency#465, coalesce(merchant#466, cast(no_merchant as string)) AS merchant#114, transaction_type#467, category#468, country_code#469, region#470, coalesce(device_type#471, cast(unknown as string)) AS device_type#115, session_id#472, channel#473, transaction_purpose#474, ip_network#475, recipient_id_hash#476, dt_30#79]
[2025-05-07T02:26:32.262+0000] {spark_submit.py:571} INFO - +- Project [transaction_id#461, client_id#462, datetime#463, amount#464, currency#465, merchant#466, transaction_type#467, category#468, country_code#469, region#470, device_type#471, session_id#472, channel#473, transaction_purpose#474, ip_network#475, recipient_id_hash#476, cast(date_trunc(minute, datetime#463, Some(Etc/UTC)) as timestamp) AS dt_30#79]
[2025-05-07T02:26:32.262+0000] {spark_submit.py:571} INFO - +- Relation [transaction_id#461,client_id#462,datetime#463,amount#464,currency#465,merchant#466,transaction_type#467,category#468,country_code#469,region#470,device_type#471,session_id#472,channel#473,transaction_purpose#474,ip_network#475,recipient_id_hash#476] JDBCRelation(raw.masked_transactions) [numPartitions=1]
[2025-05-07T02:26:32.262+0000] {spark_submit.py:571} INFO - 
[2025-05-07T02:26:32.323+0000] {spark_submit.py:571} INFO - 25/05/07 02:26:32 INFO ShutdownHookManager: Shutdown hook called
[2025-05-07T02:26:32.323+0000] {spark_submit.py:571} INFO - 25/05/07 02:26:32 INFO ShutdownHookManager: Deleting directory /tmp/spark-ce8c28c4-840a-4eae-a142-fe4351b1c778
[2025-05-07T02:26:32.325+0000] {spark_submit.py:571} INFO - 25/05/07 02:26:32 INFO ShutdownHookManager: Deleting directory /tmp/spark-6ecf554b-449b-4e3b-be40-8ac5e32636e7
[2025-05-07T02:26:32.328+0000] {spark_submit.py:571} INFO - 25/05/07 02:26:32 INFO ShutdownHookManager: Deleting directory /tmp/spark-6ecf554b-449b-4e3b-be40-8ac5e32636e7/pyspark-8d1ddd2e-ca32-4dfc-8ceb-ee06018e3a5a
[2025-05-07T02:26:32.397+0000] {taskinstance.py:1824} ERROR - Task failed with exception
Traceback (most recent call last):
  File "/home/airflow/.local/lib/python3.8/site-packages/airflow/providers/apache/spark/operators/spark_submit.py", line 174, in execute
    self._hook.submit(self.application)
  File "/home/airflow/.local/lib/python3.8/site-packages/airflow/providers/apache/spark/hooks/spark_submit.py", line 502, in submit
    raise AirflowException(
airflow.exceptions.AirflowException: Cannot execute: spark-submit --master spark://spark-master:7077 --conf spark.driver.maxResultSize=512m --conf spark.sql.shuffle.partitions=10 --packages org.postgresql:postgresql:42.6.0,graphframes:graphframes:0.8.2-spark3.2-s_2.12 --executor-cores 1 --executor-memory 1g --driver-memory 1g --name arrow-spark --verbose /opt/airflow/spark/build_graph.py --jdbc jdbc:postgresql://postgres:5432/finbest --user finbest --password ******. Error code is: 1.
[2025-05-07T02:26:32.400+0000] {taskinstance.py:1345} INFO - Marking task as UP_FOR_RETRY. dag_id=graph_analysis, task_id=build_graph, execution_date=20250507T022602, start_date=20250507T022609, end_date=20250507T022632
[2025-05-07T02:26:32.410+0000] {standard_task_runner.py:104} ERROR - Failed to execute job 239 for task build_graph (Cannot execute: spark-submit --master spark://spark-master:7077 --conf spark.driver.maxResultSize=512m --conf spark.sql.shuffle.partitions=10 --packages org.postgresql:postgresql:42.6.0,graphframes:graphframes:0.8.2-spark3.2-s_2.12 --executor-cores 1 --executor-memory 1g --driver-memory 1g --name arrow-spark --verbose /opt/airflow/spark/build_graph.py --jdbc jdbc:postgresql://postgres:5432/finbest --user finbest --password ******. Error code is: 1.; 4515)
[2025-05-07T02:26:32.434+0000] {local_task_job_runner.py:225} INFO - Task exited with return code 1
[2025-05-07T02:26:32.459+0000] {taskinstance.py:2653} INFO - 0 downstream tasks scheduled from follow-on schedule check
